[ 20%] Automatic MOC and UIC for target agv_gui
[ 20%] Built target agv_gui_autogen
Scanning dependencies of target agv_gui
[ 40%] Building CXX object CMakeFiles/agv_gui.dir/src/mtr_node.cpp.o
[ 60%] Building CXX object CMakeFiles/agv_gui.dir/src/main_gui.cpp.o
[ 80%] Linking CXX executable agv_gui
/usr/bin/ld: CMakeFiles/agv_gui.dir/src/main_gui.cpp.o: in function `MotorSub::changedTemp(QString const&)':
/home/amr_1/agv_gui/build/agv_gui/agv_gui_autogen/include/mtr_node.moc:130: multiple definition of `MotorSub::changedTemp(QString const&)'; CMakeFiles/agv_gui.dir/src/mtr_node.cpp.o:/home/amr_1/agv_gui/build/agv_gui/agv_gui_autogen/include/mtr_node.moc:130: first defined here
/usr/bin/ld: CMakeFiles/agv_gui.dir/src/main_gui.cpp.o: in function `MotorSub::qt_static_metacall(QObject*, QMetaObject::Call, int, void**)':
/home/amr_1/agv_gui/build/agv_gui/agv_gui_autogen/include/mtr_node.moc:66: multiple definition of `MotorSub::qt_static_metacall(QObject*, QMetaObject::Call, int, void**)'; CMakeFiles/agv_gui.dir/src/mtr_node.cpp.o:/home/amr_1/agv_gui/build/agv_gui/agv_gui_autogen/include/mtr_node.moc:66: first defined here
/usr/bin/ld: CMakeFiles/agv_gui.dir/src/main_gui.cpp.o:(.data.rel.ro+0x8): multiple definition of `MotorSub::staticMetaObject'; CMakeFiles/agv_gui.dir/src/mtr_node.cpp.o:(.data.rel.ro+0x8): first defined here
/usr/bin/ld: CMakeFiles/agv_gui.dir/src/main_gui.cpp.o: in function `MotorSub::metaObject() const':
/home/amr_1/agv_gui/build/agv_gui/agv_gui_autogen/include/mtr_node.moc:97: multiple definition of `MotorSub::metaObject() const'; CMakeFiles/agv_gui.dir/src/mtr_node.cpp.o:/home/amr_1/agv_gui/build/agv_gui/agv_gui_autogen/include/mtr_node.moc:97: first defined here
/usr/bin/ld: CMakeFiles/agv_gui.dir/src/main_gui.cpp.o: in function `MotorSub::qt_metacast(char const*)':
/home/amr_1/agv_gui/build/agv_gui/agv_gui_autogen/include/mtr_node.moc:102: multiple definition of `MotorSub::qt_metacast(char const*)'; CMakeFiles/agv_gui.dir/src/mtr_node.cpp.o:/home/amr_1/agv_gui/build/agv_gui/agv_gui_autogen/include/mtr_node.moc:102: first defined here
/usr/bin/ld: CMakeFiles/agv_gui.dir/src/main_gui.cpp.o: in function `MotorSub::qt_metacall(QMetaObject::Call, int, void**)':
/home/amr_1/agv_gui/build/agv_gui/agv_gui_autogen/include/mtr_node.moc:112: multiple definition of `MotorSub::qt_metacall(QMetaObject::Call, int, void**)'; CMakeFiles/agv_gui.dir/src/mtr_node.cpp.o:/home/amr_1/agv_gui/build/agv_gui/agv_gui_autogen/include/mtr_node.moc:112: first defined here
collect2: error: ld returned 1 exit status
make[2]: *** [CMakeFiles/agv_gui.dir/build.make:258: agv_gui] Error 1
make[1]: *** [CMakeFiles/Makefile2:79: CMakeFiles/agv_gui.dir/all] Error 2
make: *** [Makefile:141: all] Error 2
