[0.096s] Invoking command in '/home/amr_1/agv_gui/build/agv_gui': CMAKE_PREFIX_PATH=${CMAKE_PREFIX_PATH}:/opt/ros/foxy /usr/bin/cmake --build /home/amr_1/agv_gui/build/agv_gui -- -j6 -l6
[0.379s] [ 20%] Automatic MOC and UIC for target agv_gui
[1.375s] [ 20%] Built target agv_gui_autogen
[1.665s] Scanning dependencies of target agv_gui
[1.762s] [ 40%] Building CXX object CMakeFiles/agv_gui.dir/src/mtr_node.cpp.o
[1.766s] [ 60%] Building CXX object CMakeFiles/agv_gui.dir/src/main_gui.cpp.o
[31.542s] [ 80%] Linking CXX executable agv_gui
[36.321s] /usr/bin/ld: CMakeFiles/agv_gui.dir/src/main_gui.cpp.o: in function `MotorSub::changedTemp(QString const&)':
[36.323s] /home/amr_1/agv_gui/build/agv_gui/agv_gui_autogen/include/mtr_node.moc:130: multiple definition of `MotorSub::changedTemp(QString const&)'; CMakeFiles/agv_gui.dir/src/mtr_node.cpp.o:/home/amr_1/agv_gui/build/agv_gui/agv_gui_autogen/include/mtr_node.moc:130: first defined here
[36.323s] /usr/bin/ld: CMakeFiles/agv_gui.dir/src/main_gui.cpp.o: in function `MotorSub::qt_static_metacall(QObject*, QMetaObject::Call, int, void**)':
[36.324s] /home/amr_1/agv_gui/build/agv_gui/agv_gui_autogen/include/mtr_node.moc:66: multiple definition of `MotorSub::qt_static_metacall(QObject*, QMetaObject::Call, int, void**)'; CMakeFiles/agv_gui.dir/src/mtr_node.cpp.o:/home/amr_1/agv_gui/build/agv_gui/agv_gui_autogen/include/mtr_node.moc:66: first defined here
[36.324s] /usr/bin/ld: CMakeFiles/agv_gui.dir/src/main_gui.cpp.o:(.data.rel.ro+0x8): multiple definition of `MotorSub::staticMetaObject'; CMakeFiles/agv_gui.dir/src/mtr_node.cpp.o:(.data.rel.ro+0x8): first defined here
[36.325s] /usr/bin/ld: CMakeFiles/agv_gui.dir/src/main_gui.cpp.o: in function `MotorSub::metaObject() const':
[36.326s] /home/amr_1/agv_gui/build/agv_gui/agv_gui_autogen/include/mtr_node.moc:97: multiple definition of `MotorSub::metaObject() const'; CMakeFiles/agv_gui.dir/src/mtr_node.cpp.o:/home/amr_1/agv_gui/build/agv_gui/agv_gui_autogen/include/mtr_node.moc:97: first defined here
[36.326s] /usr/bin/ld: CMakeFiles/agv_gui.dir/src/main_gui.cpp.o: in function `MotorSub::qt_metacast(char const*)':
[36.327s] /home/amr_1/agv_gui/build/agv_gui/agv_gui_autogen/include/mtr_node.moc:102: multiple definition of `MotorSub::qt_metacast(char const*)'; CMakeFiles/agv_gui.dir/src/mtr_node.cpp.o:/home/amr_1/agv_gui/build/agv_gui/agv_gui_autogen/include/mtr_node.moc:102: first defined here
[36.327s] /usr/bin/ld: CMakeFiles/agv_gui.dir/src/main_gui.cpp.o: in function `MotorSub::qt_metacall(QMetaObject::Call, int, void**)':
[36.328s] /home/amr_1/agv_gui/build/agv_gui/agv_gui_autogen/include/mtr_node.moc:112: multiple definition of `MotorSub::qt_metacall(QMetaObject::Call, int, void**)'; CMakeFiles/agv_gui.dir/src/mtr_node.cpp.o:/home/amr_1/agv_gui/build/agv_gui/agv_gui_autogen/include/mtr_node.moc:112: first defined here
[36.328s] collect2: error: ld returned 1 exit status
[36.332s] make[2]: *** [CMakeFiles/agv_gui.dir/build.make:258: agv_gui] Error 1
[36.334s] make[1]: *** [CMakeFiles/Makefile2:79: CMakeFiles/agv_gui.dir/all] Error 2
[36.335s] make: *** [Makefile:141: all] Error 2
[36.346s] Invoked command in '/home/amr_1/agv_gui/build/agv_gui' returned '2': CMAKE_PREFIX_PATH=${CMAKE_PREFIX_PATH}:/opt/ros/foxy /usr/bin/cmake --build /home/amr_1/agv_gui/build/agv_gui -- -j6 -l6
