[8.257s] DEBUG:colcon:Command line arguments: ['/usr/bin/colcon', 'build']
[8.257s] DEBUG:colcon:Parsed command line arguments: Namespace(allow_overriding=[], ament_cmake_args=None, base_paths=['.'], build_base='build', catkin_cmake_args=None, catkin_skip_building_tests=False, cmake_args=None, cmake_clean_cache=False, cmake_clean_first=False, cmake_force_configure=False, cmake_target=None, cmake_target_skip_unavailable=False, continue_on_error=False, event_handlers=None, executor='parallel', ignore_user_meta=False, install_base='install', log_base=None, log_level=None, main=<bound method BuildVerb.main of <colcon_core.verb.build.BuildVerb object at 0xffff9eea1bb0>>, merge_install=False, metas=['./colcon.meta'], packages_above=None, packages_above_and_dependencies=None, packages_above_depth=None, packages_end=None, packages_ignore=None, packages_ignore_regex=None, packages_select=None, packages_select_build_failed=False, packages_select_by_dep=None, packages_select_regex=None, packages_select_test_failures=False, packages_skip=None, packages_skip_build_finished=False, packages_skip_by_dep=None, packages_skip_regex=None, packages_skip_test_passed=False, packages_skip_up_to=None, packages_start=None, packages_up_to=None, packages_up_to_regex=None, parallel_workers=4, paths=None, symlink_install=False, test_result_base=None, verb_extension=<colcon_core.verb.build.BuildVerb object at 0xffff9eea1bb0>, verb_name='build', verb_parser=<colcon_defaults.argument_parser.defaults.DefaultArgumentsDecorator object at 0xffff9eeaf400>)
[8.624s] Level 1:colcon.colcon_core.package_discovery:discover_packages(colcon_meta) check parameters
[8.624s] Level 1:colcon.colcon_core.package_discovery:discover_packages(recursive) check parameters
[8.624s] Level 1:colcon.colcon_core.package_discovery:discover_packages(ignore) check parameters
[8.624s] Level 1:colcon.colcon_core.package_discovery:discover_packages(path) check parameters
[8.625s] Level 1:colcon.colcon_core.package_discovery:discover_packages(colcon_meta) discover
[8.625s] Level 1:colcon.colcon_core.package_discovery:discover_packages(recursive) discover
[8.625s] INFO:colcon.colcon_core.package_discovery:Crawling recursively for packages in '/home/colin/agv_gui'
[8.626s] Level 1:colcon.colcon_core.package_identification:_identify(.) by extensions ['ignore', 'ignore_ament_install']
[8.626s] Level 1:colcon.colcon_core.package_identification:_identify(.) by extension 'ignore'
[8.626s] Level 1:colcon.colcon_core.package_identification:_identify(.) by extension 'ignore_ament_install'
[8.626s] Level 1:colcon.colcon_core.package_identification:_identify(.) by extensions ['colcon_pkg']
[8.627s] Level 1:colcon.colcon_core.package_identification:_identify(.) by extension 'colcon_pkg'
[8.627s] Level 1:colcon.colcon_core.package_identification:_identify(.) by extensions ['colcon_meta']
[8.627s] Level 1:colcon.colcon_core.package_identification:_identify(.) by extension 'colcon_meta'
[8.627s] Level 1:colcon.colcon_core.package_identification:_identify(.) by extensions ['ros']
[8.627s] Level 1:colcon.colcon_core.package_identification:_identify(.) by extension 'ros'
[8.701s] Level 1:colcon.colcon_core.package_identification:_identify(.) by extensions ['cmake', 'python']
[8.701s] Level 1:colcon.colcon_core.package_identification:_identify(.) by extension 'cmake'
[8.701s] Level 1:colcon.colcon_core.package_identification:_identify(.) by extension 'python'
[8.702s] Level 1:colcon.colcon_core.package_identification:_identify(.) by extensions ['python_setup_py']
[8.702s] Level 1:colcon.colcon_core.package_identification:_identify(.) by extension 'python_setup_py'
[8.702s] Level 1:colcon.colcon_core.package_identification:_identify(build) by extensions ['ignore', 'ignore_ament_install']
[8.703s] Level 1:colcon.colcon_core.package_identification:_identify(build) by extension 'ignore'
[8.703s] Level 1:colcon.colcon_core.package_identification:_identify(build) ignored
[8.703s] Level 1:colcon.colcon_core.package_identification:_identify(devel) by extensions ['ignore', 'ignore_ament_install']
[8.704s] Level 1:colcon.colcon_core.package_identification:_identify(devel) by extension 'ignore'
[8.704s] Level 1:colcon.colcon_core.package_identification:_identify(devel) by extension 'ignore_ament_install'
[8.704s] Level 1:colcon.colcon_core.package_identification:_identify(devel) by extensions ['colcon_pkg']
[8.704s] Level 1:colcon.colcon_core.package_identification:_identify(devel) by extension 'colcon_pkg'
[8.705s] Level 1:colcon.colcon_core.package_identification:_identify(devel) by extensions ['colcon_meta']
[8.705s] Level 1:colcon.colcon_core.package_identification:_identify(devel) by extension 'colcon_meta'
[8.705s] Level 1:colcon.colcon_core.package_identification:_identify(devel) by extensions ['ros']
[8.705s] Level 1:colcon.colcon_core.package_identification:_identify(devel) by extension 'ros'
[8.706s] Level 1:colcon.colcon_core.package_identification:_identify(devel) by extensions ['cmake', 'python']
[8.706s] Level 1:colcon.colcon_core.package_identification:_identify(devel) by extension 'cmake'
[8.706s] Level 1:colcon.colcon_core.package_identification:_identify(devel) by extension 'python'
[8.706s] Level 1:colcon.colcon_core.package_identification:_identify(devel) by extensions ['python_setup_py']
[8.706s] Level 1:colcon.colcon_core.package_identification:_identify(devel) by extension 'python_setup_py'
[8.707s] Level 1:colcon.colcon_core.package_identification:_identify(install) by extensions ['ignore', 'ignore_ament_install']
[8.707s] Level 1:colcon.colcon_core.package_identification:_identify(install) by extension 'ignore'
[8.707s] Level 1:colcon.colcon_core.package_identification:_identify(install) ignored
[8.708s] Level 1:colcon.colcon_core.package_identification:_identify(log) by extensions ['ignore', 'ignore_ament_install']
[8.708s] Level 1:colcon.colcon_core.package_identification:_identify(log) by extension 'ignore'
[8.708s] Level 1:colcon.colcon_core.package_identification:_identify(log) ignored
[8.709s] Level 1:colcon.colcon_core.package_identification:_identify(logs) by extensions ['ignore', 'ignore_ament_install']
[8.709s] Level 1:colcon.colcon_core.package_identification:_identify(logs) by extension 'ignore'
[8.709s] Level 1:colcon.colcon_core.package_identification:_identify(logs) by extension 'ignore_ament_install'
[8.710s] Level 1:colcon.colcon_core.package_identification:_identify(logs) by extensions ['colcon_pkg']
[8.710s] Level 1:colcon.colcon_core.package_identification:_identify(logs) by extension 'colcon_pkg'
[8.710s] Level 1:colcon.colcon_core.package_identification:_identify(logs) by extensions ['colcon_meta']
[8.710s] Level 1:colcon.colcon_core.package_identification:_identify(logs) by extension 'colcon_meta'
[8.710s] Level 1:colcon.colcon_core.package_identification:_identify(logs) by extensions ['ros']
[8.710s] Level 1:colcon.colcon_core.package_identification:_identify(logs) by extension 'ros'
[8.711s] Level 1:colcon.colcon_core.package_identification:_identify(logs) by extensions ['cmake', 'python']
[8.711s] Level 1:colcon.colcon_core.package_identification:_identify(logs) by extension 'cmake'
[8.711s] Level 1:colcon.colcon_core.package_identification:_identify(logs) by extension 'python'
[8.711s] Level 1:colcon.colcon_core.package_identification:_identify(logs) by extensions ['python_setup_py']
[8.711s] Level 1:colcon.colcon_core.package_identification:_identify(logs) by extension 'python_setup_py'
[8.712s] Level 1:colcon.colcon_core.package_identification:_identify(src) by extensions ['ignore', 'ignore_ament_install']
[8.712s] Level 1:colcon.colcon_core.package_identification:_identify(src) by extension 'ignore'
[8.712s] Level 1:colcon.colcon_core.package_identification:_identify(src) by extension 'ignore_ament_install'
[8.713s] Level 1:colcon.colcon_core.package_identification:_identify(src) by extensions ['colcon_pkg']
[8.713s] Level 1:colcon.colcon_core.package_identification:_identify(src) by extension 'colcon_pkg'
[8.713s] Level 1:colcon.colcon_core.package_identification:_identify(src) by extensions ['colcon_meta']
[8.713s] Level 1:colcon.colcon_core.package_identification:_identify(src) by extension 'colcon_meta'
[8.713s] Level 1:colcon.colcon_core.package_identification:_identify(src) by extensions ['ros']
[8.714s] Level 1:colcon.colcon_core.package_identification:_identify(src) by extension 'ros'
[8.714s] Level 1:colcon.colcon_core.package_identification:_identify(src) by extensions ['cmake', 'python']
[8.714s] Level 1:colcon.colcon_core.package_identification:_identify(src) by extension 'cmake'
[8.714s] Level 1:colcon.colcon_core.package_identification:_identify(src) by extension 'python'
[8.715s] Level 1:colcon.colcon_core.package_identification:_identify(src) by extensions ['python_setup_py']
[8.715s] Level 1:colcon.colcon_core.package_identification:_identify(src) by extension 'python_setup_py'
[8.715s] Level 1:colcon.colcon_core.package_identification:_identify(src/agv_gui) by extensions ['ignore', 'ignore_ament_install']
[8.715s] Level 1:colcon.colcon_core.package_identification:_identify(src/agv_gui) by extension 'ignore'
[8.716s] Level 1:colcon.colcon_core.package_identification:_identify(src/agv_gui) by extension 'ignore_ament_install'
[8.716s] Level 1:colcon.colcon_core.package_identification:_identify(src/agv_gui) by extensions ['colcon_pkg']
[8.716s] Level 1:colcon.colcon_core.package_identification:_identify(src/agv_gui) by extension 'colcon_pkg'
[8.716s] Level 1:colcon.colcon_core.package_identification:_identify(src/agv_gui) by extensions ['colcon_meta']
[8.716s] Level 1:colcon.colcon_core.package_identification:_identify(src/agv_gui) by extension 'colcon_meta'
[8.717s] Level 1:colcon.colcon_core.package_identification:_identify(src/agv_gui) by extensions ['ros']
[8.717s] Level 1:colcon.colcon_core.package_identification:_identify(src/agv_gui) by extension 'ros'
[8.729s] DEBUG:colcon.colcon_core.package_identification:Package 'src/agv_gui' with type 'ros.ament_cmake' and name 'agv_gui'
[8.730s] Level 1:colcon.colcon_core.package_discovery:discover_packages(recursive) using defaults
[8.730s] Level 1:colcon.colcon_core.package_discovery:discover_packages(ignore) discover
[8.730s] Level 1:colcon.colcon_core.package_discovery:discover_packages(ignore) using defaults
[8.730s] Level 1:colcon.colcon_core.package_discovery:discover_packages(path) discover
[8.730s] Level 1:colcon.colcon_core.package_discovery:discover_packages(path) using defaults
[9.441s] Level 1:colcon.colcon_core.package_discovery:discover_packages(prefix_path) check parameters
[9.442s] Level 1:colcon.colcon_core.package_discovery:discover_packages(prefix_path) discover
[9.712s] DEBUG:colcon.colcon_installed_package_information.package_discovery:Found 1 installed packages in /home/colin/agv_gui/install
[9.847s] DEBUG:colcon.colcon_installed_package_information.package_discovery:Found 268 installed packages in /opt/ros/galactic
[9.853s] Level 1:colcon.colcon_core.package_discovery:discover_packages(prefix_path) using defaults
[10.487s] Level 5:colcon.colcon_core.verb:set package 'agv_gui' build argument 'cmake_args' from command line to 'None'
[10.487s] Level 5:colcon.colcon_core.verb:set package 'agv_gui' build argument 'cmake_target' from command line to 'None'
[10.487s] Level 5:colcon.colcon_core.verb:set package 'agv_gui' build argument 'cmake_target_skip_unavailable' from command line to 'False'
[10.487s] Level 5:colcon.colcon_core.verb:set package 'agv_gui' build argument 'cmake_clean_cache' from command line to 'False'
[10.488s] Level 5:colcon.colcon_core.verb:set package 'agv_gui' build argument 'cmake_clean_first' from command line to 'False'
[10.488s] Level 5:colcon.colcon_core.verb:set package 'agv_gui' build argument 'cmake_force_configure' from command line to 'False'
[10.488s] Level 5:colcon.colcon_core.verb:set package 'agv_gui' build argument 'ament_cmake_args' from command line to 'None'
[10.488s] Level 5:colcon.colcon_core.verb:set package 'agv_gui' build argument 'catkin_cmake_args' from command line to 'None'
[10.488s] Level 5:colcon.colcon_core.verb:set package 'agv_gui' build argument 'catkin_skip_building_tests' from command line to 'False'
[10.489s] DEBUG:colcon.colcon_core.verb:Building package 'agv_gui' with the following arguments: {'ament_cmake_args': None, 'build_base': '/home/colin/agv_gui/build/agv_gui', 'catkin_cmake_args': None, 'catkin_skip_building_tests': False, 'cmake_args': None, 'cmake_clean_cache': False, 'cmake_clean_first': False, 'cmake_force_configure': False, 'cmake_target': None, 'cmake_target_skip_unavailable': False, 'install_base': '/home/colin/agv_gui/install/agv_gui', 'merge_install': False, 'path': '/home/colin/agv_gui/src/agv_gui', 'symlink_install': False, 'test_result_base': None}
[10.613s] INFO:colcon.colcon_core.executor:Executing jobs using 'parallel' executor
[10.744s] DEBUG:colcon.colcon_parallel_executor.executor.parallel:run_until_complete
[10.745s] INFO:colcon.colcon_ros.task.ament_cmake.build:Building ROS package in '/home/colin/agv_gui/src/agv_gui' with build type 'ament_cmake'
[10.746s] INFO:colcon.colcon_cmake.task.cmake.build:Building CMake package in '/home/colin/agv_gui/src/agv_gui'
[10.899s] INFO:colcon.colcon_core.plugin_system:Skipping extension 'colcon_core.shell.bat': Not used on non-Windows systems
[10.900s] INFO:colcon.colcon_core.shell:Skip shell extension 'powershell' for command environment: Not usable outside of PowerShell
[10.900s] DEBUG:colcon.colcon_core.shell:Skip shell extension 'dsv' for command environment
[11.348s] DEBUG:colcon.colcon_core.event_handler.log_command:Invoking command in '/home/colin/agv_gui/build/agv_gui': CMAKE_PREFIX_PATH=${CMAKE_PREFIX_PATH}:/opt/ros/galactic /usr/bin/cmake --build /home/colin/agv_gui/build/agv_gui -- -j4 -l4
[34.284s] DEBUG:colcon.colcon_core.event_handler.log_command:Invoked command in '/home/colin/agv_gui/build/agv_gui' returned '0': CMAKE_PREFIX_PATH=${CMAKE_PREFIX_PATH}:/opt/ros/galactic /usr/bin/cmake --build /home/colin/agv_gui/build/agv_gui -- -j4 -l4
[34.568s] DEBUG:colcon.colcon_core.event_handler.log_command:Invoking command in '/home/colin/agv_gui/build/agv_gui': CMAKE_PREFIX_PATH=${CMAKE_PREFIX_PATH}:/opt/ros/galactic /usr/bin/cmake --install /home/colin/agv_gui/build/agv_gui
[34.647s] Level 1:colcon.colcon_core.environment:create_environment_scripts_only(agv_gui)
[34.650s] DEBUG:colcon.colcon_core.event_handler.log_command:Invoked command in '/home/colin/agv_gui/build/agv_gui' returned '0': CMAKE_PREFIX_PATH=${CMAKE_PREFIX_PATH}:/opt/ros/galactic /usr/bin/cmake --install /home/colin/agv_gui/build/agv_gui
[34.820s] Level 1:colcon.colcon_core.environment:checking '/home/colin/agv_gui/install/agv_gui' for CMake module files
[34.823s] Level 1:colcon.colcon_core.environment:checking '/home/colin/agv_gui/install/agv_gui' for CMake config files
[34.824s] Level 1:colcon.colcon_core.shell:create_environment_hook('agv_gui', 'cmake_prefix_path')
[34.961s] INFO:colcon.colcon_core.shell:Creating environment hook '/home/colin/agv_gui/install/agv_gui/share/agv_gui/hook/cmake_prefix_path.ps1'
[34.967s] INFO:colcon.colcon_core.shell:Creating environment descriptor '/home/colin/agv_gui/install/agv_gui/share/agv_gui/hook/cmake_prefix_path.dsv'
[34.969s] INFO:colcon.colcon_core.shell:Creating environment hook '/home/colin/agv_gui/install/agv_gui/share/agv_gui/hook/cmake_prefix_path.sh'
[34.973s] Level 1:colcon.colcon_core.environment:checking '/home/colin/agv_gui/install/agv_gui/lib'
[34.974s] Level 1:colcon.colcon_core.environment:checking '/home/colin/agv_gui/install/agv_gui/bin'
[34.974s] Level 1:colcon.colcon_core.environment:checking '/home/colin/agv_gui/install/agv_gui/lib/pkgconfig/agv_gui.pc'
[34.975s] Level 1:colcon.colcon_core.environment:checking '/home/colin/agv_gui/install/agv_gui/lib/python3.8/site-packages'
[34.976s] Level 1:colcon.colcon_core.environment:checking '/home/colin/agv_gui/install/agv_gui/bin'
[35.109s] INFO:colcon.colcon_core.shell:Creating package script '/home/colin/agv_gui/install/agv_gui/share/agv_gui/package.ps1'
[35.115s] INFO:colcon.colcon_core.shell:Creating package descriptor '/home/colin/agv_gui/install/agv_gui/share/agv_gui/package.dsv'
[35.117s] INFO:colcon.colcon_core.shell:Creating package script '/home/colin/agv_gui/install/agv_gui/share/agv_gui/package.sh'
[35.121s] INFO:colcon.colcon_core.shell:Creating package script '/home/colin/agv_gui/install/agv_gui/share/agv_gui/package.bash'
[35.124s] INFO:colcon.colcon_core.shell:Creating package script '/home/colin/agv_gui/install/agv_gui/share/agv_gui/package.zsh'
[35.127s] Level 1:colcon.colcon_core.environment:create_file_with_runtime_dependencies(/home/colin/agv_gui/install/agv_gui/share/colcon-core/packages/agv_gui)
[35.493s] Level 1:colcon.colcon_core.environment:create_environment_scripts_only(agv_gui)
[35.628s] Level 1:colcon.colcon_core.environment:checking '/home/colin/agv_gui/install/agv_gui' for CMake module files
[35.630s] Level 1:colcon.colcon_core.environment:checking '/home/colin/agv_gui/install/agv_gui' for CMake config files
[35.631s] Level 1:colcon.colcon_core.shell:create_environment_hook('agv_gui', 'cmake_prefix_path')
[35.765s] INFO:colcon.colcon_core.shell:Creating environment hook '/home/colin/agv_gui/install/agv_gui/share/agv_gui/hook/cmake_prefix_path.ps1'
[35.767s] INFO:colcon.colcon_core.shell:Creating environment descriptor '/home/colin/agv_gui/install/agv_gui/share/agv_gui/hook/cmake_prefix_path.dsv'
[35.769s] INFO:colcon.colcon_core.shell:Creating environment hook '/home/colin/agv_gui/install/agv_gui/share/agv_gui/hook/cmake_prefix_path.sh'
[35.771s] Level 1:colcon.colcon_core.environment:checking '/home/colin/agv_gui/install/agv_gui/lib'
[35.772s] Level 1:colcon.colcon_core.environment:checking '/home/colin/agv_gui/install/agv_gui/bin'
[35.772s] Level 1:colcon.colcon_core.environment:checking '/home/colin/agv_gui/install/agv_gui/lib/pkgconfig/agv_gui.pc'
[35.773s] Level 1:colcon.colcon_core.environment:checking '/home/colin/agv_gui/install/agv_gui/lib/python3.8/site-packages'
[35.774s] Level 1:colcon.colcon_core.environment:checking '/home/colin/agv_gui/install/agv_gui/bin'
[35.908s] INFO:colcon.colcon_core.shell:Creating package script '/home/colin/agv_gui/install/agv_gui/share/agv_gui/package.ps1'
[35.910s] INFO:colcon.colcon_core.shell:Creating package descriptor '/home/colin/agv_gui/install/agv_gui/share/agv_gui/package.dsv'
[35.912s] INFO:colcon.colcon_core.shell:Creating package script '/home/colin/agv_gui/install/agv_gui/share/agv_gui/package.sh'
[35.914s] INFO:colcon.colcon_core.shell:Creating package script '/home/colin/agv_gui/install/agv_gui/share/agv_gui/package.bash'
[35.916s] INFO:colcon.colcon_core.shell:Creating package script '/home/colin/agv_gui/install/agv_gui/share/agv_gui/package.zsh'
[35.918s] Level 1:colcon.colcon_core.environment:create_file_with_runtime_dependencies(/home/colin/agv_gui/install/agv_gui/share/colcon-core/packages/agv_gui)
[35.919s] DEBUG:colcon.colcon_parallel_executor.executor.parallel:closing loop
[35.921s] DEBUG:colcon.colcon_parallel_executor.executor.parallel:loop closed
[35.922s] DEBUG:colcon.colcon_parallel_executor.executor.parallel:run_until_complete finished with '0'
[35.923s] DEBUG:colcon.colcon_core.event_reactor:joining thread
[36.091s] INFO:colcon.colcon_core.plugin_system:Skipping extension 'colcon_notification.desktop_notification.terminal_notifier': Not used on non-Darwin systems
[36.092s] INFO:colcon.colcon_core.plugin_system:Skipping extension 'colcon_notification.desktop_notification.win32': Not used on non-Windows systems
[36.092s] INFO:colcon.colcon_notification.desktop_notification:Sending desktop notification using 'notify2'
[36.184s] DEBUG:colcon.colcon_core.event_reactor:joined thread
[36.321s] INFO:colcon.colcon_core.shell:Creating prefix script '/home/colin/agv_gui/install/local_setup.ps1'
[36.328s] INFO:colcon.colcon_core.shell:Creating prefix util module '/home/colin/agv_gui/install/_local_setup_util_ps1.py'
[36.334s] INFO:colcon.colcon_core.shell:Creating prefix chain script '/home/colin/agv_gui/install/setup.ps1'
[36.474s] INFO:colcon.colcon_core.shell:Creating prefix script '/home/colin/agv_gui/install/local_setup.sh'
[36.477s] INFO:colcon.colcon_core.shell:Creating prefix util module '/home/colin/agv_gui/install/_local_setup_util_sh.py'
[36.479s] INFO:colcon.colcon_core.shell:Creating prefix chain script '/home/colin/agv_gui/install/setup.sh'
[36.613s] INFO:colcon.colcon_core.shell:Creating prefix script '/home/colin/agv_gui/install/local_setup.bash'
[36.615s] INFO:colcon.colcon_core.shell:Creating prefix chain script '/home/colin/agv_gui/install/setup.bash'
[36.753s] INFO:colcon.colcon_core.shell:Creating prefix script '/home/colin/agv_gui/install/local_setup.zsh'
[36.756s] INFO:colcon.colcon_core.shell:Creating prefix chain script '/home/colin/agv_gui/install/setup.zsh'
