[0.814s] Invoking command in '/home/colin/agv_gui/build/amr_v4_msgs_srvs': CMAKE_PREFIX_PATH=${CMAKE_PREFIX_PATH}:/opt/ros/galactic /usr/bin/cmake --build /home/colin/agv_gui/build/amr_v4_msgs_srvs -- -j6 -l6
[1.109s] [  1%] Built target amr_v4_msgs_srvs__cpp
[1.117s] [ 12%] Built target amr_v4_msgs_srvs__rosidl_generator_c
[1.256s] [ 23%] Built target amr_v4_msgs_srvs__rosidl_typesupport_cpp
[1.260s] [ 36%] Built target amr_v4_msgs_srvs__rosidl_typesupport_introspection_cpp
[1.261s] [ 45%] Built target amr_v4_msgs_srvs__rosidl_typesupport_introspection_c
[1.299s] [ 56%] Built target amr_v4_msgs_srvs__rosidl_typesupport_c
[1.301s] [ 67%] Built target amr_v4_msgs_srvs__rosidl_typesupport_fastrtps_cpp
[1.447s] [ 78%] Built target amr_v4_msgs_srvs__rosidl_typesupport_fastrtps_c
[1.560s] [ 78%] Built target amr_v4_msgs_srvs
[1.679s] [ 80%] Built target amr_v4_msgs_srvs__py
[1.835s] [ 89%] Built target amr_v4_msgs_srvs__python
[1.989s] [ 92%] Built target amr_v4_msgs_srvs__rosidl_typesupport_c__pyext
[1.996s] [ 96%] Built target amr_v4_msgs_srvs__rosidl_typesupport_fastrtps_c__pyext
[1.998s] [100%] Built target amr_v4_msgs_srvs__rosidl_typesupport_introspection_c__pyext
[2.070s] Invoked command in '/home/colin/agv_gui/build/amr_v4_msgs_srvs' returned '0': CMAKE_PREFIX_PATH=${CMAKE_PREFIX_PATH}:/opt/ros/galactic /usr/bin/cmake --build /home/colin/agv_gui/build/amr_v4_msgs_srvs -- -j6 -l6
[2.740s] Invoking command in '/home/colin/agv_gui/build/amr_v4_msgs_srvs': CMAKE_PREFIX_PATH=${CMAKE_PREFIX_PATH}:/opt/ros/galactic /usr/bin/cmake --install /home/colin/agv_gui/build/amr_v4_msgs_srvs
[2.783s] -- Install configuration: ""
[2.785s] -- Up-to-date: /home/colin/agv_gui/install/amr_v4_msgs_srvs/share/ament_index/resource_index/rosidl_interfaces/amr_v4_msgs_srvs
[2.786s] -- Up-to-date: /home/colin/agv_gui/install/amr_v4_msgs_srvs/include/amr_v4_msgs_srvs
[2.788s] -- Up-to-date: /home/colin/agv_gui/install/amr_v4_msgs_srvs/include/amr_v4_msgs_srvs/msg
[2.790s] -- Up-to-date: /home/colin/agv_gui/install/amr_v4_msgs_srvs/include/amr_v4_msgs_srvs/msg/detail
[2.791s] -- Up-to-date: /home/colin/agv_gui/install/amr_v4_msgs_srvs/include/amr_v4_msgs_srvs/msg/detail/robot__functions.h
[2.792s] -- Up-to-date: /home/colin/agv_gui/install/amr_v4_msgs_srvs/include/amr_v4_msgs_srvs/msg/detail/pin__struct.h
[2.793s] -- Up-to-date: /home/colin/agv_gui/install/amr_v4_msgs_srvs/include/amr_v4_msgs_srvs/msg/detail/motor__struct.h
[2.794s] -- Up-to-date: /home/colin/agv_gui/install/amr_v4_msgs_srvs/include/amr_v4_msgs_srvs/msg/detail/motor__functions.h
[2.795s] -- Up-to-date: /home/colin/agv_gui/install/amr_v4_msgs_srvs/include/amr_v4_msgs_srvs/msg/detail/pin__functions.c
[2.796s] -- Up-to-date: /home/colin/agv_gui/install/amr_v4_msgs_srvs/include/amr_v4_msgs_srvs/msg/detail/motor__functions.c
[2.797s] -- Up-to-date: /home/colin/agv_gui/install/amr_v4_msgs_srvs/include/amr_v4_msgs_srvs/msg/detail/robot__struct.h
[2.798s] -- Up-to-date: /home/colin/agv_gui/install/amr_v4_msgs_srvs/include/amr_v4_msgs_srvs/msg/detail/motor__type_support.h
[2.798s] -- Up-to-date: /home/colin/agv_gui/install/amr_v4_msgs_srvs/include/amr_v4_msgs_srvs/msg/detail/robot__functions.c
[2.799s] -- Up-to-date: /home/colin/agv_gui/install/amr_v4_msgs_srvs/include/amr_v4_msgs_srvs/msg/detail/pin__functions.h
[2.799s] -- Up-to-date: /home/colin/agv_gui/install/amr_v4_msgs_srvs/include/amr_v4_msgs_srvs/msg/detail/robot__type_support.h
[2.800s] -- Up-to-date: /home/colin/agv_gui/install/amr_v4_msgs_srvs/include/amr_v4_msgs_srvs/msg/detail/pin__type_support.h
[2.800s] -- Up-to-date: /home/colin/agv_gui/install/amr_v4_msgs_srvs/include/amr_v4_msgs_srvs/msg/motor.h
[2.801s] -- Up-to-date: /home/colin/agv_gui/install/amr_v4_msgs_srvs/include/amr_v4_msgs_srvs/msg/robot.h
[2.802s] -- Up-to-date: /home/colin/agv_gui/install/amr_v4_msgs_srvs/include/amr_v4_msgs_srvs/msg/rosidl_generator_c__visibility_control.h
[2.803s] -- Up-to-date: /home/colin/agv_gui/install/amr_v4_msgs_srvs/include/amr_v4_msgs_srvs/msg/pin.h
[2.804s] -- Up-to-date: /home/colin/agv_gui/install/amr_v4_msgs_srvs/include/amr_v4_msgs_srvs/srv
[2.804s] -- Up-to-date: /home/colin/agv_gui/install/amr_v4_msgs_srvs/include/amr_v4_msgs_srvs/srv/detail
[2.805s] -- Up-to-date: /home/colin/agv_gui/install/amr_v4_msgs_srvs/include/amr_v4_msgs_srvs/srv/detail/testserv__struct.h
[2.806s] -- Up-to-date: /home/colin/agv_gui/install/amr_v4_msgs_srvs/include/amr_v4_msgs_srvs/srv/detail/testserv__type_support.h
[2.806s] -- Up-to-date: /home/colin/agv_gui/install/amr_v4_msgs_srvs/include/amr_v4_msgs_srvs/srv/detail/testserv__functions.c
[2.807s] -- Up-to-date: /home/colin/agv_gui/install/amr_v4_msgs_srvs/include/amr_v4_msgs_srvs/srv/detail/testserv__functions.h
[2.807s] -- Up-to-date: /home/colin/agv_gui/install/amr_v4_msgs_srvs/include/amr_v4_msgs_srvs/srv/testserv.h
[2.808s] -- Up-to-date: /home/colin/agv_gui/install/amr_v4_msgs_srvs/share/amr_v4_msgs_srvs/environment/library_path.sh
[2.810s] -- Up-to-date: /home/colin/agv_gui/install/amr_v4_msgs_srvs/share/amr_v4_msgs_srvs/environment/library_path.dsv
[2.811s] -- Up-to-date: /home/colin/agv_gui/install/amr_v4_msgs_srvs/lib/libamr_v4_msgs_srvs__rosidl_generator_c.so
[2.811s] -- Up-to-date: /home/colin/agv_gui/install/amr_v4_msgs_srvs/include/amr_v4_msgs_srvs
[2.812s] -- Up-to-date: /home/colin/agv_gui/install/amr_v4_msgs_srvs/include/amr_v4_msgs_srvs/msg
[2.813s] -- Up-to-date: /home/colin/agv_gui/install/amr_v4_msgs_srvs/include/amr_v4_msgs_srvs/msg/detail
[2.813s] -- Up-to-date: /home/colin/agv_gui/install/amr_v4_msgs_srvs/include/amr_v4_msgs_srvs/msg/detail/motor__rosidl_typesupport_fastrtps_c.h
[2.814s] -- Up-to-date: /home/colin/agv_gui/install/amr_v4_msgs_srvs/include/amr_v4_msgs_srvs/msg/detail/robot__rosidl_typesupport_fastrtps_c.h
[2.814s] -- Up-to-date: /home/colin/agv_gui/install/amr_v4_msgs_srvs/include/amr_v4_msgs_srvs/msg/detail/pin__rosidl_typesupport_fastrtps_c.h
[2.814s] -- Up-to-date: /home/colin/agv_gui/install/amr_v4_msgs_srvs/include/amr_v4_msgs_srvs/msg/rosidl_typesupport_fastrtps_c__visibility_control.h
[2.815s] -- Up-to-date: /home/colin/agv_gui/install/amr_v4_msgs_srvs/include/amr_v4_msgs_srvs/srv
[2.815s] -- Up-to-date: /home/colin/agv_gui/install/amr_v4_msgs_srvs/include/amr_v4_msgs_srvs/srv/detail
[2.816s] -- Up-to-date: /home/colin/agv_gui/install/amr_v4_msgs_srvs/include/amr_v4_msgs_srvs/srv/detail/testserv__rosidl_typesupport_fastrtps_c.h
[2.817s] -- Up-to-date: /home/colin/agv_gui/install/amr_v4_msgs_srvs/lib/libamr_v4_msgs_srvs__rosidl_typesupport_fastrtps_c.so
[2.817s] -- Up-to-date: /home/colin/agv_gui/install/amr_v4_msgs_srvs/include/amr_v4_msgs_srvs
[2.818s] -- Up-to-date: /home/colin/agv_gui/install/amr_v4_msgs_srvs/include/amr_v4_msgs_srvs/msg
[2.819s] -- Up-to-date: /home/colin/agv_gui/install/amr_v4_msgs_srvs/include/amr_v4_msgs_srvs/msg/detail
[2.820s] -- Up-to-date: /home/colin/agv_gui/install/amr_v4_msgs_srvs/include/amr_v4_msgs_srvs/msg/detail/robot__rosidl_typesupport_fastrtps_cpp.hpp
[2.821s] -- Up-to-date: /home/colin/agv_gui/install/amr_v4_msgs_srvs/include/amr_v4_msgs_srvs/msg/detail/pin__rosidl_typesupport_fastrtps_cpp.hpp
[2.822s] -- Up-to-date: /home/colin/agv_gui/install/amr_v4_msgs_srvs/include/amr_v4_msgs_srvs/msg/detail/dds_fastrtps
[2.823s] -- Up-to-date: /home/colin/agv_gui/install/amr_v4_msgs_srvs/include/amr_v4_msgs_srvs/msg/detail/motor__rosidl_typesupport_fastrtps_cpp.hpp
[2.824s] -- Up-to-date: /home/colin/agv_gui/install/amr_v4_msgs_srvs/include/amr_v4_msgs_srvs/msg/rosidl_typesupport_fastrtps_cpp__visibility_control.h
[2.826s] -- Up-to-date: /home/colin/agv_gui/install/amr_v4_msgs_srvs/include/amr_v4_msgs_srvs/srv
[2.826s] -- Up-to-date: /home/colin/agv_gui/install/amr_v4_msgs_srvs/include/amr_v4_msgs_srvs/srv/detail
[2.827s] -- Up-to-date: /home/colin/agv_gui/install/amr_v4_msgs_srvs/include/amr_v4_msgs_srvs/srv/detail/dds_fastrtps
[2.827s] -- Up-to-date: /home/colin/agv_gui/install/amr_v4_msgs_srvs/include/amr_v4_msgs_srvs/srv/detail/testserv__rosidl_typesupport_fastrtps_cpp.hpp
[2.827s] -- Up-to-date: /home/colin/agv_gui/install/amr_v4_msgs_srvs/lib/libamr_v4_msgs_srvs__rosidl_typesupport_fastrtps_cpp.so
[2.828s] -- Up-to-date: /home/colin/agv_gui/install/amr_v4_msgs_srvs/include/amr_v4_msgs_srvs
[2.829s] -- Up-to-date: /home/colin/agv_gui/install/amr_v4_msgs_srvs/include/amr_v4_msgs_srvs/msg
[2.829s] -- Up-to-date: /home/colin/agv_gui/install/amr_v4_msgs_srvs/include/amr_v4_msgs_srvs/msg/detail
[2.830s] -- Up-to-date: /home/colin/agv_gui/install/amr_v4_msgs_srvs/include/amr_v4_msgs_srvs/msg/detail/robot__type_support.c
[2.830s] -- Up-to-date: /home/colin/agv_gui/install/amr_v4_msgs_srvs/include/amr_v4_msgs_srvs/msg/detail/pin__rosidl_typesupport_introspection_c.h
[2.830s] -- Up-to-date: /home/colin/agv_gui/install/amr_v4_msgs_srvs/include/amr_v4_msgs_srvs/msg/detail/pin__type_support.c
[2.831s] -- Up-to-date: /home/colin/agv_gui/install/amr_v4_msgs_srvs/include/amr_v4_msgs_srvs/msg/detail/motor__rosidl_typesupport_introspection_c.h
[2.832s] -- Up-to-date: /home/colin/agv_gui/install/amr_v4_msgs_srvs/include/amr_v4_msgs_srvs/msg/detail/robot__rosidl_typesupport_introspection_c.h
[2.832s] -- Up-to-date: /home/colin/agv_gui/install/amr_v4_msgs_srvs/include/amr_v4_msgs_srvs/msg/detail/motor__type_support.c
[2.833s] -- Up-to-date: /home/colin/agv_gui/install/amr_v4_msgs_srvs/include/amr_v4_msgs_srvs/msg/rosidl_typesupport_introspection_c__visibility_control.h
[2.833s] -- Up-to-date: /home/colin/agv_gui/install/amr_v4_msgs_srvs/include/amr_v4_msgs_srvs/srv
[2.834s] -- Up-to-date: /home/colin/agv_gui/install/amr_v4_msgs_srvs/include/amr_v4_msgs_srvs/srv/detail
[2.834s] -- Up-to-date: /home/colin/agv_gui/install/amr_v4_msgs_srvs/include/amr_v4_msgs_srvs/srv/detail/testserv__rosidl_typesupport_introspection_c.h
[2.835s] -- Up-to-date: /home/colin/agv_gui/install/amr_v4_msgs_srvs/include/amr_v4_msgs_srvs/srv/detail/testserv__type_support.c
[2.835s] -- Up-to-date: /home/colin/agv_gui/install/amr_v4_msgs_srvs/lib/libamr_v4_msgs_srvs__rosidl_typesupport_introspection_c.so
[2.836s] -- Up-to-date: /home/colin/agv_gui/install/amr_v4_msgs_srvs/lib/libamr_v4_msgs_srvs__rosidl_typesupport_c.so
[2.837s] -- Up-to-date: /home/colin/agv_gui/install/amr_v4_msgs_srvs/include/amr_v4_msgs_srvs
[2.837s] -- Up-to-date: /home/colin/agv_gui/install/amr_v4_msgs_srvs/include/amr_v4_msgs_srvs/msg
[2.837s] -- Up-to-date: /home/colin/agv_gui/install/amr_v4_msgs_srvs/include/amr_v4_msgs_srvs/msg/detail
[2.838s] -- Up-to-date: /home/colin/agv_gui/install/amr_v4_msgs_srvs/include/amr_v4_msgs_srvs/msg/detail/motor__struct.hpp
[2.838s] -- Up-to-date: /home/colin/agv_gui/install/amr_v4_msgs_srvs/include/amr_v4_msgs_srvs/msg/detail/robot__struct.hpp
[2.839s] -- Up-to-date: /home/colin/agv_gui/install/amr_v4_msgs_srvs/include/amr_v4_msgs_srvs/msg/detail/pin__builder.hpp
[2.839s] -- Up-to-date: /home/colin/agv_gui/install/amr_v4_msgs_srvs/include/amr_v4_msgs_srvs/msg/detail/motor__builder.hpp
[2.840s] -- Up-to-date: /home/colin/agv_gui/install/amr_v4_msgs_srvs/include/amr_v4_msgs_srvs/msg/detail/pin__struct.hpp
[2.840s] -- Up-to-date: /home/colin/agv_gui/install/amr_v4_msgs_srvs/include/amr_v4_msgs_srvs/msg/detail/robot__builder.hpp
[2.841s] -- Up-to-date: /home/colin/agv_gui/install/amr_v4_msgs_srvs/include/amr_v4_msgs_srvs/msg/detail/pin__traits.hpp
[2.841s] -- Up-to-date: /home/colin/agv_gui/install/amr_v4_msgs_srvs/include/amr_v4_msgs_srvs/msg/detail/motor__traits.hpp
[2.841s] -- Up-to-date: /home/colin/agv_gui/install/amr_v4_msgs_srvs/include/amr_v4_msgs_srvs/msg/detail/robot__traits.hpp
[2.842s] -- Up-to-date: /home/colin/agv_gui/install/amr_v4_msgs_srvs/include/amr_v4_msgs_srvs/msg/pin.hpp
[2.842s] -- Up-to-date: /home/colin/agv_gui/install/amr_v4_msgs_srvs/include/amr_v4_msgs_srvs/msg/robot.hpp
[2.843s] -- Up-to-date: /home/colin/agv_gui/install/amr_v4_msgs_srvs/include/amr_v4_msgs_srvs/msg/motor.hpp
[2.843s] -- Up-to-date: /home/colin/agv_gui/install/amr_v4_msgs_srvs/include/amr_v4_msgs_srvs/srv
[2.844s] -- Up-to-date: /home/colin/agv_gui/install/amr_v4_msgs_srvs/include/amr_v4_msgs_srvs/srv/detail
[2.844s] -- Up-to-date: /home/colin/agv_gui/install/amr_v4_msgs_srvs/include/amr_v4_msgs_srvs/srv/detail/testserv__builder.hpp
[2.844s] -- Up-to-date: /home/colin/agv_gui/install/amr_v4_msgs_srvs/include/amr_v4_msgs_srvs/srv/detail/testserv__struct.hpp
[2.845s] -- Up-to-date: /home/colin/agv_gui/install/amr_v4_msgs_srvs/include/amr_v4_msgs_srvs/srv/detail/testserv__traits.hpp
[2.846s] -- Up-to-date: /home/colin/agv_gui/install/amr_v4_msgs_srvs/include/amr_v4_msgs_srvs/srv/testserv.hpp
[2.846s] -- Up-to-date: /home/colin/agv_gui/install/amr_v4_msgs_srvs/include/amr_v4_msgs_srvs
[2.846s] -- Up-to-date: /home/colin/agv_gui/install/amr_v4_msgs_srvs/include/amr_v4_msgs_srvs/msg
[2.847s] -- Up-to-date: /home/colin/agv_gui/install/amr_v4_msgs_srvs/include/amr_v4_msgs_srvs/msg/detail
[2.847s] -- Up-to-date: /home/colin/agv_gui/install/amr_v4_msgs_srvs/include/amr_v4_msgs_srvs/msg/detail/robot__rosidl_typesupport_introspection_cpp.hpp
[2.849s] -- Up-to-date: /home/colin/agv_gui/install/amr_v4_msgs_srvs/include/amr_v4_msgs_srvs/msg/detail/motor__rosidl_typesupport_introspection_cpp.hpp
[2.849s] -- Up-to-date: /home/colin/agv_gui/install/amr_v4_msgs_srvs/include/amr_v4_msgs_srvs/msg/detail/motor__type_support.cpp
[2.850s] -- Up-to-date: /home/colin/agv_gui/install/amr_v4_msgs_srvs/include/amr_v4_msgs_srvs/msg/detail/robot__type_support.cpp
[2.850s] -- Up-to-date: /home/colin/agv_gui/install/amr_v4_msgs_srvs/include/amr_v4_msgs_srvs/msg/detail/pin__rosidl_typesupport_introspection_cpp.hpp
[2.851s] -- Up-to-date: /home/colin/agv_gui/install/amr_v4_msgs_srvs/include/amr_v4_msgs_srvs/msg/detail/pin__type_support.cpp
[2.851s] -- Up-to-date: /home/colin/agv_gui/install/amr_v4_msgs_srvs/include/amr_v4_msgs_srvs/srv
[2.851s] -- Up-to-date: /home/colin/agv_gui/install/amr_v4_msgs_srvs/include/amr_v4_msgs_srvs/srv/detail
[2.852s] -- Up-to-date: /home/colin/agv_gui/install/amr_v4_msgs_srvs/include/amr_v4_msgs_srvs/srv/detail/testserv__type_support.cpp
[2.853s] -- Up-to-date: /home/colin/agv_gui/install/amr_v4_msgs_srvs/include/amr_v4_msgs_srvs/srv/detail/testserv__rosidl_typesupport_introspection_cpp.hpp
[2.853s] -- Up-to-date: /home/colin/agv_gui/install/amr_v4_msgs_srvs/lib/libamr_v4_msgs_srvs__rosidl_typesupport_introspection_cpp.so
[2.853s] -- Up-to-date: /home/colin/agv_gui/install/amr_v4_msgs_srvs/lib/libamr_v4_msgs_srvs__rosidl_typesupport_cpp.so
[2.854s] -- Up-to-date: /home/colin/agv_gui/install/amr_v4_msgs_srvs/share/amr_v4_msgs_srvs/environment/pythonpath.sh
[2.854s] -- Up-to-date: /home/colin/agv_gui/install/amr_v4_msgs_srvs/share/amr_v4_msgs_srvs/environment/pythonpath.dsv
[2.855s] -- Up-to-date: /home/colin/agv_gui/install/amr_v4_msgs_srvs/lib/python3.8/site-packages/amr_v4_msgs_srvs/__init__.py
[3.022s] -- Up-to-date: /home/colin/agv_gui/install/amr_v4_msgs_srvs/lib/python3.8/site-packages/amr_v4_msgs_srvs/msg
[3.023s] -- Up-to-date: /home/colin/agv_gui/install/amr_v4_msgs_srvs/lib/python3.8/site-packages/amr_v4_msgs_srvs/msg/_motor_s.c
[3.024s] -- Up-to-date: /home/colin/agv_gui/install/amr_v4_msgs_srvs/lib/python3.8/site-packages/amr_v4_msgs_srvs/msg/_robot_s.c
[3.025s] -- Up-to-date: /home/colin/agv_gui/install/amr_v4_msgs_srvs/lib/python3.8/site-packages/amr_v4_msgs_srvs/msg/_pin_s.c
[3.025s] -- Up-to-date: /home/colin/agv_gui/install/amr_v4_msgs_srvs/lib/python3.8/site-packages/amr_v4_msgs_srvs/msg/_robot.py
[3.026s] -- Up-to-date: /home/colin/agv_gui/install/amr_v4_msgs_srvs/lib/python3.8/site-packages/amr_v4_msgs_srvs/msg/_motor.py
[3.026s] -- Up-to-date: /home/colin/agv_gui/install/amr_v4_msgs_srvs/lib/python3.8/site-packages/amr_v4_msgs_srvs/msg/_pin.py
[3.028s] -- Up-to-date: /home/colin/agv_gui/install/amr_v4_msgs_srvs/lib/python3.8/site-packages/amr_v4_msgs_srvs/msg/__init__.py
[3.028s] -- Up-to-date: /home/colin/agv_gui/install/amr_v4_msgs_srvs/lib/python3.8/site-packages/amr_v4_msgs_srvs/srv
[3.029s] -- Up-to-date: /home/colin/agv_gui/install/amr_v4_msgs_srvs/lib/python3.8/site-packages/amr_v4_msgs_srvs/srv/_testserv_s.c
[3.029s] -- Up-to-date: /home/colin/agv_gui/install/amr_v4_msgs_srvs/lib/python3.8/site-packages/amr_v4_msgs_srvs/srv/_testserv.py
[3.030s] -- Up-to-date: /home/colin/agv_gui/install/amr_v4_msgs_srvs/lib/python3.8/site-packages/amr_v4_msgs_srvs/srv/__init__.py
[3.031s] -- Up-to-date: /home/colin/agv_gui/install/amr_v4_msgs_srvs/lib/python3.8/site-packages/amr_v4_msgs_srvs/amr_v4_msgs_srvs_s__rosidl_typesupport_fastrtps_c.cpython-38-aarch64-linux-gnu.so
[3.037s] -- Up-to-date: /home/colin/agv_gui/install/amr_v4_msgs_srvs/lib/python3.8/site-packages/amr_v4_msgs_srvs/amr_v4_msgs_srvs_s__rosidl_typesupport_introspection_c.cpython-38-aarch64-linux-gnu.so
[3.040s] -- Up-to-date: /home/colin/agv_gui/install/amr_v4_msgs_srvs/lib/python3.8/site-packages/amr_v4_msgs_srvs/amr_v4_msgs_srvs_s__rosidl_typesupport_c.cpython-38-aarch64-linux-gnu.so
[3.044s] -- Up-to-date: /home/colin/agv_gui/install/amr_v4_msgs_srvs/lib/libamr_v4_msgs_srvs__python.so
[3.049s] -- Up-to-date: /home/colin/agv_gui/install/amr_v4_msgs_srvs/share/amr_v4_msgs_srvs/msg/Motor.idl
[3.052s] -- Up-to-date: /home/colin/agv_gui/install/amr_v4_msgs_srvs/share/amr_v4_msgs_srvs/msg/Robot.idl
[3.054s] -- Up-to-date: /home/colin/agv_gui/install/amr_v4_msgs_srvs/share/amr_v4_msgs_srvs/msg/Pin.idl
[3.058s] -- Up-to-date: /home/colin/agv_gui/install/amr_v4_msgs_srvs/share/amr_v4_msgs_srvs/srv/Testserv.idl
[3.059s] -- Up-to-date: /home/colin/agv_gui/install/amr_v4_msgs_srvs/share/amr_v4_msgs_srvs/msg/Motor.msg
[3.059s] -- Up-to-date: /home/colin/agv_gui/install/amr_v4_msgs_srvs/share/amr_v4_msgs_srvs/msg/Robot.msg
[3.060s] -- Up-to-date: /home/colin/agv_gui/install/amr_v4_msgs_srvs/share/amr_v4_msgs_srvs/msg/Pin.msg
[3.060s] -- Up-to-date: /home/colin/agv_gui/install/amr_v4_msgs_srvs/share/amr_v4_msgs_srvs/srv/Testserv.srv
[3.061s] -- Up-to-date: /home/colin/agv_gui/install/amr_v4_msgs_srvs/share/amr_v4_msgs_srvs/srv/Testserv_Request.msg
[3.064s] -- Up-to-date: /home/colin/agv_gui/install/amr_v4_msgs_srvs/share/amr_v4_msgs_srvs/srv/Testserv_Response.msg
[3.065s] -- Up-to-date: /home/colin/agv_gui/install/amr_v4_msgs_srvs/share/ament_index/resource_index/package_run_dependencies/amr_v4_msgs_srvs
[3.066s] -- Up-to-date: /home/colin/agv_gui/install/amr_v4_msgs_srvs/share/ament_index/resource_index/parent_prefix_path/amr_v4_msgs_srvs
[3.067s] -- Up-to-date: /home/colin/agv_gui/install/amr_v4_msgs_srvs/share/amr_v4_msgs_srvs/environment/ament_prefix_path.sh
[3.067s] -- Up-to-date: /home/colin/agv_gui/install/amr_v4_msgs_srvs/share/amr_v4_msgs_srvs/environment/ament_prefix_path.dsv
[3.068s] -- Up-to-date: /home/colin/agv_gui/install/amr_v4_msgs_srvs/share/amr_v4_msgs_srvs/environment/path.sh
[3.069s] -- Up-to-date: /home/colin/agv_gui/install/amr_v4_msgs_srvs/share/amr_v4_msgs_srvs/environment/path.dsv
[3.069s] -- Up-to-date: /home/colin/agv_gui/install/amr_v4_msgs_srvs/share/amr_v4_msgs_srvs/local_setup.bash
[3.070s] -- Up-to-date: /home/colin/agv_gui/install/amr_v4_msgs_srvs/share/amr_v4_msgs_srvs/local_setup.sh
[3.071s] -- Up-to-date: /home/colin/agv_gui/install/amr_v4_msgs_srvs/share/amr_v4_msgs_srvs/local_setup.zsh
[3.071s] -- Up-to-date: /home/colin/agv_gui/install/amr_v4_msgs_srvs/share/amr_v4_msgs_srvs/local_setup.dsv
[3.072s] -- Installing: /home/colin/agv_gui/install/amr_v4_msgs_srvs/share/amr_v4_msgs_srvs/package.dsv
[3.073s] -- Up-to-date: /home/colin/agv_gui/install/amr_v4_msgs_srvs/share/ament_index/resource_index/packages/amr_v4_msgs_srvs
[3.073s] -- Up-to-date: /home/colin/agv_gui/install/amr_v4_msgs_srvs/share/amr_v4_msgs_srvs/cmake/amr_v4_msgs_srvs__rosidl_generator_cExport.cmake
[3.074s] -- Up-to-date: /home/colin/agv_gui/install/amr_v4_msgs_srvs/share/amr_v4_msgs_srvs/cmake/amr_v4_msgs_srvs__rosidl_generator_cExport-noconfig.cmake
[3.074s] -- Up-to-date: /home/colin/agv_gui/install/amr_v4_msgs_srvs/share/amr_v4_msgs_srvs/cmake/amr_v4_msgs_srvs__rosidl_typesupport_introspection_cExport.cmake
[3.075s] -- Up-to-date: /home/colin/agv_gui/install/amr_v4_msgs_srvs/share/amr_v4_msgs_srvs/cmake/amr_v4_msgs_srvs__rosidl_typesupport_introspection_cExport-noconfig.cmake
[3.075s] -- Up-to-date: /home/colin/agv_gui/install/amr_v4_msgs_srvs/share/amr_v4_msgs_srvs/cmake/amr_v4_msgs_srvs__rosidl_typesupport_cExport.cmake
[3.076s] -- Up-to-date: /home/colin/agv_gui/install/amr_v4_msgs_srvs/share/amr_v4_msgs_srvs/cmake/amr_v4_msgs_srvs__rosidl_typesupport_cExport-noconfig.cmake
[3.076s] -- Up-to-date: /home/colin/agv_gui/install/amr_v4_msgs_srvs/share/amr_v4_msgs_srvs/cmake/amr_v4_msgs_srvs__rosidl_generator_cppExport.cmake
[3.077s] -- Up-to-date: /home/colin/agv_gui/install/amr_v4_msgs_srvs/share/amr_v4_msgs_srvs/cmake/amr_v4_msgs_srvs__rosidl_typesupport_introspection_cppExport.cmake
[3.078s] -- Up-to-date: /home/colin/agv_gui/install/amr_v4_msgs_srvs/share/amr_v4_msgs_srvs/cmake/amr_v4_msgs_srvs__rosidl_typesupport_introspection_cppExport-noconfig.cmake
[3.080s] -- Up-to-date: /home/colin/agv_gui/install/amr_v4_msgs_srvs/share/amr_v4_msgs_srvs/cmake/amr_v4_msgs_srvs__rosidl_typesupport_cppExport.cmake
[3.081s] -- Up-to-date: /home/colin/agv_gui/install/amr_v4_msgs_srvs/share/amr_v4_msgs_srvs/cmake/amr_v4_msgs_srvs__rosidl_typesupport_cppExport-noconfig.cmake
[3.081s] -- Up-to-date: /home/colin/agv_gui/install/amr_v4_msgs_srvs/share/amr_v4_msgs_srvs/cmake/rosidl_cmake-extras.cmake
[3.084s] -- Up-to-date: /home/colin/agv_gui/install/amr_v4_msgs_srvs/share/amr_v4_msgs_srvs/cmake/ament_cmake_export_dependencies-extras.cmake
[3.089s] -- Up-to-date: /home/colin/agv_gui/install/amr_v4_msgs_srvs/share/amr_v4_msgs_srvs/cmake/ament_cmake_export_libraries-extras.cmake
[3.089s] -- Up-to-date: /home/colin/agv_gui/install/amr_v4_msgs_srvs/share/amr_v4_msgs_srvs/cmake/ament_cmake_export_targets-extras.cmake
[3.091s] -- Up-to-date: /home/colin/agv_gui/install/amr_v4_msgs_srvs/share/amr_v4_msgs_srvs/cmake/ament_cmake_export_include_directories-extras.cmake
[3.092s] -- Up-to-date: /home/colin/agv_gui/install/amr_v4_msgs_srvs/share/amr_v4_msgs_srvs/cmake/rosidl_cmake_export_typesupport_libraries-extras.cmake
[3.093s] -- Up-to-date: /home/colin/agv_gui/install/amr_v4_msgs_srvs/share/amr_v4_msgs_srvs/cmake/rosidl_cmake_export_typesupport_targets-extras.cmake
[3.094s] -- Up-to-date: /home/colin/agv_gui/install/amr_v4_msgs_srvs/share/amr_v4_msgs_srvs/cmake/amr_v4_msgs_srvsConfig.cmake
[3.095s] -- Up-to-date: /home/colin/agv_gui/install/amr_v4_msgs_srvs/share/amr_v4_msgs_srvs/cmake/amr_v4_msgs_srvsConfig-version.cmake
[3.096s] -- Up-to-date: /home/colin/agv_gui/install/amr_v4_msgs_srvs/share/amr_v4_msgs_srvs/package.xml
[3.097s] Invoked command in '/home/colin/agv_gui/build/amr_v4_msgs_srvs' returned '0': CMAKE_PREFIX_PATH=${CMAKE_PREFIX_PATH}:/opt/ros/galactic /usr/bin/cmake --install /home/colin/agv_gui/build/amr_v4_msgs_srvs
