[0.015s] Invoking command in '/home/kidd/projects/agv_gui/build/amr_v4_qt': CMAKE_PREFIX_PATH=/home/kidd/projects/agv_gui/install/amr_v4_msgs_srvs:/home/kidd/projects/agv_gui/install/amr_v4_qt:/opt/ros/galactic /usr/bin/cmake --build /home/kidd/projects/agv_gui/build/amr_v4_qt -- -j2 -l2
[0.139s] [  2%] [34m[1mAutomatic MOC and UIC for target amr_v4_qt[0m
[0.181s] [  2%] Built target amr_v4_qt_autogen
[0.224s] [  4%] [34m[1mGenerating include/moc_ui_main_screen.cpp[0m
[0.237s] /home/kidd/projects/agv_gui/amr_v4_qt/include/ui_main_screen.h:0: Note: No relevant classes found. No output generated.
[0.257s] [35m[1mScanning dependencies of target amr_v4_qt[0m
[0.364s] [  6%] [32mBuilding CXX object CMakeFiles/amr_v4_qt.dir/src/main_gui.cpp.o[0m
[0.365s] [  8%] [32mBuilding CXX object CMakeFiles/amr_v4_qt.dir/src/main.cpp.o[0m
[6.910s] [ 10%] [32mBuilding CXX object CMakeFiles/amr_v4_qt.dir/src/main_screen.cpp.o[0m
[6.921s] [ 12%] [32mBuilding CXX object CMakeFiles/amr_v4_qt.dir/src/running_mode.cpp.o[0m
[8.804s] [ 14%] [32mBuilding CXX object CMakeFiles/amr_v4_qt.dir/src/fisher_screen.cpp.o[0m
[8.809s] [ 16%] [32mBuilding CXX object CMakeFiles/amr_v4_qt.dir/src/battery_node.cpp.o[0m
[10.419s] [ 18%] [32mBuilding CXX object CMakeFiles/amr_v4_qt.dir/src/motor_node.cpp.o[0m
[20.939s] [ 20%] [32mBuilding CXX object CMakeFiles/amr_v4_qt.dir/src/health_node.cpp.o[0m
[22.433s] [ 22%] [32mBuilding CXX object CMakeFiles/amr_v4_qt.dir/src/running_node.cpp.o[0m
[32.680s] [ 25%] [32mBuilding CXX object CMakeFiles/amr_v4_qt.dir/src/robot_node.cpp.o[0m
[33.988s] [ 27%] [32mBuilding CXX object CMakeFiles/amr_v4_qt.dir/src/scrolling_label.cpp.o[0m
[35.507s] [01m[K/home/kidd/projects/agv_gui/amr_v4_qt/src/scrolling_label.cpp:[m[K In member function ‘[01m[Kvirtual void ScrollingLabel::paintEvent(QPaintEvent*)[m[K’:
[35.508s] [01m[K/home/kidd/projects/agv_gui/amr_v4_qt/src/scrolling_label.cpp:18:46:[m[K [01;35m[Kwarning: [m[Kunused parameter ‘[01m[Kevent[m[K’ [[01;35m[K-Wunused-parameter[m[K]
[35.508s]    18 | void ScrollingLabel::paintEvent([01;35m[KQPaintEvent *event[m[K) {
[35.509s]       |                                 [01;35m[K~~~~~~~~~~~~~^~~~~[m[K
[35.826s] [ 29%] [32mBuilding CXX object CMakeFiles/amr_v4_qt.dir/include/moc_main_gui.cpp.o[0m
[40.941s] [ 31%] [32mBuilding CXX object CMakeFiles/amr_v4_qt.dir/include/moc_motors.cpp.o[0m
[42.704s] [ 33%] [32mBuilding CXX object CMakeFiles/amr_v4_qt.dir/include/moc_ui_motor_screen.cpp.o[0m
[42.739s] [ 35%] [32mBuilding CXX object CMakeFiles/amr_v4_qt.dir/include/moc_ui_health_screen.cpp.o[0m
[42.772s] [ 37%] [32mBuilding CXX object CMakeFiles/amr_v4_qt.dir/include/moc_ui_running_mode_screen.cpp.o[0m
[42.798s] [ 39%] [32mBuilding CXX object CMakeFiles/amr_v4_qt.dir/include/moc_ui_main_screen.cpp.o[0m
[42.834s] [ 41%] [32mBuilding CXX object CMakeFiles/amr_v4_qt.dir/include/moc_main_screen.cpp.o[0m
[44.380s] [ 43%] [32mBuilding CXX object CMakeFiles/amr_v4_qt.dir/include/moc_fisher_screen.cpp.o[0m
[45.147s] [ 45%] [32mBuilding CXX object CMakeFiles/amr_v4_qt.dir/include/moc_battery_node.cpp.o[0m
[45.954s] [ 47%] [32mBuilding CXX object CMakeFiles/amr_v4_qt.dir/include/moc_motor_node.cpp.o[0m
[49.537s] [ 50%] [32mBuilding CXX object CMakeFiles/amr_v4_qt.dir/include/moc_health.cpp.o[0m
[50.348s] [ 52%] [32mBuilding CXX object CMakeFiles/amr_v4_qt.dir/include/moc_health_node.cpp.o[0m
[51.280s] [ 54%] [32mBuilding CXX object CMakeFiles/amr_v4_qt.dir/include/moc_running_mode.cpp.o[0m
[53.087s] [ 56%] [32mBuilding CXX object CMakeFiles/amr_v4_qt.dir/include/moc_running_node.cpp.o[0m
[54.631s] [ 58%] [32mBuilding CXX object CMakeFiles/amr_v4_qt.dir/include/moc_robot_node.cpp.o[0m
[57.553s] [ 60%] [32mBuilding CXX object CMakeFiles/amr_v4_qt.dir/include/moc_scrolling_label.cpp.o[0m
[59.074s] [ 62%] [32m[1mLinking CXX executable amr_v4_qt[0m
[65.129s] /usr/bin/ld: CMakeFiles/amr_v4_qt.dir/src/main_gui.cpp.o: in function `MainGui::MainGui(std::shared_ptr<BatterySub>, std::shared_ptr<RobotSub>, std::shared_ptr<MotorSub>, std::shared_ptr<HealthSub>, std::shared_ptr<RunningSub>, QWidget*)':
[65.129s] main_gui.cpp:(.text+0x26b): undefined reference to `HelloWorldScreen::HelloWorldScreen(QWidget*)'
[65.129s] collect2: error: ld returned 1 exit status
[65.130s] make[2]: *** [CMakeFiles/amr_v4_qt.dir/build.make:733: amr_v4_qt] Error 1
[65.130s] make[1]: *** [CMakeFiles/Makefile2:79: CMakeFiles/amr_v4_qt.dir/all] Error 2
[65.130s] make: *** [Makefile:141: all] Error 2
[65.135s] Invoked command in '/home/kidd/projects/agv_gui/build/amr_v4_qt' returned '2': CMAKE_PREFIX_PATH=/home/kidd/projects/agv_gui/install/amr_v4_msgs_srvs:/home/kidd/projects/agv_gui/install/amr_v4_qt:/opt/ros/galactic /usr/bin/cmake --build /home/kidd/projects/agv_gui/build/amr_v4_qt -- -j2 -l2
