-- The C compiler identification is GNU 11.4.0
-- The CXX compiler identification is GNU 11.4.0
-- Detecting C compiler ABI info
-- Detecting C compiler ABI info - done
-- Check for working C compiler: /usr/bin/cc - skipped
-- Detecting C compile features
-- Detecting C compile features - done
-- Detecting CXX compiler ABI info
-- Detecting CXX compiler ABI info - done
-- Check for working CXX compiler: /usr/bin/c++ - skipped
-- Detecting CXX compile features
-- Detecting CXX compile features - done
-- Found ament_cmake: 1.3.8 (/opt/ros/humble/share/ament_cmake/cmake)
-- Found Python3: /usr/bin/python3 (found version "3.10.12") found components: Interpreter 
-- Found geometry_msgs: 4.2.3 (/opt/ros/humble/share/geometry_msgs/cmake)
-- Found rosidl_generator_c: 3.1.5 (/opt/ros/humble/share/rosidl_generator_c/cmake)
-- Found rosidl_adapter: 3.1.5 (/opt/ros/humble/share/rosidl_adapter/cmake)
-- Found rosidl_generator_cpp: 3.1.5 (/opt/ros/humble/share/rosidl_generator_cpp/cmake)
-- Using all available rosidl_typesupport_c: rosidl_typesupport_fastrtps_c;rosidl_typesupport_introspection_c
-- Using all available rosidl_typesupport_cpp: rosidl_typesupport_fastrtps_cpp;rosidl_typesupport_introspection_cpp
-- Found rclcpp: 16.0.8 (/opt/ros/humble/share/rclcpp/cmake)
-- Found rmw_implementation_cmake: 6.1.1 (/opt/ros/humble/share/rmw_implementation_cmake/cmake)
-- Found rmw_fastrtps_cpp: 6.2.6 (/opt/ros/humble/share/rmw_fastrtps_cpp/cmake)
-- Found OpenSSL: /usr/lib/x86_64-linux-gnu/libcrypto.so (found version "3.0.2")  
-- Found FastRTPS: /opt/ros/humble/include  
-- Using RMW implementation 'rmw_fastrtps_cpp' as default
-- Looking for pthread.h
-- Looking for pthread.h - found
-- Performing Test CMAKE_HAVE_LIBC_PTHREAD
-- Performing Test CMAKE_HAVE_LIBC_PTHREAD - Success
-- Found Threads: TRUE  
-- Found rclcpp_components: 16.0.8 (/opt/ros/humble/share/rclcpp_components/cmake)
-- Found rviz_common: 11.2.12 (/opt/ros/humble/share/rviz_common/cmake)
-- Setting OGRE_DIR to: '/opt/ros/humble/share/rviz_ogre_vendor/cmake/../../../opt/rviz_ogre_vendor/lib/OGRE/cmake'
-- Found OGRE
--   static     : OFF
--   components : HLMS;MeshLodGenerator;Overlay;Paging;Property;RTShaderSystem;Terrain;Volume
--   plugins    : Plugin_BSPSceneManager;Plugin_OctreeSceneManager;Plugin_PCZSceneManager;Plugin_ParticleFX;RenderSystem_GL;RenderSystem_GL3Plus;Codec_STBI
--   media      : /opt/ros/humble/opt/rviz_ogre_vendor/share/OGRE/Media
-- OGRE_LIBRARIES: OgreHLMS;OgreMeshLodGenerator;OgreOverlay;OgrePaging;OgreProperty;OgreRTShaderSystem;OgreTerrain;OgreVolume;OgreMain
-- OGRE_LIBRARY_DIRS: /opt/ros/humble/opt/rviz_ogre_vendor/lib
-- OGRE_PLUGINS: Plugin_BSPSceneManager;Plugin_OctreeSceneManager;Plugin_PCZSceneManager;Plugin_ParticleFX;RenderSystem_GL;RenderSystem_GL3Plus;Codec_STBI
-- OGRE_PLUGIN_DIR: /opt/ros/humble/opt/rviz_ogre_vendor/lib/OGRE
-- rviz_ogre_vendor::OgreOverlay for IMPORTED_LOCATION_RELEASE: /opt/ros/humble/opt/rviz_ogre_vendor/lib/libOgreOverlay.so
-- rviz_ogre_vendor::OgreOverlay for IMPORTED_LOCATION_DEBUG: /opt/ros/humble/opt/rviz_ogre_vendor/lib/libOgreOverlay.so
-- rviz_ogre_vendor::OgreMain for IMPORTED_LOCATION_RELEASE: /opt/ros/humble/opt/rviz_ogre_vendor/lib/libOgreMain.so
-- rviz_ogre_vendor::OgreMain for IMPORTED_LOCATION_DEBUG: /opt/ros/humble/opt/rviz_ogre_vendor/lib/libOgreMain.so
-- Could not find freeimage library
-- Found ZLIB: /usr/lib/x86_64-linux-gnu/libz.so (found version "1.2.11") 
-- Found OpenGL: /usr/lib/x86_64-linux-gnu/libOpenGL.so   
-- Found X11: /usr/include   
-- Looking for XOpenDisplay in /usr/lib/x86_64-linux-gnu/libX11.so;/usr/lib/x86_64-linux-gnu/libXext.so
-- Looking for XOpenDisplay in /usr/lib/x86_64-linux-gnu/libX11.so;/usr/lib/x86_64-linux-gnu/libXext.so - found
-- Looking for gethostbyname
-- Looking for gethostbyname - found
-- Looking for connect
-- Looking for connect - found
-- Looking for remove
-- Looking for remove - found
-- Looking for shmat
-- Looking for shmat - found
-- Looking for IceConnectionNumber in ICE
-- Looking for IceConnectionNumber in ICE - found
-- rviz_ogre_vendor::RenderSystem_GL for IMPORTED_LOCATION_RELEASE: _render_system_gl_static_library_abs-NOTFOUND
-- rviz_ogre_vendor::RenderSystem_GL for IMPORTED_LOCATION_DEBUG: _render_system_gl_static_library_abs-NOTFOUND
-- library: /usr/lib/x86_64-linux-gnu/libcurl.so
-- Found Eigen3: TRUE (found version "3.4.0") 
-- Ensuring Eigen3 include directory is part of orocos-kdl CMake target
-- Found rviz_default_plugins: 11.2.12 (/opt/ros/humble/share/rviz_default_plugins/cmake)
-- Found std_srvs: 4.2.3 (/opt/ros/humble/share/std_srvs/cmake)
-- Found amr_v4_msgs_srvs: 0.0.0 (/home/colin/agv_gui/install/amr_v4_msgs_srvs/share/amr_v4_msgs_srvs/cmake)
-- Found tf2_eigen: 0.25.6 (/opt/ros/humble/share/tf2_eigen/cmake)
-- Configuring done
-- Generating done
-- Build files have been written to: /home/colin/agv_gui/build/amr_v4_qt
[  2%] [34m[1mAutomatic MOC and UIC for target amr_v4_qt[0m
[  2%] Built target amr_v4_qt_autogen
[  6%] [34m[1mGenerating include/moc_fisher_screen.cpp[0m
[  6%] [34m[1mGenerating include/moc_battery_node.cpp[0m
[  8%] [34m[1mGenerating include/moc_ui_running_mode_screen.cpp[0m
/home/colin/agv_gui/amr_v4_qt/include/ui_running_mode_screen.h:0: Note: No relevant classes found. No output generated.
[ 10%] [34m[1mGenerating include/moc_health.cpp[0m
[ 12%] [34m[1mGenerating include/moc_main_gui.cpp[0m
[ 14%] [34m[1mGenerating include/moc_health_node.cpp[0m
[ 16%] [34m[1mGenerating include/moc_main_screen.cpp[0m
[ 18%] [34m[1mGenerating include/moc_motor_node.cpp[0m
[ 22%] [34m[1mGenerating include/moc_motors.cpp[0m
[ 25%] [34m[1mGenerating include/moc_robot_node.cpp[0m
[ 25%] [34m[1mGenerating include/moc_running_mode.cpp[0m
[ 27%] [34m[1mGenerating include/moc_running_node.cpp[0m
[ 29%] [34m[1mGenerating include/moc_scrolling_label.cpp[0m
[ 31%] [34m[1mGenerating include/moc_ui_health_screen.cpp[0m
[ 33%] [34m[1mGenerating include/moc_ui_main_screen.cpp[0m
/home/colin/agv_gui/amr_v4_qt/include/ui_health_screen.h:0: Note: No relevant classes found. No output generated.
[ 35%] [34m[1mGenerating include/moc_ui_motor_screen.cpp[0m
/home/colin/agv_gui/amr_v4_qt/include/ui_main_screen.h:0: Note: No relevant classes found. No output generated.
/home/colin/agv_gui/amr_v4_qt/include/ui_motor_screen.h:0: Note: No relevant classes found. No output generated.
[ 37%] [32mBuilding CXX object CMakeFiles/amr_v4_qt.dir/src/main_screen.cpp.o[0m
[ 39%] [32mBuilding CXX object CMakeFiles/amr_v4_qt.dir/src/main.cpp.o[0m
[ 41%] [32mBuilding CXX object CMakeFiles/amr_v4_qt.dir/amr_v4_qt_autogen/mocs_compilation.cpp.o[0m
[ 43%] [32mBuilding CXX object CMakeFiles/amr_v4_qt.dir/src/main_gui.cpp.o[0m
[ 45%] [32mBuilding CXX object CMakeFiles/amr_v4_qt.dir/src/motors.cpp.o[0m
[ 47%] [32mBuilding CXX object CMakeFiles/amr_v4_qt.dir/src/health.cpp.o[0m
[ 50%] [32mBuilding CXX object CMakeFiles/amr_v4_qt.dir/src/running_mode.cpp.o[0m
[ 52%] [32mBuilding CXX object CMakeFiles/amr_v4_qt.dir/src/fisher_screen.cpp.o[0m
[ 54%] [32mBuilding CXX object CMakeFiles/amr_v4_qt.dir/src/battery_node.cpp.o[0m
[ 56%] [32mBuilding CXX object CMakeFiles/amr_v4_qt.dir/src/motor_node.cpp.o[0m
[01m[K/home/colin/agv_gui/amr_v4_qt/src/main_gui.cpp:[m[K In member function ‘[01m[Kint MainGui::getWifiSignalStrength()[m[K’:
[01m[K/home/colin/agv_gui/amr_v4_qt/src/main_gui.cpp:153:18:[m[K [01;35m[Kwarning: [m[K‘[01m[Kvoid QProcess::start(const QString&, QIODevice::OpenMode)[m[K’ is deprecated: Use QProcess::start(const QString &program, const QStringList &arguments,OpenMode mode = ReadWrite) instead [[01;35m[K]8;;https://gcc.gnu.org/onlinedocs/gcc/Warning-Options.html#index-Wdeprecated-declarations-Wdeprecated-declarations]8;;[m[K]
  153 |     [01;35m[Kprocess.start("iwconfig")[m[K;
      |     [01;35m[K~~~~~~~~~~~~~^~~~~~~~~~~~[m[K
In file included from [01m[K/usr/include/x86_64-linux-gnu/qt5/QtCore/QProcess:1[m[K,
                 from [01m[K/home/colin/agv_gui/amr_v4_qt/src/main_gui.cpp:5[m[K:
[01m[K/usr/include/x86_64-linux-gnu/qt5/QtCore/qprocess.h:168:10:[m[K [01;36m[Knote: [m[Kdeclared here
  168 |     void [01;36m[Kstart[m[K(const QString &command, OpenMode mode = ReadWrite);
      |          [01;36m[K^~~~~[m[K
[ 58%] [32mBuilding CXX object CMakeFiles/amr_v4_qt.dir/src/health_node.cpp.o[0m
[ 60%] [32mBuilding CXX object CMakeFiles/amr_v4_qt.dir/src/running_node.cpp.o[0m
[ 62%] [32mBuilding CXX object CMakeFiles/amr_v4_qt.dir/src/robot_node.cpp.o[0m
[ 64%] [32mBuilding CXX object CMakeFiles/amr_v4_qt.dir/src/scrolling_label.cpp.o[0m
[01m[K/home/colin/agv_gui/amr_v4_qt/src/scrolling_label.cpp:[m[K In member function ‘[01m[Kvirtual void ScrollingLabel::paintEvent(QPaintEvent*)[m[K’:
[01m[K/home/colin/agv_gui/amr_v4_qt/src/scrolling_label.cpp:18:46:[m[K [01;35m[Kwarning: [m[Kunused parameter ‘[01m[Kevent[m[K’ [[01;35m[K]8;;https://gcc.gnu.org/onlinedocs/gcc/Warning-Options.html#index-Wunused-parameter-Wunused-parameter]8;;[m[K]
   18 | void ScrollingLabel::paintEvent([01;35m[KQPaintEvent *event[m[K) {
      |                                 [01;35m[K~~~~~~~~~~~~~^~~~~[m[K
[ 66%] [32mBuilding CXX object CMakeFiles/amr_v4_qt.dir/include/moc_main_gui.cpp.o[0m
[ 68%] [32mBuilding CXX object CMakeFiles/amr_v4_qt.dir/include/moc_motors.cpp.o[0m
[ 70%] [32mBuilding CXX object CMakeFiles/amr_v4_qt.dir/include/moc_ui_motor_screen.cpp.o[0m
[ 72%] [32mBuilding CXX object CMakeFiles/amr_v4_qt.dir/include/moc_ui_health_screen.cpp.o[0m
[ 75%] [32mBuilding CXX object CMakeFiles/amr_v4_qt.dir/include/moc_ui_running_mode_screen.cpp.o[0m
[ 77%] [32mBuilding CXX object CMakeFiles/amr_v4_qt.dir/include/moc_ui_main_screen.cpp.o[0m
[ 79%] [32mBuilding CXX object CMakeFiles/amr_v4_qt.dir/include/moc_main_screen.cpp.o[0m
[ 81%] [32mBuilding CXX object CMakeFiles/amr_v4_qt.dir/include/moc_fisher_screen.cpp.o[0m
[ 83%] [32mBuilding CXX object CMakeFiles/amr_v4_qt.dir/include/moc_battery_node.cpp.o[0m
[ 85%] [32mBuilding CXX object CMakeFiles/amr_v4_qt.dir/include/moc_motor_node.cpp.o[0m
[ 87%] [32mBuilding CXX object CMakeFiles/amr_v4_qt.dir/include/moc_health.cpp.o[0m
[ 89%] [32mBuilding CXX object CMakeFiles/amr_v4_qt.dir/include/moc_health_node.cpp.o[0m
[ 91%] [32mBuilding CXX object CMakeFiles/amr_v4_qt.dir/include/moc_running_mode.cpp.o[0m
[ 93%] [32mBuilding CXX object CMakeFiles/amr_v4_qt.dir/include/moc_running_node.cpp.o[0m
[ 95%] [32mBuilding CXX object CMakeFiles/amr_v4_qt.dir/include/moc_robot_node.cpp.o[0m
[ 97%] [32mBuilding CXX object CMakeFiles/amr_v4_qt.dir/include/moc_scrolling_label.cpp.o[0m
[100%] [32m[1mLinking CXX executable amr_v4_qt[0m
[100%] Built target amr_v4_qt
-- Install configuration: ""
-- Installing: /home/colin/agv_gui/install/amr_v4_qt/lib/amr_v4_qt/amr_v4_qt
-- Set runtime path of "/home/colin/agv_gui/install/amr_v4_qt/lib/amr_v4_qt/amr_v4_qt" to ""
-- Installing: /home/colin/agv_gui/install/amr_v4_qt/share/amr_v4_qt/launch
-- Installing: /home/colin/agv_gui/install/amr_v4_qt/share/amr_v4_qt/launch/gui.launch.py
-- Installing: /home/colin/agv_gui/install/amr_v4_qt/share/ament_index/resource_index/package_run_dependencies/amr_v4_qt
-- Installing: /home/colin/agv_gui/install/amr_v4_qt/share/ament_index/resource_index/parent_prefix_path/amr_v4_qt
-- Installing: /home/colin/agv_gui/install/amr_v4_qt/share/amr_v4_qt/environment/ament_prefix_path.sh
-- Installing: /home/colin/agv_gui/install/amr_v4_qt/share/amr_v4_qt/environment/ament_prefix_path.dsv
-- Installing: /home/colin/agv_gui/install/amr_v4_qt/share/amr_v4_qt/environment/path.sh
-- Installing: /home/colin/agv_gui/install/amr_v4_qt/share/amr_v4_qt/environment/path.dsv
-- Installing: /home/colin/agv_gui/install/amr_v4_qt/share/amr_v4_qt/local_setup.bash
-- Installing: /home/colin/agv_gui/install/amr_v4_qt/share/amr_v4_qt/local_setup.sh
-- Installing: /home/colin/agv_gui/install/amr_v4_qt/share/amr_v4_qt/local_setup.zsh
-- Installing: /home/colin/agv_gui/install/amr_v4_qt/share/amr_v4_qt/local_setup.dsv
-- Installing: /home/colin/agv_gui/install/amr_v4_qt/share/amr_v4_qt/package.dsv
-- Installing: /home/colin/agv_gui/install/amr_v4_qt/share/ament_index/resource_index/packages/amr_v4_qt
-- Installing: /home/colin/agv_gui/install/amr_v4_qt/share/amr_v4_qt/cmake/amr_v4_qtConfig.cmake
-- Installing: /home/colin/agv_gui/install/amr_v4_qt/share/amr_v4_qt/cmake/amr_v4_qtConfig-version.cmake
-- Installing: /home/colin/agv_gui/install/amr_v4_qt/share/amr_v4_qt/package.xml
