[0.578s] Invoking command in '/home/colin/agv_gui/build/agv_gui': CMAKE_PREFIX_PATH=${CMAKE_PREFIX_PATH}:/opt/ros/galactic /usr/bin/cmake --build /home/colin/agv_gui/build/agv_gui -- -j4 -l4
[0.722s] -- Found ament_cmake: 1.1.6 (/opt/ros/galactic/share/ament_cmake/cmake)
[0.811s] -- Using PYTHON_EXECUTABLE: /usr/bin/python3
[1.069s] -- Found geometry_msgs: 2.2.4 (/opt/ros/galactic/share/geometry_msgs/cmake)
[1.161s] -- Using all available rosidl_typesupport_c: rosidl_typesupport_fastrtps_c;rosidl_typesupport_introspection_c
[1.177s] -- Found rosidl_adapter: 2.2.3 (/opt/ros/galactic/share/rosidl_adapter/cmake)
[1.638s] -- Using all available rosidl_typesupport_cpp: rosidl_typesupport_fastrtps_cpp;rosidl_typesupport_introspection_cpp
[1.933s] -- Found rclcpp: 9.2.2 (/opt/ros/galactic/share/rclcpp/cmake)
[2.086s] -- Found rmw_implementation_cmake: 3.3.1 (/opt/ros/galactic/share/rmw_implementation_cmake/cmake)
[2.091s] -- Found rmw_cyclonedds_cpp: 0.22.6 (/opt/ros/galactic/share/rmw_cyclonedds_cpp/cmake)
[2.159s] -- Using RMW implementation 'rmw_cyclonedds_cpp' as default
[2.604s] -- Found rclcpp_components: 9.2.2 (/opt/ros/galactic/share/rclcpp_components/cmake)
[2.777s] -- Found rviz_common: 8.5.2 (/opt/ros/galactic/share/rviz_common/cmake)
[2.816s] -- Setting OGRE_DIR to: '/opt/ros/galactic/share/rviz_ogre_vendor/cmake/../../../opt/rviz_ogre_vendor/lib/OGRE/cmake'
[2.826s] -- Found OGRE
[2.826s] --   static     : OFF
[2.827s] --   components : HLMS;MeshLodGenerator;Overlay;Paging;Property;RTShaderSystem;Terrain;Volume
[2.827s] --   plugins    : Plugin_BSPSceneManager;Plugin_OctreeSceneManager;Plugin_PCZSceneManager;Plugin_ParticleFX;RenderSystem_GL;RenderSystem_GL3Plus;Codec_STBI
[2.828s] --   media      : /opt/ros/galactic/opt/rviz_ogre_vendor/share/OGRE/Media
[2.828s] -- OGRE_LIBRARIES: OgreHLMS;OgreMeshLodGenerator;OgreOverlay;OgrePaging;OgreProperty;OgreRTShaderSystem;OgreTerrain;OgreVolume;OgreMain
[2.828s] -- OGRE_LIBRARY_DIRS: /opt/ros/galactic/opt/rviz_ogre_vendor/lib
[2.829s] -- OGRE_PLUGINS: Plugin_BSPSceneManager;Plugin_OctreeSceneManager;Plugin_PCZSceneManager;Plugin_ParticleFX;RenderSystem_GL;RenderSystem_GL3Plus;Codec_STBI
[2.829s] -- OGRE_PLUGIN_DIR: /opt/ros/galactic/opt/rviz_ogre_vendor/lib/OGRE
[2.830s] -- rviz_ogre_vendor::OgreOverlay for IMPORTED_LOCATION_RELEASE: /opt/ros/galactic/opt/rviz_ogre_vendor/lib/libOgreOverlay.so
[2.830s] -- rviz_ogre_vendor::OgreOverlay for IMPORTED_LOCATION_DEBUG: /opt/ros/galactic/opt/rviz_ogre_vendor/lib/libOgreOverlay.so
[2.830s] -- rviz_ogre_vendor::OgreMain for IMPORTED_LOCATION_RELEASE: /opt/ros/galactic/opt/rviz_ogre_vendor/lib/libOgreMain.so
[2.830s] -- rviz_ogre_vendor::OgreMain for IMPORTED_LOCATION_DEBUG: /opt/ros/galactic/opt/rviz_ogre_vendor/lib/libOgreMain.so
[2.834s] -- Could not find freeimage library
[2.973s] -- rviz_ogre_vendor::RenderSystem_GL for IMPORTED_LOCATION_RELEASE: _render_system_gl_static_library_abs-NOTFOUND
[2.973s] -- rviz_ogre_vendor::RenderSystem_GL for IMPORTED_LOCATION_DEBUG: _render_system_gl_static_library_abs-NOTFOUND
[2.982s] -- library: libassimp.so.5
[3.073s] -- library: /usr/lib/aarch64-linux-gnu/libcurl.so
[4.650s] -- Setting yaml-cpp_DIR to: '/opt/ros/galactic/share/yaml_cpp_vendor/cmake/../../../opt/yaml_cpp_vendor/lib/cmake/yaml-cpp'
[4.662s] -- Found rviz_default_plugins: 8.5.2 (/opt/ros/galactic/share/rviz_default_plugins/cmake)
[6.110s] -- Found std_srvs: 2.2.4 (/opt/ros/galactic/share/std_srvs/cmake)
[6.160s] -- Found tf2_eigen: 0.17.5 (/opt/ros/galactic/share/tf2_eigen/cmake)
[6.212s] CUDA is available
[6.479s] -- Configuring done
[6.541s] -- Generating done
[6.552s] -- Build files have been written to: /home/colin/agv_gui/build/agv_gui
[6.714s] [  5%] [34m[1mAutomatic MOC for target agv_gui[0m
[6.753s] AutoMoc warning
[6.754s] ---------------
[6.754s] "SRC:/src/battery_node_1.cpp"
[6.754s] includes the moc file "battery_node_1.moc", but does not contain a Q_OBJECT, Q_GADGET or Q_NAMESPACE macro.
[6.755s] 
[6.755s] AutoMoc warning
[6.755s] ---------------
[6.756s] "SRC:/src/battery_node_2.cpp"
[6.756s] includes the moc file "battery_node_2.moc", but does not contain a Q_OBJECT, Q_GADGET or Q_NAMESPACE macro.
[6.757s] 
[6.757s] AutoMoc warning
[6.758s] ---------------
[6.758s] "SRC:/src/battery_node_3.cpp"
[6.758s] includes the moc file "battery_node_3.moc", but does not contain a Q_OBJECT, Q_GADGET or Q_NAMESPACE macro.
[6.759s] 
[6.759s] AutoMoc warning
[6.759s] ---------------
[6.760s] "SRC:/src/battery_node_4.cpp"
[6.760s] includes the moc file "battery_node_4.moc", but does not contain a Q_OBJECT, Q_GADGET or Q_NAMESPACE macro.
[6.760s] 
[6.761s] AutoMoc warning
[6.761s] ---------------
[6.761s] "SRC:/src/charge_node.cpp"
[6.762s] includes the moc file "charge_node.moc", but does not contain a Q_OBJECT, Q_GADGET or Q_NAMESPACE macro.
[6.762s] 
[6.796s] [  5%] Built target agv_gui_autogen
[6.830s] make[2]: *** No rule to make target '/battery_node_4.hpp', needed by '__/__/__/__/__/moc_battery_node_4.cpp'.  Stop.
[6.831s] make[1]: *** [CMakeFiles/Makefile2:78: CMakeFiles/agv_gui.dir/all] Error 2
[6.831s] make: *** [Makefile:141: all] Error 2
[6.841s] Invoked command in '/home/colin/agv_gui/build/agv_gui' returned '2': CMAKE_PREFIX_PATH=${CMAKE_PREFIX_PATH}:/opt/ros/galactic /usr/bin/cmake --build /home/colin/agv_gui/build/agv_gui -- -j4 -l4
