[0.076s] Invoking command in '/home/colin/agv_gui/build/agv_gui': CMAKE_PREFIX_PATH=${CMAKE_PREFIX_PATH}:/opt/ros/foxy /usr/bin/cmake --build /home/colin/agv_gui/build/agv_gui -- -j4 -l4
[0.317s] [  5%] [34m[1mAutomatic MOC and UIC for target agv_gui[0m
[0.358s] AutoMoc warning
[0.359s] ---------------
[0.359s] "SRC:/src/battery_node_1.cpp"
[0.359s] includes the moc file "battery_node_1.moc", but does not contain a Q_OBJECT, Q_GADGET or Q_NAMESPACE macro.
[0.360s] 
[0.360s] AutoMoc warning
[0.360s] ---------------
[0.361s] "SRC:/src/battery_node_2.cpp"
[0.361s] includes the moc file "battery_node_2.moc", but does not contain a Q_OBJECT, Q_GADGET or Q_NAMESPACE macro.
[0.361s] 
[0.361s] AutoMoc warning
[0.362s] ---------------
[0.362s] "SRC:/src/battery_node_3.cpp"
[0.362s] includes the moc file "battery_node_3.moc", but does not contain a Q_OBJECT, Q_GADGET or Q_NAMESPACE macro.
[0.363s] 
[0.363s] AutoMoc warning
[0.363s] ---------------
[0.364s] "SRC:/src/battery_node_4.cpp"
[0.364s] includes the moc file "battery_node_4.moc", but does not contain a Q_OBJECT, Q_GADGET or Q_NAMESPACE macro.
[0.364s] 
[0.365s] AutoMoc warning
[0.365s] ---------------
[0.365s] "SRC:/src/charge_node.cpp"
[0.365s] includes the moc file "charge_node.moc", but does not contain a Q_OBJECT, Q_GADGET or Q_NAMESPACE macro.
[0.366s] 
[0.924s] [  5%] Built target agv_gui_autogen
[1.008s] [35m[1mScanning dependencies of target agv_gui[0m
[1.328s] [ 10%] [32mBuilding CXX object CMakeFiles/agv_gui.dir/src/main_gui.cpp.o[0m
[12.301s] [ 15%] [32m[1mLinking CXX executable agv_gui[0m
[16.924s] /usr/bin/ld: CMakeFiles/agv_gui.dir/src/main_gui.cpp.o: in function `MainGui::showHealthPopUp()':
[16.926s] main_gui.cpp:(.text._ZN7MainGui15showHealthPopUpEv[_ZN7MainGui15showHealthPopUpEv]+0xa4): undefined reference to `HealthPopUp::HealthPopUp(QString const&, QString const&, QString const&, QString const&, QString const&, QWidget*)'
[16.927s] /usr/bin/ld: CMakeFiles/agv_gui.dir/src/main_gui.cpp.o: in function `HealthPopUp::~HealthPopUp()':
[16.928s] main_gui.cpp:(.text._ZN11HealthPopUpD2Ev[_ZN11HealthPopUpD5Ev]+0xc): undefined reference to `vtable for HealthPopUp'
[16.928s] /usr/bin/ld: main_gui.cpp:(.text._ZN11HealthPopUpD2Ev[_ZN11HealthPopUpD5Ev]+0x10): undefined reference to `vtable for HealthPopUp'
[16.929s] /usr/bin/ld: main_gui.cpp:(.text._ZN11HealthPopUpD2Ev[_ZN11HealthPopUpD5Ev]+0x20): undefined reference to `vtable for HealthPopUp'
[16.929s] /usr/bin/ld: main_gui.cpp:(.text._ZN11HealthPopUpD2Ev[_ZN11HealthPopUpD5Ev]+0x24): undefined reference to `vtable for HealthPopUp'
[16.930s] collect2: error: ld returned 1 exit status
[16.938s] make[2]: *** [CMakeFiles/agv_gui.dir/build.make:415: agv_gui] Error 1
[16.939s] make[1]: *** [CMakeFiles/Makefile2:79: CMakeFiles/agv_gui.dir/all] Error 2
[16.940s] make: *** [Makefile:141: all] Error 2
[16.952s] Invoked command in '/home/colin/agv_gui/build/agv_gui' returned '2': CMAKE_PREFIX_PATH=${CMAKE_PREFIX_PATH}:/opt/ros/foxy /usr/bin/cmake --build /home/colin/agv_gui/build/agv_gui -- -j4 -l4
