[0.020s] Invoking command in '/home/colin/agv_gui/build/amr_v4_qt': AMENT_PREFIX_PATH=/home/colin/agv_gui/install/amr_v4_msgs_srvs:${AMENT_PREFIX_PATH} CMAKE_PREFIX_PATH=/home/colin/agv_gui/install/amr_v4_msgs_srvs:/opt/ros/iron LD_LIBRARY_PATH=/home/colin/agv_gui/install/amr_v4_msgs_srvs/lib:${LD_LIBRARY_PATH} PYTHONPATH=/home/colin/agv_gui/install/amr_v4_msgs_srvs/lib/python3.10/site-packages:${PYTHONPATH} /usr/bin/cmake /home/colin/agv_gui/src/amr_v4_qt -DCMAKE_INSTALL_PREFIX=/home/colin/agv_gui/install/amr_v4_qt
[0.084s] -- The C compiler identification is GNU 11.4.0
[0.150s] -- The CXX compiler identification is GNU 11.4.0
[0.158s] -- Detecting C compiler ABI info
[0.252s] -- Detecting C compiler ABI info - done
[0.259s] -- Check for working C compiler: /usr/bin/cc - skipped
[0.260s] -- Detecting C compile features
[0.260s] -- Detecting C compile features - done
[0.263s] -- Detecting CXX compiler ABI info
[0.366s] -- Detecting CXX compiler ABI info - done
[0.376s] -- Check for working CXX compiler: /usr/bin/c++ - skipped
[0.376s] -- Detecting CXX compile features
[0.377s] -- Detecting CXX compile features - done
[0.379s] -- Found ament_cmake: 2.0.5 (/opt/ros/iron/share/ament_cmake/cmake)
[0.556s] -- Found Python3: /usr/bin/python3.10 (found version "3.10.12") found components: Interpreter 
[0.658s] -- Found geometry_msgs: 5.0.1 (/opt/ros/iron/share/geometry_msgs/cmake)
[0.699s] -- Found rosidl_generator_c: 4.0.1 (/opt/ros/iron/share/rosidl_generator_c/cmake)
[0.717s] -- Found rosidl_generator_cpp: 4.0.1 (/opt/ros/iron/share/rosidl_generator_cpp/cmake)
[0.733s] -- Using all available rosidl_typesupport_c: rosidl_typesupport_fastrtps_c;rosidl_typesupport_introspection_c
[0.753s] -- Using all available rosidl_typesupport_cpp: rosidl_typesupport_fastrtps_cpp;rosidl_typesupport_introspection_cpp
[0.912s] -- Found rclcpp: 21.0.6 (/opt/ros/iron/share/rclcpp/cmake)
[1.106s] -- Found rmw_implementation_cmake: 7.1.0 (/opt/ros/iron/share/rmw_implementation_cmake/cmake)
[1.108s] -- Found rmw_fastrtps_cpp: 7.1.3 (/opt/ros/iron/share/rmw_fastrtps_cpp/cmake)
[1.242s] -- Found OpenSSL: /usr/lib/x86_64-linux-gnu/libcrypto.so (found version "3.0.2")  
[1.265s] -- Found FastRTPS: /opt/ros/iron/include  
[1.317s] -- Using RMW implementation 'rmw_fastrtps_cpp' as default
[1.534s] -- Found rclcpp_components: 21.0.6 (/opt/ros/iron/share/rclcpp_components/cmake)
[1.687s] [31mCMake Error at CMakeLists.txt:12 (find_package):
[1.687s]   By not providing "Findrviz_common.cmake" in CMAKE_MODULE_PATH this project
[1.687s]   has asked CMake to find a package configuration file provided by
[1.687s]   "rviz_common", but CMake did not find one.
[1.687s] 
[1.687s]   Could not find a package configuration file provided by "rviz_common" with
[1.687s]   any of the following names:
[1.687s] 
[1.687s]     rviz_commonConfig.cmake
[1.687s]     rviz_common-config.cmake
[1.687s] 
[1.687s]   Add the installation prefix of "rviz_common" to CMAKE_PREFIX_PATH or set
[1.687s]   "rviz_common_DIR" to a directory containing one of the above files.  If
[1.687s]   "rviz_common" provides a separate development package or SDK, be sure it
[1.687s]   has been installed.
[1.688s] 
[1.688s] [0m
[1.688s] -- Configuring incomplete, errors occurred!
[1.688s] See also "/home/colin/agv_gui/build/amr_v4_qt/CMakeFiles/CMakeOutput.log".
[1.696s] Invoked command in '/home/colin/agv_gui/build/amr_v4_qt' returned '1': AMENT_PREFIX_PATH=/home/colin/agv_gui/install/amr_v4_msgs_srvs:${AMENT_PREFIX_PATH} CMAKE_PREFIX_PATH=/home/colin/agv_gui/install/amr_v4_msgs_srvs:/opt/ros/iron LD_LIBRARY_PATH=/home/colin/agv_gui/install/amr_v4_msgs_srvs/lib:${LD_LIBRARY_PATH} PYTHONPATH=/home/colin/agv_gui/install/amr_v4_msgs_srvs/lib/python3.10/site-packages:${PYTHONPATH} /usr/bin/cmake /home/colin/agv_gui/src/amr_v4_qt -DCMAKE_INSTALL_PREFIX=/home/colin/agv_gui/install/amr_v4_qt
