[ 20%] [34m[1mAutomatic MOC and UIC for target agv_gui[0m
[ 20%] Built target agv_gui_autogen
[35m[1mScanning dependencies of target agv_gui[0m
[ 40%] [32mBuilding CXX object CMakeFiles/agv_gui.dir/agv_gui_autogen/mocs_compilation.cpp.o[0m
[ 60%] [32mBuilding CXX object CMakeFiles/agv_gui.dir/src/mtr_node.cpp.o[0m
[ 80%] [32mBuilding CXX object CMakeFiles/agv_gui.dir/src/main_gui.cpp.o[0m
[100%] [32m[1mLinking CXX executable agv_gui[0m
/usr/bin/ld: CMakeFiles/agv_gui.dir/src/main_gui.cpp.o: in function `MotorSub::changedTemp(QString const&)':
main_gui.cpp:(.text+0x4a4): multiple definition of `MotorSub::changedTemp(QString const&)'; CMakeFiles/agv_gui.dir/src/mtr_node.cpp.o:mtr_node.cpp:(.text+0x2a0): first defined here
/usr/bin/ld: CMakeFiles/agv_gui.dir/src/main_gui.cpp.o: in function `MotorSub::qt_static_metacall(QObject*, QMetaObject::Call, int, void**)':
main_gui.cpp:(.text+0x204): multiple definition of `MotorSub::qt_static_metacall(QObject*, QMetaObject::Call, int, void**)'; CMakeFiles/agv_gui.dir/src/mtr_node.cpp.o:mtr_node.cpp:(.text+0x0): first defined here
/usr/bin/ld: CMakeFiles/agv_gui.dir/src/main_gui.cpp.o:(.data.rel.ro+0x8): multiple definition of `MotorSub::staticMetaObject'; CMakeFiles/agv_gui.dir/src/mtr_node.cpp.o:(.data.rel.ro+0x8): first defined here
/usr/bin/ld: CMakeFiles/agv_gui.dir/src/main_gui.cpp.o: in function `MotorSub::metaObject() const':
main_gui.cpp:(.text+0x31c): multiple definition of `MotorSub::metaObject() const'; CMakeFiles/agv_gui.dir/src/mtr_node.cpp.o:mtr_node.cpp:(.text+0x118): first defined here
/usr/bin/ld: CMakeFiles/agv_gui.dir/src/main_gui.cpp.o: in function `MotorSub::qt_metacast(char const*)':
main_gui.cpp:(.text+0x364): multiple definition of `MotorSub::qt_metacast(char const*)'; CMakeFiles/agv_gui.dir/src/mtr_node.cpp.o:mtr_node.cpp:(.text+0x160): first defined here
/usr/bin/ld: CMakeFiles/agv_gui.dir/src/main_gui.cpp.o: in function `MotorSub::qt_metacall(QMetaObject::Call, int, void**)':
main_gui.cpp:(.text+0x3e4): multiple definition of `MotorSub::qt_metacall(QMetaObject::Call, int, void**)'; CMakeFiles/agv_gui.dir/src/mtr_node.cpp.o:mtr_node.cpp:(.text+0x1e0): first defined here
collect2: error: ld returned 1 exit status
make[2]: *** [CMakeFiles/agv_gui.dir/build.make:258: agv_gui] Error 1
make[1]: *** [CMakeFiles/Makefile2:79: CMakeFiles/agv_gui.dir/all] Error 2
make: *** [Makefile:141: all] Error 2
