[0.100s] Invoking command in '/home/amr_1/agv_gui/build/agv_gui': CMAKE_PREFIX_PATH=/opt/ros/foxy /usr/bin/cmake --build /home/amr_1/agv_gui/build/agv_gui -- -j6 -l6
[0.390s] [ 20%] [34m[1mAutomatic MOC and UIC for target agv_gui[0m
[2.045s] [ 20%] Built target agv_gui_autogen
[2.099s] [35m[1mScanning dependencies of target agv_gui[0m
[2.472s] [ 40%] [32mBuilding CXX object CMakeFiles/agv_gui.dir/agv_gui_autogen/mocs_compilation.cpp.o[0m
[2.492s] [ 60%] [32mBuilding CXX object CMakeFiles/agv_gui.dir/src/mtr_node.cpp.o[0m
[2.505s] [ 80%] [32mBuilding CXX object CMakeFiles/agv_gui.dir/src/main_gui.cpp.o[0m
[27.362s] [100%] [32m[1mLinking CXX executable agv_gui[0m
[31.087s] /usr/bin/ld: CMakeFiles/agv_gui.dir/src/main_gui.cpp.o: in function `MotorSub::changedTemp(QString const&)':
[31.089s] main_gui.cpp:(.text+0x4a4): multiple definition of `MotorSub::changedTemp(QString const&)'; CMakeFiles/agv_gui.dir/src/mtr_node.cpp.o:mtr_node.cpp:(.text+0x2a0): first defined here
[31.090s] /usr/bin/ld: CMakeFiles/agv_gui.dir/src/main_gui.cpp.o: in function `MotorSub::qt_static_metacall(QObject*, QMetaObject::Call, int, void**)':
[31.091s] main_gui.cpp:(.text+0x204): multiple definition of `MotorSub::qt_static_metacall(QObject*, QMetaObject::Call, int, void**)'; CMakeFiles/agv_gui.dir/src/mtr_node.cpp.o:mtr_node.cpp:(.text+0x0): first defined here
[31.092s] /usr/bin/ld: CMakeFiles/agv_gui.dir/src/main_gui.cpp.o:(.data.rel.ro+0x8): multiple definition of `MotorSub::staticMetaObject'; CMakeFiles/agv_gui.dir/src/mtr_node.cpp.o:(.data.rel.ro+0x8): first defined here
[31.093s] /usr/bin/ld: CMakeFiles/agv_gui.dir/src/main_gui.cpp.o: in function `MotorSub::metaObject() const':
[31.093s] main_gui.cpp:(.text+0x31c): multiple definition of `MotorSub::metaObject() const'; CMakeFiles/agv_gui.dir/src/mtr_node.cpp.o:mtr_node.cpp:(.text+0x118): first defined here
[31.094s] /usr/bin/ld: CMakeFiles/agv_gui.dir/src/main_gui.cpp.o: in function `MotorSub::qt_metacast(char const*)':
[31.095s] main_gui.cpp:(.text+0x364): multiple definition of `MotorSub::qt_metacast(char const*)'; CMakeFiles/agv_gui.dir/src/mtr_node.cpp.o:mtr_node.cpp:(.text+0x160): first defined here
[31.096s] /usr/bin/ld: CMakeFiles/agv_gui.dir/src/main_gui.cpp.o: in function `MotorSub::qt_metacall(QMetaObject::Call, int, void**)':
[31.096s] main_gui.cpp:(.text+0x3e4): multiple definition of `MotorSub::qt_metacall(QMetaObject::Call, int, void**)'; CMakeFiles/agv_gui.dir/src/mtr_node.cpp.o:mtr_node.cpp:(.text+0x1e0): first defined here
[31.097s] collect2: error: ld returned 1 exit status
[31.101s] make[2]: *** [CMakeFiles/agv_gui.dir/build.make:258: agv_gui] Error 1
[31.103s] make[1]: *** [CMakeFiles/Makefile2:79: CMakeFiles/agv_gui.dir/all] Error 2
[31.104s] make: *** [Makefile:141: all] Error 2
[31.118s] Invoked command in '/home/amr_1/agv_gui/build/agv_gui' returned '2': CMAKE_PREFIX_PATH=/opt/ros/foxy /usr/bin/cmake --build /home/amr_1/agv_gui/build/agv_gui -- -j6 -l6
