[01m[K/home/colin/agv_gui/src/amr_v4_qt/src/main_gui.cpp:[m[K In member function ‘[01m[Kint MainGui::getWifiSignalStrength()[m[K’:
[01m[K/home/colin/agv_gui/src/amr_v4_qt/src/main_gui.cpp:158:18:[m[K [01;31m[Kerror: [m[Kno matching function for call to ‘[01m[KQProcess::start(const char [9], QString&, QIODevice::OpenModeFlag)[m[K’
  158 |     [01;31m[Kprocess.start("iwconfig", arguments, QIODevice::ReadWrite)[m[K;
      |     [01;31m[K~~~~~~~~~~~~~^~~~~~~~~~~~~~~~~~~~~~~~~~~~~~~~~~~~~~~~~~~~~[m[K
In file included from [01m[K/usr/include/x86_64-linux-gnu/qt5/QtCore/QProcess:1[m[K,
                 from [01m[K/home/colin/agv_gui/src/amr_v4_qt/src/main_gui.cpp:5[m[K:
[01m[K/usr/include/x86_64-linux-gnu/qt5/QtCore/qprocess.h:161:10:[m[K [01;36m[Knote: [m[Kcandidate: ‘[01m[Kvoid QProcess::start(const QString&, const QStringList&, QIODevice::OpenMode)[m[K’
  161 |     void [01;36m[Kstart[m[K(const QString &program, const QStringList &arguments, OpenMode mode = ReadWrite);
      |          [01;36m[K^~~~~[m[K
[01m[K/usr/include/x86_64-linux-gnu/qt5/QtCore/qprocess.h:161:59:[m[K [01;36m[Knote: [m[K  no known conversion for argument 2 from ‘[01m[KQString[m[K’ to ‘[01m[Kconst QStringList&[m[K’
  161 |     void start(const QString &program, [01;36m[Kconst QStringList &arguments[m[K, OpenMode mode = ReadWrite);
      |                                        [01;36m[K~~~~~~~~~~~~~~~~~~~^~~~~~~~~[m[K
[01m[K/usr/include/x86_64-linux-gnu/qt5/QtCore/qprocess.h:168:10:[m[K [01;36m[Knote: [m[Kcandidate: ‘[01m[Kvoid QProcess::start(const QString&, QIODevice::OpenMode)[m[K’
  168 |     void [01;36m[Kstart[m[K(const QString &command, OpenMode mode = ReadWrite);
      |          [01;36m[K^~~~~[m[K
[01m[K/usr/include/x86_64-linux-gnu/qt5/QtCore/qprocess.h:168:10:[m[K [01;36m[Knote: [m[K  candidate expects 2 arguments, 3 provided
[01m[K/usr/include/x86_64-linux-gnu/qt5/QtCore/qprocess.h:171:10:[m[K [01;36m[Knote: [m[Kcandidate: ‘[01m[Kvoid QProcess::start(QIODevice::OpenMode)[m[K’
  171 |     void [01;36m[Kstart[m[K(OpenMode mode = ReadWrite);
      |          [01;36m[K^~~~~[m[K
[01m[K/usr/include/x86_64-linux-gnu/qt5/QtCore/qprocess.h:171:10:[m[K [01;36m[Knote: [m[K  candidate expects 1 argument, 3 provided
gmake[2]: *** [CMakeFiles/amr_v4_qt.dir/build.make:152: CMakeFiles/amr_v4_qt.dir/src/main_gui.cpp.o] Error 1
gmake[1]: *** [CMakeFiles/Makefile2:138: CMakeFiles/amr_v4_qt.dir/all] Error 2
gmake: *** [Makefile:146: all] Error 2
