[0.578s] Invoking command in '/home/colin/agv_gui/build/agv_gui': CMAKE_PREFIX_PATH=${CMAKE_PREFIX_PATH}:/opt/ros/galactic /usr/bin/cmake --build /home/colin/agv_gui/build/agv_gui -- -j4 -l4
[0.815s] [  5%] [34m[1mAutomatic MOC and UIC for target agv_gui[0m
[0.858s] AutoMoc warning
[0.858s] ---------------
[0.859s] "SRC:/src/battery_node_1.cpp"
[0.860s] includes the moc file "battery_node_1.moc", but does not contain a Q_OBJECT, Q_GADGET or Q_NAMESPACE macro.
[0.860s] 
[0.860s] AutoMoc warning
[0.861s] ---------------
[0.861s] "SRC:/src/battery_node_2.cpp"
[0.861s] includes the moc file "battery_node_2.moc", but does not contain a Q_OBJECT, Q_GADGET or Q_NAMESPACE macro.
[0.862s] 
[0.862s] AutoMoc warning
[0.862s] ---------------
[0.863s] "SRC:/src/battery_node_3.cpp"
[0.863s] includes the moc file "battery_node_3.moc", but does not contain a Q_OBJECT, Q_GADGET or Q_NAMESPACE macro.
[0.863s] 
[0.864s] AutoMoc warning
[0.864s] ---------------
[0.864s] "SRC:/src/battery_node_4.cpp"
[0.864s] includes the moc file "battery_node_4.moc", but does not contain a Q_OBJECT, Q_GADGET or Q_NAMESPACE macro.
[0.865s] 
[0.865s] AutoMoc warning
[0.865s] ---------------
[0.866s] "SRC:/src/charge_node.cpp"
[0.866s] includes the moc file "charge_node.moc", but does not contain a Q_OBJECT, Q_GADGET or Q_NAMESPACE macro.
[0.866s] 
[1.492s] [  5%] Built target agv_gui_autogen
[1.584s] [35m[1mScanning dependencies of target agv_gui[0m
[1.947s] [ 10%] [32mBuilding CXX object CMakeFiles/agv_gui.dir/src/main_gui.cpp.o[0m
[10.798s] [01m[K/home/colin/agv_gui/src/agv_gui/src/main_gui.cpp:[m[K In function ‘[01m[Kint main(int, char**)[m[K’:
[10.799s] [01m[K/home/colin/agv_gui/src/agv_gui/src/main_gui.cpp:284:14:[m[K [01;31m[Kerror: [m[K‘[01m[Kusing element_type = class MainGui[m[K’ {aka ‘[01m[Kclass MainGui[m[K’} has no member named ‘[01m[KsetFixedSzie[m[K’; did you mean ‘[01m[KsetFixedSize[m[K’?
[10.799s]   284 |     mainGui->[01;31m[KsetFixedSzie[m[K(1280, 400);
[10.800s]       |              [01;31m[K^~~~~~~~~~~~[m[K
[10.800s]       |              [32m[KsetFixedSize[m[K
[12.799s] make[2]: *** [CMakeFiles/agv_gui.dir/build.make:161: CMakeFiles/agv_gui.dir/src/main_gui.cpp.o] Error 1
[12.800s] make[1]: *** [CMakeFiles/Makefile2:79: CMakeFiles/agv_gui.dir/all] Error 2
[12.801s] make: *** [Makefile:141: all] Error 2
[12.812s] Invoked command in '/home/colin/agv_gui/build/agv_gui' returned '2': CMAKE_PREFIX_PATH=${CMAKE_PREFIX_PATH}:/opt/ros/galactic /usr/bin/cmake --build /home/colin/agv_gui/build/agv_gui -- -j4 -l4
