[10.884s] DEBUG:colcon:Command line arguments: ['/usr/bin/colcon', 'build']
[10.885s] DEBUG:colcon:Parsed command line arguments: Namespace(allow_overriding=[], ament_cmake_args=None, base_paths=['.'], build_base='build', catkin_cmake_args=None, catkin_skip_building_tests=False, cmake_args=None, cmake_clean_cache=False, cmake_clean_first=False, cmake_force_configure=False, cmake_target=None, cmake_target_skip_unavailable=False, continue_on_error=False, event_handlers=None, executor='parallel', ignore_user_meta=False, install_base='install', log_base=None, log_level=None, main=<bound method BuildVerb.main of <colcon_core.verb.build.BuildVerb object at 0xffffbbae6eb0>>, merge_install=False, metas=['./colcon.meta'], packages_above=None, packages_above_and_dependencies=None, packages_above_depth=None, packages_end=None, packages_ignore=None, packages_ignore_regex=None, packages_select=None, packages_select_build_failed=False, packages_select_by_dep=None, packages_select_regex=None, packages_select_test_failures=False, packages_skip=None, packages_skip_build_finished=False, packages_skip_by_dep=None, packages_skip_regex=None, packages_skip_test_passed=False, packages_skip_up_to=None, packages_start=None, packages_up_to=None, packages_up_to_regex=None, parallel_workers=6, paths=None, symlink_install=False, test_result_base=None, verb_extension=<colcon_core.verb.build.BuildVerb object at 0xffffbbae6eb0>, verb_name='build', verb_parser=<colcon_defaults.argument_parser.defaults.DefaultArgumentsDecorator object at 0xffffbbae9880>)
[11.408s] Level 1:colcon.colcon_core.package_discovery:discover_packages(colcon_meta) check parameters
[11.409s] Level 1:colcon.colcon_core.package_discovery:discover_packages(recursive) check parameters
[11.409s] Level 1:colcon.colcon_core.package_discovery:discover_packages(ignore) check parameters
[11.409s] Level 1:colcon.colcon_core.package_discovery:discover_packages(path) check parameters
[11.410s] Level 1:colcon.colcon_core.package_discovery:discover_packages(colcon_meta) discover
[11.410s] Level 1:colcon.colcon_core.package_discovery:discover_packages(recursive) discover
[11.410s] INFO:colcon.colcon_core.package_discovery:Crawling recursively for packages in '/home/colin/agv_gui'
[11.411s] Level 1:colcon.colcon_core.package_identification:_identify(.) by extensions ['ignore', 'ignore_ament_install']
[11.412s] Level 1:colcon.colcon_core.package_identification:_identify(.) by extension 'ignore'
[11.412s] Level 1:colcon.colcon_core.package_identification:_identify(.) by extension 'ignore_ament_install'
[11.412s] Level 1:colcon.colcon_core.package_identification:_identify(.) by extensions ['colcon_pkg']
[11.412s] Level 1:colcon.colcon_core.package_identification:_identify(.) by extension 'colcon_pkg'
[11.413s] Level 1:colcon.colcon_core.package_identification:_identify(.) by extensions ['colcon_meta']
[11.413s] Level 1:colcon.colcon_core.package_identification:_identify(.) by extension 'colcon_meta'
[11.413s] Level 1:colcon.colcon_core.package_identification:_identify(.) by extensions ['ros']
[11.413s] Level 1:colcon.colcon_core.package_identification:_identify(.) by extension 'ros'
[11.475s] Level 1:colcon.colcon_core.package_identification:_identify(.) by extensions ['cmake', 'python']
[11.475s] Level 1:colcon.colcon_core.package_identification:_identify(.) by extension 'cmake'
[11.475s] Level 1:colcon.colcon_core.package_identification:_identify(.) by extension 'python'
[11.475s] Level 1:colcon.colcon_core.package_identification:_identify(.) by extensions ['python_setup_py']
[11.476s] Level 1:colcon.colcon_core.package_identification:_identify(.) by extension 'python_setup_py'
[11.476s] Level 1:colcon.colcon_core.package_identification:_identify(amr_v4_msgs_srvs) by extensions ['ignore', 'ignore_ament_install']
[11.477s] Level 1:colcon.colcon_core.package_identification:_identify(amr_v4_msgs_srvs) by extension 'ignore'
[11.477s] Level 1:colcon.colcon_core.package_identification:_identify(amr_v4_msgs_srvs) by extension 'ignore_ament_install'
[11.477s] Level 1:colcon.colcon_core.package_identification:_identify(amr_v4_msgs_srvs) by extensions ['colcon_pkg']
[11.478s] Level 1:colcon.colcon_core.package_identification:_identify(amr_v4_msgs_srvs) by extension 'colcon_pkg'
[11.478s] Level 1:colcon.colcon_core.package_identification:_identify(amr_v4_msgs_srvs) by extensions ['colcon_meta']
[11.478s] Level 1:colcon.colcon_core.package_identification:_identify(amr_v4_msgs_srvs) by extension 'colcon_meta'
[11.479s] Level 1:colcon.colcon_core.package_identification:_identify(amr_v4_msgs_srvs) by extensions ['ros']
[11.479s] Level 1:colcon.colcon_core.package_identification:_identify(amr_v4_msgs_srvs) by extension 'ros'
[11.491s] DEBUG:colcon.colcon_core.package_identification:Package 'amr_v4_msgs_srvs' with type 'ros.ament_cmake' and name 'amr_v4_msgs_srvs'
[11.491s] Level 1:colcon.colcon_core.package_identification:_identify(amr_v4_qt) by extensions ['ignore', 'ignore_ament_install']
[11.492s] Level 1:colcon.colcon_core.package_identification:_identify(amr_v4_qt) by extension 'ignore'
[11.492s] Level 1:colcon.colcon_core.package_identification:_identify(amr_v4_qt) by extension 'ignore_ament_install'
[11.493s] Level 1:colcon.colcon_core.package_identification:_identify(amr_v4_qt) by extensions ['colcon_pkg']
[11.493s] Level 1:colcon.colcon_core.package_identification:_identify(amr_v4_qt) by extension 'colcon_pkg'
[11.493s] Level 1:colcon.colcon_core.package_identification:_identify(amr_v4_qt) by extensions ['colcon_meta']
[11.493s] Level 1:colcon.colcon_core.package_identification:_identify(amr_v4_qt) by extension 'colcon_meta'
[11.494s] Level 1:colcon.colcon_core.package_identification:_identify(amr_v4_qt) by extensions ['ros']
[11.494s] Level 1:colcon.colcon_core.package_identification:_identify(amr_v4_qt) by extension 'ros'
[11.499s] DEBUG:colcon.colcon_core.package_identification:Package 'amr_v4_qt' with type 'ros.ament_cmake' and name 'amr_v4_qt'
[11.500s] Level 1:colcon.colcon_core.package_identification:_identify(build) by extensions ['ignore', 'ignore_ament_install']
[11.500s] Level 1:colcon.colcon_core.package_identification:_identify(build) by extension 'ignore'
[11.500s] Level 1:colcon.colcon_core.package_identification:_identify(build) ignored
[11.501s] Level 1:colcon.colcon_core.package_identification:_identify(install) by extensions ['ignore', 'ignore_ament_install']
[11.502s] Level 1:colcon.colcon_core.package_identification:_identify(install) by extension 'ignore'
[11.502s] Level 1:colcon.colcon_core.package_identification:_identify(install) ignored
[11.503s] Level 1:colcon.colcon_core.package_identification:_identify(log) by extensions ['ignore', 'ignore_ament_install']
[11.503s] Level 1:colcon.colcon_core.package_identification:_identify(log) by extension 'ignore'
[11.503s] Level 1:colcon.colcon_core.package_identification:_identify(log) ignored
[11.504s] Level 1:colcon.colcon_core.package_identification:_identify(src) by extensions ['ignore', 'ignore_ament_install']
[11.504s] Level 1:colcon.colcon_core.package_identification:_identify(src) by extension 'ignore'
[11.504s] Level 1:colcon.colcon_core.package_identification:_identify(src) by extension 'ignore_ament_install'
[11.505s] Level 1:colcon.colcon_core.package_identification:_identify(src) by extensions ['colcon_pkg']
[11.505s] Level 1:colcon.colcon_core.package_identification:_identify(src) by extension 'colcon_pkg'
[11.505s] Level 1:colcon.colcon_core.package_identification:_identify(src) by extensions ['colcon_meta']
[11.505s] Level 1:colcon.colcon_core.package_identification:_identify(src) by extension 'colcon_meta'
[11.506s] Level 1:colcon.colcon_core.package_identification:_identify(src) by extensions ['ros']
[11.506s] Level 1:colcon.colcon_core.package_identification:_identify(src) by extension 'ros'
[11.506s] Level 1:colcon.colcon_core.package_identification:_identify(src) by extensions ['cmake', 'python']
[11.507s] Level 1:colcon.colcon_core.package_identification:_identify(src) by extension 'cmake'
[11.507s] Level 1:colcon.colcon_core.package_identification:_identify(src) by extension 'python'
[11.507s] Level 1:colcon.colcon_core.package_identification:_identify(src) by extensions ['python_setup_py']
[11.507s] Level 1:colcon.colcon_core.package_identification:_identify(src) by extension 'python_setup_py'
[11.507s] Level 1:colcon.colcon_core.package_discovery:discover_packages(recursive) using defaults
[11.508s] Level 1:colcon.colcon_core.package_discovery:discover_packages(ignore) discover
[11.508s] Level 1:colcon.colcon_core.package_discovery:discover_packages(ignore) using defaults
[11.508s] Level 1:colcon.colcon_core.package_discovery:discover_packages(path) discover
[11.508s] Level 1:colcon.colcon_core.package_discovery:discover_packages(path) using defaults
