[0.565s] Invoking command in '/home/colin/agv_gui/build/agv_gui': CMAKE_PREFIX_PATH=${CMAKE_PREFIX_PATH}:/opt/ros/galactic /usr/bin/cmake --build /home/colin/agv_gui/build/agv_gui -- -j4 -l4
[0.807s] [  5%] [34m[1mAutomatic MOC and UIC for target agv_gui[0m
[0.849s] AutoMoc warning
[0.849s] ---------------
[0.850s] "SRC:/src/battery_node_1.cpp"
[0.851s] includes the moc file "battery_node_1.moc", but does not contain a Q_OBJECT, Q_GADGET or Q_NAMESPACE macro.
[0.851s] 
[0.851s] AutoMoc warning
[0.852s] ---------------
[0.852s] "SRC:/src/battery_node_2.cpp"
[0.852s] includes the moc file "battery_node_2.moc", but does not contain a Q_OBJECT, Q_GADGET or Q_NAMESPACE macro.
[0.853s] 
[0.853s] AutoMoc warning
[0.853s] ---------------
[0.854s] "SRC:/src/battery_node_3.cpp"
[0.854s] includes the moc file "battery_node_3.moc", but does not contain a Q_OBJECT, Q_GADGET or Q_NAMESPACE macro.
[0.854s] 
[0.854s] AutoMoc warning
[0.855s] ---------------
[0.855s] "SRC:/src/battery_node_4.cpp"
[0.855s] includes the moc file "battery_node_4.moc", but does not contain a Q_OBJECT, Q_GADGET or Q_NAMESPACE macro.
[0.856s] 
[0.856s] AutoMoc warning
[0.856s] ---------------
[0.857s] "SRC:/src/charge_node.cpp"
[0.857s] includes the moc file "charge_node.moc", but does not contain a Q_OBJECT, Q_GADGET or Q_NAMESPACE macro.
[0.857s] 
[1.479s] [  5%] Built target agv_gui_autogen
[1.570s] [35m[1mScanning dependencies of target agv_gui[0m
[1.908s] [ 10%] [32mBuilding CXX object CMakeFiles/agv_gui.dir/src/main_gui.cpp.o[0m
[10.979s] [01m[K/home/colin/agv_gui/src/agv_gui/src/main_gui.cpp:[m[K In function ‘[01m[Kint main(int, char**)[m[K’:
[10.980s] [01m[K/home/colin/agv_gui/src/agv_gui/src/main_gui.cpp:290:51:[m[K [01;31m[Kerror: [m[Kinvalid use of incomplete type ‘[01m[Kclass QScreen[m[K’
[10.980s]   290 |         QRect secondScreenGeometry = screens.at(1)[01;31m[K->[m[Kgeometry();
[10.981s]       |                                                   [01;31m[K^~[m[K
[10.981s] In file included from [01m[K/usr/include/aarch64-linux-gnu/qt5/QtWidgets/qapplication.h:48[m[K,
[10.981s]                  from [01m[K/usr/include/aarch64-linux-gnu/qt5/QtWidgets/QApplication:1[m[K,
[10.981s]                  from [01m[K/home/colin/agv_gui/src/agv_gui/src/main_gui.cpp:1[m[K:
[10.982s] [01m[K/usr/include/aarch64-linux-gnu/qt5/QtGui/qcursor.h:51:7:[m[K [01;36m[Knote: [m[Kforward declaration of ‘[01m[Kclass QScreen[m[K’
[10.982s]    51 | class [01;36m[KQScreen[m[K;
[10.982s]       |       [01;36m[K^~~~~~~[m[K
[10.989s] [01m[K/home/colin/agv_gui/src/agv_gui/src/main_gui.cpp:309:21:[m[K [01;31m[Kerror: [m[Kredeclaration of ‘[01m[KQList<QScreen*> screens[m[K’
[10.990s]   309 |     QList<QScreen*> [01;31m[Kscreens[m[K = QApplication::screens();
[10.990s]       |                     [01;31m[K^~~~~~~[m[K
[10.990s] [01m[K/home/colin/agv_gui/src/agv_gui/src/main_gui.cpp:282:21:[m[K [01;36m[Knote: [m[K‘[01m[KQList<QScreen*> screens[m[K’ previously declared here
[10.991s]   282 |     QList<QScreen*> [01;36m[Kscreens[m[K = QGuiApplication::screens();
[10.991s]       |                     [01;36m[K^~~~~~~[m[K
[10.997s] [01m[K/home/colin/agv_gui/src/agv_gui/src/main_gui.cpp:310:5:[m[K [01;31m[Kerror: [m[K‘[01m[KmainGui[m[K’ was not declared in this scope; did you mean ‘[01m[KMainGui[m[K’?
[10.997s]   310 |     [01;31m[KmainGui[m[K->setWindowState(Qt::WindowFullScreen);
[10.997s]       |     [01;31m[K^~~~~~~[m[K
[10.998s]       |     [32m[KMainGui[m[K
[13.057s] make[2]: *** [CMakeFiles/agv_gui.dir/build.make:161: CMakeFiles/agv_gui.dir/src/main_gui.cpp.o] Error 1
[13.058s] make[1]: *** [CMakeFiles/Makefile2:79: CMakeFiles/agv_gui.dir/all] Error 2
[13.059s] make: *** [Makefile:141: all] Error 2
[13.071s] Invoked command in '/home/colin/agv_gui/build/agv_gui' returned '2': CMAKE_PREFIX_PATH=${CMAKE_PREFIX_PATH}:/opt/ros/galactic /usr/bin/cmake --build /home/colin/agv_gui/build/agv_gui -- -j4 -l4
