[  2%] [34m[1mAutomatic MOC and UIC for target amr_v4_qt[0m
[  2%] Built target amr_v4_qt_autogen
[  4%] [34m[1mGenerating include/moc_main_gui.cpp[0m
[35m[1mConsolidate compiler generated dependencies of target amr_v4_qt[0m
[  6%] [32mBuilding CXX object CMakeFiles/amr_v4_qt.dir/src/main.cpp.o[0m
[  8%] [32mBuilding CXX object CMakeFiles/amr_v4_qt.dir/include/moc_main_gui.cpp.o[0m
[ 10%] [32mBuilding CXX object CMakeFiles/amr_v4_qt.dir/src/main_gui.cpp.o[0m
[01m[K/home/colin/agv_gui/src/amr_v4_qt/src/main_gui.cpp:[m[K In constructor ‘[01m[KMainGui::MainGui(std::shared_ptr<BatterySub>, std::shared_ptr<RobotSub>, std::shared_ptr<MotorSub>, std::shared_ptr<HealthSub>, std::shared_ptr<RunningSub>, std::shared_ptr<EstopPublisher>, QWidget*)[m[K’:
[01m[K/home/colin/agv_gui/src/amr_v4_qt/src/main_gui.cpp:58:102:[m[K [01;31m[Kerror: [m[Kcannot convert ‘[01m[Kbool[m[K’ to ‘[01m[Kstd_msgs::msg::Bool_<std::allocator<void> >::SharedPtr[m[K’ {aka ‘[01m[Kstd::shared_ptr<std_msgs::msg::Bool_<std::allocator<void> > >[m[K’}
   58 |     connect(runningModeScreen->ui.modeButton, &QPushButton::clicked, this, estop_pub->topic_callback([01;31m[KdriveMode[m[K));
      |                                                                                                      [01;31m[K^~~~~~~~~[m[K
      |                                                                                                      [01;31m[K|[m[K
      |                                                                                                      [01;31m[Kbool[m[K
In file included from [01m[K/home/colin/agv_gui/src/amr_v4_qt/include/main_gui.h:24[m[K,
                 from [01m[K/home/colin/agv_gui/src/amr_v4_qt/src/main_gui.cpp:1[m[K:
[01m[K/home/colin/agv_gui/src/amr_v4_qt/include/estop_publisher.h:17:62:[m[K [01;36m[Knote: [m[K  initializing argument 1 of ‘[01m[Kvoid EstopPublisher::topic_callback(std_msgs::msg::Bool_<std::allocator<void> >::SharedPtr)[m[K’
   17 |     void topic_callback([01;36m[Kconst std_msgs::msg::Bool::SharedPtr msg[m[K);
      |                         [01;36m[K~~~~~~~~~~~~~~~~~~~~~~~~~~~~~~~~~~~~~^~~[m[K
[01m[K/home/colin/agv_gui/src/amr_v4_qt/src/main_gui.cpp:[m[K In member function ‘[01m[Kint MainGui::getWifiSignalStrength()[m[K’:
[01m[K/home/colin/agv_gui/src/amr_v4_qt/src/main_gui.cpp:156:18:[m[K [01;35m[Kwarning: [m[K‘[01m[Kvoid QProcess::start(const QString&, QIODevice::OpenMode)[m[K’ is deprecated: Use QProcess::start(const QString &program, const QStringList &arguments,OpenMode mode = ReadWrite) instead [[01;35m[K]8;;https://gcc.gnu.org/onlinedocs/gcc/Warning-Options.html#index-Wdeprecated-declarations-Wdeprecated-declarations]8;;[m[K]
  156 |     [01;35m[Kprocess.start("iwconfig")[m[K;
      |     [01;35m[K~~~~~~~~~~~~~^~~~~~~~~~~~[m[K
In file included from [01m[K/usr/include/x86_64-linux-gnu/qt5/QtCore/QProcess:1[m[K,
                 from [01m[K/home/colin/agv_gui/src/amr_v4_qt/src/main_gui.cpp:5[m[K:
[01m[K/usr/include/x86_64-linux-gnu/qt5/QtCore/qprocess.h:168:10:[m[K [01;36m[Knote: [m[Kdeclared here
  168 |     void [01;36m[Kstart[m[K(const QString &command, OpenMode mode = ReadWrite);
      |          [01;36m[K^~~~~[m[K
gmake[2]: *** [CMakeFiles/amr_v4_qt.dir/build.make:168: CMakeFiles/amr_v4_qt.dir/src/main_gui.cpp.o] Error 1
gmake[2]: *** Waiting for unfinished jobs....
gmake[1]: *** [CMakeFiles/Makefile2:138: CMakeFiles/amr_v4_qt.dir/all] Error 2
gmake: *** [Makefile:146: all] Error 2
