[0.021s] Invoking command in '/home/kidd/projects/agv_gui/build/amr_v4_qt': CMAKE_PREFIX_PATH=/home/kidd/projects/agv_gui/install/amr_v4_msgs_srvs:/home/kidd/projects/agv_gui/install/amr_v4_qt:/opt/ros/galactic /usr/bin/cmake --build /home/kidd/projects/agv_gui/build/amr_v4_qt -- -j2 -l2
[0.096s] -- Found ament_cmake: 1.1.6 (/opt/ros/galactic/share/ament_cmake/cmake)
[0.121s] -- Using PYTHON_EXECUTABLE: /usr/bin/python3
[0.213s] -- Found geometry_msgs: 2.2.4 (/opt/ros/galactic/share/geometry_msgs/cmake)
[0.242s] -- Using all available rosidl_typesupport_c: rosidl_typesupport_fastrtps_c;rosidl_typesupport_introspection_c
[0.248s] -- Found rosidl_adapter: 2.2.3 (/opt/ros/galactic/share/rosidl_adapter/cmake)
[0.384s] -- Using all available rosidl_typesupport_cpp: rosidl_typesupport_fastrtps_cpp;rosidl_typesupport_introspection_cpp
[0.494s] -- Found rclcpp: 9.2.2 (/opt/ros/galactic/share/rclcpp/cmake)
[0.554s] -- Found rmw_implementation_cmake: 3.3.1 (/opt/ros/galactic/share/rmw_implementation_cmake/cmake)
[0.558s] -- Found rmw_cyclonedds_cpp: 0.22.6 (/opt/ros/galactic/share/rmw_cyclonedds_cpp/cmake)
[0.583s] -- Using RMW implementation 'rmw_cyclonedds_cpp' as default
[0.785s] -- Found rclcpp_components: 9.2.2 (/opt/ros/galactic/share/rclcpp_components/cmake)
[0.855s] -- Found rviz_common: 8.5.2 (/opt/ros/galactic/share/rviz_common/cmake)
[0.884s] -- Setting OGRE_DIR to: '/opt/ros/galactic/share/rviz_ogre_vendor/cmake/../../../opt/rviz_ogre_vendor/lib/OGRE/cmake'
[0.887s] -- Found OGRE
[0.888s] --   static     : OFF
[0.888s] --   components : HLMS;MeshLodGenerator;Overlay;Paging;Property;RTShaderSystem;Terrain;Volume
[0.889s] --   plugins    : Plugin_BSPSceneManager;Plugin_OctreeSceneManager;Plugin_PCZSceneManager;Plugin_ParticleFX;RenderSystem_GL;RenderSystem_GL3Plus;Codec_STBI
[0.890s] --   media      : /opt/ros/galactic/opt/rviz_ogre_vendor/share/OGRE/Media
[0.890s] -- OGRE_LIBRARIES: OgreHLMS;OgreMeshLodGenerator;OgreOverlay;OgrePaging;OgreProperty;OgreRTShaderSystem;OgreTerrain;OgreVolume;OgreMain
[0.891s] -- OGRE_LIBRARY_DIRS: /opt/ros/galactic/opt/rviz_ogre_vendor/lib
[0.892s] -- OGRE_PLUGINS: Plugin_BSPSceneManager;Plugin_OctreeSceneManager;Plugin_PCZSceneManager;Plugin_ParticleFX;RenderSystem_GL;RenderSystem_GL3Plus;Codec_STBI
[0.895s] -- OGRE_PLUGIN_DIR: /opt/ros/galactic/opt/rviz_ogre_vendor/lib/OGRE
[0.895s] -- rviz_ogre_vendor::OgreOverlay for IMPORTED_LOCATION_RELEASE: /opt/ros/galactic/opt/rviz_ogre_vendor/lib/libOgreOverlay.so
[0.896s] -- rviz_ogre_vendor::OgreOverlay for IMPORTED_LOCATION_DEBUG: /opt/ros/galactic/opt/rviz_ogre_vendor/lib/libOgreOverlay.so
[0.896s] -- rviz_ogre_vendor::OgreMain for IMPORTED_LOCATION_RELEASE: /opt/ros/galactic/opt/rviz_ogre_vendor/lib/libOgreMain.so
[0.896s] -- rviz_ogre_vendor::OgreMain for IMPORTED_LOCATION_DEBUG: /opt/ros/galactic/opt/rviz_ogre_vendor/lib/libOgreMain.so
[0.897s] -- Could not find freeimage library
[0.943s] -- rviz_ogre_vendor::RenderSystem_GL for IMPORTED_LOCATION_RELEASE: _render_system_gl_static_library_abs-NOTFOUND
[0.944s] -- rviz_ogre_vendor::RenderSystem_GL for IMPORTED_LOCATION_DEBUG: _render_system_gl_static_library_abs-NOTFOUND
[0.947s] -- library: libassimp.so.5
[0.976s] -- library: /usr/lib/x86_64-linux-gnu/libcurl.so
[1.587s] -- Setting yaml-cpp_DIR to: '/opt/ros/galactic/share/yaml_cpp_vendor/cmake/../../../opt/yaml_cpp_vendor/lib/cmake/yaml-cpp'
[1.592s] -- Found rviz_default_plugins: 8.5.2 (/opt/ros/galactic/share/rviz_default_plugins/cmake)
[2.230s] -- Found std_srvs: 2.2.4 (/opt/ros/galactic/share/std_srvs/cmake)
[2.243s] -- Found amr_v4_msgs_srvs: 0.0.0 (/home/kidd/projects/agv_gui/install/amr_v4_msgs_srvs/share/amr_v4_msgs_srvs/cmake)
[2.265s] -- Found tf2_eigen: 0.17.5 (/opt/ros/galactic/share/tf2_eigen/cmake)
[2.363s] -- Configuring done
[2.465s] -- Generating done
[2.470s] -- Build files have been written to: /home/kidd/projects/agv_gui/build/amr_v4_qt
[2.520s] [  1%] [34m[1mAutomatic MOC and UIC for target amr_v4_qt[0m
[2.541s] [  1%] Built target amr_v4_qt_autogen
[2.570s] [  3%] [34m[1mGenerating include/moc_ui_hello_world_screen.cpp[0m
[2.574s] /home/kidd/projects/agv_gui/amr_v4_qt/include/ui_hello_world_screen.h:0: Note: No relevant classes found. No output generated.
[2.578s] [  5%] [34m[1mGenerating include/moc_hello_world.cpp[0m
[2.595s] [35m[1mScanning dependencies of target amr_v4_qt[0m
[2.678s] [  7%] [32mBuilding CXX object CMakeFiles/amr_v4_qt.dir/src/hello_world.cpp.o[0m
[2.683s] [  9%] [32mBuilding CXX object CMakeFiles/amr_v4_qt.dir/include/moc_ui_hello_world_screen.cpp.o[0m
[2.849s] [ 11%] [32mBuilding CXX object CMakeFiles/amr_v4_qt.dir/include/moc_hello_world.cpp.o[0m
[6.196s] [ 13%] [32m[1mLinking CXX executable amr_v4_qt[0m
[10.450s] [100%] Built target amr_v4_qt
[10.464s] Invoked command in '/home/kidd/projects/agv_gui/build/amr_v4_qt' returned '0': CMAKE_PREFIX_PATH=/home/kidd/projects/agv_gui/install/amr_v4_msgs_srvs:/home/kidd/projects/agv_gui/install/amr_v4_qt:/opt/ros/galactic /usr/bin/cmake --build /home/kidd/projects/agv_gui/build/amr_v4_qt -- -j2 -l2
[10.554s] Invoking command in '/home/kidd/projects/agv_gui/build/amr_v4_qt': CMAKE_PREFIX_PATH=/home/kidd/projects/agv_gui/install/amr_v4_msgs_srvs:/home/kidd/projects/agv_gui/install/amr_v4_qt:/opt/ros/galactic /usr/bin/cmake --install /home/kidd/projects/agv_gui/build/amr_v4_qt
[10.565s] -- Install configuration: ""
[10.572s] -- Installing: /home/kidd/projects/agv_gui/install/amr_v4_qt/lib/amr_v4_qt/amr_v4_qt
[10.573s] -- Set runtime path of "/home/kidd/projects/agv_gui/install/amr_v4_qt/lib/amr_v4_qt/amr_v4_qt" to ""
[10.573s] -- Up-to-date: /home/kidd/projects/agv_gui/install/amr_v4_qt/share/amr_v4_qt/launch
[10.576s] -- Up-to-date: /home/kidd/projects/agv_gui/install/amr_v4_qt/share/amr_v4_qt/launch/gui.launch.py
[10.576s] -- Installing: /home/kidd/projects/agv_gui/install/amr_v4_qt/share/ament_index/resource_index/package_run_dependencies/amr_v4_qt
[10.577s] -- Installing: /home/kidd/projects/agv_gui/install/amr_v4_qt/share/ament_index/resource_index/parent_prefix_path/amr_v4_qt
[10.578s] -- Up-to-date: /home/kidd/projects/agv_gui/install/amr_v4_qt/share/amr_v4_qt/environment/ament_prefix_path.sh
[10.579s] -- Installing: /home/kidd/projects/agv_gui/install/amr_v4_qt/share/amr_v4_qt/environment/ament_prefix_path.dsv
[10.579s] -- Up-to-date: /home/kidd/projects/agv_gui/install/amr_v4_qt/share/amr_v4_qt/environment/path.sh
[10.579s] -- Installing: /home/kidd/projects/agv_gui/install/amr_v4_qt/share/amr_v4_qt/environment/path.dsv
[10.579s] -- Installing: /home/kidd/projects/agv_gui/install/amr_v4_qt/share/amr_v4_qt/local_setup.bash
[10.579s] -- Installing: /home/kidd/projects/agv_gui/install/amr_v4_qt/share/amr_v4_qt/local_setup.sh
[10.583s] -- Installing: /home/kidd/projects/agv_gui/install/amr_v4_qt/share/amr_v4_qt/local_setup.zsh
[10.583s] -- Installing: /home/kidd/projects/agv_gui/install/amr_v4_qt/share/amr_v4_qt/local_setup.dsv
[10.583s] -- Installing: /home/kidd/projects/agv_gui/install/amr_v4_qt/share/amr_v4_qt/package.dsv
[10.583s] -- Installing: /home/kidd/projects/agv_gui/install/amr_v4_qt/share/ament_index/resource_index/packages/amr_v4_qt
[10.586s] -- Installing: /home/kidd/projects/agv_gui/install/amr_v4_qt/share/amr_v4_qt/cmake/amr_v4_qtConfig.cmake
[10.586s] -- Installing: /home/kidd/projects/agv_gui/install/amr_v4_qt/share/amr_v4_qt/cmake/amr_v4_qtConfig-version.cmake
[10.586s] -- Up-to-date: /home/kidd/projects/agv_gui/install/amr_v4_qt/share/amr_v4_qt/package.xml
[10.586s] Invoked command in '/home/kidd/projects/agv_gui/build/amr_v4_qt' returned '0': CMAKE_PREFIX_PATH=/home/kidd/projects/agv_gui/install/amr_v4_msgs_srvs:/home/kidd/projects/agv_gui/install/amr_v4_qt:/opt/ros/galactic /usr/bin/cmake --install /home/kidd/projects/agv_gui/build/amr_v4_qt
