[0.091s] Invoking command in '/home/amr_1/agv_gui/build/agv_gui': CMAKE_PREFIX_PATH=${CMAKE_PREFIX_PATH}:/opt/ros/foxy /usr/bin/cmake /home/amr_1/agv_gui/src/agv_gui -G CodeBlocks - Unix Makefiles -DCMAKE_BUILD_TYPE=Debug -DCMAKE_INSTALL_PREFIX=/home/amr_1/agv_gui/install/agv_gui
[0.171s] -- Found ament_cmake: 0.9.12 (/opt/ros/foxy/share/ament_cmake/cmake)
[0.287s] -- Using PYTHON_EXECUTABLE: /usr/bin/python3
[1.279s] -- Found geometry_msgs: 2.0.5 (/opt/ros/foxy/share/geometry_msgs/cmake)
[1.466s] -- Using all available rosidl_typesupport_c: rosidl_typesupport_fastrtps_c;rosidl_typesupport_introspection_c
[1.511s] -- Found rosidl_adapter: 1.3.1 (/opt/ros/foxy/share/rosidl_adapter/cmake)
[2.033s] -- Found OpenSSL: /usr/lib/aarch64-linux-gnu/libcrypto.so (found version "1.1.1f")  
[2.184s] -- Found FastRTPS: /opt/ros/foxy/include  
[2.639s] -- Using all available rosidl_typesupport_cpp: rosidl_typesupport_fastrtps_cpp;rosidl_typesupport_introspection_cpp
[3.136s] -- Found rclcpp: 2.4.3 (/opt/ros/foxy/share/rclcpp/cmake)
[3.378s] -- Found rmw_implementation_cmake: 1.0.4 (/opt/ros/foxy/share/rmw_implementation_cmake/cmake)
[3.387s] -- Using RMW implementation 'rmw_fastrtps_cpp' as default
[3.392s] -- Looking for pthread.h
[3.862s] -- Looking for pthread.h - found
[3.863s] -- Performing Test CMAKE_HAVE_LIBC_PTHREAD
[4.316s] -- Performing Test CMAKE_HAVE_LIBC_PTHREAD - Failed
[4.317s] -- Looking for pthread_create in pthreads
[4.686s] -- Looking for pthread_create in pthreads - not found
[4.687s] -- Looking for pthread_create in pthread
[5.115s] -- Looking for pthread_create in pthread - found
[5.121s] -- Found Threads: TRUE  
[5.835s] -- Found rclcpp_components: 2.4.3 (/opt/ros/foxy/share/rclcpp_components/cmake)
[6.135s] -- Found rviz_common: 8.2.8 (/opt/ros/foxy/share/rviz_common/cmake)
[6.231s] -- Setting OGRE_DIR to: '/opt/ros/foxy/share/rviz_ogre_vendor/cmake/../../../opt/rviz_ogre_vendor/lib/OGRE/cmake'
[6.246s] -- Found OGRE
[6.246s] --   static     : OFF
[6.247s] --   components : HLMS;MeshLodGenerator;Overlay;Paging;Property;RTShaderSystem;Terrain;Volume
[6.248s] --   plugins    : Plugin_BSPSceneManager;Plugin_OctreeSceneManager;Plugin_PCZSceneManager;Plugin_ParticleFX;RenderSystem_GL;RenderSystem_GL3Plus;Codec_STBI
[6.248s] --   media      : /opt/ros/foxy/opt/rviz_ogre_vendor/share/OGRE/Media
[6.249s] -- OGRE_LIBRARIES: OgreHLMS;OgreMeshLodGenerator;OgreOverlay;OgrePaging;OgreProperty;OgreRTShaderSystem;OgreTerrain;OgreVolume;OgreMain
[6.250s] -- OGRE_LIBRARY_DIRS: /opt/ros/foxy/opt/rviz_ogre_vendor/lib
[6.250s] -- OGRE_PLUGINS: Plugin_BSPSceneManager;Plugin_OctreeSceneManager;Plugin_PCZSceneManager;Plugin_ParticleFX;RenderSystem_GL;RenderSystem_GL3Plus;Codec_STBI
[6.251s] -- OGRE_PLUGIN_DIR: /opt/ros/foxy/opt/rviz_ogre_vendor/lib/OGRE
[6.251s] -- rviz_ogre_vendor::OgreOverlay for IMPORTED_LOCATION_RELEASE: /opt/ros/foxy/opt/rviz_ogre_vendor/lib/libOgreOverlay.so
[6.251s] -- rviz_ogre_vendor::OgreOverlay for IMPORTED_LOCATION_DEBUG: /opt/ros/foxy/opt/rviz_ogre_vendor/lib/libOgreOverlay.so
[6.252s] -- rviz_ogre_vendor::OgreMain for IMPORTED_LOCATION_RELEASE: /opt/ros/foxy/opt/rviz_ogre_vendor/lib/libOgreMain.so
[6.252s] -- rviz_ogre_vendor::OgreMain for IMPORTED_LOCATION_DEBUG: /opt/ros/foxy/opt/rviz_ogre_vendor/lib/libOgreMain.so
[6.256s] -- Could not find freeimage library
[6.350s] -- Found ZLIB: /usr/lib/aarch64-linux-gnu/libz.so (found version "1.2.11") 
[6.377s] -- Found OpenGL: /usr/lib/aarch64-linux-gnu/libOpenGL.so   
[6.945s] -- Found X11: /usr/include   
[6.946s] -- Looking for XOpenDisplay in /usr/lib/aarch64-linux-gnu/libX11.so;/usr/lib/aarch64-linux-gnu/libXext.so
[7.396s] -- Looking for XOpenDisplay in /usr/lib/aarch64-linux-gnu/libX11.so;/usr/lib/aarch64-linux-gnu/libXext.so - found
[7.397s] -- Looking for gethostbyname
[7.804s] -- Looking for gethostbyname - found
[7.805s] -- Looking for connect
[8.217s] -- Looking for connect - found
[8.218s] -- Looking for remove
[8.629s] -- Looking for remove - found
[8.630s] -- Looking for shmat
[9.048s] -- Looking for shmat - found
[9.049s] -- Looking for IceConnectionNumber in ICE
[9.483s] -- Looking for IceConnectionNumber in ICE - found
[9.499s] -- rviz_ogre_vendor::RenderSystem_GL for IMPORTED_LOCATION_RELEASE: _render_system_gl_static_library_abs-NOTFOUND
[9.500s] -- rviz_ogre_vendor::RenderSystem_GL for IMPORTED_LOCATION_DEBUG: _render_system_gl_static_library_abs-NOTFOUND
[9.528s] -- library: libassimp.so.5
[10.050s] -- library: /usr/lib/aarch64-linux-gnu/libcurl.so
[10.739s] -- Found Eigen3: TRUE (found version "3.3.7") 
[12.339s] -- Setting yaml-cpp_DIR to: '/opt/ros/foxy/share/yaml_cpp_vendor/cmake/../../../opt/yaml_cpp_vendor/lib/cmake/yaml-cpp'
[12.361s] -- Found rviz_default_plugins: 8.2.8 (/opt/ros/foxy/share/rviz_default_plugins/cmake)
[14.355s] -- Found std_srvs: 2.0.5 (/opt/ros/foxy/share/std_srvs/cmake)
[14.439s] -- Found tf2_eigen: 0.13.14 (/opt/ros/foxy/share/tf2_eigen/cmake)
[14.785s] -- Configuring done
[15.159s] -- Generating done
[15.173s] -- Build files have been written to: /home/amr_1/agv_gui/build/agv_gui
[15.232s] Invoked command in '/home/amr_1/agv_gui/build/agv_gui' returned '0': CMAKE_PREFIX_PATH=${CMAKE_PREFIX_PATH}:/opt/ros/foxy /usr/bin/cmake /home/amr_1/agv_gui/src/agv_gui -G CodeBlocks - Unix Makefiles -DCMAKE_BUILD_TYPE=Debug -DCMAKE_INSTALL_PREFIX=/home/amr_1/agv_gui/install/agv_gui
[15.247s] Invoking command in '/home/amr_1/agv_gui/build/agv_gui': CMAKE_PREFIX_PATH=${CMAKE_PREFIX_PATH}:/opt/ros/foxy /usr/bin/cmake --build /home/amr_1/agv_gui/build/agv_gui -- -j6 -l6
[15.491s] Scanning dependencies of target agv_gui_autogen
[15.547s] [ 20%] Automatic MOC and UIC for target agv_gui
[17.605s] [ 20%] Built target agv_gui_autogen
[17.988s] Scanning dependencies of target agv_gui
[18.060s] [ 40%] Building CXX object CMakeFiles/agv_gui.dir/agv_gui_autogen/mocs_compilation.cpp.o
[18.090s] [ 60%] Building CXX object CMakeFiles/agv_gui.dir/src/mtr_node.cpp.o
[18.099s] [ 80%] Building CXX object CMakeFiles/agv_gui.dir/src/main_gui.cpp.o
[28.578s] /home/amr_1/agv_gui/src/agv_gui/src/mtr_node.cpp: In member function ‘void MotorSub::topic_callback(std_msgs::msg::String_<std::allocator<void> >::SharedPtr)’:
[28.579s] /home/amr_1/agv_gui/src/agv_gui/src/mtr_node.cpp:24:19: error: cannot convert ‘std_msgs::msg::String_<std::allocator<void> >::_data_type’ {aka ‘std::__cxx11::basic_string<char>’} to ‘double’ in assignment
[28.580s]    24 |       temp = msg->data;
[28.581s]       |              ~~~~~^~~~
[28.581s]       |                   |
[28.582s]       |                   std_msgs::msg::String_<std::allocator<void> >::_data_type {aka std::__cxx11::basic_string<char>}
[30.268s] In file included from /home/amr_1/agv_gui/src/agv_gui/src/main_gui.cpp:13:
[30.269s] /home/amr_1/agv_gui/src/agv_gui/src/mtr_node.cpp: In member function ‘void MotorSub::topic_callback(std_msgs::msg::String_<std::allocator<void> >::SharedPtr)’:
[30.270s] /home/amr_1/agv_gui/src/agv_gui/src/mtr_node.cpp:24:19: error: cannot convert ‘std_msgs::msg::String_<std::allocator<void> >::_data_type’ {aka ‘std::__cxx11::basic_string<char>’} to ‘double’ in assignment
[30.270s]    24 |       temp = msg->data;
[30.270s]       |              ~~~~~^~~~
[30.271s]       |                   |
[30.271s]       |                   std_msgs::msg::String_<std::allocator<void> >::_data_type {aka std::__cxx11::basic_string<char>}
[34.345s] make[2]: *** [CMakeFiles/agv_gui.dir/build.make:76: CMakeFiles/agv_gui.dir/src/mtr_node.cpp.o] Error 1
[34.346s] make[2]: *** Waiting for unfinished jobs....
[38.250s] make[2]: *** [CMakeFiles/agv_gui.dir/build.make:89: CMakeFiles/agv_gui.dir/src/main_gui.cpp.o] Error 1
[38.255s] make[1]: *** [CMakeFiles/Makefile2:79: CMakeFiles/agv_gui.dir/all] Error 2
[38.256s] make: *** [Makefile:141: all] Error 2
[38.264s] Invoked command in '/home/amr_1/agv_gui/build/agv_gui' returned '2': CMAKE_PREFIX_PATH=${CMAKE_PREFIX_PATH}:/opt/ros/foxy /usr/bin/cmake --build /home/amr_1/agv_gui/build/agv_gui -- -j6 -l6
