[0.026s] Invoking command in '/home/colin/agv_gui/build/amr_v4_qt': CMAKE_PREFIX_PATH=${CMAKE_PREFIX_PATH}:/opt/ros/iron /usr/bin/cmake --build /home/colin/agv_gui/build/amr_v4_qt -- -j4 -l4
[0.167s] [  2%] [34m[1mAutomatic MOC and UIC for target amr_v4_qt[0m
[0.240s] [  2%] Built target amr_v4_qt_autogen
[0.289s] [35m[1mConsolidate compiler generated dependencies of target amr_v4_qt[0m
[0.434s] [  5%] [32mBuilding CXX object CMakeFiles/amr_v4_qt.dir/src/main_gui.cpp.o[0m
[0.441s] [  8%] [32mBuilding CXX object CMakeFiles/amr_v4_qt.dir/src/main.cpp.o[0m
[14.627s] [01m[K/home/colin/agv_gui/src/amr_v4_qt/src/main_gui.cpp:[m[K In member function ‘[01m[Kvoid MainGui::onModeSwitched()[m[K’:
[14.628s] [01m[K/home/colin/agv_gui/src/amr_v4_qt/src/main_gui.cpp:102:5:[m[K [01;31m[Kerror: [m[K‘[01m[KmodeNode[m[K’ was not declared in this scope
[14.629s]   102 |     [01;31m[KmodeNode[m[K->mode_callback(driveMode);
[14.629s]       |     [01;31m[K^~~~~~~~[m[K
[14.634s] [01m[K/home/colin/agv_gui/src/amr_v4_qt/src/main_gui.cpp:[m[K In member function ‘[01m[Kint MainGui::getWifiSignalStrength()[m[K’:
[14.634s] [01m[K/home/colin/agv_gui/src/amr_v4_qt/src/main_gui.cpp:158:18:[m[K [01;35m[Kwarning: [m[K‘[01m[Kvoid QProcess::start(const QString&, QIODevice::OpenMode)[m[K’ is deprecated: Use QProcess::start(const QString &program, const QStringList &arguments,OpenMode mode = ReadWrite) instead [[01;35m[K]8;;https://gcc.gnu.org/onlinedocs/gcc/Warning-Options.html#index-Wdeprecated-declarations-Wdeprecated-declarations]8;;[m[K]
[14.634s]   158 |     [01;35m[Kprocess.start("iwconfig")[m[K;
[14.635s]       |     [01;35m[K~~~~~~~~~~~~~^~~~~~~~~~~~[m[K
[14.635s] In file included from [01m[K/usr/include/x86_64-linux-gnu/qt5/QtCore/QProcess:1[m[K,
[14.635s]                  from [01m[K/home/colin/agv_gui/src/amr_v4_qt/src/main_gui.cpp:5[m[K:
[14.635s] [01m[K/usr/include/x86_64-linux-gnu/qt5/QtCore/qprocess.h:168:10:[m[K [01;36m[Knote: [m[Kdeclared here
[14.636s]   168 |     void [01;36m[Kstart[m[K(const QString &command, OpenMode mode = ReadWrite);
[14.636s]       |          [01;36m[K^~~~~[m[K
[16.916s] gmake[2]: *** [CMakeFiles/amr_v4_qt.dir/build.make:152: CMakeFiles/amr_v4_qt.dir/src/main_gui.cpp.o] Error 1
[16.916s] gmake[2]: *** Waiting for unfinished jobs....
[17.641s] gmake[1]: *** [CMakeFiles/Makefile2:138: CMakeFiles/amr_v4_qt.dir/all] Error 2
[17.642s] gmake: *** [Makefile:146: all] Error 2
[17.646s] Invoked command in '/home/colin/agv_gui/build/amr_v4_qt' returned '2': CMAKE_PREFIX_PATH=${CMAKE_PREFIX_PATH}:/opt/ros/iron /usr/bin/cmake --build /home/colin/agv_gui/build/amr_v4_qt -- -j4 -l4
