[0.084s] Invoking command in '/home/colin/agv_gui/build/agv_gui': CMAKE_PREFIX_PATH=${CMAKE_PREFIX_PATH}:/opt/ros/foxy /usr/bin/cmake --build /home/colin/agv_gui/build/agv_gui -- -j4 -l4
[0.318s] [  5%] [34m[1mAutomatic MOC and UIC for target agv_gui[0m
[0.358s] AutoMoc warning
[0.358s] ---------------
[0.358s] "SRC:/src/battery_node_1.cpp"
[0.359s] includes the moc file "battery_node_1.moc", but does not contain a Q_OBJECT, Q_GADGET or Q_NAMESPACE macro.
[0.359s] 
[0.359s] AutoMoc warning
[0.360s] ---------------
[0.360s] "SRC:/src/battery_node_2.cpp"
[0.360s] includes the moc file "battery_node_2.moc", but does not contain a Q_OBJECT, Q_GADGET or Q_NAMESPACE macro.
[0.361s] 
[0.362s] AutoMoc warning
[0.362s] ---------------
[0.362s] "SRC:/src/battery_node_3.cpp"
[0.362s] includes the moc file "battery_node_3.moc", but does not contain a Q_OBJECT, Q_GADGET or Q_NAMESPACE macro.
[0.363s] 
[0.363s] AutoMoc warning
[0.363s] ---------------
[0.364s] "SRC:/src/battery_node_4.cpp"
[0.364s] includes the moc file "battery_node_4.moc", but does not contain a Q_OBJECT, Q_GADGET or Q_NAMESPACE macro.
[0.364s] 
[0.364s] AutoMoc warning
[0.365s] ---------------
[0.365s] "SRC:/src/charge_node.cpp"
[0.365s] includes the moc file "charge_node.moc", but does not contain a Q_OBJECT, Q_GADGET or Q_NAMESPACE macro.
[0.366s] 
[0.988s] [  5%] Built target agv_gui_autogen
[1.077s] [35m[1mScanning dependencies of target agv_gui[0m
[1.415s] [ 10%] [32mBuilding CXX object CMakeFiles/agv_gui.dir/src/main_gui.cpp.o[0m
[13.029s] [ 15%] [32m[1mLinking CXX executable agv_gui[0m
[17.934s] [100%] Built target agv_gui
[17.987s] Invoked command in '/home/colin/agv_gui/build/agv_gui' returned '0': CMAKE_PREFIX_PATH=${CMAKE_PREFIX_PATH}:/opt/ros/foxy /usr/bin/cmake --build /home/colin/agv_gui/build/agv_gui -- -j4 -l4
[18.296s] Invoking command in '/home/colin/agv_gui/build/agv_gui': CMAKE_PREFIX_PATH=${CMAKE_PREFIX_PATH}:/opt/ros/foxy /usr/bin/cmake --install /home/colin/agv_gui/build/agv_gui
[18.367s] -- Install configuration: ""
[18.369s] -- Installing: /home/colin/agv_gui/install/agv_gui/lib/agv_gui/agv_gui
[18.395s] -- Set runtime path of "/home/colin/agv_gui/install/agv_gui/lib/agv_gui/agv_gui" to ""
[18.396s] -- Up-to-date: /home/colin/agv_gui/install/agv_gui/share/agv_gui/launch
[18.397s] -- Up-to-date: /home/colin/agv_gui/install/agv_gui/share/agv_gui/launch/gui.launch.py
[18.399s] -- Up-to-date: /home/colin/agv_gui/install/agv_gui/share/ament_index/resource_index/package_run_dependencies/agv_gui
[18.399s] -- Up-to-date: /home/colin/agv_gui/install/agv_gui/share/ament_index/resource_index/parent_prefix_path/agv_gui
[18.400s] -- Up-to-date: /home/colin/agv_gui/install/agv_gui/share/agv_gui/environment/ament_prefix_path.sh
[18.400s] -- Up-to-date: /home/colin/agv_gui/install/agv_gui/share/agv_gui/environment/ament_prefix_path.dsv
[18.401s] -- Up-to-date: /home/colin/agv_gui/install/agv_gui/share/agv_gui/environment/path.sh
[18.402s] -- Up-to-date: /home/colin/agv_gui/install/agv_gui/share/agv_gui/environment/path.dsv
[18.402s] -- Up-to-date: /home/colin/agv_gui/install/agv_gui/share/agv_gui/local_setup.bash
[18.403s] -- Up-to-date: /home/colin/agv_gui/install/agv_gui/share/agv_gui/local_setup.sh
[18.403s] -- Up-to-date: /home/colin/agv_gui/install/agv_gui/share/agv_gui/local_setup.zsh
[18.404s] -- Up-to-date: /home/colin/agv_gui/install/agv_gui/share/agv_gui/local_setup.dsv
[18.404s] -- Installing: /home/colin/agv_gui/install/agv_gui/share/agv_gui/package.dsv
[18.404s] -- Up-to-date: /home/colin/agv_gui/install/agv_gui/share/ament_index/resource_index/packages/agv_gui
[18.404s] -- Up-to-date: /home/colin/agv_gui/install/agv_gui/share/agv_gui/cmake/agv_guiConfig.cmake
[18.407s] -- Up-to-date: /home/colin/agv_gui/install/agv_gui/share/agv_gui/cmake/agv_guiConfig-version.cmake
[18.413s] -- Up-to-date: /home/colin/agv_gui/install/agv_gui/share/agv_gui/package.xml
[18.414s] Invoked command in '/home/colin/agv_gui/build/agv_gui' returned '0': CMAKE_PREFIX_PATH=${CMAKE_PREFIX_PATH}:/opt/ros/foxy /usr/bin/cmake --install /home/colin/agv_gui/build/agv_gui
