[0.014s] Invoking command in '/home/colin/agv_gui/build/amr_v4_qt': CMAKE_PREFIX_PATH=${CMAKE_PREFIX_PATH}:/opt/ros/iron /usr/bin/cmake --build /home/colin/agv_gui/build/amr_v4_qt -- -j4 -l4
[0.078s] -- Found ament_cmake: 2.0.5 (/opt/ros/iron/share/ament_cmake/cmake)
[0.329s] -- Found geometry_msgs: 5.0.1 (/opt/ros/iron/share/geometry_msgs/cmake)
[0.435s] -- Found rosidl_generator_c: 4.0.1 (/opt/ros/iron/share/rosidl_generator_c/cmake)
[0.457s] -- Found rosidl_generator_cpp: 4.0.1 (/opt/ros/iron/share/rosidl_generator_cpp/cmake)
[0.484s] -- Using all available rosidl_typesupport_c: rosidl_typesupport_fastrtps_c;rosidl_typesupport_introspection_c
[0.516s] -- Using all available rosidl_typesupport_cpp: rosidl_typesupport_fastrtps_cpp;rosidl_typesupport_introspection_cpp
[0.672s] -- Found rclcpp: 21.0.6 (/opt/ros/iron/share/rclcpp/cmake)
[0.920s] -- Found rmw_implementation_cmake: 7.1.0 (/opt/ros/iron/share/rmw_implementation_cmake/cmake)
[0.927s] -- Found rmw_fastrtps_cpp: 7.1.3 (/opt/ros/iron/share/rmw_fastrtps_cpp/cmake)
[1.163s] -- Using RMW implementation 'rmw_fastrtps_cpp' as default
[1.453s] -- Found rclcpp_components: 21.0.6 (/opt/ros/iron/share/rclcpp_components/cmake)
[1.640s] -- Found rviz_common: 12.4.7 (/opt/ros/iron/share/rviz_common/cmake)
[1.677s] -- Setting assimp_DIR to: '/opt/ros/iron/share/rviz_assimp_vendor/cmake/../../../opt/rviz_assimp_vendor/lib/cmake/assimp-4.1'
[1.686s] -- Setting OGRE_DIR to: '/opt/ros/iron/share/rviz_ogre_vendor/cmake/../../../opt/rviz_ogre_vendor/lib/OGRE/cmake'
[1.690s] -- Found OGRE
[1.690s] --   static     : OFF
[1.690s] --   components : MeshLodGenerator;Overlay;Paging;Property;RTShaderSystem;Terrain;Volume
[1.690s] --   plugins    : Plugin_BSPSceneManager;Plugin_OctreeSceneManager;Plugin_PCZSceneManager;Plugin_ParticleFX;RenderSystem_GL;RenderSystem_GL3Plus;Codec_STBI
[1.690s] --   media      : /opt/ros/iron/opt/rviz_ogre_vendor/share/OGRE/Media
[1.690s] -- OGRE_LIBRARIES: OgreMeshLodGenerator;OgreOverlay;OgrePaging;OgreProperty;OgreRTShaderSystem;OgreTerrain;OgreVolume;OgreMain
[1.690s] -- OGRE_LIBRARY_DIRS: /opt/ros/iron/opt/rviz_ogre_vendor/lib
[1.690s] -- OGRE_PLUGINS: Plugin_BSPSceneManager;Plugin_OctreeSceneManager;Plugin_PCZSceneManager;Plugin_ParticleFX;RenderSystem_GL;RenderSystem_GL3Plus;Codec_STBI
[1.690s] -- OGRE_PLUGIN_DIR: /opt/ros/iron/opt/rviz_ogre_vendor/lib/OGRE
[1.690s] -- rviz_ogre_vendor::OgreOverlay for IMPORTED_LOCATION_RELEASE: /opt/ros/iron/opt/rviz_ogre_vendor/lib/libOgreOverlay.so
[1.690s] -- rviz_ogre_vendor::OgreOverlay for IMPORTED_LOCATION_DEBUG: /opt/ros/iron/opt/rviz_ogre_vendor/lib/libOgreOverlay.so
[1.691s] -- rviz_ogre_vendor::OgreMain for IMPORTED_LOCATION_RELEASE: /opt/ros/iron/opt/rviz_ogre_vendor/lib/libOgreMain.so
[1.691s] -- rviz_ogre_vendor::OgreMain for IMPORTED_LOCATION_DEBUG: /opt/ros/iron/opt/rviz_ogre_vendor/lib/libOgreMain.so
[1.693s] -- Could not find freeimage library
[1.771s] -- library: /usr/lib/x86_64-linux-gnu/libcurl.so
[1.981s] -- Ensuring Eigen3 include directory is part of orocos-kdl CMake target
[2.502s] -- Found rviz_default_plugins: 12.4.7 (/opt/ros/iron/share/rviz_default_plugins/cmake)
[3.491s] -- Found std_srvs: 5.0.1 (/opt/ros/iron/share/std_srvs/cmake)
[3.568s] -- Found amr_v4_msgs_srvs: 0.0.0 (/home/colin/agv_gui/install/amr_v4_msgs_srvs/share/amr_v4_msgs_srvs/cmake)
[3.651s] -- Found tf2_eigen: 0.31.7 (/opt/ros/iron/share/tf2_eigen/cmake)
[3.758s] -- Configuring done
[3.838s] -- Generating done
[3.841s] -- Build files have been written to: /home/colin/agv_gui/build/amr_v4_qt
[3.892s] [  1%] [34m[1mAutomatic MOC and UIC for target amr_v4_qt[0m
[3.917s] [  1%] Built target amr_v4_qt_autogen
[3.932s] [  3%] [34m[1mGenerating include/moc_modeNode.cpp[0m
[3.936s] /home/colin/agv_gui/src/amr_v4_qt/include/modeNode.h:0: Note: No relevant classes found. No output generated.
[3.963s] [35m[1mConsolidate compiler generated dependencies of target amr_v4_qt[0m
[4.072s] [  5%] [32mBuilding CXX object CMakeFiles/amr_v4_qt.dir/src/modeNode.cpp.o[0m
[4.074s] [  7%] [32mBuilding CXX object CMakeFiles/amr_v4_qt.dir/include/moc_modeNode.cpp.o[0m
[7.550s] [01m[K/home/colin/agv_gui/src/amr_v4_qt/src/modeNode.cpp:[m[K In constructor ‘[01m[KModeNode::ModeNode()[m[K’:
[7.550s] [01m[K/home/colin/agv_gui/src/amr_v4_qt/src/modeNode.cpp:7:27:[m[K [01;31m[Kerror: [m[Kclass ‘[01m[KModeNode[m[K’ does not have any field named ‘[01m[Kcount_[m[K’
[7.550s]     7 | : Node("mode_publisher"), [01;31m[Kcount_[m[K(0)
[7.550s]       |                           [01;31m[K^~~~~~[m[K
[8.879s] gmake[2]: *** [CMakeFiles/amr_v4_qt.dir/build.make:340: CMakeFiles/amr_v4_qt.dir/src/modeNode.cpp.o] Error 1
[8.879s] gmake[1]: *** [CMakeFiles/Makefile2:138: CMakeFiles/amr_v4_qt.dir/all] Error 2
[8.879s] gmake: *** [Makefile:146: all] Error 2
[8.881s] Invoked command in '/home/colin/agv_gui/build/amr_v4_qt' returned '2': CMAKE_PREFIX_PATH=${CMAKE_PREFIX_PATH}:/opt/ros/iron /usr/bin/cmake --build /home/colin/agv_gui/build/amr_v4_qt -- -j4 -l4
