[  5%] [34m[1mAutomatic MOC and UIC for target agv_gui[0m
AutoMoc warning
---------------
"SRC:/src/battery_node_1.cpp"
includes the moc file "battery_node_1.moc", but does not contain a Q_OBJECT, Q_GADGET or Q_NAMESPACE macro.

AutoMoc warning
---------------
"SRC:/src/battery_node_2.cpp"
includes the moc file "battery_node_2.moc", but does not contain a Q_OBJECT, Q_GADGET or Q_NAMESPACE macro.

AutoMoc warning
---------------
"SRC:/src/battery_node_3.cpp"
includes the moc file "battery_node_3.moc", but does not contain a Q_OBJECT, Q_GADGET or Q_NAMESPACE macro.

AutoMoc warning
---------------
"SRC:/src/battery_node_4.cpp"
includes the moc file "battery_node_4.moc", but does not contain a Q_OBJECT, Q_GADGET or Q_NAMESPACE macro.

AutoMoc warning
---------------
"SRC:/src/charge_node.cpp"
includes the moc file "charge_node.moc", but does not contain a Q_OBJECT, Q_GADGET or Q_NAMESPACE macro.

[  5%] Built target agv_gui_autogen
[ 10%] [32m[1mLinking CXX executable agv_gui[0m
/usr/bin/ld: CMakeFiles/agv_gui.dir/src/main_gui.cpp.o: in function `MainGui::showHealthPopUp()':
main_gui.cpp:(.text._ZN7MainGui15showHealthPopUpEv[_ZN7MainGui15showHealthPopUpEv]+0xa4): undefined reference to `HealthPopUp::HealthPopUp(QString const&, QString const&, QString const&, QString const&, QString const&, QWidget*)'
/usr/bin/ld: CMakeFiles/agv_gui.dir/src/main_gui.cpp.o: in function `HealthPopUp::~HealthPopUp()':
main_gui.cpp:(.text._ZN11HealthPopUpD2Ev[_ZN11HealthPopUpD5Ev]+0xc): undefined reference to `vtable for HealthPopUp'
/usr/bin/ld: main_gui.cpp:(.text._ZN11HealthPopUpD2Ev[_ZN11HealthPopUpD5Ev]+0x10): undefined reference to `vtable for HealthPopUp'
/usr/bin/ld: main_gui.cpp:(.text._ZN11HealthPopUpD2Ev[_ZN11HealthPopUpD5Ev]+0x20): undefined reference to `vtable for HealthPopUp'
/usr/bin/ld: main_gui.cpp:(.text._ZN11HealthPopUpD2Ev[_ZN11HealthPopUpD5Ev]+0x24): undefined reference to `vtable for HealthPopUp'
collect2: error: ld returned 1 exit status
make[2]: *** [CMakeFiles/agv_gui.dir/build.make:415: agv_gui] Error 1
make[1]: *** [CMakeFiles/Makefile2:79: CMakeFiles/agv_gui.dir/all] Error 2
make: *** [Makefile:141: all] Error 2
