[0.710s] Invoking command in '/home/colin/agv_gui/build/agv_gui': CMAKE_PREFIX_PATH=/opt/ros/galactic /usr/bin/cmake --build /home/colin/agv_gui/build/agv_gui -- -j6 -l6
[1.157s] [ 10%] [34m[1mAutomatic MOC and UIC for target agv_gui[0m
[1.246s] AutoMoc warning
[1.246s] ---------------
[1.247s] "SRC:/src/battery_node.cpp"
[1.247s] includes the moc file "battery_node.moc", but does not contain a Q_OBJECT, Q_GADGET or Q_NAMESPACE macro.
[1.251s] 
[1.252s] AutoMoc warning
[1.252s] ---------------
[1.253s] "SRC:/src/charge_node.cpp"
[1.254s] includes the moc file "charge_node.moc", but does not contain a Q_OBJECT, Q_GADGET or Q_NAMESPACE macro.
[1.256s] 
[1.301s] [ 10%] Built target agv_gui_autogen
[1.553s] [ 20%] [32mBuilding CXX object CMakeFiles/agv_gui.dir/src/main_gui.cpp.o[0m
[2.376s] [01m[K/home/colin/agv_gui/src/agv_gui/src/main_gui.cpp:11:10:[m[K [01;31m[Kfatal error: [m[KQNetworkSettingsWireless: No such file or directory
[2.377s]    11 | #include [01;31m[K<QNetworkSettingsWireless>[m[K
[2.378s]       |          [01;31m[K^~~~~~~~~~~~~~~~~~~~~~~~~~[m[K
[2.378s] compilation terminated.
[2.396s] make[2]: *** [CMakeFiles/agv_gui.dir/build.make:110: CMakeFiles/agv_gui.dir/src/main_gui.cpp.o] Error 1
[2.397s] make[1]: *** [CMakeFiles/Makefile2:79: CMakeFiles/agv_gui.dir/all] Error 2
[2.398s] make: *** [Makefile:141: all] Error 2
[2.410s] Invoked command in '/home/colin/agv_gui/build/agv_gui' returned '2': CMAKE_PREFIX_PATH=/opt/ros/galactic /usr/bin/cmake --build /home/colin/agv_gui/build/agv_gui -- -j6 -l6
