[0.627s] Invoking command in '/home/colin/agv_gui/build/amr_v4_qt': AMENT_PREFIX_PATH=/home/colin/agv_gui/install/amr_v4_msgs_srvs:${AMENT_PREFIX_PATH} CMAKE_PREFIX_PATH=/home/colin/agv_gui/install/amr_v4_msgs_srvs:/opt/ros/galactic LD_LIBRARY_PATH=/home/colin/agv_gui/install/amr_v4_msgs_srvs/lib:${LD_LIBRARY_PATH} PYTHONPATH=/home/colin/agv_gui/install/amr_v4_msgs_srvs/lib/python3.8/site-packages:${PYTHONPATH} /usr/bin/cmake /home/colin/agv_gui/amr_v4_qt -DCMAKE_INSTALL_PREFIX=/home/colin/agv_gui/install/amr_v4_qt
[0.707s] -- Found ament_cmake: 1.1.6 (/opt/ros/galactic/share/ament_cmake/cmake)
[0.832s] -- Using PYTHON_EXECUTABLE: /usr/bin/python3
[1.160s] -- Found geometry_msgs: 2.2.4 (/opt/ros/galactic/share/geometry_msgs/cmake)
[1.310s] -- Using all available rosidl_typesupport_c: rosidl_typesupport_fastrtps_c;rosidl_typesupport_introspection_c
[1.335s] -- Found rosidl_adapter: 2.2.3 (/opt/ros/galactic/share/rosidl_adapter/cmake)
[1.981s] -- Using all available rosidl_typesupport_cpp: rosidl_typesupport_fastrtps_cpp;rosidl_typesupport_introspection_cpp
[2.412s] -- Found rclcpp: 9.2.2 (/opt/ros/galactic/share/rclcpp/cmake)
[2.619s] -- Found rmw_implementation_cmake: 3.3.1 (/opt/ros/galactic/share/rmw_implementation_cmake/cmake)
[2.627s] -- Found rmw_cyclonedds_cpp: 0.22.6 (/opt/ros/galactic/share/rmw_cyclonedds_cpp/cmake)
[2.720s] -- Using RMW implementation 'rmw_cyclonedds_cpp' as default
[3.333s] -- Found rclcpp_components: 9.2.2 (/opt/ros/galactic/share/rclcpp_components/cmake)
[3.586s] -- Found rviz_common: 8.5.2 (/opt/ros/galactic/share/rviz_common/cmake)
[3.657s] -- Setting OGRE_DIR to: '/opt/ros/galactic/share/rviz_ogre_vendor/cmake/../../../opt/rviz_ogre_vendor/lib/OGRE/cmake'
[3.674s] -- Found OGRE
[3.676s] --   static     : OFF
[3.677s] --   components : HLMS;MeshLodGenerator;Overlay;Paging;Property;RTShaderSystem;Terrain;Volume
[3.678s] --   plugins    : Plugin_BSPSceneManager;Plugin_OctreeSceneManager;Plugin_PCZSceneManager;Plugin_ParticleFX;RenderSystem_GL;RenderSystem_GL3Plus;Codec_STBI
[3.678s] --   media      : /opt/ros/galactic/opt/rviz_ogre_vendor/share/OGRE/Media
[3.679s] -- OGRE_LIBRARIES: OgreHLMS;OgreMeshLodGenerator;OgreOverlay;OgrePaging;OgreProperty;OgreRTShaderSystem;OgreTerrain;OgreVolume;OgreMain
[3.680s] -- OGRE_LIBRARY_DIRS: /opt/ros/galactic/opt/rviz_ogre_vendor/lib
[3.680s] -- OGRE_PLUGINS: Plugin_BSPSceneManager;Plugin_OctreeSceneManager;Plugin_PCZSceneManager;Plugin_ParticleFX;RenderSystem_GL;RenderSystem_GL3Plus;Codec_STBI
[3.681s] -- OGRE_PLUGIN_DIR: /opt/ros/galactic/opt/rviz_ogre_vendor/lib/OGRE
[3.681s] -- rviz_ogre_vendor::OgreOverlay for IMPORTED_LOCATION_RELEASE: /opt/ros/galactic/opt/rviz_ogre_vendor/lib/libOgreOverlay.so
[3.682s] -- rviz_ogre_vendor::OgreOverlay for IMPORTED_LOCATION_DEBUG: /opt/ros/galactic/opt/rviz_ogre_vendor/lib/libOgreOverlay.so
[3.682s] -- rviz_ogre_vendor::OgreMain for IMPORTED_LOCATION_RELEASE: /opt/ros/galactic/opt/rviz_ogre_vendor/lib/libOgreMain.so
[3.683s] -- rviz_ogre_vendor::OgreMain for IMPORTED_LOCATION_DEBUG: /opt/ros/galactic/opt/rviz_ogre_vendor/lib/libOgreMain.so
[3.685s] -- Could not find freeimage library
[3.878s] -- rviz_ogre_vendor::RenderSystem_GL for IMPORTED_LOCATION_RELEASE: _render_system_gl_static_library_abs-NOTFOUND
[3.878s] -- rviz_ogre_vendor::RenderSystem_GL for IMPORTED_LOCATION_DEBUG: _render_system_gl_static_library_abs-NOTFOUND
[3.892s] -- library: libassimp.so.5
[4.028s] -- library: /usr/lib/aarch64-linux-gnu/libcurl.so
[6.188s] -- Setting yaml-cpp_DIR to: '/opt/ros/galactic/share/yaml_cpp_vendor/cmake/../../../opt/yaml_cpp_vendor/lib/cmake/yaml-cpp'
[6.208s] -- Found rviz_default_plugins: 8.5.2 (/opt/ros/galactic/share/rviz_default_plugins/cmake)
[8.169s] -- Found std_srvs: 2.2.4 (/opt/ros/galactic/share/std_srvs/cmake)
[8.221s] -- Found amr_v4_msgs_srvs: 0.0.0 (/home/colin/agv_gui/install/amr_v4_msgs_srvs/share/amr_v4_msgs_srvs/cmake)
[8.301s] -- Found tf2_eigen: 0.17.5 (/opt/ros/galactic/share/tf2_eigen/cmake)
[8.704s] -- Configuring done
[9.031s] -- Generating done
[9.046s] -- Build files have been written to: /home/colin/agv_gui/build/amr_v4_qt
[9.107s] Invoked command in '/home/colin/agv_gui/build/amr_v4_qt' returned '0': AMENT_PREFIX_PATH=/home/colin/agv_gui/install/amr_v4_msgs_srvs:${AMENT_PREFIX_PATH} CMAKE_PREFIX_PATH=/home/colin/agv_gui/install/amr_v4_msgs_srvs:/opt/ros/galactic LD_LIBRARY_PATH=/home/colin/agv_gui/install/amr_v4_msgs_srvs/lib:${LD_LIBRARY_PATH} PYTHONPATH=/home/colin/agv_gui/install/amr_v4_msgs_srvs/lib/python3.8/site-packages:${PYTHONPATH} /usr/bin/cmake /home/colin/agv_gui/amr_v4_qt -DCMAKE_INSTALL_PREFIX=/home/colin/agv_gui/install/amr_v4_qt
[9.127s] Invoking command in '/home/colin/agv_gui/build/amr_v4_qt': AMENT_PREFIX_PATH=/home/colin/agv_gui/install/amr_v4_msgs_srvs:${AMENT_PREFIX_PATH} CMAKE_PREFIX_PATH=/home/colin/agv_gui/install/amr_v4_msgs_srvs:/opt/ros/galactic LD_LIBRARY_PATH=/home/colin/agv_gui/install/amr_v4_msgs_srvs/lib:${LD_LIBRARY_PATH} PYTHONPATH=/home/colin/agv_gui/install/amr_v4_msgs_srvs/lib/python3.8/site-packages:${PYTHONPATH} /usr/bin/cmake --build /home/colin/agv_gui/build/amr_v4_qt -- -j6 -l6
[9.420s] [  2%] [34m[1mAutomatic MOC and UIC for target amr_v4_qt[0m
[9.526s] [  2%] Built target amr_v4_qt_autogen
[9.678s] [  4%] [34m[1mGenerating include/moc_ui_main_screen.cpp[0m
[9.699s] /home/colin/agv_gui/amr_v4_qt/include/ui_main_screen.h:0: Note: No relevant classes found. No output generated.
[9.766s] [35m[1mScanning dependencies of target amr_v4_qt[0m
[10.702s] [  6%] [32mBuilding CXX object CMakeFiles/amr_v4_qt.dir/src/main_screen.cpp.o[0m
[10.708s] [  8%] [32mBuilding CXX object CMakeFiles/amr_v4_qt.dir/include/moc_main_gui.cpp.o[0m
[10.716s] [ 10%] [32mBuilding CXX object CMakeFiles/amr_v4_qt.dir/src/main.cpp.o[0m
[10.719s] [ 12%] [32mBuilding CXX object CMakeFiles/amr_v4_qt.dir/src/main_gui.cpp.o[0m
[10.734s] [ 14%] [32mBuilding CXX object CMakeFiles/amr_v4_qt.dir/include/moc_ui_main_screen.cpp.o[0m
[10.748s] [ 16%] [32mBuilding CXX object CMakeFiles/amr_v4_qt.dir/include/moc_main_screen.cpp.o[0m
[11.700s] In file included from [01m[K/home/colin/agv_gui/amr_v4_qt/include/ui_main_screen.h:21[m[K,
[11.701s]                  from [01m[K/home/colin/agv_gui/build/amr_v4_qt/include/../../../amr_v4_qt/include/main_screen.h:5[m[K,
[11.702s]                  from [01m[K/home/colin/agv_gui/build/amr_v4_qt/include/moc_main_screen.cpp:9[m[K:
[11.702s] [01m[K/home/colin/agv_gui/amr_v4_qt/include/settings.h:7:8:[m[K [01;35m[Kwarning: [m[Kextra tokens at end of #endif directive [[01;35m[K-Wendif-labels[m[K]
[11.702s]     7 | #endif [01;35m[KSETTINGS_H[m[K
[11.703s]       |        [01;35m[K^~~~~~~~~~[m[K
[11.767s] In file included from [01m[K/home/colin/agv_gui/amr_v4_qt/include/ui_main_screen.h:21[m[K,
[11.767s]                  from [01m[K/home/colin/agv_gui/amr_v4_qt/include/main_screen.h:5[m[K,
[11.768s]                  from [01m[K/home/colin/agv_gui/amr_v4_qt/src/main_screen.cpp:1[m[K:
[11.768s] [01m[K/home/colin/agv_gui/amr_v4_qt/include/settings.h:7:8:[m[K [01;35m[Kwarning: [m[Kextra tokens at end of #endif directive [[01;35m[K-Wendif-labels[m[K]
[11.768s]     7 | #endif [01;35m[KSETTINGS_H[m[K
[11.769s]       |        [01;35m[K^~~~~~~~~~[m[K
[12.313s] In file included from [01m[K/home/colin/agv_gui/amr_v4_qt/include/ui_main_screen.h:21[m[K,
[12.314s]                  from [01m[K/home/colin/agv_gui/build/amr_v4_qt/include/../../../amr_v4_qt/include/main_screen.h:5[m[K,
[12.314s]                  from [01m[K/home/colin/agv_gui/build/amr_v4_qt/include/../../../amr_v4_qt/include/main_gui.h:22[m[K,
[12.315s]                  from [01m[K/home/colin/agv_gui/build/amr_v4_qt/include/moc_main_gui.cpp:9[m[K:
[12.315s] [01m[K/home/colin/agv_gui/amr_v4_qt/include/settings.h:7:8:[m[K [01;35m[Kwarning: [m[Kextra tokens at end of #endif directive [[01;35m[K-Wendif-labels[m[K]
[12.316s]     7 | #endif [01;35m[KSETTINGS_H[m[K
[12.316s]       |        [01;35m[K^~~~~~~~~~[m[K
[12.326s] In file included from [01m[K/home/colin/agv_gui/amr_v4_qt/include/ui_main_screen.h:21[m[K,
[12.327s]                  from [01m[K/home/colin/agv_gui/amr_v4_qt/include/main_screen.h:5[m[K,
[12.329s]                  from [01m[K/home/colin/agv_gui/amr_v4_qt/include/main_gui.h:22[m[K,
[12.329s]                  from [01m[K/home/colin/agv_gui/amr_v4_qt/src/main.cpp:4[m[K:
[12.330s] [01m[K/home/colin/agv_gui/amr_v4_qt/include/settings.h:7:8:[m[K [01;35m[Kwarning: [m[Kextra tokens at end of #endif directive [[01;35m[K-Wendif-labels[m[K]
[12.330s]     7 | #endif [01;35m[KSETTINGS_H[m[K
[12.331s]       |        [01;35m[K^~~~~~~~~~[m[K
[12.331s] In file included from [01m[K/home/colin/agv_gui/amr_v4_qt/include/ui_main_screen.h:21[m[K,
[12.332s]                  from [01m[K/home/colin/agv_gui/amr_v4_qt/include/main_screen.h:5[m[K,
[12.332s]                  from [01m[K/home/colin/agv_gui/amr_v4_qt/include/main_gui.h:22[m[K,
[12.332s]                  from [01m[K/home/colin/agv_gui/amr_v4_qt/src/main_gui.cpp:1[m[K:
[12.333s] [01m[K/home/colin/agv_gui/amr_v4_qt/include/settings.h:7:8:[m[K [01;35m[Kwarning: [m[Kextra tokens at end of #endif directive [[01;35m[K-Wendif-labels[m[K]
[12.333s]     7 | #endif [01;35m[KSETTINGS_H[m[K
[12.335s]       |        [01;35m[K^~~~~~~~~~[m[K
[12.335s] In file included from [01m[K/home/colin/agv_gui/amr_v4_qt/src/main.cpp:9[m[K:
[12.336s] [01m[K/home/colin/agv_gui/amr_v4_qt/include/settings.h:7:8:[m[K [01;35m[Kwarning: [m[Kextra tokens at end of #endif directive [[01;35m[K-Wendif-labels[m[K]
[12.336s]     7 | #endif [01;35m[KSETTINGS_H[m[K
[12.350s]       |        [01;35m[K^~~~~~~~~~[m[K
[29.851s] [ 18%] [32m[1mLinking CXX executable amr_v4_qt[0m
[39.223s] [100%] Built target amr_v4_qt
[39.291s] Invoked command in '/home/colin/agv_gui/build/amr_v4_qt' returned '0': AMENT_PREFIX_PATH=/home/colin/agv_gui/install/amr_v4_msgs_srvs:${AMENT_PREFIX_PATH} CMAKE_PREFIX_PATH=/home/colin/agv_gui/install/amr_v4_msgs_srvs:/opt/ros/galactic LD_LIBRARY_PATH=/home/colin/agv_gui/install/amr_v4_msgs_srvs/lib:${LD_LIBRARY_PATH} PYTHONPATH=/home/colin/agv_gui/install/amr_v4_msgs_srvs/lib/python3.8/site-packages:${PYTHONPATH} /usr/bin/cmake --build /home/colin/agv_gui/build/amr_v4_qt -- -j6 -l6
[39.774s] Invoking command in '/home/colin/agv_gui/build/amr_v4_qt': AMENT_PREFIX_PATH=/home/colin/agv_gui/install/amr_v4_msgs_srvs:${AMENT_PREFIX_PATH} CMAKE_PREFIX_PATH=/home/colin/agv_gui/install/amr_v4_msgs_srvs:/opt/ros/galactic LD_LIBRARY_PATH=/home/colin/agv_gui/install/amr_v4_msgs_srvs/lib:${LD_LIBRARY_PATH} PYTHONPATH=/home/colin/agv_gui/install/amr_v4_msgs_srvs/lib/python3.8/site-packages:${PYTHONPATH} /usr/bin/cmake --install /home/colin/agv_gui/build/amr_v4_qt
[39.821s] -- Install configuration: ""
[39.824s] -- Installing: /home/colin/agv_gui/install/amr_v4_qt/lib/amr_v4_qt/amr_v4_qt
[39.901s] -- Set runtime path of "/home/colin/agv_gui/install/amr_v4_qt/lib/amr_v4_qt/amr_v4_qt" to ""
[39.902s] -- Up-to-date: /home/colin/agv_gui/install/amr_v4_qt/share/amr_v4_qt/launch
[39.905s] -- Up-to-date: /home/colin/agv_gui/install/amr_v4_qt/share/amr_v4_qt/launch/gui.launch.py
[39.906s] -- Up-to-date: /home/colin/agv_gui/install/amr_v4_qt/share/ament_index/resource_index/package_run_dependencies/amr_v4_qt
[39.907s] -- Up-to-date: /home/colin/agv_gui/install/amr_v4_qt/share/ament_index/resource_index/parent_prefix_path/amr_v4_qt
[39.908s] -- Up-to-date: /home/colin/agv_gui/install/amr_v4_qt/share/amr_v4_qt/environment/ament_prefix_path.sh
[39.909s] -- Installing: /home/colin/agv_gui/install/amr_v4_qt/share/amr_v4_qt/environment/ament_prefix_path.dsv
[39.909s] -- Up-to-date: /home/colin/agv_gui/install/amr_v4_qt/share/amr_v4_qt/environment/path.sh
[39.910s] -- Installing: /home/colin/agv_gui/install/amr_v4_qt/share/amr_v4_qt/environment/path.dsv
[39.911s] -- Up-to-date: /home/colin/agv_gui/install/amr_v4_qt/share/amr_v4_qt/local_setup.bash
[39.911s] -- Up-to-date: /home/colin/agv_gui/install/amr_v4_qt/share/amr_v4_qt/local_setup.sh
[39.912s] -- Up-to-date: /home/colin/agv_gui/install/amr_v4_qt/share/amr_v4_qt/local_setup.zsh
[39.913s] -- Installing: /home/colin/agv_gui/install/amr_v4_qt/share/amr_v4_qt/local_setup.dsv
[39.913s] -- Installing: /home/colin/agv_gui/install/amr_v4_qt/share/amr_v4_qt/package.dsv
[39.914s] -- Up-to-date: /home/colin/agv_gui/install/amr_v4_qt/share/ament_index/resource_index/packages/amr_v4_qt
[39.914s] -- Up-to-date: /home/colin/agv_gui/install/amr_v4_qt/share/amr_v4_qt/cmake/amr_v4_qtConfig.cmake
[39.915s] -- Up-to-date: /home/colin/agv_gui/install/amr_v4_qt/share/amr_v4_qt/cmake/amr_v4_qtConfig-version.cmake
[39.915s] -- Up-to-date: /home/colin/agv_gui/install/amr_v4_qt/share/amr_v4_qt/package.xml
[39.925s] Invoked command in '/home/colin/agv_gui/build/amr_v4_qt' returned '0': AMENT_PREFIX_PATH=/home/colin/agv_gui/install/amr_v4_msgs_srvs:${AMENT_PREFIX_PATH} CMAKE_PREFIX_PATH=/home/colin/agv_gui/install/amr_v4_msgs_srvs:/opt/ros/galactic LD_LIBRARY_PATH=/home/colin/agv_gui/install/amr_v4_msgs_srvs/lib:${LD_LIBRARY_PATH} PYTHONPATH=/home/colin/agv_gui/install/amr_v4_msgs_srvs/lib/python3.8/site-packages:${PYTHONPATH} /usr/bin/cmake --install /home/colin/agv_gui/build/amr_v4_qt
