[0.280s] DEBUG:colcon:Command line arguments: ['/usr/bin/colcon', 'build']
[0.280s] DEBUG:colcon:Parsed command line arguments: Namespace(allow_overriding=[], ament_cmake_args=None, base_paths=['.'], build_base='build', catkin_cmake_args=None, catkin_skip_building_tests=False, cmake_args=None, cmake_clean_cache=False, cmake_clean_first=False, cmake_force_configure=False, cmake_target=None, cmake_target_skip_unavailable=False, continue_on_error=False, event_handlers=None, executor='parallel', ignore_user_meta=False, install_base='install', log_base=None, log_level=None, main=<bound method BuildVerb.main of <colcon_core.verb.build.BuildVerb object at 0x7f4e522eea30>>, merge_install=False, metas=['./colcon.meta'], packages_above=None, packages_above_and_dependencies=None, packages_above_depth=None, packages_end=None, packages_ignore=None, packages_ignore_regex=None, packages_select=None, packages_select_build_failed=False, packages_select_by_dep=None, packages_select_regex=None, packages_select_test_failures=False, packages_skip=None, packages_skip_build_finished=False, packages_skip_by_dep=None, packages_skip_regex=None, packages_skip_test_passed=False, packages_skip_up_to=None, packages_start=None, packages_up_to=None, packages_up_to_regex=None, parallel_workers=2, paths=None, symlink_install=False, test_result_base=None, verb_extension=<colcon_core.verb.build.BuildVerb object at 0x7f4e522eea30>, verb_name='build', verb_parser=<colcon_defaults.argument_parser.defaults.DefaultArgumentsDecorator object at 0x7f4e522eef40>)
[0.514s] Level 1:colcon.colcon_core.package_discovery:discover_packages(colcon_meta) check parameters
[0.515s] Level 1:colcon.colcon_core.package_discovery:discover_packages(recursive) check parameters
[0.515s] Level 1:colcon.colcon_core.package_discovery:discover_packages(ignore) check parameters
[0.515s] Level 1:colcon.colcon_core.package_discovery:discover_packages(path) check parameters
[0.515s] Level 1:colcon.colcon_core.package_discovery:discover_packages(colcon_meta) discover
[0.515s] Level 1:colcon.colcon_core.package_discovery:discover_packages(recursive) discover
[0.515s] INFO:colcon.colcon_core.package_discovery:Crawling recursively for packages in '/home/kidd/projects/agv_gui'
[0.516s] Level 1:colcon.colcon_core.package_identification:_identify(.) by extensions ['ignore', 'ignore_ament_install']
[0.516s] Level 1:colcon.colcon_core.package_identification:_identify(.) by extension 'ignore'
[0.516s] Level 1:colcon.colcon_core.package_identification:_identify(.) by extension 'ignore_ament_install'
[0.516s] Level 1:colcon.colcon_core.package_identification:_identify(.) by extensions ['colcon_pkg']
[0.516s] Level 1:colcon.colcon_core.package_identification:_identify(.) by extension 'colcon_pkg'
[0.516s] Level 1:colcon.colcon_core.package_identification:_identify(.) by extensions ['colcon_meta']
[0.517s] Level 1:colcon.colcon_core.package_identification:_identify(.) by extension 'colcon_meta'
[0.517s] Level 1:colcon.colcon_core.package_identification:_identify(.) by extensions ['ros']
[0.517s] Level 1:colcon.colcon_core.package_identification:_identify(.) by extension 'ros'
[0.549s] Level 1:colcon.colcon_core.package_identification:_identify(.) by extensions ['cmake', 'python']
[0.549s] Level 1:colcon.colcon_core.package_identification:_identify(.) by extension 'cmake'
[0.550s] Level 1:colcon.colcon_core.package_identification:_identify(.) by extension 'python'
[0.550s] Level 1:colcon.colcon_core.package_identification:_identify(.) by extensions ['python_setup_py']
[0.550s] Level 1:colcon.colcon_core.package_identification:_identify(.) by extension 'python_setup_py'
[0.551s] Level 1:colcon.colcon_core.package_identification:_identify(amr_v4_msgs_srvs) by extensions ['ignore', 'ignore_ament_install']
[0.551s] Level 1:colcon.colcon_core.package_identification:_identify(amr_v4_msgs_srvs) by extension 'ignore'
[0.552s] Level 1:colcon.colcon_core.package_identification:_identify(amr_v4_msgs_srvs) by extension 'ignore_ament_install'
[0.552s] Level 1:colcon.colcon_core.package_identification:_identify(amr_v4_msgs_srvs) by extensions ['colcon_pkg']
[0.552s] Level 1:colcon.colcon_core.package_identification:_identify(amr_v4_msgs_srvs) by extension 'colcon_pkg'
[0.553s] Level 1:colcon.colcon_core.package_identification:_identify(amr_v4_msgs_srvs) by extensions ['colcon_meta']
[0.553s] Level 1:colcon.colcon_core.package_identification:_identify(amr_v4_msgs_srvs) by extension 'colcon_meta'
[0.554s] Level 1:colcon.colcon_core.package_identification:_identify(amr_v4_msgs_srvs) by extensions ['ros']
[0.554s] Level 1:colcon.colcon_core.package_identification:_identify(amr_v4_msgs_srvs) by extension 'ros'
[0.561s] DEBUG:colcon.colcon_core.package_identification:Package 'amr_v4_msgs_srvs' with type 'ros.ament_cmake' and name 'amr_v4_msgs_srvs'
[0.561s] Level 1:colcon.colcon_core.package_identification:_identify(amr_v4_qt) by extensions ['ignore', 'ignore_ament_install']
[0.562s] Level 1:colcon.colcon_core.package_identification:_identify(amr_v4_qt) by extension 'ignore'
[0.562s] Level 1:colcon.colcon_core.package_identification:_identify(amr_v4_qt) by extension 'ignore_ament_install'
[0.562s] Level 1:colcon.colcon_core.package_identification:_identify(amr_v4_qt) by extensions ['colcon_pkg']
[0.562s] Level 1:colcon.colcon_core.package_identification:_identify(amr_v4_qt) by extension 'colcon_pkg'
[0.563s] Level 1:colcon.colcon_core.package_identification:_identify(amr_v4_qt) by extensions ['colcon_meta']
[0.563s] Level 1:colcon.colcon_core.package_identification:_identify(amr_v4_qt) by extension 'colcon_meta'
[0.563s] Level 1:colcon.colcon_core.package_identification:_identify(amr_v4_qt) by extensions ['ros']
[0.563s] Level 1:colcon.colcon_core.package_identification:_identify(amr_v4_qt) by extension 'ros'
[0.565s] DEBUG:colcon.colcon_core.package_identification:Package 'amr_v4_qt' with type 'ros.ament_cmake' and name 'amr_v4_qt'
[0.565s] Level 1:colcon.colcon_core.package_identification:_identify(build) by extensions ['ignore', 'ignore_ament_install']
[0.565s] Level 1:colcon.colcon_core.package_identification:_identify(build) by extension 'ignore'
[0.565s] Level 1:colcon.colcon_core.package_identification:_identify(build) ignored
[0.566s] Level 1:colcon.colcon_core.package_identification:_identify(install) by extensions ['ignore', 'ignore_ament_install']
[0.566s] Level 1:colcon.colcon_core.package_identification:_identify(install) by extension 'ignore'
[0.566s] Level 1:colcon.colcon_core.package_identification:_identify(install) ignored
[0.567s] Level 1:colcon.colcon_core.package_identification:_identify(log) by extensions ['ignore', 'ignore_ament_install']
[0.567s] Level 1:colcon.colcon_core.package_identification:_identify(log) by extension 'ignore'
[0.567s] Level 1:colcon.colcon_core.package_identification:_identify(log) ignored
[0.567s] Level 1:colcon.colcon_core.package_discovery:discover_packages(recursive) using defaults
[0.567s] Level 1:colcon.colcon_core.package_discovery:discover_packages(ignore) discover
[0.568s] Level 1:colcon.colcon_core.package_discovery:discover_packages(ignore) using defaults
[0.568s] Level 1:colcon.colcon_core.package_discovery:discover_packages(path) discover
[0.568s] Level 1:colcon.colcon_core.package_discovery:discover_packages(path) using defaults
[0.592s] Level 1:colcon.colcon_core.package_discovery:discover_packages(prefix_path) check parameters
[0.594s] Level 1:colcon.colcon_core.package_discovery:discover_packages(prefix_path) discover
[0.597s] DEBUG:colcon.colcon_installed_package_information.package_discovery:Found 2 installed packages in /home/kidd/projects/agv_gui/install
[0.599s] DEBUG:colcon.colcon_installed_package_information.package_discovery:Found 268 installed packages in /opt/ros/galactic
[0.602s] Level 1:colcon.colcon_core.package_discovery:discover_packages(prefix_path) using defaults
[0.812s] Level 5:colcon.colcon_core.verb:set package 'amr_v4_msgs_srvs' build argument 'cmake_args' from command line to 'None'
[0.812s] Level 5:colcon.colcon_core.verb:set package 'amr_v4_msgs_srvs' build argument 'cmake_target' from command line to 'None'
[0.813s] Level 5:colcon.colcon_core.verb:set package 'amr_v4_msgs_srvs' build argument 'cmake_target_skip_unavailable' from command line to 'False'
[0.813s] Level 5:colcon.colcon_core.verb:set package 'amr_v4_msgs_srvs' build argument 'cmake_clean_cache' from command line to 'False'
[0.813s] Level 5:colcon.colcon_core.verb:set package 'amr_v4_msgs_srvs' build argument 'cmake_clean_first' from command line to 'False'
[0.813s] Level 5:colcon.colcon_core.verb:set package 'amr_v4_msgs_srvs' build argument 'cmake_force_configure' from command line to 'False'
[0.813s] Level 5:colcon.colcon_core.verb:set package 'amr_v4_msgs_srvs' build argument 'ament_cmake_args' from command line to 'None'
[0.813s] Level 5:colcon.colcon_core.verb:set package 'amr_v4_msgs_srvs' build argument 'catkin_cmake_args' from command line to 'None'
[0.813s] Level 5:colcon.colcon_core.verb:set package 'amr_v4_msgs_srvs' build argument 'catkin_skip_building_tests' from command line to 'False'
[0.814s] DEBUG:colcon.colcon_core.verb:Building package 'amr_v4_msgs_srvs' with the following arguments: {'ament_cmake_args': None, 'build_base': '/home/kidd/projects/agv_gui/build/amr_v4_msgs_srvs', 'catkin_cmake_args': None, 'catkin_skip_building_tests': False, 'cmake_args': None, 'cmake_clean_cache': False, 'cmake_clean_first': False, 'cmake_force_configure': False, 'cmake_target': None, 'cmake_target_skip_unavailable': False, 'install_base': '/home/kidd/projects/agv_gui/install/amr_v4_msgs_srvs', 'merge_install': False, 'path': '/home/kidd/projects/agv_gui/amr_v4_msgs_srvs', 'symlink_install': False, 'test_result_base': None}
[0.814s] Level 5:colcon.colcon_core.verb:set package 'amr_v4_qt' build argument 'cmake_args' from command line to 'None'
[0.814s] Level 5:colcon.colcon_core.verb:set package 'amr_v4_qt' build argument 'cmake_target' from command line to 'None'
[0.814s] Level 5:colcon.colcon_core.verb:set package 'amr_v4_qt' build argument 'cmake_target_skip_unavailable' from command line to 'False'
[0.815s] Level 5:colcon.colcon_core.verb:set package 'amr_v4_qt' build argument 'cmake_clean_cache' from command line to 'False'
[0.815s] Level 5:colcon.colcon_core.verb:set package 'amr_v4_qt' build argument 'cmake_clean_first' from command line to 'False'
[0.815s] Level 5:colcon.colcon_core.verb:set package 'amr_v4_qt' build argument 'cmake_force_configure' from command line to 'False'
[0.815s] Level 5:colcon.colcon_core.verb:set package 'amr_v4_qt' build argument 'ament_cmake_args' from command line to 'None'
[0.815s] Level 5:colcon.colcon_core.verb:set package 'amr_v4_qt' build argument 'catkin_cmake_args' from command line to 'None'
[0.815s] Level 5:colcon.colcon_core.verb:set package 'amr_v4_qt' build argument 'catkin_skip_building_tests' from command line to 'False'
[0.815s] DEBUG:colcon.colcon_core.verb:Building package 'amr_v4_qt' with the following arguments: {'ament_cmake_args': None, 'build_base': '/home/kidd/projects/agv_gui/build/amr_v4_qt', 'catkin_cmake_args': None, 'catkin_skip_building_tests': False, 'cmake_args': None, 'cmake_clean_cache': False, 'cmake_clean_first': False, 'cmake_force_configure': False, 'cmake_target': None, 'cmake_target_skip_unavailable': False, 'install_base': '/home/kidd/projects/agv_gui/install/amr_v4_qt', 'merge_install': False, 'path': '/home/kidd/projects/agv_gui/amr_v4_qt', 'symlink_install': False, 'test_result_base': None}
[0.815s] INFO:colcon.colcon_core.executor:Executing jobs using 'parallel' executor
[0.817s] DEBUG:colcon.colcon_parallel_executor.executor.parallel:run_until_complete
[0.820s] INFO:colcon.colcon_ros.task.ament_cmake.build:Building ROS package in '/home/kidd/projects/agv_gui/amr_v4_msgs_srvs' with build type 'ament_cmake'
[0.821s] INFO:colcon.colcon_cmake.task.cmake.build:Building CMake package in '/home/kidd/projects/agv_gui/amr_v4_msgs_srvs'
[0.823s] INFO:colcon.colcon_core.plugin_system:Skipping extension 'colcon_core.shell.bat': Not used on non-Windows systems
[0.823s] INFO:colcon.colcon_core.shell:Skip shell extension 'powershell' for command environment: Not usable outside of PowerShell
[0.823s] DEBUG:colcon.colcon_core.shell:Skip shell extension 'dsv' for command environment
[0.836s] DEBUG:colcon.colcon_core.event_handler.log_command:Invoking command in '/home/kidd/projects/agv_gui/build/amr_v4_msgs_srvs': CMAKE_PREFIX_PATH=${CMAKE_PREFIX_PATH}:/opt/ros/galactic /usr/bin/cmake /home/kidd/projects/agv_gui/amr_v4_msgs_srvs -DCMAKE_INSTALL_PREFIX=/home/kidd/projects/agv_gui/install/amr_v4_msgs_srvs
[3.656s] DEBUG:colcon.colcon_core.event_handler.log_command:Invoked command in '/home/kidd/projects/agv_gui/build/amr_v4_msgs_srvs' returned '0': CMAKE_PREFIX_PATH=${CMAKE_PREFIX_PATH}:/opt/ros/galactic /usr/bin/cmake /home/kidd/projects/agv_gui/amr_v4_msgs_srvs -DCMAKE_INSTALL_PREFIX=/home/kidd/projects/agv_gui/install/amr_v4_msgs_srvs
[3.662s] DEBUG:colcon.colcon_core.event_handler.log_command:Invoking command in '/home/kidd/projects/agv_gui/build/amr_v4_msgs_srvs': CMAKE_PREFIX_PATH=${CMAKE_PREFIX_PATH}:/opt/ros/galactic /usr/bin/cmake --build /home/kidd/projects/agv_gui/build/amr_v4_msgs_srvs -- -j2 -l2
[25.094s] DEBUG:colcon.colcon_core.event_handler.log_command:Invoked command in '/home/kidd/projects/agv_gui/build/amr_v4_msgs_srvs' returned '0': CMAKE_PREFIX_PATH=${CMAKE_PREFIX_PATH}:/opt/ros/galactic /usr/bin/cmake --build /home/kidd/projects/agv_gui/build/amr_v4_msgs_srvs -- -j2 -l2
[25.373s] DEBUG:colcon.colcon_core.event_handler.log_command:Invoking command in '/home/kidd/projects/agv_gui/build/amr_v4_msgs_srvs': CMAKE_PREFIX_PATH=${CMAKE_PREFIX_PATH}:/opt/ros/galactic /usr/bin/cmake --install /home/kidd/projects/agv_gui/build/amr_v4_msgs_srvs
[25.626s] Level 1:colcon.colcon_core.environment:create_environment_scripts_only(amr_v4_msgs_srvs)
[25.635s] Level 1:colcon.colcon_core.environment:checking '/home/kidd/projects/agv_gui/install/amr_v4_msgs_srvs' for CMake module files
[25.636s] Level 1:colcon.colcon_core.environment:checking '/home/kidd/projects/agv_gui/install/amr_v4_msgs_srvs' for CMake config files
[25.641s] DEBUG:colcon.colcon_core.event_handler.log_command:Invoked command in '/home/kidd/projects/agv_gui/build/amr_v4_msgs_srvs' returned '0': CMAKE_PREFIX_PATH=${CMAKE_PREFIX_PATH}:/opt/ros/galactic /usr/bin/cmake --install /home/kidd/projects/agv_gui/build/amr_v4_msgs_srvs
[25.642s] Level 1:colcon.colcon_core.shell:create_environment_hook('amr_v4_msgs_srvs', 'cmake_prefix_path')
[25.643s] INFO:colcon.colcon_core.shell:Creating environment hook '/home/kidd/projects/agv_gui/install/amr_v4_msgs_srvs/share/amr_v4_msgs_srvs/hook/cmake_prefix_path.ps1'
[25.646s] INFO:colcon.colcon_core.shell:Creating environment descriptor '/home/kidd/projects/agv_gui/install/amr_v4_msgs_srvs/share/amr_v4_msgs_srvs/hook/cmake_prefix_path.dsv'
[25.648s] INFO:colcon.colcon_core.shell:Creating environment hook '/home/kidd/projects/agv_gui/install/amr_v4_msgs_srvs/share/amr_v4_msgs_srvs/hook/cmake_prefix_path.sh'
[25.651s] Level 1:colcon.colcon_core.environment:checking '/home/kidd/projects/agv_gui/install/amr_v4_msgs_srvs/lib'
[25.651s] Level 1:colcon.colcon_core.shell:create_environment_hook('amr_v4_msgs_srvs', 'ld_library_path_lib')
[25.651s] INFO:colcon.colcon_core.shell:Creating environment hook '/home/kidd/projects/agv_gui/install/amr_v4_msgs_srvs/share/amr_v4_msgs_srvs/hook/ld_library_path_lib.ps1'
[25.652s] INFO:colcon.colcon_core.shell:Creating environment descriptor '/home/kidd/projects/agv_gui/install/amr_v4_msgs_srvs/share/amr_v4_msgs_srvs/hook/ld_library_path_lib.dsv'
[25.653s] INFO:colcon.colcon_core.shell:Creating environment hook '/home/kidd/projects/agv_gui/install/amr_v4_msgs_srvs/share/amr_v4_msgs_srvs/hook/ld_library_path_lib.sh'
[25.654s] Level 1:colcon.colcon_core.environment:checking '/home/kidd/projects/agv_gui/install/amr_v4_msgs_srvs/bin'
[25.654s] Level 1:colcon.colcon_core.environment:checking '/home/kidd/projects/agv_gui/install/amr_v4_msgs_srvs/lib/pkgconfig/amr_v4_msgs_srvs.pc'
[25.655s] Level 1:colcon.colcon_core.environment:checking '/home/kidd/projects/agv_gui/install/amr_v4_msgs_srvs/lib/python3.8/site-packages'
[25.655s] Level 1:colcon.colcon_core.shell:create_environment_hook('amr_v4_msgs_srvs', 'pythonpath')
[25.655s] INFO:colcon.colcon_core.shell:Creating environment hook '/home/kidd/projects/agv_gui/install/amr_v4_msgs_srvs/share/amr_v4_msgs_srvs/hook/pythonpath.ps1'
[25.656s] INFO:colcon.colcon_core.shell:Creating environment descriptor '/home/kidd/projects/agv_gui/install/amr_v4_msgs_srvs/share/amr_v4_msgs_srvs/hook/pythonpath.dsv'
[25.657s] INFO:colcon.colcon_core.shell:Creating environment hook '/home/kidd/projects/agv_gui/install/amr_v4_msgs_srvs/share/amr_v4_msgs_srvs/hook/pythonpath.sh'
[25.659s] Level 1:colcon.colcon_core.environment:checking '/home/kidd/projects/agv_gui/install/amr_v4_msgs_srvs/bin'
[25.661s] INFO:colcon.colcon_core.shell:Creating package script '/home/kidd/projects/agv_gui/install/amr_v4_msgs_srvs/share/amr_v4_msgs_srvs/package.ps1'
[25.666s] INFO:colcon.colcon_core.shell:Creating package descriptor '/home/kidd/projects/agv_gui/install/amr_v4_msgs_srvs/share/amr_v4_msgs_srvs/package.dsv'
[25.668s] INFO:colcon.colcon_core.shell:Creating package script '/home/kidd/projects/agv_gui/install/amr_v4_msgs_srvs/share/amr_v4_msgs_srvs/package.sh'
[25.670s] INFO:colcon.colcon_core.shell:Creating package script '/home/kidd/projects/agv_gui/install/amr_v4_msgs_srvs/share/amr_v4_msgs_srvs/package.bash'
[25.672s] INFO:colcon.colcon_core.shell:Creating package script '/home/kidd/projects/agv_gui/install/amr_v4_msgs_srvs/share/amr_v4_msgs_srvs/package.zsh'
[25.675s] Level 1:colcon.colcon_core.environment:create_file_with_runtime_dependencies(/home/kidd/projects/agv_gui/install/amr_v4_msgs_srvs/share/colcon-core/packages/amr_v4_msgs_srvs)
[25.860s] Level 1:colcon.colcon_core.environment:create_environment_scripts_only(amr_v4_msgs_srvs)
[25.860s] Level 1:colcon.colcon_core.environment:checking '/home/kidd/projects/agv_gui/install/amr_v4_msgs_srvs' for CMake module files
[25.862s] Level 1:colcon.colcon_core.environment:checking '/home/kidd/projects/agv_gui/install/amr_v4_msgs_srvs' for CMake config files
[25.865s] Level 1:colcon.colcon_core.shell:create_environment_hook('amr_v4_msgs_srvs', 'cmake_prefix_path')
[25.874s] INFO:colcon.colcon_core.shell:Creating environment hook '/home/kidd/projects/agv_gui/install/amr_v4_msgs_srvs/share/amr_v4_msgs_srvs/hook/cmake_prefix_path.ps1'
[25.876s] INFO:colcon.colcon_core.shell:Creating environment descriptor '/home/kidd/projects/agv_gui/install/amr_v4_msgs_srvs/share/amr_v4_msgs_srvs/hook/cmake_prefix_path.dsv'
[25.877s] INFO:colcon.colcon_core.shell:Creating environment hook '/home/kidd/projects/agv_gui/install/amr_v4_msgs_srvs/share/amr_v4_msgs_srvs/hook/cmake_prefix_path.sh'
[25.878s] Level 1:colcon.colcon_core.environment:checking '/home/kidd/projects/agv_gui/install/amr_v4_msgs_srvs/lib'
[25.878s] Level 1:colcon.colcon_core.shell:create_environment_hook('amr_v4_msgs_srvs', 'ld_library_path_lib')
[25.879s] INFO:colcon.colcon_core.shell:Creating environment hook '/home/kidd/projects/agv_gui/install/amr_v4_msgs_srvs/share/amr_v4_msgs_srvs/hook/ld_library_path_lib.ps1'
[25.880s] INFO:colcon.colcon_core.shell:Creating environment descriptor '/home/kidd/projects/agv_gui/install/amr_v4_msgs_srvs/share/amr_v4_msgs_srvs/hook/ld_library_path_lib.dsv'
[25.881s] INFO:colcon.colcon_core.shell:Creating environment hook '/home/kidd/projects/agv_gui/install/amr_v4_msgs_srvs/share/amr_v4_msgs_srvs/hook/ld_library_path_lib.sh'
[25.882s] Level 1:colcon.colcon_core.environment:checking '/home/kidd/projects/agv_gui/install/amr_v4_msgs_srvs/bin'
[25.882s] Level 1:colcon.colcon_core.environment:checking '/home/kidd/projects/agv_gui/install/amr_v4_msgs_srvs/lib/pkgconfig/amr_v4_msgs_srvs.pc'
[25.882s] Level 1:colcon.colcon_core.environment:checking '/home/kidd/projects/agv_gui/install/amr_v4_msgs_srvs/lib/python3.8/site-packages'
[25.883s] Level 1:colcon.colcon_core.shell:create_environment_hook('amr_v4_msgs_srvs', 'pythonpath')
[25.883s] INFO:colcon.colcon_core.shell:Creating environment hook '/home/kidd/projects/agv_gui/install/amr_v4_msgs_srvs/share/amr_v4_msgs_srvs/hook/pythonpath.ps1'
[25.885s] INFO:colcon.colcon_core.shell:Creating environment descriptor '/home/kidd/projects/agv_gui/install/amr_v4_msgs_srvs/share/amr_v4_msgs_srvs/hook/pythonpath.dsv'
[25.886s] INFO:colcon.colcon_core.shell:Creating environment hook '/home/kidd/projects/agv_gui/install/amr_v4_msgs_srvs/share/amr_v4_msgs_srvs/hook/pythonpath.sh'
[25.892s] Level 1:colcon.colcon_core.environment:checking '/home/kidd/projects/agv_gui/install/amr_v4_msgs_srvs/bin'
[25.893s] INFO:colcon.colcon_core.shell:Creating package script '/home/kidd/projects/agv_gui/install/amr_v4_msgs_srvs/share/amr_v4_msgs_srvs/package.ps1'
[25.895s] INFO:colcon.colcon_core.shell:Creating package descriptor '/home/kidd/projects/agv_gui/install/amr_v4_msgs_srvs/share/amr_v4_msgs_srvs/package.dsv'
[25.896s] INFO:colcon.colcon_core.shell:Creating package script '/home/kidd/projects/agv_gui/install/amr_v4_msgs_srvs/share/amr_v4_msgs_srvs/package.sh'
[25.898s] INFO:colcon.colcon_core.shell:Creating package script '/home/kidd/projects/agv_gui/install/amr_v4_msgs_srvs/share/amr_v4_msgs_srvs/package.bash'
[25.900s] INFO:colcon.colcon_core.shell:Creating package script '/home/kidd/projects/agv_gui/install/amr_v4_msgs_srvs/share/amr_v4_msgs_srvs/package.zsh'
[25.901s] Level 1:colcon.colcon_core.environment:create_file_with_runtime_dependencies(/home/kidd/projects/agv_gui/install/amr_v4_msgs_srvs/share/colcon-core/packages/amr_v4_msgs_srvs)
[25.903s] INFO:colcon.colcon_ros.task.ament_cmake.build:Building ROS package in '/home/kidd/projects/agv_gui/amr_v4_qt' with build type 'ament_cmake'
[25.908s] INFO:colcon.colcon_cmake.task.cmake.build:Building CMake package in '/home/kidd/projects/agv_gui/amr_v4_qt'
[25.908s] INFO:colcon.colcon_core.shell:Skip shell extension 'powershell' for command environment: Not usable outside of PowerShell
[25.908s] DEBUG:colcon.colcon_core.shell:Skip shell extension 'dsv' for command environment
[25.943s] DEBUG:colcon.colcon_core.event_handler.log_command:Invoking command in '/home/kidd/projects/agv_gui/build/amr_v4_qt': CMAKE_PREFIX_PATH=/home/kidd/projects/agv_gui/install/amr_v4_msgs_srvs:/home/kidd/projects/agv_gui/install/amr_v4_qt:/opt/ros/galactic /usr/bin/cmake /home/kidd/projects/agv_gui/amr_v4_qt -DCMAKE_INSTALL_PREFIX=/home/kidd/projects/agv_gui/install/amr_v4_qt
[36.753s] DEBUG:colcon.colcon_core.event_handler.log_command:Invoked command in '/home/kidd/projects/agv_gui/build/amr_v4_qt' returned '0': CMAKE_PREFIX_PATH=/home/kidd/projects/agv_gui/install/amr_v4_msgs_srvs:/home/kidd/projects/agv_gui/install/amr_v4_qt:/opt/ros/galactic /usr/bin/cmake /home/kidd/projects/agv_gui/amr_v4_qt -DCMAKE_INSTALL_PREFIX=/home/kidd/projects/agv_gui/install/amr_v4_qt
[36.754s] DEBUG:colcon.colcon_core.event_handler.log_command:Invoking command in '/home/kidd/projects/agv_gui/build/amr_v4_qt': CMAKE_PREFIX_PATH=/home/kidd/projects/agv_gui/install/amr_v4_msgs_srvs:/home/kidd/projects/agv_gui/install/amr_v4_qt:/opt/ros/galactic /usr/bin/cmake --build /home/kidd/projects/agv_gui/build/amr_v4_qt -- -j2 -l2
[67.419s] DEBUG:colcon.colcon_core.event_handler.log_command:Invoked command in '/home/kidd/projects/agv_gui/build/amr_v4_qt' returned '2': CMAKE_PREFIX_PATH=/home/kidd/projects/agv_gui/install/amr_v4_msgs_srvs:/home/kidd/projects/agv_gui/install/amr_v4_qt:/opt/ros/galactic /usr/bin/cmake --build /home/kidd/projects/agv_gui/build/amr_v4_qt -- -j2 -l2
[67.748s] Level 1:colcon.colcon_core.environment:create_environment_scripts_only(amr_v4_qt)
[67.749s] Level 1:colcon.colcon_core.environment:checking '/home/kidd/projects/agv_gui/install/amr_v4_qt' for CMake module files
[67.750s] Level 1:colcon.colcon_core.environment:checking '/home/kidd/projects/agv_gui/install/amr_v4_qt' for CMake config files
[67.751s] Level 1:colcon.colcon_core.shell:create_environment_hook('amr_v4_qt', 'cmake_prefix_path')
[67.751s] INFO:colcon.colcon_core.shell:Creating environment hook '/home/kidd/projects/agv_gui/install/amr_v4_qt/share/amr_v4_qt/hook/cmake_prefix_path.ps1'
[67.758s] INFO:colcon.colcon_core.shell:Creating environment descriptor '/home/kidd/projects/agv_gui/install/amr_v4_qt/share/amr_v4_qt/hook/cmake_prefix_path.dsv'
[67.760s] INFO:colcon.colcon_core.shell:Creating environment hook '/home/kidd/projects/agv_gui/install/amr_v4_qt/share/amr_v4_qt/hook/cmake_prefix_path.sh'
[67.762s] Level 1:colcon.colcon_core.environment:checking '/home/kidd/projects/agv_gui/install/amr_v4_qt/lib'
[67.762s] Level 1:colcon.colcon_core.environment:checking '/home/kidd/projects/agv_gui/install/amr_v4_qt/bin'
[67.762s] Level 1:colcon.colcon_core.environment:checking '/home/kidd/projects/agv_gui/install/amr_v4_qt/lib/pkgconfig/amr_v4_qt.pc'
[67.763s] Level 1:colcon.colcon_core.environment:checking '/home/kidd/projects/agv_gui/install/amr_v4_qt/lib/python3.8/site-packages'
[67.763s] Level 1:colcon.colcon_core.environment:checking '/home/kidd/projects/agv_gui/install/amr_v4_qt/bin'
[67.764s] INFO:colcon.colcon_core.shell:Creating package script '/home/kidd/projects/agv_gui/install/amr_v4_qt/share/amr_v4_qt/package.ps1'
[67.777s] INFO:colcon.colcon_core.shell:Creating package descriptor '/home/kidd/projects/agv_gui/install/amr_v4_qt/share/amr_v4_qt/package.dsv'
[67.778s] INFO:colcon.colcon_core.shell:Creating package script '/home/kidd/projects/agv_gui/install/amr_v4_qt/share/amr_v4_qt/package.sh'
[67.780s] INFO:colcon.colcon_core.shell:Creating package script '/home/kidd/projects/agv_gui/install/amr_v4_qt/share/amr_v4_qt/package.bash'
[67.790s] INFO:colcon.colcon_core.shell:Creating package script '/home/kidd/projects/agv_gui/install/amr_v4_qt/share/amr_v4_qt/package.zsh'
[67.791s] Level 1:colcon.colcon_core.environment:create_file_with_runtime_dependencies(/home/kidd/projects/agv_gui/install/amr_v4_qt/share/colcon-core/packages/amr_v4_qt)
[67.802s] DEBUG:colcon.colcon_parallel_executor.executor.parallel:closing loop
[67.803s] DEBUG:colcon.colcon_parallel_executor.executor.parallel:loop closed
[67.803s] DEBUG:colcon.colcon_parallel_executor.executor.parallel:run_until_complete finished with '2'
[67.803s] DEBUG:colcon.colcon_core.event_reactor:joining thread
[67.817s] INFO:colcon.colcon_core.plugin_system:Skipping extension 'colcon_notification.desktop_notification.terminal_notifier': Not used on non-Darwin systems
[67.818s] INFO:colcon.colcon_core.plugin_system:Skipping extension 'colcon_notification.desktop_notification.win32': Not used on non-Windows systems
[67.818s] INFO:colcon.colcon_notification.desktop_notification:Sending desktop notification using 'notify2'
[67.861s] DEBUG:colcon.colcon_core.event_reactor:joined thread
[67.862s] INFO:colcon.colcon_core.shell:Creating prefix script '/home/kidd/projects/agv_gui/install/local_setup.ps1'
[67.864s] INFO:colcon.colcon_core.shell:Creating prefix util module '/home/kidd/projects/agv_gui/install/_local_setup_util_ps1.py'
[67.867s] INFO:colcon.colcon_core.shell:Creating prefix chain script '/home/kidd/projects/agv_gui/install/setup.ps1'
[67.872s] INFO:colcon.colcon_core.shell:Creating prefix script '/home/kidd/projects/agv_gui/install/local_setup.sh'
[67.882s] INFO:colcon.colcon_core.shell:Creating prefix util module '/home/kidd/projects/agv_gui/install/_local_setup_util_sh.py'
[67.884s] INFO:colcon.colcon_core.shell:Creating prefix chain script '/home/kidd/projects/agv_gui/install/setup.sh'
[67.886s] INFO:colcon.colcon_core.shell:Creating prefix script '/home/kidd/projects/agv_gui/install/local_setup.bash'
[67.887s] INFO:colcon.colcon_core.shell:Creating prefix chain script '/home/kidd/projects/agv_gui/install/setup.bash'
[67.889s] INFO:colcon.colcon_core.shell:Creating prefix script '/home/kidd/projects/agv_gui/install/local_setup.zsh'
[67.890s] INFO:colcon.colcon_core.shell:Creating prefix chain script '/home/kidd/projects/agv_gui/install/setup.zsh'
