[0.824s] Invoking command in '/home/colin/agv_gui/build/amr_v4_qt': CMAKE_PREFIX_PATH=/home/colin/agv_gui/install/amr_v4_msgs_srvs:/home/colin/agv_gui/install/amr_v4_qt:/opt/ros/galactic /usr/bin/cmake --build /home/colin/agv_gui/build/amr_v4_qt -- -j6 -l6
[1.105s] [  2%] [34m[1mAutomatic MOC and UIC for target amr_v4_qt[0m
[1.205s] [  2%] Built target amr_v4_qt_autogen
[1.330s] [  4%] [34m[1mGenerating include/moc_ui_main_screen.cpp[0m
[1.352s] /home/colin/agv_gui/amr_v4_qt/include/ui_main_screen.h:0: Note: No relevant classes found. No output generated.
[1.419s] [35m[1mScanning dependencies of target amr_v4_qt[0m
[2.287s] [  6%] [32mBuilding CXX object CMakeFiles/amr_v4_qt.dir/src/main.cpp.o[0m
[2.291s] [  8%] [32mBuilding CXX object CMakeFiles/amr_v4_qt.dir/src/scrolling_label.cpp.o[0m
[2.292s] [ 10%] [32mBuilding CXX object CMakeFiles/amr_v4_qt.dir/src/main_screen.cpp.o[0m
[2.297s] [ 14%] [32mBuilding CXX object CMakeFiles/amr_v4_qt.dir/include/moc_main_gui.cpp.o[0m
[2.297s] [ 14%] [32mBuilding CXX object CMakeFiles/amr_v4_qt.dir/src/main_gui.cpp.o[0m
[2.354s] [ 16%] [32mBuilding CXX object CMakeFiles/amr_v4_qt.dir/include/moc_ui_main_screen.cpp.o[0m
[2.623s] [ 18%] [32mBuilding CXX object CMakeFiles/amr_v4_qt.dir/include/moc_main_screen.cpp.o[0m
[3.919s] [01m[K/home/colin/agv_gui/amr_v4_qt/src/main.cpp:9:10:[m[K [01;31m[Kfatal error: [m[Ksettings.h: No such file or directory
[3.920s]     9 | #include [01;31m[K"settings.h"[m[K
[3.920s]       |          [01;31m[K^~~~~~~~~~~~[m[K
[3.921s] compilation terminated.
[3.938s] make[2]: *** [CMakeFiles/amr_v4_qt.dir/build.make:140: CMakeFiles/amr_v4_qt.dir/src/main.cpp.o] Error 1
[3.939s] make[2]: *** Waiting for unfinished jobs....
[8.561s] [01m[K/home/colin/agv_gui/amr_v4_qt/src/scrolling_label.cpp:[m[K In member function ‘[01m[Kvirtual void ScrollingLabel::paintEvent(QPaintEvent*)[m[K’:
[8.562s] [01m[K/home/colin/agv_gui/amr_v4_qt/src/scrolling_label.cpp:16:46:[m[K [01;35m[Kwarning: [m[Kunused parameter ‘[01m[Kevent[m[K’ [[01;35m[K-Wunused-parameter[m[K]
[8.563s]    16 | void ScrollingLabel::paintEvent([01;35m[KQPaintEvent *event[m[K) {
[8.564s]       |                                 [01;35m[K~~~~~~~~~~~~~^~~~~[m[K
[19.414s] make[1]: *** [CMakeFiles/Makefile2:79: CMakeFiles/amr_v4_qt.dir/all] Error 2
[19.415s] make: *** [Makefile:141: all] Error 2
[19.428s] Invoked command in '/home/colin/agv_gui/build/amr_v4_qt' returned '2': CMAKE_PREFIX_PATH=/home/colin/agv_gui/install/amr_v4_msgs_srvs:/home/colin/agv_gui/install/amr_v4_qt:/opt/ros/galactic /usr/bin/cmake --build /home/colin/agv_gui/build/amr_v4_qt -- -j6 -l6
