[0.010s] Invoking command in '/home/kidd/projects/agv_gui/build/amr_v4_qt': AMENT_PREFIX_PATH=/home/kidd/projects/agv_gui/install/amr_v4_msgs_srvs:${AMENT_PREFIX_PATH} CMAKE_PREFIX_PATH=/home/kidd/projects/agv_gui/install/amr_v4_msgs_srvs:/opt/ros/humble LD_LIBRARY_PATH=/home/kidd/projects/agv_gui/install/amr_v4_msgs_srvs/lib:${LD_LIBRARY_PATH} PYTHONPATH=/home/kidd/projects/agv_gui/install/amr_v4_msgs_srvs/local/lib/python3.10/dist-packages:${PYTHONPATH} /usr/bin/cmake /home/kidd/projects/agv_gui/amr_v4_qt -DCMAKE_INSTALL_PREFIX=/home/kidd/projects/agv_gui/install/amr_v4_qt
[0.032s] -- Found ament_cmake: 1.3.8 (/opt/ros/humble/share/ament_cmake/cmake)
[0.173s] -- Found geometry_msgs: 4.2.3 (/opt/ros/humble/share/geometry_msgs/cmake)
[0.206s] -- Found rosidl_generator_c: 3.1.5 (/opt/ros/humble/share/rosidl_generator_c/cmake)
[0.210s] -- Found rosidl_adapter: 3.1.5 (/opt/ros/humble/share/rosidl_adapter/cmake)
[0.217s] -- Found rosidl_generator_cpp: 3.1.5 (/opt/ros/humble/share/rosidl_generator_cpp/cmake)
[0.231s] -- Using all available rosidl_typesupport_c: rosidl_typesupport_fastrtps_c;rosidl_typesupport_introspection_c
[0.250s] -- Using all available rosidl_typesupport_cpp: rosidl_typesupport_fastrtps_cpp;rosidl_typesupport_introspection_cpp
[0.381s] -- Found rclcpp: 16.0.8 (/opt/ros/humble/share/rclcpp/cmake)
[0.435s] -- Found rmw_implementation_cmake: 6.1.1 (/opt/ros/humble/share/rmw_implementation_cmake/cmake)
[0.437s] -- Found rmw_fastrtps_cpp: 6.2.6 (/opt/ros/humble/share/rmw_fastrtps_cpp/cmake)
[0.538s] -- Using RMW implementation 'rmw_fastrtps_cpp' as default
[0.691s] -- Found rclcpp_components: 16.0.8 (/opt/ros/humble/share/rclcpp_components/cmake)
[0.779s] [31mCMake Error at CMakeLists.txt:12 (find_package):
[0.779s]   By not providing "Findrviz_common.cmake" in CMAKE_MODULE_PATH this project
[0.779s]   has asked CMake to find a package configuration file provided by
[0.779s]   "rviz_common", but CMake did not find one.
[0.779s] 
[0.780s]   Could not find a package configuration file provided by "rviz_common" with
[0.780s]   any of the following names:
[0.780s] 
[0.780s]     rviz_commonConfig.cmake
[0.780s]     rviz_common-config.cmake
[0.780s] 
[0.780s]   Add the installation prefix of "rviz_common" to CMAKE_PREFIX_PATH or set
[0.780s]   "rviz_common_DIR" to a directory containing one of the above files.  If
[0.780s]   "rviz_common" provides a separate development package or SDK, be sure it
[0.780s]   has been installed.
[0.781s] 
[0.781s] [0m
[0.781s] -- Configuring incomplete, errors occurred!
[0.781s] See also "/home/kidd/projects/agv_gui/build/amr_v4_qt/CMakeFiles/CMakeOutput.log".
[0.790s] Invoked command in '/home/kidd/projects/agv_gui/build/amr_v4_qt' returned '1': AMENT_PREFIX_PATH=/home/kidd/projects/agv_gui/install/amr_v4_msgs_srvs:${AMENT_PREFIX_PATH} CMAKE_PREFIX_PATH=/home/kidd/projects/agv_gui/install/amr_v4_msgs_srvs:/opt/ros/humble LD_LIBRARY_PATH=/home/kidd/projects/agv_gui/install/amr_v4_msgs_srvs/lib:${LD_LIBRARY_PATH} PYTHONPATH=/home/kidd/projects/agv_gui/install/amr_v4_msgs_srvs/local/lib/python3.10/dist-packages:${PYTHONPATH} /usr/bin/cmake /home/kidd/projects/agv_gui/amr_v4_qt -DCMAKE_INSTALL_PREFIX=/home/kidd/projects/agv_gui/install/amr_v4_qt
