[0.012s] Invoking command in '/home/colin/agv_gui/build/amr_v4_qt': CMAKE_PREFIX_PATH=/home/colin/agv_gui/install/amr_v4_msgs_srvs:/home/colin/agv_gui/install/amr_v4_qt:/opt/ros/humble /usr/bin/cmake --build /home/colin/agv_gui/build/amr_v4_qt -- -j4 -l4
[0.075s] [  2%] [34m[1mAutomatic MOC and UIC for target amr_v4_qt[0m
[0.106s] [  2%] Built target amr_v4_qt_autogen
[0.132s] [  4%] [34m[1mGenerating include/moc_ui_motor_screen.cpp[0m
[0.136s] /home/colin/agv_gui/amr_v4_qt/include/ui_motor_screen.h:0: Note: No relevant classes found. No output generated.
[0.137s] [  6%] [34m[1mGenerating include/moc_ui_health_screen.cpp[0m
[0.160s] /home/colin/agv_gui/amr_v4_qt/include/ui_health_screen.h:0: Note: No relevant classes found. No output generated.
[0.175s] [35m[1mConsolidate compiler generated dependencies of target amr_v4_qt[0m
[0.248s] [ 10%] [32mBuilding CXX object CMakeFiles/amr_v4_qt.dir/src/main_gui.cpp.o[0m
[0.248s] [ 12%] [32mBuilding CXX object CMakeFiles/amr_v4_qt.dir/src/main.cpp.o[0m
[0.249s] [ 14%] [32mBuilding CXX object CMakeFiles/amr_v4_qt.dir/src/health.cpp.o[0m
[0.250s] [ 14%] [32mBuilding CXX object CMakeFiles/amr_v4_qt.dir/src/motors.cpp.o[0m
[2.511s] [ 16%] [32mBuilding CXX object CMakeFiles/amr_v4_qt.dir/include/moc_main_gui.cpp.o[0m
[2.554s] [ 18%] [32mBuilding CXX object CMakeFiles/amr_v4_qt.dir/include/moc_motors.cpp.o[0m
[4.732s] [ 20%] [32mBuilding CXX object CMakeFiles/amr_v4_qt.dir/include/moc_ui_motor_screen.cpp.o[0m
[4.774s] [ 22%] [32mBuilding CXX object CMakeFiles/amr_v4_qt.dir/include/moc_ui_health_screen.cpp.o[0m
[4.817s] [ 25%] [32mBuilding CXX object CMakeFiles/amr_v4_qt.dir/include/moc_health.cpp.o[0m
[6.757s] [01m[K/home/colin/agv_gui/amr_v4_qt/src/main_gui.cpp:[m[K In member function ‘[01m[Kint MainGui::getWifiSignalStrength()[m[K’:
[6.757s] [01m[K/home/colin/agv_gui/amr_v4_qt/src/main_gui.cpp:153:18:[m[K [01;35m[Kwarning: [m[K‘[01m[Kvoid QProcess::start(const QString&, QIODevice::OpenMode)[m[K’ is deprecated: Use QProcess::start(const QString &program, const QStringList &arguments,OpenMode mode = ReadWrite) instead [[01;35m[K]8;;https://gcc.gnu.org/onlinedocs/gcc/Warning-Options.html#index-Wdeprecated-declarations-Wdeprecated-declarations]8;;[m[K]
[6.758s]   153 |     [01;35m[Kprocess.start("iwconfig")[m[K;
[6.758s]       |     [01;35m[K~~~~~~~~~~~~~^~~~~~~~~~~~[m[K
[6.759s] In file included from [01m[K/usr/include/x86_64-linux-gnu/qt5/QtCore/QProcess:1[m[K,
[6.759s]                  from [01m[K/home/colin/agv_gui/amr_v4_qt/src/main_gui.cpp:5[m[K:
[6.760s] [01m[K/usr/include/x86_64-linux-gnu/qt5/QtCore/qprocess.h:168:10:[m[K [01;36m[Knote: [m[Kdeclared here
[6.760s]   168 |     void [01;36m[Kstart[m[K(const QString &command, OpenMode mode = ReadWrite);
[6.761s]       |          [01;36m[K^~~~~[m[K
[9.834s] [ 27%] [32m[1mLinking CXX executable amr_v4_qt[0m
[14.856s] [100%] Built target amr_v4_qt
[14.874s] Invoked command in '/home/colin/agv_gui/build/amr_v4_qt' returned '0': CMAKE_PREFIX_PATH=/home/colin/agv_gui/install/amr_v4_msgs_srvs:/home/colin/agv_gui/install/amr_v4_qt:/opt/ros/humble /usr/bin/cmake --build /home/colin/agv_gui/build/amr_v4_qt -- -j4 -l4
[15.028s] Invoking command in '/home/colin/agv_gui/build/amr_v4_qt': CMAKE_PREFIX_PATH=/home/colin/agv_gui/install/amr_v4_msgs_srvs:/home/colin/agv_gui/install/amr_v4_qt:/opt/ros/humble /usr/bin/cmake --install /home/colin/agv_gui/build/amr_v4_qt
[15.044s] -- Install configuration: ""
[15.044s] -- Installing: /home/colin/agv_gui/install/amr_v4_qt/lib/amr_v4_qt/amr_v4_qt
[15.064s] -- Set runtime path of "/home/colin/agv_gui/install/amr_v4_qt/lib/amr_v4_qt/amr_v4_qt" to ""
[15.064s] -- Up-to-date: /home/colin/agv_gui/install/amr_v4_qt/share/amr_v4_qt/launch
[15.065s] -- Up-to-date: /home/colin/agv_gui/install/amr_v4_qt/share/amr_v4_qt/launch/gui.launch.py
[15.065s] -- Up-to-date: /home/colin/agv_gui/install/amr_v4_qt/share/ament_index/resource_index/package_run_dependencies/amr_v4_qt
[15.065s] -- Up-to-date: /home/colin/agv_gui/install/amr_v4_qt/share/ament_index/resource_index/parent_prefix_path/amr_v4_qt
[15.065s] -- Up-to-date: /home/colin/agv_gui/install/amr_v4_qt/share/amr_v4_qt/environment/ament_prefix_path.sh
[15.066s] -- Up-to-date: /home/colin/agv_gui/install/amr_v4_qt/share/amr_v4_qt/environment/ament_prefix_path.dsv
[15.066s] -- Up-to-date: /home/colin/agv_gui/install/amr_v4_qt/share/amr_v4_qt/environment/path.sh
[15.066s] -- Up-to-date: /home/colin/agv_gui/install/amr_v4_qt/share/amr_v4_qt/environment/path.dsv
[15.066s] -- Up-to-date: /home/colin/agv_gui/install/amr_v4_qt/share/amr_v4_qt/local_setup.bash
[15.066s] -- Up-to-date: /home/colin/agv_gui/install/amr_v4_qt/share/amr_v4_qt/local_setup.sh
[15.066s] -- Up-to-date: /home/colin/agv_gui/install/amr_v4_qt/share/amr_v4_qt/local_setup.zsh
[15.067s] -- Up-to-date: /home/colin/agv_gui/install/amr_v4_qt/share/amr_v4_qt/local_setup.dsv
[15.067s] -- Installing: /home/colin/agv_gui/install/amr_v4_qt/share/amr_v4_qt/package.dsv
[15.068s] -- Up-to-date: /home/colin/agv_gui/install/amr_v4_qt/share/ament_index/resource_index/packages/amr_v4_qt
[15.068s] -- Up-to-date: /home/colin/agv_gui/install/amr_v4_qt/share/amr_v4_qt/cmake/amr_v4_qtConfig.cmake
[15.068s] -- Up-to-date: /home/colin/agv_gui/install/amr_v4_qt/share/amr_v4_qt/cmake/amr_v4_qtConfig-version.cmake
[15.068s] -- Up-to-date: /home/colin/agv_gui/install/amr_v4_qt/share/amr_v4_qt/package.xml
[15.071s] Invoked command in '/home/colin/agv_gui/build/amr_v4_qt' returned '0': CMAKE_PREFIX_PATH=/home/colin/agv_gui/install/amr_v4_msgs_srvs:/home/colin/agv_gui/install/amr_v4_qt:/opt/ros/humble /usr/bin/cmake --install /home/colin/agv_gui/build/amr_v4_qt
