[0.047s] Invoking command in '/home/colin/agv_gui/build/amr_v4_qt': CMAKE_PREFIX_PATH=${CMAKE_PREFIX_PATH}:/opt/ros/iron /usr/bin/cmake --build /home/colin/agv_gui/build/amr_v4_qt -- -j4 -l4
[0.285s] [  2%] [34m[1mAutomatic MOC and UIC for target amr_v4_qt[0m
[0.332s] [  2%] Built target amr_v4_qt_autogen
[0.392s] [35m[1mConsolidate compiler generated dependencies of target amr_v4_qt[0m
[0.483s] [  5%] [32mBuilding CXX object CMakeFiles/amr_v4_qt.dir/src/main_gui.cpp.o[0m
[0.506s] [  8%] [32mBuilding CXX object CMakeFiles/amr_v4_qt.dir/include/moc_amr_node.cpp.o[0m
[7.920s] [01m[K/home/colin/agv_gui/src/amr_v4_qt/src/main_gui.cpp:[m[K In constructor ‘[01m[KMainGui::MainGui(std::shared_ptr<AmrNode>, QWidget*)[m[K’:
[7.920s] [01m[K/home/colin/agv_gui/src/amr_v4_qt/src/main_gui.cpp:59:86:[m[K [01;31m[Kerror: [m[Kinvalid use of non-static member function ‘[01m[Kvoid AmrNode::mode_callback()[m[K’
[7.920s]    59 | reen->ui.modeButton, &QPushButton::clicked, this, [01;31m[Kamr_node->mode_callback[m[K);
[7.920s]       |                                                   [01;31m[K~~~~~~~~~~^~~~~~~~~~~~~[m[K
[7.921s] 
[7.921s] In file included from [01m[K/home/colin/agv_gui/src/amr_v4_qt/include/main_gui.h:19[m[K,
[7.921s]                  from [01m[K/home/colin/agv_gui/src/amr_v4_qt/src/main_gui.cpp:1[m[K:
[7.921s] [01m[K/home/colin/agv_gui/src/amr_v4_qt/include/amr_node.h:26:10:[m[K [01;36m[Knote: [m[Kdeclared here
[7.921s]    26 |     void [01;36m[Kmode_callback[m[K();
[7.922s]       |          [01;36m[K^~~~~~~~~~~~~[m[K
[8.140s] In file included from [01m[K/usr/include/x86_64-linux-gnu/qt5/QtGui/qtguiglobal.h:43[m[K,
[8.140s]                  from [01m[K/usr/include/x86_64-linux-gnu/qt5/QtWidgets/qtwidgetsglobal.h:43[m[K,
[8.140s]                  from [01m[K/usr/include/x86_64-linux-gnu/qt5/QtWidgets/qmainwindow.h:43[m[K,
[8.140s]                  from [01m[K/usr/include/x86_64-linux-gnu/qt5/QtWidgets/QMainWindow:1[m[K,
[8.140s]                  from [01m[K/home/colin/agv_gui/src/amr_v4_qt/include/main_gui.h:4[m[K,
[8.140s]                  from [01m[K/home/colin/agv_gui/src/amr_v4_qt/src/main_gui.cpp:1[m[K:
[8.142s] /usr/include/x86_64-linux-gnu/qt5/QtCore/qobject.h: In instantiation of ‘[01m[Kstatic QMetaObject::Connection QObject::connect(const typename QtPrivate::FunctionPointer<Func>::Object*, Func1, const typename QtPrivate::FunctionPointer<Func2>::Object*, Func2, Qt::ConnectionType) [with Func1 = void (AmrNode::*)(); Func2 = void (MainGui::*)(const QString&); typename QtPrivate::FunctionPointer<Func>::Object = AmrNode; typename QtPrivate::FunctionPointer<Func2>::Object = MainGui][m[K’:
[8.142s] [01m[K/home/colin/agv_gui/src/amr_v4_qt/src/main_gui.cpp:60:12:[m[K   required from here
[8.142s] [01m[K/usr/include/x86_64-linux-gnu/qt5/QtCore/qobject.h:253:9:[m[K [01;31m[Kerror: [m[Kstatic assertion failed: The slot requires more arguments than the signal provides.
[8.142s]   253 |         [01;31m[KQ_STATIC_ASSERT_X[m[K(int(SignalType::ArgumentCount) >= int(SlotType::ArgumentCount),
[8.142s]       |         [01;31m[K^~~~~~~~~~~~~~~~~[m[K
[8.143s] [01m[K/usr/include/x86_64-linux-gnu/qt5/QtCore/qobject.h:253:9:[m[K [01;36m[Knote: [m[K‘[01m[K(((int)QtPrivate::FunctionPointer<void (AmrNode::*)()>::ArgumentCount) >= ((int)QtPrivate::FunctionPointer<void (MainGui::*)(const QString&)>::ArgumentCount))[m[K’ evaluates to false
[8.143s] [01m[K/usr/include/x86_64-linux-gnu/qt5/QtCore/qobject.h:255:9:[m[K [01;31m[Kerror: [m[Kstatic assertion failed: Signal and slot arguments are not compatible.
[8.143s]   255 |         [01;31m[KQ_STATIC_ASSERT_X[m[K((QtPrivate::CheckCompatibleArguments<typename SignalType::Arguments, typename SlotType::Arguments>::value),
[8.143s]       |         [01;31m[K^~~~~~~~~~~~~~~~~[m[K
[8.143s] [01m[K/usr/include/x86_64-linux-gnu/qt5/QtCore/qobject.h:255:9:[m[K [01;36m[Knote: [m[K‘[01m[K(((int)QtPrivate::CheckCompatibleArguments<QtPrivate::List<>, QtPrivate::List<const QString&> >::value) != 0)[m[K’ evaluates to false
[8.143s] In file included from [01m[K/usr/include/x86_64-linux-gnu/qt5/QtCore/qobjectdefs.h:50[m[K,
[8.143s]                  from [01m[K/usr/include/x86_64-linux-gnu/qt5/QtGui/qwindowdefs.h:44[m[K,
[8.143s]                  from [01m[K/usr/include/x86_64-linux-gnu/qt5/QtWidgets/qwidget.h:44[m[K,
[8.143s]                  from [01m[K/usr/include/x86_64-linux-gnu/qt5/QtWidgets/qmainwindow.h:44[m[K,
[8.143s]                  from [01m[K/usr/include/x86_64-linux-gnu/qt5/QtWidgets/QMainWindow:1[m[K,
[8.143s]                  from [01m[K/home/colin/agv_gui/src/amr_v4_qt/include/main_gui.h:4[m[K,
[8.143s]                  from [01m[K/home/colin/agv_gui/src/amr_v4_qt/src/main_gui.cpp:1[m[K:
[8.143s] /usr/include/x86_64-linux-gnu/qt5/QtCore/qobjectdefs_impl.h: In instantiation of ‘[01m[Kstruct QtPrivate::List_Left<QtPrivate::List<>, 1>[m[K’:
[8.143s] [01m[K/usr/include/x86_64-linux-gnu/qt5/QtCore/qobject.h:266:28:[m[K   required from ‘[01m[Kstatic QMetaObject::Connection QObject::connect(const typename QtPrivate::FunctionPointer<Func>::Object*, Func1, const typename QtPrivate::FunctionPointer<Func2>::Object*, Func2, Qt::ConnectionType) [with Func1 = void (AmrNode::*)(); Func2 = void (MainGui::*)(const QString&); typename QtPrivate::FunctionPointer<Func>::Object = AmrNode; typename QtPrivate::FunctionPointer<Func2>::Object = MainGui][m[K’
[8.144s] [01m[K/home/colin/agv_gui/src/amr_v4_qt/src/main_gui.cpp:60:12:[m[K   required from here
[8.144s] [01m[K/usr/include/x86_64-linux-gnu/qt5/QtCore/qobjectdefs_impl.h:72:118:[m[K [01;31m[Kerror: [m[Kno type named ‘[01m[KCar[m[K’ in ‘[01m[Kstruct QtPrivate::List<>[m[K’
[8.144s]    72 | ::Car>,typename List_Left<typename L::Cdr, N - 1>::Value>::Value [01;31m[KValue[m[K;
[8.144s]       |                                                                  [01;31m[K^~~~~[m[K
[8.144s] 
[8.917s] gmake[2]: *** [CMakeFiles/amr_v4_qt.dir/build.make:152: CMakeFiles/amr_v4_qt.dir/src/main_gui.cpp.o] Error 1
[8.917s] gmake[1]: *** [CMakeFiles/Makefile2:138: CMakeFiles/amr_v4_qt.dir/all] Error 2
[8.917s] gmake: *** [Makefile:146: all] Error 2
[8.921s] Invoked command in '/home/colin/agv_gui/build/amr_v4_qt' returned '2': CMAKE_PREFIX_PATH=${CMAKE_PREFIX_PATH}:/opt/ros/iron /usr/bin/cmake --build /home/colin/agv_gui/build/amr_v4_qt -- -j4 -l4
