[10.013s] DEBUG:colcon:Command line arguments: ['/usr/bin/colcon', 'build']
[10.014s] DEBUG:colcon:Parsed command line arguments: Namespace(allow_overriding=[], ament_cmake_args=None, base_paths=['.'], build_base='build', catkin_cmake_args=None, catkin_skip_building_tests=False, cmake_args=None, cmake_clean_cache=False, cmake_clean_first=False, cmake_force_configure=False, cmake_target=None, cmake_target_skip_unavailable=False, continue_on_error=False, event_handlers=None, executor='parallel', ignore_user_meta=False, install_base='install', log_base=None, log_level=None, main=<bound method BuildVerb.main of <colcon_core.verb.build.BuildVerb object at 0xffff87812040>>, merge_install=False, metas=['./colcon.meta'], packages_above=None, packages_above_and_dependencies=None, packages_above_depth=None, packages_end=None, packages_ignore=None, packages_ignore_regex=None, packages_select=None, packages_select_build_failed=False, packages_select_by_dep=None, packages_select_regex=None, packages_select_test_failures=False, packages_skip=None, packages_skip_build_finished=False, packages_skip_by_dep=None, packages_skip_regex=None, packages_skip_test_passed=False, packages_skip_up_to=None, packages_start=None, packages_up_to=None, packages_up_to_regex=None, parallel_workers=6, paths=None, symlink_install=False, test_result_base=None, verb_extension=<colcon_core.verb.build.BuildVerb object at 0xffff87812040>, verb_name='build', verb_parser=<colcon_defaults.argument_parser.defaults.DefaultArgumentsDecorator object at 0xffff877c5760>)
[10.474s] Level 1:colcon.colcon_core.package_discovery:discover_packages(colcon_meta) check parameters
[10.475s] Level 1:colcon.colcon_core.package_discovery:discover_packages(recursive) check parameters
[10.475s] Level 1:colcon.colcon_core.package_discovery:discover_packages(ignore) check parameters
[10.476s] Level 1:colcon.colcon_core.package_discovery:discover_packages(path) check parameters
[10.476s] Level 1:colcon.colcon_core.package_discovery:discover_packages(colcon_meta) discover
[10.476s] Level 1:colcon.colcon_core.package_discovery:discover_packages(recursive) discover
[10.476s] INFO:colcon.colcon_core.package_discovery:Crawling recursively for packages in '/home/colin/agv_gui'
[10.477s] Level 1:colcon.colcon_core.package_identification:_identify(.) by extensions ['ignore', 'ignore_ament_install']
[10.478s] Level 1:colcon.colcon_core.package_identification:_identify(.) by extension 'ignore'
[10.478s] Level 1:colcon.colcon_core.package_identification:_identify(.) by extension 'ignore_ament_install'
[10.478s] Level 1:colcon.colcon_core.package_identification:_identify(.) by extensions ['colcon_pkg']
[10.478s] Level 1:colcon.colcon_core.package_identification:_identify(.) by extension 'colcon_pkg'
[10.479s] Level 1:colcon.colcon_core.package_identification:_identify(.) by extensions ['colcon_meta']
[10.479s] Level 1:colcon.colcon_core.package_identification:_identify(.) by extension 'colcon_meta'
[10.479s] Level 1:colcon.colcon_core.package_identification:_identify(.) by extensions ['ros']
[10.479s] Level 1:colcon.colcon_core.package_identification:_identify(.) by extension 'ros'
[10.536s] Level 1:colcon.colcon_core.package_identification:_identify(.) by extensions ['cmake', 'python']
[10.537s] Level 1:colcon.colcon_core.package_identification:_identify(.) by extension 'cmake'
[10.537s] Level 1:colcon.colcon_core.package_identification:_identify(.) by extension 'python'
[10.537s] Level 1:colcon.colcon_core.package_identification:_identify(.) by extensions ['python_setup_py']
[10.537s] Level 1:colcon.colcon_core.package_identification:_identify(.) by extension 'python_setup_py'
[10.538s] Level 1:colcon.colcon_core.package_identification:_identify(build) by extensions ['ignore', 'ignore_ament_install']
[10.539s] Level 1:colcon.colcon_core.package_identification:_identify(build) by extension 'ignore'
[10.540s] Level 1:colcon.colcon_core.package_identification:_identify(build) ignored
[10.541s] Level 1:colcon.colcon_core.package_identification:_identify(devel) by extensions ['ignore', 'ignore_ament_install']
[10.542s] Level 1:colcon.colcon_core.package_identification:_identify(devel) by extension 'ignore'
[10.542s] Level 1:colcon.colcon_core.package_identification:_identify(devel) by extension 'ignore_ament_install'
[10.543s] Level 1:colcon.colcon_core.package_identification:_identify(devel) by extensions ['colcon_pkg']
[10.543s] Level 1:colcon.colcon_core.package_identification:_identify(devel) by extension 'colcon_pkg'
[10.544s] Level 1:colcon.colcon_core.package_identification:_identify(devel) by extensions ['colcon_meta']
[10.544s] Level 1:colcon.colcon_core.package_identification:_identify(devel) by extension 'colcon_meta'
[10.544s] Level 1:colcon.colcon_core.package_identification:_identify(devel) by extensions ['ros']
[10.545s] Level 1:colcon.colcon_core.package_identification:_identify(devel) by extension 'ros'
[10.545s] Level 1:colcon.colcon_core.package_identification:_identify(devel) by extensions ['cmake', 'python']
[10.546s] Level 1:colcon.colcon_core.package_identification:_identify(devel) by extension 'cmake'
[10.546s] Level 1:colcon.colcon_core.package_identification:_identify(devel) by extension 'python'
[10.546s] Level 1:colcon.colcon_core.package_identification:_identify(devel) by extensions ['python_setup_py']
[10.547s] Level 1:colcon.colcon_core.package_identification:_identify(devel) by extension 'python_setup_py'
[10.548s] Level 1:colcon.colcon_core.package_identification:_identify(install) by extensions ['ignore', 'ignore_ament_install']
[10.548s] Level 1:colcon.colcon_core.package_identification:_identify(install) by extension 'ignore'
[10.549s] Level 1:colcon.colcon_core.package_identification:_identify(install) ignored
[10.550s] Level 1:colcon.colcon_core.package_identification:_identify(log) by extensions ['ignore', 'ignore_ament_install']
[10.551s] Level 1:colcon.colcon_core.package_identification:_identify(log) by extension 'ignore'
[10.551s] Level 1:colcon.colcon_core.package_identification:_identify(log) ignored
[10.551s] Level 1:colcon.colcon_core.package_identification:_identify(logs) by extensions ['ignore', 'ignore_ament_install']
[10.552s] Level 1:colcon.colcon_core.package_identification:_identify(logs) by extension 'ignore'
[10.552s] Level 1:colcon.colcon_core.package_identification:_identify(logs) by extension 'ignore_ament_install'
[10.552s] Level 1:colcon.colcon_core.package_identification:_identify(logs) by extensions ['colcon_pkg']
[10.552s] Level 1:colcon.colcon_core.package_identification:_identify(logs) by extension 'colcon_pkg'
[10.553s] Level 1:colcon.colcon_core.package_identification:_identify(logs) by extensions ['colcon_meta']
[10.553s] Level 1:colcon.colcon_core.package_identification:_identify(logs) by extension 'colcon_meta'
[10.553s] Level 1:colcon.colcon_core.package_identification:_identify(logs) by extensions ['ros']
[10.553s] Level 1:colcon.colcon_core.package_identification:_identify(logs) by extension 'ros'
[10.554s] Level 1:colcon.colcon_core.package_identification:_identify(logs) by extensions ['cmake', 'python']
[10.554s] Level 1:colcon.colcon_core.package_identification:_identify(logs) by extension 'cmake'
[10.554s] Level 1:colcon.colcon_core.package_identification:_identify(logs) by extension 'python'
[10.554s] Level 1:colcon.colcon_core.package_identification:_identify(logs) by extensions ['python_setup_py']
[10.554s] Level 1:colcon.colcon_core.package_identification:_identify(logs) by extension 'python_setup_py'
[10.555s] Level 1:colcon.colcon_core.package_identification:_identify(src) by extensions ['ignore', 'ignore_ament_install']
[10.555s] Level 1:colcon.colcon_core.package_identification:_identify(src) by extension 'ignore'
[10.555s] Level 1:colcon.colcon_core.package_identification:_identify(src) by extension 'ignore_ament_install'
[10.556s] Level 1:colcon.colcon_core.package_identification:_identify(src) by extensions ['colcon_pkg']
[10.556s] Level 1:colcon.colcon_core.package_identification:_identify(src) by extension 'colcon_pkg'
[10.556s] Level 1:colcon.colcon_core.package_identification:_identify(src) by extensions ['colcon_meta']
[10.556s] Level 1:colcon.colcon_core.package_identification:_identify(src) by extension 'colcon_meta'
[10.557s] Level 1:colcon.colcon_core.package_identification:_identify(src) by extensions ['ros']
[10.557s] Level 1:colcon.colcon_core.package_identification:_identify(src) by extension 'ros'
[10.557s] Level 1:colcon.colcon_core.package_identification:_identify(src) by extensions ['cmake', 'python']
[10.557s] Level 1:colcon.colcon_core.package_identification:_identify(src) by extension 'cmake'
[10.558s] Level 1:colcon.colcon_core.package_identification:_identify(src) by extension 'python'
[10.558s] Level 1:colcon.colcon_core.package_identification:_identify(src) by extensions ['python_setup_py']
[10.558s] Level 1:colcon.colcon_core.package_identification:_identify(src) by extension 'python_setup_py'
[10.559s] Level 1:colcon.colcon_core.package_identification:_identify(src/agv_gui) by extensions ['ignore', 'ignore_ament_install']
[10.559s] Level 1:colcon.colcon_core.package_identification:_identify(src/agv_gui) by extension 'ignore'
[10.559s] Level 1:colcon.colcon_core.package_identification:_identify(src/agv_gui) by extension 'ignore_ament_install'
[10.559s] Level 1:colcon.colcon_core.package_identification:_identify(src/agv_gui) by extensions ['colcon_pkg']
[10.560s] Level 1:colcon.colcon_core.package_identification:_identify(src/agv_gui) by extension 'colcon_pkg'
[10.560s] Level 1:colcon.colcon_core.package_identification:_identify(src/agv_gui) by extensions ['colcon_meta']
[10.560s] Level 1:colcon.colcon_core.package_identification:_identify(src/agv_gui) by extension 'colcon_meta'
[10.560s] Level 1:colcon.colcon_core.package_identification:_identify(src/agv_gui) by extensions ['ros']
[10.560s] Level 1:colcon.colcon_core.package_identification:_identify(src/agv_gui) by extension 'ros'
[10.577s] DEBUG:colcon.colcon_core.package_identification:Package 'src/agv_gui' with type 'ros.ament_cmake' and name 'agv_gui'
[10.577s] Level 1:colcon.colcon_core.package_discovery:discover_packages(recursive) using defaults
[10.577s] Level 1:colcon.colcon_core.package_discovery:discover_packages(ignore) discover
[10.578s] Level 1:colcon.colcon_core.package_discovery:discover_packages(ignore) using defaults
[10.578s] Level 1:colcon.colcon_core.package_discovery:discover_packages(path) discover
[10.578s] Level 1:colcon.colcon_core.package_discovery:discover_packages(path) using defaults
[11.474s] Level 1:colcon.colcon_core.package_discovery:discover_packages(prefix_path) check parameters
[11.475s] Level 1:colcon.colcon_core.package_discovery:discover_packages(prefix_path) discover
[11.807s] DEBUG:colcon.colcon_installed_package_information.package_discovery:Found 1 installed packages in /home/colin/agv_gui/install
[11.977s] DEBUG:colcon.colcon_installed_package_information.package_discovery:Found 268 installed packages in /opt/ros/galactic
[11.986s] Level 1:colcon.colcon_core.package_discovery:discover_packages(prefix_path) using defaults
[12.752s] Level 5:colcon.colcon_core.verb:set package 'agv_gui' build argument 'cmake_args' from command line to 'None'
[12.752s] Level 5:colcon.colcon_core.verb:set package 'agv_gui' build argument 'cmake_target' from command line to 'None'
[12.753s] Level 5:colcon.colcon_core.verb:set package 'agv_gui' build argument 'cmake_target_skip_unavailable' from command line to 'False'
[12.753s] Level 5:colcon.colcon_core.verb:set package 'agv_gui' build argument 'cmake_clean_cache' from command line to 'False'
[12.753s] Level 5:colcon.colcon_core.verb:set package 'agv_gui' build argument 'cmake_clean_first' from command line to 'False'
[12.753s] Level 5:colcon.colcon_core.verb:set package 'agv_gui' build argument 'cmake_force_configure' from command line to 'False'
[12.753s] Level 5:colcon.colcon_core.verb:set package 'agv_gui' build argument 'ament_cmake_args' from command line to 'None'
[12.753s] Level 5:colcon.colcon_core.verb:set package 'agv_gui' build argument 'catkin_cmake_args' from command line to 'None'
[12.754s] Level 5:colcon.colcon_core.verb:set package 'agv_gui' build argument 'catkin_skip_building_tests' from command line to 'False'
[12.754s] DEBUG:colcon.colcon_core.verb:Building package 'agv_gui' with the following arguments: {'ament_cmake_args': None, 'build_base': '/home/colin/agv_gui/build/agv_gui', 'catkin_cmake_args': None, 'catkin_skip_building_tests': False, 'cmake_args': None, 'cmake_clean_cache': False, 'cmake_clean_first': False, 'cmake_force_configure': False, 'cmake_target': None, 'cmake_target_skip_unavailable': False, 'install_base': '/home/colin/agv_gui/install/agv_gui', 'merge_install': False, 'path': '/home/colin/agv_gui/src/agv_gui', 'symlink_install': False, 'test_result_base': None}
[12.916s] INFO:colcon.colcon_core.executor:Executing jobs using 'parallel' executor
[13.081s] DEBUG:colcon.colcon_parallel_executor.executor.parallel:run_until_complete
[13.082s] INFO:colcon.colcon_ros.task.ament_cmake.build:Building ROS package in '/home/colin/agv_gui/src/agv_gui' with build type 'ament_cmake'
[13.083s] INFO:colcon.colcon_cmake.task.cmake.build:Building CMake package in '/home/colin/agv_gui/src/agv_gui'
[13.263s] INFO:colcon.colcon_core.plugin_system:Skipping extension 'colcon_core.shell.bat': Not used on non-Windows systems
[13.264s] INFO:colcon.colcon_core.shell:Skip shell extension 'powershell' for command environment: Not usable outside of PowerShell
[13.265s] DEBUG:colcon.colcon_core.shell:Skip shell extension 'dsv' for command environment
[13.844s] DEBUG:colcon.colcon_core.event_handler.log_command:Invoking command in '/home/colin/agv_gui/build/agv_gui': CMAKE_PREFIX_PATH=${CMAKE_PREFIX_PATH}:/opt/ros/galactic /usr/bin/cmake --build /home/colin/agv_gui/build/agv_gui -- -j6 -l6
[47.070s] DEBUG:colcon.colcon_core.event_handler.log_command:Invoked command in '/home/colin/agv_gui/build/agv_gui' returned '2': CMAKE_PREFIX_PATH=${CMAKE_PREFIX_PATH}:/opt/ros/galactic /usr/bin/cmake --build /home/colin/agv_gui/build/agv_gui -- -j6 -l6
[47.475s] Level 1:colcon.colcon_core.environment:create_environment_scripts_only(agv_gui)
[47.664s] Level 1:colcon.colcon_core.environment:checking '/home/colin/agv_gui/install/agv_gui' for CMake module files
[47.667s] Level 1:colcon.colcon_core.environment:checking '/home/colin/agv_gui/install/agv_gui' for CMake config files
[47.668s] Level 1:colcon.colcon_core.shell:create_environment_hook('agv_gui', 'cmake_prefix_path')
[47.841s] INFO:colcon.colcon_core.shell:Creating environment hook '/home/colin/agv_gui/install/agv_gui/share/agv_gui/hook/cmake_prefix_path.ps1'
[47.845s] INFO:colcon.colcon_core.shell:Creating environment descriptor '/home/colin/agv_gui/install/agv_gui/share/agv_gui/hook/cmake_prefix_path.dsv'
[47.847s] INFO:colcon.colcon_core.shell:Creating environment hook '/home/colin/agv_gui/install/agv_gui/share/agv_gui/hook/cmake_prefix_path.sh'
[47.852s] Level 1:colcon.colcon_core.environment:checking '/home/colin/agv_gui/install/agv_gui/lib'
[47.853s] Level 1:colcon.colcon_core.environment:checking '/home/colin/agv_gui/install/agv_gui/bin'
[47.854s] Level 1:colcon.colcon_core.environment:checking '/home/colin/agv_gui/install/agv_gui/lib/pkgconfig/agv_gui.pc'
[47.855s] Level 1:colcon.colcon_core.environment:checking '/home/colin/agv_gui/install/agv_gui/lib/python3.8/site-packages'
[47.856s] Level 1:colcon.colcon_core.environment:checking '/home/colin/agv_gui/install/agv_gui/bin'
[48.027s] INFO:colcon.colcon_core.shell:Creating package script '/home/colin/agv_gui/install/agv_gui/share/agv_gui/package.ps1'
[48.032s] INFO:colcon.colcon_core.shell:Creating package descriptor '/home/colin/agv_gui/install/agv_gui/share/agv_gui/package.dsv'
[48.035s] INFO:colcon.colcon_core.shell:Creating package script '/home/colin/agv_gui/install/agv_gui/share/agv_gui/package.sh'
[48.039s] INFO:colcon.colcon_core.shell:Creating package script '/home/colin/agv_gui/install/agv_gui/share/agv_gui/package.bash'
[48.042s] INFO:colcon.colcon_core.shell:Creating package script '/home/colin/agv_gui/install/agv_gui/share/agv_gui/package.zsh'
[48.046s] Level 1:colcon.colcon_core.environment:create_file_with_runtime_dependencies(/home/colin/agv_gui/install/agv_gui/share/colcon-core/packages/agv_gui)
[48.059s] DEBUG:colcon.colcon_parallel_executor.executor.parallel:closing loop
[48.060s] DEBUG:colcon.colcon_parallel_executor.executor.parallel:loop closed
[48.060s] DEBUG:colcon.colcon_parallel_executor.executor.parallel:run_until_complete finished with '2'
[48.060s] DEBUG:colcon.colcon_core.event_reactor:joining thread
[48.281s] INFO:colcon.colcon_core.plugin_system:Skipping extension 'colcon_notification.desktop_notification.terminal_notifier': Not used on non-Darwin systems
[48.281s] INFO:colcon.colcon_core.plugin_system:Skipping extension 'colcon_notification.desktop_notification.win32': Not used on non-Windows systems
[48.281s] INFO:colcon.colcon_notification.desktop_notification:Sending desktop notification using 'notify2'
[48.383s] DEBUG:colcon.colcon_core.event_reactor:joined thread
[48.557s] INFO:colcon.colcon_core.shell:Creating prefix script '/home/colin/agv_gui/install/local_setup.ps1'
[48.561s] INFO:colcon.colcon_core.shell:Creating prefix util module '/home/colin/agv_gui/install/_local_setup_util_ps1.py'
[48.568s] INFO:colcon.colcon_core.shell:Creating prefix chain script '/home/colin/agv_gui/install/setup.ps1'
[48.742s] INFO:colcon.colcon_core.shell:Creating prefix script '/home/colin/agv_gui/install/local_setup.sh'
[48.745s] INFO:colcon.colcon_core.shell:Creating prefix util module '/home/colin/agv_gui/install/_local_setup_util_sh.py'
[48.748s] INFO:colcon.colcon_core.shell:Creating prefix chain script '/home/colin/agv_gui/install/setup.sh'
[48.919s] INFO:colcon.colcon_core.shell:Creating prefix script '/home/colin/agv_gui/install/local_setup.bash'
[48.922s] INFO:colcon.colcon_core.shell:Creating prefix chain script '/home/colin/agv_gui/install/setup.bash'
[49.091s] INFO:colcon.colcon_core.shell:Creating prefix script '/home/colin/agv_gui/install/local_setup.zsh'
[49.094s] INFO:colcon.colcon_core.shell:Creating prefix chain script '/home/colin/agv_gui/install/setup.zsh'
