[  5%] [34m[1mAutomatic MOC and UIC for target agv_gui[0m
AutoMoc warning
---------------
"SRC:/src/battery_node_1.cpp"
includes the moc file "battery_node_1.moc", but does not contain a Q_OBJECT, Q_GADGET or Q_NAMESPACE macro.

AutoMoc warning
---------------
"SRC:/src/battery_node_2.cpp"
includes the moc file "battery_node_2.moc", but does not contain a Q_OBJECT, Q_GADGET or Q_NAMESPACE macro.

AutoMoc warning
---------------
"SRC:/src/battery_node_3.cpp"
includes the moc file "battery_node_3.moc", but does not contain a Q_OBJECT, Q_GADGET or Q_NAMESPACE macro.

AutoMoc warning
---------------
"SRC:/src/battery_node_4.cpp"
includes the moc file "battery_node_4.moc", but does not contain a Q_OBJECT, Q_GADGET or Q_NAMESPACE macro.

AutoMoc warning
---------------
"SRC:/src/charge_node.cpp"
includes the moc file "charge_node.moc", but does not contain a Q_OBJECT, Q_GADGET or Q_NAMESPACE macro.

[  5%] Built target agv_gui_autogen
[ 10%] [32mBuilding CXX object CMakeFiles/agv_gui.dir/src/main_gui.cpp.o[0m
[01m[K/home/colin/agv_gui/src/agv_gui/src/main_gui.cpp:[m[K In constructor ‘[01m[KMainGui::MainGui(std::shared_ptr<ChargeSub>, std::shared_ptr<BatterySub1>, std::shared_ptr<BatterySub2>, std::shared_ptr<BatterySub3>, std::shared_ptr<BatterySub4>, QWidget*)[m[K’:
[01m[K/home/colin/agv_gui/src/agv_gui/src/main_gui.cpp:141:59:[m[K [01;31m[Kerror: [m[K‘[01m[KMainWindow[m[K’ has not been declared
  141 |       connect(systemHealth, &QPushButton::clicked, this, &[01;31m[KMainWindow[m[K::showHealthPopUp);
      |                                                           [01;31m[K^~~~~~~~~~[m[K
[01m[K/home/colin/agv_gui/src/agv_gui/src/main_gui.cpp:[m[K In member function ‘[01m[Kvoid MainGui::showHealthPopUp()[m[K’:
[01m[K/home/colin/agv_gui/src/agv_gui/src/main_gui.cpp:152:157:[m[K [01;31m[Kerror: [m[Kno matching function for call to ‘[01m[KHealthPopUp::HealthPopUp(const char [17], const char [18], const char [16], const char [8], const char [8], const char [8], const char [12], const char [13], MainGui*)[m[K’
  152 | 1", "Talon 2", "Talon 3", "Lidar Value", "Camera Value", this[01;31m[K)[m[K;
      |                                                              [01;31m[K^[m[K

In file included from [01m[K/home/colin/agv_gui/src/agv_gui/src/main_gui.cpp:18[m[K:
[01m[K/home/colin/agv_gui/src/agv_gui/include/healthPopUp.hpp:12:5:[m[K [01;36m[Knote: [m[Kcandidate: ‘[01m[KHealthPopUp::HealthPopUp(const QString&, const QString&, const QString&, const QString&, const QString&, QWidget*)[m[K’
   12 |     [01;36m[KHealthPopUp[m[K(const QString &lMotor,
      |     [01;36m[K^~~~~~~~~~~[m[K
[01m[K/home/colin/agv_gui/src/agv_gui/include/healthPopUp.hpp:12:5:[m[K [01;36m[Knote: [m[K  candidate expects 6 arguments, 9 provided
make[2]: *** [CMakeFiles/agv_gui.dir/build.make:161: CMakeFiles/agv_gui.dir/src/main_gui.cpp.o] Error 1
make[1]: *** [CMakeFiles/Makefile2:79: CMakeFiles/agv_gui.dir/all] Error 2
make: *** [Makefile:141: all] Error 2
