[0.096s] Invoking command in '/home/colin/agv_gui/build/agv_gui': CMAKE_PREFIX_PATH=${CMAKE_PREFIX_PATH}:/opt/ros/foxy /usr/bin/cmake --build /home/colin/agv_gui/build/agv_gui -- -j4 -l4
[0.328s] [  5%] [34m[1mAutomatic MOC and UIC for target agv_gui[0m
[0.365s] AutoMoc warning
[0.365s] ---------------
[0.366s] "SRC:/src/battery_node_1.cpp"
[0.366s] includes the moc file "battery_node_1.moc", but does not contain a Q_OBJECT, Q_GADGET or Q_NAMESPACE macro.
[0.366s] 
[0.367s] AutoMoc warning
[0.367s] ---------------
[0.368s] "SRC:/src/battery_node_2.cpp"
[0.369s] includes the moc file "battery_node_2.moc", but does not contain a Q_OBJECT, Q_GADGET or Q_NAMESPACE macro.
[0.369s] 
[0.370s] AutoMoc warning
[0.370s] ---------------
[0.370s] "SRC:/src/battery_node_3.cpp"
[0.371s] includes the moc file "battery_node_3.moc", but does not contain a Q_OBJECT, Q_GADGET or Q_NAMESPACE macro.
[0.371s] 
[0.371s] AutoMoc warning
[0.371s] ---------------
[0.372s] "SRC:/src/battery_node_4.cpp"
[0.372s] includes the moc file "battery_node_4.moc", but does not contain a Q_OBJECT, Q_GADGET or Q_NAMESPACE macro.
[0.372s] 
[0.373s] AutoMoc warning
[0.373s] ---------------
[0.373s] "SRC:/src/charge_node.cpp"
[0.374s] includes the moc file "charge_node.moc", but does not contain a Q_OBJECT, Q_GADGET or Q_NAMESPACE macro.
[0.374s] 
[0.402s] [  5%] Built target agv_gui_autogen
[0.587s] [ 10%] [32mBuilding CXX object CMakeFiles/agv_gui.dir/src/main_gui.cpp.o[0m
[8.488s] [01m[K/home/colin/agv_gui/src/agv_gui/src/main_gui.cpp:[m[K In constructor ‘[01m[KMainGui::MainGui(std::shared_ptr<ChargeSub>, std::shared_ptr<BatterySub1>, std::shared_ptr<BatterySub2>, std::shared_ptr<BatterySub3>, std::shared_ptr<BatterySub4>, QWidget*)[m[K’:
[8.489s] [01m[K/home/colin/agv_gui/src/agv_gui/src/main_gui.cpp:141:59:[m[K [01;31m[Kerror: [m[K‘[01m[KMainWindow[m[K’ has not been declared
[8.489s]   141 |       connect(systemHealth, &QPushButton::clicked, this, &[01;31m[KMainWindow[m[K::showHealthPopUp);
[8.490s]       |                                                           [01;31m[K^~~~~~~~~~[m[K
[8.492s] [01m[K/home/colin/agv_gui/src/agv_gui/src/main_gui.cpp:[m[K In member function ‘[01m[Kvoid MainGui::showHealthPopUp()[m[K’:
[8.492s] [01m[K/home/colin/agv_gui/src/agv_gui/src/main_gui.cpp:152:157:[m[K [01;31m[Kerror: [m[Kno matching function for call to ‘[01m[KHealthPopUp::HealthPopUp(const char [17], const char [18], const char [16], const char [8], const char [8], const char [8], const char [12], const char [13], MainGui*)[m[K’
[8.493s]   152 | 1", "Talon 2", "Talon 3", "Lidar Value", "Camera Value", this[01;31m[K)[m[K;
[8.493s]       |                                                              [01;31m[K^[m[K
[8.493s] 
[8.493s] In file included from [01m[K/home/colin/agv_gui/src/agv_gui/src/main_gui.cpp:18[m[K:
[8.494s] [01m[K/home/colin/agv_gui/src/agv_gui/include/healthPopUp.hpp:12:5:[m[K [01;36m[Knote: [m[Kcandidate: ‘[01m[KHealthPopUp::HealthPopUp(const QString&, const QString&, const QString&, const QString&, const QString&, QWidget*)[m[K’
[8.494s]    12 |     [01;36m[KHealthPopUp[m[K(const QString &lMotor,
[8.494s]       |     [01;36m[K^~~~~~~~~~~[m[K
[8.495s] [01m[K/home/colin/agv_gui/src/agv_gui/include/healthPopUp.hpp:12:5:[m[K [01;36m[Knote: [m[K  candidate expects 6 arguments, 9 provided
[10.592s] make[2]: *** [CMakeFiles/agv_gui.dir/build.make:161: CMakeFiles/agv_gui.dir/src/main_gui.cpp.o] Error 1
[10.594s] make[1]: *** [CMakeFiles/Makefile2:79: CMakeFiles/agv_gui.dir/all] Error 2
[10.595s] make: *** [Makefile:141: all] Error 2
[10.606s] Invoked command in '/home/colin/agv_gui/build/agv_gui' returned '2': CMAKE_PREFIX_PATH=${CMAKE_PREFIX_PATH}:/opt/ros/foxy /usr/bin/cmake --build /home/colin/agv_gui/build/agv_gui -- -j4 -l4
