[0.015s] Invoking command in '/home/colin/agv_gui/build/amr_v4_qt': CMAKE_PREFIX_PATH=${CMAKE_PREFIX_PATH}:/opt/ros/iron /usr/bin/cmake --build /home/colin/agv_gui/build/amr_v4_qt -- -j4 -l4
[0.160s] [  2%] [34m[1mAutomatic MOC and UIC for target amr_v4_qt[0m
[0.229s] [  2%] Built target amr_v4_qt_autogen
[0.272s] [  5%] [34m[1mGenerating include/moc_ui_main_screen.cpp[0m
[0.296s] /home/colin/agv_gui/src/amr_v4_qt/include/ui_main_screen.h:0: Note: No relevant classes found. No output generated.
[0.316s] [35m[1mConsolidate compiler generated dependencies of target amr_v4_qt[0m
[0.459s] [  8%] [32mBuilding CXX object CMakeFiles/amr_v4_qt.dir/src/main.cpp.o[0m
[0.495s] [ 11%] [32mBuilding CXX object CMakeFiles/amr_v4_qt.dir/src/main_gui.cpp.o[0m
[0.515s] [ 13%] [32mBuilding CXX object CMakeFiles/amr_v4_qt.dir/src/main_screen.cpp.o[0m
[0.524s] [ 16%] [32mBuilding CXX object CMakeFiles/amr_v4_qt.dir/include/moc_main_gui.cpp.o[0m
[10.400s] [ 19%] [32mBuilding CXX object CMakeFiles/amr_v4_qt.dir/include/moc_ui_main_screen.cpp.o[0m
[10.535s] [ 22%] [32mBuilding CXX object CMakeFiles/amr_v4_qt.dir/include/moc_main_screen.cpp.o[0m
[23.013s] [01m[K/home/colin/agv_gui/src/amr_v4_qt/src/main_gui.cpp:[m[K In constructor ‘[01m[KMainGui::MainGui(std::shared_ptr<AmrNode>, QWidget*)[m[K’:
[23.014s] [01m[K/home/colin/agv_gui/src/amr_v4_qt/src/main_gui.cpp:55:28:[m[K [01;31m[Kerror: [m[K‘[01m[Kclass Ui::MainScreen[m[K’ has no member named ‘[01m[KestopButton[m[K’
[23.014s]    55 |     connect(mainScreen->ui.[01;31m[KestopButton[m[K, &QPushButton::clicked, this, &MainGui::updateEstop);
[23.014s]       |                            [01;31m[K^~~~~~~~~~~[m[K
[24.754s] gmake[2]: *** [CMakeFiles/amr_v4_qt.dir/build.make:152: CMakeFiles/amr_v4_qt.dir/src/main_gui.cpp.o] Error 1
[24.754s] gmake[2]: *** Waiting for unfinished jobs....
[25.055s] gmake[1]: *** [CMakeFiles/Makefile2:138: CMakeFiles/amr_v4_qt.dir/all] Error 2
[25.055s] gmake: *** [Makefile:146: all] Error 2
[25.057s] Invoked command in '/home/colin/agv_gui/build/amr_v4_qt' returned '2': CMAKE_PREFIX_PATH=${CMAKE_PREFIX_PATH}:/opt/ros/iron /usr/bin/cmake --build /home/colin/agv_gui/build/amr_v4_qt -- -j4 -l4
