[0.021s] Invoking command in '/home/kidd/projects/agv_gui/build/amr_v4_qt': AMENT_PREFIX_PATH=/home/kidd/projects/agv_gui/install/amr_v4_msgs_srvs:${AMENT_PREFIX_PATH} CMAKE_PREFIX_PATH=/home/kidd/projects/agv_gui/install/amr_v4_msgs_srvs:/opt/ros/humble LD_LIBRARY_PATH=/home/kidd/projects/agv_gui/install/amr_v4_msgs_srvs/lib:${LD_LIBRARY_PATH} PYTHONPATH=/home/kidd/projects/agv_gui/install/amr_v4_msgs_srvs/local/lib/python3.10/dist-packages:${PYTHONPATH} /usr/bin/cmake /home/kidd/projects/agv_gui/amr_v4_qt -DCMAKE_INSTALL_PREFIX=/home/kidd/projects/agv_gui/install/amr_v4_qt
[0.153s] -- The C compiler identification is GNU 11.4.0
[0.242s] -- The CXX compiler identification is GNU 11.4.0
[0.252s] -- Detecting C compiler ABI info
[0.362s] -- Detecting C compiler ABI info - done
[0.378s] -- Check for working C compiler: /usr/bin/cc - skipped
[0.379s] -- Detecting C compile features
[0.380s] -- Detecting C compile features - done
[0.384s] -- Detecting CXX compiler ABI info
[0.506s] -- Detecting CXX compiler ABI info - done
[0.515s] -- Check for working CXX compiler: /usr/bin/c++ - skipped
[0.516s] -- Detecting CXX compile features
[0.516s] -- Detecting CXX compile features - done
[0.518s] -- Found ament_cmake: 1.3.8 (/opt/ros/humble/share/ament_cmake/cmake)
[0.757s] -- Found Python3: /usr/bin/python3 (found version "3.10.12") found components: Interpreter 
[0.877s] -- Found geometry_msgs: 4.2.3 (/opt/ros/humble/share/geometry_msgs/cmake)
[0.930s] -- Found rosidl_generator_c: 3.1.5 (/opt/ros/humble/share/rosidl_generator_c/cmake)
[0.938s] -- Found rosidl_adapter: 3.1.5 (/opt/ros/humble/share/rosidl_adapter/cmake)
[0.953s] -- Found rosidl_generator_cpp: 3.1.5 (/opt/ros/humble/share/rosidl_generator_cpp/cmake)
[0.985s] -- Using all available rosidl_typesupport_c: rosidl_typesupport_fastrtps_c;rosidl_typesupport_introspection_c
[1.023s] -- Using all available rosidl_typesupport_cpp: rosidl_typesupport_fastrtps_cpp;rosidl_typesupport_introspection_cpp
[1.254s] -- Found rclcpp: 16.0.8 (/opt/ros/humble/share/rclcpp/cmake)
[1.358s] -- Found rmw_implementation_cmake: 6.1.1 (/opt/ros/humble/share/rmw_implementation_cmake/cmake)
[1.360s] -- Found rmw_fastrtps_cpp: 6.2.6 (/opt/ros/humble/share/rmw_fastrtps_cpp/cmake)
[1.473s] -- Found OpenSSL: /usr/lib/x86_64-linux-gnu/libcrypto.so (found version "3.0.2")  
[1.502s] -- Found FastRTPS: /opt/ros/humble/include  
[1.548s] -- Using RMW implementation 'rmw_fastrtps_cpp' as default
[1.559s] -- Looking for pthread.h
[1.680s] -- Looking for pthread.h - found
[1.681s] -- Performing Test CMAKE_HAVE_LIBC_PTHREAD
[1.820s] -- Performing Test CMAKE_HAVE_LIBC_PTHREAD - Success
[1.821s] -- Found Threads: TRUE  
[2.067s] -- Found rclcpp_components: 16.0.8 (/opt/ros/humble/share/rclcpp_components/cmake)
[2.222s] [31mCMake Error at CMakeLists.txt:12 (find_package):
[2.222s]   By not providing "Findrviz_common.cmake" in CMAKE_MODULE_PATH this project
[2.222s]   has asked CMake to find a package configuration file provided by
[2.223s]   "rviz_common", but CMake did not find one.
[2.223s] 
[2.223s]   Could not find a package configuration file provided by "rviz_common" with
[2.223s]   any of the following names:
[2.223s] 
[2.223s]     rviz_commonConfig.cmake
[2.223s]     rviz_common-config.cmake
[2.223s] 
[2.223s]   Add the installation prefix of "rviz_common" to CMAKE_PREFIX_PATH or set
[2.223s]   "rviz_common_DIR" to a directory containing one of the above files.  If
[2.223s]   "rviz_common" provides a separate development package or SDK, be sure it
[2.223s]   has been installed.
[2.223s] 
[2.223s] [0m
[2.228s] -- Configuring incomplete, errors occurred!
[2.228s] See also "/home/kidd/projects/agv_gui/build/amr_v4_qt/CMakeFiles/CMakeOutput.log".
[2.240s] Invoked command in '/home/kidd/projects/agv_gui/build/amr_v4_qt' returned '1': AMENT_PREFIX_PATH=/home/kidd/projects/agv_gui/install/amr_v4_msgs_srvs:${AMENT_PREFIX_PATH} CMAKE_PREFIX_PATH=/home/kidd/projects/agv_gui/install/amr_v4_msgs_srvs:/opt/ros/humble LD_LIBRARY_PATH=/home/kidd/projects/agv_gui/install/amr_v4_msgs_srvs/lib:${LD_LIBRARY_PATH} PYTHONPATH=/home/kidd/projects/agv_gui/install/amr_v4_msgs_srvs/local/lib/python3.10/dist-packages:${PYTHONPATH} /usr/bin/cmake /home/kidd/projects/agv_gui/amr_v4_qt -DCMAKE_INSTALL_PREFIX=/home/kidd/projects/agv_gui/install/amr_v4_qt
