[7.592s] DEBUG:colcon:Command line arguments: ['/usr/bin/colcon', 'build']
[7.593s] DEBUG:colcon:Parsed command line arguments: Namespace(allow_overriding=[], ament_cmake_args=None, base_paths=['.'], build_base='build', catkin_cmake_args=None, catkin_skip_building_tests=False, cmake_args=None, cmake_clean_cache=False, cmake_clean_first=False, cmake_force_configure=False, cmake_target=None, cmake_target_skip_unavailable=False, continue_on_error=False, event_handlers=None, executor='parallel', ignore_user_meta=False, install_base='install', log_base=None, log_level=None, main=<bound method BuildVerb.main of <colcon_core.verb.build.BuildVerb object at 0xffffb7366040>>, merge_install=False, metas=['./colcon.meta'], packages_above=None, packages_above_and_dependencies=None, packages_above_depth=None, packages_end=None, packages_ignore=None, packages_ignore_regex=None, packages_select=None, packages_select_build_failed=False, packages_select_by_dep=None, packages_select_regex=None, packages_select_test_failures=False, packages_skip=None, packages_skip_build_finished=False, packages_skip_by_dep=None, packages_skip_regex=None, packages_skip_test_passed=False, packages_skip_up_to=None, packages_start=None, packages_up_to=None, packages_up_to_regex=None, parallel_workers=4, paths=None, symlink_install=False, test_result_base=None, verb_extension=<colcon_core.verb.build.BuildVerb object at 0xffffb7366040>, verb_name='build', verb_parser=<colcon_defaults.argument_parser.defaults.DefaultArgumentsDecorator object at 0xffffb71a59a0>)
[7.928s] Level 1:colcon.colcon_core.package_discovery:discover_packages(colcon_meta) check parameters
[7.929s] Level 1:colcon.colcon_core.package_discovery:discover_packages(recursive) check parameters
[7.929s] Level 1:colcon.colcon_core.package_discovery:discover_packages(ignore) check parameters
[7.929s] Level 1:colcon.colcon_core.package_discovery:discover_packages(path) check parameters
[7.929s] Level 1:colcon.colcon_core.package_discovery:discover_packages(colcon_meta) discover
[7.929s] Level 1:colcon.colcon_core.package_discovery:discover_packages(recursive) discover
[7.930s] INFO:colcon.colcon_core.package_discovery:Crawling recursively for packages in '/home/colin/agv_gui'
[7.930s] Level 1:colcon.colcon_core.package_identification:_identify(.) by extensions ['ignore', 'ignore_ament_install']
[7.930s] Level 1:colcon.colcon_core.package_identification:_identify(.) by extension 'ignore'
[7.931s] Level 1:colcon.colcon_core.package_identification:_identify(.) by extension 'ignore_ament_install'
[7.931s] Level 1:colcon.colcon_core.package_identification:_identify(.) by extensions ['colcon_pkg']
[7.931s] Level 1:colcon.colcon_core.package_identification:_identify(.) by extension 'colcon_pkg'
[7.931s] Level 1:colcon.colcon_core.package_identification:_identify(.) by extensions ['colcon_meta']
[7.931s] Level 1:colcon.colcon_core.package_identification:_identify(.) by extension 'colcon_meta'
[7.932s] Level 1:colcon.colcon_core.package_identification:_identify(.) by extensions ['ros']
[7.932s] Level 1:colcon.colcon_core.package_identification:_identify(.) by extension 'ros'
[8.004s] Level 1:colcon.colcon_core.package_identification:_identify(.) by extensions ['cmake', 'python']
[8.004s] Level 1:colcon.colcon_core.package_identification:_identify(.) by extension 'cmake'
[8.005s] Level 1:colcon.colcon_core.package_identification:_identify(.) by extension 'python'
[8.005s] Level 1:colcon.colcon_core.package_identification:_identify(.) by extensions ['python_setup_py']
[8.005s] Level 1:colcon.colcon_core.package_identification:_identify(.) by extension 'python_setup_py'
[8.006s] Level 1:colcon.colcon_core.package_identification:_identify(build) by extensions ['ignore', 'ignore_ament_install']
[8.006s] Level 1:colcon.colcon_core.package_identification:_identify(build) by extension 'ignore'
[8.006s] Level 1:colcon.colcon_core.package_identification:_identify(build) ignored
[8.007s] Level 1:colcon.colcon_core.package_identification:_identify(devel) by extensions ['ignore', 'ignore_ament_install']
[8.007s] Level 1:colcon.colcon_core.package_identification:_identify(devel) by extension 'ignore'
[8.007s] Level 1:colcon.colcon_core.package_identification:_identify(devel) by extension 'ignore_ament_install'
[8.008s] Level 1:colcon.colcon_core.package_identification:_identify(devel) by extensions ['colcon_pkg']
[8.008s] Level 1:colcon.colcon_core.package_identification:_identify(devel) by extension 'colcon_pkg'
[8.008s] Level 1:colcon.colcon_core.package_identification:_identify(devel) by extensions ['colcon_meta']
[8.008s] Level 1:colcon.colcon_core.package_identification:_identify(devel) by extension 'colcon_meta'
[8.008s] Level 1:colcon.colcon_core.package_identification:_identify(devel) by extensions ['ros']
[8.008s] Level 1:colcon.colcon_core.package_identification:_identify(devel) by extension 'ros'
[8.009s] Level 1:colcon.colcon_core.package_identification:_identify(devel) by extensions ['cmake', 'python']
[8.009s] Level 1:colcon.colcon_core.package_identification:_identify(devel) by extension 'cmake'
[8.009s] Level 1:colcon.colcon_core.package_identification:_identify(devel) by extension 'python'
[8.009s] Level 1:colcon.colcon_core.package_identification:_identify(devel) by extensions ['python_setup_py']
[8.009s] Level 1:colcon.colcon_core.package_identification:_identify(devel) by extension 'python_setup_py'
[8.010s] Level 1:colcon.colcon_core.package_identification:_identify(install) by extensions ['ignore', 'ignore_ament_install']
[8.010s] Level 1:colcon.colcon_core.package_identification:_identify(install) by extension 'ignore'
[8.010s] Level 1:colcon.colcon_core.package_identification:_identify(install) ignored
[8.011s] Level 1:colcon.colcon_core.package_identification:_identify(log) by extensions ['ignore', 'ignore_ament_install']
[8.011s] Level 1:colcon.colcon_core.package_identification:_identify(log) by extension 'ignore'
[8.011s] Level 1:colcon.colcon_core.package_identification:_identify(log) ignored
[8.012s] Level 1:colcon.colcon_core.package_identification:_identify(logs) by extensions ['ignore', 'ignore_ament_install']
[8.012s] Level 1:colcon.colcon_core.package_identification:_identify(logs) by extension 'ignore'
[8.012s] Level 1:colcon.colcon_core.package_identification:_identify(logs) by extension 'ignore_ament_install'
[8.013s] Level 1:colcon.colcon_core.package_identification:_identify(logs) by extensions ['colcon_pkg']
[8.013s] Level 1:colcon.colcon_core.package_identification:_identify(logs) by extension 'colcon_pkg'
[8.013s] Level 1:colcon.colcon_core.package_identification:_identify(logs) by extensions ['colcon_meta']
[8.013s] Level 1:colcon.colcon_core.package_identification:_identify(logs) by extension 'colcon_meta'
[8.013s] Level 1:colcon.colcon_core.package_identification:_identify(logs) by extensions ['ros']
[8.013s] Level 1:colcon.colcon_core.package_identification:_identify(logs) by extension 'ros'
[8.014s] Level 1:colcon.colcon_core.package_identification:_identify(logs) by extensions ['cmake', 'python']
[8.014s] Level 1:colcon.colcon_core.package_identification:_identify(logs) by extension 'cmake'
[8.014s] Level 1:colcon.colcon_core.package_identification:_identify(logs) by extension 'python'
[8.014s] Level 1:colcon.colcon_core.package_identification:_identify(logs) by extensions ['python_setup_py']
[8.014s] Level 1:colcon.colcon_core.package_identification:_identify(logs) by extension 'python_setup_py'
[8.015s] Level 1:colcon.colcon_core.package_identification:_identify(src) by extensions ['ignore', 'ignore_ament_install']
[8.015s] Level 1:colcon.colcon_core.package_identification:_identify(src) by extension 'ignore'
[8.015s] Level 1:colcon.colcon_core.package_identification:_identify(src) by extension 'ignore_ament_install'
[8.015s] Level 1:colcon.colcon_core.package_identification:_identify(src) by extensions ['colcon_pkg']
[8.016s] Level 1:colcon.colcon_core.package_identification:_identify(src) by extension 'colcon_pkg'
[8.016s] Level 1:colcon.colcon_core.package_identification:_identify(src) by extensions ['colcon_meta']
[8.016s] Level 1:colcon.colcon_core.package_identification:_identify(src) by extension 'colcon_meta'
[8.016s] Level 1:colcon.colcon_core.package_identification:_identify(src) by extensions ['ros']
[8.016s] Level 1:colcon.colcon_core.package_identification:_identify(src) by extension 'ros'
[8.016s] Level 1:colcon.colcon_core.package_identification:_identify(src) by extensions ['cmake', 'python']
[8.017s] Level 1:colcon.colcon_core.package_identification:_identify(src) by extension 'cmake'
[8.017s] Level 1:colcon.colcon_core.package_identification:_identify(src) by extension 'python'
[8.017s] Level 1:colcon.colcon_core.package_identification:_identify(src) by extensions ['python_setup_py']
[8.017s] Level 1:colcon.colcon_core.package_identification:_identify(src) by extension 'python_setup_py'
[8.018s] Level 1:colcon.colcon_core.package_identification:_identify(src/agv_gui) by extensions ['ignore', 'ignore_ament_install']
[8.018s] Level 1:colcon.colcon_core.package_identification:_identify(src/agv_gui) by extension 'ignore'
[8.018s] Level 1:colcon.colcon_core.package_identification:_identify(src/agv_gui) by extension 'ignore_ament_install'
[8.018s] Level 1:colcon.colcon_core.package_identification:_identify(src/agv_gui) by extensions ['colcon_pkg']
[8.018s] Level 1:colcon.colcon_core.package_identification:_identify(src/agv_gui) by extension 'colcon_pkg'
[8.018s] Level 1:colcon.colcon_core.package_identification:_identify(src/agv_gui) by extensions ['colcon_meta']
[8.019s] Level 1:colcon.colcon_core.package_identification:_identify(src/agv_gui) by extension 'colcon_meta'
[8.019s] Level 1:colcon.colcon_core.package_identification:_identify(src/agv_gui) by extensions ['ros']
[8.019s] Level 1:colcon.colcon_core.package_identification:_identify(src/agv_gui) by extension 'ros'
[8.030s] DEBUG:colcon.colcon_core.package_identification:Package 'src/agv_gui' with type 'ros.ament_cmake' and name 'agv_gui'
[8.030s] Level 1:colcon.colcon_core.package_discovery:discover_packages(recursive) using defaults
[8.030s] Level 1:colcon.colcon_core.package_discovery:discover_packages(ignore) discover
[8.030s] Level 1:colcon.colcon_core.package_discovery:discover_packages(ignore) using defaults
[8.030s] Level 1:colcon.colcon_core.package_discovery:discover_packages(path) discover
[8.030s] Level 1:colcon.colcon_core.package_discovery:discover_packages(path) using defaults
[8.715s] Level 1:colcon.colcon_core.package_discovery:discover_packages(prefix_path) check parameters
[8.715s] Level 1:colcon.colcon_core.package_discovery:discover_packages(prefix_path) discover
[8.976s] DEBUG:colcon.colcon_installed_package_information.package_discovery:Found 1 installed packages in /home/colin/agv_gui/install
[9.110s] DEBUG:colcon.colcon_installed_package_information.package_discovery:Found 268 installed packages in /opt/ros/galactic
[9.116s] Level 1:colcon.colcon_core.package_discovery:discover_packages(prefix_path) using defaults
[9.721s] Level 5:colcon.colcon_core.verb:set package 'agv_gui' build argument 'cmake_args' from command line to 'None'
[9.721s] Level 5:colcon.colcon_core.verb:set package 'agv_gui' build argument 'cmake_target' from command line to 'None'
[9.721s] Level 5:colcon.colcon_core.verb:set package 'agv_gui' build argument 'cmake_target_skip_unavailable' from command line to 'False'
[9.721s] Level 5:colcon.colcon_core.verb:set package 'agv_gui' build argument 'cmake_clean_cache' from command line to 'False'
[9.721s] Level 5:colcon.colcon_core.verb:set package 'agv_gui' build argument 'cmake_clean_first' from command line to 'False'
[9.721s] Level 5:colcon.colcon_core.verb:set package 'agv_gui' build argument 'cmake_force_configure' from command line to 'False'
[9.722s] Level 5:colcon.colcon_core.verb:set package 'agv_gui' build argument 'ament_cmake_args' from command line to 'None'
[9.722s] Level 5:colcon.colcon_core.verb:set package 'agv_gui' build argument 'catkin_cmake_args' from command line to 'None'
[9.722s] Level 5:colcon.colcon_core.verb:set package 'agv_gui' build argument 'catkin_skip_building_tests' from command line to 'False'
[9.722s] DEBUG:colcon.colcon_core.verb:Building package 'agv_gui' with the following arguments: {'ament_cmake_args': None, 'build_base': '/home/colin/agv_gui/build/agv_gui', 'catkin_cmake_args': None, 'catkin_skip_building_tests': False, 'cmake_args': None, 'cmake_clean_cache': False, 'cmake_clean_first': False, 'cmake_force_configure': False, 'cmake_target': None, 'cmake_target_skip_unavailable': False, 'install_base': '/home/colin/agv_gui/install/agv_gui', 'merge_install': False, 'path': '/home/colin/agv_gui/src/agv_gui', 'symlink_install': False, 'test_result_base': None}
[9.849s] INFO:colcon.colcon_core.executor:Executing jobs using 'parallel' executor
[9.973s] DEBUG:colcon.colcon_parallel_executor.executor.parallel:run_until_complete
[9.980s] INFO:colcon.colcon_ros.task.ament_cmake.build:Building ROS package in '/home/colin/agv_gui/src/agv_gui' with build type 'ament_cmake'
[9.981s] INFO:colcon.colcon_cmake.task.cmake.build:Building CMake package in '/home/colin/agv_gui/src/agv_gui'
[10.117s] INFO:colcon.colcon_core.plugin_system:Skipping extension 'colcon_core.shell.bat': Not used on non-Windows systems
[10.118s] INFO:colcon.colcon_core.shell:Skip shell extension 'powershell' for command environment: Not usable outside of PowerShell
[10.118s] DEBUG:colcon.colcon_core.shell:Skip shell extension 'dsv' for command environment
[10.554s] DEBUG:colcon.colcon_core.event_handler.log_command:Invoking command in '/home/colin/agv_gui/build/agv_gui': CMAKE_PREFIX_PATH=${CMAKE_PREFIX_PATH}:/opt/ros/galactic /usr/bin/cmake --build /home/colin/agv_gui/build/agv_gui -- -j4 -l4
[21.563s] DEBUG:colcon.colcon_core.event_handler.log_command:Invoked command in '/home/colin/agv_gui/build/agv_gui' returned '2': CMAKE_PREFIX_PATH=${CMAKE_PREFIX_PATH}:/opt/ros/galactic /usr/bin/cmake --build /home/colin/agv_gui/build/agv_gui -- -j4 -l4
[21.918s] Level 1:colcon.colcon_core.environment:create_environment_scripts_only(agv_gui)
[22.054s] Level 1:colcon.colcon_core.environment:checking '/home/colin/agv_gui/install/agv_gui' for CMake module files
[22.057s] Level 1:colcon.colcon_core.environment:checking '/home/colin/agv_gui/install/agv_gui' for CMake config files
[22.058s] Level 1:colcon.colcon_core.shell:create_environment_hook('agv_gui', 'cmake_prefix_path')
[22.184s] INFO:colcon.colcon_core.shell:Creating environment hook '/home/colin/agv_gui/install/agv_gui/share/agv_gui/hook/cmake_prefix_path.ps1'
[22.187s] INFO:colcon.colcon_core.shell:Creating environment descriptor '/home/colin/agv_gui/install/agv_gui/share/agv_gui/hook/cmake_prefix_path.dsv'
[22.188s] INFO:colcon.colcon_core.shell:Creating environment hook '/home/colin/agv_gui/install/agv_gui/share/agv_gui/hook/cmake_prefix_path.sh'
[22.192s] Level 1:colcon.colcon_core.environment:checking '/home/colin/agv_gui/install/agv_gui/lib'
[22.193s] Level 1:colcon.colcon_core.environment:checking '/home/colin/agv_gui/install/agv_gui/bin'
[22.193s] Level 1:colcon.colcon_core.environment:checking '/home/colin/agv_gui/install/agv_gui/lib/pkgconfig/agv_gui.pc'
[22.194s] Level 1:colcon.colcon_core.environment:checking '/home/colin/agv_gui/install/agv_gui/lib/python3.8/site-packages'
[22.195s] Level 1:colcon.colcon_core.environment:checking '/home/colin/agv_gui/install/agv_gui/bin'
[22.322s] INFO:colcon.colcon_core.shell:Creating package script '/home/colin/agv_gui/install/agv_gui/share/agv_gui/package.ps1'
[22.325s] INFO:colcon.colcon_core.shell:Creating package descriptor '/home/colin/agv_gui/install/agv_gui/share/agv_gui/package.dsv'
[22.328s] INFO:colcon.colcon_core.shell:Creating package script '/home/colin/agv_gui/install/agv_gui/share/agv_gui/package.sh'
[22.331s] INFO:colcon.colcon_core.shell:Creating package script '/home/colin/agv_gui/install/agv_gui/share/agv_gui/package.bash'
[22.334s] INFO:colcon.colcon_core.shell:Creating package script '/home/colin/agv_gui/install/agv_gui/share/agv_gui/package.zsh'
[22.337s] Level 1:colcon.colcon_core.environment:create_file_with_runtime_dependencies(/home/colin/agv_gui/install/agv_gui/share/colcon-core/packages/agv_gui)
[22.349s] DEBUG:colcon.colcon_parallel_executor.executor.parallel:closing loop
[22.349s] DEBUG:colcon.colcon_parallel_executor.executor.parallel:loop closed
[22.350s] DEBUG:colcon.colcon_parallel_executor.executor.parallel:run_until_complete finished with '2'
[22.350s] DEBUG:colcon.colcon_core.event_reactor:joining thread
[22.511s] INFO:colcon.colcon_core.plugin_system:Skipping extension 'colcon_notification.desktop_notification.terminal_notifier': Not used on non-Darwin systems
[22.511s] INFO:colcon.colcon_core.plugin_system:Skipping extension 'colcon_notification.desktop_notification.win32': Not used on non-Windows systems
[22.511s] INFO:colcon.colcon_notification.desktop_notification:Sending desktop notification using 'notify2'
[22.580s] DEBUG:colcon.colcon_core.event_reactor:joined thread
[22.711s] INFO:colcon.colcon_core.shell:Creating prefix script '/home/colin/agv_gui/install/local_setup.ps1'
[22.715s] INFO:colcon.colcon_core.shell:Creating prefix util module '/home/colin/agv_gui/install/_local_setup_util_ps1.py'
[22.720s] INFO:colcon.colcon_core.shell:Creating prefix chain script '/home/colin/agv_gui/install/setup.ps1'
[22.850s] INFO:colcon.colcon_core.shell:Creating prefix script '/home/colin/agv_gui/install/local_setup.sh'
[22.852s] INFO:colcon.colcon_core.shell:Creating prefix util module '/home/colin/agv_gui/install/_local_setup_util_sh.py'
[22.854s] INFO:colcon.colcon_core.shell:Creating prefix chain script '/home/colin/agv_gui/install/setup.sh'
[22.979s] INFO:colcon.colcon_core.shell:Creating prefix script '/home/colin/agv_gui/install/local_setup.bash'
[22.981s] INFO:colcon.colcon_core.shell:Creating prefix chain script '/home/colin/agv_gui/install/setup.bash'
[23.107s] INFO:colcon.colcon_core.shell:Creating prefix script '/home/colin/agv_gui/install/local_setup.zsh'
[23.109s] INFO:colcon.colcon_core.shell:Creating prefix chain script '/home/colin/agv_gui/install/setup.zsh'
