[0.040s] Invoking command in '/home/kidd/projects/agv_gui/build/amr_v4_qt': CMAKE_PREFIX_PATH=/home/kidd/projects/agv_gui/install/amr_v4_msgs_srvs:/home/kidd/projects/agv_gui/install/amr_v4_qt:/opt/ros/galactic /usr/bin/cmake --build /home/kidd/projects/agv_gui/build/amr_v4_qt -- -j2 -l2
[0.130s] [  2%] [34m[1mAutomatic MOC and UIC for target amr_v4_qt[0m
[0.158s] [  2%] Built target amr_v4_qt_autogen
[0.208s] [35m[1mScanning dependencies of target amr_v4_qt[0m
[0.313s] [  4%] [32mBuilding CXX object CMakeFiles/amr_v4_qt.dir/src/main_gui.cpp.o[0m
[0.323s] [  6%] [32mBuilding CXX object CMakeFiles/amr_v4_qt.dir/src/main_screen.cpp.o[0m
[2.787s] [  8%] [32mBuilding CXX object CMakeFiles/amr_v4_qt.dir/src/motors.cpp.o[0m
[4.792s] [ 10%] [32mBuilding CXX object CMakeFiles/amr_v4_qt.dir/src/health.cpp.o[0m
[5.535s] [01m[K/home/kidd/projects/agv_gui/amr_v4_qt/src/main_gui.cpp:[m[K In constructor ‘[01m[KMainGui::MainGui(std::shared_ptr<BatterySub>, std::shared_ptr<RobotSub>, std::shared_ptr<MotorSub>, std::shared_ptr<HealthSub>, std::shared_ptr<RunningSub>, QWidget*)[m[K’:
[5.535s] [01m[K/home/kidd/projects/agv_gui/amr_v4_qt/src/main_gui.cpp:58:28:[m[K [01;31m[Kerror: [m[K‘[01m[Kclass Ui::MainScreen[m[K’ has no member named ‘[01m[KhelloScreenButton[m[K’; did you mean ‘[01m[KhealthScreenButton[m[K’?
[5.536s]    58 |     connect(mainScreen->ui.[01;31m[KhelloScreenButton[m[K, &QPushButton::clicked, this, &MainGui::onTabClicked);
[5.536s]       |                            [01;31m[K^~~~~~~~~~~~~~~~~[m[K
[5.536s]       |                            [32m[KhealthScreenButton[m[K
[5.542s] [01m[K/home/kidd/projects/agv_gui/amr_v4_qt/src/main_gui.cpp:[m[K In member function ‘[01m[Kvoid MainGui::switchToTabScreen(QObject*)[m[K’:
[5.544s] [01m[K/home/kidd/projects/agv_gui/amr_v4_qt/src/main_gui.cpp:99:41:[m[K [01;31m[Kerror: [m[K‘[01m[Kclass Ui::MainScreen[m[K’ has no member named ‘[01m[KhelloscreenButton[m[K’; did you mean ‘[01m[KhealthScreenButton[m[K’?
[5.544s]    99 |     else if(senderObj == mainScreen->ui.[01;31m[KhelloscreenButton[m[K) {
[5.545s]       |                                         [01;31m[K^~~~~~~~~~~~~~~~~[m[K
[5.546s]       |                                         [32m[KhealthScreenButton[m[K
[6.372s] make[2]: *** [CMakeFiles/amr_v4_qt.dir/build.make:153: CMakeFiles/amr_v4_qt.dir/src/main_gui.cpp.o] Error 1
[6.373s] make[2]: *** Waiting for unfinished jobs....
[6.545s] make[1]: *** [CMakeFiles/Makefile2:79: CMakeFiles/amr_v4_qt.dir/all] Error 2
[6.547s] make: *** [Makefile:141: all] Error 2
[6.552s] Invoked command in '/home/kidd/projects/agv_gui/build/amr_v4_qt' returned '2': CMAKE_PREFIX_PATH=/home/kidd/projects/agv_gui/install/amr_v4_msgs_srvs:/home/kidd/projects/agv_gui/install/amr_v4_qt:/opt/ros/galactic /usr/bin/cmake --build /home/kidd/projects/agv_gui/build/amr_v4_qt -- -j2 -l2
