[0.000000] (-) TimerEvent: {}
[0.000683] (agv_gui) JobQueued: {'identifier': 'agv_gui', 'dependencies': OrderedDict()}
[0.002393] (agv_gui) JobStarted: {'identifier': 'agv_gui'}
[0.072498] (agv_gui) JobProgress: {'identifier': 'agv_gui', 'progress': 'cmake'}
[0.075092] (agv_gui) Command: {'cmd': ['/usr/bin/cmake', '/home/amr_1/agv_gui/src/agv_gui', '-G', 'CodeBlocks - Unix Makefiles', '-DCMAKE_BUILD_TYPE=Debug', '-DCMAKE_INSTALL_PREFIX=/home/amr_1/agv_gui/install/agv_gui'], 'cwd': '/home/amr_1/agv_gui/build/agv_gui', 'env': OrderedDict([('GJS_DEBUG_TOPICS', 'JS ERROR;JS LOG'), ('SNAP_COMMON', '/var/snap/qtcreator-ros/common'), ('SNAP_INSTANCE_KEY', ''), ('USER', 'amr_1'), ('SSH_AGENT_PID', '1902'), ('XDG_SESSION_TYPE', 'x11'), ('LD_LIBRARY_PATH', '/opt/ros/foxy/opt/yaml_cpp_vendor/lib:/opt/ros/foxy/opt/rviz_ogre_vendor/lib:/opt/ros/foxy/lib/aarch64-linux-gnu:/opt/ros/foxy/lib:/snap/qtcreator-ros/85/lib:/snap/qtcreator-ros/85/usr/lib/aarch64-linux-gnu'), ('SHLVL', '32'), ('HOME', '/home/amr_1'), ('SNAP_LIBRARY_PATH', '/var/lib/snapd/lib/gl:/var/lib/snapd/lib/gl32:/var/lib/snapd/void'), ('DESKTOP_SESSION', 'ubuntu'), ('QTDIR', '/usr/lib/aarch64-linux-gnu/qt5'), ('SNAP_USER_DATA', '/home/amr_1/snap/qtcreator-ros/85'), ('GIO_LAUNCHED_DESKTOP_FILE', '/var/lib/snapd/desktop/applications/qtcreator-ros_qtcreator-ros.desktop'), ('GNOME_SHELL_SESSION_MODE', 'ubuntu'), ('GTK_MODULES', 'gail:atk-bridge'), ('ROS_PYTHON_VERSION', '3'), ('MANAGERPID', '1197'), ('DBUS_SESSION_BUS_ADDRESS', 'unix:path=/run/user/1000/bus'), ('GIO_LAUNCHED_DESKTOP_FILE_PID', '2960'), ('SNAP_REVISION', '85'), ('COLCON_PREFIX_PATH', '/home/amr_1/agv_gui/install'), ('IM_CONFIG_PHASE', '1'), ('ROS_DISTRO', 'foxy'), ('LOGNAME', 'amr_1'), ('JOURNAL_STREAM', '7:47868'), ('SNAP_CONTEXT', 'JMUNmlkXuymAoFLhect4Slt1Dx_kDivwLxrFtPEjqXLKM0mxrcr1'), ('_', '/usr/bin/env'), ('ROS_VERSION', '2'), ('SNAP_VERSION', '11.0.2'), ('XDG_SESSION_CLASS', 'user'), ('TERM', 'xterm'), ('USERNAME', 'amr_1'), ('GNOME_DESKTOP_SESSION_ID', 'this-is-deprecated'), ('ROS_LOCALHOST_ONLY', '0'), ('SNAP_INSTANCE_NAME', 'qtcreator-ros'), ('WINDOWPATH', '2'), ('PATH', '/opt/ros/foxy/bin:/home/amr_1/.local/bin:/usr/local/sbin:/usr/local/bin:/usr/sbin:/usr/bin:/sbin:/bin:/usr/games:/usr/local/games:/snap/bin'), ('INVOCATION_ID', 'ac71398117de44a2a8fa7b8aa4eb72f5'), ('SESSION_MANAGER', 'local/colins-jetson:@/tmp/.ICE-unix/1938,unix/colins-jetson:/tmp/.ICE-unix/1938'), ('BAMF_DESKTOP_FILE_HINT', '/var/lib/snapd/desktop/applications/qtcreator-ros_qtcreator-ros.desktop'), ('SNAP_DATA', '/var/snap/qtcreator-ros/85'), ('XDG_MENU_PREFIX', 'gnome-'), ('XDG_RUNTIME_DIR', '/run/user/1000'), ('DISPLAY', ':0'), ('LANG', 'en_US.UTF-8'), ('XDG_CURRENT_DESKTOP', 'ubuntu:GNOME'), ('XAUTHORITY', '/run/user/1000/gdm/Xauthority'), ('XDG_SESSION_DESKTOP', 'ubuntu'), ('XMODIFIERS', '@im=ibus'), ('AMENT_PREFIX_PATH', '/home/amr_1/agv_gui/install/agv_gui:/opt/ros/foxy'), ('SNAP_ARCH', 'arm64'), ('SNAP_COOKIE', 'JMUNmlkXuymAoFLhect4Slt1Dx_kDivwLxrFtPEjqXLKM0mxrcr1'), ('SNAP_USER_COMMON', '/home/amr_1/snap/qtcreator-ros/common'), ('SSH_AUTH_SOCK', '/run/user/1000/keyring/ssh'), ('SHELL', '/bin/bash'), ('GDMSESSION', 'ubuntu'), ('QT_ACCESSIBILITY', '1'), ('SNAP_REEXEC', ''), ('SNAP_NAME', 'qtcreator-ros'), ('GJS_DEBUG_OUTPUT', 'stderr'), ('GPG_AGENT_INFO', '/run/user/1000/gnupg/S.gpg-agent:0:1'), ('QT_IM_MODULE', 'ibus'), ('LC_ALL', 'en_US.UTF-8'), ('PWD', '/home/amr_1/agv_gui/build/agv_gui'), ('QT_QPA_PLATFORM', 'wayland;xcb'), ('SNAP_REAL_HOME', '/home/amr_1'), ('XDG_CONFIG_DIRS', '/etc/xdg/xdg-ubuntu:/etc/xdg'), ('XDG_DATA_DIRS', '/usr/share/ubuntu:/usr/local/share/:/usr/share/:/var/lib/snapd/desktop'), ('PYTHONPATH', '/opt/ros/foxy/lib/python3.8/site-packages'), ('SNAP', '/snap/qtcreator-ros/85'), ('COLCON', '1'), ('CMAKE_PREFIX_PATH', '/home/amr_1/agv_gui/install/agv_gui:/opt/ros/foxy'), ('LIBGL_DRIVERS_PATH', '/snap/qtcreator-ros/85/usr/lib/aarch64-linux-gnu/dri')]), 'shell': False}
[0.098585] (-) TimerEvent: {}
[0.199863] (-) TimerEvent: {}
[0.300817] (-) TimerEvent: {}
[0.401752] (-) TimerEvent: {}
[0.461053] (agv_gui) StdoutLine: {'line': b'-- The C compiler identification is GNU 9.4.0\n'}
[0.501888] (-) TimerEvent: {}
[0.602797] (-) TimerEvent: {}
[0.703811] (-) TimerEvent: {}
[0.804959] (-) TimerEvent: {}
[0.819176] (agv_gui) StdoutLine: {'line': b'-- The CXX compiler identification is GNU 9.4.0\n'}
[0.905185] (-) TimerEvent: {}
[1.006160] (-) TimerEvent: {}
[1.034342] (agv_gui) StdoutLine: {'line': b'-- Check for working C compiler: /usr/bin/cc\n'}
[1.106402] (-) TimerEvent: {}
[1.207383] (-) TimerEvent: {}
[1.308333] (-) TimerEvent: {}
[1.409362] (-) TimerEvent: {}
[1.443245] (agv_gui) StdoutLine: {'line': b'-- Check for working C compiler: /usr/bin/cc -- works\n'}
[1.447538] (agv_gui) StdoutLine: {'line': b'-- Detecting C compiler ABI info\n'}
[1.509613] (-) TimerEvent: {}
[1.610409] (-) TimerEvent: {}
[1.711483] (-) TimerEvent: {}
[1.812512] (-) TimerEvent: {}
[1.872601] (agv_gui) StdoutLine: {'line': b'-- Detecting C compiler ABI info - done\n'}
[1.912727] (-) TimerEvent: {}
[1.928889] (agv_gui) StdoutLine: {'line': b'-- Detecting C compile features\n'}
[1.930249] (agv_gui) StdoutLine: {'line': b'-- Detecting C compile features - done\n'}
[1.942699] (agv_gui) StdoutLine: {'line': b'-- Check for working CXX compiler: /usr/bin/c++\n'}
[2.012956] (-) TimerEvent: {}
[2.113894] (-) TimerEvent: {}
[2.214902] (-) TimerEvent: {}
[2.315796] (-) TimerEvent: {}
[2.397845] (agv_gui) StdoutLine: {'line': b'-- Check for working CXX compiler: /usr/bin/c++ -- works\n'}
[2.403361] (agv_gui) StdoutLine: {'line': b'-- Detecting CXX compiler ABI info\n'}
[2.415992] (-) TimerEvent: {}
[2.516901] (-) TimerEvent: {}
[2.617917] (-) TimerEvent: {}
[2.718901] (-) TimerEvent: {}
[2.819825] (-) TimerEvent: {}
[2.883271] (agv_gui) StdoutLine: {'line': b'-- Detecting CXX compiler ABI info - done\n'}
[2.920004] (-) TimerEvent: {}
[2.939362] (agv_gui) StdoutLine: {'line': b'-- Detecting CXX compile features\n'}
[2.941656] (agv_gui) StdoutLine: {'line': b'-- Detecting CXX compile features - done\n'}
[2.954804] (agv_gui) StdoutLine: {'line': b'-- Found ament_cmake: 0.9.12 (/opt/ros/foxy/share/ament_cmake/cmake)\n'}
[3.020231] (-) TimerEvent: {}
[3.078013] (agv_gui) StdoutLine: {'line': b'-- Found PythonInterp: /usr/bin/python3 (found suitable version "3.8.10", minimum required is "3") \n'}
[3.079249] (agv_gui) StdoutLine: {'line': b'-- Using PYTHON_EXECUTABLE: /usr/bin/python3\n'}
[3.120373] (-) TimerEvent: {}
[3.221103] (-) TimerEvent: {}
[3.321922] (-) TimerEvent: {}
[3.422790] (-) TimerEvent: {}
[3.523557] (-) TimerEvent: {}
[3.624180] (-) TimerEvent: {}
[3.724790] (-) TimerEvent: {}
[3.827066] (-) TimerEvent: {}
[3.928123] (-) TimerEvent: {}
[4.029007] (-) TimerEvent: {}
[4.129985] (-) TimerEvent: {}
[4.176488] (agv_gui) StdoutLine: {'line': b'-- Found geometry_msgs: 2.0.5 (/opt/ros/foxy/share/geometry_msgs/cmake)\n'}
[4.230303] (-) TimerEvent: {}
[4.329607] (agv_gui) StdoutLine: {'line': b'-- Using all available rosidl_typesupport_c: rosidl_typesupport_fastrtps_c;rosidl_typesupport_introspection_c\n'}
[4.330357] (-) TimerEvent: {}
[4.363013] (agv_gui) StdoutLine: {'line': b'-- Found rosidl_adapter: 1.3.1 (/opt/ros/foxy/share/rosidl_adapter/cmake)\n'}
[4.430737] (-) TimerEvent: {}
[4.531675] (-) TimerEvent: {}
[4.632757] (-) TimerEvent: {}
[4.733769] (-) TimerEvent: {}
[4.834811] (-) TimerEvent: {}
[4.855962] (agv_gui) StdoutLine: {'line': b'-- Found OpenSSL: /usr/lib/aarch64-linux-gnu/libcrypto.so (found version "1.1.1f")  \n'}
[4.935060] (-) TimerEvent: {}
[4.998136] (agv_gui) StdoutLine: {'line': b'-- Found FastRTPS: /opt/ros/foxy/include  \n'}
[5.035238] (-) TimerEvent: {}
[5.136085] (-) TimerEvent: {}
[5.237005] (-) TimerEvent: {}
[5.337948] (-) TimerEvent: {}
[5.378043] (agv_gui) StdoutLine: {'line': b'-- Using all available rosidl_typesupport_cpp: rosidl_typesupport_fastrtps_cpp;rosidl_typesupport_introspection_cpp\n'}
[5.438212] (-) TimerEvent: {}
[5.539235] (-) TimerEvent: {}
[5.640153] (-) TimerEvent: {}
[5.741385] (-) TimerEvent: {}
[5.761005] (agv_gui) StdoutLine: {'line': b'-- Found rclcpp: 2.4.3 (/opt/ros/foxy/share/rclcpp/cmake)\n'}
[5.841620] (-) TimerEvent: {}
[5.942522] (-) TimerEvent: {}
[5.955091] (agv_gui) StdoutLine: {'line': b'-- Found rmw_implementation_cmake: 1.0.4 (/opt/ros/foxy/share/rmw_implementation_cmake/cmake)\n'}
[5.961253] (agv_gui) StdoutLine: {'line': b"-- Using RMW implementation 'rmw_fastrtps_cpp' as default\n"}
[5.965456] (agv_gui) StdoutLine: {'line': b'-- Looking for pthread.h\n'}
[6.042773] (-) TimerEvent: {}
[6.143790] (-) TimerEvent: {}
[6.244766] (-) TimerEvent: {}
[6.345787] (-) TimerEvent: {}
[6.389673] (agv_gui) StdoutLine: {'line': b'-- Looking for pthread.h - found\n'}
[6.391600] (agv_gui) StdoutLine: {'line': b'-- Performing Test CMAKE_HAVE_LIBC_PTHREAD\n'}
[6.445997] (-) TimerEvent: {}
[6.547095] (-) TimerEvent: {}
[6.648115] (-) TimerEvent: {}
[6.749096] (-) TimerEvent: {}
[6.835825] (agv_gui) StdoutLine: {'line': b'-- Performing Test CMAKE_HAVE_LIBC_PTHREAD - Failed\n'}
[6.837103] (agv_gui) StdoutLine: {'line': b'-- Looking for pthread_create in pthreads\n'}
[6.849204] (-) TimerEvent: {}
[6.949865] (-) TimerEvent: {}
[7.050812] (-) TimerEvent: {}
[7.151690] (-) TimerEvent: {}
[7.191154] (agv_gui) StdoutLine: {'line': b'-- Looking for pthread_create in pthreads - not found\n'}
[7.192477] (agv_gui) StdoutLine: {'line': b'-- Looking for pthread_create in pthread\n'}
[7.251906] (-) TimerEvent: {}
[7.352829] (-) TimerEvent: {}
[7.453758] (-) TimerEvent: {}
[7.555085] (-) TimerEvent: {}
[7.602339] (agv_gui) StdoutLine: {'line': b'-- Looking for pthread_create in pthread - found\n'}
[7.609435] (agv_gui) StdoutLine: {'line': b'-- Found Threads: TRUE  \n'}
[7.655224] (-) TimerEvent: {}
[7.756151] (-) TimerEvent: {}
[7.857106] (-) TimerEvent: {}
[7.958035] (-) TimerEvent: {}
[8.059079] (-) TimerEvent: {}
[8.160062] (-) TimerEvent: {}
[8.224534] (agv_gui) StdoutLine: {'line': b'-- Found rclcpp_components: 2.4.3 (/opt/ros/foxy/share/rclcpp_components/cmake)\n'}
[8.260330] (-) TimerEvent: {}
[8.361553] (-) TimerEvent: {}
[8.462533] (-) TimerEvent: {}
[8.481525] (agv_gui) StdoutLine: {'line': b'-- Found rviz_common: 8.2.8 (/opt/ros/foxy/share/rviz_common/cmake)\n'}
[8.551026] (agv_gui) StdoutLine: {'line': b"-- Setting OGRE_DIR to: '/opt/ros/foxy/share/rviz_ogre_vendor/cmake/../../../opt/rviz_ogre_vendor/lib/OGRE/cmake'\n"}
[8.563797] (agv_gui) StdoutLine: {'line': b'-- Found OGRE\n'}
[8.564532] (-) TimerEvent: {}
[8.564902] (agv_gui) StdoutLine: {'line': b'--   static     : OFF\n'}
[8.565956] (agv_gui) StdoutLine: {'line': b'--   components : HLMS;MeshLodGenerator;Overlay;Paging;Property;RTShaderSystem;Terrain;Volume\n'}
[8.566386] (agv_gui) StdoutLine: {'line': b'--   plugins    : Plugin_BSPSceneManager;Plugin_OctreeSceneManager;Plugin_PCZSceneManager;Plugin_ParticleFX;RenderSystem_GL;RenderSystem_GL3Plus;Codec_STBI\n'}
[8.567519] (agv_gui) StdoutLine: {'line': b'--   media      : /opt/ros/foxy/opt/rviz_ogre_vendor/share/OGRE/Media\n'}
[8.567933] (agv_gui) StdoutLine: {'line': b'-- OGRE_LIBRARIES: OgreHLMS;OgreMeshLodGenerator;OgreOverlay;OgrePaging;OgreProperty;OgreRTShaderSystem;OgreTerrain;OgreVolume;OgreMain\n'}
[8.568423] (agv_gui) StdoutLine: {'line': b'-- OGRE_LIBRARY_DIRS: /opt/ros/foxy/opt/rviz_ogre_vendor/lib\n'}
[8.568839] (agv_gui) StdoutLine: {'line': b'-- OGRE_PLUGINS: Plugin_BSPSceneManager;Plugin_OctreeSceneManager;Plugin_PCZSceneManager;Plugin_ParticleFX;RenderSystem_GL;RenderSystem_GL3Plus;Codec_STBI\n'}
[8.569258] (agv_gui) StdoutLine: {'line': b'-- OGRE_PLUGIN_DIR: /opt/ros/foxy/opt/rviz_ogre_vendor/lib/OGRE\n'}
[8.569688] (agv_gui) StdoutLine: {'line': b'-- rviz_ogre_vendor::OgreOverlay for IMPORTED_LOCATION_RELEASE: /opt/ros/foxy/opt/rviz_ogre_vendor/lib/libOgreOverlay.so\n'}
[8.570065] (agv_gui) StdoutLine: {'line': b'-- rviz_ogre_vendor::OgreOverlay for IMPORTED_LOCATION_DEBUG: /opt/ros/foxy/opt/rviz_ogre_vendor/lib/libOgreOverlay.so\n'}
[8.570478] (agv_gui) StdoutLine: {'line': b'-- rviz_ogre_vendor::OgreMain for IMPORTED_LOCATION_RELEASE: /opt/ros/foxy/opt/rviz_ogre_vendor/lib/libOgreMain.so\n'}
[8.571179] (agv_gui) StdoutLine: {'line': b'-- rviz_ogre_vendor::OgreMain for IMPORTED_LOCATION_DEBUG: /opt/ros/foxy/opt/rviz_ogre_vendor/lib/libOgreMain.so\n'}
[8.573022] (agv_gui) StdoutLine: {'line': b'-- Could not find freeimage library\n'}
[8.659830] (agv_gui) StdoutLine: {'line': b'-- Found ZLIB: /usr/lib/aarch64-linux-gnu/libz.so (found version "1.2.11") \n'}
[8.664704] (-) TimerEvent: {}
[8.681143] (agv_gui) StdoutLine: {'line': b'-- Found OpenGL: /usr/lib/aarch64-linux-gnu/libOpenGL.so   \n'}
[8.765001] (-) TimerEvent: {}
[8.865983] (-) TimerEvent: {}
[8.967033] (-) TimerEvent: {}
[9.068030] (-) TimerEvent: {}
[9.169025] (-) TimerEvent: {}
[9.214862] (agv_gui) StdoutLine: {'line': b'-- Found X11: /usr/include   \n'}
[9.216167] (agv_gui) StdoutLine: {'line': b'-- Looking for XOpenDisplay in /usr/lib/aarch64-linux-gnu/libX11.so;/usr/lib/aarch64-linux-gnu/libXext.so\n'}
[9.269189] (-) TimerEvent: {}
[9.370084] (-) TimerEvent: {}
[9.471232] (-) TimerEvent: {}
[9.572150] (-) TimerEvent: {}
[9.661558] (agv_gui) StdoutLine: {'line': b'-- Looking for XOpenDisplay in /usr/lib/aarch64-linux-gnu/libX11.so;/usr/lib/aarch64-linux-gnu/libXext.so - found\n'}
[9.662998] (agv_gui) StdoutLine: {'line': b'-- Looking for gethostbyname\n'}
[9.672368] (-) TimerEvent: {}
[9.773218] (-) TimerEvent: {}
[9.874223] (-) TimerEvent: {}
[9.975238] (-) TimerEvent: {}
[10.068138] (agv_gui) StdoutLine: {'line': b'-- Looking for gethostbyname - found\n'}
[10.069383] (agv_gui) StdoutLine: {'line': b'-- Looking for connect\n'}
[10.075395] (-) TimerEvent: {}
[10.176162] (-) TimerEvent: {}
[10.277052] (-) TimerEvent: {}
[10.377970] (-) TimerEvent: {}
[10.474907] (agv_gui) StdoutLine: {'line': b'-- Looking for connect - found\n'}
[10.476072] (agv_gui) StdoutLine: {'line': b'-- Looking for remove\n'}
[10.478055] (-) TimerEvent: {}
[10.578748] (-) TimerEvent: {}
[10.679750] (-) TimerEvent: {}
[10.780772] (-) TimerEvent: {}
[10.881859] (-) TimerEvent: {}
[10.889014] (agv_gui) StdoutLine: {'line': b'-- Looking for remove - found\n'}
[10.890579] (agv_gui) StdoutLine: {'line': b'-- Looking for shmat\n'}
[10.982075] (-) TimerEvent: {}
[11.083134] (-) TimerEvent: {}
[11.184048] (-) TimerEvent: {}
[11.285232] (-) TimerEvent: {}
[11.292060] (agv_gui) StdoutLine: {'line': b'-- Looking for shmat - found\n'}
[11.293382] (agv_gui) StdoutLine: {'line': b'-- Looking for IceConnectionNumber in ICE\n'}
[11.385449] (-) TimerEvent: {}
[11.486383] (-) TimerEvent: {}
[11.587401] (-) TimerEvent: {}
[11.688278] (-) TimerEvent: {}
[11.705196] (agv_gui) StdoutLine: {'line': b'-- Looking for IceConnectionNumber in ICE - found\n'}
[11.719286] (agv_gui) StdoutLine: {'line': b'-- rviz_ogre_vendor::RenderSystem_GL for IMPORTED_LOCATION_RELEASE: _render_system_gl_static_library_abs-NOTFOUND\n'}
[11.720078] (agv_gui) StdoutLine: {'line': b'-- rviz_ogre_vendor::RenderSystem_GL for IMPORTED_LOCATION_DEBUG: _render_system_gl_static_library_abs-NOTFOUND\n'}
[11.742014] (agv_gui) StdoutLine: {'line': b'-- library: libassimp.so.5\n'}
[11.788524] (-) TimerEvent: {}
[11.889445] (-) TimerEvent: {}
[11.990397] (-) TimerEvent: {}
[12.091356] (-) TimerEvent: {}
[12.192258] (-) TimerEvent: {}
[12.227185] (agv_gui) StdoutLine: {'line': b'-- library: /usr/lib/aarch64-linux-gnu/libcurl.so\n'}
[12.292458] (-) TimerEvent: {}
[12.393340] (-) TimerEvent: {}
[12.494294] (-) TimerEvent: {}
[12.595565] (-) TimerEvent: {}
[12.696385] (-) TimerEvent: {}
[12.797238] (-) TimerEvent: {}
[12.816650] (agv_gui) StdoutLine: {'line': b'-- Found Eigen3: TRUE (found version "3.3.7") \n'}
[12.897457] (-) TimerEvent: {}
[12.998355] (-) TimerEvent: {}
[13.099328] (-) TimerEvent: {}
[13.200170] (-) TimerEvent: {}
[13.301349] (-) TimerEvent: {}
[13.402235] (-) TimerEvent: {}
[13.503171] (-) TimerEvent: {}
[13.604085] (-) TimerEvent: {}
[13.705003] (-) TimerEvent: {}
[13.805917] (-) TimerEvent: {}
[13.907084] (-) TimerEvent: {}
[14.007962] (-) TimerEvent: {}
[14.108849] (-) TimerEvent: {}
[14.209706] (-) TimerEvent: {}
[14.250108] (agv_gui) StdoutLine: {'line': b"-- Setting yaml-cpp_DIR to: '/opt/ros/foxy/share/yaml_cpp_vendor/cmake/../../../opt/yaml_cpp_vendor/lib/cmake/yaml-cpp'\n"}
[14.268488] (agv_gui) StdoutLine: {'line': b'-- Found rviz_default_plugins: 8.2.8 (/opt/ros/foxy/share/rviz_default_plugins/cmake)\n'}
[14.309893] (-) TimerEvent: {}
[14.410761] (-) TimerEvent: {}
[14.511678] (-) TimerEvent: {}
[14.612608] (-) TimerEvent: {}
[14.713500] (-) TimerEvent: {}
[14.814393] (-) TimerEvent: {}
[14.915351] (-) TimerEvent: {}
[15.016183] (-) TimerEvent: {}
[15.117185] (-) TimerEvent: {}
[15.218201] (-) TimerEvent: {}
[15.319152] (-) TimerEvent: {}
[15.420020] (-) TimerEvent: {}
[15.520854] (-) TimerEvent: {}
[15.621767] (-) TimerEvent: {}
[15.722726] (-) TimerEvent: {}
[15.823593] (-) TimerEvent: {}
[15.924539] (-) TimerEvent: {}
[16.025564] (-) TimerEvent: {}
[16.109684] (agv_gui) StdoutLine: {'line': b'-- Found std_srvs: 2.0.5 (/opt/ros/foxy/share/std_srvs/cmake)\n'}
[16.125694] (-) TimerEvent: {}
[16.181041] (agv_gui) StdoutLine: {'line': b'-- Found tf2_eigen: 0.13.14 (/opt/ros/foxy/share/tf2_eigen/cmake)\n'}
[16.225987] (-) TimerEvent: {}
[16.326931] (-) TimerEvent: {}
[16.427782] (-) TimerEvent: {}
[16.528661] (-) TimerEvent: {}
[16.555330] (agv_gui) StdoutLine: {'line': b'-- Configuring done\n'}
[16.628913] (-) TimerEvent: {}
[16.729803] (-) TimerEvent: {}
[16.830772] (-) TimerEvent: {}
[16.882932] (agv_gui) StdoutLine: {'line': b'-- Generating done\n'}
[16.896381] (agv_gui) StdoutLine: {'line': b'-- Build files have been written to: /home/amr_1/agv_gui/build/agv_gui\n'}
[16.931043] (-) TimerEvent: {}
[16.959442] (agv_gui) CommandEnded: {'returncode': 0}
[16.967820] (agv_gui) JobProgress: {'identifier': 'agv_gui', 'progress': 'build'}
[16.968193] (agv_gui) Command: {'cmd': ['/usr/bin/cmake', '--build', '/home/amr_1/agv_gui/build/agv_gui', '--', '-j6', '-l6'], 'cwd': '/home/amr_1/agv_gui/build/agv_gui', 'env': OrderedDict([('GJS_DEBUG_TOPICS', 'JS ERROR;JS LOG'), ('SNAP_COMMON', '/var/snap/qtcreator-ros/common'), ('SNAP_INSTANCE_KEY', ''), ('USER', 'amr_1'), ('SSH_AGENT_PID', '1902'), ('XDG_SESSION_TYPE', 'x11'), ('LD_LIBRARY_PATH', '/opt/ros/foxy/opt/yaml_cpp_vendor/lib:/opt/ros/foxy/opt/rviz_ogre_vendor/lib:/opt/ros/foxy/lib/aarch64-linux-gnu:/opt/ros/foxy/lib:/snap/qtcreator-ros/85/lib:/snap/qtcreator-ros/85/usr/lib/aarch64-linux-gnu'), ('SHLVL', '32'), ('HOME', '/home/amr_1'), ('SNAP_LIBRARY_PATH', '/var/lib/snapd/lib/gl:/var/lib/snapd/lib/gl32:/var/lib/snapd/void'), ('DESKTOP_SESSION', 'ubuntu'), ('QTDIR', '/usr/lib/aarch64-linux-gnu/qt5'), ('SNAP_USER_DATA', '/home/amr_1/snap/qtcreator-ros/85'), ('GIO_LAUNCHED_DESKTOP_FILE', '/var/lib/snapd/desktop/applications/qtcreator-ros_qtcreator-ros.desktop'), ('GNOME_SHELL_SESSION_MODE', 'ubuntu'), ('GTK_MODULES', 'gail:atk-bridge'), ('ROS_PYTHON_VERSION', '3'), ('MANAGERPID', '1197'), ('DBUS_SESSION_BUS_ADDRESS', 'unix:path=/run/user/1000/bus'), ('GIO_LAUNCHED_DESKTOP_FILE_PID', '2960'), ('SNAP_REVISION', '85'), ('COLCON_PREFIX_PATH', '/home/amr_1/agv_gui/install'), ('IM_CONFIG_PHASE', '1'), ('ROS_DISTRO', 'foxy'), ('LOGNAME', 'amr_1'), ('JOURNAL_STREAM', '7:47868'), ('SNAP_CONTEXT', 'JMUNmlkXuymAoFLhect4Slt1Dx_kDivwLxrFtPEjqXLKM0mxrcr1'), ('_', '/usr/bin/env'), ('ROS_VERSION', '2'), ('SNAP_VERSION', '11.0.2'), ('XDG_SESSION_CLASS', 'user'), ('TERM', 'xterm'), ('USERNAME', 'amr_1'), ('GNOME_DESKTOP_SESSION_ID', 'this-is-deprecated'), ('ROS_LOCALHOST_ONLY', '0'), ('SNAP_INSTANCE_NAME', 'qtcreator-ros'), ('WINDOWPATH', '2'), ('PATH', '/opt/ros/foxy/bin:/home/amr_1/.local/bin:/usr/local/sbin:/usr/local/bin:/usr/sbin:/usr/bin:/sbin:/bin:/usr/games:/usr/local/games:/snap/bin'), ('INVOCATION_ID', 'ac71398117de44a2a8fa7b8aa4eb72f5'), ('SESSION_MANAGER', 'local/colins-jetson:@/tmp/.ICE-unix/1938,unix/colins-jetson:/tmp/.ICE-unix/1938'), ('BAMF_DESKTOP_FILE_HINT', '/var/lib/snapd/desktop/applications/qtcreator-ros_qtcreator-ros.desktop'), ('SNAP_DATA', '/var/snap/qtcreator-ros/85'), ('XDG_MENU_PREFIX', 'gnome-'), ('XDG_RUNTIME_DIR', '/run/user/1000'), ('DISPLAY', ':0'), ('LANG', 'en_US.UTF-8'), ('XDG_CURRENT_DESKTOP', 'ubuntu:GNOME'), ('XAUTHORITY', '/run/user/1000/gdm/Xauthority'), ('XDG_SESSION_DESKTOP', 'ubuntu'), ('XMODIFIERS', '@im=ibus'), ('AMENT_PREFIX_PATH', '/home/amr_1/agv_gui/install/agv_gui:/opt/ros/foxy'), ('SNAP_ARCH', 'arm64'), ('SNAP_COOKIE', 'JMUNmlkXuymAoFLhect4Slt1Dx_kDivwLxrFtPEjqXLKM0mxrcr1'), ('SNAP_USER_COMMON', '/home/amr_1/snap/qtcreator-ros/common'), ('SSH_AUTH_SOCK', '/run/user/1000/keyring/ssh'), ('SHELL', '/bin/bash'), ('GDMSESSION', 'ubuntu'), ('QT_ACCESSIBILITY', '1'), ('SNAP_REEXEC', ''), ('SNAP_NAME', 'qtcreator-ros'), ('GJS_DEBUG_OUTPUT', 'stderr'), ('GPG_AGENT_INFO', '/run/user/1000/gnupg/S.gpg-agent:0:1'), ('QT_IM_MODULE', 'ibus'), ('LC_ALL', 'en_US.UTF-8'), ('PWD', '/home/amr_1/agv_gui/build/agv_gui'), ('QT_QPA_PLATFORM', 'wayland;xcb'), ('SNAP_REAL_HOME', '/home/amr_1'), ('XDG_CONFIG_DIRS', '/etc/xdg/xdg-ubuntu:/etc/xdg'), ('XDG_DATA_DIRS', '/usr/share/ubuntu:/usr/local/share/:/usr/share/:/var/lib/snapd/desktop'), ('PYTHONPATH', '/opt/ros/foxy/lib/python3.8/site-packages'), ('SNAP', '/snap/qtcreator-ros/85'), ('COLCON', '1'), ('CMAKE_PREFIX_PATH', '/home/amr_1/agv_gui/install/agv_gui:/opt/ros/foxy'), ('LIBGL_DRIVERS_PATH', '/snap/qtcreator-ros/85/usr/lib/aarch64-linux-gnu/dri')]), 'shell': False}
[17.031595] (-) TimerEvent: {}
[17.133068] (-) TimerEvent: {}
[17.213543] (agv_gui) StdoutLine: {'line': b'Scanning dependencies of target agv_gui_autogen\n'}
[17.233301] (-) TimerEvent: {}
[17.266912] (agv_gui) StdoutLine: {'line': b'[ 20%] Automatic MOC and UIC for target agv_gui\n'}
[17.333556] (-) TimerEvent: {}
[17.357260] (agv_gui) StdoutLine: {'line': b'AutoMoc warning\n'}
[17.358062] (agv_gui) StdoutLine: {'line': b'---------------\n'}
[17.358487] (agv_gui) StdoutLine: {'line': b'"SRC:/src/mtr_node.cpp"\n'}
[17.358969] (agv_gui) StdoutLine: {'line': b'includes the moc file "mtr_node.moc", but does not contain a Q_OBJECT, Q_GADGET or Q_NAMESPACE macro.\n'}
[17.359355] (agv_gui) StdoutLine: {'line': b'\n'}
[17.433813] (-) TimerEvent: {}
[17.534778] (-) TimerEvent: {}
[17.635977] (-) TimerEvent: {}
[17.736886] (-) TimerEvent: {}
[17.837804] (-) TimerEvent: {}
[17.938821] (-) TimerEvent: {}
[18.029988] (agv_gui) StdoutLine: {'line': b'AutoMoc: /home/amr_1/agv_gui/src/agv_gui/src/mtr_node.cpp:0: Note: No relevant classes found. No output generated.\n'}
[18.039113] (-) TimerEvent: {}
[18.081819] (agv_gui) StdoutLine: {'line': b'[ 20%] Built target agv_gui_autogen\n'}
[18.139646] (-) TimerEvent: {}
[18.240499] (-) TimerEvent: {}
[18.341457] (-) TimerEvent: {}
[18.399800] (agv_gui) StdoutLine: {'line': b'Scanning dependencies of target agv_gui\n'}
[18.441658] (-) TimerEvent: {}
[18.465411] (agv_gui) StdoutLine: {'line': b'[ 40%] Building CXX object CMakeFiles/agv_gui.dir/agv_gui_autogen/mocs_compilation.cpp.o\n'}
[18.469186] (agv_gui) StdoutLine: {'line': b'[ 60%] Building CXX object CMakeFiles/agv_gui.dir/src/mtr_node.cpp.o\n'}
[18.502088] (agv_gui) StdoutLine: {'line': b'[ 80%] Building CXX object CMakeFiles/agv_gui.dir/src/main_gui.cpp.o\n'}
[18.534166] (agv_gui) StderrLine: {'line': b'/home/amr_1/agv_gui/src/agv_gui/src/mtr_node.cpp:1:10: fatal error: mtr_sub.hpp: No such file or directory\n'}
[18.535138] (agv_gui) StderrLine: {'line': b'    1 | #include "mtr_sub.hpp"\n'}
[18.535573] (agv_gui) StderrLine: {'line': b'      |          ^~~~~~~~~~~~~\n'}
[18.535931] (agv_gui) StderrLine: {'line': b'compilation terminated.\n'}
[18.539453] (agv_gui) StderrLine: {'line': b'make[2]: *** [CMakeFiles/agv_gui.dir/build.make:76: CMakeFiles/agv_gui.dir/src/mtr_node.cpp.o] Error 1\n'}
[18.540169] (agv_gui) StderrLine: {'line': b'make[2]: *** Waiting for unfinished jobs....\n'}
[18.541780] (-) TimerEvent: {}
[18.642434] (-) TimerEvent: {}
[18.743396] (-) TimerEvent: {}
[18.844271] (-) TimerEvent: {}
[18.945412] (-) TimerEvent: {}
[19.046356] (-) TimerEvent: {}
[19.147290] (-) TimerEvent: {}
[19.248091] (-) TimerEvent: {}
[19.348967] (-) TimerEvent: {}
[19.449946] (-) TimerEvent: {}
[19.452733] (agv_gui) StderrLine: {'line': b'In file included from /home/amr_1/agv_gui/src/agv_gui/src/main_gui.cpp:13:\n'}
[19.453454] (agv_gui) StderrLine: {'line': b'/home/amr_1/agv_gui/src/agv_gui/src/mtr_node.cpp:1:10: fatal error: mtr_sub.hpp: No such file or directory\n'}
[19.453828] (agv_gui) StderrLine: {'line': b'    1 | #include "mtr_sub.hpp"\n'}
[19.454351] (agv_gui) StderrLine: {'line': b'      |          ^~~~~~~~~~~~~\n'}
[19.454929] (agv_gui) StderrLine: {'line': b'compilation terminated.\n'}
[19.473295] (agv_gui) StderrLine: {'line': b'make[2]: *** [CMakeFiles/agv_gui.dir/build.make:89: CMakeFiles/agv_gui.dir/src/main_gui.cpp.o] Error 1\n'}
[19.475513] (agv_gui) StderrLine: {'line': b'make[1]: *** [CMakeFiles/Makefile2:79: CMakeFiles/agv_gui.dir/all] Error 2\n'}
[19.476097] (agv_gui) StderrLine: {'line': b'make: *** [Makefile:141: all] Error 2\n'}
[19.485894] (agv_gui) CommandEnded: {'returncode': 2}
[19.550790] (-) TimerEvent: {}
[19.653037] (-) TimerEvent: {}
[19.754754] (-) TimerEvent: {}
[19.758826] (agv_gui) JobEnded: {'identifier': 'agv_gui', 'rc': 2}
[19.770518] (-) EventReactorShutdown: {}
