[01m[K/home/colin/agv_gui/src/amr_v4_qt/src/main_gui.cpp:[m[K In member function ‘[01m[Kint MainGui::getWifiSignalStrength()[m[K’:
[01m[K/home/colin/agv_gui/src/amr_v4_qt/src/main_gui.cpp:156:18:[m[K [01;35m[Kwarning: [m[K‘[01m[Kvoid QProcess::start(const QString&, QIODevice::OpenMode)[m[K’ is deprecated: Use QProcess::start(const QString &program, const QStringList &arguments,OpenMode mode = ReadWrite) instead [[01;35m[K]8;;https://gcc.gnu.org/onlinedocs/gcc/Warning-Options.html#index-Wdeprecated-declarations-Wdeprecated-declarations]8;;[m[K]
  156 |     [01;35m[Kprocess.start("iwconfig")[m[K;
      |     [01;35m[K~~~~~~~~~~~~~^~~~~~~~~~~~[m[K
In file included from [01m[K/usr/include/x86_64-linux-gnu/qt5/QtCore/QProcess:1[m[K,
                 from [01m[K/home/colin/agv_gui/src/amr_v4_qt/src/main_gui.cpp:5[m[K:
[01m[K/usr/include/x86_64-linux-gnu/qt5/QtCore/qprocess.h:168:10:[m[K [01;36m[Knote: [m[Kdeclared here
  168 |     void [01;36m[Kstart[m[K(const QString &command, OpenMode mode = ReadWrite);
      |          [01;36m[K^~~~~[m[K
In file included from [01m[K/usr/include/x86_64-linux-gnu/qt5/QtGui/qtguiglobal.h:43[m[K,
                 from [01m[K/usr/include/x86_64-linux-gnu/qt5/QtWidgets/qtwidgetsglobal.h:43[m[K,
                 from [01m[K/usr/include/x86_64-linux-gnu/qt5/QtWidgets/qmainwindow.h:43[m[K,
                 from [01m[K/usr/include/x86_64-linux-gnu/qt5/QtWidgets/QMainWindow:1[m[K,
                 from [01m[K/home/colin/agv_gui/src/amr_v4_qt/include/main_gui.h:4[m[K,
                 from [01m[K/home/colin/agv_gui/src/amr_v4_qt/src/main_gui.cpp:1[m[K:
/usr/include/x86_64-linux-gnu/qt5/QtCore/qobject.h: In instantiation of ‘[01m[Kstatic typename std::enable_if<(((int)(QtPrivate::FunctionPointer<Func2>::ArgumentCount) >= 0) && (! QtPrivate::FunctionPointer<Func2>::IsPointerToMemberFunction)), QMetaObject::Connection>::type QObject::connect(const typename QtPrivate::FunctionPointer<Func>::Object*, Func1, const QObject*, Func2, Qt::ConnectionType) [with Func1 = void (QAbstractButton::*)(bool); Func2 = void (*)(std::shared_ptr<std_msgs::msg::Bool_<std::allocator<void> > >); typename std::enable_if<(((int)(QtPrivate::FunctionPointer<Func2>::ArgumentCount) >= 0) && (! QtPrivate::FunctionPointer<Func2>::IsPointerToMemberFunction)), QMetaObject::Connection>::type = QMetaObject::Connection; typename QtPrivate::FunctionPointer<Func>::Object = QAbstractButton][m[K’:
[01m[K/home/colin/agv_gui/src/amr_v4_qt/src/main_gui.cpp:57:12:[m[K   required from here
[01m[K/usr/include/x86_64-linux-gnu/qt5/QtCore/qobject.h:295:9:[m[K [01;31m[Kerror: [m[Kstatic assertion failed: Signal and slot arguments are not compatible.
  295 |         [01;31m[KQ_STATIC_ASSERT_X[m[K((QtPrivate::CheckCompatibleArguments<typename SignalType::Arguments, typename SlotType::Arguments>::value),
      |         [01;31m[K^~~~~~~~~~~~~~~~~[m[K
[01m[K/usr/include/x86_64-linux-gnu/qt5/QtCore/qobject.h:295:9:[m[K [01;36m[Knote: [m[K‘[01m[K(((int)QtPrivate::CheckCompatibleArguments<QtPrivate::List<bool>, QtPrivate::List<std::shared_ptr<std_msgs::msg::Bool_<std::allocator<void> > > > >::value) != 0)[m[K’ evaluates to false
gmake[2]: *** [CMakeFiles/amr_v4_qt.dir/build.make:168: CMakeFiles/amr_v4_qt.dir/src/main_gui.cpp.o] Error 1
gmake[1]: *** [CMakeFiles/Makefile2:138: CMakeFiles/amr_v4_qt.dir/all] Error 2
gmake: *** [Makefile:146: all] Error 2
