[0.018s] Invoking command in '/home/colin/agv_gui/build/amr_v4_qt': CMAKE_PREFIX_PATH=${CMAKE_PREFIX_PATH}:/opt/ros/iron /usr/bin/cmake --build /home/colin/agv_gui/build/amr_v4_qt -- -j4 -l4
[0.117s] [  2%] [34m[1mAutomatic MOC and UIC for target amr_v4_qt[0m
[0.157s] [  2%] Built target amr_v4_qt_autogen
[0.192s] [35m[1mConsolidate compiler generated dependencies of target amr_v4_qt[0m
[0.307s] [  4%] [32mBuilding CXX object CMakeFiles/amr_v4_qt.dir/include/moc_main_gui.cpp.o[0m
[0.312s] [  6%] [32mBuilding CXX object CMakeFiles/amr_v4_qt.dir/src/main_gui.cpp.o[0m
[0.322s] [  8%] [32mBuilding CXX object CMakeFiles/amr_v4_qt.dir/src/main.cpp.o[0m
[8.609s] [01m[K/home/colin/agv_gui/src/amr_v4_qt/src/main_gui.cpp:[m[K In member function ‘[01m[Kint MainGui::getWifiSignalStrength()[m[K’:
[8.609s] [01m[K/home/colin/agv_gui/src/amr_v4_qt/src/main_gui.cpp:156:18:[m[K [01;35m[Kwarning: [m[K‘[01m[Kvoid QProcess::start(const QString&, QIODevice::OpenMode)[m[K’ is deprecated: Use QProcess::start(const QString &program, const QStringList &arguments,OpenMode mode = ReadWrite) instead [[01;35m[K]8;;https://gcc.gnu.org/onlinedocs/gcc/Warning-Options.html#index-Wdeprecated-declarations-Wdeprecated-declarations]8;;[m[K]
[8.609s]   156 |     [01;35m[Kprocess.start("iwconfig")[m[K;
[8.609s]       |     [01;35m[K~~~~~~~~~~~~~^~~~~~~~~~~~[m[K
[8.610s] In file included from [01m[K/usr/include/x86_64-linux-gnu/qt5/QtCore/QProcess:1[m[K,
[8.610s]                  from [01m[K/home/colin/agv_gui/src/amr_v4_qt/src/main_gui.cpp:5[m[K:
[8.610s] [01m[K/usr/include/x86_64-linux-gnu/qt5/QtCore/qprocess.h:168:10:[m[K [01;36m[Knote: [m[Kdeclared here
[8.612s]   168 |     void [01;36m[Kstart[m[K(const QString &command, OpenMode mode = ReadWrite);
[8.612s]       |          [01;36m[K^~~~~[m[K
[8.854s] In file included from [01m[K/usr/include/x86_64-linux-gnu/qt5/QtGui/qtguiglobal.h:43[m[K,
[8.854s]                  from [01m[K/usr/include/x86_64-linux-gnu/qt5/QtWidgets/qtwidgetsglobal.h:43[m[K,
[8.854s]                  from [01m[K/usr/include/x86_64-linux-gnu/qt5/QtWidgets/qmainwindow.h:43[m[K,
[8.854s]                  from [01m[K/usr/include/x86_64-linux-gnu/qt5/QtWidgets/QMainWindow:1[m[K,
[8.854s]                  from [01m[K/home/colin/agv_gui/src/amr_v4_qt/include/main_gui.h:4[m[K,
[8.854s]                  from [01m[K/home/colin/agv_gui/src/amr_v4_qt/src/main_gui.cpp:1[m[K:
[8.854s] /usr/include/x86_64-linux-gnu/qt5/QtCore/qobject.h: In instantiation of ‘[01m[Kstatic typename std::enable_if<(((int)(QtPrivate::FunctionPointer<Func2>::ArgumentCount) >= 0) && (! QtPrivate::FunctionPointer<Func2>::IsPointerToMemberFunction)), QMetaObject::Connection>::type QObject::connect(const typename QtPrivate::FunctionPointer<Func>::Object*, Func1, const QObject*, Func2, Qt::ConnectionType) [with Func1 = void (QAbstractButton::*)(bool); Func2 = void (*)(std::shared_ptr<std_msgs::msg::Bool_<std::allocator<void> > >); typename std::enable_if<(((int)(QtPrivate::FunctionPointer<Func2>::ArgumentCount) >= 0) && (! QtPrivate::FunctionPointer<Func2>::IsPointerToMemberFunction)), QMetaObject::Connection>::type = QMetaObject::Connection; typename QtPrivate::FunctionPointer<Func>::Object = QAbstractButton][m[K’:
[8.854s] [01m[K/home/colin/agv_gui/src/amr_v4_qt/src/main_gui.cpp:57:12:[m[K   required from here
[8.854s] [01m[K/usr/include/x86_64-linux-gnu/qt5/QtCore/qobject.h:295:9:[m[K [01;31m[Kerror: [m[Kstatic assertion failed: Signal and slot arguments are not compatible.
[8.854s]   295 |         [01;31m[KQ_STATIC_ASSERT_X[m[K((QtPrivate::CheckCompatibleArguments<typename SignalType::Arguments, typename SlotType::Arguments>::value),
[8.855s]       |         [01;31m[K^~~~~~~~~~~~~~~~~[m[K
[8.855s] [01m[K/usr/include/x86_64-linux-gnu/qt5/QtCore/qobject.h:295:9:[m[K [01;36m[Knote: [m[K‘[01m[K(((int)QtPrivate::CheckCompatibleArguments<QtPrivate::List<bool>, QtPrivate::List<std::shared_ptr<std_msgs::msg::Bool_<std::allocator<void> > > > >::value) != 0)[m[K’ evaluates to false
[9.680s] gmake[2]: *** [CMakeFiles/amr_v4_qt.dir/build.make:168: CMakeFiles/amr_v4_qt.dir/src/main_gui.cpp.o] Error 1
[9.680s] gmake[1]: *** [CMakeFiles/Makefile2:138: CMakeFiles/amr_v4_qt.dir/all] Error 2
[9.681s] gmake: *** [Makefile:146: all] Error 2
[9.685s] Invoked command in '/home/colin/agv_gui/build/amr_v4_qt' returned '2': CMAKE_PREFIX_PATH=${CMAKE_PREFIX_PATH}:/opt/ros/iron /usr/bin/cmake --build /home/colin/agv_gui/build/amr_v4_qt -- -j4 -l4
