[0.084s] Invoking command in '/home/amr_1/agv_gui/build/agv_gui': CMAKE_PREFIX_PATH=${CMAKE_PREFIX_PATH}:/opt/ros/foxy /usr/bin/cmake /home/amr_1/agv_gui/src/agv_gui -G CodeBlocks - Unix Makefiles -DCMAKE_BUILD_TYPE=Debug -DCMAKE_INSTALL_PREFIX=/home/amr_1/agv_gui/install/agv_gui
[0.423s] -- The C compiler identification is GNU 9.4.0
[0.744s] -- The CXX compiler identification is GNU 9.4.0
[0.960s] -- Check for working C compiler: /usr/bin/cc
[1.361s] -- Check for working C compiler: /usr/bin/cc -- works
[1.367s] -- Detecting C compiler ABI info
[1.777s] -- Detecting C compiler ABI info - done
[1.840s] -- Detecting C compile features
[1.842s] -- Detecting C compile features - done
[1.856s] -- Check for working CXX compiler: /usr/bin/c++
[2.325s] -- Check for working CXX compiler: /usr/bin/c++ -- works
[2.329s] -- Detecting CXX compiler ABI info
[2.806s] -- Detecting CXX compiler ABI info - done
[2.865s] -- Detecting CXX compile features
[2.867s] -- Detecting CXX compile features - done
[2.877s] -- Found ament_cmake: 0.9.12 (/opt/ros/foxy/share/ament_cmake/cmake)
[3.014s] -- Found PythonInterp: /usr/bin/python3 (found suitable version "3.8.10", minimum required is "3") 
[3.014s] -- Using PYTHON_EXECUTABLE: /usr/bin/python3
[4.011s] -- Found geometry_msgs: 2.0.5 (/opt/ros/foxy/share/geometry_msgs/cmake)
[4.148s] -- Using all available rosidl_typesupport_c: rosidl_typesupport_fastrtps_c;rosidl_typesupport_introspection_c
[4.179s] -- Found rosidl_adapter: 1.3.1 (/opt/ros/foxy/share/rosidl_adapter/cmake)
[4.651s] -- Found OpenSSL: /usr/lib/aarch64-linux-gnu/libcrypto.so (found version "1.1.1f")  
[4.787s] -- Found FastRTPS: /opt/ros/foxy/include  
[5.156s] -- Using all available rosidl_typesupport_cpp: rosidl_typesupport_fastrtps_cpp;rosidl_typesupport_introspection_cpp
[5.552s] -- Found rclcpp: 2.4.3 (/opt/ros/foxy/share/rclcpp/cmake)
[5.753s] -- Found rmw_implementation_cmake: 1.0.4 (/opt/ros/foxy/share/rmw_implementation_cmake/cmake)
[5.759s] -- Using RMW implementation 'rmw_fastrtps_cpp' as default
[5.763s] -- Looking for pthread.h
[6.199s] -- Looking for pthread.h - found
[6.201s] -- Performing Test CMAKE_HAVE_LIBC_PTHREAD
[6.667s] -- Performing Test CMAKE_HAVE_LIBC_PTHREAD - Failed
[6.668s] -- Looking for pthread_create in pthreads
[7.048s] -- Looking for pthread_create in pthreads - not found
[7.049s] -- Looking for pthread_create in pthread
[7.473s] -- Looking for pthread_create in pthread - found
[7.480s] -- Found Threads: TRUE  
[8.100s] -- Found rclcpp_components: 2.4.3 (/opt/ros/foxy/share/rclcpp_components/cmake)
[8.362s] -- Found rviz_common: 8.2.8 (/opt/ros/foxy/share/rviz_common/cmake)
[8.432s] -- Setting OGRE_DIR to: '/opt/ros/foxy/share/rviz_ogre_vendor/cmake/../../../opt/rviz_ogre_vendor/lib/OGRE/cmake'
[8.446s] -- Found OGRE
[8.447s] --   static     : OFF
[8.447s] --   components : HLMS;MeshLodGenerator;Overlay;Paging;Property;RTShaderSystem;Terrain;Volume
[8.448s] --   plugins    : Plugin_BSPSceneManager;Plugin_OctreeSceneManager;Plugin_PCZSceneManager;Plugin_ParticleFX;RenderSystem_GL;RenderSystem_GL3Plus;Codec_STBI
[8.449s] --   media      : /opt/ros/foxy/opt/rviz_ogre_vendor/share/OGRE/Media
[8.449s] -- OGRE_LIBRARIES: OgreHLMS;OgreMeshLodGenerator;OgreOverlay;OgrePaging;OgreProperty;OgreRTShaderSystem;OgreTerrain;OgreVolume;OgreMain
[8.450s] -- OGRE_LIBRARY_DIRS: /opt/ros/foxy/opt/rviz_ogre_vendor/lib
[8.450s] -- OGRE_PLUGINS: Plugin_BSPSceneManager;Plugin_OctreeSceneManager;Plugin_PCZSceneManager;Plugin_ParticleFX;RenderSystem_GL;RenderSystem_GL3Plus;Codec_STBI
[8.451s] -- OGRE_PLUGIN_DIR: /opt/ros/foxy/opt/rviz_ogre_vendor/lib/OGRE
[8.451s] -- rviz_ogre_vendor::OgreOverlay for IMPORTED_LOCATION_RELEASE: /opt/ros/foxy/opt/rviz_ogre_vendor/lib/libOgreOverlay.so
[8.452s] -- rviz_ogre_vendor::OgreOverlay for IMPORTED_LOCATION_DEBUG: /opt/ros/foxy/opt/rviz_ogre_vendor/lib/libOgreOverlay.so
[8.452s] -- rviz_ogre_vendor::OgreMain for IMPORTED_LOCATION_RELEASE: /opt/ros/foxy/opt/rviz_ogre_vendor/lib/libOgreMain.so
[8.453s] -- rviz_ogre_vendor::OgreMain for IMPORTED_LOCATION_DEBUG: /opt/ros/foxy/opt/rviz_ogre_vendor/lib/libOgreMain.so
[8.455s] -- Could not find freeimage library
[8.545s] -- Found ZLIB: /usr/lib/aarch64-linux-gnu/libz.so (found version "1.2.11") 
[8.568s] -- Found OpenGL: /usr/lib/aarch64-linux-gnu/libOpenGL.so   
[9.104s] -- Found X11: /usr/include   
[9.105s] -- Looking for XOpenDisplay in /usr/lib/aarch64-linux-gnu/libX11.so;/usr/lib/aarch64-linux-gnu/libXext.so
[9.568s] -- Looking for XOpenDisplay in /usr/lib/aarch64-linux-gnu/libX11.so;/usr/lib/aarch64-linux-gnu/libXext.so - found
[9.569s] -- Looking for gethostbyname
[9.975s] -- Looking for gethostbyname - found
[9.975s] -- Looking for connect
[10.395s] -- Looking for connect - found
[10.396s] -- Looking for remove
[10.806s] -- Looking for remove - found
[10.807s] -- Looking for shmat
[11.225s] -- Looking for shmat - found
[11.226s] -- Looking for IceConnectionNumber in ICE
[11.655s] -- Looking for IceConnectionNumber in ICE - found
[11.669s] -- rviz_ogre_vendor::RenderSystem_GL for IMPORTED_LOCATION_RELEASE: _render_system_gl_static_library_abs-NOTFOUND
[11.670s] -- rviz_ogre_vendor::RenderSystem_GL for IMPORTED_LOCATION_DEBUG: _render_system_gl_static_library_abs-NOTFOUND
[11.691s] -- library: libassimp.so.5
[12.179s] -- library: /usr/lib/aarch64-linux-gnu/libcurl.so
[12.797s] -- Found Eigen3: TRUE (found version "3.3.7") 
[14.308s] -- Setting yaml-cpp_DIR to: '/opt/ros/foxy/share/yaml_cpp_vendor/cmake/../../../opt/yaml_cpp_vendor/lib/cmake/yaml-cpp'
[14.327s] -- Found rviz_default_plugins: 8.2.8 (/opt/ros/foxy/share/rviz_default_plugins/cmake)
[16.315s] -- Found std_srvs: 2.0.5 (/opt/ros/foxy/share/std_srvs/cmake)
[16.387s] -- Found tf2_eigen: 0.13.14 (/opt/ros/foxy/share/tf2_eigen/cmake)
[16.735s] -- Configuring done
[17.055s] -- Generating done
[17.070s] -- Build files have been written to: /home/amr_1/agv_gui/build/agv_gui
[17.128s] Invoked command in '/home/amr_1/agv_gui/build/agv_gui' returned '0': CMAKE_PREFIX_PATH=${CMAKE_PREFIX_PATH}:/opt/ros/foxy /usr/bin/cmake /home/amr_1/agv_gui/src/agv_gui -G CodeBlocks - Unix Makefiles -DCMAKE_BUILD_TYPE=Debug -DCMAKE_INSTALL_PREFIX=/home/amr_1/agv_gui/install/agv_gui
[17.137s] Invoking command in '/home/amr_1/agv_gui/build/agv_gui': CMAKE_PREFIX_PATH=${CMAKE_PREFIX_PATH}:/opt/ros/foxy /usr/bin/cmake --build /home/amr_1/agv_gui/build/agv_gui -- -j6 -l6
[17.387s] Scanning dependencies of target agv_gui_autogen
[17.440s] [ 20%] Automatic MOC and UIC for target agv_gui
[17.533s] 
[17.534s] AutoMoc error
[17.534s] -------------
[17.535s] "SRC:/src/main_gui.cpp"
[17.535s] contains a "Q_OBJECT" macro, but does not include "main_gui.moc"!
[17.536s] Consider to
[17.536s]   - add #include "main_gui.moc"
[17.536s]   - enable SKIP_AUTOMOC for this file
[17.537s] 
[17.540s] make[2]: *** [CMakeFiles/agv_gui_autogen.dir/build.make:58: CMakeFiles/agv_gui_autogen] Error 1
[17.540s] make[1]: *** [CMakeFiles/Makefile2:160: CMakeFiles/agv_gui_autogen.dir/all] Error 2
[17.541s] make: *** [Makefile:141: all] Error 2
[17.553s] Invoked command in '/home/amr_1/agv_gui/build/agv_gui' returned '2': CMAKE_PREFIX_PATH=${CMAKE_PREFIX_PATH}:/opt/ros/foxy /usr/bin/cmake --build /home/amr_1/agv_gui/build/agv_gui -- -j6 -l6
