[0.394s] DEBUG:colcon:Command line arguments: ['/usr/bin/colcon', 'build']
[0.394s] DEBUG:colcon:Parsed command line arguments: Namespace(allow_overriding=[], ament_cmake_args=None, base_paths=['.'], build_base='build', catkin_cmake_args=None, catkin_skip_building_tests=False, cmake_args=None, cmake_clean_cache=False, cmake_clean_first=False, cmake_force_configure=False, cmake_target=None, cmake_target_skip_unavailable=False, continue_on_error=False, event_handlers=None, executor='parallel', ignore_user_meta=False, install_base='install', log_base=None, log_level=None, main=<bound method BuildVerb.main of <colcon_core.verb.build.BuildVerb object at 0x7f6412d20a30>>, merge_install=False, metas=['./colcon.meta'], packages_above=None, packages_above_and_dependencies=None, packages_above_depth=None, packages_end=None, packages_ignore=None, packages_ignore_regex=None, packages_select=None, packages_select_build_failed=False, packages_select_by_dep=None, packages_select_regex=None, packages_select_test_failures=False, packages_skip=None, packages_skip_build_finished=False, packages_skip_by_dep=None, packages_skip_regex=None, packages_skip_test_passed=False, packages_skip_up_to=None, packages_start=None, packages_up_to=None, packages_up_to_regex=None, parallel_workers=2, paths=None, symlink_install=False, test_result_base=None, verb_extension=<colcon_core.verb.build.BuildVerb object at 0x7f6412d20a30>, verb_name='build', verb_parser=<colcon_defaults.argument_parser.defaults.DefaultArgumentsDecorator object at 0x7f6412d20f40>)
[0.586s] Level 1:colcon.colcon_core.package_discovery:discover_packages(colcon_meta) check parameters
[0.586s] Level 1:colcon.colcon_core.package_discovery:discover_packages(recursive) check parameters
[0.586s] Level 1:colcon.colcon_core.package_discovery:discover_packages(ignore) check parameters
[0.587s] Level 1:colcon.colcon_core.package_discovery:discover_packages(path) check parameters
[0.587s] Level 1:colcon.colcon_core.package_discovery:discover_packages(colcon_meta) discover
[0.587s] Level 1:colcon.colcon_core.package_discovery:discover_packages(recursive) discover
[0.587s] INFO:colcon.colcon_core.package_discovery:Crawling recursively for packages in '/home/kidd/projects/agv_gui'
[0.587s] Level 1:colcon.colcon_core.package_identification:_identify(.) by extensions ['ignore', 'ignore_ament_install']
[0.587s] Level 1:colcon.colcon_core.package_identification:_identify(.) by extension 'ignore'
[0.587s] Level 1:colcon.colcon_core.package_identification:_identify(.) by extension 'ignore_ament_install'
[0.587s] Level 1:colcon.colcon_core.package_identification:_identify(.) by extensions ['colcon_pkg']
[0.588s] Level 1:colcon.colcon_core.package_identification:_identify(.) by extension 'colcon_pkg'
[0.588s] Level 1:colcon.colcon_core.package_identification:_identify(.) by extensions ['colcon_meta']
[0.588s] Level 1:colcon.colcon_core.package_identification:_identify(.) by extension 'colcon_meta'
[0.588s] Level 1:colcon.colcon_core.package_identification:_identify(.) by extensions ['ros']
[0.588s] Level 1:colcon.colcon_core.package_identification:_identify(.) by extension 'ros'
[0.603s] Level 1:colcon.colcon_core.package_identification:_identify(.) by extensions ['cmake', 'python']
[0.603s] Level 1:colcon.colcon_core.package_identification:_identify(.) by extension 'cmake'
[0.603s] Level 1:colcon.colcon_core.package_identification:_identify(.) by extension 'python'
[0.604s] Level 1:colcon.colcon_core.package_identification:_identify(.) by extensions ['python_setup_py']
[0.604s] Level 1:colcon.colcon_core.package_identification:_identify(.) by extension 'python_setup_py'
[0.604s] Level 1:colcon.colcon_core.package_identification:_identify(amr_v4_msgs_srvs) by extensions ['ignore', 'ignore_ament_install']
[0.604s] Level 1:colcon.colcon_core.package_identification:_identify(amr_v4_msgs_srvs) by extension 'ignore'
[0.604s] Level 1:colcon.colcon_core.package_identification:_identify(amr_v4_msgs_srvs) by extension 'ignore_ament_install'
[0.604s] Level 1:colcon.colcon_core.package_identification:_identify(amr_v4_msgs_srvs) by extensions ['colcon_pkg']
[0.604s] Level 1:colcon.colcon_core.package_identification:_identify(amr_v4_msgs_srvs) by extension 'colcon_pkg'
[0.605s] Level 1:colcon.colcon_core.package_identification:_identify(amr_v4_msgs_srvs) by extensions ['colcon_meta']
[0.605s] Level 1:colcon.colcon_core.package_identification:_identify(amr_v4_msgs_srvs) by extension 'colcon_meta'
[0.605s] Level 1:colcon.colcon_core.package_identification:_identify(amr_v4_msgs_srvs) by extensions ['ros']
[0.605s] Level 1:colcon.colcon_core.package_identification:_identify(amr_v4_msgs_srvs) by extension 'ros'
[0.609s] DEBUG:colcon.colcon_core.package_identification:Package 'amr_v4_msgs_srvs' with type 'ros.ament_cmake' and name 'amr_v4_msgs_srvs'
[0.609s] Level 1:colcon.colcon_core.package_identification:_identify(amr_v4_qt) by extensions ['ignore', 'ignore_ament_install']
[0.609s] Level 1:colcon.colcon_core.package_identification:_identify(amr_v4_qt) by extension 'ignore'
[0.609s] Level 1:colcon.colcon_core.package_identification:_identify(amr_v4_qt) by extension 'ignore_ament_install'
[0.609s] Level 1:colcon.colcon_core.package_identification:_identify(amr_v4_qt) by extensions ['colcon_pkg']
[0.610s] Level 1:colcon.colcon_core.package_identification:_identify(amr_v4_qt) by extension 'colcon_pkg'
[0.610s] Level 1:colcon.colcon_core.package_identification:_identify(amr_v4_qt) by extensions ['colcon_meta']
[0.610s] Level 1:colcon.colcon_core.package_identification:_identify(amr_v4_qt) by extension 'colcon_meta'
[0.610s] Level 1:colcon.colcon_core.package_identification:_identify(amr_v4_qt) by extensions ['ros']
[0.610s] Level 1:colcon.colcon_core.package_identification:_identify(amr_v4_qt) by extension 'ros'
[0.611s] DEBUG:colcon.colcon_core.package_identification:Package 'amr_v4_qt' with type 'ros.ament_cmake' and name 'amr_v4_qt'
[0.611s] Level 1:colcon.colcon_core.package_identification:_identify(build) by extensions ['ignore', 'ignore_ament_install']
[0.612s] Level 1:colcon.colcon_core.package_identification:_identify(build) by extension 'ignore'
[0.612s] Level 1:colcon.colcon_core.package_identification:_identify(build) ignored
[0.612s] Level 1:colcon.colcon_core.package_identification:_identify(install) by extensions ['ignore', 'ignore_ament_install']
[0.612s] Level 1:colcon.colcon_core.package_identification:_identify(install) by extension 'ignore'
[0.612s] Level 1:colcon.colcon_core.package_identification:_identify(install) ignored
[0.613s] Level 1:colcon.colcon_core.package_identification:_identify(log) by extensions ['ignore', 'ignore_ament_install']
[0.613s] Level 1:colcon.colcon_core.package_identification:_identify(log) by extension 'ignore'
[0.613s] Level 1:colcon.colcon_core.package_identification:_identify(log) ignored
[0.613s] Level 1:colcon.colcon_core.package_discovery:discover_packages(recursive) using defaults
[0.613s] Level 1:colcon.colcon_core.package_discovery:discover_packages(ignore) discover
[0.613s] Level 1:colcon.colcon_core.package_discovery:discover_packages(ignore) using defaults
[0.613s] Level 1:colcon.colcon_core.package_discovery:discover_packages(path) discover
[0.614s] Level 1:colcon.colcon_core.package_discovery:discover_packages(path) using defaults
[0.639s] Level 1:colcon.colcon_core.package_discovery:discover_packages(prefix_path) check parameters
[0.639s] Level 1:colcon.colcon_core.package_discovery:discover_packages(prefix_path) discover
[0.642s] DEBUG:colcon.colcon_installed_package_information.package_discovery:Found 2 installed packages in /home/kidd/projects/agv_gui/install
[0.645s] DEBUG:colcon.colcon_installed_package_information.package_discovery:Found 268 installed packages in /opt/ros/galactic
[0.646s] Level 1:colcon.colcon_core.package_discovery:discover_packages(prefix_path) using defaults
[0.767s] Level 5:colcon.colcon_core.verb:set package 'amr_v4_msgs_srvs' build argument 'cmake_args' from command line to 'None'
[0.768s] Level 5:colcon.colcon_core.verb:set package 'amr_v4_msgs_srvs' build argument 'cmake_target' from command line to 'None'
[0.768s] Level 5:colcon.colcon_core.verb:set package 'amr_v4_msgs_srvs' build argument 'cmake_target_skip_unavailable' from command line to 'False'
[0.768s] Level 5:colcon.colcon_core.verb:set package 'amr_v4_msgs_srvs' build argument 'cmake_clean_cache' from command line to 'False'
[0.768s] Level 5:colcon.colcon_core.verb:set package 'amr_v4_msgs_srvs' build argument 'cmake_clean_first' from command line to 'False'
[0.768s] Level 5:colcon.colcon_core.verb:set package 'amr_v4_msgs_srvs' build argument 'cmake_force_configure' from command line to 'False'
[0.768s] Level 5:colcon.colcon_core.verb:set package 'amr_v4_msgs_srvs' build argument 'ament_cmake_args' from command line to 'None'
[0.768s] Level 5:colcon.colcon_core.verb:set package 'amr_v4_msgs_srvs' build argument 'catkin_cmake_args' from command line to 'None'
[0.768s] Level 5:colcon.colcon_core.verb:set package 'amr_v4_msgs_srvs' build argument 'catkin_skip_building_tests' from command line to 'False'
[0.769s] DEBUG:colcon.colcon_core.verb:Building package 'amr_v4_msgs_srvs' with the following arguments: {'ament_cmake_args': None, 'build_base': '/home/kidd/projects/agv_gui/build/amr_v4_msgs_srvs', 'catkin_cmake_args': None, 'catkin_skip_building_tests': False, 'cmake_args': None, 'cmake_clean_cache': False, 'cmake_clean_first': False, 'cmake_force_configure': False, 'cmake_target': None, 'cmake_target_skip_unavailable': False, 'install_base': '/home/kidd/projects/agv_gui/install/amr_v4_msgs_srvs', 'merge_install': False, 'path': '/home/kidd/projects/agv_gui/amr_v4_msgs_srvs', 'symlink_install': False, 'test_result_base': None}
[0.769s] Level 5:colcon.colcon_core.verb:set package 'amr_v4_qt' build argument 'cmake_args' from command line to 'None'
[0.769s] Level 5:colcon.colcon_core.verb:set package 'amr_v4_qt' build argument 'cmake_target' from command line to 'None'
[0.769s] Level 5:colcon.colcon_core.verb:set package 'amr_v4_qt' build argument 'cmake_target_skip_unavailable' from command line to 'False'
[0.770s] Level 5:colcon.colcon_core.verb:set package 'amr_v4_qt' build argument 'cmake_clean_cache' from command line to 'False'
[0.770s] Level 5:colcon.colcon_core.verb:set package 'amr_v4_qt' build argument 'cmake_clean_first' from command line to 'False'
[0.770s] Level 5:colcon.colcon_core.verb:set package 'amr_v4_qt' build argument 'cmake_force_configure' from command line to 'False'
[0.770s] Level 5:colcon.colcon_core.verb:set package 'amr_v4_qt' build argument 'ament_cmake_args' from command line to 'None'
[0.770s] Level 5:colcon.colcon_core.verb:set package 'amr_v4_qt' build argument 'catkin_cmake_args' from command line to 'None'
[0.770s] Level 5:colcon.colcon_core.verb:set package 'amr_v4_qt' build argument 'catkin_skip_building_tests' from command line to 'False'
[0.770s] DEBUG:colcon.colcon_core.verb:Building package 'amr_v4_qt' with the following arguments: {'ament_cmake_args': None, 'build_base': '/home/kidd/projects/agv_gui/build/amr_v4_qt', 'catkin_cmake_args': None, 'catkin_skip_building_tests': False, 'cmake_args': None, 'cmake_clean_cache': False, 'cmake_clean_first': False, 'cmake_force_configure': False, 'cmake_target': None, 'cmake_target_skip_unavailable': False, 'install_base': '/home/kidd/projects/agv_gui/install/amr_v4_qt', 'merge_install': False, 'path': '/home/kidd/projects/agv_gui/amr_v4_qt', 'symlink_install': False, 'test_result_base': None}
[0.770s] INFO:colcon.colcon_core.executor:Executing jobs using 'parallel' executor
[0.772s] DEBUG:colcon.colcon_parallel_executor.executor.parallel:run_until_complete
[0.773s] INFO:colcon.colcon_ros.task.ament_cmake.build:Building ROS package in '/home/kidd/projects/agv_gui/amr_v4_msgs_srvs' with build type 'ament_cmake'
[0.773s] INFO:colcon.colcon_cmake.task.cmake.build:Building CMake package in '/home/kidd/projects/agv_gui/amr_v4_msgs_srvs'
[0.779s] INFO:colcon.colcon_core.plugin_system:Skipping extension 'colcon_core.shell.bat': Not used on non-Windows systems
[0.780s] INFO:colcon.colcon_core.shell:Skip shell extension 'powershell' for command environment: Not usable outside of PowerShell
[0.780s] DEBUG:colcon.colcon_core.shell:Skip shell extension 'dsv' for command environment
[0.798s] DEBUG:colcon.colcon_core.event_handler.log_command:Invoking command in '/home/kidd/projects/agv_gui/build/amr_v4_msgs_srvs': CMAKE_PREFIX_PATH=${CMAKE_PREFIX_PATH}:/opt/ros/galactic /usr/bin/cmake --build /home/kidd/projects/agv_gui/build/amr_v4_msgs_srvs -- -j2 -l2
[1.359s] DEBUG:colcon.colcon_core.event_handler.log_command:Invoked command in '/home/kidd/projects/agv_gui/build/amr_v4_msgs_srvs' returned '0': CMAKE_PREFIX_PATH=${CMAKE_PREFIX_PATH}:/opt/ros/galactic /usr/bin/cmake --build /home/kidd/projects/agv_gui/build/amr_v4_msgs_srvs -- -j2 -l2
[1.472s] DEBUG:colcon.colcon_core.event_handler.log_command:Invoking command in '/home/kidd/projects/agv_gui/build/amr_v4_msgs_srvs': CMAKE_PREFIX_PATH=${CMAKE_PREFIX_PATH}:/opt/ros/galactic /usr/bin/cmake --install /home/kidd/projects/agv_gui/build/amr_v4_msgs_srvs
[1.582s] Level 1:colcon.colcon_core.environment:create_environment_scripts_only(amr_v4_msgs_srvs)
[1.584s] DEBUG:colcon.colcon_core.event_handler.log_command:Invoked command in '/home/kidd/projects/agv_gui/build/amr_v4_msgs_srvs' returned '0': CMAKE_PREFIX_PATH=${CMAKE_PREFIX_PATH}:/opt/ros/galactic /usr/bin/cmake --install /home/kidd/projects/agv_gui/build/amr_v4_msgs_srvs
[1.591s] Level 1:colcon.colcon_core.environment:checking '/home/kidd/projects/agv_gui/install/amr_v4_msgs_srvs' for CMake module files
[1.592s] Level 1:colcon.colcon_core.environment:checking '/home/kidd/projects/agv_gui/install/amr_v4_msgs_srvs' for CMake config files
[1.593s] Level 1:colcon.colcon_core.shell:create_environment_hook('amr_v4_msgs_srvs', 'cmake_prefix_path')
[1.594s] INFO:colcon.colcon_core.shell:Creating environment hook '/home/kidd/projects/agv_gui/install/amr_v4_msgs_srvs/share/amr_v4_msgs_srvs/hook/cmake_prefix_path.ps1'
[1.596s] INFO:colcon.colcon_core.shell:Creating environment descriptor '/home/kidd/projects/agv_gui/install/amr_v4_msgs_srvs/share/amr_v4_msgs_srvs/hook/cmake_prefix_path.dsv'
[1.597s] INFO:colcon.colcon_core.shell:Creating environment hook '/home/kidd/projects/agv_gui/install/amr_v4_msgs_srvs/share/amr_v4_msgs_srvs/hook/cmake_prefix_path.sh'
[1.599s] Level 1:colcon.colcon_core.environment:checking '/home/kidd/projects/agv_gui/install/amr_v4_msgs_srvs/lib'
[1.600s] Level 1:colcon.colcon_core.shell:create_environment_hook('amr_v4_msgs_srvs', 'ld_library_path_lib')
[1.600s] INFO:colcon.colcon_core.shell:Creating environment hook '/home/kidd/projects/agv_gui/install/amr_v4_msgs_srvs/share/amr_v4_msgs_srvs/hook/ld_library_path_lib.ps1'
[1.601s] INFO:colcon.colcon_core.shell:Creating environment descriptor '/home/kidd/projects/agv_gui/install/amr_v4_msgs_srvs/share/amr_v4_msgs_srvs/hook/ld_library_path_lib.dsv'
[1.601s] INFO:colcon.colcon_core.shell:Creating environment hook '/home/kidd/projects/agv_gui/install/amr_v4_msgs_srvs/share/amr_v4_msgs_srvs/hook/ld_library_path_lib.sh'
[1.602s] Level 1:colcon.colcon_core.environment:checking '/home/kidd/projects/agv_gui/install/amr_v4_msgs_srvs/bin'
[1.603s] Level 1:colcon.colcon_core.environment:checking '/home/kidd/projects/agv_gui/install/amr_v4_msgs_srvs/lib/pkgconfig/amr_v4_msgs_srvs.pc'
[1.603s] Level 1:colcon.colcon_core.environment:checking '/home/kidd/projects/agv_gui/install/amr_v4_msgs_srvs/lib/python3.8/site-packages'
[1.603s] Level 1:colcon.colcon_core.shell:create_environment_hook('amr_v4_msgs_srvs', 'pythonpath')
[1.603s] INFO:colcon.colcon_core.shell:Creating environment hook '/home/kidd/projects/agv_gui/install/amr_v4_msgs_srvs/share/amr_v4_msgs_srvs/hook/pythonpath.ps1'
[1.604s] INFO:colcon.colcon_core.shell:Creating environment descriptor '/home/kidd/projects/agv_gui/install/amr_v4_msgs_srvs/share/amr_v4_msgs_srvs/hook/pythonpath.dsv'
[1.605s] INFO:colcon.colcon_core.shell:Creating environment hook '/home/kidd/projects/agv_gui/install/amr_v4_msgs_srvs/share/amr_v4_msgs_srvs/hook/pythonpath.sh'
[1.606s] Level 1:colcon.colcon_core.environment:checking '/home/kidd/projects/agv_gui/install/amr_v4_msgs_srvs/bin'
[1.607s] INFO:colcon.colcon_core.shell:Creating package script '/home/kidd/projects/agv_gui/install/amr_v4_msgs_srvs/share/amr_v4_msgs_srvs/package.ps1'
[1.608s] INFO:colcon.colcon_core.shell:Creating package descriptor '/home/kidd/projects/agv_gui/install/amr_v4_msgs_srvs/share/amr_v4_msgs_srvs/package.dsv'
[1.611s] INFO:colcon.colcon_core.shell:Creating package script '/home/kidd/projects/agv_gui/install/amr_v4_msgs_srvs/share/amr_v4_msgs_srvs/package.sh'
[1.614s] INFO:colcon.colcon_core.shell:Creating package script '/home/kidd/projects/agv_gui/install/amr_v4_msgs_srvs/share/amr_v4_msgs_srvs/package.bash'
[1.615s] INFO:colcon.colcon_core.shell:Creating package script '/home/kidd/projects/agv_gui/install/amr_v4_msgs_srvs/share/amr_v4_msgs_srvs/package.zsh'
[1.617s] Level 1:colcon.colcon_core.environment:create_file_with_runtime_dependencies(/home/kidd/projects/agv_gui/install/amr_v4_msgs_srvs/share/colcon-core/packages/amr_v4_msgs_srvs)
[1.719s] Level 1:colcon.colcon_core.environment:create_environment_scripts_only(amr_v4_msgs_srvs)
[1.720s] Level 1:colcon.colcon_core.environment:checking '/home/kidd/projects/agv_gui/install/amr_v4_msgs_srvs' for CMake module files
[1.721s] Level 1:colcon.colcon_core.environment:checking '/home/kidd/projects/agv_gui/install/amr_v4_msgs_srvs' for CMake config files
[1.721s] Level 1:colcon.colcon_core.shell:create_environment_hook('amr_v4_msgs_srvs', 'cmake_prefix_path')
[1.722s] INFO:colcon.colcon_core.shell:Creating environment hook '/home/kidd/projects/agv_gui/install/amr_v4_msgs_srvs/share/amr_v4_msgs_srvs/hook/cmake_prefix_path.ps1'
[1.723s] INFO:colcon.colcon_core.shell:Creating environment descriptor '/home/kidd/projects/agv_gui/install/amr_v4_msgs_srvs/share/amr_v4_msgs_srvs/hook/cmake_prefix_path.dsv'
[1.725s] INFO:colcon.colcon_core.shell:Creating environment hook '/home/kidd/projects/agv_gui/install/amr_v4_msgs_srvs/share/amr_v4_msgs_srvs/hook/cmake_prefix_path.sh'
[1.726s] Level 1:colcon.colcon_core.environment:checking '/home/kidd/projects/agv_gui/install/amr_v4_msgs_srvs/lib'
[1.726s] Level 1:colcon.colcon_core.shell:create_environment_hook('amr_v4_msgs_srvs', 'ld_library_path_lib')
[1.726s] INFO:colcon.colcon_core.shell:Creating environment hook '/home/kidd/projects/agv_gui/install/amr_v4_msgs_srvs/share/amr_v4_msgs_srvs/hook/ld_library_path_lib.ps1'
[1.727s] INFO:colcon.colcon_core.shell:Creating environment descriptor '/home/kidd/projects/agv_gui/install/amr_v4_msgs_srvs/share/amr_v4_msgs_srvs/hook/ld_library_path_lib.dsv'
[1.728s] INFO:colcon.colcon_core.shell:Creating environment hook '/home/kidd/projects/agv_gui/install/amr_v4_msgs_srvs/share/amr_v4_msgs_srvs/hook/ld_library_path_lib.sh'
[1.729s] Level 1:colcon.colcon_core.environment:checking '/home/kidd/projects/agv_gui/install/amr_v4_msgs_srvs/bin'
[1.729s] Level 1:colcon.colcon_core.environment:checking '/home/kidd/projects/agv_gui/install/amr_v4_msgs_srvs/lib/pkgconfig/amr_v4_msgs_srvs.pc'
[1.730s] Level 1:colcon.colcon_core.environment:checking '/home/kidd/projects/agv_gui/install/amr_v4_msgs_srvs/lib/python3.8/site-packages'
[1.730s] Level 1:colcon.colcon_core.shell:create_environment_hook('amr_v4_msgs_srvs', 'pythonpath')
[1.730s] INFO:colcon.colcon_core.shell:Creating environment hook '/home/kidd/projects/agv_gui/install/amr_v4_msgs_srvs/share/amr_v4_msgs_srvs/hook/pythonpath.ps1'
[1.731s] INFO:colcon.colcon_core.shell:Creating environment descriptor '/home/kidd/projects/agv_gui/install/amr_v4_msgs_srvs/share/amr_v4_msgs_srvs/hook/pythonpath.dsv'
[1.732s] INFO:colcon.colcon_core.shell:Creating environment hook '/home/kidd/projects/agv_gui/install/amr_v4_msgs_srvs/share/amr_v4_msgs_srvs/hook/pythonpath.sh'
[1.733s] Level 1:colcon.colcon_core.environment:checking '/home/kidd/projects/agv_gui/install/amr_v4_msgs_srvs/bin'
[1.734s] INFO:colcon.colcon_core.shell:Creating package script '/home/kidd/projects/agv_gui/install/amr_v4_msgs_srvs/share/amr_v4_msgs_srvs/package.ps1'
[1.735s] INFO:colcon.colcon_core.shell:Creating package descriptor '/home/kidd/projects/agv_gui/install/amr_v4_msgs_srvs/share/amr_v4_msgs_srvs/package.dsv'
[1.736s] INFO:colcon.colcon_core.shell:Creating package script '/home/kidd/projects/agv_gui/install/amr_v4_msgs_srvs/share/amr_v4_msgs_srvs/package.sh'
[1.741s] INFO:colcon.colcon_core.shell:Creating package script '/home/kidd/projects/agv_gui/install/amr_v4_msgs_srvs/share/amr_v4_msgs_srvs/package.bash'
[1.742s] INFO:colcon.colcon_core.shell:Creating package script '/home/kidd/projects/agv_gui/install/amr_v4_msgs_srvs/share/amr_v4_msgs_srvs/package.zsh'
[1.744s] Level 1:colcon.colcon_core.environment:create_file_with_runtime_dependencies(/home/kidd/projects/agv_gui/install/amr_v4_msgs_srvs/share/colcon-core/packages/amr_v4_msgs_srvs)
[1.746s] INFO:colcon.colcon_ros.task.ament_cmake.build:Building ROS package in '/home/kidd/projects/agv_gui/amr_v4_qt' with build type 'ament_cmake'
[1.746s] INFO:colcon.colcon_cmake.task.cmake.build:Building CMake package in '/home/kidd/projects/agv_gui/amr_v4_qt'
[1.747s] INFO:colcon.colcon_core.shell:Skip shell extension 'powershell' for command environment: Not usable outside of PowerShell
[1.747s] DEBUG:colcon.colcon_core.shell:Skip shell extension 'dsv' for command environment
[1.767s] DEBUG:colcon.colcon_core.event_handler.log_command:Invoking command in '/home/kidd/projects/agv_gui/build/amr_v4_qt': CMAKE_PREFIX_PATH=/home/kidd/projects/agv_gui/install/amr_v4_msgs_srvs:/home/kidd/projects/agv_gui/install/amr_v4_qt:/opt/ros/galactic /usr/bin/cmake --build /home/kidd/projects/agv_gui/build/amr_v4_qt -- -j2 -l2
[12.211s] DEBUG:colcon.colcon_core.event_handler.log_command:Invoked command in '/home/kidd/projects/agv_gui/build/amr_v4_qt' returned '0': CMAKE_PREFIX_PATH=/home/kidd/projects/agv_gui/install/amr_v4_msgs_srvs:/home/kidd/projects/agv_gui/install/amr_v4_qt:/opt/ros/galactic /usr/bin/cmake --build /home/kidd/projects/agv_gui/build/amr_v4_qt -- -j2 -l2
[12.300s] DEBUG:colcon.colcon_core.event_handler.log_command:Invoking command in '/home/kidd/projects/agv_gui/build/amr_v4_qt': CMAKE_PREFIX_PATH=/home/kidd/projects/agv_gui/install/amr_v4_msgs_srvs:/home/kidd/projects/agv_gui/install/amr_v4_qt:/opt/ros/galactic /usr/bin/cmake --install /home/kidd/projects/agv_gui/build/amr_v4_qt
[12.330s] Level 1:colcon.colcon_core.environment:create_environment_scripts_only(amr_v4_qt)
[12.330s] Level 1:colcon.colcon_core.environment:checking '/home/kidd/projects/agv_gui/install/amr_v4_qt' for CMake module files
[12.331s] Level 1:colcon.colcon_core.environment:checking '/home/kidd/projects/agv_gui/install/amr_v4_qt' for CMake config files
[12.332s] DEBUG:colcon.colcon_core.event_handler.log_command:Invoked command in '/home/kidd/projects/agv_gui/build/amr_v4_qt' returned '0': CMAKE_PREFIX_PATH=/home/kidd/projects/agv_gui/install/amr_v4_msgs_srvs:/home/kidd/projects/agv_gui/install/amr_v4_qt:/opt/ros/galactic /usr/bin/cmake --install /home/kidd/projects/agv_gui/build/amr_v4_qt
[12.333s] Level 1:colcon.colcon_core.shell:create_environment_hook('amr_v4_qt', 'cmake_prefix_path')
[12.333s] INFO:colcon.colcon_core.shell:Creating environment hook '/home/kidd/projects/agv_gui/install/amr_v4_qt/share/amr_v4_qt/hook/cmake_prefix_path.ps1'
[12.335s] INFO:colcon.colcon_core.shell:Creating environment descriptor '/home/kidd/projects/agv_gui/install/amr_v4_qt/share/amr_v4_qt/hook/cmake_prefix_path.dsv'
[12.336s] INFO:colcon.colcon_core.shell:Creating environment hook '/home/kidd/projects/agv_gui/install/amr_v4_qt/share/amr_v4_qt/hook/cmake_prefix_path.sh'
[12.339s] Level 1:colcon.colcon_core.environment:checking '/home/kidd/projects/agv_gui/install/amr_v4_qt/lib'
[12.339s] Level 1:colcon.colcon_core.environment:checking '/home/kidd/projects/agv_gui/install/amr_v4_qt/bin'
[12.339s] Level 1:colcon.colcon_core.environment:checking '/home/kidd/projects/agv_gui/install/amr_v4_qt/lib/pkgconfig/amr_v4_qt.pc'
[12.339s] Level 1:colcon.colcon_core.environment:checking '/home/kidd/projects/agv_gui/install/amr_v4_qt/lib/python3.8/site-packages'
[12.340s] Level 1:colcon.colcon_core.environment:checking '/home/kidd/projects/agv_gui/install/amr_v4_qt/bin'
[12.340s] INFO:colcon.colcon_core.shell:Creating package script '/home/kidd/projects/agv_gui/install/amr_v4_qt/share/amr_v4_qt/package.ps1'
[12.341s] INFO:colcon.colcon_core.shell:Creating package descriptor '/home/kidd/projects/agv_gui/install/amr_v4_qt/share/amr_v4_qt/package.dsv'
[12.342s] INFO:colcon.colcon_core.shell:Creating package script '/home/kidd/projects/agv_gui/install/amr_v4_qt/share/amr_v4_qt/package.sh'
[12.343s] INFO:colcon.colcon_core.shell:Creating package script '/home/kidd/projects/agv_gui/install/amr_v4_qt/share/amr_v4_qt/package.bash'
[12.344s] INFO:colcon.colcon_core.shell:Creating package script '/home/kidd/projects/agv_gui/install/amr_v4_qt/share/amr_v4_qt/package.zsh'
[12.345s] Level 1:colcon.colcon_core.environment:create_file_with_runtime_dependencies(/home/kidd/projects/agv_gui/install/amr_v4_qt/share/colcon-core/packages/amr_v4_qt)
[12.435s] Level 1:colcon.colcon_core.environment:create_environment_scripts_only(amr_v4_qt)
[12.437s] Level 1:colcon.colcon_core.environment:checking '/home/kidd/projects/agv_gui/install/amr_v4_qt' for CMake module files
[12.438s] Level 1:colcon.colcon_core.environment:checking '/home/kidd/projects/agv_gui/install/amr_v4_qt' for CMake config files
[12.439s] Level 1:colcon.colcon_core.shell:create_environment_hook('amr_v4_qt', 'cmake_prefix_path')
[12.439s] INFO:colcon.colcon_core.shell:Creating environment hook '/home/kidd/projects/agv_gui/install/amr_v4_qt/share/amr_v4_qt/hook/cmake_prefix_path.ps1'
[12.440s] INFO:colcon.colcon_core.shell:Creating environment descriptor '/home/kidd/projects/agv_gui/install/amr_v4_qt/share/amr_v4_qt/hook/cmake_prefix_path.dsv'
[12.441s] INFO:colcon.colcon_core.shell:Creating environment hook '/home/kidd/projects/agv_gui/install/amr_v4_qt/share/amr_v4_qt/hook/cmake_prefix_path.sh'
[12.442s] Level 1:colcon.colcon_core.environment:checking '/home/kidd/projects/agv_gui/install/amr_v4_qt/lib'
[12.442s] Level 1:colcon.colcon_core.environment:checking '/home/kidd/projects/agv_gui/install/amr_v4_qt/bin'
[12.443s] Level 1:colcon.colcon_core.environment:checking '/home/kidd/projects/agv_gui/install/amr_v4_qt/lib/pkgconfig/amr_v4_qt.pc'
[12.443s] Level 1:colcon.colcon_core.environment:checking '/home/kidd/projects/agv_gui/install/amr_v4_qt/lib/python3.8/site-packages'
[12.443s] Level 1:colcon.colcon_core.environment:checking '/home/kidd/projects/agv_gui/install/amr_v4_qt/bin'
[12.443s] INFO:colcon.colcon_core.shell:Creating package script '/home/kidd/projects/agv_gui/install/amr_v4_qt/share/amr_v4_qt/package.ps1'
[12.444s] INFO:colcon.colcon_core.shell:Creating package descriptor '/home/kidd/projects/agv_gui/install/amr_v4_qt/share/amr_v4_qt/package.dsv'
[12.445s] INFO:colcon.colcon_core.shell:Creating package script '/home/kidd/projects/agv_gui/install/amr_v4_qt/share/amr_v4_qt/package.sh'
[12.446s] INFO:colcon.colcon_core.shell:Creating package script '/home/kidd/projects/agv_gui/install/amr_v4_qt/share/amr_v4_qt/package.bash'
[12.447s] INFO:colcon.colcon_core.shell:Creating package script '/home/kidd/projects/agv_gui/install/amr_v4_qt/share/amr_v4_qt/package.zsh'
[12.448s] Level 1:colcon.colcon_core.environment:create_file_with_runtime_dependencies(/home/kidd/projects/agv_gui/install/amr_v4_qt/share/colcon-core/packages/amr_v4_qt)
[12.449s] DEBUG:colcon.colcon_parallel_executor.executor.parallel:closing loop
[12.449s] DEBUG:colcon.colcon_parallel_executor.executor.parallel:loop closed
[12.449s] DEBUG:colcon.colcon_parallel_executor.executor.parallel:run_until_complete finished with '0'
[12.449s] DEBUG:colcon.colcon_core.event_reactor:joining thread
[12.470s] INFO:colcon.colcon_core.plugin_system:Skipping extension 'colcon_notification.desktop_notification.terminal_notifier': Not used on non-Darwin systems
[12.470s] INFO:colcon.colcon_core.plugin_system:Skipping extension 'colcon_notification.desktop_notification.win32': Not used on non-Windows systems
[12.471s] INFO:colcon.colcon_notification.desktop_notification:Sending desktop notification using 'notify2'
[12.502s] DEBUG:colcon.colcon_core.event_reactor:joined thread
[12.503s] INFO:colcon.colcon_core.shell:Creating prefix script '/home/kidd/projects/agv_gui/install/local_setup.ps1'
[12.507s] INFO:colcon.colcon_core.shell:Creating prefix util module '/home/kidd/projects/agv_gui/install/_local_setup_util_ps1.py'
[12.509s] INFO:colcon.colcon_core.shell:Creating prefix chain script '/home/kidd/projects/agv_gui/install/setup.ps1'
[12.513s] INFO:colcon.colcon_core.shell:Creating prefix script '/home/kidd/projects/agv_gui/install/local_setup.sh'
[12.516s] INFO:colcon.colcon_core.shell:Creating prefix util module '/home/kidd/projects/agv_gui/install/_local_setup_util_sh.py'
[12.517s] INFO:colcon.colcon_core.shell:Creating prefix chain script '/home/kidd/projects/agv_gui/install/setup.sh'
[12.520s] INFO:colcon.colcon_core.shell:Creating prefix script '/home/kidd/projects/agv_gui/install/local_setup.bash'
[12.521s] INFO:colcon.colcon_core.shell:Creating prefix chain script '/home/kidd/projects/agv_gui/install/setup.bash'
[12.524s] INFO:colcon.colcon_core.shell:Creating prefix script '/home/kidd/projects/agv_gui/install/local_setup.zsh'
[12.526s] INFO:colcon.colcon_core.shell:Creating prefix chain script '/home/kidd/projects/agv_gui/install/setup.zsh'
