[7.558s] DEBUG:colcon:Command line arguments: ['/usr/bin/colcon', 'build']
[7.558s] DEBUG:colcon:Parsed command line arguments: Namespace(allow_overriding=[], ament_cmake_args=None, base_paths=['.'], build_base='build', catkin_cmake_args=None, catkin_skip_building_tests=False, cmake_args=None, cmake_clean_cache=False, cmake_clean_first=False, cmake_force_configure=False, cmake_target=None, cmake_target_skip_unavailable=False, continue_on_error=False, event_handlers=None, executor='parallel', ignore_user_meta=False, install_base='install', log_base=None, log_level=None, main=<bound method BuildVerb.main of <colcon_core.verb.build.BuildVerb object at 0xffff920ab250>>, merge_install=False, metas=['./colcon.meta'], packages_above=None, packages_above_and_dependencies=None, packages_above_depth=None, packages_end=None, packages_ignore=None, packages_ignore_regex=None, packages_select=None, packages_select_build_failed=False, packages_select_by_dep=None, packages_select_regex=None, packages_select_test_failures=False, packages_skip=None, packages_skip_build_finished=False, packages_skip_by_dep=None, packages_skip_regex=None, packages_skip_test_passed=False, packages_skip_up_to=None, packages_start=None, packages_up_to=None, packages_up_to_regex=None, parallel_workers=4, paths=None, symlink_install=False, test_result_base=None, verb_extension=<colcon_core.verb.build.BuildVerb object at 0xffff920ab250>, verb_name='build', verb_parser=<colcon_defaults.argument_parser.defaults.DefaultArgumentsDecorator object at 0xffff91e9d580>)
[7.889s] Level 1:colcon.colcon_core.package_discovery:discover_packages(colcon_meta) check parameters
[7.889s] Level 1:colcon.colcon_core.package_discovery:discover_packages(recursive) check parameters
[7.889s] Level 1:colcon.colcon_core.package_discovery:discover_packages(ignore) check parameters
[7.889s] Level 1:colcon.colcon_core.package_discovery:discover_packages(path) check parameters
[7.890s] Level 1:colcon.colcon_core.package_discovery:discover_packages(colcon_meta) discover
[7.890s] Level 1:colcon.colcon_core.package_discovery:discover_packages(recursive) discover
[7.890s] INFO:colcon.colcon_core.package_discovery:Crawling recursively for packages in '/home/colin/agv_gui'
[7.891s] Level 1:colcon.colcon_core.package_identification:_identify(.) by extensions ['ignore', 'ignore_ament_install']
[7.891s] Level 1:colcon.colcon_core.package_identification:_identify(.) by extension 'ignore'
[7.891s] Level 1:colcon.colcon_core.package_identification:_identify(.) by extension 'ignore_ament_install'
[7.891s] Level 1:colcon.colcon_core.package_identification:_identify(.) by extensions ['colcon_pkg']
[7.892s] Level 1:colcon.colcon_core.package_identification:_identify(.) by extension 'colcon_pkg'
[7.892s] Level 1:colcon.colcon_core.package_identification:_identify(.) by extensions ['colcon_meta']
[7.892s] Level 1:colcon.colcon_core.package_identification:_identify(.) by extension 'colcon_meta'
[7.892s] Level 1:colcon.colcon_core.package_identification:_identify(.) by extensions ['ros']
[7.892s] Level 1:colcon.colcon_core.package_identification:_identify(.) by extension 'ros'
[7.962s] Level 1:colcon.colcon_core.package_identification:_identify(.) by extensions ['cmake', 'python']
[7.963s] Level 1:colcon.colcon_core.package_identification:_identify(.) by extension 'cmake'
[7.963s] Level 1:colcon.colcon_core.package_identification:_identify(.) by extension 'python'
[7.963s] Level 1:colcon.colcon_core.package_identification:_identify(.) by extensions ['python_setup_py']
[7.963s] Level 1:colcon.colcon_core.package_identification:_identify(.) by extension 'python_setup_py'
[7.964s] Level 1:colcon.colcon_core.package_identification:_identify(build) by extensions ['ignore', 'ignore_ament_install']
[7.964s] Level 1:colcon.colcon_core.package_identification:_identify(build) by extension 'ignore'
[7.965s] Level 1:colcon.colcon_core.package_identification:_identify(build) ignored
[7.965s] Level 1:colcon.colcon_core.package_identification:_identify(devel) by extensions ['ignore', 'ignore_ament_install']
[7.965s] Level 1:colcon.colcon_core.package_identification:_identify(devel) by extension 'ignore'
[7.966s] Level 1:colcon.colcon_core.package_identification:_identify(devel) by extension 'ignore_ament_install'
[7.966s] Level 1:colcon.colcon_core.package_identification:_identify(devel) by extensions ['colcon_pkg']
[7.966s] Level 1:colcon.colcon_core.package_identification:_identify(devel) by extension 'colcon_pkg'
[7.966s] Level 1:colcon.colcon_core.package_identification:_identify(devel) by extensions ['colcon_meta']
[7.966s] Level 1:colcon.colcon_core.package_identification:_identify(devel) by extension 'colcon_meta'
[7.966s] Level 1:colcon.colcon_core.package_identification:_identify(devel) by extensions ['ros']
[7.967s] Level 1:colcon.colcon_core.package_identification:_identify(devel) by extension 'ros'
[7.967s] Level 1:colcon.colcon_core.package_identification:_identify(devel) by extensions ['cmake', 'python']
[7.967s] Level 1:colcon.colcon_core.package_identification:_identify(devel) by extension 'cmake'
[7.967s] Level 1:colcon.colcon_core.package_identification:_identify(devel) by extension 'python'
[7.967s] Level 1:colcon.colcon_core.package_identification:_identify(devel) by extensions ['python_setup_py']
[7.967s] Level 1:colcon.colcon_core.package_identification:_identify(devel) by extension 'python_setup_py'
[7.968s] Level 1:colcon.colcon_core.package_identification:_identify(install) by extensions ['ignore', 'ignore_ament_install']
[7.968s] Level 1:colcon.colcon_core.package_identification:_identify(install) by extension 'ignore'
[7.968s] Level 1:colcon.colcon_core.package_identification:_identify(install) ignored
[7.969s] Level 1:colcon.colcon_core.package_identification:_identify(log) by extensions ['ignore', 'ignore_ament_install']
[7.969s] Level 1:colcon.colcon_core.package_identification:_identify(log) by extension 'ignore'
[7.970s] Level 1:colcon.colcon_core.package_identification:_identify(log) ignored
[7.970s] Level 1:colcon.colcon_core.package_identification:_identify(logs) by extensions ['ignore', 'ignore_ament_install']
[7.970s] Level 1:colcon.colcon_core.package_identification:_identify(logs) by extension 'ignore'
[7.970s] Level 1:colcon.colcon_core.package_identification:_identify(logs) by extension 'ignore_ament_install'
[7.971s] Level 1:colcon.colcon_core.package_identification:_identify(logs) by extensions ['colcon_pkg']
[7.971s] Level 1:colcon.colcon_core.package_identification:_identify(logs) by extension 'colcon_pkg'
[7.971s] Level 1:colcon.colcon_core.package_identification:_identify(logs) by extensions ['colcon_meta']
[7.971s] Level 1:colcon.colcon_core.package_identification:_identify(logs) by extension 'colcon_meta'
[7.971s] Level 1:colcon.colcon_core.package_identification:_identify(logs) by extensions ['ros']
[7.971s] Level 1:colcon.colcon_core.package_identification:_identify(logs) by extension 'ros'
[7.972s] Level 1:colcon.colcon_core.package_identification:_identify(logs) by extensions ['cmake', 'python']
[7.972s] Level 1:colcon.colcon_core.package_identification:_identify(logs) by extension 'cmake'
[7.972s] Level 1:colcon.colcon_core.package_identification:_identify(logs) by extension 'python'
[7.972s] Level 1:colcon.colcon_core.package_identification:_identify(logs) by extensions ['python_setup_py']
[7.972s] Level 1:colcon.colcon_core.package_identification:_identify(logs) by extension 'python_setup_py'
[7.973s] Level 1:colcon.colcon_core.package_identification:_identify(src) by extensions ['ignore', 'ignore_ament_install']
[7.973s] Level 1:colcon.colcon_core.package_identification:_identify(src) by extension 'ignore'
[7.973s] Level 1:colcon.colcon_core.package_identification:_identify(src) by extension 'ignore_ament_install'
[7.974s] Level 1:colcon.colcon_core.package_identification:_identify(src) by extensions ['colcon_pkg']
[7.974s] Level 1:colcon.colcon_core.package_identification:_identify(src) by extension 'colcon_pkg'
[7.974s] Level 1:colcon.colcon_core.package_identification:_identify(src) by extensions ['colcon_meta']
[7.974s] Level 1:colcon.colcon_core.package_identification:_identify(src) by extension 'colcon_meta'
[7.974s] Level 1:colcon.colcon_core.package_identification:_identify(src) by extensions ['ros']
[7.974s] Level 1:colcon.colcon_core.package_identification:_identify(src) by extension 'ros'
[7.975s] Level 1:colcon.colcon_core.package_identification:_identify(src) by extensions ['cmake', 'python']
[7.975s] Level 1:colcon.colcon_core.package_identification:_identify(src) by extension 'cmake'
[7.975s] Level 1:colcon.colcon_core.package_identification:_identify(src) by extension 'python'
[7.975s] Level 1:colcon.colcon_core.package_identification:_identify(src) by extensions ['python_setup_py']
[7.975s] Level 1:colcon.colcon_core.package_identification:_identify(src) by extension 'python_setup_py'
[7.976s] Level 1:colcon.colcon_core.package_identification:_identify(src/agv_gui) by extensions ['ignore', 'ignore_ament_install']
[7.976s] Level 1:colcon.colcon_core.package_identification:_identify(src/agv_gui) by extension 'ignore'
[7.976s] Level 1:colcon.colcon_core.package_identification:_identify(src/agv_gui) by extension 'ignore_ament_install'
[7.976s] Level 1:colcon.colcon_core.package_identification:_identify(src/agv_gui) by extensions ['colcon_pkg']
[7.977s] Level 1:colcon.colcon_core.package_identification:_identify(src/agv_gui) by extension 'colcon_pkg'
[7.977s] Level 1:colcon.colcon_core.package_identification:_identify(src/agv_gui) by extensions ['colcon_meta']
[7.977s] Level 1:colcon.colcon_core.package_identification:_identify(src/agv_gui) by extension 'colcon_meta'
[7.977s] Level 1:colcon.colcon_core.package_identification:_identify(src/agv_gui) by extensions ['ros']
[7.977s] Level 1:colcon.colcon_core.package_identification:_identify(src/agv_gui) by extension 'ros'
[7.988s] DEBUG:colcon.colcon_core.package_identification:Package 'src/agv_gui' with type 'ros.ament_cmake' and name 'agv_gui'
[7.989s] Level 1:colcon.colcon_core.package_discovery:discover_packages(recursive) using defaults
[7.989s] Level 1:colcon.colcon_core.package_discovery:discover_packages(ignore) discover
[7.989s] Level 1:colcon.colcon_core.package_discovery:discover_packages(ignore) using defaults
[7.989s] Level 1:colcon.colcon_core.package_discovery:discover_packages(path) discover
[7.989s] Level 1:colcon.colcon_core.package_discovery:discover_packages(path) using defaults
[8.660s] Level 1:colcon.colcon_core.package_discovery:discover_packages(prefix_path) check parameters
[8.661s] Level 1:colcon.colcon_core.package_discovery:discover_packages(prefix_path) discover
[8.914s] DEBUG:colcon.colcon_installed_package_information.package_discovery:Found 1 installed packages in /home/colin/agv_gui/install
[9.045s] DEBUG:colcon.colcon_installed_package_information.package_discovery:Found 268 installed packages in /opt/ros/galactic
[9.051s] Level 1:colcon.colcon_core.package_discovery:discover_packages(prefix_path) using defaults
[9.634s] Level 5:colcon.colcon_core.verb:set package 'agv_gui' build argument 'cmake_args' from command line to 'None'
[9.634s] Level 5:colcon.colcon_core.verb:set package 'agv_gui' build argument 'cmake_target' from command line to 'None'
[9.635s] Level 5:colcon.colcon_core.verb:set package 'agv_gui' build argument 'cmake_target_skip_unavailable' from command line to 'False'
[9.635s] Level 5:colcon.colcon_core.verb:set package 'agv_gui' build argument 'cmake_clean_cache' from command line to 'False'
[9.635s] Level 5:colcon.colcon_core.verb:set package 'agv_gui' build argument 'cmake_clean_first' from command line to 'False'
[9.635s] Level 5:colcon.colcon_core.verb:set package 'agv_gui' build argument 'cmake_force_configure' from command line to 'False'
[9.635s] Level 5:colcon.colcon_core.verb:set package 'agv_gui' build argument 'ament_cmake_args' from command line to 'None'
[9.635s] Level 5:colcon.colcon_core.verb:set package 'agv_gui' build argument 'catkin_cmake_args' from command line to 'None'
[9.635s] Level 5:colcon.colcon_core.verb:set package 'agv_gui' build argument 'catkin_skip_building_tests' from command line to 'False'
[9.636s] DEBUG:colcon.colcon_core.verb:Building package 'agv_gui' with the following arguments: {'ament_cmake_args': None, 'build_base': '/home/colin/agv_gui/build/agv_gui', 'catkin_cmake_args': None, 'catkin_skip_building_tests': False, 'cmake_args': None, 'cmake_clean_cache': False, 'cmake_clean_first': False, 'cmake_force_configure': False, 'cmake_target': None, 'cmake_target_skip_unavailable': False, 'install_base': '/home/colin/agv_gui/install/agv_gui', 'merge_install': False, 'path': '/home/colin/agv_gui/src/agv_gui', 'symlink_install': False, 'test_result_base': None}
[9.758s] INFO:colcon.colcon_core.executor:Executing jobs using 'parallel' executor
[9.882s] DEBUG:colcon.colcon_parallel_executor.executor.parallel:run_until_complete
[9.883s] INFO:colcon.colcon_ros.task.ament_cmake.build:Building ROS package in '/home/colin/agv_gui/src/agv_gui' with build type 'ament_cmake'
[9.884s] INFO:colcon.colcon_cmake.task.cmake.build:Building CMake package in '/home/colin/agv_gui/src/agv_gui'
[10.021s] INFO:colcon.colcon_core.plugin_system:Skipping extension 'colcon_core.shell.bat': Not used on non-Windows systems
[10.022s] INFO:colcon.colcon_core.shell:Skip shell extension 'powershell' for command environment: Not usable outside of PowerShell
[10.022s] DEBUG:colcon.colcon_core.shell:Skip shell extension 'dsv' for command environment
[10.465s] DEBUG:colcon.colcon_core.event_handler.log_command:Invoking command in '/home/colin/agv_gui/build/agv_gui': CMAKE_PREFIX_PATH=${CMAKE_PREFIX_PATH}:/opt/ros/galactic /usr/bin/cmake --build /home/colin/agv_gui/build/agv_gui -- -j4 -l4
[30.085s] DEBUG:colcon.colcon_core.event_handler.log_command:Invoked command in '/home/colin/agv_gui/build/agv_gui' returned '0': CMAKE_PREFIX_PATH=${CMAKE_PREFIX_PATH}:/opt/ros/galactic /usr/bin/cmake --build /home/colin/agv_gui/build/agv_gui -- -j4 -l4
[30.370s] DEBUG:colcon.colcon_core.event_handler.log_command:Invoking command in '/home/colin/agv_gui/build/agv_gui': CMAKE_PREFIX_PATH=${CMAKE_PREFIX_PATH}:/opt/ros/galactic /usr/bin/cmake --install /home/colin/agv_gui/build/agv_gui
[30.443s] Level 1:colcon.colcon_core.environment:create_environment_scripts_only(agv_gui)
[30.446s] DEBUG:colcon.colcon_core.event_handler.log_command:Invoked command in '/home/colin/agv_gui/build/agv_gui' returned '0': CMAKE_PREFIX_PATH=${CMAKE_PREFIX_PATH}:/opt/ros/galactic /usr/bin/cmake --install /home/colin/agv_gui/build/agv_gui
[30.607s] Level 1:colcon.colcon_core.environment:checking '/home/colin/agv_gui/install/agv_gui' for CMake module files
[30.610s] Level 1:colcon.colcon_core.environment:checking '/home/colin/agv_gui/install/agv_gui' for CMake config files
[30.611s] Level 1:colcon.colcon_core.shell:create_environment_hook('agv_gui', 'cmake_prefix_path')
[30.751s] INFO:colcon.colcon_core.shell:Creating environment hook '/home/colin/agv_gui/install/agv_gui/share/agv_gui/hook/cmake_prefix_path.ps1'
[30.754s] INFO:colcon.colcon_core.shell:Creating environment descriptor '/home/colin/agv_gui/install/agv_gui/share/agv_gui/hook/cmake_prefix_path.dsv'
[30.757s] INFO:colcon.colcon_core.shell:Creating environment hook '/home/colin/agv_gui/install/agv_gui/share/agv_gui/hook/cmake_prefix_path.sh'
[30.760s] Level 1:colcon.colcon_core.environment:checking '/home/colin/agv_gui/install/agv_gui/lib'
[30.761s] Level 1:colcon.colcon_core.environment:checking '/home/colin/agv_gui/install/agv_gui/bin'
[30.761s] Level 1:colcon.colcon_core.environment:checking '/home/colin/agv_gui/install/agv_gui/lib/pkgconfig/agv_gui.pc'
[30.762s] Level 1:colcon.colcon_core.environment:checking '/home/colin/agv_gui/install/agv_gui/lib/python3.8/site-packages'
[30.763s] Level 1:colcon.colcon_core.environment:checking '/home/colin/agv_gui/install/agv_gui/bin'
[30.895s] INFO:colcon.colcon_core.shell:Creating package script '/home/colin/agv_gui/install/agv_gui/share/agv_gui/package.ps1'
[30.898s] INFO:colcon.colcon_core.shell:Creating package descriptor '/home/colin/agv_gui/install/agv_gui/share/agv_gui/package.dsv'
[30.901s] INFO:colcon.colcon_core.shell:Creating package script '/home/colin/agv_gui/install/agv_gui/share/agv_gui/package.sh'
[30.904s] INFO:colcon.colcon_core.shell:Creating package script '/home/colin/agv_gui/install/agv_gui/share/agv_gui/package.bash'
[30.906s] INFO:colcon.colcon_core.shell:Creating package script '/home/colin/agv_gui/install/agv_gui/share/agv_gui/package.zsh'
[30.909s] Level 1:colcon.colcon_core.environment:create_file_with_runtime_dependencies(/home/colin/agv_gui/install/agv_gui/share/colcon-core/packages/agv_gui)
[31.268s] Level 1:colcon.colcon_core.environment:create_environment_scripts_only(agv_gui)
[31.401s] Level 1:colcon.colcon_core.environment:checking '/home/colin/agv_gui/install/agv_gui' for CMake module files
[31.403s] Level 1:colcon.colcon_core.environment:checking '/home/colin/agv_gui/install/agv_gui' for CMake config files
[31.404s] Level 1:colcon.colcon_core.shell:create_environment_hook('agv_gui', 'cmake_prefix_path')
[31.533s] INFO:colcon.colcon_core.shell:Creating environment hook '/home/colin/agv_gui/install/agv_gui/share/agv_gui/hook/cmake_prefix_path.ps1'
[31.536s] INFO:colcon.colcon_core.shell:Creating environment descriptor '/home/colin/agv_gui/install/agv_gui/share/agv_gui/hook/cmake_prefix_path.dsv'
[31.537s] INFO:colcon.colcon_core.shell:Creating environment hook '/home/colin/agv_gui/install/agv_gui/share/agv_gui/hook/cmake_prefix_path.sh'
[31.539s] Level 1:colcon.colcon_core.environment:checking '/home/colin/agv_gui/install/agv_gui/lib'
[31.540s] Level 1:colcon.colcon_core.environment:checking '/home/colin/agv_gui/install/agv_gui/bin'
[31.540s] Level 1:colcon.colcon_core.environment:checking '/home/colin/agv_gui/install/agv_gui/lib/pkgconfig/agv_gui.pc'
[31.541s] Level 1:colcon.colcon_core.environment:checking '/home/colin/agv_gui/install/agv_gui/lib/python3.8/site-packages'
[31.542s] Level 1:colcon.colcon_core.environment:checking '/home/colin/agv_gui/install/agv_gui/bin'
[31.673s] INFO:colcon.colcon_core.shell:Creating package script '/home/colin/agv_gui/install/agv_gui/share/agv_gui/package.ps1'
[31.675s] INFO:colcon.colcon_core.shell:Creating package descriptor '/home/colin/agv_gui/install/agv_gui/share/agv_gui/package.dsv'
[31.677s] INFO:colcon.colcon_core.shell:Creating package script '/home/colin/agv_gui/install/agv_gui/share/agv_gui/package.sh'
[31.679s] INFO:colcon.colcon_core.shell:Creating package script '/home/colin/agv_gui/install/agv_gui/share/agv_gui/package.bash'
[31.681s] INFO:colcon.colcon_core.shell:Creating package script '/home/colin/agv_gui/install/agv_gui/share/agv_gui/package.zsh'
[31.683s] Level 1:colcon.colcon_core.environment:create_file_with_runtime_dependencies(/home/colin/agv_gui/install/agv_gui/share/colcon-core/packages/agv_gui)
[31.685s] DEBUG:colcon.colcon_parallel_executor.executor.parallel:closing loop
[31.687s] DEBUG:colcon.colcon_parallel_executor.executor.parallel:loop closed
[31.687s] DEBUG:colcon.colcon_parallel_executor.executor.parallel:run_until_complete finished with '0'
[31.688s] DEBUG:colcon.colcon_core.event_reactor:joining thread
[31.850s] INFO:colcon.colcon_core.plugin_system:Skipping extension 'colcon_notification.desktop_notification.terminal_notifier': Not used on non-Darwin systems
[31.851s] INFO:colcon.colcon_core.plugin_system:Skipping extension 'colcon_notification.desktop_notification.win32': Not used on non-Windows systems
[31.851s] INFO:colcon.colcon_notification.desktop_notification:Sending desktop notification using 'notify2'
[31.924s] DEBUG:colcon.colcon_core.event_reactor:joined thread
[32.061s] INFO:colcon.colcon_core.shell:Creating prefix script '/home/colin/agv_gui/install/local_setup.ps1'
[32.065s] INFO:colcon.colcon_core.shell:Creating prefix util module '/home/colin/agv_gui/install/_local_setup_util_ps1.py'
[32.071s] INFO:colcon.colcon_core.shell:Creating prefix chain script '/home/colin/agv_gui/install/setup.ps1'
[32.207s] INFO:colcon.colcon_core.shell:Creating prefix script '/home/colin/agv_gui/install/local_setup.sh'
[32.209s] INFO:colcon.colcon_core.shell:Creating prefix util module '/home/colin/agv_gui/install/_local_setup_util_sh.py'
[32.211s] INFO:colcon.colcon_core.shell:Creating prefix chain script '/home/colin/agv_gui/install/setup.sh'
[32.348s] INFO:colcon.colcon_core.shell:Creating prefix script '/home/colin/agv_gui/install/local_setup.bash'
[32.350s] INFO:colcon.colcon_core.shell:Creating prefix chain script '/home/colin/agv_gui/install/setup.bash'
[32.479s] INFO:colcon.colcon_core.shell:Creating prefix script '/home/colin/agv_gui/install/local_setup.zsh'
[32.481s] INFO:colcon.colcon_core.shell:Creating prefix chain script '/home/colin/agv_gui/install/setup.zsh'
