[0.022s] Invoking command in '/home/colin/agv_gui/build/amr_v4_qt': CMAKE_PREFIX_PATH=${CMAKE_PREFIX_PATH}:/opt/ros/iron /usr/bin/cmake --build /home/colin/agv_gui/build/amr_v4_qt -- -j4 -l4
[0.176s] [  2%] [34m[1mAutomatic MOC and UIC for target amr_v4_qt[0m
[0.214s] [  2%] Built target amr_v4_qt_autogen
[0.255s] [  5%] [34m[1mGenerating include/moc_ui_running_mode_screen.cpp[0m
[0.271s] /home/colin/agv_gui/src/amr_v4_qt/include/ui_running_mode_screen.h:0: Note: No relevant classes found. No output generated.
[0.299s] [35m[1mConsolidate compiler generated dependencies of target amr_v4_qt[0m
[0.417s] [  8%] [32mBuilding CXX object CMakeFiles/amr_v4_qt.dir/src/main.cpp.o[0m
[0.418s] [ 11%] [32mBuilding CXX object CMakeFiles/amr_v4_qt.dir/src/running_mode.cpp.o[0m
[0.431s] [ 13%] [32mBuilding CXX object CMakeFiles/amr_v4_qt.dir/include/moc_main_gui.cpp.o[0m
[0.481s] [ 16%] [32mBuilding CXX object CMakeFiles/amr_v4_qt.dir/src/main_gui.cpp.o[0m
[8.560s] [ 19%] [32mBuilding CXX object CMakeFiles/amr_v4_qt.dir/include/moc_ui_running_mode_screen.cpp.o[0m
[8.612s] [ 22%] [32mBuilding CXX object CMakeFiles/amr_v4_qt.dir/include/moc_running_mode.cpp.o[0m
[20.373s] [01m[K/home/colin/agv_gui/src/amr_v4_qt/src/main_gui.cpp:[m[K In member function ‘[01m[Kvoid MainGui::updateMode()[m[K’:
[20.373s] [01m[K/home/colin/agv_gui/src/amr_v4_qt/src/main_gui.cpp:238:31:[m[K [01;31m[Kerror: [m[K‘[01m[Kclass Ui::RunningModeScreen[m[K’ has no member named ‘[01m[KautoActive[m[K’
[20.373s]   238 |         runningModeScreen->ui.[01;31m[KautoActive[m[K->setText(QString("%1").arg("Manual"));
[20.374s]       |                               [01;31m[K^~~~~~~~~~[m[K
[22.244s] gmake[2]: *** [CMakeFiles/amr_v4_qt.dir/build.make:152: CMakeFiles/amr_v4_qt.dir/src/main_gui.cpp.o] Error 1
[22.245s] gmake[2]: *** Waiting for unfinished jobs....
[22.343s] gmake[1]: *** [CMakeFiles/Makefile2:138: CMakeFiles/amr_v4_qt.dir/all] Error 2
[22.344s] gmake: *** [Makefile:146: all] Error 2
[22.347s] Invoked command in '/home/colin/agv_gui/build/amr_v4_qt' returned '2': CMAKE_PREFIX_PATH=${CMAKE_PREFIX_PATH}:/opt/ros/iron /usr/bin/cmake --build /home/colin/agv_gui/build/amr_v4_qt -- -j4 -l4
