[0.571s] Invoking command in '/home/colin/agv_gui/build/agv_gui': CMAKE_PREFIX_PATH=${CMAKE_PREFIX_PATH}:/opt/ros/galactic /usr/bin/cmake --build /home/colin/agv_gui/build/agv_gui -- -j4 -l4
[0.812s] [  5%] [34m[1mAutomatic MOC and UIC for target agv_gui[0m
[0.854s] AutoMoc warning
[0.854s] ---------------
[0.855s] "SRC:/src/battery_node_1.cpp"
[0.855s] includes the moc file "battery_node_1.moc", but does not contain a Q_OBJECT, Q_GADGET or Q_NAMESPACE macro.
[0.856s] 
[0.856s] AutoMoc warning
[0.856s] ---------------
[0.857s] "SRC:/src/battery_node_2.cpp"
[0.857s] includes the moc file "battery_node_2.moc", but does not contain a Q_OBJECT, Q_GADGET or Q_NAMESPACE macro.
[0.857s] 
[0.857s] AutoMoc warning
[0.858s] ---------------
[0.858s] "SRC:/src/battery_node_3.cpp"
[0.858s] includes the moc file "battery_node_3.moc", but does not contain a Q_OBJECT, Q_GADGET or Q_NAMESPACE macro.
[0.859s] 
[0.859s] AutoMoc warning
[0.859s] ---------------
[0.860s] "SRC:/src/battery_node_4.cpp"
[0.860s] includes the moc file "battery_node_4.moc", but does not contain a Q_OBJECT, Q_GADGET or Q_NAMESPACE macro.
[0.860s] 
[0.861s] AutoMoc warning
[0.861s] ---------------
[0.861s] "SRC:/src/charge_node.cpp"
[0.861s] includes the moc file "charge_node.moc", but does not contain a Q_OBJECT, Q_GADGET or Q_NAMESPACE macro.
[0.862s] 
[1.489s] [  5%] Built target agv_gui_autogen
[1.589s] [35m[1mScanning dependencies of target agv_gui[0m
[1.951s] [ 10%] [32mBuilding CXX object CMakeFiles/agv_gui.dir/src/main_gui.cpp.o[0m
[14.027s] [ 15%] [32m[1mLinking CXX executable agv_gui[0m
[19.542s] [100%] Built target agv_gui
[19.592s] Invoked command in '/home/colin/agv_gui/build/agv_gui' returned '0': CMAKE_PREFIX_PATH=${CMAKE_PREFIX_PATH}:/opt/ros/galactic /usr/bin/cmake --build /home/colin/agv_gui/build/agv_gui -- -j4 -l4
[19.868s] Invoking command in '/home/colin/agv_gui/build/agv_gui': CMAKE_PREFIX_PATH=${CMAKE_PREFIX_PATH}:/opt/ros/galactic /usr/bin/cmake --install /home/colin/agv_gui/build/agv_gui
[19.898s] -- Install configuration: ""
[19.899s] -- Installing: /home/colin/agv_gui/install/agv_gui/lib/agv_gui/agv_gui
[19.927s] -- Set runtime path of "/home/colin/agv_gui/install/agv_gui/lib/agv_gui/agv_gui" to ""
[19.929s] -- Up-to-date: /home/colin/agv_gui/install/agv_gui/share/agv_gui/launch
[19.930s] -- Up-to-date: /home/colin/agv_gui/install/agv_gui/share/agv_gui/launch/gui.launch.py
[19.930s] -- Up-to-date: /home/colin/agv_gui/install/agv_gui/share/ament_index/resource_index/package_run_dependencies/agv_gui
[19.931s] -- Up-to-date: /home/colin/agv_gui/install/agv_gui/share/ament_index/resource_index/parent_prefix_path/agv_gui
[19.931s] -- Up-to-date: /home/colin/agv_gui/install/agv_gui/share/agv_gui/environment/ament_prefix_path.sh
[19.932s] -- Up-to-date: /home/colin/agv_gui/install/agv_gui/share/agv_gui/environment/ament_prefix_path.dsv
[19.932s] -- Up-to-date: /home/colin/agv_gui/install/agv_gui/share/agv_gui/environment/path.sh
[19.932s] -- Up-to-date: /home/colin/agv_gui/install/agv_gui/share/agv_gui/environment/path.dsv
[19.933s] -- Up-to-date: /home/colin/agv_gui/install/agv_gui/share/agv_gui/local_setup.bash
[19.933s] -- Up-to-date: /home/colin/agv_gui/install/agv_gui/share/agv_gui/local_setup.sh
[19.933s] -- Up-to-date: /home/colin/agv_gui/install/agv_gui/share/agv_gui/local_setup.zsh
[19.934s] -- Up-to-date: /home/colin/agv_gui/install/agv_gui/share/agv_gui/local_setup.dsv
[19.934s] -- Installing: /home/colin/agv_gui/install/agv_gui/share/agv_gui/package.dsv
[19.935s] -- Up-to-date: /home/colin/agv_gui/install/agv_gui/share/ament_index/resource_index/packages/agv_gui
[19.935s] -- Up-to-date: /home/colin/agv_gui/install/agv_gui/share/agv_gui/cmake/agv_guiConfig.cmake
[19.936s] -- Up-to-date: /home/colin/agv_gui/install/agv_gui/share/agv_gui/cmake/agv_guiConfig-version.cmake
[19.936s] -- Up-to-date: /home/colin/agv_gui/install/agv_gui/share/agv_gui/package.xml
[19.943s] Invoked command in '/home/colin/agv_gui/build/agv_gui' returned '0': CMAKE_PREFIX_PATH=${CMAKE_PREFIX_PATH}:/opt/ros/galactic /usr/bin/cmake --install /home/colin/agv_gui/build/agv_gui
