[  2%] [34m[1mAutomatic MOC and UIC for target amr_v4_qt[0m
[  2%] Built target amr_v4_qt_autogen
[  4%] [34m[1mGenerating include/moc_ui_main_screen.cpp[0m
/home/colin/agv_gui/amr_v4_qt/include/ui_main_screen.h:0: Note: No relevant classes found. No output generated.
[  8%] [32mBuilding CXX object CMakeFiles/amr_v4_qt.dir/src/main.cpp.o[0m
[  8%] [32mBuilding CXX object CMakeFiles/amr_v4_qt.dir/src/main_gui.cpp.o[0m
[ 10%] [32mBuilding CXX object CMakeFiles/amr_v4_qt.dir/src/main_screen.cpp.o[0m
[ 12%] [32mBuilding CXX object CMakeFiles/amr_v4_qt.dir/include/moc_main_gui.cpp.o[0m
[ 14%] [32mBuilding CXX object CMakeFiles/amr_v4_qt.dir/include/moc_ui_main_screen.cpp.o[0m
[ 16%] [32mBuilding CXX object CMakeFiles/amr_v4_qt.dir/include/moc_main_screen.cpp.o[0m
[01m[K/home/colin/agv_gui/amr_v4_qt/src/main_gui.cpp:[m[K In member function ‘[01m[Kint MainGui::getWifiSignalStrength()[m[K’:
[01m[K/home/colin/agv_gui/amr_v4_qt/src/main_gui.cpp:153:18:[m[K [01;35m[Kwarning: [m[K‘[01m[Kvoid QProcess::start(const QString&, QIODevice::OpenMode)[m[K’ is deprecated: Use QProcess::start(const QString &program, const QStringList &arguments,OpenMode mode = ReadWrite) instead [[01;35m[K]8;;https://gcc.gnu.org/onlinedocs/gcc/Warning-Options.html#index-Wdeprecated-declarations-Wdeprecated-declarations]8;;[m[K]
  153 |     [01;35m[Kprocess.start("iwconfig")[m[K;
      |     [01;35m[K~~~~~~~~~~~~~^~~~~~~~~~~~[m[K
In file included from [01m[K/usr/include/x86_64-linux-gnu/qt5/QtCore/QProcess:1[m[K,
                 from [01m[K/home/colin/agv_gui/amr_v4_qt/src/main_gui.cpp:5[m[K:
[01m[K/usr/include/x86_64-linux-gnu/qt5/QtCore/qprocess.h:168:10:[m[K [01;36m[Knote: [m[Kdeclared here
  168 |     void [01;36m[Kstart[m[K(const QString &command, OpenMode mode = ReadWrite);
      |          [01;36m[K^~~~~[m[K
[ 18%] [32m[1mLinking CXX executable amr_v4_qt[0m
[100%] Built target amr_v4_qt
-- Install configuration: ""
-- Installing: /home/colin/agv_gui/install/amr_v4_qt/lib/amr_v4_qt/amr_v4_qt
-- Set runtime path of "/home/colin/agv_gui/install/amr_v4_qt/lib/amr_v4_qt/amr_v4_qt" to ""
-- Up-to-date: /home/colin/agv_gui/install/amr_v4_qt/share/amr_v4_qt/launch
-- Up-to-date: /home/colin/agv_gui/install/amr_v4_qt/share/amr_v4_qt/launch/gui.launch.py
-- Up-to-date: /home/colin/agv_gui/install/amr_v4_qt/share/ament_index/resource_index/package_run_dependencies/amr_v4_qt
-- Up-to-date: /home/colin/agv_gui/install/amr_v4_qt/share/ament_index/resource_index/parent_prefix_path/amr_v4_qt
-- Up-to-date: /home/colin/agv_gui/install/amr_v4_qt/share/amr_v4_qt/environment/ament_prefix_path.sh
-- Up-to-date: /home/colin/agv_gui/install/amr_v4_qt/share/amr_v4_qt/environment/ament_prefix_path.dsv
-- Up-to-date: /home/colin/agv_gui/install/amr_v4_qt/share/amr_v4_qt/environment/path.sh
-- Up-to-date: /home/colin/agv_gui/install/amr_v4_qt/share/amr_v4_qt/environment/path.dsv
-- Up-to-date: /home/colin/agv_gui/install/amr_v4_qt/share/amr_v4_qt/local_setup.bash
-- Up-to-date: /home/colin/agv_gui/install/amr_v4_qt/share/amr_v4_qt/local_setup.sh
-- Up-to-date: /home/colin/agv_gui/install/amr_v4_qt/share/amr_v4_qt/local_setup.zsh
-- Up-to-date: /home/colin/agv_gui/install/amr_v4_qt/share/amr_v4_qt/local_setup.dsv
-- Installing: /home/colin/agv_gui/install/amr_v4_qt/share/amr_v4_qt/package.dsv
-- Up-to-date: /home/colin/agv_gui/install/amr_v4_qt/share/ament_index/resource_index/packages/amr_v4_qt
-- Up-to-date: /home/colin/agv_gui/install/amr_v4_qt/share/amr_v4_qt/cmake/amr_v4_qtConfig.cmake
-- Up-to-date: /home/colin/agv_gui/install/amr_v4_qt/share/amr_v4_qt/cmake/amr_v4_qtConfig-version.cmake
-- Up-to-date: /home/colin/agv_gui/install/amr_v4_qt/share/amr_v4_qt/package.xml
