[0.000000] (-) TimerEvent: {}
[0.000839] (agv_gui) JobQueued: {'identifier': 'agv_gui', 'dependencies': OrderedDict()}
[0.002490] (agv_gui) JobStarted: {'identifier': 'agv_gui'}
[0.072032] (agv_gui) JobProgress: {'identifier': 'agv_gui', 'progress': 'cmake'}
[0.080786] (agv_gui) JobProgress: {'identifier': 'agv_gui', 'progress': 'build'}
[0.081078] (agv_gui) Command: {'cmd': ['/usr/bin/cmake', '--build', '/home/amr_1/agv_gui/build/agv_gui', '--', '-j6', '-l6'], 'cwd': '/home/amr_1/agv_gui/build/agv_gui', 'env': OrderedDict([('GJS_DEBUG_TOPICS', 'JS ERROR;JS LOG'), ('SNAP_COMMON', '/var/snap/qtcreator-ros/common'), ('SNAP_INSTANCE_KEY', ''), ('USER', 'amr_1'), ('SSH_AGENT_PID', '1902'), ('XDG_SESSION_TYPE', 'x11'), ('LD_LIBRARY_PATH', '/opt/ros/foxy/opt/yaml_cpp_vendor/lib:/opt/ros/foxy/opt/rviz_ogre_vendor/lib:/opt/ros/foxy/lib/aarch64-linux-gnu:/opt/ros/foxy/lib:/snap/qtcreator-ros/85/lib:/snap/qtcreator-ros/85/usr/lib/aarch64-linux-gnu'), ('SHLVL', '6'), ('HOME', '/home/amr_1'), ('SNAP_LIBRARY_PATH', '/var/lib/snapd/lib/gl:/var/lib/snapd/lib/gl32:/var/lib/snapd/void'), ('DESKTOP_SESSION', 'ubuntu'), ('QTDIR', '/usr/lib/aarch64-linux-gnu/qt5'), ('SNAP_USER_DATA', '/home/amr_1/snap/qtcreator-ros/85'), ('GIO_LAUNCHED_DESKTOP_FILE', '/var/lib/snapd/desktop/applications/qtcreator-ros_qtcreator-ros.desktop'), ('GNOME_SHELL_SESSION_MODE', 'ubuntu'), ('GTK_MODULES', 'gail:atk-bridge'), ('ROS_PYTHON_VERSION', '3'), ('MANAGERPID', '1197'), ('DBUS_SESSION_BUS_ADDRESS', 'unix:path=/run/user/1000/bus'), ('GIO_LAUNCHED_DESKTOP_FILE_PID', '2960'), ('SNAP_REVISION', '85'), ('COLCON_PREFIX_PATH', '/home/amr_1/agv_gui/install'), ('IM_CONFIG_PHASE', '1'), ('ROS_DISTRO', 'foxy'), ('LOGNAME', 'amr_1'), ('JOURNAL_STREAM', '7:47868'), ('SNAP_CONTEXT', 'JMUNmlkXuymAoFLhect4Slt1Dx_kDivwLxrFtPEjqXLKM0mxrcr1'), ('_', '/usr/bin/env'), ('ROS_VERSION', '2'), ('SNAP_VERSION', '11.0.2'), ('XDG_SESSION_CLASS', 'user'), ('TERM', 'xterm'), ('USERNAME', 'amr_1'), ('GNOME_DESKTOP_SESSION_ID', 'this-is-deprecated'), ('ROS_LOCALHOST_ONLY', '0'), ('SNAP_INSTANCE_NAME', 'qtcreator-ros'), ('WINDOWPATH', '2'), ('PATH', '/opt/ros/foxy/bin:/home/amr_1/.local/bin:/usr/local/sbin:/usr/local/bin:/usr/sbin:/usr/bin:/sbin:/bin:/usr/games:/usr/local/games:/snap/bin'), ('INVOCATION_ID', 'ac71398117de44a2a8fa7b8aa4eb72f5'), ('SESSION_MANAGER', 'local/colins-jetson:@/tmp/.ICE-unix/1938,unix/colins-jetson:/tmp/.ICE-unix/1938'), ('BAMF_DESKTOP_FILE_HINT', '/var/lib/snapd/desktop/applications/qtcreator-ros_qtcreator-ros.desktop'), ('SNAP_DATA', '/var/snap/qtcreator-ros/85'), ('XDG_MENU_PREFIX', 'gnome-'), ('XDG_RUNTIME_DIR', '/run/user/1000'), ('DISPLAY', ':0'), ('LANG', 'en_US.UTF-8'), ('XDG_CURRENT_DESKTOP', 'ubuntu:GNOME'), ('XAUTHORITY', '/run/user/1000/gdm/Xauthority'), ('XDG_SESSION_DESKTOP', 'ubuntu'), ('XMODIFIERS', '@im=ibus'), ('AMENT_PREFIX_PATH', '/home/amr_1/agv_gui/install/agv_gui:/opt/ros/foxy'), ('SNAP_ARCH', 'arm64'), ('SNAP_COOKIE', 'JMUNmlkXuymAoFLhect4Slt1Dx_kDivwLxrFtPEjqXLKM0mxrcr1'), ('SNAP_USER_COMMON', '/home/amr_1/snap/qtcreator-ros/common'), ('SSH_AUTH_SOCK', '/run/user/1000/keyring/ssh'), ('SHELL', '/bin/bash'), ('GDMSESSION', 'ubuntu'), ('QT_ACCESSIBILITY', '1'), ('SNAP_REEXEC', ''), ('SNAP_NAME', 'qtcreator-ros'), ('GJS_DEBUG_OUTPUT', 'stderr'), ('GPG_AGENT_INFO', '/run/user/1000/gnupg/S.gpg-agent:0:1'), ('QT_IM_MODULE', 'ibus'), ('LC_ALL', 'en_US.UTF-8'), ('PWD', '/home/amr_1/agv_gui/build/agv_gui'), ('QT_QPA_PLATFORM', 'wayland;xcb'), ('SNAP_REAL_HOME', '/home/amr_1'), ('XDG_CONFIG_DIRS', '/etc/xdg/xdg-ubuntu:/etc/xdg'), ('XDG_DATA_DIRS', '/usr/share/ubuntu:/usr/local/share/:/usr/share/:/var/lib/snapd/desktop'), ('PYTHONPATH', '/opt/ros/foxy/lib/python3.8/site-packages'), ('SNAP', '/snap/qtcreator-ros/85'), ('COLCON', '1'), ('CMAKE_PREFIX_PATH', '/home/amr_1/agv_gui/install/agv_gui:/opt/ros/foxy'), ('LIBGL_DRIVERS_PATH', '/snap/qtcreator-ros/85/usr/lib/aarch64-linux-gnu/dri')]), 'shell': False}
[0.099380] (-) TimerEvent: {}
[0.202958] (-) TimerEvent: {}
[0.304060] (-) TimerEvent: {}
[0.385503] (agv_gui) StdoutLine: {'line': b'[ 20%] Automatic MOC and UIC for target agv_gui\n'}
[0.404275] (-) TimerEvent: {}
[0.505282] (-) TimerEvent: {}
[0.606455] (-) TimerEvent: {}
[0.707534] (-) TimerEvent: {}
[0.808621] (-) TimerEvent: {}
[0.909820] (-) TimerEvent: {}
[1.010832] (-) TimerEvent: {}
[1.111961] (-) TimerEvent: {}
[1.213002] (-) TimerEvent: {}
[1.314175] (-) TimerEvent: {}
[1.373843] (agv_gui) StdoutLine: {'line': b'[ 20%] Built target agv_gui_autogen\n'}
[1.414463] (-) TimerEvent: {}
[1.515420] (-) TimerEvent: {}
[1.616331] (-) TimerEvent: {}
[1.653017] (agv_gui) StdoutLine: {'line': b'Scanning dependencies of target agv_gui\n'}
[1.716621] (-) TimerEvent: {}
[1.750776] (agv_gui) StdoutLine: {'line': b'[ 40%] Building CXX object CMakeFiles/agv_gui.dir/src/mtr_node.cpp.o\n'}
[1.760085] (agv_gui) StdoutLine: {'line': b'[ 60%] Building CXX object CMakeFiles/agv_gui.dir/src/main_gui.cpp.o\n'}
[1.816882] (-) TimerEvent: {}
[1.917869] (-) TimerEvent: {}
[2.018744] (-) TimerEvent: {}
[2.119543] (-) TimerEvent: {}
[2.220383] (-) TimerEvent: {}
[2.321208] (-) TimerEvent: {}
[2.422153] (-) TimerEvent: {}
[2.522951] (-) TimerEvent: {}
[2.623704] (-) TimerEvent: {}
[2.724615] (-) TimerEvent: {}
[2.825658] (-) TimerEvent: {}
[2.926643] (-) TimerEvent: {}
[3.027642] (-) TimerEvent: {}
[3.128625] (-) TimerEvent: {}
[3.229655] (-) TimerEvent: {}
[3.330597] (-) TimerEvent: {}
[3.431597] (-) TimerEvent: {}
[3.532537] (-) TimerEvent: {}
[3.633651] (-) TimerEvent: {}
[3.734636] (-) TimerEvent: {}
[3.835601] (-) TimerEvent: {}
[3.936610] (-) TimerEvent: {}
[4.037640] (-) TimerEvent: {}
[4.138611] (-) TimerEvent: {}
[4.239652] (-) TimerEvent: {}
[4.340606] (-) TimerEvent: {}
[4.441696] (-) TimerEvent: {}
[4.542689] (-) TimerEvent: {}
[4.643631] (-) TimerEvent: {}
[4.744650] (-) TimerEvent: {}
[4.845777] (-) TimerEvent: {}
[4.946753] (-) TimerEvent: {}
[5.047718] (-) TimerEvent: {}
[5.148731] (-) TimerEvent: {}
[5.249680] (-) TimerEvent: {}
[5.350682] (-) TimerEvent: {}
[5.451680] (-) TimerEvent: {}
[5.552685] (-) TimerEvent: {}
[5.653646] (-) TimerEvent: {}
[5.754600] (-) TimerEvent: {}
[5.855551] (-) TimerEvent: {}
[5.956564] (-) TimerEvent: {}
[6.057659] (-) TimerEvent: {}
[6.158669] (-) TimerEvent: {}
[6.259645] (-) TimerEvent: {}
[6.360546] (-) TimerEvent: {}
[6.461656] (-) TimerEvent: {}
[6.562619] (-) TimerEvent: {}
[6.663545] (-) TimerEvent: {}
[6.764533] (-) TimerEvent: {}
[6.865605] (-) TimerEvent: {}
[6.966540] (-) TimerEvent: {}
[7.067572] (-) TimerEvent: {}
[7.168585] (-) TimerEvent: {}
[7.269578] (-) TimerEvent: {}
[7.370527] (-) TimerEvent: {}
[7.471535] (-) TimerEvent: {}
[7.572497] (-) TimerEvent: {}
[7.673559] (-) TimerEvent: {}
[7.774590] (-) TimerEvent: {}
[7.875551] (-) TimerEvent: {}
[7.976560] (-) TimerEvent: {}
[8.077576] (-) TimerEvent: {}
[8.178595] (-) TimerEvent: {}
[8.279627] (-) TimerEvent: {}
[8.380623] (-) TimerEvent: {}
[8.481645] (-) TimerEvent: {}
[8.582639] (-) TimerEvent: {}
[8.683596] (-) TimerEvent: {}
[8.784799] (-) TimerEvent: {}
[8.885877] (-) TimerEvent: {}
[8.986907] (-) TimerEvent: {}
[9.090414] (-) TimerEvent: {}
[9.191487] (-) TimerEvent: {}
[9.292425] (-) TimerEvent: {}
[9.393404] (-) TimerEvent: {}
[9.494467] (-) TimerEvent: {}
[9.595451] (-) TimerEvent: {}
[9.696513] (-) TimerEvent: {}
[9.797589] (-) TimerEvent: {}
[9.898609] (-) TimerEvent: {}
[9.999562] (-) TimerEvent: {}
[10.100563] (-) TimerEvent: {}
[10.201641] (-) TimerEvent: {}
[10.302590] (-) TimerEvent: {}
[10.403525] (-) TimerEvent: {}
[10.504537] (-) TimerEvent: {}
[10.605700] (-) TimerEvent: {}
[10.706669] (-) TimerEvent: {}
[10.807712] (-) TimerEvent: {}
[10.908655] (-) TimerEvent: {}
[11.009684] (-) TimerEvent: {}
[11.110634] (-) TimerEvent: {}
[11.211606] (-) TimerEvent: {}
[11.312572] (-) TimerEvent: {}
[11.413629] (-) TimerEvent: {}
[11.514621] (-) TimerEvent: {}
[11.615651] (-) TimerEvent: {}
[11.716656] (-) TimerEvent: {}
[11.817671] (-) TimerEvent: {}
[11.918654] (-) TimerEvent: {}
[12.019648] (-) TimerEvent: {}
[12.120667] (-) TimerEvent: {}
[12.221686] (-) TimerEvent: {}
[12.322580] (-) TimerEvent: {}
[12.423545] (-) TimerEvent: {}
[12.524517] (-) TimerEvent: {}
[12.625685] (-) TimerEvent: {}
[12.726764] (-) TimerEvent: {}
[12.827765] (-) TimerEvent: {}
[12.928738] (-) TimerEvent: {}
[13.005822] (agv_gui) StderrLine: {'line': b'In file included from /usr/include/aarch64-linux-gnu/qt5/QtGui/qtguiglobal.h:43,\n'}
[13.007137] (agv_gui) StderrLine: {'line': b'                 from /usr/include/aarch64-linux-gnu/qt5/QtWidgets/qtwidgetsglobal.h:43,\n'}
[13.007677] (agv_gui) StderrLine: {'line': b'                 from /usr/include/aarch64-linux-gnu/qt5/QtWidgets/qapplication.h:43,\n'}
[13.008148] (agv_gui) StderrLine: {'line': b'                 from /usr/include/aarch64-linux-gnu/qt5/QtWidgets/QApplication:1,\n'}
[13.008641] (agv_gui) StderrLine: {'line': b'                 from /home/amr_1/agv_gui/src/agv_gui/src/main_gui.cpp:1:\n'}
[13.009048] (agv_gui) StderrLine: {'line': b'/usr/include/aarch64-linux-gnu/qt5/QtCore/qobject.h: In instantiation of \xe2\x80\x98static QMetaObject::Connection QObject::connect(const typename QtPrivate::FunctionPointer<Func>::Object*, Func1, const typename QtPrivate::FunctionPointer<Func2>::Object*, Func2, Qt::ConnectionType) [with Func1 = void (MotorSub::*)(std::__cxx11::basic_string<char>); Func2 = void (MainGui::*)(double); typename QtPrivate::FunctionPointer<Func>::Object = MotorSub; typename QtPrivate::FunctionPointer<Func2>::Object = MainGui]\xe2\x80\x99:\n'}
[13.009659] (agv_gui) StderrLine: {'line': b'/home/amr_1/agv_gui/src/agv_gui/src/main_gui.cpp:119:86:   required from here\n'}
[13.010125] (agv_gui) StderrLine: {'line': b'/usr/include/aarch64-linux-gnu/qt5/QtCore/qobject.h:241:9: error: static assertion failed: Signal and slot arguments are not compatible.\n'}
[13.010521] (agv_gui) StderrLine: {'line': b'  241 |         Q_STATIC_ASSERT_X((QtPrivate::CheckCompatibleArguments<typename SignalType::Arguments, typename SlotType::Arguments>::value),\n'}
[13.011027] (agv_gui) StderrLine: {'line': b'      |         ^~~~~~~~~~~~~~~~~\n'}
[13.029044] (-) TimerEvent: {}
[13.130080] (-) TimerEvent: {}
[13.231198] (-) TimerEvent: {}
[13.332345] (-) TimerEvent: {}
[13.433544] (-) TimerEvent: {}
[13.534647] (-) TimerEvent: {}
[13.635754] (-) TimerEvent: {}
[13.736833] (-) TimerEvent: {}
[13.838000] (-) TimerEvent: {}
[13.939091] (-) TimerEvent: {}
[14.040177] (-) TimerEvent: {}
[14.148309] (-) TimerEvent: {}
[14.249375] (-) TimerEvent: {}
[14.350522] (-) TimerEvent: {}
[14.451539] (-) TimerEvent: {}
[14.552559] (-) TimerEvent: {}
[14.653717] (-) TimerEvent: {}
[14.754771] (-) TimerEvent: {}
[14.855798] (-) TimerEvent: {}
[14.956857] (-) TimerEvent: {}
[15.057954] (-) TimerEvent: {}
[15.158968] (-) TimerEvent: {}
[15.260067] (-) TimerEvent: {}
[15.361011] (-) TimerEvent: {}
[15.462110] (-) TimerEvent: {}
[15.563077] (-) TimerEvent: {}
[15.664132] (-) TimerEvent: {}
[15.765158] (-) TimerEvent: {}
[15.866277] (-) TimerEvent: {}
[15.967311] (-) TimerEvent: {}
[16.068319] (-) TimerEvent: {}
[16.169304] (-) TimerEvent: {}
[16.270435] (-) TimerEvent: {}
[16.371444] (-) TimerEvent: {}
[16.472497] (-) TimerEvent: {}
[16.573594] (-) TimerEvent: {}
[16.674595] (-) TimerEvent: {}
[16.776878] (-) TimerEvent: {}
[16.878060] (-) TimerEvent: {}
[16.979037] (-) TimerEvent: {}
[17.080043] (-) TimerEvent: {}
[17.181021] (-) TimerEvent: {}
[17.282167] (-) TimerEvent: {}
[17.383134] (-) TimerEvent: {}
[17.484121] (-) TimerEvent: {}
[17.585158] (-) TimerEvent: {}
[17.686231] (-) TimerEvent: {}
[17.787280] (-) TimerEvent: {}
[17.888238] (-) TimerEvent: {}
[17.989287] (-) TimerEvent: {}
[18.090537] (-) TimerEvent: {}
[18.191517] (-) TimerEvent: {}
[18.292547] (-) TimerEvent: {}
[18.393636] (-) TimerEvent: {}
[18.494698] (-) TimerEvent: {}
[18.595732] (-) TimerEvent: {}
[18.696766] (-) TimerEvent: {}
[18.797899] (-) TimerEvent: {}
[18.898836] (-) TimerEvent: {}
[18.999777] (-) TimerEvent: {}
[19.100769] (-) TimerEvent: {}
[19.209109] (-) TimerEvent: {}
[19.310144] (-) TimerEvent: {}
[19.411075] (-) TimerEvent: {}
[19.512042] (-) TimerEvent: {}
[19.612984] (-) TimerEvent: {}
[19.677386] (agv_gui) StderrLine: {'line': b'make[2]: *** [CMakeFiles/agv_gui.dir/build.make:89: CMakeFiles/agv_gui.dir/src/main_gui.cpp.o] Error 1\n'}
[19.679396] (agv_gui) StderrLine: {'line': b'make[1]: *** [CMakeFiles/Makefile2:79: CMakeFiles/agv_gui.dir/all] Error 2\n'}
[19.680554] (agv_gui) StderrLine: {'line': b'make: *** [Makefile:141: all] Error 2\n'}
[19.690859] (agv_gui) CommandEnded: {'returncode': 2}
[19.713650] (-) TimerEvent: {}
[19.815591] (-) TimerEvent: {}
[19.919906] (-) TimerEvent: {}
[19.960122] (agv_gui) JobEnded: {'identifier': 'agv_gui', 'rc': 2}
[19.971542] (-) EventReactorShutdown: {}
