[0.784s] Invoking command in '/home/colin/agv_gui/build/amr_v4_qt': CMAKE_PREFIX_PATH=/home/colin/agv_gui/install/amr_v4_msgs_srvs:/home/colin/agv_gui/install/amr_v4_qt:/opt/ros/galactic /usr/bin/cmake --build /home/colin/agv_gui/build/amr_v4_qt -- -j6 -l6
[1.065s] [  2%] [34m[1mAutomatic MOC and UIC for target amr_v4_qt[0m
[1.166s] [  2%] Built target amr_v4_qt_autogen
[1.294s] [35m[1mScanning dependencies of target amr_v4_qt[0m
[1.807s] [  4%] [32mBuilding CXX object CMakeFiles/amr_v4_qt.dir/src/scrolling_label.cpp.o[0m
[6.130s] [01m[K/home/colin/agv_gui/amr_v4_qt/src/scrolling_label.cpp:[m[K In member function ‘[01m[Kvirtual void ScrollingLabel::paintEvent(QPaintEvent*)[m[K’:
[6.131s] [01m[K/home/colin/agv_gui/amr_v4_qt/src/scrolling_label.cpp:17:46:[m[K [01;35m[Kwarning: [m[Kunused parameter ‘[01m[Kevent[m[K’ [[01;35m[K-Wunused-parameter[m[K]
[6.132s]    17 | void ScrollingLabel::paintEvent([01;35m[KQPaintEvent *event[m[K) {
[6.132s]       |                                 [01;35m[K~~~~~~~~~~~~~^~~~~[m[K
[6.891s] [  6%] [32m[1mLinking CXX executable amr_v4_qt[0m
[14.655s] [100%] Built target amr_v4_qt
[14.721s] Invoked command in '/home/colin/agv_gui/build/amr_v4_qt' returned '0': CMAKE_PREFIX_PATH=/home/colin/agv_gui/install/amr_v4_msgs_srvs:/home/colin/agv_gui/install/amr_v4_qt:/opt/ros/galactic /usr/bin/cmake --build /home/colin/agv_gui/build/amr_v4_qt -- -j6 -l6
[15.216s] Invoking command in '/home/colin/agv_gui/build/amr_v4_qt': CMAKE_PREFIX_PATH=/home/colin/agv_gui/install/amr_v4_msgs_srvs:/home/colin/agv_gui/install/amr_v4_qt:/opt/ros/galactic /usr/bin/cmake --install /home/colin/agv_gui/build/amr_v4_qt
[15.259s] -- Install configuration: ""
[15.261s] -- Installing: /home/colin/agv_gui/install/amr_v4_qt/lib/amr_v4_qt/amr_v4_qt
[15.331s] -- Set runtime path of "/home/colin/agv_gui/install/amr_v4_qt/lib/amr_v4_qt/amr_v4_qt" to ""
[15.332s] -- Up-to-date: /home/colin/agv_gui/install/amr_v4_qt/share/amr_v4_qt/launch
[15.333s] -- Up-to-date: /home/colin/agv_gui/install/amr_v4_qt/share/amr_v4_qt/launch/gui.launch.py
[15.334s] -- Up-to-date: /home/colin/agv_gui/install/amr_v4_qt/share/ament_index/resource_index/package_run_dependencies/amr_v4_qt
[15.334s] -- Up-to-date: /home/colin/agv_gui/install/amr_v4_qt/share/ament_index/resource_index/parent_prefix_path/amr_v4_qt
[15.335s] -- Up-to-date: /home/colin/agv_gui/install/amr_v4_qt/share/amr_v4_qt/environment/ament_prefix_path.sh
[15.335s] -- Up-to-date: /home/colin/agv_gui/install/amr_v4_qt/share/amr_v4_qt/environment/ament_prefix_path.dsv
[15.336s] -- Up-to-date: /home/colin/agv_gui/install/amr_v4_qt/share/amr_v4_qt/environment/path.sh
[15.337s] -- Up-to-date: /home/colin/agv_gui/install/amr_v4_qt/share/amr_v4_qt/environment/path.dsv
[15.337s] -- Up-to-date: /home/colin/agv_gui/install/amr_v4_qt/share/amr_v4_qt/local_setup.bash
[15.338s] -- Up-to-date: /home/colin/agv_gui/install/amr_v4_qt/share/amr_v4_qt/local_setup.sh
[15.338s] -- Up-to-date: /home/colin/agv_gui/install/amr_v4_qt/share/amr_v4_qt/local_setup.zsh
[15.339s] -- Up-to-date: /home/colin/agv_gui/install/amr_v4_qt/share/amr_v4_qt/local_setup.dsv
[15.339s] -- Installing: /home/colin/agv_gui/install/amr_v4_qt/share/amr_v4_qt/package.dsv
[15.340s] -- Up-to-date: /home/colin/agv_gui/install/amr_v4_qt/share/ament_index/resource_index/packages/amr_v4_qt
[15.340s] -- Up-to-date: /home/colin/agv_gui/install/amr_v4_qt/share/amr_v4_qt/cmake/amr_v4_qtConfig.cmake
[15.341s] -- Up-to-date: /home/colin/agv_gui/install/amr_v4_qt/share/amr_v4_qt/cmake/amr_v4_qtConfig-version.cmake
[15.341s] -- Up-to-date: /home/colin/agv_gui/install/amr_v4_qt/share/amr_v4_qt/package.xml
[15.353s] Invoked command in '/home/colin/agv_gui/build/amr_v4_qt' returned '0': CMAKE_PREFIX_PATH=/home/colin/agv_gui/install/amr_v4_msgs_srvs:/home/colin/agv_gui/install/amr_v4_qt:/opt/ros/galactic /usr/bin/cmake --install /home/colin/agv_gui/build/amr_v4_qt
