[0.790s] Invoking command in '/home/colin/agv_gui/build/amr_v4_msgs_srvs': CMAKE_PREFIX_PATH=${CMAKE_PREFIX_PATH}:/opt/ros/galactic /usr/bin/cmake --build /home/colin/agv_gui/build/amr_v4_msgs_srvs -- -j6 -l6
[1.096s] [  1%] Built target amr_v4_msgs_srvs__cpp
[1.106s] [ 12%] Built target amr_v4_msgs_srvs__rosidl_generator_c
[1.228s] [ 23%] Built target amr_v4_msgs_srvs__rosidl_typesupport_cpp
[1.241s] [ 34%] Built target amr_v4_msgs_srvs__rosidl_typesupport_introspection_cpp
[1.253s] [ 45%] Built target amr_v4_msgs_srvs__rosidl_typesupport_introspection_c
[1.257s] [ 56%] Built target amr_v4_msgs_srvs__rosidl_typesupport_c
[1.264s] [ 67%] Built target amr_v4_msgs_srvs__rosidl_typesupport_fastrtps_cpp
[1.411s] [ 78%] Built target amr_v4_msgs_srvs__rosidl_typesupport_fastrtps_c
[1.523s] [ 78%] Built target amr_v4_msgs_srvs
[1.633s] [ 80%] Built target amr_v4_msgs_srvs__py
[1.780s] [ 89%] Built target amr_v4_msgs_srvs__python
[1.929s] [ 92%] Built target amr_v4_msgs_srvs__rosidl_typesupport_c__pyext
[1.937s] [ 96%] Built target amr_v4_msgs_srvs__rosidl_typesupport_introspection_c__pyext
[1.940s] [100%] Built target amr_v4_msgs_srvs__rosidl_typesupport_fastrtps_c__pyext
[2.009s] Invoked command in '/home/colin/agv_gui/build/amr_v4_msgs_srvs' returned '0': CMAKE_PREFIX_PATH=${CMAKE_PREFIX_PATH}:/opt/ros/galactic /usr/bin/cmake --build /home/colin/agv_gui/build/amr_v4_msgs_srvs -- -j6 -l6
[2.668s] Invoking command in '/home/colin/agv_gui/build/amr_v4_msgs_srvs': CMAKE_PREFIX_PATH=${CMAKE_PREFIX_PATH}:/opt/ros/galactic /usr/bin/cmake --install /home/colin/agv_gui/build/amr_v4_msgs_srvs
[2.709s] -- Install configuration: ""
[2.710s] -- Up-to-date: /home/colin/agv_gui/install/amr_v4_msgs_srvs/share/ament_index/resource_index/rosidl_interfaces/amr_v4_msgs_srvs
[2.711s] -- Up-to-date: /home/colin/agv_gui/install/amr_v4_msgs_srvs/include/amr_v4_msgs_srvs
[2.712s] -- Up-to-date: /home/colin/agv_gui/install/amr_v4_msgs_srvs/include/amr_v4_msgs_srvs/msg
[2.713s] -- Up-to-date: /home/colin/agv_gui/install/amr_v4_msgs_srvs/include/amr_v4_msgs_srvs/msg/detail
[2.714s] -- Up-to-date: /home/colin/agv_gui/install/amr_v4_msgs_srvs/include/amr_v4_msgs_srvs/msg/detail/robot__functions.h
[2.715s] -- Up-to-date: /home/colin/agv_gui/install/amr_v4_msgs_srvs/include/amr_v4_msgs_srvs/msg/detail/pin__struct.h
[2.717s] -- Up-to-date: /home/colin/agv_gui/install/amr_v4_msgs_srvs/include/amr_v4_msgs_srvs/msg/detail/motor__struct.h
[2.718s] -- Up-to-date: /home/colin/agv_gui/install/amr_v4_msgs_srvs/include/amr_v4_msgs_srvs/msg/detail/motor__functions.h
[2.719s] -- Up-to-date: /home/colin/agv_gui/install/amr_v4_msgs_srvs/include/amr_v4_msgs_srvs/msg/detail/pin__functions.c
[2.719s] -- Up-to-date: /home/colin/agv_gui/install/amr_v4_msgs_srvs/include/amr_v4_msgs_srvs/msg/detail/motor__functions.c
[2.720s] -- Up-to-date: /home/colin/agv_gui/install/amr_v4_msgs_srvs/include/amr_v4_msgs_srvs/msg/detail/robot__struct.h
[2.720s] -- Up-to-date: /home/colin/agv_gui/install/amr_v4_msgs_srvs/include/amr_v4_msgs_srvs/msg/detail/motor__type_support.h
[2.721s] -- Up-to-date: /home/colin/agv_gui/install/amr_v4_msgs_srvs/include/amr_v4_msgs_srvs/msg/detail/robot__functions.c
[2.721s] -- Up-to-date: /home/colin/agv_gui/install/amr_v4_msgs_srvs/include/amr_v4_msgs_srvs/msg/detail/pin__functions.h
[2.722s] -- Up-to-date: /home/colin/agv_gui/install/amr_v4_msgs_srvs/include/amr_v4_msgs_srvs/msg/detail/robot__type_support.h
[2.722s] -- Up-to-date: /home/colin/agv_gui/install/amr_v4_msgs_srvs/include/amr_v4_msgs_srvs/msg/detail/pin__type_support.h
[2.723s] -- Up-to-date: /home/colin/agv_gui/install/amr_v4_msgs_srvs/include/amr_v4_msgs_srvs/msg/motor.h
[2.724s] -- Up-to-date: /home/colin/agv_gui/install/amr_v4_msgs_srvs/include/amr_v4_msgs_srvs/msg/robot.h
[2.725s] -- Up-to-date: /home/colin/agv_gui/install/amr_v4_msgs_srvs/include/amr_v4_msgs_srvs/msg/rosidl_generator_c__visibility_control.h
[2.725s] -- Up-to-date: /home/colin/agv_gui/install/amr_v4_msgs_srvs/include/amr_v4_msgs_srvs/msg/pin.h
[2.725s] -- Up-to-date: /home/colin/agv_gui/install/amr_v4_msgs_srvs/include/amr_v4_msgs_srvs/srv
[2.726s] -- Up-to-date: /home/colin/agv_gui/install/amr_v4_msgs_srvs/include/amr_v4_msgs_srvs/srv/detail
[2.727s] -- Up-to-date: /home/colin/agv_gui/install/amr_v4_msgs_srvs/include/amr_v4_msgs_srvs/srv/detail/testserv__struct.h
[2.727s] -- Up-to-date: /home/colin/agv_gui/install/amr_v4_msgs_srvs/include/amr_v4_msgs_srvs/srv/detail/testserv__type_support.h
[2.727s] -- Up-to-date: /home/colin/agv_gui/install/amr_v4_msgs_srvs/include/amr_v4_msgs_srvs/srv/detail/testserv__functions.c
[2.728s] -- Up-to-date: /home/colin/agv_gui/install/amr_v4_msgs_srvs/include/amr_v4_msgs_srvs/srv/detail/testserv__functions.h
[2.729s] -- Up-to-date: /home/colin/agv_gui/install/amr_v4_msgs_srvs/include/amr_v4_msgs_srvs/srv/testserv.h
[2.729s] -- Up-to-date: /home/colin/agv_gui/install/amr_v4_msgs_srvs/share/amr_v4_msgs_srvs/environment/library_path.sh
[2.730s] -- Up-to-date: /home/colin/agv_gui/install/amr_v4_msgs_srvs/share/amr_v4_msgs_srvs/environment/library_path.dsv
[2.731s] -- Up-to-date: /home/colin/agv_gui/install/amr_v4_msgs_srvs/lib/libamr_v4_msgs_srvs__rosidl_generator_c.so
[2.731s] -- Up-to-date: /home/colin/agv_gui/install/amr_v4_msgs_srvs/include/amr_v4_msgs_srvs
[2.732s] -- Up-to-date: /home/colin/agv_gui/install/amr_v4_msgs_srvs/include/amr_v4_msgs_srvs/msg
[2.732s] -- Up-to-date: /home/colin/agv_gui/install/amr_v4_msgs_srvs/include/amr_v4_msgs_srvs/msg/detail
[2.733s] -- Up-to-date: /home/colin/agv_gui/install/amr_v4_msgs_srvs/include/amr_v4_msgs_srvs/msg/detail/motor__rosidl_typesupport_fastrtps_c.h
[2.733s] -- Up-to-date: /home/colin/agv_gui/install/amr_v4_msgs_srvs/include/amr_v4_msgs_srvs/msg/detail/robot__rosidl_typesupport_fastrtps_c.h
[2.734s] -- Up-to-date: /home/colin/agv_gui/install/amr_v4_msgs_srvs/include/amr_v4_msgs_srvs/msg/detail/pin__rosidl_typesupport_fastrtps_c.h
[2.734s] -- Up-to-date: /home/colin/agv_gui/install/amr_v4_msgs_srvs/include/amr_v4_msgs_srvs/msg/rosidl_typesupport_fastrtps_c__visibility_control.h
[2.735s] -- Up-to-date: /home/colin/agv_gui/install/amr_v4_msgs_srvs/include/amr_v4_msgs_srvs/srv
[2.735s] -- Up-to-date: /home/colin/agv_gui/install/amr_v4_msgs_srvs/include/amr_v4_msgs_srvs/srv/detail
[2.738s] -- Up-to-date: /home/colin/agv_gui/install/amr_v4_msgs_srvs/include/amr_v4_msgs_srvs/srv/detail/testserv__rosidl_typesupport_fastrtps_c.h
[2.738s] -- Up-to-date: /home/colin/agv_gui/install/amr_v4_msgs_srvs/lib/libamr_v4_msgs_srvs__rosidl_typesupport_fastrtps_c.so
[2.739s] -- Up-to-date: /home/colin/agv_gui/install/amr_v4_msgs_srvs/include/amr_v4_msgs_srvs
[2.740s] -- Up-to-date: /home/colin/agv_gui/install/amr_v4_msgs_srvs/include/amr_v4_msgs_srvs/msg
[2.740s] -- Up-to-date: /home/colin/agv_gui/install/amr_v4_msgs_srvs/include/amr_v4_msgs_srvs/msg/detail
[2.741s] -- Up-to-date: /home/colin/agv_gui/install/amr_v4_msgs_srvs/include/amr_v4_msgs_srvs/msg/detail/robot__rosidl_typesupport_fastrtps_cpp.hpp
[2.741s] -- Up-to-date: /home/colin/agv_gui/install/amr_v4_msgs_srvs/include/amr_v4_msgs_srvs/msg/detail/pin__rosidl_typesupport_fastrtps_cpp.hpp
[2.742s] -- Up-to-date: /home/colin/agv_gui/install/amr_v4_msgs_srvs/include/amr_v4_msgs_srvs/msg/detail/dds_fastrtps
[2.742s] -- Up-to-date: /home/colin/agv_gui/install/amr_v4_msgs_srvs/include/amr_v4_msgs_srvs/msg/detail/motor__rosidl_typesupport_fastrtps_cpp.hpp
[2.742s] -- Up-to-date: /home/colin/agv_gui/install/amr_v4_msgs_srvs/include/amr_v4_msgs_srvs/msg/rosidl_typesupport_fastrtps_cpp__visibility_control.h
[2.743s] -- Up-to-date: /home/colin/agv_gui/install/amr_v4_msgs_srvs/include/amr_v4_msgs_srvs/srv
[2.744s] -- Up-to-date: /home/colin/agv_gui/install/amr_v4_msgs_srvs/include/amr_v4_msgs_srvs/srv/detail
[2.744s] -- Up-to-date: /home/colin/agv_gui/install/amr_v4_msgs_srvs/include/amr_v4_msgs_srvs/srv/detail/dds_fastrtps
[2.745s] -- Up-to-date: /home/colin/agv_gui/install/amr_v4_msgs_srvs/include/amr_v4_msgs_srvs/srv/detail/testserv__rosidl_typesupport_fastrtps_cpp.hpp
[2.748s] -- Up-to-date: /home/colin/agv_gui/install/amr_v4_msgs_srvs/lib/libamr_v4_msgs_srvs__rosidl_typesupport_fastrtps_cpp.so
[2.749s] -- Up-to-date: /home/colin/agv_gui/install/amr_v4_msgs_srvs/include/amr_v4_msgs_srvs
[2.749s] -- Up-to-date: /home/colin/agv_gui/install/amr_v4_msgs_srvs/include/amr_v4_msgs_srvs/msg
[2.751s] -- Up-to-date: /home/colin/agv_gui/install/amr_v4_msgs_srvs/include/amr_v4_msgs_srvs/msg/detail
[2.752s] -- Up-to-date: /home/colin/agv_gui/install/amr_v4_msgs_srvs/include/amr_v4_msgs_srvs/msg/detail/robot__type_support.c
[2.752s] -- Up-to-date: /home/colin/agv_gui/install/amr_v4_msgs_srvs/include/amr_v4_msgs_srvs/msg/detail/pin__rosidl_typesupport_introspection_c.h
[2.753s] -- Up-to-date: /home/colin/agv_gui/install/amr_v4_msgs_srvs/include/amr_v4_msgs_srvs/msg/detail/pin__type_support.c
[2.753s] -- Up-to-date: /home/colin/agv_gui/install/amr_v4_msgs_srvs/include/amr_v4_msgs_srvs/msg/detail/motor__rosidl_typesupport_introspection_c.h
[2.754s] -- Up-to-date: /home/colin/agv_gui/install/amr_v4_msgs_srvs/include/amr_v4_msgs_srvs/msg/detail/robot__rosidl_typesupport_introspection_c.h
[2.754s] -- Up-to-date: /home/colin/agv_gui/install/amr_v4_msgs_srvs/include/amr_v4_msgs_srvs/msg/detail/motor__type_support.c
[2.755s] -- Up-to-date: /home/colin/agv_gui/install/amr_v4_msgs_srvs/include/amr_v4_msgs_srvs/msg/rosidl_typesupport_introspection_c__visibility_control.h
[2.755s] -- Up-to-date: /home/colin/agv_gui/install/amr_v4_msgs_srvs/include/amr_v4_msgs_srvs/srv
[2.756s] -- Up-to-date: /home/colin/agv_gui/install/amr_v4_msgs_srvs/include/amr_v4_msgs_srvs/srv/detail
[2.756s] -- Up-to-date: /home/colin/agv_gui/install/amr_v4_msgs_srvs/include/amr_v4_msgs_srvs/srv/detail/testserv__rosidl_typesupport_introspection_c.h
[2.757s] -- Up-to-date: /home/colin/agv_gui/install/amr_v4_msgs_srvs/include/amr_v4_msgs_srvs/srv/detail/testserv__type_support.c
[2.757s] -- Up-to-date: /home/colin/agv_gui/install/amr_v4_msgs_srvs/lib/libamr_v4_msgs_srvs__rosidl_typesupport_introspection_c.so
[2.758s] -- Up-to-date: /home/colin/agv_gui/install/amr_v4_msgs_srvs/lib/libamr_v4_msgs_srvs__rosidl_typesupport_c.so
[2.758s] -- Up-to-date: /home/colin/agv_gui/install/amr_v4_msgs_srvs/include/amr_v4_msgs_srvs
[2.759s] -- Up-to-date: /home/colin/agv_gui/install/amr_v4_msgs_srvs/include/amr_v4_msgs_srvs/msg
[2.759s] -- Up-to-date: /home/colin/agv_gui/install/amr_v4_msgs_srvs/include/amr_v4_msgs_srvs/msg/detail
[2.760s] -- Up-to-date: /home/colin/agv_gui/install/amr_v4_msgs_srvs/include/amr_v4_msgs_srvs/msg/detail/motor__struct.hpp
[2.760s] -- Up-to-date: /home/colin/agv_gui/install/amr_v4_msgs_srvs/include/amr_v4_msgs_srvs/msg/detail/robot__struct.hpp
[2.761s] -- Up-to-date: /home/colin/agv_gui/install/amr_v4_msgs_srvs/include/amr_v4_msgs_srvs/msg/detail/pin__builder.hpp
[2.761s] -- Up-to-date: /home/colin/agv_gui/install/amr_v4_msgs_srvs/include/amr_v4_msgs_srvs/msg/detail/motor__builder.hpp
[2.762s] -- Up-to-date: /home/colin/agv_gui/install/amr_v4_msgs_srvs/include/amr_v4_msgs_srvs/msg/detail/pin__struct.hpp
[2.762s] -- Up-to-date: /home/colin/agv_gui/install/amr_v4_msgs_srvs/include/amr_v4_msgs_srvs/msg/detail/robot__builder.hpp
[2.763s] -- Up-to-date: /home/colin/agv_gui/install/amr_v4_msgs_srvs/include/amr_v4_msgs_srvs/msg/detail/pin__traits.hpp
[2.763s] -- Up-to-date: /home/colin/agv_gui/install/amr_v4_msgs_srvs/include/amr_v4_msgs_srvs/msg/detail/motor__traits.hpp
[2.763s] -- Up-to-date: /home/colin/agv_gui/install/amr_v4_msgs_srvs/include/amr_v4_msgs_srvs/msg/detail/robot__traits.hpp
[2.764s] -- Up-to-date: /home/colin/agv_gui/install/amr_v4_msgs_srvs/include/amr_v4_msgs_srvs/msg/pin.hpp
[2.764s] -- Up-to-date: /home/colin/agv_gui/install/amr_v4_msgs_srvs/include/amr_v4_msgs_srvs/msg/robot.hpp
[2.765s] -- Up-to-date: /home/colin/agv_gui/install/amr_v4_msgs_srvs/include/amr_v4_msgs_srvs/msg/motor.hpp
[2.765s] -- Up-to-date: /home/colin/agv_gui/install/amr_v4_msgs_srvs/include/amr_v4_msgs_srvs/srv
[2.766s] -- Up-to-date: /home/colin/agv_gui/install/amr_v4_msgs_srvs/include/amr_v4_msgs_srvs/srv/detail
[2.766s] -- Up-to-date: /home/colin/agv_gui/install/amr_v4_msgs_srvs/include/amr_v4_msgs_srvs/srv/detail/testserv__builder.hpp
[2.767s] -- Up-to-date: /home/colin/agv_gui/install/amr_v4_msgs_srvs/include/amr_v4_msgs_srvs/srv/detail/testserv__struct.hpp
[2.767s] -- Up-to-date: /home/colin/agv_gui/install/amr_v4_msgs_srvs/include/amr_v4_msgs_srvs/srv/detail/testserv__traits.hpp
[2.768s] -- Up-to-date: /home/colin/agv_gui/install/amr_v4_msgs_srvs/include/amr_v4_msgs_srvs/srv/testserv.hpp
[2.768s] -- Up-to-date: /home/colin/agv_gui/install/amr_v4_msgs_srvs/include/amr_v4_msgs_srvs
[2.769s] -- Up-to-date: /home/colin/agv_gui/install/amr_v4_msgs_srvs/include/amr_v4_msgs_srvs/msg
[2.769s] -- Up-to-date: /home/colin/agv_gui/install/amr_v4_msgs_srvs/include/amr_v4_msgs_srvs/msg/detail
[2.770s] -- Up-to-date: /home/colin/agv_gui/install/amr_v4_msgs_srvs/include/amr_v4_msgs_srvs/msg/detail/robot__rosidl_typesupport_introspection_cpp.hpp
[2.770s] -- Up-to-date: /home/colin/agv_gui/install/amr_v4_msgs_srvs/include/amr_v4_msgs_srvs/msg/detail/motor__rosidl_typesupport_introspection_cpp.hpp
[2.771s] -- Up-to-date: /home/colin/agv_gui/install/amr_v4_msgs_srvs/include/amr_v4_msgs_srvs/msg/detail/motor__type_support.cpp
[2.771s] -- Up-to-date: /home/colin/agv_gui/install/amr_v4_msgs_srvs/include/amr_v4_msgs_srvs/msg/detail/robot__type_support.cpp
[2.772s] -- Up-to-date: /home/colin/agv_gui/install/amr_v4_msgs_srvs/include/amr_v4_msgs_srvs/msg/detail/pin__rosidl_typesupport_introspection_cpp.hpp
[2.772s] -- Up-to-date: /home/colin/agv_gui/install/amr_v4_msgs_srvs/include/amr_v4_msgs_srvs/msg/detail/pin__type_support.cpp
[2.773s] -- Up-to-date: /home/colin/agv_gui/install/amr_v4_msgs_srvs/include/amr_v4_msgs_srvs/srv
[2.773s] -- Up-to-date: /home/colin/agv_gui/install/amr_v4_msgs_srvs/include/amr_v4_msgs_srvs/srv/detail
[2.774s] -- Up-to-date: /home/colin/agv_gui/install/amr_v4_msgs_srvs/include/amr_v4_msgs_srvs/srv/detail/testserv__type_support.cpp
[2.774s] -- Up-to-date: /home/colin/agv_gui/install/amr_v4_msgs_srvs/include/amr_v4_msgs_srvs/srv/detail/testserv__rosidl_typesupport_introspection_cpp.hpp
[2.774s] -- Up-to-date: /home/colin/agv_gui/install/amr_v4_msgs_srvs/lib/libamr_v4_msgs_srvs__rosidl_typesupport_introspection_cpp.so
[2.775s] -- Up-to-date: /home/colin/agv_gui/install/amr_v4_msgs_srvs/lib/libamr_v4_msgs_srvs__rosidl_typesupport_cpp.so
[2.775s] -- Up-to-date: /home/colin/agv_gui/install/amr_v4_msgs_srvs/share/amr_v4_msgs_srvs/environment/pythonpath.sh
[2.776s] -- Up-to-date: /home/colin/agv_gui/install/amr_v4_msgs_srvs/share/amr_v4_msgs_srvs/environment/pythonpath.dsv
[2.776s] -- Up-to-date: /home/colin/agv_gui/install/amr_v4_msgs_srvs/lib/python3.8/site-packages/amr_v4_msgs_srvs/__init__.py
[2.940s] -- Up-to-date: /home/colin/agv_gui/install/amr_v4_msgs_srvs/lib/python3.8/site-packages/amr_v4_msgs_srvs/msg
[2.941s] -- Up-to-date: /home/colin/agv_gui/install/amr_v4_msgs_srvs/lib/python3.8/site-packages/amr_v4_msgs_srvs/msg/_motor_s.c
[2.942s] -- Up-to-date: /home/colin/agv_gui/install/amr_v4_msgs_srvs/lib/python3.8/site-packages/amr_v4_msgs_srvs/msg/_robot_s.c
[2.943s] -- Up-to-date: /home/colin/agv_gui/install/amr_v4_msgs_srvs/lib/python3.8/site-packages/amr_v4_msgs_srvs/msg/_pin_s.c
[2.943s] -- Up-to-date: /home/colin/agv_gui/install/amr_v4_msgs_srvs/lib/python3.8/site-packages/amr_v4_msgs_srvs/msg/_robot.py
[2.944s] -- Up-to-date: /home/colin/agv_gui/install/amr_v4_msgs_srvs/lib/python3.8/site-packages/amr_v4_msgs_srvs/msg/_motor.py
[2.944s] -- Up-to-date: /home/colin/agv_gui/install/amr_v4_msgs_srvs/lib/python3.8/site-packages/amr_v4_msgs_srvs/msg/_pin.py
[2.945s] -- Up-to-date: /home/colin/agv_gui/install/amr_v4_msgs_srvs/lib/python3.8/site-packages/amr_v4_msgs_srvs/msg/__init__.py
[2.945s] -- Up-to-date: /home/colin/agv_gui/install/amr_v4_msgs_srvs/lib/python3.8/site-packages/amr_v4_msgs_srvs/srv
[2.946s] -- Up-to-date: /home/colin/agv_gui/install/amr_v4_msgs_srvs/lib/python3.8/site-packages/amr_v4_msgs_srvs/srv/_testserv_s.c
[2.946s] -- Up-to-date: /home/colin/agv_gui/install/amr_v4_msgs_srvs/lib/python3.8/site-packages/amr_v4_msgs_srvs/srv/_testserv.py
[2.947s] -- Up-to-date: /home/colin/agv_gui/install/amr_v4_msgs_srvs/lib/python3.8/site-packages/amr_v4_msgs_srvs/srv/__init__.py
[2.947s] -- Up-to-date: /home/colin/agv_gui/install/amr_v4_msgs_srvs/lib/python3.8/site-packages/amr_v4_msgs_srvs/amr_v4_msgs_srvs_s__rosidl_typesupport_fastrtps_c.cpython-38-aarch64-linux-gnu.so
[2.949s] -- Up-to-date: /home/colin/agv_gui/install/amr_v4_msgs_srvs/lib/python3.8/site-packages/amr_v4_msgs_srvs/amr_v4_msgs_srvs_s__rosidl_typesupport_introspection_c.cpython-38-aarch64-linux-gnu.so
[2.953s] -- Up-to-date: /home/colin/agv_gui/install/amr_v4_msgs_srvs/lib/python3.8/site-packages/amr_v4_msgs_srvs/amr_v4_msgs_srvs_s__rosidl_typesupport_c.cpython-38-aarch64-linux-gnu.so
[2.956s] -- Up-to-date: /home/colin/agv_gui/install/amr_v4_msgs_srvs/lib/libamr_v4_msgs_srvs__python.so
[2.958s] -- Up-to-date: /home/colin/agv_gui/install/amr_v4_msgs_srvs/share/amr_v4_msgs_srvs/msg/Motor.idl
[2.959s] -- Up-to-date: /home/colin/agv_gui/install/amr_v4_msgs_srvs/share/amr_v4_msgs_srvs/msg/Robot.idl
[2.960s] -- Up-to-date: /home/colin/agv_gui/install/amr_v4_msgs_srvs/share/amr_v4_msgs_srvs/msg/Pin.idl
[2.961s] -- Up-to-date: /home/colin/agv_gui/install/amr_v4_msgs_srvs/share/amr_v4_msgs_srvs/srv/Testserv.idl
[2.961s] -- Up-to-date: /home/colin/agv_gui/install/amr_v4_msgs_srvs/share/amr_v4_msgs_srvs/msg/Motor.msg
[2.962s] -- Up-to-date: /home/colin/agv_gui/install/amr_v4_msgs_srvs/share/amr_v4_msgs_srvs/msg/Robot.msg
[2.963s] -- Up-to-date: /home/colin/agv_gui/install/amr_v4_msgs_srvs/share/amr_v4_msgs_srvs/msg/Pin.msg
[2.964s] -- Up-to-date: /home/colin/agv_gui/install/amr_v4_msgs_srvs/share/amr_v4_msgs_srvs/srv/Testserv.srv
[2.964s] -- Up-to-date: /home/colin/agv_gui/install/amr_v4_msgs_srvs/share/amr_v4_msgs_srvs/srv/Testserv_Request.msg
[2.965s] -- Up-to-date: /home/colin/agv_gui/install/amr_v4_msgs_srvs/share/amr_v4_msgs_srvs/srv/Testserv_Response.msg
[2.966s] -- Up-to-date: /home/colin/agv_gui/install/amr_v4_msgs_srvs/share/ament_index/resource_index/package_run_dependencies/amr_v4_msgs_srvs
[2.967s] -- Up-to-date: /home/colin/agv_gui/install/amr_v4_msgs_srvs/share/ament_index/resource_index/parent_prefix_path/amr_v4_msgs_srvs
[2.968s] -- Up-to-date: /home/colin/agv_gui/install/amr_v4_msgs_srvs/share/amr_v4_msgs_srvs/environment/ament_prefix_path.sh
[2.968s] -- Up-to-date: /home/colin/agv_gui/install/amr_v4_msgs_srvs/share/amr_v4_msgs_srvs/environment/ament_prefix_path.dsv
[2.970s] -- Up-to-date: /home/colin/agv_gui/install/amr_v4_msgs_srvs/share/amr_v4_msgs_srvs/environment/path.sh
[2.971s] -- Up-to-date: /home/colin/agv_gui/install/amr_v4_msgs_srvs/share/amr_v4_msgs_srvs/environment/path.dsv
[2.971s] -- Up-to-date: /home/colin/agv_gui/install/amr_v4_msgs_srvs/share/amr_v4_msgs_srvs/local_setup.bash
[2.972s] -- Up-to-date: /home/colin/agv_gui/install/amr_v4_msgs_srvs/share/amr_v4_msgs_srvs/local_setup.sh
[2.978s] -- Up-to-date: /home/colin/agv_gui/install/amr_v4_msgs_srvs/share/amr_v4_msgs_srvs/local_setup.zsh
[2.981s] -- Up-to-date: /home/colin/agv_gui/install/amr_v4_msgs_srvs/share/amr_v4_msgs_srvs/local_setup.dsv
[2.982s] -- Installing: /home/colin/agv_gui/install/amr_v4_msgs_srvs/share/amr_v4_msgs_srvs/package.dsv
[2.983s] -- Up-to-date: /home/colin/agv_gui/install/amr_v4_msgs_srvs/share/ament_index/resource_index/packages/amr_v4_msgs_srvs
[2.983s] -- Up-to-date: /home/colin/agv_gui/install/amr_v4_msgs_srvs/share/amr_v4_msgs_srvs/cmake/amr_v4_msgs_srvs__rosidl_generator_cExport.cmake
[2.984s] -- Up-to-date: /home/colin/agv_gui/install/amr_v4_msgs_srvs/share/amr_v4_msgs_srvs/cmake/amr_v4_msgs_srvs__rosidl_generator_cExport-noconfig.cmake
[2.985s] -- Up-to-date: /home/colin/agv_gui/install/amr_v4_msgs_srvs/share/amr_v4_msgs_srvs/cmake/amr_v4_msgs_srvs__rosidl_typesupport_introspection_cExport.cmake
[2.985s] -- Up-to-date: /home/colin/agv_gui/install/amr_v4_msgs_srvs/share/amr_v4_msgs_srvs/cmake/amr_v4_msgs_srvs__rosidl_typesupport_introspection_cExport-noconfig.cmake
[2.986s] -- Up-to-date: /home/colin/agv_gui/install/amr_v4_msgs_srvs/share/amr_v4_msgs_srvs/cmake/amr_v4_msgs_srvs__rosidl_typesupport_cExport.cmake
[2.986s] -- Up-to-date: /home/colin/agv_gui/install/amr_v4_msgs_srvs/share/amr_v4_msgs_srvs/cmake/amr_v4_msgs_srvs__rosidl_typesupport_cExport-noconfig.cmake
[2.987s] -- Up-to-date: /home/colin/agv_gui/install/amr_v4_msgs_srvs/share/amr_v4_msgs_srvs/cmake/amr_v4_msgs_srvs__rosidl_generator_cppExport.cmake
[2.987s] -- Up-to-date: /home/colin/agv_gui/install/amr_v4_msgs_srvs/share/amr_v4_msgs_srvs/cmake/amr_v4_msgs_srvs__rosidl_typesupport_introspection_cppExport.cmake
[2.988s] -- Up-to-date: /home/colin/agv_gui/install/amr_v4_msgs_srvs/share/amr_v4_msgs_srvs/cmake/amr_v4_msgs_srvs__rosidl_typesupport_introspection_cppExport-noconfig.cmake
[2.988s] -- Up-to-date: /home/colin/agv_gui/install/amr_v4_msgs_srvs/share/amr_v4_msgs_srvs/cmake/amr_v4_msgs_srvs__rosidl_typesupport_cppExport.cmake
[2.989s] -- Up-to-date: /home/colin/agv_gui/install/amr_v4_msgs_srvs/share/amr_v4_msgs_srvs/cmake/amr_v4_msgs_srvs__rosidl_typesupport_cppExport-noconfig.cmake
[2.989s] -- Up-to-date: /home/colin/agv_gui/install/amr_v4_msgs_srvs/share/amr_v4_msgs_srvs/cmake/rosidl_cmake-extras.cmake
[2.990s] -- Up-to-date: /home/colin/agv_gui/install/amr_v4_msgs_srvs/share/amr_v4_msgs_srvs/cmake/ament_cmake_export_dependencies-extras.cmake
[2.990s] -- Up-to-date: /home/colin/agv_gui/install/amr_v4_msgs_srvs/share/amr_v4_msgs_srvs/cmake/ament_cmake_export_libraries-extras.cmake
[2.992s] -- Up-to-date: /home/colin/agv_gui/install/amr_v4_msgs_srvs/share/amr_v4_msgs_srvs/cmake/ament_cmake_export_targets-extras.cmake
[2.996s] -- Up-to-date: /home/colin/agv_gui/install/amr_v4_msgs_srvs/share/amr_v4_msgs_srvs/cmake/ament_cmake_export_include_directories-extras.cmake
[2.998s] -- Up-to-date: /home/colin/agv_gui/install/amr_v4_msgs_srvs/share/amr_v4_msgs_srvs/cmake/rosidl_cmake_export_typesupport_libraries-extras.cmake
[2.998s] -- Up-to-date: /home/colin/agv_gui/install/amr_v4_msgs_srvs/share/amr_v4_msgs_srvs/cmake/rosidl_cmake_export_typesupport_targets-extras.cmake
[2.999s] -- Up-to-date: /home/colin/agv_gui/install/amr_v4_msgs_srvs/share/amr_v4_msgs_srvs/cmake/amr_v4_msgs_srvsConfig.cmake
[2.999s] -- Up-to-date: /home/colin/agv_gui/install/amr_v4_msgs_srvs/share/amr_v4_msgs_srvs/cmake/amr_v4_msgs_srvsConfig-version.cmake
[3.000s] -- Up-to-date: /home/colin/agv_gui/install/amr_v4_msgs_srvs/share/amr_v4_msgs_srvs/package.xml
[3.001s] Invoked command in '/home/colin/agv_gui/build/amr_v4_msgs_srvs' returned '0': CMAKE_PREFIX_PATH=${CMAKE_PREFIX_PATH}:/opt/ros/galactic /usr/bin/cmake --install /home/colin/agv_gui/build/amr_v4_msgs_srvs
