[0.016s] Invoking command in '/home/colin/agv_gui/build/amr_v4_qt': CMAKE_PREFIX_PATH=/opt/ros/iron /usr/bin/cmake --build /home/colin/agv_gui/build/amr_v4_qt -- -j4 -l4
[0.089s] [  2%] [34m[1mAutomatic MOC and UIC for target amr_v4_qt[0m
[0.118s] [  2%] Built target amr_v4_qt_autogen
[0.149s] [  4%] [34m[1mGenerating include/moc_main_gui.cpp[0m
[0.169s] [35m[1mConsolidate compiler generated dependencies of target amr_v4_qt[0m
[0.249s] [  6%] [32mBuilding CXX object CMakeFiles/amr_v4_qt.dir/src/main.cpp.o[0m
[0.251s] [  8%] [32mBuilding CXX object CMakeFiles/amr_v4_qt.dir/src/main_gui.cpp.o[0m
[0.252s] [ 10%] [32mBuilding CXX object CMakeFiles/amr_v4_qt.dir/include/moc_main_gui.cpp.o[0m
[9.150s] [01m[K/home/colin/agv_gui/src/amr_v4_qt/src/main_gui.cpp:[m[K In member function ‘[01m[Kint MainGui::getWifiSignalStrength()[m[K’:
[9.151s] [01m[K/home/colin/agv_gui/src/amr_v4_qt/src/main_gui.cpp:158:18:[m[K [01;35m[Kwarning: [m[K‘[01m[Kvoid QProcess::start(const QString&, QIODevice::OpenMode)[m[K’ is deprecated: Use QProcess::start(const QString &program, const QStringList &arguments,OpenMode mode = ReadWrite) instead [[01;35m[K]8;;https://gcc.gnu.org/onlinedocs/gcc/Warning-Options.html#index-Wdeprecated-declarations-Wdeprecated-declarations]8;;[m[K]
[9.152s]   158 |     [01;35m[Kprocess.start("iwconfig")[m[K;
[9.153s]       |     [01;35m[K~~~~~~~~~~~~~^~~~~~~~~~~~[m[K
[9.153s] In file included from [01m[K/usr/include/x86_64-linux-gnu/qt5/QtCore/QProcess:1[m[K,
[9.154s]                  from [01m[K/home/colin/agv_gui/src/amr_v4_qt/src/main_gui.cpp:5[m[K:
[9.155s] [01m[K/usr/include/x86_64-linux-gnu/qt5/QtCore/qprocess.h:168:10:[m[K [01;36m[Knote: [m[Kdeclared here
[9.155s]   168 |     void [01;36m[Kstart[m[K(const QString &command, OpenMode mode = ReadWrite);
[9.156s]       |          [01;36m[K^~~~~[m[K
[10.733s] [ 12%] [32m[1mLinking CXX executable amr_v4_qt[0m
[17.238s] /usr/bin/ld: CMakeFiles/amr_v4_qt.dir/src/main_gui.cpp.o: in function `MainGui::MainGui(std::shared_ptr<BatterySub>, std::shared_ptr<RobotSub>, std::shared_ptr<MotorSub>, std::shared_ptr<HealthSub>, std::shared_ptr<RunningSub>, QWidget*)':
[17.238s] main_gui.cpp:(.text+0x261): undefined reference to `ModeNode::ModeNode()'
[17.238s] /usr/bin/ld: CMakeFiles/amr_v4_qt.dir/src/main_gui.cpp.o: in function `MainGui::updateEstop()':
[17.238s] main_gui.cpp:(.text+0xe26): undefined reference to `ModeNode::mode_callback(bool)'
[17.376s] collect2: error: ld returned 1 exit status
[17.378s] gmake[2]: *** [CMakeFiles/amr_v4_qt.dir/build.make:839: amr_v4_qt] Error 1
[17.379s] gmake[1]: *** [CMakeFiles/Makefile2:138: CMakeFiles/amr_v4_qt.dir/all] Error 2
[17.379s] gmake: *** [Makefile:146: all] Error 2
[17.382s] Invoked command in '/home/colin/agv_gui/build/amr_v4_qt' returned '2': CMAKE_PREFIX_PATH=/opt/ros/iron /usr/bin/cmake --build /home/colin/agv_gui/build/amr_v4_qt -- -j4 -l4
