[9.672s] DEBUG:colcon:Command line arguments: ['/usr/bin/colcon', 'build']
[9.673s] DEBUG:colcon:Parsed command line arguments: Namespace(allow_overriding=[], ament_cmake_args=None, base_paths=['.'], build_base='build', catkin_cmake_args=None, catkin_skip_building_tests=False, cmake_args=None, cmake_clean_cache=False, cmake_clean_first=False, cmake_force_configure=False, cmake_target=None, cmake_target_skip_unavailable=False, continue_on_error=False, event_handlers=None, executor='parallel', ignore_user_meta=False, install_base='install', log_base=None, log_level=None, main=<bound method BuildVerb.main of <colcon_core.verb.build.BuildVerb object at 0xffff7eb84d30>>, merge_install=False, metas=['./colcon.meta'], packages_above=None, packages_above_and_dependencies=None, packages_above_depth=None, packages_end=None, packages_ignore=None, packages_ignore_regex=None, packages_select=None, packages_select_build_failed=False, packages_select_by_dep=None, packages_select_regex=None, packages_select_test_failures=False, packages_skip=None, packages_skip_build_finished=False, packages_skip_by_dep=None, packages_skip_regex=None, packages_skip_test_passed=False, packages_skip_up_to=None, packages_start=None, packages_up_to=None, packages_up_to_regex=None, parallel_workers=6, paths=None, symlink_install=False, test_result_base=None, verb_extension=<colcon_core.verb.build.BuildVerb object at 0xffff7eb84d30>, verb_name='build', verb_parser=<colcon_defaults.argument_parser.defaults.DefaultArgumentsDecorator object at 0xffff7e67bd30>)
[10.111s] Level 1:colcon.colcon_core.package_discovery:discover_packages(colcon_meta) check parameters
[10.112s] Level 1:colcon.colcon_core.package_discovery:discover_packages(recursive) check parameters
[10.112s] Level 1:colcon.colcon_core.package_discovery:discover_packages(ignore) check parameters
[10.112s] Level 1:colcon.colcon_core.package_discovery:discover_packages(path) check parameters
[10.112s] Level 1:colcon.colcon_core.package_discovery:discover_packages(colcon_meta) discover
[10.113s] Level 1:colcon.colcon_core.package_discovery:discover_packages(recursive) discover
[10.113s] INFO:colcon.colcon_core.package_discovery:Crawling recursively for packages in '/home/colin/agv_gui'
[10.113s] Level 1:colcon.colcon_core.package_identification:_identify(.) by extensions ['ignore', 'ignore_ament_install']
[10.114s] Level 1:colcon.colcon_core.package_identification:_identify(.) by extension 'ignore'
[10.114s] Level 1:colcon.colcon_core.package_identification:_identify(.) by extension 'ignore_ament_install'
[10.115s] Level 1:colcon.colcon_core.package_identification:_identify(.) by extensions ['colcon_pkg']
[10.115s] Level 1:colcon.colcon_core.package_identification:_identify(.) by extension 'colcon_pkg'
[10.115s] Level 1:colcon.colcon_core.package_identification:_identify(.) by extensions ['colcon_meta']
[10.115s] Level 1:colcon.colcon_core.package_identification:_identify(.) by extension 'colcon_meta'
[10.115s] Level 1:colcon.colcon_core.package_identification:_identify(.) by extensions ['ros']
[10.116s] Level 1:colcon.colcon_core.package_identification:_identify(.) by extension 'ros'
[10.170s] Level 1:colcon.colcon_core.package_identification:_identify(.) by extensions ['cmake', 'python']
[10.171s] Level 1:colcon.colcon_core.package_identification:_identify(.) by extension 'cmake'
[10.171s] Level 1:colcon.colcon_core.package_identification:_identify(.) by extension 'python'
[10.171s] Level 1:colcon.colcon_core.package_identification:_identify(.) by extensions ['python_setup_py']
[10.171s] Level 1:colcon.colcon_core.package_identification:_identify(.) by extension 'python_setup_py'
[10.172s] Level 1:colcon.colcon_core.package_identification:_identify(build) by extensions ['ignore', 'ignore_ament_install']
[10.172s] Level 1:colcon.colcon_core.package_identification:_identify(build) by extension 'ignore'
[10.173s] Level 1:colcon.colcon_core.package_identification:_identify(build) ignored
[10.173s] Level 1:colcon.colcon_core.package_identification:_identify(devel) by extensions ['ignore', 'ignore_ament_install']
[10.174s] Level 1:colcon.colcon_core.package_identification:_identify(devel) by extension 'ignore'
[10.174s] Level 1:colcon.colcon_core.package_identification:_identify(devel) by extension 'ignore_ament_install'
[10.174s] Level 1:colcon.colcon_core.package_identification:_identify(devel) by extensions ['colcon_pkg']
[10.174s] Level 1:colcon.colcon_core.package_identification:_identify(devel) by extension 'colcon_pkg'
[10.175s] Level 1:colcon.colcon_core.package_identification:_identify(devel) by extensions ['colcon_meta']
[10.175s] Level 1:colcon.colcon_core.package_identification:_identify(devel) by extension 'colcon_meta'
[10.175s] Level 1:colcon.colcon_core.package_identification:_identify(devel) by extensions ['ros']
[10.175s] Level 1:colcon.colcon_core.package_identification:_identify(devel) by extension 'ros'
[10.176s] Level 1:colcon.colcon_core.package_identification:_identify(devel) by extensions ['cmake', 'python']
[10.176s] Level 1:colcon.colcon_core.package_identification:_identify(devel) by extension 'cmake'
[10.176s] Level 1:colcon.colcon_core.package_identification:_identify(devel) by extension 'python'
[10.176s] Level 1:colcon.colcon_core.package_identification:_identify(devel) by extensions ['python_setup_py']
[10.176s] Level 1:colcon.colcon_core.package_identification:_identify(devel) by extension 'python_setup_py'
[10.177s] Level 1:colcon.colcon_core.package_identification:_identify(install) by extensions ['ignore', 'ignore_ament_install']
[10.177s] Level 1:colcon.colcon_core.package_identification:_identify(install) by extension 'ignore'
[10.178s] Level 1:colcon.colcon_core.package_identification:_identify(install) ignored
[10.179s] Level 1:colcon.colcon_core.package_identification:_identify(log) by extensions ['ignore', 'ignore_ament_install']
[10.179s] Level 1:colcon.colcon_core.package_identification:_identify(log) by extension 'ignore'
[10.179s] Level 1:colcon.colcon_core.package_identification:_identify(log) ignored
[10.180s] Level 1:colcon.colcon_core.package_identification:_identify(logs) by extensions ['ignore', 'ignore_ament_install']
[10.180s] Level 1:colcon.colcon_core.package_identification:_identify(logs) by extension 'ignore'
[10.180s] Level 1:colcon.colcon_core.package_identification:_identify(logs) by extension 'ignore_ament_install'
[10.181s] Level 1:colcon.colcon_core.package_identification:_identify(logs) by extensions ['colcon_pkg']
[10.181s] Level 1:colcon.colcon_core.package_identification:_identify(logs) by extension 'colcon_pkg'
[10.181s] Level 1:colcon.colcon_core.package_identification:_identify(logs) by extensions ['colcon_meta']
[10.181s] Level 1:colcon.colcon_core.package_identification:_identify(logs) by extension 'colcon_meta'
[10.181s] Level 1:colcon.colcon_core.package_identification:_identify(logs) by extensions ['ros']
[10.181s] Level 1:colcon.colcon_core.package_identification:_identify(logs) by extension 'ros'
[10.182s] Level 1:colcon.colcon_core.package_identification:_identify(logs) by extensions ['cmake', 'python']
[10.182s] Level 1:colcon.colcon_core.package_identification:_identify(logs) by extension 'cmake'
[10.182s] Level 1:colcon.colcon_core.package_identification:_identify(logs) by extension 'python'
[10.182s] Level 1:colcon.colcon_core.package_identification:_identify(logs) by extensions ['python_setup_py']
[10.183s] Level 1:colcon.colcon_core.package_identification:_identify(logs) by extension 'python_setup_py'
[10.183s] Level 1:colcon.colcon_core.package_identification:_identify(src) by extensions ['ignore', 'ignore_ament_install']
[10.184s] Level 1:colcon.colcon_core.package_identification:_identify(src) by extension 'ignore'
[10.184s] Level 1:colcon.colcon_core.package_identification:_identify(src) by extension 'ignore_ament_install'
[10.184s] Level 1:colcon.colcon_core.package_identification:_identify(src) by extensions ['colcon_pkg']
[10.184s] Level 1:colcon.colcon_core.package_identification:_identify(src) by extension 'colcon_pkg'
[10.184s] Level 1:colcon.colcon_core.package_identification:_identify(src) by extensions ['colcon_meta']
[10.185s] Level 1:colcon.colcon_core.package_identification:_identify(src) by extension 'colcon_meta'
[10.185s] Level 1:colcon.colcon_core.package_identification:_identify(src) by extensions ['ros']
[10.185s] Level 1:colcon.colcon_core.package_identification:_identify(src) by extension 'ros'
[10.185s] Level 1:colcon.colcon_core.package_identification:_identify(src) by extensions ['cmake', 'python']
[10.186s] Level 1:colcon.colcon_core.package_identification:_identify(src) by extension 'cmake'
[10.186s] Level 1:colcon.colcon_core.package_identification:_identify(src) by extension 'python'
[10.186s] Level 1:colcon.colcon_core.package_identification:_identify(src) by extensions ['python_setup_py']
[10.186s] Level 1:colcon.colcon_core.package_identification:_identify(src) by extension 'python_setup_py'
[10.187s] Level 1:colcon.colcon_core.package_identification:_identify(src/agv_gui) by extensions ['ignore', 'ignore_ament_install']
[10.187s] Level 1:colcon.colcon_core.package_identification:_identify(src/agv_gui) by extension 'ignore'
[10.187s] Level 1:colcon.colcon_core.package_identification:_identify(src/agv_gui) by extension 'ignore_ament_install'
[10.188s] Level 1:colcon.colcon_core.package_identification:_identify(src/agv_gui) by extensions ['colcon_pkg']
[10.188s] Level 1:colcon.colcon_core.package_identification:_identify(src/agv_gui) by extension 'colcon_pkg'
[10.188s] Level 1:colcon.colcon_core.package_identification:_identify(src/agv_gui) by extensions ['colcon_meta']
[10.188s] Level 1:colcon.colcon_core.package_identification:_identify(src/agv_gui) by extension 'colcon_meta'
[10.188s] Level 1:colcon.colcon_core.package_identification:_identify(src/agv_gui) by extensions ['ros']
[10.189s] Level 1:colcon.colcon_core.package_identification:_identify(src/agv_gui) by extension 'ros'
[10.202s] DEBUG:colcon.colcon_core.package_identification:Package 'src/agv_gui' with type 'ros.ament_cmake' and name 'agv_gui'
[10.202s] Level 1:colcon.colcon_core.package_discovery:discover_packages(recursive) using defaults
[10.202s] Level 1:colcon.colcon_core.package_discovery:discover_packages(ignore) discover
[10.203s] Level 1:colcon.colcon_core.package_discovery:discover_packages(ignore) using defaults
[10.203s] Level 1:colcon.colcon_core.package_discovery:discover_packages(path) discover
[10.203s] Level 1:colcon.colcon_core.package_discovery:discover_packages(path) using defaults
[11.061s] Level 1:colcon.colcon_core.package_discovery:discover_packages(prefix_path) check parameters
[11.061s] Level 1:colcon.colcon_core.package_discovery:discover_packages(prefix_path) discover
[11.379s] DEBUG:colcon.colcon_installed_package_information.package_discovery:Found 1 installed packages in /home/colin/agv_gui/install
[11.546s] DEBUG:colcon.colcon_installed_package_information.package_discovery:Found 268 installed packages in /opt/ros/galactic
[11.554s] Level 1:colcon.colcon_core.package_discovery:discover_packages(prefix_path) using defaults
[12.297s] Level 5:colcon.colcon_core.verb:set package 'agv_gui' build argument 'cmake_args' from command line to 'None'
[12.297s] Level 5:colcon.colcon_core.verb:set package 'agv_gui' build argument 'cmake_target' from command line to 'None'
[12.297s] Level 5:colcon.colcon_core.verb:set package 'agv_gui' build argument 'cmake_target_skip_unavailable' from command line to 'False'
[12.298s] Level 5:colcon.colcon_core.verb:set package 'agv_gui' build argument 'cmake_clean_cache' from command line to 'False'
[12.298s] Level 5:colcon.colcon_core.verb:set package 'agv_gui' build argument 'cmake_clean_first' from command line to 'False'
[12.298s] Level 5:colcon.colcon_core.verb:set package 'agv_gui' build argument 'cmake_force_configure' from command line to 'False'
[12.298s] Level 5:colcon.colcon_core.verb:set package 'agv_gui' build argument 'ament_cmake_args' from command line to 'None'
[12.298s] Level 5:colcon.colcon_core.verb:set package 'agv_gui' build argument 'catkin_cmake_args' from command line to 'None'
[12.298s] Level 5:colcon.colcon_core.verb:set package 'agv_gui' build argument 'catkin_skip_building_tests' from command line to 'False'
[12.299s] DEBUG:colcon.colcon_core.verb:Building package 'agv_gui' with the following arguments: {'ament_cmake_args': None, 'build_base': '/home/colin/agv_gui/build/agv_gui', 'catkin_cmake_args': None, 'catkin_skip_building_tests': False, 'cmake_args': None, 'cmake_clean_cache': False, 'cmake_clean_first': False, 'cmake_force_configure': False, 'cmake_target': None, 'cmake_target_skip_unavailable': False, 'install_base': '/home/colin/agv_gui/install/agv_gui', 'merge_install': False, 'path': '/home/colin/agv_gui/src/agv_gui', 'symlink_install': False, 'test_result_base': None}
[12.456s] INFO:colcon.colcon_core.executor:Executing jobs using 'parallel' executor
[12.618s] DEBUG:colcon.colcon_parallel_executor.executor.parallel:run_until_complete
[12.619s] INFO:colcon.colcon_ros.task.ament_cmake.build:Building ROS package in '/home/colin/agv_gui/src/agv_gui' with build type 'ament_cmake'
[12.620s] INFO:colcon.colcon_cmake.task.cmake.build:Building CMake package in '/home/colin/agv_gui/src/agv_gui'
[12.794s] INFO:colcon.colcon_core.plugin_system:Skipping extension 'colcon_core.shell.bat': Not used on non-Windows systems
[12.795s] INFO:colcon.colcon_core.shell:Skip shell extension 'powershell' for command environment: Not usable outside of PowerShell
[12.796s] DEBUG:colcon.colcon_core.shell:Skip shell extension 'dsv' for command environment
[13.363s] DEBUG:colcon.colcon_core.event_handler.log_command:Invoking command in '/home/colin/agv_gui/build/agv_gui': CMAKE_PREFIX_PATH=${CMAKE_PREFIX_PATH}:/opt/ros/galactic /usr/bin/cmake --build /home/colin/agv_gui/build/agv_gui -- -j6 -l6
[15.841s] DEBUG:colcon.colcon_core.event_handler.log_command:Invoked command in '/home/colin/agv_gui/build/agv_gui' returned '2': CMAKE_PREFIX_PATH=${CMAKE_PREFIX_PATH}:/opt/ros/galactic /usr/bin/cmake --build /home/colin/agv_gui/build/agv_gui -- -j6 -l6
[16.220s] Level 1:colcon.colcon_core.environment:create_environment_scripts_only(agv_gui)
[16.402s] Level 1:colcon.colcon_core.environment:checking '/home/colin/agv_gui/install/agv_gui' for CMake module files
[16.405s] Level 1:colcon.colcon_core.environment:checking '/home/colin/agv_gui/install/agv_gui' for CMake config files
[16.406s] Level 1:colcon.colcon_core.shell:create_environment_hook('agv_gui', 'cmake_prefix_path')
[16.573s] INFO:colcon.colcon_core.shell:Creating environment hook '/home/colin/agv_gui/install/agv_gui/share/agv_gui/hook/cmake_prefix_path.ps1'
[16.577s] INFO:colcon.colcon_core.shell:Creating environment descriptor '/home/colin/agv_gui/install/agv_gui/share/agv_gui/hook/cmake_prefix_path.dsv'
[16.579s] INFO:colcon.colcon_core.shell:Creating environment hook '/home/colin/agv_gui/install/agv_gui/share/agv_gui/hook/cmake_prefix_path.sh'
[16.584s] Level 1:colcon.colcon_core.environment:checking '/home/colin/agv_gui/install/agv_gui/lib'
[16.585s] Level 1:colcon.colcon_core.environment:checking '/home/colin/agv_gui/install/agv_gui/bin'
[16.585s] Level 1:colcon.colcon_core.environment:checking '/home/colin/agv_gui/install/agv_gui/lib/pkgconfig/agv_gui.pc'
[16.587s] Level 1:colcon.colcon_core.environment:checking '/home/colin/agv_gui/install/agv_gui/lib/python3.8/site-packages'
[16.587s] Level 1:colcon.colcon_core.environment:checking '/home/colin/agv_gui/install/agv_gui/bin'
[16.754s] INFO:colcon.colcon_core.shell:Creating package script '/home/colin/agv_gui/install/agv_gui/share/agv_gui/package.ps1'
[16.758s] INFO:colcon.colcon_core.shell:Creating package descriptor '/home/colin/agv_gui/install/agv_gui/share/agv_gui/package.dsv'
[16.761s] INFO:colcon.colcon_core.shell:Creating package script '/home/colin/agv_gui/install/agv_gui/share/agv_gui/package.sh'
[16.765s] INFO:colcon.colcon_core.shell:Creating package script '/home/colin/agv_gui/install/agv_gui/share/agv_gui/package.bash'
[16.769s] INFO:colcon.colcon_core.shell:Creating package script '/home/colin/agv_gui/install/agv_gui/share/agv_gui/package.zsh'
[16.772s] Level 1:colcon.colcon_core.environment:create_file_with_runtime_dependencies(/home/colin/agv_gui/install/agv_gui/share/colcon-core/packages/agv_gui)
[16.785s] DEBUG:colcon.colcon_parallel_executor.executor.parallel:closing loop
[16.786s] DEBUG:colcon.colcon_parallel_executor.executor.parallel:loop closed
[16.787s] DEBUG:colcon.colcon_parallel_executor.executor.parallel:run_until_complete finished with '2'
[16.787s] DEBUG:colcon.colcon_core.event_reactor:joining thread
[16.982s] INFO:colcon.colcon_core.plugin_system:Skipping extension 'colcon_notification.desktop_notification.terminal_notifier': Not used on non-Darwin systems
[16.982s] INFO:colcon.colcon_core.plugin_system:Skipping extension 'colcon_notification.desktop_notification.win32': Not used on non-Windows systems
[16.982s] INFO:colcon.colcon_notification.desktop_notification:Sending desktop notification using 'notify2'
[17.079s] DEBUG:colcon.colcon_core.event_reactor:joined thread
[17.255s] INFO:colcon.colcon_core.shell:Creating prefix script '/home/colin/agv_gui/install/local_setup.ps1'
[17.259s] INFO:colcon.colcon_core.shell:Creating prefix util module '/home/colin/agv_gui/install/_local_setup_util_ps1.py'
[17.265s] INFO:colcon.colcon_core.shell:Creating prefix chain script '/home/colin/agv_gui/install/setup.ps1'
[17.435s] INFO:colcon.colcon_core.shell:Creating prefix script '/home/colin/agv_gui/install/local_setup.sh'
[17.438s] INFO:colcon.colcon_core.shell:Creating prefix util module '/home/colin/agv_gui/install/_local_setup_util_sh.py'
[17.441s] INFO:colcon.colcon_core.shell:Creating prefix chain script '/home/colin/agv_gui/install/setup.sh'
[17.606s] INFO:colcon.colcon_core.shell:Creating prefix script '/home/colin/agv_gui/install/local_setup.bash'
[17.609s] INFO:colcon.colcon_core.shell:Creating prefix chain script '/home/colin/agv_gui/install/setup.bash'
[17.778s] INFO:colcon.colcon_core.shell:Creating prefix script '/home/colin/agv_gui/install/local_setup.zsh'
[17.780s] INFO:colcon.colcon_core.shell:Creating prefix chain script '/home/colin/agv_gui/install/setup.zsh'
