[1.085s] Invoking command in '/home/colin/agv_gui/build/amr_v4_msgs_srvs': CMAKE_PREFIX_PATH=${CMAKE_PREFIX_PATH}:/opt/ros/galactic /usr/bin/cmake /home/colin/agv_gui/amr_v4_msgs_srvs -DCMAKE_INSTALL_PREFIX=/home/colin/agv_gui/install/amr_v4_msgs_srvs
[1.687s] -- The C compiler identification is GNU 9.4.0
[2.156s] -- The CXX compiler identification is GNU 9.4.0
[2.193s] -- Check for working C compiler: /usr/bin/cc
[2.877s] -- Check for working C compiler: /usr/bin/cc -- works
[2.885s] -- Detecting C compiler ABI info
[3.357s] -- Detecting C compiler ABI info - done
[3.447s] -- Detecting C compile features
[3.449s] -- Detecting C compile features - done
[3.657s] -- Check for working CXX compiler: /usr/bin/c++
[4.225s] -- Check for working CXX compiler: /usr/bin/c++ -- works
[4.231s] -- Detecting CXX compiler ABI info
[4.913s] -- Detecting CXX compiler ABI info - done
[5.007s] -- Detecting CXX compile features
[5.009s] -- Detecting CXX compile features - done
[5.023s] -- Found ament_cmake: 1.1.6 (/opt/ros/galactic/share/ament_cmake/cmake)
[5.189s] -- Found PythonInterp: /usr/bin/python3 (found suitable version "3.8.10", minimum required is "3") 
[5.190s] -- Using PYTHON_EXECUTABLE: /usr/bin/python3
[5.804s] -- Found rosidl_default_generators: 1.1.1 (/opt/ros/galactic/share/rosidl_default_generators/cmake)
[5.828s] -- Using all available rosidl_typesupport_c: rosidl_typesupport_fastrtps_c;rosidl_typesupport_introspection_c
[5.863s] -- Found rosidl_adapter: 2.2.3 (/opt/ros/galactic/share/rosidl_adapter/cmake)
[6.636s] -- Found OpenSSL: /usr/lib/aarch64-linux-gnu/libcrypto.so (found version "1.1.1f")  
[6.795s] -- Found FastRTPS: /opt/ros/galactic/include  
[7.212s] -- Using all available rosidl_typesupport_cpp: rosidl_typesupport_fastrtps_cpp;rosidl_typesupport_introspection_cpp
[7.366s] -- Found rclcpp: 9.2.2 (/opt/ros/galactic/share/rclcpp/cmake)
[7.887s] -- Found rmw_implementation_cmake: 3.3.1 (/opt/ros/galactic/share/rmw_implementation_cmake/cmake)
[7.898s] -- Found rmw_cyclonedds_cpp: 0.22.6 (/opt/ros/galactic/share/rmw_cyclonedds_cpp/cmake)
[8.000s] -- Using RMW implementation 'rmw_cyclonedds_cpp' as default
[8.005s] -- Looking for pthread.h
[8.707s] -- Looking for pthread.h - found
[8.715s] -- Performing Test CMAKE_HAVE_LIBC_PTHREAD
[9.231s] -- Performing Test CMAKE_HAVE_LIBC_PTHREAD - Failed
[9.235s] -- Looking for pthread_create in pthreads
[9.832s] -- Looking for pthread_create in pthreads - not found
[9.838s] -- Looking for pthread_create in pthread
[10.343s] -- Looking for pthread_create in pthread - found
[10.353s] -- Found Threads: TRUE  
[11.797s] -- Found PythonInterp: /usr/bin/python3 (found version "3.8.10") 
[12.992s] -- Found ament_cmake_ros: 0.9.2 (/opt/ros/galactic/share/ament_cmake_ros/cmake)
[13.799s] -- Using all available rosidl_typesupport_c: rosidl_typesupport_fastrtps_c;rosidl_typesupport_introspection_c
[13.852s] -- Using all available rosidl_typesupport_cpp: rosidl_typesupport_fastrtps_cpp;rosidl_typesupport_introspection_cpp
[14.010s] -- Found PythonInterp: /usr/bin/python3 (found suitable version "3.8.10", minimum required is "3.5") 
[14.020s] -- Found python_cmake_module: 0.8.1 (/opt/ros/galactic/share/python_cmake_module/cmake)
[14.186s] -- Found PythonLibs: /usr/lib/aarch64-linux-gnu/libpython3.8.so (found suitable version "3.8.10", minimum required is "3.5") 
[14.187s] -- Using PYTHON_EXECUTABLE: /usr/bin/python3
[14.187s] -- Using PYTHON_INCLUDE_DIRS: /usr/include/python3.8
[14.188s] -- Using PYTHON_LIBRARIES: /usr/lib/aarch64-linux-gnu/libpython3.8.so
[14.321s] -- Found PythonExtra: .so  
[14.866s] -- Found ament_lint_auto: 0.10.7 (/opt/ros/galactic/share/ament_lint_auto/cmake)
[14.993s] -- Added test 'copyright' to check source files copyright and LICENSE
[15.010s] -- Added test 'lint_cmake' to check CMake code style
[15.021s] -- Added test 'xmllint' to check XML markup files
[15.068s] -- Configuring done
[15.358s] -- Generating done
[15.379s] -- Build files have been written to: /home/colin/agv_gui/build/amr_v4_msgs_srvs
[15.442s] Invoked command in '/home/colin/agv_gui/build/amr_v4_msgs_srvs' returned '0': CMAKE_PREFIX_PATH=${CMAKE_PREFIX_PATH}:/opt/ros/galactic /usr/bin/cmake /home/colin/agv_gui/amr_v4_msgs_srvs -DCMAKE_INSTALL_PREFIX=/home/colin/agv_gui/install/amr_v4_msgs_srvs
[15.454s] Invoking command in '/home/colin/agv_gui/build/amr_v4_msgs_srvs': CMAKE_PREFIX_PATH=${CMAKE_PREFIX_PATH}:/opt/ros/galactic /usr/bin/cmake --build /home/colin/agv_gui/build/amr_v4_msgs_srvs -- -j6 -l6
[15.950s] [35m[1mScanning dependencies of target amr_v4_msgs_srvs__cpp[0m
[16.011s] [  1%] [34m[1mGenerating C++ code for ROS interfaces[0m
[19.104s] [  1%] Built target amr_v4_msgs_srvs__cpp
[19.169s] [  5%] [34m[1mGenerating C code for ROS interfaces[0m
[19.170s] [  5%] [34m[1mGenerating C++ introspection for ROS interfaces[0m
[22.149s] [35m[1mScanning dependencies of target amr_v4_msgs_srvs__rosidl_typesupport_introspection_cpp[0m
[22.262s] [  7%] [32mBuilding CXX object CMakeFiles/amr_v4_msgs_srvs__rosidl_typesupport_introspection_cpp.dir/rosidl_typesupport_introspection_cpp/amr_v4_msgs_srvs/msg/detail/motor__type_support.cpp.o[0m
[22.270s] [  9%] [32mBuilding CXX object CMakeFiles/amr_v4_msgs_srvs__rosidl_typesupport_introspection_cpp.dir/rosidl_typesupport_introspection_cpp/amr_v4_msgs_srvs/msg/detail/robot__type_support.cpp.o[0m
[23.979s] [35m[1mScanning dependencies of target amr_v4_msgs_srvs__rosidl_generator_c[0m
[24.101s] [ 10%] [32mBuilding C object CMakeFiles/amr_v4_msgs_srvs__rosidl_generator_c.dir/rosidl_generator_c/amr_v4_msgs_srvs/msg/detail/motor__functions.c.o[0m
[24.499s] [ 12%] [32mBuilding C object CMakeFiles/amr_v4_msgs_srvs__rosidl_generator_c.dir/rosidl_generator_c/amr_v4_msgs_srvs/msg/detail/robot__functions.c.o[0m
[25.191s] [ 14%] [32mBuilding C object CMakeFiles/amr_v4_msgs_srvs__rosidl_generator_c.dir/rosidl_generator_c/amr_v4_msgs_srvs/msg/detail/pin__functions.c.o[0m
[25.220s] [ 16%] [32mBuilding CXX object CMakeFiles/amr_v4_msgs_srvs__rosidl_typesupport_introspection_cpp.dir/rosidl_typesupport_introspection_cpp/amr_v4_msgs_srvs/srv/detail/testserv__type_support.cpp.o[0m
[25.712s] [ 18%] [32mBuilding C object CMakeFiles/amr_v4_msgs_srvs__rosidl_generator_c.dir/rosidl_generator_c/amr_v4_msgs_srvs/srv/detail/testserv__functions.c.o[0m
[26.150s] [ 20%] [32m[1mLinking C shared library libamr_v4_msgs_srvs__rosidl_generator_c.so[0m
[26.372s] [ 20%] Built target amr_v4_msgs_srvs__rosidl_generator_c
[27.732s] [ 21%] [32mBuilding CXX object CMakeFiles/amr_v4_msgs_srvs__rosidl_typesupport_introspection_cpp.dir/rosidl_typesupport_introspection_cpp/amr_v4_msgs_srvs/msg/detail/pin__type_support.cpp.o[0m
[29.969s] [ 23%] [32m[1mLinking CXX shared library libamr_v4_msgs_srvs__rosidl_typesupport_introspection_cpp.so[0m
[30.309s] [ 23%] Built target amr_v4_msgs_srvs__rosidl_typesupport_introspection_cpp
[30.383s] [ 25%] [34m[1mGenerating C type support dispatch for ROS interfaces[0m
[32.435s] [35m[1mScanning dependencies of target amr_v4_msgs_srvs__rosidl_typesupport_c[0m
[32.746s] [ 27%] [32mBuilding CXX object CMakeFiles/amr_v4_msgs_srvs__rosidl_typesupport_c.dir/rosidl_typesupport_c/amr_v4_msgs_srvs/msg/motor__type_support.cpp.o[0m
[33.038s] [ 29%] [32mBuilding CXX object CMakeFiles/amr_v4_msgs_srvs__rosidl_typesupport_c.dir/rosidl_typesupport_c/amr_v4_msgs_srvs/msg/pin__type_support.cpp.o[0m
[33.265s] [ 30%] [32mBuilding CXX object CMakeFiles/amr_v4_msgs_srvs__rosidl_typesupport_c.dir/rosidl_typesupport_c/amr_v4_msgs_srvs/srv/testserv__type_support.cpp.o[0m
[33.695s] [ 32%] [32mBuilding CXX object CMakeFiles/amr_v4_msgs_srvs__rosidl_typesupport_c.dir/rosidl_typesupport_c/amr_v4_msgs_srvs/msg/robot__type_support.cpp.o[0m
[33.984s] [ 34%] [32m[1mLinking CXX shared library libamr_v4_msgs_srvs__rosidl_typesupport_c.so[0m
[34.214s] [ 34%] Built target amr_v4_msgs_srvs__rosidl_typesupport_c
[34.277s] [ 36%] [34m[1mGenerating C introspection for ROS interfaces[0m
[36.897s] [35m[1mScanning dependencies of target amr_v4_msgs_srvs__rosidl_typesupport_introspection_c[0m
[36.998s] [ 38%] [32mBuilding C object CMakeFiles/amr_v4_msgs_srvs__rosidl_typesupport_introspection_c.dir/rosidl_typesupport_introspection_c/amr_v4_msgs_srvs/msg/detail/motor__type_support.c.o[0m
[37.256s] [ 40%] [32mBuilding C object CMakeFiles/amr_v4_msgs_srvs__rosidl_typesupport_introspection_c.dir/rosidl_typesupport_introspection_c/amr_v4_msgs_srvs/srv/detail/testserv__type_support.c.o[0m
[37.683s] [ 41%] [32mBuilding C object CMakeFiles/amr_v4_msgs_srvs__rosidl_typesupport_introspection_c.dir/rosidl_typesupport_introspection_c/amr_v4_msgs_srvs/msg/detail/pin__type_support.c.o[0m
[37.942s] [ 43%] [32mBuilding C object CMakeFiles/amr_v4_msgs_srvs__rosidl_typesupport_introspection_c.dir/rosidl_typesupport_introspection_c/amr_v4_msgs_srvs/msg/detail/robot__type_support.c.o[0m
[38.183s] [ 45%] [32m[1mLinking C shared library libamr_v4_msgs_srvs__rosidl_typesupport_introspection_c.so[0m
[38.368s] [ 45%] Built target amr_v4_msgs_srvs__rosidl_typesupport_introspection_c
[38.431s] [ 47%] [34m[1mGenerating C++ type support dispatch for ROS interfaces[0m
[40.779s] [35m[1mScanning dependencies of target amr_v4_msgs_srvs__rosidl_typesupport_cpp[0m
[40.880s] [ 49%] [32mBuilding CXX object CMakeFiles/amr_v4_msgs_srvs__rosidl_typesupport_cpp.dir/rosidl_typesupport_cpp/amr_v4_msgs_srvs/msg/motor__type_support.cpp.o[0m
[43.074s] [ 50%] [32mBuilding CXX object CMakeFiles/amr_v4_msgs_srvs__rosidl_typesupport_cpp.dir/rosidl_typesupport_cpp/amr_v4_msgs_srvs/srv/testserv__type_support.cpp.o[0m
[45.257s] [ 52%] [32mBuilding CXX object CMakeFiles/amr_v4_msgs_srvs__rosidl_typesupport_cpp.dir/rosidl_typesupport_cpp/amr_v4_msgs_srvs/msg/pin__type_support.cpp.o[0m
[47.371s] [ 54%] [32mBuilding CXX object CMakeFiles/amr_v4_msgs_srvs__rosidl_typesupport_cpp.dir/rosidl_typesupport_cpp/amr_v4_msgs_srvs/msg/robot__type_support.cpp.o[0m
[49.512s] [ 56%] [32m[1mLinking CXX shared library libamr_v4_msgs_srvs__rosidl_typesupport_cpp.so[0m
[49.911s] [ 56%] Built target amr_v4_msgs_srvs__rosidl_typesupport_cpp
[49.971s] [ 58%] [34m[1mGenerating C++ type support for eProsima Fast-RTPS[0m
[53.211s] [35m[1mScanning dependencies of target amr_v4_msgs_srvs__rosidl_typesupport_fastrtps_cpp[0m
[53.368s] [ 60%] [32mBuilding CXX object CMakeFiles/amr_v4_msgs_srvs__rosidl_typesupport_fastrtps_cpp.dir/rosidl_typesupport_fastrtps_cpp/amr_v4_msgs_srvs/msg/detail/dds_fastrtps/motor__type_support.cpp.o[0m
[56.756s] [ 61%] [32mBuilding CXX object CMakeFiles/amr_v4_msgs_srvs__rosidl_typesupport_fastrtps_cpp.dir/rosidl_typesupport_fastrtps_cpp/amr_v4_msgs_srvs/srv/detail/dds_fastrtps/testserv__type_support.cpp.o[0m
[59.884s] [ 63%] [32mBuilding CXX object CMakeFiles/amr_v4_msgs_srvs__rosidl_typesupport_fastrtps_cpp.dir/rosidl_typesupport_fastrtps_cpp/amr_v4_msgs_srvs/msg/detail/dds_fastrtps/pin__type_support.cpp.o[0m
[62.960s] [ 65%] [32mBuilding CXX object CMakeFiles/amr_v4_msgs_srvs__rosidl_typesupport_fastrtps_cpp.dir/rosidl_typesupport_fastrtps_cpp/amr_v4_msgs_srvs/msg/detail/dds_fastrtps/robot__type_support.cpp.o[0m
[66.156s] [ 67%] [32m[1mLinking CXX shared library libamr_v4_msgs_srvs__rosidl_typesupport_fastrtps_cpp.so[0m
[66.778s] [ 67%] Built target amr_v4_msgs_srvs__rosidl_typesupport_fastrtps_cpp
[66.843s] [ 69%] [34m[1mGenerating C type support for eProsima Fast-RTPS[0m
[69.767s] [35m[1mScanning dependencies of target amr_v4_msgs_srvs__rosidl_typesupport_fastrtps_c[0m
[69.917s] [ 70%] [32mBuilding CXX object CMakeFiles/amr_v4_msgs_srvs__rosidl_typesupport_fastrtps_c.dir/rosidl_typesupport_fastrtps_c/amr_v4_msgs_srvs/msg/detail/motor__type_support_c.cpp.o[0m
[72.911s] [ 72%] [32mBuilding CXX object CMakeFiles/amr_v4_msgs_srvs__rosidl_typesupport_fastrtps_c.dir/rosidl_typesupport_fastrtps_c/amr_v4_msgs_srvs/srv/detail/testserv__type_support_c.cpp.o[0m
[75.756s] [ 74%] [32mBuilding CXX object CMakeFiles/amr_v4_msgs_srvs__rosidl_typesupport_fastrtps_c.dir/rosidl_typesupport_fastrtps_c/amr_v4_msgs_srvs/msg/detail/pin__type_support_c.cpp.o[0m
[78.428s] [ 76%] [32mBuilding CXX object CMakeFiles/amr_v4_msgs_srvs__rosidl_typesupport_fastrtps_c.dir/rosidl_typesupport_fastrtps_c/amr_v4_msgs_srvs/msg/detail/robot__type_support_c.cpp.o[0m
[81.262s] [ 78%] [32m[1mLinking CXX shared library libamr_v4_msgs_srvs__rosidl_typesupport_fastrtps_c.so[0m
[81.943s] [ 78%] Built target amr_v4_msgs_srvs__rosidl_typesupport_fastrtps_c
[82.012s] [35m[1mScanning dependencies of target amr_v4_msgs_srvs[0m
[82.070s] [ 78%] Built target amr_v4_msgs_srvs
[82.134s] [35m[1mScanning dependencies of target amr_v4_msgs_srvs__py[0m
[82.195s] [ 80%] [34m[1mGenerating Python code for ROS interfaces[0m
[88.072s] [ 80%] Built target amr_v4_msgs_srvs__py
[88.148s] [35m[1mScanning dependencies of target amr_v4_msgs_srvs__python[0m
[88.382s] [ 81%] [32mBuilding C object CMakeFiles/amr_v4_msgs_srvs__python.dir/rosidl_generator_py/amr_v4_msgs_srvs/msg/_motor_s.c.o[0m
[89.355s] [ 83%] [32mBuilding C object CMakeFiles/amr_v4_msgs_srvs__python.dir/rosidl_generator_py/amr_v4_msgs_srvs/srv/_testserv_s.c.o[0m
[90.215s] [ 85%] [32mBuilding C object CMakeFiles/amr_v4_msgs_srvs__python.dir/rosidl_generator_py/amr_v4_msgs_srvs/msg/_pin_s.c.o[0m
[91.061s] [ 87%] [32mBuilding C object CMakeFiles/amr_v4_msgs_srvs__python.dir/rosidl_generator_py/amr_v4_msgs_srvs/msg/_robot_s.c.o[0m
[91.892s] [ 89%] [32m[1mLinking C shared library rosidl_generator_py/amr_v4_msgs_srvs/libamr_v4_msgs_srvs__python.so[0m
[92.143s] [ 89%] Built target amr_v4_msgs_srvs__python
[92.208s] [35m[1mScanning dependencies of target amr_v4_msgs_srvs__rosidl_typesupport_introspection_c__pyext[0m
[92.334s] [ 90%] [32mBuilding C object CMakeFiles/amr_v4_msgs_srvs__rosidl_typesupport_introspection_c__pyext.dir/rosidl_generator_py/amr_v4_msgs_srvs/_amr_v4_msgs_srvs_s.ep.rosidl_typesupport_introspection_c.c.o[0m
[93.233s] [ 92%] [32m[1mLinking C shared library rosidl_generator_py/amr_v4_msgs_srvs/amr_v4_msgs_srvs_s__rosidl_typesupport_introspection_c.cpython-38-aarch64-linux-gnu.so[0m
[93.447s] [ 92%] Built target amr_v4_msgs_srvs__rosidl_typesupport_introspection_c__pyext
[93.613s] [35m[1mScanning dependencies of target amr_v4_msgs_srvs__rosidl_typesupport_c__pyext[0m
[93.839s] [ 94%] [32mBuilding C object CMakeFiles/amr_v4_msgs_srvs__rosidl_typesupport_c__pyext.dir/rosidl_generator_py/amr_v4_msgs_srvs/_amr_v4_msgs_srvs_s.ep.rosidl_typesupport_c.c.o[0m
[94.495s] [ 96%] [32m[1mLinking C shared library rosidl_generator_py/amr_v4_msgs_srvs/amr_v4_msgs_srvs_s__rosidl_typesupport_c.cpython-38-aarch64-linux-gnu.so[0m
[94.914s] [ 96%] Built target amr_v4_msgs_srvs__rosidl_typesupport_c__pyext
[94.990s] [35m[1mScanning dependencies of target amr_v4_msgs_srvs__rosidl_typesupport_fastrtps_c__pyext[0m
[95.123s] [ 98%] [32mBuilding C object CMakeFiles/amr_v4_msgs_srvs__rosidl_typesupport_fastrtps_c__pyext.dir/rosidl_generator_py/amr_v4_msgs_srvs/_amr_v4_msgs_srvs_s.ep.rosidl_typesupport_fastrtps_c.c.o[0m
[96.007s] [100%] [32m[1mLinking CXX shared library rosidl_generator_py/amr_v4_msgs_srvs/amr_v4_msgs_srvs_s__rosidl_typesupport_fastrtps_c.cpython-38-aarch64-linux-gnu.so[0m
[96.363s] [100%] Built target amr_v4_msgs_srvs__rosidl_typesupport_fastrtps_c__pyext
[96.434s] Invoked command in '/home/colin/agv_gui/build/amr_v4_msgs_srvs' returned '0': CMAKE_PREFIX_PATH=${CMAKE_PREFIX_PATH}:/opt/ros/galactic /usr/bin/cmake --build /home/colin/agv_gui/build/amr_v4_msgs_srvs -- -j6 -l6
[97.399s] Invoking command in '/home/colin/agv_gui/build/amr_v4_msgs_srvs': CMAKE_PREFIX_PATH=${CMAKE_PREFIX_PATH}:/opt/ros/galactic /usr/bin/cmake --install /home/colin/agv_gui/build/amr_v4_msgs_srvs
[97.451s] -- Install configuration: ""
[97.458s] -- Installing: /home/colin/agv_gui/install/amr_v4_msgs_srvs/share/ament_index/resource_index/rosidl_interfaces/amr_v4_msgs_srvs
[97.463s] -- Installing: /home/colin/agv_gui/install/amr_v4_msgs_srvs/include/amr_v4_msgs_srvs
[97.466s] -- Installing: /home/colin/agv_gui/install/amr_v4_msgs_srvs/include/amr_v4_msgs_srvs/msg
[97.468s] -- Installing: /home/colin/agv_gui/install/amr_v4_msgs_srvs/include/amr_v4_msgs_srvs/msg/detail
[97.470s] -- Installing: /home/colin/agv_gui/install/amr_v4_msgs_srvs/include/amr_v4_msgs_srvs/msg/detail/robot__functions.h
[97.471s] -- Installing: /home/colin/agv_gui/install/amr_v4_msgs_srvs/include/amr_v4_msgs_srvs/msg/detail/pin__struct.h
[97.472s] -- Installing: /home/colin/agv_gui/install/amr_v4_msgs_srvs/include/amr_v4_msgs_srvs/msg/detail/motor__struct.h
[97.473s] -- Installing: /home/colin/agv_gui/install/amr_v4_msgs_srvs/include/amr_v4_msgs_srvs/msg/detail/motor__functions.h
[97.473s] -- Installing: /home/colin/agv_gui/install/amr_v4_msgs_srvs/include/amr_v4_msgs_srvs/msg/detail/pin__functions.c
[97.474s] -- Installing: /home/colin/agv_gui/install/amr_v4_msgs_srvs/include/amr_v4_msgs_srvs/msg/detail/motor__functions.c
[97.475s] -- Installing: /home/colin/agv_gui/install/amr_v4_msgs_srvs/include/amr_v4_msgs_srvs/msg/detail/robot__struct.h
[97.475s] -- Installing: /home/colin/agv_gui/install/amr_v4_msgs_srvs/include/amr_v4_msgs_srvs/msg/detail/motor__type_support.h
[97.476s] -- Installing: /home/colin/agv_gui/install/amr_v4_msgs_srvs/include/amr_v4_msgs_srvs/msg/detail/robot__functions.c
[97.476s] -- Installing: /home/colin/agv_gui/install/amr_v4_msgs_srvs/include/amr_v4_msgs_srvs/msg/detail/pin__functions.h
[97.481s] -- Installing: /home/colin/agv_gui/install/amr_v4_msgs_srvs/include/amr_v4_msgs_srvs/msg/detail/robot__type_support.h
[97.482s] -- Installing: /home/colin/agv_gui/install/amr_v4_msgs_srvs/include/amr_v4_msgs_srvs/msg/detail/pin__type_support.h
[97.488s] -- Installing: /home/colin/agv_gui/install/amr_v4_msgs_srvs/include/amr_v4_msgs_srvs/msg/motor.h
[97.493s] -- Installing: /home/colin/agv_gui/install/amr_v4_msgs_srvs/include/amr_v4_msgs_srvs/msg/robot.h
[97.497s] -- Installing: /home/colin/agv_gui/install/amr_v4_msgs_srvs/include/amr_v4_msgs_srvs/msg/rosidl_generator_c__visibility_control.h
[97.498s] -- Installing: /home/colin/agv_gui/install/amr_v4_msgs_srvs/include/amr_v4_msgs_srvs/msg/pin.h
[97.498s] -- Installing: /home/colin/agv_gui/install/amr_v4_msgs_srvs/include/amr_v4_msgs_srvs/srv
[97.499s] -- Installing: /home/colin/agv_gui/install/amr_v4_msgs_srvs/include/amr_v4_msgs_srvs/srv/detail
[97.500s] -- Installing: /home/colin/agv_gui/install/amr_v4_msgs_srvs/include/amr_v4_msgs_srvs/srv/detail/testserv__struct.h
[97.501s] -- Installing: /home/colin/agv_gui/install/amr_v4_msgs_srvs/include/amr_v4_msgs_srvs/srv/detail/testserv__type_support.h
[97.502s] -- Installing: /home/colin/agv_gui/install/amr_v4_msgs_srvs/include/amr_v4_msgs_srvs/srv/detail/testserv__functions.c
[97.502s] -- Installing: /home/colin/agv_gui/install/amr_v4_msgs_srvs/include/amr_v4_msgs_srvs/srv/detail/testserv__functions.h
[97.503s] -- Installing: /home/colin/agv_gui/install/amr_v4_msgs_srvs/include/amr_v4_msgs_srvs/srv/testserv.h
[97.505s] -- Installing: /home/colin/agv_gui/install/amr_v4_msgs_srvs/share/amr_v4_msgs_srvs/environment/library_path.sh
[97.507s] -- Installing: /home/colin/agv_gui/install/amr_v4_msgs_srvs/share/amr_v4_msgs_srvs/environment/library_path.dsv
[97.508s] -- Installing: /home/colin/agv_gui/install/amr_v4_msgs_srvs/lib/libamr_v4_msgs_srvs__rosidl_generator_c.so
[97.510s] -- Set runtime path of "/home/colin/agv_gui/install/amr_v4_msgs_srvs/lib/libamr_v4_msgs_srvs__rosidl_generator_c.so" to ""
[97.511s] -- Up-to-date: /home/colin/agv_gui/install/amr_v4_msgs_srvs/include/amr_v4_msgs_srvs
[97.512s] -- Up-to-date: /home/colin/agv_gui/install/amr_v4_msgs_srvs/include/amr_v4_msgs_srvs/msg
[97.513s] -- Up-to-date: /home/colin/agv_gui/install/amr_v4_msgs_srvs/include/amr_v4_msgs_srvs/msg/detail
[97.515s] -- Installing: /home/colin/agv_gui/install/amr_v4_msgs_srvs/include/amr_v4_msgs_srvs/msg/detail/motor__rosidl_typesupport_fastrtps_c.h
[97.515s] -- Installing: /home/colin/agv_gui/install/amr_v4_msgs_srvs/include/amr_v4_msgs_srvs/msg/detail/robot__rosidl_typesupport_fastrtps_c.h
[97.516s] -- Installing: /home/colin/agv_gui/install/amr_v4_msgs_srvs/include/amr_v4_msgs_srvs/msg/detail/pin__rosidl_typesupport_fastrtps_c.h
[97.516s] -- Installing: /home/colin/agv_gui/install/amr_v4_msgs_srvs/include/amr_v4_msgs_srvs/msg/rosidl_typesupport_fastrtps_c__visibility_control.h
[97.517s] -- Up-to-date: /home/colin/agv_gui/install/amr_v4_msgs_srvs/include/amr_v4_msgs_srvs/srv
[97.518s] -- Up-to-date: /home/colin/agv_gui/install/amr_v4_msgs_srvs/include/amr_v4_msgs_srvs/srv/detail
[97.519s] -- Installing: /home/colin/agv_gui/install/amr_v4_msgs_srvs/include/amr_v4_msgs_srvs/srv/detail/testserv__rosidl_typesupport_fastrtps_c.h
[97.520s] -- Installing: /home/colin/agv_gui/install/amr_v4_msgs_srvs/lib/libamr_v4_msgs_srvs__rosidl_typesupport_fastrtps_c.so
[97.523s] -- Set runtime path of "/home/colin/agv_gui/install/amr_v4_msgs_srvs/lib/libamr_v4_msgs_srvs__rosidl_typesupport_fastrtps_c.so" to ""
[97.525s] -- Up-to-date: /home/colin/agv_gui/install/amr_v4_msgs_srvs/include/amr_v4_msgs_srvs
[97.601s] -- Up-to-date: /home/colin/agv_gui/install/amr_v4_msgs_srvs/include/amr_v4_msgs_srvs/msg
[97.637s] -- Up-to-date: /home/colin/agv_gui/install/amr_v4_msgs_srvs/include/amr_v4_msgs_srvs/msg/detail
[97.674s] -- Installing: /home/colin/agv_gui/install/amr_v4_msgs_srvs/include/amr_v4_msgs_srvs/msg/detail/robot__rosidl_typesupport_fastrtps_cpp.hpp
[97.678s] -- Installing: /home/colin/agv_gui/install/amr_v4_msgs_srvs/include/amr_v4_msgs_srvs/msg/detail/pin__rosidl_typesupport_fastrtps_cpp.hpp
[97.691s] -- Installing: /home/colin/agv_gui/install/amr_v4_msgs_srvs/include/amr_v4_msgs_srvs/msg/detail/dds_fastrtps
[97.695s] -- Installing: /home/colin/agv_gui/install/amr_v4_msgs_srvs/include/amr_v4_msgs_srvs/msg/detail/motor__rosidl_typesupport_fastrtps_cpp.hpp
[97.696s] -- Installing: /home/colin/agv_gui/install/amr_v4_msgs_srvs/include/amr_v4_msgs_srvs/msg/rosidl_typesupport_fastrtps_cpp__visibility_control.h
[97.696s] -- Up-to-date: /home/colin/agv_gui/install/amr_v4_msgs_srvs/include/amr_v4_msgs_srvs/srv
[97.697s] -- Up-to-date: /home/colin/agv_gui/install/amr_v4_msgs_srvs/include/amr_v4_msgs_srvs/srv/detail
[97.698s] -- Installing: /home/colin/agv_gui/install/amr_v4_msgs_srvs/include/amr_v4_msgs_srvs/srv/detail/dds_fastrtps
[97.699s] -- Installing: /home/colin/agv_gui/install/amr_v4_msgs_srvs/include/amr_v4_msgs_srvs/srv/detail/testserv__rosidl_typesupport_fastrtps_cpp.hpp
[97.699s] -- Installing: /home/colin/agv_gui/install/amr_v4_msgs_srvs/lib/libamr_v4_msgs_srvs__rosidl_typesupport_fastrtps_cpp.so
[97.719s] -- Set runtime path of "/home/colin/agv_gui/install/amr_v4_msgs_srvs/lib/libamr_v4_msgs_srvs__rosidl_typesupport_fastrtps_cpp.so" to ""
[97.720s] -- Up-to-date: /home/colin/agv_gui/install/amr_v4_msgs_srvs/include/amr_v4_msgs_srvs
[97.721s] -- Up-to-date: /home/colin/agv_gui/install/amr_v4_msgs_srvs/include/amr_v4_msgs_srvs/msg
[97.722s] -- Up-to-date: /home/colin/agv_gui/install/amr_v4_msgs_srvs/include/amr_v4_msgs_srvs/msg/detail
[97.723s] -- Installing: /home/colin/agv_gui/install/amr_v4_msgs_srvs/include/amr_v4_msgs_srvs/msg/detail/robot__type_support.c
[97.724s] -- Installing: /home/colin/agv_gui/install/amr_v4_msgs_srvs/include/amr_v4_msgs_srvs/msg/detail/pin__rosidl_typesupport_introspection_c.h
[97.725s] -- Installing: /home/colin/agv_gui/install/amr_v4_msgs_srvs/include/amr_v4_msgs_srvs/msg/detail/pin__type_support.c
[97.730s] -- Installing: /home/colin/agv_gui/install/amr_v4_msgs_srvs/include/amr_v4_msgs_srvs/msg/detail/motor__rosidl_typesupport_introspection_c.h
[97.731s] -- Installing: /home/colin/agv_gui/install/amr_v4_msgs_srvs/include/amr_v4_msgs_srvs/msg/detail/robot__rosidl_typesupport_introspection_c.h
[97.732s] -- Installing: /home/colin/agv_gui/install/amr_v4_msgs_srvs/include/amr_v4_msgs_srvs/msg/detail/motor__type_support.c
[97.736s] -- Installing: /home/colin/agv_gui/install/amr_v4_msgs_srvs/include/amr_v4_msgs_srvs/msg/rosidl_typesupport_introspection_c__visibility_control.h
[97.737s] -- Up-to-date: /home/colin/agv_gui/install/amr_v4_msgs_srvs/include/amr_v4_msgs_srvs/srv
[97.737s] -- Up-to-date: /home/colin/agv_gui/install/amr_v4_msgs_srvs/include/amr_v4_msgs_srvs/srv/detail
[97.738s] -- Installing: /home/colin/agv_gui/install/amr_v4_msgs_srvs/include/amr_v4_msgs_srvs/srv/detail/testserv__rosidl_typesupport_introspection_c.h
[97.738s] -- Installing: /home/colin/agv_gui/install/amr_v4_msgs_srvs/include/amr_v4_msgs_srvs/srv/detail/testserv__type_support.c
[97.739s] -- Installing: /home/colin/agv_gui/install/amr_v4_msgs_srvs/lib/libamr_v4_msgs_srvs__rosidl_typesupport_introspection_c.so
[97.743s] -- Set runtime path of "/home/colin/agv_gui/install/amr_v4_msgs_srvs/lib/libamr_v4_msgs_srvs__rosidl_typesupport_introspection_c.so" to ""
[97.745s] -- Installing: /home/colin/agv_gui/install/amr_v4_msgs_srvs/lib/libamr_v4_msgs_srvs__rosidl_typesupport_c.so
[97.747s] -- Set runtime path of "/home/colin/agv_gui/install/amr_v4_msgs_srvs/lib/libamr_v4_msgs_srvs__rosidl_typesupport_c.so" to ""
[97.752s] -- Up-to-date: /home/colin/agv_gui/install/amr_v4_msgs_srvs/include/amr_v4_msgs_srvs
[97.753s] -- Up-to-date: /home/colin/agv_gui/install/amr_v4_msgs_srvs/include/amr_v4_msgs_srvs/msg
[97.753s] -- Up-to-date: /home/colin/agv_gui/install/amr_v4_msgs_srvs/include/amr_v4_msgs_srvs/msg/detail
[97.754s] -- Installing: /home/colin/agv_gui/install/amr_v4_msgs_srvs/include/amr_v4_msgs_srvs/msg/detail/motor__struct.hpp
[97.755s] -- Installing: /home/colin/agv_gui/install/amr_v4_msgs_srvs/include/amr_v4_msgs_srvs/msg/detail/robot__struct.hpp
[97.756s] -- Installing: /home/colin/agv_gui/install/amr_v4_msgs_srvs/include/amr_v4_msgs_srvs/msg/detail/pin__builder.hpp
[97.756s] -- Installing: /home/colin/agv_gui/install/amr_v4_msgs_srvs/include/amr_v4_msgs_srvs/msg/detail/motor__builder.hpp
[97.757s] -- Installing: /home/colin/agv_gui/install/amr_v4_msgs_srvs/include/amr_v4_msgs_srvs/msg/detail/pin__struct.hpp
[97.757s] -- Installing: /home/colin/agv_gui/install/amr_v4_msgs_srvs/include/amr_v4_msgs_srvs/msg/detail/robot__builder.hpp
[97.759s] -- Installing: /home/colin/agv_gui/install/amr_v4_msgs_srvs/include/amr_v4_msgs_srvs/msg/detail/pin__traits.hpp
[97.760s] -- Installing: /home/colin/agv_gui/install/amr_v4_msgs_srvs/include/amr_v4_msgs_srvs/msg/detail/motor__traits.hpp
[97.761s] -- Installing: /home/colin/agv_gui/install/amr_v4_msgs_srvs/include/amr_v4_msgs_srvs/msg/detail/robot__traits.hpp
[97.762s] -- Installing: /home/colin/agv_gui/install/amr_v4_msgs_srvs/include/amr_v4_msgs_srvs/msg/pin.hpp
[97.763s] -- Installing: /home/colin/agv_gui/install/amr_v4_msgs_srvs/include/amr_v4_msgs_srvs/msg/robot.hpp
[97.763s] -- Installing: /home/colin/agv_gui/install/amr_v4_msgs_srvs/include/amr_v4_msgs_srvs/msg/motor.hpp
[97.764s] -- Up-to-date: /home/colin/agv_gui/install/amr_v4_msgs_srvs/include/amr_v4_msgs_srvs/srv
[97.764s] -- Up-to-date: /home/colin/agv_gui/install/amr_v4_msgs_srvs/include/amr_v4_msgs_srvs/srv/detail
[97.765s] -- Installing: /home/colin/agv_gui/install/amr_v4_msgs_srvs/include/amr_v4_msgs_srvs/srv/detail/testserv__builder.hpp
[97.767s] -- Installing: /home/colin/agv_gui/install/amr_v4_msgs_srvs/include/amr_v4_msgs_srvs/srv/detail/testserv__struct.hpp
[97.769s] -- Installing: /home/colin/agv_gui/install/amr_v4_msgs_srvs/include/amr_v4_msgs_srvs/srv/detail/testserv__traits.hpp
[97.772s] -- Installing: /home/colin/agv_gui/install/amr_v4_msgs_srvs/include/amr_v4_msgs_srvs/srv/testserv.hpp
[97.773s] -- Up-to-date: /home/colin/agv_gui/install/amr_v4_msgs_srvs/include/amr_v4_msgs_srvs
[97.779s] -- Up-to-date: /home/colin/agv_gui/install/amr_v4_msgs_srvs/include/amr_v4_msgs_srvs/msg
[97.780s] -- Up-to-date: /home/colin/agv_gui/install/amr_v4_msgs_srvs/include/amr_v4_msgs_srvs/msg/detail
[97.780s] -- Installing: /home/colin/agv_gui/install/amr_v4_msgs_srvs/include/amr_v4_msgs_srvs/msg/detail/robot__rosidl_typesupport_introspection_cpp.hpp
[97.781s] -- Installing: /home/colin/agv_gui/install/amr_v4_msgs_srvs/include/amr_v4_msgs_srvs/msg/detail/motor__rosidl_typesupport_introspection_cpp.hpp
[97.782s] -- Installing: /home/colin/agv_gui/install/amr_v4_msgs_srvs/include/amr_v4_msgs_srvs/msg/detail/motor__type_support.cpp
[97.783s] -- Installing: /home/colin/agv_gui/install/amr_v4_msgs_srvs/include/amr_v4_msgs_srvs/msg/detail/robot__type_support.cpp
[97.783s] -- Installing: /home/colin/agv_gui/install/amr_v4_msgs_srvs/include/amr_v4_msgs_srvs/msg/detail/pin__rosidl_typesupport_introspection_cpp.hpp
[97.784s] -- Installing: /home/colin/agv_gui/install/amr_v4_msgs_srvs/include/amr_v4_msgs_srvs/msg/detail/pin__type_support.cpp
[97.784s] -- Up-to-date: /home/colin/agv_gui/install/amr_v4_msgs_srvs/include/amr_v4_msgs_srvs/srv
[97.785s] -- Up-to-date: /home/colin/agv_gui/install/amr_v4_msgs_srvs/include/amr_v4_msgs_srvs/srv/detail
[97.785s] -- Installing: /home/colin/agv_gui/install/amr_v4_msgs_srvs/include/amr_v4_msgs_srvs/srv/detail/testserv__type_support.cpp
[97.786s] -- Installing: /home/colin/agv_gui/install/amr_v4_msgs_srvs/include/amr_v4_msgs_srvs/srv/detail/testserv__rosidl_typesupport_introspection_cpp.hpp
[97.787s] -- Installing: /home/colin/agv_gui/install/amr_v4_msgs_srvs/lib/libamr_v4_msgs_srvs__rosidl_typesupport_introspection_cpp.so
[97.792s] -- Set runtime path of "/home/colin/agv_gui/install/amr_v4_msgs_srvs/lib/libamr_v4_msgs_srvs__rosidl_typesupport_introspection_cpp.so" to ""
[97.796s] -- Installing: /home/colin/agv_gui/install/amr_v4_msgs_srvs/lib/libamr_v4_msgs_srvs__rosidl_typesupport_cpp.so
[97.802s] -- Set runtime path of "/home/colin/agv_gui/install/amr_v4_msgs_srvs/lib/libamr_v4_msgs_srvs__rosidl_typesupport_cpp.so" to ""
[97.803s] -- Installing: /home/colin/agv_gui/install/amr_v4_msgs_srvs/share/amr_v4_msgs_srvs/environment/pythonpath.sh
[97.805s] -- Installing: /home/colin/agv_gui/install/amr_v4_msgs_srvs/share/amr_v4_msgs_srvs/environment/pythonpath.dsv
[97.809s] -- Installing: /home/colin/agv_gui/install/amr_v4_msgs_srvs/lib/python3.8/site-packages/amr_v4_msgs_srvs/__init__.py
[98.048s] Compiling '/home/colin/agv_gui/install/amr_v4_msgs_srvs/lib/python3.8/site-packages/amr_v4_msgs_srvs/__init__.py'...
[98.079s] -- Installing: /home/colin/agv_gui/install/amr_v4_msgs_srvs/lib/python3.8/site-packages/amr_v4_msgs_srvs/msg
[98.080s] -- Installing: /home/colin/agv_gui/install/amr_v4_msgs_srvs/lib/python3.8/site-packages/amr_v4_msgs_srvs/msg/_motor_s.c
[98.081s] -- Installing: /home/colin/agv_gui/install/amr_v4_msgs_srvs/lib/python3.8/site-packages/amr_v4_msgs_srvs/msg/_robot_s.c
[98.082s] -- Installing: /home/colin/agv_gui/install/amr_v4_msgs_srvs/lib/python3.8/site-packages/amr_v4_msgs_srvs/msg/_pin_s.c
[98.083s] -- Installing: /home/colin/agv_gui/install/amr_v4_msgs_srvs/lib/python3.8/site-packages/amr_v4_msgs_srvs/msg/_robot.py
[98.084s] -- Installing: /home/colin/agv_gui/install/amr_v4_msgs_srvs/lib/python3.8/site-packages/amr_v4_msgs_srvs/msg/_motor.py
[98.084s] -- Installing: /home/colin/agv_gui/install/amr_v4_msgs_srvs/lib/python3.8/site-packages/amr_v4_msgs_srvs/msg/_pin.py
[98.085s] -- Installing: /home/colin/agv_gui/install/amr_v4_msgs_srvs/lib/python3.8/site-packages/amr_v4_msgs_srvs/msg/__init__.py
[98.087s] -- Installing: /home/colin/agv_gui/install/amr_v4_msgs_srvs/lib/python3.8/site-packages/amr_v4_msgs_srvs/srv
[98.087s] -- Installing: /home/colin/agv_gui/install/amr_v4_msgs_srvs/lib/python3.8/site-packages/amr_v4_msgs_srvs/srv/_testserv_s.c
[98.089s] -- Installing: /home/colin/agv_gui/install/amr_v4_msgs_srvs/lib/python3.8/site-packages/amr_v4_msgs_srvs/srv/_testserv.py
[98.091s] -- Installing: /home/colin/agv_gui/install/amr_v4_msgs_srvs/lib/python3.8/site-packages/amr_v4_msgs_srvs/srv/__init__.py
[98.093s] -- Installing: /home/colin/agv_gui/install/amr_v4_msgs_srvs/lib/python3.8/site-packages/amr_v4_msgs_srvs/amr_v4_msgs_srvs_s__rosidl_typesupport_fastrtps_c.cpython-38-aarch64-linux-gnu.so
[98.097s] -- Set runtime path of "/home/colin/agv_gui/install/amr_v4_msgs_srvs/lib/python3.8/site-packages/amr_v4_msgs_srvs/amr_v4_msgs_srvs_s__rosidl_typesupport_fastrtps_c.cpython-38-aarch64-linux-gnu.so" to ""
[98.098s] -- Installing: /home/colin/agv_gui/install/amr_v4_msgs_srvs/lib/python3.8/site-packages/amr_v4_msgs_srvs/amr_v4_msgs_srvs_s__rosidl_typesupport_introspection_c.cpython-38-aarch64-linux-gnu.so
[98.103s] -- Set runtime path of "/home/colin/agv_gui/install/amr_v4_msgs_srvs/lib/python3.8/site-packages/amr_v4_msgs_srvs/amr_v4_msgs_srvs_s__rosidl_typesupport_introspection_c.cpython-38-aarch64-linux-gnu.so" to ""
[98.106s] -- Installing: /home/colin/agv_gui/install/amr_v4_msgs_srvs/lib/python3.8/site-packages/amr_v4_msgs_srvs/amr_v4_msgs_srvs_s__rosidl_typesupport_c.cpython-38-aarch64-linux-gnu.so
[98.109s] -- Set runtime path of "/home/colin/agv_gui/install/amr_v4_msgs_srvs/lib/python3.8/site-packages/amr_v4_msgs_srvs/amr_v4_msgs_srvs_s__rosidl_typesupport_c.cpython-38-aarch64-linux-gnu.so" to ""
[98.110s] -- Installing: /home/colin/agv_gui/install/amr_v4_msgs_srvs/lib/libamr_v4_msgs_srvs__python.so
[98.121s] -- Set runtime path of "/home/colin/agv_gui/install/amr_v4_msgs_srvs/lib/libamr_v4_msgs_srvs__python.so" to ""
[98.123s] -- Installing: /home/colin/agv_gui/install/amr_v4_msgs_srvs/share/amr_v4_msgs_srvs/msg/Motor.idl
[98.124s] -- Installing: /home/colin/agv_gui/install/amr_v4_msgs_srvs/share/amr_v4_msgs_srvs/msg/Robot.idl
[98.125s] -- Installing: /home/colin/agv_gui/install/amr_v4_msgs_srvs/share/amr_v4_msgs_srvs/msg/Pin.idl
[98.125s] -- Installing: /home/colin/agv_gui/install/amr_v4_msgs_srvs/share/amr_v4_msgs_srvs/srv/Testserv.idl
[98.126s] -- Installing: /home/colin/agv_gui/install/amr_v4_msgs_srvs/share/amr_v4_msgs_srvs/msg/Motor.msg
[98.127s] -- Installing: /home/colin/agv_gui/install/amr_v4_msgs_srvs/share/amr_v4_msgs_srvs/msg/Robot.msg
[98.128s] -- Installing: /home/colin/agv_gui/install/amr_v4_msgs_srvs/share/amr_v4_msgs_srvs/msg/Pin.msg
[98.128s] -- Installing: /home/colin/agv_gui/install/amr_v4_msgs_srvs/share/amr_v4_msgs_srvs/srv/Testserv.srv
[98.128s] -- Installing: /home/colin/agv_gui/install/amr_v4_msgs_srvs/share/amr_v4_msgs_srvs/srv/Testserv_Request.msg
[98.129s] -- Installing: /home/colin/agv_gui/install/amr_v4_msgs_srvs/share/amr_v4_msgs_srvs/srv/Testserv_Response.msg
[98.131s] -- Installing: /home/colin/agv_gui/install/amr_v4_msgs_srvs/share/ament_index/resource_index/package_run_dependencies/amr_v4_msgs_srvs
[98.131s] -- Installing: /home/colin/agv_gui/install/amr_v4_msgs_srvs/share/ament_index/resource_index/parent_prefix_path/amr_v4_msgs_srvs
[98.132s] -- Installing: /home/colin/agv_gui/install/amr_v4_msgs_srvs/share/amr_v4_msgs_srvs/environment/ament_prefix_path.sh
[98.133s] -- Installing: /home/colin/agv_gui/install/amr_v4_msgs_srvs/share/amr_v4_msgs_srvs/environment/ament_prefix_path.dsv
[98.134s] -- Installing: /home/colin/agv_gui/install/amr_v4_msgs_srvs/share/amr_v4_msgs_srvs/environment/path.sh
[98.136s] -- Installing: /home/colin/agv_gui/install/amr_v4_msgs_srvs/share/amr_v4_msgs_srvs/environment/path.dsv
[98.137s] -- Installing: /home/colin/agv_gui/install/amr_v4_msgs_srvs/share/amr_v4_msgs_srvs/local_setup.bash
[98.140s] -- Installing: /home/colin/agv_gui/install/amr_v4_msgs_srvs/share/amr_v4_msgs_srvs/local_setup.sh
[98.141s] -- Installing: /home/colin/agv_gui/install/amr_v4_msgs_srvs/share/amr_v4_msgs_srvs/local_setup.zsh
[98.143s] -- Installing: /home/colin/agv_gui/install/amr_v4_msgs_srvs/share/amr_v4_msgs_srvs/local_setup.dsv
[98.146s] -- Installing: /home/colin/agv_gui/install/amr_v4_msgs_srvs/share/amr_v4_msgs_srvs/package.dsv
[98.147s] -- Installing: /home/colin/agv_gui/install/amr_v4_msgs_srvs/share/ament_index/resource_index/packages/amr_v4_msgs_srvs
[98.148s] -- Installing: /home/colin/agv_gui/install/amr_v4_msgs_srvs/share/amr_v4_msgs_srvs/cmake/amr_v4_msgs_srvs__rosidl_generator_cExport.cmake
[98.150s] -- Installing: /home/colin/agv_gui/install/amr_v4_msgs_srvs/share/amr_v4_msgs_srvs/cmake/amr_v4_msgs_srvs__rosidl_generator_cExport-noconfig.cmake
[98.151s] -- Installing: /home/colin/agv_gui/install/amr_v4_msgs_srvs/share/amr_v4_msgs_srvs/cmake/amr_v4_msgs_srvs__rosidl_typesupport_introspection_cExport.cmake
[98.153s] -- Installing: /home/colin/agv_gui/install/amr_v4_msgs_srvs/share/amr_v4_msgs_srvs/cmake/amr_v4_msgs_srvs__rosidl_typesupport_introspection_cExport-noconfig.cmake
[98.156s] -- Installing: /home/colin/agv_gui/install/amr_v4_msgs_srvs/share/amr_v4_msgs_srvs/cmake/amr_v4_msgs_srvs__rosidl_typesupport_cExport.cmake
[98.157s] -- Installing: /home/colin/agv_gui/install/amr_v4_msgs_srvs/share/amr_v4_msgs_srvs/cmake/amr_v4_msgs_srvs__rosidl_typesupport_cExport-noconfig.cmake
[98.159s] -- Installing: /home/colin/agv_gui/install/amr_v4_msgs_srvs/share/amr_v4_msgs_srvs/cmake/amr_v4_msgs_srvs__rosidl_generator_cppExport.cmake
[98.161s] -- Installing: /home/colin/agv_gui/install/amr_v4_msgs_srvs/share/amr_v4_msgs_srvs/cmake/amr_v4_msgs_srvs__rosidl_typesupport_introspection_cppExport.cmake
[98.162s] -- Installing: /home/colin/agv_gui/install/amr_v4_msgs_srvs/share/amr_v4_msgs_srvs/cmake/amr_v4_msgs_srvs__rosidl_typesupport_introspection_cppExport-noconfig.cmake
[98.164s] -- Installing: /home/colin/agv_gui/install/amr_v4_msgs_srvs/share/amr_v4_msgs_srvs/cmake/amr_v4_msgs_srvs__rosidl_typesupport_cppExport.cmake
[98.165s] -- Installing: /home/colin/agv_gui/install/amr_v4_msgs_srvs/share/amr_v4_msgs_srvs/cmake/amr_v4_msgs_srvs__rosidl_typesupport_cppExport-noconfig.cmake
[98.166s] -- Installing: /home/colin/agv_gui/install/amr_v4_msgs_srvs/share/amr_v4_msgs_srvs/cmake/rosidl_cmake-extras.cmake
[98.167s] -- Installing: /home/colin/agv_gui/install/amr_v4_msgs_srvs/share/amr_v4_msgs_srvs/cmake/ament_cmake_export_dependencies-extras.cmake
[98.168s] -- Installing: /home/colin/agv_gui/install/amr_v4_msgs_srvs/share/amr_v4_msgs_srvs/cmake/ament_cmake_export_libraries-extras.cmake
[98.169s] -- Installing: /home/colin/agv_gui/install/amr_v4_msgs_srvs/share/amr_v4_msgs_srvs/cmake/ament_cmake_export_targets-extras.cmake
[98.171s] -- Installing: /home/colin/agv_gui/install/amr_v4_msgs_srvs/share/amr_v4_msgs_srvs/cmake/ament_cmake_export_include_directories-extras.cmake
[98.176s] -- Installing: /home/colin/agv_gui/install/amr_v4_msgs_srvs/share/amr_v4_msgs_srvs/cmake/rosidl_cmake_export_typesupport_libraries-extras.cmake
[98.178s] -- Installing: /home/colin/agv_gui/install/amr_v4_msgs_srvs/share/amr_v4_msgs_srvs/cmake/rosidl_cmake_export_typesupport_targets-extras.cmake
[98.179s] -- Installing: /home/colin/agv_gui/install/amr_v4_msgs_srvs/share/amr_v4_msgs_srvs/cmake/amr_v4_msgs_srvsConfig.cmake
[98.179s] -- Installing: /home/colin/agv_gui/install/amr_v4_msgs_srvs/share/amr_v4_msgs_srvs/cmake/amr_v4_msgs_srvsConfig-version.cmake
[98.180s] -- Installing: /home/colin/agv_gui/install/amr_v4_msgs_srvs/share/amr_v4_msgs_srvs/package.xml
[98.196s] Invoked command in '/home/colin/agv_gui/build/amr_v4_msgs_srvs' returned '0': CMAKE_PREFIX_PATH=${CMAKE_PREFIX_PATH}:/opt/ros/galactic /usr/bin/cmake --install /home/colin/agv_gui/build/amr_v4_msgs_srvs
