-- Found ament_cmake: 1.1.6 (/opt/ros/galactic/share/ament_cmake/cmake)
-- Using PYTHON_EXECUTABLE: /usr/bin/python3
-- Found geometry_msgs: 2.2.4 (/opt/ros/galactic/share/geometry_msgs/cmake)
-- Using all available rosidl_typesupport_c: rosidl_typesupport_fastrtps_c;rosidl_typesupport_introspection_c
-- Found rosidl_adapter: 2.2.3 (/opt/ros/galactic/share/rosidl_adapter/cmake)
-- Using all available rosidl_typesupport_cpp: rosidl_typesupport_fastrtps_cpp;rosidl_typesupport_introspection_cpp
-- Found rclcpp: 9.2.2 (/opt/ros/galactic/share/rclcpp/cmake)
-- Found rmw_implementation_cmake: 3.3.1 (/opt/ros/galactic/share/rmw_implementation_cmake/cmake)
-- Found rmw_cyclonedds_cpp: 0.22.6 (/opt/ros/galactic/share/rmw_cyclonedds_cpp/cmake)
-- Using RMW implementation 'rmw_cyclonedds_cpp' as default
-- Found rclcpp_components: 9.2.2 (/opt/ros/galactic/share/rclcpp_components/cmake)
-- Found rviz_common: 8.5.2 (/opt/ros/galactic/share/rviz_common/cmake)
-- Setting OGRE_DIR to: '/opt/ros/galactic/share/rviz_ogre_vendor/cmake/../../../opt/rviz_ogre_vendor/lib/OGRE/cmake'
-- Found OGRE
--   static     : OFF
--   components : HLMS;MeshLodGenerator;Overlay;Paging;Property;RTShaderSystem;Terrain;Volume
--   plugins    : Plugin_BSPSceneManager;Plugin_OctreeSceneManager;Plugin_PCZSceneManager;Plugin_ParticleFX;RenderSystem_GL;RenderSystem_GL3Plus;Codec_STBI
--   media      : /opt/ros/galactic/opt/rviz_ogre_vendor/share/OGRE/Media
-- OGRE_LIBRARIES: OgreHLMS;OgreMeshLodGenerator;OgreOverlay;OgrePaging;OgreProperty;OgreRTShaderSystem;OgreTerrain;OgreVolume;OgreMain
-- OGRE_LIBRARY_DIRS: /opt/ros/galactic/opt/rviz_ogre_vendor/lib
-- OGRE_PLUGINS: Plugin_BSPSceneManager;Plugin_OctreeSceneManager;Plugin_PCZSceneManager;Plugin_ParticleFX;RenderSystem_GL;RenderSystem_GL3Plus;Codec_STBI
-- OGRE_PLUGIN_DIR: /opt/ros/galactic/opt/rviz_ogre_vendor/lib/OGRE
-- rviz_ogre_vendor::OgreOverlay for IMPORTED_LOCATION_RELEASE: /opt/ros/galactic/opt/rviz_ogre_vendor/lib/libOgreOverlay.so
-- rviz_ogre_vendor::OgreOverlay for IMPORTED_LOCATION_DEBUG: /opt/ros/galactic/opt/rviz_ogre_vendor/lib/libOgreOverlay.so
-- rviz_ogre_vendor::OgreMain for IMPORTED_LOCATION_RELEASE: /opt/ros/galactic/opt/rviz_ogre_vendor/lib/libOgreMain.so
-- rviz_ogre_vendor::OgreMain for IMPORTED_LOCATION_DEBUG: /opt/ros/galactic/opt/rviz_ogre_vendor/lib/libOgreMain.so
-- Could not find freeimage library
-- rviz_ogre_vendor::RenderSystem_GL for IMPORTED_LOCATION_RELEASE: _render_system_gl_static_library_abs-NOTFOUND
-- rviz_ogre_vendor::RenderSystem_GL for IMPORTED_LOCATION_DEBUG: _render_system_gl_static_library_abs-NOTFOUND
-- library: libassimp.so.5
-- library: /usr/lib/aarch64-linux-gnu/libcurl.so
-- Setting yaml-cpp_DIR to: '/opt/ros/galactic/share/yaml_cpp_vendor/cmake/../../../opt/yaml_cpp_vendor/lib/cmake/yaml-cpp'
-- Found rviz_default_plugins: 8.5.2 (/opt/ros/galactic/share/rviz_default_plugins/cmake)
-- Found std_srvs: 2.2.4 (/opt/ros/galactic/share/std_srvs/cmake)
-- Found tf2_eigen: 0.17.5 (/opt/ros/galactic/share/tf2_eigen/cmake)
CUDA is available
-- Configuring done
-- Generating done
-- Build files have been written to: /home/colin/agv_gui/build/agv_gui
[ 10%] [34m[1mAutomatic MOC and UIC for target agv_gui[0m
AutoMoc warning
---------------
"SRC:/src/battery_node.cpp"
includes the moc file "battery_node.moc", but does not contain a Q_OBJECT, Q_GADGET or Q_NAMESPACE macro.

AutoMoc warning
---------------
"SRC:/src/charge_node.cpp"
includes the moc file "charge_node.moc", but does not contain a Q_OBJECT, Q_GADGET or Q_NAMESPACE macro.

AutoMoc: /home/colin/agv_gui/src/agv_gui/src/battery_node.cpp:0: Note: No relevant classes found. No output generated.
[ 10%] Built target agv_gui_autogen
[ 20%] [34m[1mGenerating include/moc_battery_node.cpp[0m
[35m[1mScanning dependencies of target agv_gui[0m
[ 30%] [32mBuilding CXX object CMakeFiles/agv_gui.dir/src/battery_node.cpp.o[0m
[ 40%] [32mBuilding CXX object CMakeFiles/agv_gui.dir/src/main_gui.cpp.o[0m
[ 50%] [32mBuilding CXX object CMakeFiles/agv_gui.dir/include/moc_battery_node.cpp.o[0m
[01m[K/home/colin/agv_gui/src/agv_gui/src/battery_node.cpp:[m[K In constructor ‘[01m[KBatterySub::BatterySub()[m[K’:
[01m[K/home/colin/agv_gui/src/agv_gui/src/battery_node.cpp:8:20:[m[K [01;31m[Kerror: [m[K‘[01m[KBatterySub1[m[K’ has not been declared
    8 |         std::bind(&[01;31m[KBatterySub1[m[K::topic_callback, this, std::placeholders::_1));
      |                    [01;31m[K^~~~~~~~~~~[m[K
[01m[K/home/colin/agv_gui/src/agv_gui/src/battery_node.cpp:[m[K At global scope:
[01m[K/home/colin/agv_gui/src/agv_gui/src/battery_node.cpp:11:6:[m[K [01;31m[Kerror: [m[K‘[01m[KBatterySub1[m[K’ has not been declared
   11 | void [01;31m[KBatterySub1[m[K::topic_callback(const std_msgs::msg::String::SharedPtr msg)
      |      [01;31m[K^~~~~~~~~~~[m[K
[01m[K/home/colin/agv_gui/src/agv_gui/src/battery_node.cpp:[m[K In function ‘[01m[Kvoid topic_callback(std_msgs::msg::String_<std::allocator<void> >::SharedPtr)[m[K’:
[01m[K/home/colin/agv_gui/src/agv_gui/src/battery_node.cpp:13:5:[m[K [01;31m[Kerror: [m[K‘[01m[Kcharge[m[K’ was not declared in this scope; did you mean ‘[01m[Kchar[m[K’?
   13 |     [01;31m[Kcharge[m[K = msg->data.c_str();
      |     [01;31m[K^~~~~~[m[K
      |     [32m[Kchar[m[K
In file included from [01m[K/opt/ros/galactic/include/rclcpp/service.hpp:34[m[K,
                 from [01m[K/opt/ros/galactic/include/rclcpp/callback_group.hpp:25[m[K,
                 from [01m[K/opt/ros/galactic/include/rclcpp/any_executable.hpp:20[m[K,
                 from [01m[K/opt/ros/galactic/include/rclcpp/memory_strategy.hpp:25[m[K,
                 from [01m[K/opt/ros/galactic/include/rclcpp/memory_strategies.hpp:18[m[K,
                 from [01m[K/opt/ros/galactic/include/rclcpp/executor_options.hpp:20[m[K,
                 from [01m[K/opt/ros/galactic/include/rclcpp/executor.hpp:36[m[K,
                 from [01m[K/opt/ros/galactic/include/rclcpp/executors/multi_threaded_executor.hpp:26[m[K,
                 from [01m[K/opt/ros/galactic/include/rclcpp/executors.hpp:21[m[K,
                 from [01m[K/opt/ros/galactic/include/rclcpp/rclcpp.hpp:156[m[K,
                 from [01m[K/home/colin/agv_gui/src/agv_gui/include/battery_node.hpp:5[m[K,
                 from [01m[K/home/colin/agv_gui/src/agv_gui/src/battery_node.cpp:1[m[K:
[01m[K/home/colin/agv_gui/src/agv_gui/src/battery_node.cpp:15:17:[m[K [01;31m[Kerror: [m[Kinvalid use of ‘[01m[Kthis[m[K’ in non-member function
   15 |     RCLCPP_INFO([01;31m[Kthis[m[K->get_logger(), "Received charge: %s", charge.toStdString().c_str());
      |                 [01;31m[K^~~~[m[K
[01m[K/home/colin/agv_gui/src/agv_gui/src/battery_node.cpp:15:17:[m[K [01;31m[Kerror: [m[Kinvalid use of ‘[01m[Kthis[m[K’ in non-member function
[01m[K/home/colin/agv_gui/src/agv_gui/src/battery_node.cpp:15:5:[m[K [01;31m[Kerror: [m[Ktemplate argument 1 is invalid
   15 |     [01;31m[KRCLCPP_INFO[m[K(this->get_logger(), "Received charge: %s", charge.toStdString().c_str());
      |     [01;31m[K^~~~~~~~~~~[m[K
[01m[K/home/colin/agv_gui/src/agv_gui/src/battery_node.cpp:15:5:[m[K [01;31m[Kerror: [m[Ktemplate argument 1 is invalid
   15 |     [01;31m[KRCLCPP_INFO[m[K(this->get_logger(), "Received charge: %s", charge.toStdString().c_str());
      |     [01;31m[K^~~~~~~~~~~[m[K
[01m[K/home/colin/agv_gui/src/agv_gui/src/battery_node.cpp:15:5:[m[K [01;31m[Kerror: [m[Ktemplate argument 1 is invalid
   15 |     [01;31m[KRCLCPP_INFO[m[K(this->get_logger(), "Received charge: %s", charge.toStdString().c_str());
      |     [01;31m[K^~~~~~~~~~~[m[K
In file included from [01m[K/opt/ros/galactic/include/rclcpp/client.hpp:40[m[K,
                 from [01m[K/opt/ros/galactic/include/rclcpp/callback_group.hpp:23[m[K,
                 from [01m[K/opt/ros/galactic/include/rclcpp/any_executable.hpp:20[m[K,
                 from [01m[K/opt/ros/galactic/include/rclcpp/memory_strategy.hpp:25[m[K,
                 from [01m[K/opt/ros/galactic/include/rclcpp/memory_strategies.hpp:18[m[K,
                 from [01m[K/opt/ros/galactic/include/rclcpp/executor_options.hpp:20[m[K,
                 from [01m[K/opt/ros/galactic/include/rclcpp/executor.hpp:36[m[K,
                 from [01m[K/opt/ros/galactic/include/rclcpp/executors/multi_threaded_executor.hpp:26[m[K,
                 from [01m[K/opt/ros/galactic/include/rclcpp/executors.hpp:21[m[K,
                 from [01m[K/opt/ros/galactic/include/rclcpp/rclcpp.hpp:156[m[K,
                 from [01m[K/home/colin/agv_gui/src/agv_gui/include/battery_node.hpp:5[m[K,
                 from [01m[K/home/colin/agv_gui/src/agv_gui/src/battery_node.cpp:1[m[K:
[01m[K/home/colin/agv_gui/src/agv_gui/src/battery_node.cpp:15:17:[m[K [01;31m[Kerror: [m[Kinvalid use of ‘[01m[Kthis[m[K’ in non-member function
   15 |     RCLCPP_INFO([01;31m[Kthis[m[K->get_logger(), "Received charge: %s", charge.toStdString().c_str());
      |                 [01;31m[K^~~~[m[K
[01m[K/home/colin/agv_gui/src/agv_gui/src/battery_node.cpp:15:17:[m[K [01;31m[Kerror: [m[Kinvalid use of ‘[01m[Kthis[m[K’ in non-member function
   15 |     RCLCPP_INFO([01;31m[Kthis[m[K->get_logger(), "Received charge: %s", charge.toStdString().c_str());
      |                 [01;31m[K^~~~[m[K
[01m[K/home/colin/agv_gui/src/agv_gui/src/battery_node.cpp:17:10:[m[K [01;31m[Kerror: [m[K‘[01m[KchangedBattery[m[K’ was not declared in this scope
   17 |     emit [01;31m[KchangedBattery[m[K(charge);
      |          [01;31m[K^~~~~~~~~~~~~~[m[K
[01m[K/home/colin/agv_gui/src/agv_gui/src/main_gui.cpp:188:19:[m[K [01;31m[Kerror: [m[K‘[01m[KBatterySub1[m[K’ was not declared in this scope; did you mean ‘[01m[KBatterySub[m[K’?
  188 |   std::shared_ptr<[01;31m[KBatterySub1[m[K> battery_sub_;
      |                   [01;31m[K^~~~~~~~~~~[m[K
      |                   [32m[KBatterySub[m[K
[01m[K/home/colin/agv_gui/src/agv_gui/src/main_gui.cpp:188:30:[m[K [01;31m[Kerror: [m[Ktemplate argument 1 is invalid
  188 |   std::shared_ptr<BatterySub1[01;31m[K>[m[K battery_sub_;
      |                              [01;31m[K^[m[K
[01m[K/home/colin/agv_gui/src/agv_gui/src/main_gui.cpp:[m[K In constructor ‘[01m[KMainGui::MainGui(std::shared_ptr<ChargeSub>, std::shared_ptr<BatterySub>, QWidget*)[m[K’:
[01m[K/home/colin/agv_gui/src/agv_gui/src/main_gui.cpp:33:3:[m[K [01;31m[Kerror: [m[Kexpected identifier before ‘[01m[K{[m[K’ token
   33 |   [01;31m[K{[m[K
      |   [01;31m[K^[m[K
[01m[K/home/colin/agv_gui/src/agv_gui/src/main_gui.cpp:31:22:[m[K [01;31m[Kerror: [m[Kinvalid user-defined conversion from ‘[01m[Kstd::shared_ptr<BatterySub>[m[K’ to ‘[01m[Kint[m[K’ [[01;31m[K-fpermissive[m[K]
   31 |         battery_sub_([01;31m[Kbattery_sub_[m[K),
      |                      [01;31m[K^~~~~~~~~~~~[m[K
In file included from [01m[K/usr/include/c++/9/bits/shared_ptr.h:52[m[K,
                 from [01m[K/usr/include/c++/9/memory:81[m[K,
                 from [01m[K/home/colin/agv_gui/src/agv_gui/src/main_gui.cpp:11[m[K:
[01m[K/usr/include/c++/9/bits/shared_ptr_base.h:1312:16:[m[K [01;36m[Knote: [m[Kcandidate is: ‘[01m[Kstd::__shared_ptr<_Tp, _Lp>::operator bool() const [with _Tp = BatterySub; __gnu_cxx::_Lock_policy _Lp = __gnu_cxx::_S_atomic][m[K’ <near match>
 1312 |       explicit [01;36m[Koperator[m[K bool() const // never throws
      |                [01;36m[K^~~~~~~~[m[K
[01m[K/usr/include/c++/9/bits/shared_ptr_base.h:1312:16:[m[K [01;36m[Knote: [m[K  return type ‘[01m[Kbool[m[K’ of explicit conversion function cannot be converted to ‘[01m[Kint[m[K’ with a qualification conversion
[01m[K/home/colin/agv_gui/src/agv_gui/src/main_gui.cpp:124:80:[m[K [01;31m[Kerror: [m[K‘[01m[KupdateBattery[m[K’ is not a member of ‘[01m[KMainGui[m[K’
  124 |       connect(battery_sub_.get(), &BatterySub::changedBattery, this, &MainGui::[01;31m[KupdateBattery[m[K);
      |                                                                                [01;31m[K^~~~~~~~~~~~~[m[K
make[2]: *** [CMakeFiles/agv_gui.dir/build.make:97: CMakeFiles/agv_gui.dir/src/battery_node.cpp.o] Error 1
make[2]: *** Waiting for unfinished jobs....
make[2]: *** [CMakeFiles/agv_gui.dir/build.make:110: CMakeFiles/agv_gui.dir/src/main_gui.cpp.o] Error 1
make[1]: *** [CMakeFiles/Makefile2:79: CMakeFiles/agv_gui.dir/all] Error 2
make: *** [Makefile:141: all] Error 2
