[0.015s] Invoking command in '/home/colin/agv_gui/build/amr_v4_qt': CMAKE_PREFIX_PATH=${CMAKE_PREFIX_PATH}:/opt/ros/iron /usr/bin/cmake --build /home/colin/agv_gui/build/amr_v4_qt -- -j4 -l4
[0.095s] [  2%] [34m[1mAutomatic MOC and UIC for target amr_v4_qt[0m
[0.138s] [  2%] Built target amr_v4_qt_autogen
[0.210s] [  4%] [32mBuilding CXX object CMakeFiles/amr_v4_qt.dir/src/main.cpp.o[0m
[0.213s] [  6%] [32mBuilding CXX object CMakeFiles/amr_v4_qt.dir/include/moc_main_gui.cpp.o[0m
[0.218s] [  8%] [32mBuilding CXX object CMakeFiles/amr_v4_qt.dir/src/main_gui.cpp.o[0m
[15.602s] [01m[K/home/colin/agv_gui/src/amr_v4_qt/src/main_gui.cpp:[m[K In member function ‘[01m[Kint MainGui::getWifiSignalStrength()[m[K’:
[15.602s] [01m[K/home/colin/agv_gui/src/amr_v4_qt/src/main_gui.cpp:158:18:[m[K [01;35m[Kwarning: [m[K‘[01m[Kvoid QProcess::start(const QString&, QIODevice::OpenMode)[m[K’ is deprecated: Use QProcess::start(const QString &program, const QStringList &arguments,OpenMode mode = ReadWrite) instead [[01;35m[K]8;;https://gcc.gnu.org/onlinedocs/gcc/Warning-Options.html#index-Wdeprecated-declarations-Wdeprecated-declarations]8;;[m[K]
[15.602s]   158 |     [01;35m[Kprocess.start("iwconfig")[m[K;
[15.602s]       |     [01;35m[K~~~~~~~~~~~~~^~~~~~~~~~~~[m[K
[15.603s] In file included from [01m[K/usr/include/x86_64-linux-gnu/qt5/QtCore/QProcess:1[m[K,
[15.603s]                  from [01m[K/home/colin/agv_gui/src/amr_v4_qt/src/main_gui.cpp:5[m[K:
[15.603s] [01m[K/usr/include/x86_64-linux-gnu/qt5/QtCore/qprocess.h:168:10:[m[K [01;36m[Knote: [m[Kdeclared here
[15.603s]   168 |     void [01;36m[Kstart[m[K(const QString &command, OpenMode mode = ReadWrite);
[15.604s]       |          [01;36m[K^~~~~[m[K
[17.054s] [ 10%] [32m[1mLinking CXX executable amr_v4_qt[0m
[23.263s] /usr/bin/ld: CMakeFiles/amr_v4_qt.dir/src/main_gui.cpp.o: in function `MainGui::MainGui(std::shared_ptr<BatterySub>, std::shared_ptr<RobotSub>, std::shared_ptr<MotorSub>, std::shared_ptr<HealthSub>, std::shared_ptr<RunningSub>, QWidget*)':
[23.263s] main_gui.cpp:(.text+0x264): undefined reference to `ModeNode::ModeNode()'
[23.263s] /usr/bin/ld: CMakeFiles/amr_v4_qt.dir/src/main_gui.cpp.o: in function `MainGui::updateEstop()':
[23.263s] main_gui.cpp:(.text+0xe29): undefined reference to `ModeNode::mode_callback(bool)'
[23.388s] collect2: error: ld returned 1 exit status
[23.389s] gmake[2]: *** [CMakeFiles/amr_v4_qt.dir/build.make:839: amr_v4_qt] Error 1
[23.389s] gmake[1]: *** [CMakeFiles/Makefile2:138: CMakeFiles/amr_v4_qt.dir/all] Error 2
[23.390s] gmake: *** [Makefile:146: all] Error 2
[23.393s] Invoked command in '/home/colin/agv_gui/build/amr_v4_qt' returned '2': CMAKE_PREFIX_PATH=${CMAKE_PREFIX_PATH}:/opt/ros/iron /usr/bin/cmake --build /home/colin/agv_gui/build/amr_v4_qt -- -j4 -l4
