[0.000000] (-) TimerEvent: {}
[0.000926] (amr_v4_msgs_srvs) JobQueued: {'identifier': 'amr_v4_msgs_srvs', 'dependencies': OrderedDict()}
[0.002683] (amr_v4_qt) JobQueued: {'identifier': 'amr_v4_qt', 'dependencies': OrderedDict([('amr_v4_msgs_srvs', '/home/colin/agv_gui/install/amr_v4_msgs_srvs')])}
[0.003573] (amr_v4_msgs_srvs) JobStarted: {'identifier': 'amr_v4_msgs_srvs'}
[0.098496] (-) TimerEvent: {}
[0.199422] (-) TimerEvent: {}
[0.302440] (-) TimerEvent: {}
[0.407374] (-) TimerEvent: {}
[0.508427] (-) TimerEvent: {}
[0.612701] (-) TimerEvent: {}
[0.635787] (amr_v4_msgs_srvs) JobProgress: {'identifier': 'amr_v4_msgs_srvs', 'progress': 'cmake'}
[0.641549] (amr_v4_msgs_srvs) Command: {'cmd': ['/usr/bin/cmake', '/home/colin/agv_gui/amr_v4_msgs_srvs', '-G', 'CodeBlocks - Unix Makefiles', '-DCMAKE_INSTALL_PREFIX=/home/colin/agv_gui/install/amr_v4_msgs_srvs'], 'cwd': '/home/colin/agv_gui/build/amr_v4_msgs_srvs', 'env': OrderedDict([('GJS_DEBUG_TOPICS', 'JS ERROR;JS LOG'), ('SNAP_INSTANCE_KEY', ''), ('USER', 'colin'), ('SNAP_COMMON', '/var/snap/qtcreator-ros/common'), ('SSH_AGENT_PID', '2428'), ('XDG_SESSION_TYPE', 'x11'), ('SNAP_UID', '1000'), ('SHLVL', '1'), ('LD_LIBRARY_PATH', '/opt/ros/galactic/opt/yaml_cpp_vendor/lib:/opt/ros/galactic/opt/rviz_ogre_vendor/lib:/opt/ros/galactic/lib/aarch64-linux-gnu:/opt/ros/galactic/lib:/snap/qtcreator-ros/108/lib:/snap/qtcreator-ros/108/usr/lib/aarch64-linux-gnu'), ('HOME', '/home/colin'), ('SNAP_LIBRARY_PATH', '/var/lib/snapd/lib/gl:/var/lib/snapd/lib/gl32:/var/lib/snapd/void'), ('DESKTOP_SESSION', 'ubuntu'), ('SNAP_USER_DATA', '/home/colin/snap/qtcreator-ros/108'), ('JETSON_L4T', '35.3.1'), ('GIO_LAUNCHED_DESKTOP_FILE', '/var/lib/snapd/desktop/applications/qtcreator-ros_qtcreator-ros.desktop'), ('ROS_PYTHON_VERSION', '3'), ('GNOME_SHELL_SESSION_MODE', 'ubuntu'), ('GTK_MODULES', 'gail:atk-bridge'), ('JETSON_MODEL', 'NVIDIA Jetson Xavier NX Developer Kit'), ('MANAGERPID', '1885'), ('DBUS_SESSION_BUS_ADDRESS', 'unix:path=/run/user/1000/bus'), ('SNAP_REVISION', '108'), ('GIO_LAUNCHED_DESKTOP_FILE_PID', '155586'), ('IM_CONFIG_PHASE', '1'), ('ROS_DISTRO', 'galactic'), ('LOGNAME', 'colin'), ('_', '/usr/bin/colcon'), ('JETSON_MODULE', 'NVIDIA Jetson Xavier NX (16GB ram)'), ('SNAP_CONTEXT', 'NkzYEUNTstaA2WbKkz1wnxIWYV-SakGgt5q3W_pIO4FJf0mp8mM6'), ('JETSON_SERIAL_NUMBER', '1421122056927'), ('JOURNAL_STREAM', '7:51928'), ('ROS_VERSION', '2'), ('JETSON_CODENAME', 'Jakku'), ('XDG_SESSION_CLASS', 'user'), ('SNAP_VERSION', '12.0.2'), ('USERNAME', 'colin'), ('GNOME_DESKTOP_SESSION_ID', 'this-is-deprecated'), ('SNAP_INSTANCE_NAME', 'qtcreator-ros'), ('ROS_LOCALHOST_ONLY', '0'), ('WINDOWPATH', '2'), ('PATH', '/opt/ros/galactic/bin:/usr/local/sbin:/usr/local/bin:/usr/sbin:/usr/bin:/sbin:/bin:/usr/games:/usr/local/games:/snap/bin'), ('SESSION_MANAGER', 'local/amr:@/tmp/.ICE-unix/2463,unix/amr:/tmp/.ICE-unix/2463'), ('INVOCATION_ID', '25f6b3cec0664570a8215e6a078861ec'), ('XDG_MENU_PREFIX', 'gnome-'), ('BAMF_DESKTOP_FILE_HINT', '/var/lib/snapd/desktop/applications/qtcreator-ros_qtcreator-ros.desktop'), ('SNAP_DATA', '/var/snap/qtcreator-ros/108'), ('XDG_RUNTIME_DIR', '/run/user/1000'), ('DISPLAY', ':0'), ('LANG', 'en_US.UTF-8'), ('XDG_CURRENT_DESKTOP', 'ubuntu:GNOME'), ('XMODIFIERS', '@im=ibus'), ('XDG_SESSION_DESKTOP', 'ubuntu'), ('XAUTHORITY', '/run/user/1000/gdm/Xauthority'), ('JETSON_SOC', 'tegra194'), ('SNAP_USER_COMMON', '/home/colin/snap/qtcreator-ros/common'), ('SSH_AUTH_SOCK', '/run/user/1000/keyring/ssh'), ('SNAP_ARCH', 'arm64'), ('AMENT_PREFIX_PATH', '/opt/ros/galactic'), ('SNAP_COOKIE', 'NkzYEUNTstaA2WbKkz1wnxIWYV-SakGgt5q3W_pIO4FJf0mp8mM6'), ('SHELL', '/bin/bash'), ('QT_ACCESSIBILITY', '1'), ('SNAP_REEXEC', ''), ('GDMSESSION', 'ubuntu'), ('SNAP_NAME', 'qtcreator-ros'), ('GPG_AGENT_INFO', '/run/user/1000/gnupg/S.gpg-agent:0:1'), ('GJS_DEBUG_OUTPUT', 'stderr'), ('QT_IM_MODULE', 'ibus'), ('JETSON_CUDA_ARCH_BIN', '7.2'), ('PWD', '/home/colin/agv_gui/build/amr_v4_msgs_srvs'), ('QT_QPA_PLATFORM', 'wayland;xcb'), ('LC_ALL', 'en_US.UTF-8'), ('XDG_CONFIG_DIRS', '/etc/xdg/xdg-ubuntu:/etc/xdg'), ('SNAP_REAL_HOME', '/home/colin'), ('XDG_DATA_DIRS', '/usr/share/ubuntu:/usr/local/share/:/usr/share/:/var/lib/snapd/desktop'), ('SNAP_EUID', '1000'), ('PYTHONPATH', '/opt/ros/galactic/lib/python3.8/site-packages'), ('SNAP', '/snap/qtcreator-ros/108'), ('COLCON', '1'), ('JETSON_JETPACK', '5.1.1'), ('LIBGL_DRIVERS_PATH', '/snap/qtcreator-ros/108/usr/lib/aarch64-linux-gnu/dri'), ('JETSON_P_NUMBER', 'p3668-0003'), ('CMAKE_PREFIX_PATH', '/opt/ros/galactic')]), 'shell': False}
[0.712882] (-) TimerEvent: {}
[0.754729] (amr_v4_msgs_srvs) StdoutLine: {'line': b'-- Found ament_cmake: 1.1.6 (/opt/ros/galactic/share/ament_cmake/cmake)\n'}
[0.814249] (-) TimerEvent: {}
[0.895878] (amr_v4_msgs_srvs) StdoutLine: {'line': b'-- Found PythonInterp: /usr/bin/python3 (found suitable version "3.8.10", minimum required is "3") \n'}
[0.896939] (amr_v4_msgs_srvs) StdoutLine: {'line': b'-- Using PYTHON_EXECUTABLE: /usr/bin/python3\n'}
[0.914393] (-) TimerEvent: {}
[1.015061] (-) TimerEvent: {}
[1.115711] (-) TimerEvent: {}
[1.216431] (-) TimerEvent: {}
[1.245110] (amr_v4_msgs_srvs) StdoutLine: {'line': b'-- Found rosidl_default_generators: 1.1.1 (/opt/ros/galactic/share/rosidl_default_generators/cmake)\n'}
[1.257795] (amr_v4_msgs_srvs) StdoutLine: {'line': b'-- Using all available rosidl_typesupport_c: rosidl_typesupport_fastrtps_c;rosidl_typesupport_introspection_c\n'}
[1.282987] (amr_v4_msgs_srvs) StdoutLine: {'line': b'-- Found rosidl_adapter: 2.2.3 (/opt/ros/galactic/share/rosidl_adapter/cmake)\n'}
[1.316753] (-) TimerEvent: {}
[1.417417] (-) TimerEvent: {}
[1.518090] (-) TimerEvent: {}
[1.618762] (-) TimerEvent: {}
[1.719421] (-) TimerEvent: {}
[1.820118] (-) TimerEvent: {}
[1.920767] (-) TimerEvent: {}
[2.021486] (-) TimerEvent: {}
[2.069484] (amr_v4_msgs_srvs) StdoutLine: {'line': b'-- Using all available rosidl_typesupport_cpp: rosidl_typesupport_fastrtps_cpp;rosidl_typesupport_introspection_cpp\n'}
[2.121775] (-) TimerEvent: {}
[2.208516] (amr_v4_msgs_srvs) StdoutLine: {'line': b'-- Found rclcpp: 9.2.2 (/opt/ros/galactic/share/rclcpp/cmake)\n'}
[2.222042] (-) TimerEvent: {}
[2.322696] (-) TimerEvent: {}
[2.423400] (-) TimerEvent: {}
[2.509253] (amr_v4_msgs_srvs) StdoutLine: {'line': b'-- Found rmw_implementation_cmake: 3.3.1 (/opt/ros/galactic/share/rmw_implementation_cmake/cmake)\n'}
[2.518608] (amr_v4_msgs_srvs) StdoutLine: {'line': b'-- Found rmw_cyclonedds_cpp: 0.22.6 (/opt/ros/galactic/share/rmw_cyclonedds_cpp/cmake)\n'}
[2.523664] (-) TimerEvent: {}
[2.616060] (amr_v4_msgs_srvs) StdoutLine: {'line': b"-- Using RMW implementation 'rmw_cyclonedds_cpp' as default\n"}
[2.623908] (-) TimerEvent: {}
[2.724523] (-) TimerEvent: {}
[2.825129] (-) TimerEvent: {}
[2.925757] (-) TimerEvent: {}
[3.026364] (-) TimerEvent: {}
[3.127017] (-) TimerEvent: {}
[3.227628] (-) TimerEvent: {}
[3.328385] (-) TimerEvent: {}
[3.388860] (amr_v4_msgs_srvs) StdoutLine: {'line': b'-- Found PythonInterp: /usr/bin/python3 (found version "3.8.10") \n'}
[3.428652] (-) TimerEvent: {}
[3.529238] (-) TimerEvent: {}
[3.629844] (-) TimerEvent: {}
[3.730420] (-) TimerEvent: {}
[3.830956] (-) TimerEvent: {}
[3.932459] (-) TimerEvent: {}
[4.033099] (-) TimerEvent: {}
[4.096833] (amr_v4_msgs_srvs) StdoutLine: {'line': b'-- Found ament_cmake_ros: 0.9.2 (/opt/ros/galactic/share/ament_cmake_ros/cmake)\n'}
[4.133327] (-) TimerEvent: {}
[4.233952] (-) TimerEvent: {}
[4.334564] (-) TimerEvent: {}
[4.435177] (-) TimerEvent: {}
[4.535834] (-) TimerEvent: {}
[4.587307] (amr_v4_msgs_srvs) StdoutLine: {'line': b'-- Using all available rosidl_typesupport_c: rosidl_typesupport_fastrtps_c;rosidl_typesupport_introspection_c\n'}
[4.633220] (amr_v4_msgs_srvs) StdoutLine: {'line': b'-- Using all available rosidl_typesupport_cpp: rosidl_typesupport_fastrtps_cpp;rosidl_typesupport_introspection_cpp\n'}
[4.635918] (-) TimerEvent: {}
[4.736988] (-) TimerEvent: {}
[4.762191] (amr_v4_msgs_srvs) StdoutLine: {'line': b'-- Found PythonInterp: /usr/bin/python3 (found suitable version "3.8.10", minimum required is "3.5") \n'}
[4.764631] (amr_v4_msgs_srvs) StdoutLine: {'line': b'-- Found python_cmake_module: 0.8.1 (/opt/ros/galactic/share/python_cmake_module/cmake)\n'}
[4.837249] (-) TimerEvent: {}
[4.895672] (amr_v4_msgs_srvs) StdoutLine: {'line': b'-- Using PYTHON_EXECUTABLE: /usr/bin/python3\n'}
[4.896749] (amr_v4_msgs_srvs) StdoutLine: {'line': b'-- Using PYTHON_INCLUDE_DIRS: /usr/include/python3.8\n'}
[4.897336] (amr_v4_msgs_srvs) StdoutLine: {'line': b'-- Using PYTHON_LIBRARIES: /usr/lib/aarch64-linux-gnu/libpython3.8.so\n'}
[4.937555] (-) TimerEvent: {}
[4.972025] (amr_v4_msgs_srvs) StdoutLine: {'line': b'-- Found ament_lint_auto: 0.10.7 (/opt/ros/galactic/share/ament_lint_auto/cmake)\n'}
[5.026772] (amr_v4_msgs_srvs) StdoutLine: {'line': b"-- Added test 'copyright' to check source files copyright and LICENSE\n"}
[5.037812] (-) TimerEvent: {}
[5.039346] (amr_v4_msgs_srvs) StdoutLine: {'line': b"-- Added test 'lint_cmake' to check CMake code style\n"}
[5.046056] (amr_v4_msgs_srvs) StdoutLine: {'line': b"-- Added test 'xmllint' to check XML markup files\n"}
[5.079710] (amr_v4_msgs_srvs) StdoutLine: {'line': b'-- Configuring done\n'}
[5.138114] (-) TimerEvent: {}
[5.238978] (-) TimerEvent: {}
[5.339601] (-) TimerEvent: {}
[5.433703] (amr_v4_msgs_srvs) StdoutLine: {'line': b'-- Generating done\n'}
[5.440056] (-) TimerEvent: {}
[5.460120] (amr_v4_msgs_srvs) StdoutLine: {'line': b'-- Build files have been written to: /home/colin/agv_gui/build/amr_v4_msgs_srvs\n'}
[5.513337] (amr_v4_msgs_srvs) CommandEnded: {'returncode': 0}
[5.516216] (amr_v4_msgs_srvs) JobProgress: {'identifier': 'amr_v4_msgs_srvs', 'progress': 'build'}
[5.519821] (amr_v4_msgs_srvs) Command: {'cmd': ['/usr/bin/cmake', '--build', '/home/colin/agv_gui/build/amr_v4_msgs_srvs', '--', '-j6', '-l6'], 'cwd': '/home/colin/agv_gui/build/amr_v4_msgs_srvs', 'env': OrderedDict([('GJS_DEBUG_TOPICS', 'JS ERROR;JS LOG'), ('SNAP_INSTANCE_KEY', ''), ('USER', 'colin'), ('SNAP_COMMON', '/var/snap/qtcreator-ros/common'), ('SSH_AGENT_PID', '2428'), ('XDG_SESSION_TYPE', 'x11'), ('SNAP_UID', '1000'), ('SHLVL', '1'), ('LD_LIBRARY_PATH', '/opt/ros/galactic/opt/yaml_cpp_vendor/lib:/opt/ros/galactic/opt/rviz_ogre_vendor/lib:/opt/ros/galactic/lib/aarch64-linux-gnu:/opt/ros/galactic/lib:/snap/qtcreator-ros/108/lib:/snap/qtcreator-ros/108/usr/lib/aarch64-linux-gnu'), ('HOME', '/home/colin'), ('SNAP_LIBRARY_PATH', '/var/lib/snapd/lib/gl:/var/lib/snapd/lib/gl32:/var/lib/snapd/void'), ('DESKTOP_SESSION', 'ubuntu'), ('SNAP_USER_DATA', '/home/colin/snap/qtcreator-ros/108'), ('JETSON_L4T', '35.3.1'), ('GIO_LAUNCHED_DESKTOP_FILE', '/var/lib/snapd/desktop/applications/qtcreator-ros_qtcreator-ros.desktop'), ('ROS_PYTHON_VERSION', '3'), ('GNOME_SHELL_SESSION_MODE', 'ubuntu'), ('GTK_MODULES', 'gail:atk-bridge'), ('JETSON_MODEL', 'NVIDIA Jetson Xavier NX Developer Kit'), ('MANAGERPID', '1885'), ('DBUS_SESSION_BUS_ADDRESS', 'unix:path=/run/user/1000/bus'), ('SNAP_REVISION', '108'), ('GIO_LAUNCHED_DESKTOP_FILE_PID', '155586'), ('IM_CONFIG_PHASE', '1'), ('ROS_DISTRO', 'galactic'), ('LOGNAME', 'colin'), ('_', '/usr/bin/colcon'), ('JETSON_MODULE', 'NVIDIA Jetson Xavier NX (16GB ram)'), ('SNAP_CONTEXT', 'NkzYEUNTstaA2WbKkz1wnxIWYV-SakGgt5q3W_pIO4FJf0mp8mM6'), ('JETSON_SERIAL_NUMBER', '1421122056927'), ('JOURNAL_STREAM', '7:51928'), ('ROS_VERSION', '2'), ('JETSON_CODENAME', 'Jakku'), ('XDG_SESSION_CLASS', 'user'), ('SNAP_VERSION', '12.0.2'), ('USERNAME', 'colin'), ('GNOME_DESKTOP_SESSION_ID', 'this-is-deprecated'), ('SNAP_INSTANCE_NAME', 'qtcreator-ros'), ('ROS_LOCALHOST_ONLY', '0'), ('WINDOWPATH', '2'), ('PATH', '/opt/ros/galactic/bin:/usr/local/sbin:/usr/local/bin:/usr/sbin:/usr/bin:/sbin:/bin:/usr/games:/usr/local/games:/snap/bin'), ('SESSION_MANAGER', 'local/amr:@/tmp/.ICE-unix/2463,unix/amr:/tmp/.ICE-unix/2463'), ('INVOCATION_ID', '25f6b3cec0664570a8215e6a078861ec'), ('XDG_MENU_PREFIX', 'gnome-'), ('BAMF_DESKTOP_FILE_HINT', '/var/lib/snapd/desktop/applications/qtcreator-ros_qtcreator-ros.desktop'), ('SNAP_DATA', '/var/snap/qtcreator-ros/108'), ('XDG_RUNTIME_DIR', '/run/user/1000'), ('DISPLAY', ':0'), ('LANG', 'en_US.UTF-8'), ('XDG_CURRENT_DESKTOP', 'ubuntu:GNOME'), ('XMODIFIERS', '@im=ibus'), ('XDG_SESSION_DESKTOP', 'ubuntu'), ('XAUTHORITY', '/run/user/1000/gdm/Xauthority'), ('JETSON_SOC', 'tegra194'), ('SNAP_USER_COMMON', '/home/colin/snap/qtcreator-ros/common'), ('SSH_AUTH_SOCK', '/run/user/1000/keyring/ssh'), ('SNAP_ARCH', 'arm64'), ('AMENT_PREFIX_PATH', '/opt/ros/galactic'), ('SNAP_COOKIE', 'NkzYEUNTstaA2WbKkz1wnxIWYV-SakGgt5q3W_pIO4FJf0mp8mM6'), ('SHELL', '/bin/bash'), ('QT_ACCESSIBILITY', '1'), ('SNAP_REEXEC', ''), ('GDMSESSION', 'ubuntu'), ('SNAP_NAME', 'qtcreator-ros'), ('GPG_AGENT_INFO', '/run/user/1000/gnupg/S.gpg-agent:0:1'), ('GJS_DEBUG_OUTPUT', 'stderr'), ('QT_IM_MODULE', 'ibus'), ('JETSON_CUDA_ARCH_BIN', '7.2'), ('PWD', '/home/colin/agv_gui/build/amr_v4_msgs_srvs'), ('QT_QPA_PLATFORM', 'wayland;xcb'), ('LC_ALL', 'en_US.UTF-8'), ('XDG_CONFIG_DIRS', '/etc/xdg/xdg-ubuntu:/etc/xdg'), ('SNAP_REAL_HOME', '/home/colin'), ('XDG_DATA_DIRS', '/usr/share/ubuntu:/usr/local/share/:/usr/share/:/var/lib/snapd/desktop'), ('SNAP_EUID', '1000'), ('PYTHONPATH', '/opt/ros/galactic/lib/python3.8/site-packages'), ('SNAP', '/snap/qtcreator-ros/108'), ('COLCON', '1'), ('JETSON_JETPACK', '5.1.1'), ('LIBGL_DRIVERS_PATH', '/snap/qtcreator-ros/108/usr/lib/aarch64-linux-gnu/dri'), ('JETSON_P_NUMBER', 'p3668-0003'), ('CMAKE_PREFIX_PATH', '/opt/ros/galactic')]), 'shell': False}
[5.542596] (-) TimerEvent: {}
[5.643536] (-) TimerEvent: {}
[5.744225] (-) TimerEvent: {}
[5.842972] (amr_v4_msgs_srvs) StdoutLine: {'line': b'[  1%] Built target amr_v4_msgs_srvs__cpp\n'}
[5.844905] (-) TimerEvent: {}
[5.845880] (amr_v4_msgs_srvs) StdoutLine: {'line': b'[ 12%] Built target amr_v4_msgs_srvs__rosidl_generator_c\n'}
[5.945192] (-) TimerEvent: {}
[5.997672] (amr_v4_msgs_srvs) StdoutLine: {'line': b'[ 23%] Built target amr_v4_msgs_srvs__rosidl_typesupport_introspection_c\n'}
[6.000421] (amr_v4_msgs_srvs) StdoutLine: {'line': b'[ 34%] Built target amr_v4_msgs_srvs__rosidl_typesupport_cpp\n'}
[6.020825] (amr_v4_msgs_srvs) StdoutLine: {'line': b'[ 52%] Built target amr_v4_msgs_srvs__rosidl_typesupport_c\n'}
[6.023111] (amr_v4_msgs_srvs) StdoutLine: {'line': b'[ 56%] Built target amr_v4_msgs_srvs__rosidl_typesupport_introspection_cpp\n'}
[6.025313] (amr_v4_msgs_srvs) StdoutLine: {'line': b'[ 67%] Built target amr_v4_msgs_srvs__rosidl_typesupport_fastrtps_cpp\n'}
[6.045476] (-) TimerEvent: {}
[6.146104] (-) TimerEvent: {}
[6.183071] (amr_v4_msgs_srvs) StdoutLine: {'line': b'[ 78%] Built target amr_v4_msgs_srvs__rosidl_typesupport_fastrtps_c\n'}
[6.246383] (-) TimerEvent: {}
[6.295406] (amr_v4_msgs_srvs) StdoutLine: {'line': b'[ 78%] Built target amr_v4_msgs_srvs\n'}
[6.346615] (-) TimerEvent: {}
[6.411558] (amr_v4_msgs_srvs) StdoutLine: {'line': b'[ 80%] Built target amr_v4_msgs_srvs__py\n'}
[6.446858] (-) TimerEvent: {}
[6.547499] (-) TimerEvent: {}
[6.564158] (amr_v4_msgs_srvs) StdoutLine: {'line': b'[ 89%] Built target amr_v4_msgs_srvs__python\n'}
[6.647802] (-) TimerEvent: {}
[6.713101] (amr_v4_msgs_srvs) StdoutLine: {'line': b'[ 92%] Built target amr_v4_msgs_srvs__rosidl_typesupport_fastrtps_c__pyext\n'}
[6.724815] (amr_v4_msgs_srvs) StdoutLine: {'line': b'[100%] Built target amr_v4_msgs_srvs__rosidl_typesupport_c__pyext\n'}
[6.727157] (amr_v4_msgs_srvs) StdoutLine: {'line': b'[100%] Built target amr_v4_msgs_srvs__rosidl_typesupport_introspection_c__pyext\n'}
[6.747999] (-) TimerEvent: {}
[6.798009] (amr_v4_msgs_srvs) CommandEnded: {'returncode': 0}
[6.848872] (-) TimerEvent: {}
[6.949865] (-) TimerEvent: {}
[7.050590] (-) TimerEvent: {}
[7.151150] (-) TimerEvent: {}
[7.251997] (-) TimerEvent: {}
[7.352462] (-) TimerEvent: {}
[7.421195] (amr_v4_msgs_srvs) JobProgress: {'identifier': 'amr_v4_msgs_srvs', 'progress': 'install'}
[7.453659] (-) TimerEvent: {}
[7.481008] (amr_v4_msgs_srvs) Command: {'cmd': ['/usr/bin/cmake', '--install', '/home/colin/agv_gui/build/amr_v4_msgs_srvs'], 'cwd': '/home/colin/agv_gui/build/amr_v4_msgs_srvs', 'env': OrderedDict([('GJS_DEBUG_TOPICS', 'JS ERROR;JS LOG'), ('SNAP_INSTANCE_KEY', ''), ('USER', 'colin'), ('SNAP_COMMON', '/var/snap/qtcreator-ros/common'), ('SSH_AGENT_PID', '2428'), ('XDG_SESSION_TYPE', 'x11'), ('SNAP_UID', '1000'), ('SHLVL', '1'), ('LD_LIBRARY_PATH', '/opt/ros/galactic/opt/yaml_cpp_vendor/lib:/opt/ros/galactic/opt/rviz_ogre_vendor/lib:/opt/ros/galactic/lib/aarch64-linux-gnu:/opt/ros/galactic/lib:/snap/qtcreator-ros/108/lib:/snap/qtcreator-ros/108/usr/lib/aarch64-linux-gnu'), ('HOME', '/home/colin'), ('SNAP_LIBRARY_PATH', '/var/lib/snapd/lib/gl:/var/lib/snapd/lib/gl32:/var/lib/snapd/void'), ('DESKTOP_SESSION', 'ubuntu'), ('SNAP_USER_DATA', '/home/colin/snap/qtcreator-ros/108'), ('JETSON_L4T', '35.3.1'), ('GIO_LAUNCHED_DESKTOP_FILE', '/var/lib/snapd/desktop/applications/qtcreator-ros_qtcreator-ros.desktop'), ('ROS_PYTHON_VERSION', '3'), ('GNOME_SHELL_SESSION_MODE', 'ubuntu'), ('GTK_MODULES', 'gail:atk-bridge'), ('JETSON_MODEL', 'NVIDIA Jetson Xavier NX Developer Kit'), ('MANAGERPID', '1885'), ('DBUS_SESSION_BUS_ADDRESS', 'unix:path=/run/user/1000/bus'), ('SNAP_REVISION', '108'), ('GIO_LAUNCHED_DESKTOP_FILE_PID', '155586'), ('IM_CONFIG_PHASE', '1'), ('ROS_DISTRO', 'galactic'), ('LOGNAME', 'colin'), ('_', '/usr/bin/colcon'), ('JETSON_MODULE', 'NVIDIA Jetson Xavier NX (16GB ram)'), ('SNAP_CONTEXT', 'NkzYEUNTstaA2WbKkz1wnxIWYV-SakGgt5q3W_pIO4FJf0mp8mM6'), ('JETSON_SERIAL_NUMBER', '1421122056927'), ('JOURNAL_STREAM', '7:51928'), ('ROS_VERSION', '2'), ('JETSON_CODENAME', 'Jakku'), ('XDG_SESSION_CLASS', 'user'), ('SNAP_VERSION', '12.0.2'), ('USERNAME', 'colin'), ('GNOME_DESKTOP_SESSION_ID', 'this-is-deprecated'), ('SNAP_INSTANCE_NAME', 'qtcreator-ros'), ('ROS_LOCALHOST_ONLY', '0'), ('WINDOWPATH', '2'), ('PATH', '/opt/ros/galactic/bin:/usr/local/sbin:/usr/local/bin:/usr/sbin:/usr/bin:/sbin:/bin:/usr/games:/usr/local/games:/snap/bin'), ('SESSION_MANAGER', 'local/amr:@/tmp/.ICE-unix/2463,unix/amr:/tmp/.ICE-unix/2463'), ('INVOCATION_ID', '25f6b3cec0664570a8215e6a078861ec'), ('XDG_MENU_PREFIX', 'gnome-'), ('BAMF_DESKTOP_FILE_HINT', '/var/lib/snapd/desktop/applications/qtcreator-ros_qtcreator-ros.desktop'), ('SNAP_DATA', '/var/snap/qtcreator-ros/108'), ('XDG_RUNTIME_DIR', '/run/user/1000'), ('DISPLAY', ':0'), ('LANG', 'en_US.UTF-8'), ('XDG_CURRENT_DESKTOP', 'ubuntu:GNOME'), ('XMODIFIERS', '@im=ibus'), ('XDG_SESSION_DESKTOP', 'ubuntu'), ('XAUTHORITY', '/run/user/1000/gdm/Xauthority'), ('JETSON_SOC', 'tegra194'), ('SNAP_USER_COMMON', '/home/colin/snap/qtcreator-ros/common'), ('SSH_AUTH_SOCK', '/run/user/1000/keyring/ssh'), ('SNAP_ARCH', 'arm64'), ('AMENT_PREFIX_PATH', '/opt/ros/galactic'), ('SNAP_COOKIE', 'NkzYEUNTstaA2WbKkz1wnxIWYV-SakGgt5q3W_pIO4FJf0mp8mM6'), ('SHELL', '/bin/bash'), ('QT_ACCESSIBILITY', '1'), ('SNAP_REEXEC', ''), ('GDMSESSION', 'ubuntu'), ('SNAP_NAME', 'qtcreator-ros'), ('GPG_AGENT_INFO', '/run/user/1000/gnupg/S.gpg-agent:0:1'), ('GJS_DEBUG_OUTPUT', 'stderr'), ('QT_IM_MODULE', 'ibus'), ('JETSON_CUDA_ARCH_BIN', '7.2'), ('PWD', '/home/colin/agv_gui/build/amr_v4_msgs_srvs'), ('QT_QPA_PLATFORM', 'wayland;xcb'), ('LC_ALL', 'en_US.UTF-8'), ('XDG_CONFIG_DIRS', '/etc/xdg/xdg-ubuntu:/etc/xdg'), ('SNAP_REAL_HOME', '/home/colin'), ('XDG_DATA_DIRS', '/usr/share/ubuntu:/usr/local/share/:/usr/share/:/var/lib/snapd/desktop'), ('SNAP_EUID', '1000'), ('PYTHONPATH', '/opt/ros/galactic/lib/python3.8/site-packages'), ('SNAP', '/snap/qtcreator-ros/108'), ('COLCON', '1'), ('JETSON_JETPACK', '5.1.1'), ('LIBGL_DRIVERS_PATH', '/snap/qtcreator-ros/108/usr/lib/aarch64-linux-gnu/dri'), ('JETSON_P_NUMBER', 'p3668-0003'), ('CMAKE_PREFIX_PATH', '/opt/ros/galactic')]), 'shell': False}
[7.543094] (amr_v4_msgs_srvs) StdoutLine: {'line': b'-- Install configuration: ""\n'}
[7.546916] (amr_v4_msgs_srvs) StdoutLine: {'line': b'-- Up-to-date: /home/colin/agv_gui/install/amr_v4_msgs_srvs/share/ament_index/resource_index/rosidl_interfaces/amr_v4_msgs_srvs\n'}
[7.550823] (amr_v4_msgs_srvs) StdoutLine: {'line': b'-- Up-to-date: /home/colin/agv_gui/install/amr_v4_msgs_srvs/include/amr_v4_msgs_srvs\n'}
[7.551960] (amr_v4_msgs_srvs) StdoutLine: {'line': b'-- Up-to-date: /home/colin/agv_gui/install/amr_v4_msgs_srvs/include/amr_v4_msgs_srvs/msg\n'}
[7.552578] (amr_v4_msgs_srvs) StdoutLine: {'line': b'-- Up-to-date: /home/colin/agv_gui/install/amr_v4_msgs_srvs/include/amr_v4_msgs_srvs/msg/detail\n'}
[7.563236] (-) TimerEvent: {}
[7.563894] (amr_v4_msgs_srvs) StdoutLine: {'line': b'-- Up-to-date: /home/colin/agv_gui/install/amr_v4_msgs_srvs/include/amr_v4_msgs_srvs/msg/detail/robot__functions.h\n'}
[7.566324] (amr_v4_msgs_srvs) StdoutLine: {'line': b'-- Up-to-date: /home/colin/agv_gui/install/amr_v4_msgs_srvs/include/amr_v4_msgs_srvs/msg/detail/pin__struct.h\n'}
[7.570748] (amr_v4_msgs_srvs) StdoutLine: {'line': b'-- Up-to-date: /home/colin/agv_gui/install/amr_v4_msgs_srvs/include/amr_v4_msgs_srvs/msg/detail/motor__struct.h\n'}
[7.571541] (amr_v4_msgs_srvs) StdoutLine: {'line': b'-- Up-to-date: /home/colin/agv_gui/install/amr_v4_msgs_srvs/include/amr_v4_msgs_srvs/msg/detail/motor__functions.h\n'}
[7.572540] (amr_v4_msgs_srvs) StdoutLine: {'line': b'-- Up-to-date: /home/colin/agv_gui/install/amr_v4_msgs_srvs/include/amr_v4_msgs_srvs/msg/detail/pin__functions.c\n'}
[7.573038] (amr_v4_msgs_srvs) StdoutLine: {'line': b'-- Up-to-date: /home/colin/agv_gui/install/amr_v4_msgs_srvs/include/amr_v4_msgs_srvs/msg/detail/motor__functions.c\n'}
[7.574140] (amr_v4_msgs_srvs) StdoutLine: {'line': b'-- Up-to-date: /home/colin/agv_gui/install/amr_v4_msgs_srvs/include/amr_v4_msgs_srvs/msg/detail/robot__struct.h\n'}
[7.575017] (amr_v4_msgs_srvs) StdoutLine: {'line': b'-- Up-to-date: /home/colin/agv_gui/install/amr_v4_msgs_srvs/include/amr_v4_msgs_srvs/msg/detail/motor__type_support.h\n'}
[7.575852] (amr_v4_msgs_srvs) StdoutLine: {'line': b'-- Up-to-date: /home/colin/agv_gui/install/amr_v4_msgs_srvs/include/amr_v4_msgs_srvs/msg/detail/robot__functions.c\n'}
[7.578518] (amr_v4_msgs_srvs) StdoutLine: {'line': b'-- Up-to-date: /home/colin/agv_gui/install/amr_v4_msgs_srvs/include/amr_v4_msgs_srvs/msg/detail/pin__functions.h\n'}
[7.580345] (amr_v4_msgs_srvs) StdoutLine: {'line': b'-- Up-to-date: /home/colin/agv_gui/install/amr_v4_msgs_srvs/include/amr_v4_msgs_srvs/msg/detail/robot__type_support.h\n'}
[7.582055] (amr_v4_msgs_srvs) StdoutLine: {'line': b'-- Up-to-date: /home/colin/agv_gui/install/amr_v4_msgs_srvs/include/amr_v4_msgs_srvs/msg/detail/pin__type_support.h\n'}
[7.582574] (amr_v4_msgs_srvs) StdoutLine: {'line': b'-- Up-to-date: /home/colin/agv_gui/install/amr_v4_msgs_srvs/include/amr_v4_msgs_srvs/msg/motor.h\n'}
[7.583061] (amr_v4_msgs_srvs) StdoutLine: {'line': b'-- Up-to-date: /home/colin/agv_gui/install/amr_v4_msgs_srvs/include/amr_v4_msgs_srvs/msg/robot.h\n'}
[7.584098] (amr_v4_msgs_srvs) StdoutLine: {'line': b'-- Up-to-date: /home/colin/agv_gui/install/amr_v4_msgs_srvs/include/amr_v4_msgs_srvs/msg/rosidl_generator_c__visibility_control.h\n'}
[7.592290] (amr_v4_msgs_srvs) StdoutLine: {'line': b'-- Up-to-date: /home/colin/agv_gui/install/amr_v4_msgs_srvs/include/amr_v4_msgs_srvs/msg/pin.h\n'}
[7.592993] (amr_v4_msgs_srvs) StdoutLine: {'line': b'-- Up-to-date: /home/colin/agv_gui/install/amr_v4_msgs_srvs/include/amr_v4_msgs_srvs/srv\n'}
[7.593470] (amr_v4_msgs_srvs) StdoutLine: {'line': b'-- Up-to-date: /home/colin/agv_gui/install/amr_v4_msgs_srvs/include/amr_v4_msgs_srvs/srv/detail\n'}
[7.594429] (amr_v4_msgs_srvs) StdoutLine: {'line': b'-- Up-to-date: /home/colin/agv_gui/install/amr_v4_msgs_srvs/include/amr_v4_msgs_srvs/srv/detail/testserv__struct.h\n'}
[7.594915] (amr_v4_msgs_srvs) StdoutLine: {'line': b'-- Up-to-date: /home/colin/agv_gui/install/amr_v4_msgs_srvs/include/amr_v4_msgs_srvs/srv/detail/testserv__type_support.h\n'}
[7.595806] (amr_v4_msgs_srvs) StdoutLine: {'line': b'-- Up-to-date: /home/colin/agv_gui/install/amr_v4_msgs_srvs/include/amr_v4_msgs_srvs/srv/detail/testserv__functions.c\n'}
[7.596380] (amr_v4_msgs_srvs) StdoutLine: {'line': b'-- Up-to-date: /home/colin/agv_gui/install/amr_v4_msgs_srvs/include/amr_v4_msgs_srvs/srv/detail/testserv__functions.h\n'}
[7.597030] (amr_v4_msgs_srvs) StdoutLine: {'line': b'-- Up-to-date: /home/colin/agv_gui/install/amr_v4_msgs_srvs/include/amr_v4_msgs_srvs/srv/testserv.h\n'}
[7.597923] (amr_v4_msgs_srvs) StdoutLine: {'line': b'-- Up-to-date: /home/colin/agv_gui/install/amr_v4_msgs_srvs/share/amr_v4_msgs_srvs/environment/library_path.sh\n'}
[7.598914] (amr_v4_msgs_srvs) StdoutLine: {'line': b'-- Installing: /home/colin/agv_gui/install/amr_v4_msgs_srvs/share/amr_v4_msgs_srvs/environment/library_path.dsv\n'}
[7.600127] (amr_v4_msgs_srvs) StdoutLine: {'line': b'-- Up-to-date: /home/colin/agv_gui/install/amr_v4_msgs_srvs/lib/libamr_v4_msgs_srvs__rosidl_generator_c.so\n'}
[7.600632] (amr_v4_msgs_srvs) StdoutLine: {'line': b'-- Up-to-date: /home/colin/agv_gui/install/amr_v4_msgs_srvs/include/amr_v4_msgs_srvs\n'}
[7.601584] (amr_v4_msgs_srvs) StdoutLine: {'line': b'-- Up-to-date: /home/colin/agv_gui/install/amr_v4_msgs_srvs/include/amr_v4_msgs_srvs/msg\n'}
[7.602086] (amr_v4_msgs_srvs) StdoutLine: {'line': b'-- Up-to-date: /home/colin/agv_gui/install/amr_v4_msgs_srvs/include/amr_v4_msgs_srvs/msg/detail\n'}
[7.602566] (amr_v4_msgs_srvs) StdoutLine: {'line': b'-- Up-to-date: /home/colin/agv_gui/install/amr_v4_msgs_srvs/include/amr_v4_msgs_srvs/msg/detail/motor__rosidl_typesupport_fastrtps_c.h\n'}
[7.603872] (amr_v4_msgs_srvs) StdoutLine: {'line': b'-- Up-to-date: /home/colin/agv_gui/install/amr_v4_msgs_srvs/include/amr_v4_msgs_srvs/msg/detail/robot__rosidl_typesupport_fastrtps_c.h\n'}
[7.604479] (amr_v4_msgs_srvs) StdoutLine: {'line': b'-- Up-to-date: /home/colin/agv_gui/install/amr_v4_msgs_srvs/include/amr_v4_msgs_srvs/msg/detail/pin__rosidl_typesupport_fastrtps_c.h\n'}
[7.605154] (amr_v4_msgs_srvs) StdoutLine: {'line': b'-- Up-to-date: /home/colin/agv_gui/install/amr_v4_msgs_srvs/include/amr_v4_msgs_srvs/msg/rosidl_typesupport_fastrtps_c__visibility_control.h\n'}
[7.605709] (amr_v4_msgs_srvs) StdoutLine: {'line': b'-- Up-to-date: /home/colin/agv_gui/install/amr_v4_msgs_srvs/include/amr_v4_msgs_srvs/srv\n'}
[7.606155] (amr_v4_msgs_srvs) StdoutLine: {'line': b'-- Up-to-date: /home/colin/agv_gui/install/amr_v4_msgs_srvs/include/amr_v4_msgs_srvs/srv/detail\n'}
[7.606609] (amr_v4_msgs_srvs) StdoutLine: {'line': b'-- Up-to-date: /home/colin/agv_gui/install/amr_v4_msgs_srvs/include/amr_v4_msgs_srvs/srv/detail/testserv__rosidl_typesupport_fastrtps_c.h\n'}
[7.607059] (amr_v4_msgs_srvs) StdoutLine: {'line': b'-- Up-to-date: /home/colin/agv_gui/install/amr_v4_msgs_srvs/lib/libamr_v4_msgs_srvs__rosidl_typesupport_fastrtps_c.so\n'}
[7.607499] (amr_v4_msgs_srvs) StdoutLine: {'line': b'-- Up-to-date: /home/colin/agv_gui/install/amr_v4_msgs_srvs/include/amr_v4_msgs_srvs\n'}
[7.608005] (amr_v4_msgs_srvs) StdoutLine: {'line': b'-- Up-to-date: /home/colin/agv_gui/install/amr_v4_msgs_srvs/include/amr_v4_msgs_srvs/msg\n'}
[7.608420] (amr_v4_msgs_srvs) StdoutLine: {'line': b'-- Up-to-date: /home/colin/agv_gui/install/amr_v4_msgs_srvs/include/amr_v4_msgs_srvs/msg/detail\n'}
[7.608855] (amr_v4_msgs_srvs) StdoutLine: {'line': b'-- Up-to-date: /home/colin/agv_gui/install/amr_v4_msgs_srvs/include/amr_v4_msgs_srvs/msg/detail/robot__rosidl_typesupport_fastrtps_cpp.hpp\n'}
[7.609279] (amr_v4_msgs_srvs) StdoutLine: {'line': b'-- Up-to-date: /home/colin/agv_gui/install/amr_v4_msgs_srvs/include/amr_v4_msgs_srvs/msg/detail/pin__rosidl_typesupport_fastrtps_cpp.hpp\n'}
[7.609730] (amr_v4_msgs_srvs) StdoutLine: {'line': b'-- Up-to-date: /home/colin/agv_gui/install/amr_v4_msgs_srvs/include/amr_v4_msgs_srvs/msg/detail/dds_fastrtps\n'}
[7.610178] (amr_v4_msgs_srvs) StdoutLine: {'line': b'-- Up-to-date: /home/colin/agv_gui/install/amr_v4_msgs_srvs/include/amr_v4_msgs_srvs/msg/detail/motor__rosidl_typesupport_fastrtps_cpp.hpp\n'}
[7.610752] (amr_v4_msgs_srvs) StdoutLine: {'line': b'-- Up-to-date: /home/colin/agv_gui/install/amr_v4_msgs_srvs/include/amr_v4_msgs_srvs/msg/rosidl_typesupport_fastrtps_cpp__visibility_control.h\n'}
[7.611214] (amr_v4_msgs_srvs) StdoutLine: {'line': b'-- Up-to-date: /home/colin/agv_gui/install/amr_v4_msgs_srvs/include/amr_v4_msgs_srvs/srv\n'}
[7.612223] (amr_v4_msgs_srvs) StdoutLine: {'line': b'-- Up-to-date: /home/colin/agv_gui/install/amr_v4_msgs_srvs/include/amr_v4_msgs_srvs/srv/detail\n'}
[7.612992] (amr_v4_msgs_srvs) StdoutLine: {'line': b'-- Up-to-date: /home/colin/agv_gui/install/amr_v4_msgs_srvs/include/amr_v4_msgs_srvs/srv/detail/dds_fastrtps\n'}
[7.613463] (amr_v4_msgs_srvs) StdoutLine: {'line': b'-- Up-to-date: /home/colin/agv_gui/install/amr_v4_msgs_srvs/include/amr_v4_msgs_srvs/srv/detail/testserv__rosidl_typesupport_fastrtps_cpp.hpp\n'}
[7.613992] (amr_v4_msgs_srvs) StdoutLine: {'line': b'-- Up-to-date: /home/colin/agv_gui/install/amr_v4_msgs_srvs/lib/libamr_v4_msgs_srvs__rosidl_typesupport_fastrtps_cpp.so\n'}
[7.614557] (amr_v4_msgs_srvs) StdoutLine: {'line': b'-- Up-to-date: /home/colin/agv_gui/install/amr_v4_msgs_srvs/include/amr_v4_msgs_srvs\n'}
[7.615000] (amr_v4_msgs_srvs) StdoutLine: {'line': b'-- Up-to-date: /home/colin/agv_gui/install/amr_v4_msgs_srvs/include/amr_v4_msgs_srvs/msg\n'}
[7.615477] (amr_v4_msgs_srvs) StdoutLine: {'line': b'-- Up-to-date: /home/colin/agv_gui/install/amr_v4_msgs_srvs/include/amr_v4_msgs_srvs/msg/detail\n'}
[7.616022] (amr_v4_msgs_srvs) StdoutLine: {'line': b'-- Up-to-date: /home/colin/agv_gui/install/amr_v4_msgs_srvs/include/amr_v4_msgs_srvs/msg/detail/robot__type_support.c\n'}
[7.616536] (amr_v4_msgs_srvs) StdoutLine: {'line': b'-- Up-to-date: /home/colin/agv_gui/install/amr_v4_msgs_srvs/include/amr_v4_msgs_srvs/msg/detail/pin__rosidl_typesupport_introspection_c.h\n'}
[7.616996] (amr_v4_msgs_srvs) StdoutLine: {'line': b'-- Up-to-date: /home/colin/agv_gui/install/amr_v4_msgs_srvs/include/amr_v4_msgs_srvs/msg/detail/pin__type_support.c\n'}
[7.617436] (amr_v4_msgs_srvs) StdoutLine: {'line': b'-- Up-to-date: /home/colin/agv_gui/install/amr_v4_msgs_srvs/include/amr_v4_msgs_srvs/msg/detail/motor__rosidl_typesupport_introspection_c.h\n'}
[7.618045] (amr_v4_msgs_srvs) StdoutLine: {'line': b'-- Up-to-date: /home/colin/agv_gui/install/amr_v4_msgs_srvs/include/amr_v4_msgs_srvs/msg/detail/robot__rosidl_typesupport_introspection_c.h\n'}
[7.618512] (amr_v4_msgs_srvs) StdoutLine: {'line': b'-- Up-to-date: /home/colin/agv_gui/install/amr_v4_msgs_srvs/include/amr_v4_msgs_srvs/msg/detail/motor__type_support.c\n'}
[7.618978] (amr_v4_msgs_srvs) StdoutLine: {'line': b'-- Up-to-date: /home/colin/agv_gui/install/amr_v4_msgs_srvs/include/amr_v4_msgs_srvs/msg/rosidl_typesupport_introspection_c__visibility_control.h\n'}
[7.619416] (amr_v4_msgs_srvs) StdoutLine: {'line': b'-- Up-to-date: /home/colin/agv_gui/install/amr_v4_msgs_srvs/include/amr_v4_msgs_srvs/srv\n'}
[7.620335] (amr_v4_msgs_srvs) StdoutLine: {'line': b'-- Up-to-date: /home/colin/agv_gui/install/amr_v4_msgs_srvs/include/amr_v4_msgs_srvs/srv/detail\n'}
[7.621222] (amr_v4_msgs_srvs) StdoutLine: {'line': b'-- Up-to-date: /home/colin/agv_gui/install/amr_v4_msgs_srvs/include/amr_v4_msgs_srvs/srv/detail/testserv__rosidl_typesupport_introspection_c.h\n'}
[7.621716] (amr_v4_msgs_srvs) StdoutLine: {'line': b'-- Up-to-date: /home/colin/agv_gui/install/amr_v4_msgs_srvs/include/amr_v4_msgs_srvs/srv/detail/testserv__type_support.c\n'}
[7.622166] (amr_v4_msgs_srvs) StdoutLine: {'line': b'-- Up-to-date: /home/colin/agv_gui/install/amr_v4_msgs_srvs/lib/libamr_v4_msgs_srvs__rosidl_typesupport_introspection_c.so\n'}
[7.623260] (amr_v4_msgs_srvs) StdoutLine: {'line': b'-- Up-to-date: /home/colin/agv_gui/install/amr_v4_msgs_srvs/lib/libamr_v4_msgs_srvs__rosidl_typesupport_c.so\n'}
[7.623839] (amr_v4_msgs_srvs) StdoutLine: {'line': b'-- Up-to-date: /home/colin/agv_gui/install/amr_v4_msgs_srvs/include/amr_v4_msgs_srvs\n'}
[7.624333] (amr_v4_msgs_srvs) StdoutLine: {'line': b'-- Up-to-date: /home/colin/agv_gui/install/amr_v4_msgs_srvs/include/amr_v4_msgs_srvs/msg\n'}
[7.625081] (amr_v4_msgs_srvs) StdoutLine: {'line': b'-- Up-to-date: /home/colin/agv_gui/install/amr_v4_msgs_srvs/include/amr_v4_msgs_srvs/msg/detail\n'}
[7.625548] (amr_v4_msgs_srvs) StdoutLine: {'line': b'-- Up-to-date: /home/colin/agv_gui/install/amr_v4_msgs_srvs/include/amr_v4_msgs_srvs/msg/detail/motor__struct.hpp\n'}
[7.626230] (amr_v4_msgs_srvs) StdoutLine: {'line': b'-- Up-to-date: /home/colin/agv_gui/install/amr_v4_msgs_srvs/include/amr_v4_msgs_srvs/msg/detail/robot__struct.hpp\n'}
[7.626665] (amr_v4_msgs_srvs) StdoutLine: {'line': b'-- Up-to-date: /home/colin/agv_gui/install/amr_v4_msgs_srvs/include/amr_v4_msgs_srvs/msg/detail/pin__builder.hpp\n'}
[7.627229] (amr_v4_msgs_srvs) StdoutLine: {'line': b'-- Up-to-date: /home/colin/agv_gui/install/amr_v4_msgs_srvs/include/amr_v4_msgs_srvs/msg/detail/motor__builder.hpp\n'}
[7.627857] (amr_v4_msgs_srvs) StdoutLine: {'line': b'-- Up-to-date: /home/colin/agv_gui/install/amr_v4_msgs_srvs/include/amr_v4_msgs_srvs/msg/detail/pin__struct.hpp\n'}
[7.628295] (amr_v4_msgs_srvs) StdoutLine: {'line': b'-- Up-to-date: /home/colin/agv_gui/install/amr_v4_msgs_srvs/include/amr_v4_msgs_srvs/msg/detail/robot__builder.hpp\n'}
[7.628693] (amr_v4_msgs_srvs) StdoutLine: {'line': b'-- Up-to-date: /home/colin/agv_gui/install/amr_v4_msgs_srvs/include/amr_v4_msgs_srvs/msg/detail/pin__traits.hpp\n'}
[7.629162] (amr_v4_msgs_srvs) StdoutLine: {'line': b'-- Up-to-date: /home/colin/agv_gui/install/amr_v4_msgs_srvs/include/amr_v4_msgs_srvs/msg/detail/motor__traits.hpp\n'}
[7.629565] (amr_v4_msgs_srvs) StdoutLine: {'line': b'-- Up-to-date: /home/colin/agv_gui/install/amr_v4_msgs_srvs/include/amr_v4_msgs_srvs/msg/detail/robot__traits.hpp\n'}
[7.629973] (amr_v4_msgs_srvs) StdoutLine: {'line': b'-- Up-to-date: /home/colin/agv_gui/install/amr_v4_msgs_srvs/include/amr_v4_msgs_srvs/msg/pin.hpp\n'}
[7.630645] (amr_v4_msgs_srvs) StdoutLine: {'line': b'-- Up-to-date: /home/colin/agv_gui/install/amr_v4_msgs_srvs/include/amr_v4_msgs_srvs/msg/robot.hpp\n'}
[7.631141] (amr_v4_msgs_srvs) StdoutLine: {'line': b'-- Up-to-date: /home/colin/agv_gui/install/amr_v4_msgs_srvs/include/amr_v4_msgs_srvs/msg/motor.hpp\n'}
[7.631550] (amr_v4_msgs_srvs) StdoutLine: {'line': b'-- Up-to-date: /home/colin/agv_gui/install/amr_v4_msgs_srvs/include/amr_v4_msgs_srvs/srv\n'}
[7.632105] (amr_v4_msgs_srvs) StdoutLine: {'line': b'-- Up-to-date: /home/colin/agv_gui/install/amr_v4_msgs_srvs/include/amr_v4_msgs_srvs/srv/detail\n'}
[7.632516] (amr_v4_msgs_srvs) StdoutLine: {'line': b'-- Up-to-date: /home/colin/agv_gui/install/amr_v4_msgs_srvs/include/amr_v4_msgs_srvs/srv/detail/testserv__builder.hpp\n'}
[7.632936] (amr_v4_msgs_srvs) StdoutLine: {'line': b'-- Up-to-date: /home/colin/agv_gui/install/amr_v4_msgs_srvs/include/amr_v4_msgs_srvs/srv/detail/testserv__struct.hpp\n'}
[7.633352] (amr_v4_msgs_srvs) StdoutLine: {'line': b'-- Up-to-date: /home/colin/agv_gui/install/amr_v4_msgs_srvs/include/amr_v4_msgs_srvs/srv/detail/testserv__traits.hpp\n'}
[7.633747] (amr_v4_msgs_srvs) StdoutLine: {'line': b'-- Up-to-date: /home/colin/agv_gui/install/amr_v4_msgs_srvs/include/amr_v4_msgs_srvs/srv/testserv.hpp\n'}
[7.634234] (amr_v4_msgs_srvs) StdoutLine: {'line': b'-- Up-to-date: /home/colin/agv_gui/install/amr_v4_msgs_srvs/include/amr_v4_msgs_srvs\n'}
[7.634670] (amr_v4_msgs_srvs) StdoutLine: {'line': b'-- Up-to-date: /home/colin/agv_gui/install/amr_v4_msgs_srvs/include/amr_v4_msgs_srvs/msg\n'}
[7.635118] (amr_v4_msgs_srvs) StdoutLine: {'line': b'-- Up-to-date: /home/colin/agv_gui/install/amr_v4_msgs_srvs/include/amr_v4_msgs_srvs/msg/detail\n'}
[7.635629] (amr_v4_msgs_srvs) StdoutLine: {'line': b'-- Up-to-date: /home/colin/agv_gui/install/amr_v4_msgs_srvs/include/amr_v4_msgs_srvs/msg/detail/robot__rosidl_typesupport_introspection_cpp.hpp\n'}
[7.636134] (amr_v4_msgs_srvs) StdoutLine: {'line': b'-- Up-to-date: /home/colin/agv_gui/install/amr_v4_msgs_srvs/include/amr_v4_msgs_srvs/msg/detail/motor__rosidl_typesupport_introspection_cpp.hpp\n'}
[7.637478] (amr_v4_msgs_srvs) StdoutLine: {'line': b'-- Up-to-date: /home/colin/agv_gui/install/amr_v4_msgs_srvs/include/amr_v4_msgs_srvs/msg/detail/motor__type_support.cpp\n'}
[7.638364] (amr_v4_msgs_srvs) StdoutLine: {'line': b'-- Up-to-date: /home/colin/agv_gui/install/amr_v4_msgs_srvs/include/amr_v4_msgs_srvs/msg/detail/robot__type_support.cpp\n'}
[7.638824] (amr_v4_msgs_srvs) StdoutLine: {'line': b'-- Up-to-date: /home/colin/agv_gui/install/amr_v4_msgs_srvs/include/amr_v4_msgs_srvs/msg/detail/pin__rosidl_typesupport_introspection_cpp.hpp\n'}
[7.639276] (amr_v4_msgs_srvs) StdoutLine: {'line': b'-- Up-to-date: /home/colin/agv_gui/install/amr_v4_msgs_srvs/include/amr_v4_msgs_srvs/msg/detail/pin__type_support.cpp\n'}
[7.639878] (amr_v4_msgs_srvs) StdoutLine: {'line': b'-- Up-to-date: /home/colin/agv_gui/install/amr_v4_msgs_srvs/include/amr_v4_msgs_srvs/srv\n'}
[7.640351] (amr_v4_msgs_srvs) StdoutLine: {'line': b'-- Up-to-date: /home/colin/agv_gui/install/amr_v4_msgs_srvs/include/amr_v4_msgs_srvs/srv/detail\n'}
[7.640828] (amr_v4_msgs_srvs) StdoutLine: {'line': b'-- Up-to-date: /home/colin/agv_gui/install/amr_v4_msgs_srvs/include/amr_v4_msgs_srvs/srv/detail/testserv__type_support.cpp\n'}
[7.641264] (amr_v4_msgs_srvs) StdoutLine: {'line': b'-- Up-to-date: /home/colin/agv_gui/install/amr_v4_msgs_srvs/include/amr_v4_msgs_srvs/srv/detail/testserv__rosidl_typesupport_introspection_cpp.hpp\n'}
[7.641676] (amr_v4_msgs_srvs) StdoutLine: {'line': b'-- Up-to-date: /home/colin/agv_gui/install/amr_v4_msgs_srvs/lib/libamr_v4_msgs_srvs__rosidl_typesupport_introspection_cpp.so\n'}
[7.642137] (amr_v4_msgs_srvs) StdoutLine: {'line': b'-- Up-to-date: /home/colin/agv_gui/install/amr_v4_msgs_srvs/lib/libamr_v4_msgs_srvs__rosidl_typesupport_cpp.so\n'}
[7.642928] (amr_v4_msgs_srvs) StdoutLine: {'line': b'-- Up-to-date: /home/colin/agv_gui/install/amr_v4_msgs_srvs/share/amr_v4_msgs_srvs/environment/pythonpath.sh\n'}
[7.644092] (amr_v4_msgs_srvs) StdoutLine: {'line': b'-- Installing: /home/colin/agv_gui/install/amr_v4_msgs_srvs/share/amr_v4_msgs_srvs/environment/pythonpath.dsv\n'}
[7.645233] (amr_v4_msgs_srvs) StdoutLine: {'line': b'-- Installing: /home/colin/agv_gui/install/amr_v4_msgs_srvs/lib/python3.8/site-packages/amr_v4_msgs_srvs/__init__.py\n'}
[7.662847] (-) TimerEvent: {}
[7.763377] (-) TimerEvent: {}
[7.777022] (amr_v4_msgs_srvs) StdoutLine: {'line': b"Compiling '/home/colin/agv_gui/install/amr_v4_msgs_srvs/lib/python3.8/site-packages/amr_v4_msgs_srvs/__init__.py'...\n"}
[7.794609] (amr_v4_msgs_srvs) StdoutLine: {'line': b'-- Up-to-date: /home/colin/agv_gui/install/amr_v4_msgs_srvs/lib/python3.8/site-packages/amr_v4_msgs_srvs/msg\n'}
[7.797701] (amr_v4_msgs_srvs) StdoutLine: {'line': b'-- Up-to-date: /home/colin/agv_gui/install/amr_v4_msgs_srvs/lib/python3.8/site-packages/amr_v4_msgs_srvs/msg/_motor_s.c\n'}
[7.798311] (amr_v4_msgs_srvs) StdoutLine: {'line': b'-- Up-to-date: /home/colin/agv_gui/install/amr_v4_msgs_srvs/lib/python3.8/site-packages/amr_v4_msgs_srvs/msg/_robot_s.c\n'}
[7.798868] (amr_v4_msgs_srvs) StdoutLine: {'line': b'-- Up-to-date: /home/colin/agv_gui/install/amr_v4_msgs_srvs/lib/python3.8/site-packages/amr_v4_msgs_srvs/msg/_pin_s.c\n'}
[7.800310] (amr_v4_msgs_srvs) StdoutLine: {'line': b'-- Up-to-date: /home/colin/agv_gui/install/amr_v4_msgs_srvs/lib/python3.8/site-packages/amr_v4_msgs_srvs/msg/_robot.py\n'}
[7.801194] (amr_v4_msgs_srvs) StdoutLine: {'line': b'-- Up-to-date: /home/colin/agv_gui/install/amr_v4_msgs_srvs/lib/python3.8/site-packages/amr_v4_msgs_srvs/msg/_motor.py\n'}
[7.801679] (amr_v4_msgs_srvs) StdoutLine: {'line': b'-- Up-to-date: /home/colin/agv_gui/install/amr_v4_msgs_srvs/lib/python3.8/site-packages/amr_v4_msgs_srvs/msg/_pin.py\n'}
[7.802189] (amr_v4_msgs_srvs) StdoutLine: {'line': b'-- Up-to-date: /home/colin/agv_gui/install/amr_v4_msgs_srvs/lib/python3.8/site-packages/amr_v4_msgs_srvs/msg/__init__.py\n'}
[7.802659] (amr_v4_msgs_srvs) StdoutLine: {'line': b'-- Up-to-date: /home/colin/agv_gui/install/amr_v4_msgs_srvs/lib/python3.8/site-packages/amr_v4_msgs_srvs/srv\n'}
[7.803674] (amr_v4_msgs_srvs) StdoutLine: {'line': b'-- Up-to-date: /home/colin/agv_gui/install/amr_v4_msgs_srvs/lib/python3.8/site-packages/amr_v4_msgs_srvs/srv/_testserv_s.c\n'}
[7.804483] (amr_v4_msgs_srvs) StdoutLine: {'line': b'-- Up-to-date: /home/colin/agv_gui/install/amr_v4_msgs_srvs/lib/python3.8/site-packages/amr_v4_msgs_srvs/srv/_testserv.py\n'}
[7.805140] (amr_v4_msgs_srvs) StdoutLine: {'line': b'-- Up-to-date: /home/colin/agv_gui/install/amr_v4_msgs_srvs/lib/python3.8/site-packages/amr_v4_msgs_srvs/srv/__init__.py\n'}
[7.806028] (amr_v4_msgs_srvs) StdoutLine: {'line': b'-- Up-to-date: /home/colin/agv_gui/install/amr_v4_msgs_srvs/lib/python3.8/site-packages/amr_v4_msgs_srvs/amr_v4_msgs_srvs_s__rosidl_typesupport_fastrtps_c.cpython-38-aarch64-linux-gnu.so\n'}
[7.806595] (amr_v4_msgs_srvs) StdoutLine: {'line': b'-- Up-to-date: /home/colin/agv_gui/install/amr_v4_msgs_srvs/lib/python3.8/site-packages/amr_v4_msgs_srvs/amr_v4_msgs_srvs_s__rosidl_typesupport_introspection_c.cpython-38-aarch64-linux-gnu.so\n'}
[7.808041] (amr_v4_msgs_srvs) StdoutLine: {'line': b'-- Up-to-date: /home/colin/agv_gui/install/amr_v4_msgs_srvs/lib/python3.8/site-packages/amr_v4_msgs_srvs/amr_v4_msgs_srvs_s__rosidl_typesupport_c.cpython-38-aarch64-linux-gnu.so\n'}
[7.811178] (amr_v4_msgs_srvs) StdoutLine: {'line': b'-- Up-to-date: /home/colin/agv_gui/install/amr_v4_msgs_srvs/lib/libamr_v4_msgs_srvs__python.so\n'}
[7.813368] (amr_v4_msgs_srvs) StdoutLine: {'line': b'-- Up-to-date: /home/colin/agv_gui/install/amr_v4_msgs_srvs/share/amr_v4_msgs_srvs/msg/Motor.idl\n'}
[7.814849] (amr_v4_msgs_srvs) StdoutLine: {'line': b'-- Up-to-date: /home/colin/agv_gui/install/amr_v4_msgs_srvs/share/amr_v4_msgs_srvs/msg/Robot.idl\n'}
[7.818447] (amr_v4_msgs_srvs) StdoutLine: {'line': b'-- Up-to-date: /home/colin/agv_gui/install/amr_v4_msgs_srvs/share/amr_v4_msgs_srvs/msg/Pin.idl\n'}
[7.820068] (amr_v4_msgs_srvs) StdoutLine: {'line': b'-- Up-to-date: /home/colin/agv_gui/install/amr_v4_msgs_srvs/share/amr_v4_msgs_srvs/srv/Testserv.idl\n'}
[7.821197] (amr_v4_msgs_srvs) StdoutLine: {'line': b'-- Up-to-date: /home/colin/agv_gui/install/amr_v4_msgs_srvs/share/amr_v4_msgs_srvs/msg/Motor.msg\n'}
[7.822771] (amr_v4_msgs_srvs) StdoutLine: {'line': b'-- Up-to-date: /home/colin/agv_gui/install/amr_v4_msgs_srvs/share/amr_v4_msgs_srvs/msg/Robot.msg\n'}
[7.825865] (amr_v4_msgs_srvs) StdoutLine: {'line': b'-- Up-to-date: /home/colin/agv_gui/install/amr_v4_msgs_srvs/share/amr_v4_msgs_srvs/msg/Pin.msg\n'}
[7.827839] (amr_v4_msgs_srvs) StdoutLine: {'line': b'-- Up-to-date: /home/colin/agv_gui/install/amr_v4_msgs_srvs/share/amr_v4_msgs_srvs/srv/Testserv.srv\n'}
[7.828403] (amr_v4_msgs_srvs) StdoutLine: {'line': b'-- Up-to-date: /home/colin/agv_gui/install/amr_v4_msgs_srvs/share/amr_v4_msgs_srvs/srv/Testserv_Request.msg\n'}
[7.829674] (amr_v4_msgs_srvs) StdoutLine: {'line': b'-- Up-to-date: /home/colin/agv_gui/install/amr_v4_msgs_srvs/share/amr_v4_msgs_srvs/srv/Testserv_Response.msg\n'}
[7.830208] (amr_v4_msgs_srvs) StdoutLine: {'line': b'-- Up-to-date: /home/colin/agv_gui/install/amr_v4_msgs_srvs/share/ament_index/resource_index/package_run_dependencies/amr_v4_msgs_srvs\n'}
[7.830663] (amr_v4_msgs_srvs) StdoutLine: {'line': b'-- Installing: /home/colin/agv_gui/install/amr_v4_msgs_srvs/share/ament_index/resource_index/parent_prefix_path/amr_v4_msgs_srvs\n'}
[7.832225] (amr_v4_msgs_srvs) StdoutLine: {'line': b'-- Up-to-date: /home/colin/agv_gui/install/amr_v4_msgs_srvs/share/amr_v4_msgs_srvs/environment/ament_prefix_path.sh\n'}
[7.832744] (amr_v4_msgs_srvs) StdoutLine: {'line': b'-- Installing: /home/colin/agv_gui/install/amr_v4_msgs_srvs/share/amr_v4_msgs_srvs/environment/ament_prefix_path.dsv\n'}
[7.833973] (amr_v4_msgs_srvs) StdoutLine: {'line': b'-- Up-to-date: /home/colin/agv_gui/install/amr_v4_msgs_srvs/share/amr_v4_msgs_srvs/environment/path.sh\n'}
[7.834520] (amr_v4_msgs_srvs) StdoutLine: {'line': b'-- Installing: /home/colin/agv_gui/install/amr_v4_msgs_srvs/share/amr_v4_msgs_srvs/environment/path.dsv\n'}
[7.835202] (amr_v4_msgs_srvs) StdoutLine: {'line': b'-- Up-to-date: /home/colin/agv_gui/install/amr_v4_msgs_srvs/share/amr_v4_msgs_srvs/local_setup.bash\n'}
[7.836426] (amr_v4_msgs_srvs) StdoutLine: {'line': b'-- Up-to-date: /home/colin/agv_gui/install/amr_v4_msgs_srvs/share/amr_v4_msgs_srvs/local_setup.sh\n'}
[7.837827] (amr_v4_msgs_srvs) StdoutLine: {'line': b'-- Up-to-date: /home/colin/agv_gui/install/amr_v4_msgs_srvs/share/amr_v4_msgs_srvs/local_setup.zsh\n'}
[7.838279] (amr_v4_msgs_srvs) StdoutLine: {'line': b'-- Installing: /home/colin/agv_gui/install/amr_v4_msgs_srvs/share/amr_v4_msgs_srvs/local_setup.dsv\n'}
[7.840038] (amr_v4_msgs_srvs) StdoutLine: {'line': b'-- Installing: /home/colin/agv_gui/install/amr_v4_msgs_srvs/share/amr_v4_msgs_srvs/package.dsv\n'}
[7.842785] (amr_v4_msgs_srvs) StdoutLine: {'line': b'-- Up-to-date: /home/colin/agv_gui/install/amr_v4_msgs_srvs/share/ament_index/resource_index/packages/amr_v4_msgs_srvs\n'}
[7.845025] (amr_v4_msgs_srvs) StdoutLine: {'line': b'-- Up-to-date: /home/colin/agv_gui/install/amr_v4_msgs_srvs/share/amr_v4_msgs_srvs/cmake/amr_v4_msgs_srvs__rosidl_generator_cExport.cmake\n'}
[7.846421] (amr_v4_msgs_srvs) StdoutLine: {'line': b'-- Installing: /home/colin/agv_gui/install/amr_v4_msgs_srvs/share/amr_v4_msgs_srvs/cmake/amr_v4_msgs_srvs__rosidl_generator_cExport-noconfig.cmake\n'}
[7.846944] (amr_v4_msgs_srvs) StdoutLine: {'line': b'-- Up-to-date: /home/colin/agv_gui/install/amr_v4_msgs_srvs/share/amr_v4_msgs_srvs/cmake/amr_v4_msgs_srvs__rosidl_typesupport_introspection_cExport.cmake\n'}
[7.847475] (amr_v4_msgs_srvs) StdoutLine: {'line': b'-- Installing: /home/colin/agv_gui/install/amr_v4_msgs_srvs/share/amr_v4_msgs_srvs/cmake/amr_v4_msgs_srvs__rosidl_typesupport_introspection_cExport-noconfig.cmake\n'}
[7.848172] (amr_v4_msgs_srvs) StdoutLine: {'line': b'-- Up-to-date: /home/colin/agv_gui/install/amr_v4_msgs_srvs/share/amr_v4_msgs_srvs/cmake/amr_v4_msgs_srvs__rosidl_typesupport_cExport.cmake\n'}
[7.848755] (amr_v4_msgs_srvs) StdoutLine: {'line': b'-- Installing: /home/colin/agv_gui/install/amr_v4_msgs_srvs/share/amr_v4_msgs_srvs/cmake/amr_v4_msgs_srvs__rosidl_typesupport_cExport-noconfig.cmake\n'}
[7.849382] (amr_v4_msgs_srvs) StdoutLine: {'line': b'-- Up-to-date: /home/colin/agv_gui/install/amr_v4_msgs_srvs/share/amr_v4_msgs_srvs/cmake/amr_v4_msgs_srvs__rosidl_generator_cppExport.cmake\n'}
[7.849882] (amr_v4_msgs_srvs) StdoutLine: {'line': b'-- Up-to-date: /home/colin/agv_gui/install/amr_v4_msgs_srvs/share/amr_v4_msgs_srvs/cmake/amr_v4_msgs_srvs__rosidl_typesupport_introspection_cppExport.cmake\n'}
[7.850429] (amr_v4_msgs_srvs) StdoutLine: {'line': b'-- Installing: /home/colin/agv_gui/install/amr_v4_msgs_srvs/share/amr_v4_msgs_srvs/cmake/amr_v4_msgs_srvs__rosidl_typesupport_introspection_cppExport-noconfig.cmake\n'}
[7.850939] (amr_v4_msgs_srvs) StdoutLine: {'line': b'-- Up-to-date: /home/colin/agv_gui/install/amr_v4_msgs_srvs/share/amr_v4_msgs_srvs/cmake/amr_v4_msgs_srvs__rosidl_typesupport_cppExport.cmake\n'}
[7.851572] (amr_v4_msgs_srvs) StdoutLine: {'line': b'-- Installing: /home/colin/agv_gui/install/amr_v4_msgs_srvs/share/amr_v4_msgs_srvs/cmake/amr_v4_msgs_srvs__rosidl_typesupport_cppExport-noconfig.cmake\n'}
[7.852401] (amr_v4_msgs_srvs) StdoutLine: {'line': b'-- Up-to-date: /home/colin/agv_gui/install/amr_v4_msgs_srvs/share/amr_v4_msgs_srvs/cmake/rosidl_cmake-extras.cmake\n'}
[7.852865] (amr_v4_msgs_srvs) StdoutLine: {'line': b'-- Up-to-date: /home/colin/agv_gui/install/amr_v4_msgs_srvs/share/amr_v4_msgs_srvs/cmake/ament_cmake_export_dependencies-extras.cmake\n'}
[7.856503] (amr_v4_msgs_srvs) StdoutLine: {'line': b'-- Up-to-date: /home/colin/agv_gui/install/amr_v4_msgs_srvs/share/amr_v4_msgs_srvs/cmake/ament_cmake_export_libraries-extras.cmake\n'}
[7.862749] (amr_v4_msgs_srvs) StdoutLine: {'line': b'-- Up-to-date: /home/colin/agv_gui/install/amr_v4_msgs_srvs/share/amr_v4_msgs_srvs/cmake/ament_cmake_export_targets-extras.cmake\n'}
[7.863356] (-) TimerEvent: {}
[7.863523] (amr_v4_msgs_srvs) StdoutLine: {'line': b'-- Up-to-date: /home/colin/agv_gui/install/amr_v4_msgs_srvs/share/amr_v4_msgs_srvs/cmake/ament_cmake_export_include_directories-extras.cmake\n'}
[7.864262] (amr_v4_msgs_srvs) StdoutLine: {'line': b'-- Up-to-date: /home/colin/agv_gui/install/amr_v4_msgs_srvs/share/amr_v4_msgs_srvs/cmake/rosidl_cmake_export_typesupport_libraries-extras.cmake\n'}
[7.864839] (amr_v4_msgs_srvs) StdoutLine: {'line': b'-- Up-to-date: /home/colin/agv_gui/install/amr_v4_msgs_srvs/share/amr_v4_msgs_srvs/cmake/rosidl_cmake_export_typesupport_targets-extras.cmake\n'}
[7.865780] (amr_v4_msgs_srvs) StdoutLine: {'line': b'-- Up-to-date: /home/colin/agv_gui/install/amr_v4_msgs_srvs/share/amr_v4_msgs_srvs/cmake/amr_v4_msgs_srvsConfig.cmake\n'}
[7.866528] (amr_v4_msgs_srvs) StdoutLine: {'line': b'-- Up-to-date: /home/colin/agv_gui/install/amr_v4_msgs_srvs/share/amr_v4_msgs_srvs/cmake/amr_v4_msgs_srvsConfig-version.cmake\n'}
[7.867443] (amr_v4_msgs_srvs) StdoutLine: {'line': b'-- Up-to-date: /home/colin/agv_gui/install/amr_v4_msgs_srvs/share/amr_v4_msgs_srvs/package.xml\n'}
[7.868533] (amr_v4_msgs_srvs) CommandEnded: {'returncode': 0}
[7.963656] (-) TimerEvent: {}
[8.064304] (-) TimerEvent: {}
[8.166938] (-) TimerEvent: {}
[8.267849] (-) TimerEvent: {}
[8.368627] (-) TimerEvent: {}
[8.469317] (-) TimerEvent: {}
[8.574739] (-) TimerEvent: {}
[8.675796] (-) TimerEvent: {}
[8.777368] (-) TimerEvent: {}
[8.878047] (-) TimerEvent: {}
[8.979951] (-) TimerEvent: {}
[9.081040] (-) TimerEvent: {}
[9.181603] (-) TimerEvent: {}
[9.282977] (-) TimerEvent: {}
[9.383795] (-) TimerEvent: {}
[9.484402] (-) TimerEvent: {}
[9.585869] (-) TimerEvent: {}
[9.687147] (-) TimerEvent: {}
[9.788711] (-) TimerEvent: {}
[9.889447] (-) TimerEvent: {}
[9.990517] (-) TimerEvent: {}
[10.091225] (-) TimerEvent: {}
[10.192206] (-) TimerEvent: {}
[10.293199] (-) TimerEvent: {}
[10.393911] (-) TimerEvent: {}
[10.494980] (-) TimerEvent: {}
[10.595850] (-) TimerEvent: {}
[10.697176] (-) TimerEvent: {}
[10.746699] (amr_v4_msgs_srvs) JobEnded: {'identifier': 'amr_v4_msgs_srvs', 'rc': 0}
[10.752552] (amr_v4_qt) JobStarted: {'identifier': 'amr_v4_qt'}
[10.797425] (-) TimerEvent: {}
[10.899270] (-) TimerEvent: {}
[11.001788] (-) TimerEvent: {}
[11.102962] (-) TimerEvent: {}
[11.204563] (-) TimerEvent: {}
[11.305303] (-) TimerEvent: {}
[11.402333] (amr_v4_qt) JobProgress: {'identifier': 'amr_v4_qt', 'progress': 'cmake'}
[11.405682] (-) TimerEvent: {}
[11.409223] (amr_v4_qt) Command: {'cmd': ['/usr/bin/cmake', '/home/colin/agv_gui/amr_v4_qt', '-G', 'CodeBlocks - Unix Makefiles', '-DCMAKE_INSTALL_PREFIX=/home/colin/agv_gui/install/amr_v4_qt'], 'cwd': '/home/colin/agv_gui/build/amr_v4_qt', 'env': OrderedDict([('GJS_DEBUG_TOPICS', 'JS ERROR;JS LOG'), ('SNAP_INSTANCE_KEY', ''), ('USER', 'colin'), ('SNAP_COMMON', '/var/snap/qtcreator-ros/common'), ('SSH_AGENT_PID', '2428'), ('XDG_SESSION_TYPE', 'x11'), ('SNAP_UID', '1000'), ('SHLVL', '1'), ('LD_LIBRARY_PATH', '/home/colin/agv_gui/install/amr_v4_msgs_srvs/lib:/opt/ros/galactic/opt/yaml_cpp_vendor/lib:/opt/ros/galactic/opt/rviz_ogre_vendor/lib:/opt/ros/galactic/lib/aarch64-linux-gnu:/opt/ros/galactic/lib:/snap/qtcreator-ros/108/lib:/snap/qtcreator-ros/108/usr/lib/aarch64-linux-gnu'), ('HOME', '/home/colin'), ('SNAP_LIBRARY_PATH', '/var/lib/snapd/lib/gl:/var/lib/snapd/lib/gl32:/var/lib/snapd/void'), ('DESKTOP_SESSION', 'ubuntu'), ('SNAP_USER_DATA', '/home/colin/snap/qtcreator-ros/108'), ('JETSON_L4T', '35.3.1'), ('GIO_LAUNCHED_DESKTOP_FILE', '/var/lib/snapd/desktop/applications/qtcreator-ros_qtcreator-ros.desktop'), ('ROS_PYTHON_VERSION', '3'), ('GNOME_SHELL_SESSION_MODE', 'ubuntu'), ('GTK_MODULES', 'gail:atk-bridge'), ('JETSON_MODEL', 'NVIDIA Jetson Xavier NX Developer Kit'), ('MANAGERPID', '1885'), ('DBUS_SESSION_BUS_ADDRESS', 'unix:path=/run/user/1000/bus'), ('SNAP_REVISION', '108'), ('GIO_LAUNCHED_DESKTOP_FILE_PID', '155586'), ('IM_CONFIG_PHASE', '1'), ('ROS_DISTRO', 'galactic'), ('LOGNAME', 'colin'), ('_', '/usr/bin/colcon'), ('JETSON_MODULE', 'NVIDIA Jetson Xavier NX (16GB ram)'), ('SNAP_CONTEXT', 'NkzYEUNTstaA2WbKkz1wnxIWYV-SakGgt5q3W_pIO4FJf0mp8mM6'), ('JETSON_SERIAL_NUMBER', '1421122056927'), ('JOURNAL_STREAM', '7:51928'), ('ROS_VERSION', '2'), ('JETSON_CODENAME', 'Jakku'), ('XDG_SESSION_CLASS', 'user'), ('SNAP_VERSION', '12.0.2'), ('USERNAME', 'colin'), ('GNOME_DESKTOP_SESSION_ID', 'this-is-deprecated'), ('SNAP_INSTANCE_NAME', 'qtcreator-ros'), ('ROS_LOCALHOST_ONLY', '0'), ('WINDOWPATH', '2'), ('PATH', '/opt/ros/galactic/bin:/usr/local/sbin:/usr/local/bin:/usr/sbin:/usr/bin:/sbin:/bin:/usr/games:/usr/local/games:/snap/bin'), ('SESSION_MANAGER', 'local/amr:@/tmp/.ICE-unix/2463,unix/amr:/tmp/.ICE-unix/2463'), ('INVOCATION_ID', '25f6b3cec0664570a8215e6a078861ec'), ('XDG_MENU_PREFIX', 'gnome-'), ('BAMF_DESKTOP_FILE_HINT', '/var/lib/snapd/desktop/applications/qtcreator-ros_qtcreator-ros.desktop'), ('SNAP_DATA', '/var/snap/qtcreator-ros/108'), ('XDG_RUNTIME_DIR', '/run/user/1000'), ('DISPLAY', ':0'), ('LANG', 'en_US.UTF-8'), ('XDG_CURRENT_DESKTOP', 'ubuntu:GNOME'), ('XMODIFIERS', '@im=ibus'), ('XDG_SESSION_DESKTOP', 'ubuntu'), ('XAUTHORITY', '/run/user/1000/gdm/Xauthority'), ('JETSON_SOC', 'tegra194'), ('SNAP_USER_COMMON', '/home/colin/snap/qtcreator-ros/common'), ('SSH_AUTH_SOCK', '/run/user/1000/keyring/ssh'), ('SNAP_ARCH', 'arm64'), ('AMENT_PREFIX_PATH', '/home/colin/agv_gui/install/amr_v4_msgs_srvs:/opt/ros/galactic'), ('SNAP_COOKIE', 'NkzYEUNTstaA2WbKkz1wnxIWYV-SakGgt5q3W_pIO4FJf0mp8mM6'), ('SHELL', '/bin/bash'), ('QT_ACCESSIBILITY', '1'), ('SNAP_REEXEC', ''), ('GDMSESSION', 'ubuntu'), ('SNAP_NAME', 'qtcreator-ros'), ('GPG_AGENT_INFO', '/run/user/1000/gnupg/S.gpg-agent:0:1'), ('GJS_DEBUG_OUTPUT', 'stderr'), ('QT_IM_MODULE', 'ibus'), ('JETSON_CUDA_ARCH_BIN', '7.2'), ('PWD', '/home/colin/agv_gui/build/amr_v4_qt'), ('QT_QPA_PLATFORM', 'wayland;xcb'), ('LC_ALL', 'en_US.UTF-8'), ('XDG_CONFIG_DIRS', '/etc/xdg/xdg-ubuntu:/etc/xdg'), ('SNAP_REAL_HOME', '/home/colin'), ('XDG_DATA_DIRS', '/usr/share/ubuntu:/usr/local/share/:/usr/share/:/var/lib/snapd/desktop'), ('SNAP_EUID', '1000'), ('PYTHONPATH', '/home/colin/agv_gui/install/amr_v4_msgs_srvs/lib/python3.8/site-packages:/opt/ros/galactic/lib/python3.8/site-packages'), ('SNAP', '/snap/qtcreator-ros/108'), ('COLCON', '1'), ('JETSON_JETPACK', '5.1.1'), ('LIBGL_DRIVERS_PATH', '/snap/qtcreator-ros/108/usr/lib/aarch64-linux-gnu/dri'), ('JETSON_P_NUMBER', 'p3668-0003'), ('CMAKE_PREFIX_PATH', '/home/colin/agv_gui/install/amr_v4_msgs_srvs:/opt/ros/galactic')]), 'shell': False}
[11.506393] (-) TimerEvent: {}
[11.508013] (amr_v4_qt) StdoutLine: {'line': b'-- Found ament_cmake: 1.1.6 (/opt/ros/galactic/share/ament_cmake/cmake)\n'}
[11.606463] (-) TimerEvent: {}
[11.640130] (amr_v4_qt) StdoutLine: {'line': b'-- Using PYTHON_EXECUTABLE: /usr/bin/python3\n'}
[11.706844] (-) TimerEvent: {}
[11.807427] (-) TimerEvent: {}
[11.908115] (-) TimerEvent: {}
[11.982415] (amr_v4_qt) StdoutLine: {'line': b'-- Found geometry_msgs: 2.2.4 (/opt/ros/galactic/share/geometry_msgs/cmake)\n'}
[12.008393] (-) TimerEvent: {}
[12.109048] (-) TimerEvent: {}
[12.109912] (amr_v4_qt) StdoutLine: {'line': b'-- Using all available rosidl_typesupport_c: rosidl_typesupport_fastrtps_c;rosidl_typesupport_introspection_c\n'}
[12.133221] (amr_v4_qt) StdoutLine: {'line': b'-- Found rosidl_adapter: 2.2.3 (/opt/ros/galactic/share/rosidl_adapter/cmake)\n'}
[12.209318] (-) TimerEvent: {}
[12.309897] (-) TimerEvent: {}
[12.410530] (-) TimerEvent: {}
[12.511145] (-) TimerEvent: {}
[12.611861] (-) TimerEvent: {}
[12.712500] (-) TimerEvent: {}
[12.767223] (amr_v4_qt) StdoutLine: {'line': b'-- Using all available rosidl_typesupport_cpp: rosidl_typesupport_fastrtps_cpp;rosidl_typesupport_introspection_cpp\n'}
[12.812743] (-) TimerEvent: {}
[12.913377] (-) TimerEvent: {}
[13.014011] (-) TimerEvent: {}
[13.114629] (-) TimerEvent: {}
[13.163111] (amr_v4_qt) StdoutLine: {'line': b'-- Found rclcpp: 9.2.2 (/opt/ros/galactic/share/rclcpp/cmake)\n'}
[13.214913] (-) TimerEvent: {}
[13.315505] (-) TimerEvent: {}
[13.365547] (amr_v4_qt) StdoutLine: {'line': b'-- Found rmw_implementation_cmake: 3.3.1 (/opt/ros/galactic/share/rmw_implementation_cmake/cmake)\n'}
[13.373853] (amr_v4_qt) StdoutLine: {'line': b'-- Found rmw_cyclonedds_cpp: 0.22.6 (/opt/ros/galactic/share/rmw_cyclonedds_cpp/cmake)\n'}
[13.415974] (-) TimerEvent: {}
[13.464801] (amr_v4_qt) StdoutLine: {'line': b"-- Using RMW implementation 'rmw_cyclonedds_cpp' as default\n"}
[13.516242] (-) TimerEvent: {}
[13.616893] (-) TimerEvent: {}
[13.717487] (-) TimerEvent: {}
[13.818130] (-) TimerEvent: {}
[13.918745] (-) TimerEvent: {}
[14.019376] (-) TimerEvent: {}
[14.051613] (amr_v4_qt) StdoutLine: {'line': b'-- Found rclcpp_components: 9.2.2 (/opt/ros/galactic/share/rclcpp_components/cmake)\n'}
[14.119634] (-) TimerEvent: {}
[14.220311] (-) TimerEvent: {}
[14.280039] (amr_v4_qt) StdoutLine: {'line': b'-- Found rviz_common: 8.5.2 (/opt/ros/galactic/share/rviz_common/cmake)\n'}
[14.320579] (-) TimerEvent: {}
[14.334248] (amr_v4_qt) StdoutLine: {'line': b"-- Setting OGRE_DIR to: '/opt/ros/galactic/share/rviz_ogre_vendor/cmake/../../../opt/rviz_ogre_vendor/lib/OGRE/cmake'\n"}
[14.349327] (amr_v4_qt) StdoutLine: {'line': b'-- Found OGRE\n'}
[14.351127] (amr_v4_qt) StdoutLine: {'line': b'--   static     : OFF\n'}
[14.355284] (amr_v4_qt) StdoutLine: {'line': b'--   components : HLMS;MeshLodGenerator;Overlay;Paging;Property;RTShaderSystem;Terrain;Volume\n'}
[14.356068] (amr_v4_qt) StdoutLine: {'line': b'--   plugins    : Plugin_BSPSceneManager;Plugin_OctreeSceneManager;Plugin_PCZSceneManager;Plugin_ParticleFX;RenderSystem_GL;RenderSystem_GL3Plus;Codec_STBI\n'}
[14.356917] (amr_v4_qt) StdoutLine: {'line': b'--   media      : /opt/ros/galactic/opt/rviz_ogre_vendor/share/OGRE/Media\n'}
[14.357771] (amr_v4_qt) StdoutLine: {'line': b'-- OGRE_LIBRARIES: OgreHLMS;OgreMeshLodGenerator;OgreOverlay;OgrePaging;OgreProperty;OgreRTShaderSystem;OgreTerrain;OgreVolume;OgreMain\n'}
[14.359405] (amr_v4_qt) StdoutLine: {'line': b'-- OGRE_LIBRARY_DIRS: /opt/ros/galactic/opt/rviz_ogre_vendor/lib\n'}
[14.360612] (amr_v4_qt) StdoutLine: {'line': b'-- OGRE_PLUGINS: Plugin_BSPSceneManager;Plugin_OctreeSceneManager;Plugin_PCZSceneManager;Plugin_ParticleFX;RenderSystem_GL;RenderSystem_GL3Plus;Codec_STBI\n'}
[14.361443] (amr_v4_qt) StdoutLine: {'line': b'-- OGRE_PLUGIN_DIR: /opt/ros/galactic/opt/rviz_ogre_vendor/lib/OGRE\n'}
[14.361967] (amr_v4_qt) StdoutLine: {'line': b'-- rviz_ogre_vendor::OgreOverlay for IMPORTED_LOCATION_RELEASE: /opt/ros/galactic/opt/rviz_ogre_vendor/lib/libOgreOverlay.so\n'}
[14.362516] (amr_v4_qt) StdoutLine: {'line': b'-- rviz_ogre_vendor::OgreOverlay for IMPORTED_LOCATION_DEBUG: /opt/ros/galactic/opt/rviz_ogre_vendor/lib/libOgreOverlay.so\n'}
[14.363265] (amr_v4_qt) StdoutLine: {'line': b'-- rviz_ogre_vendor::OgreMain for IMPORTED_LOCATION_RELEASE: /opt/ros/galactic/opt/rviz_ogre_vendor/lib/libOgreMain.so\n'}
[14.363840] (amr_v4_qt) StdoutLine: {'line': b'-- rviz_ogre_vendor::OgreMain for IMPORTED_LOCATION_DEBUG: /opt/ros/galactic/opt/rviz_ogre_vendor/lib/libOgreMain.so\n'}
[14.364395] (amr_v4_qt) StdoutLine: {'line': b'-- Could not find freeimage library\n'}
[14.420853] (-) TimerEvent: {}
[14.521526] (-) TimerEvent: {}
[14.546674] (amr_v4_qt) StdoutLine: {'line': b'-- rviz_ogre_vendor::RenderSystem_GL for IMPORTED_LOCATION_RELEASE: _render_system_gl_static_library_abs-NOTFOUND\n'}
[14.547688] (amr_v4_qt) StdoutLine: {'line': b'-- rviz_ogre_vendor::RenderSystem_GL for IMPORTED_LOCATION_DEBUG: _render_system_gl_static_library_abs-NOTFOUND\n'}
[14.556842] (amr_v4_qt) StdoutLine: {'line': b'-- library: libassimp.so.5\n'}
[14.621940] (-) TimerEvent: {}
[14.676349] (amr_v4_qt) StdoutLine: {'line': b'-- library: /usr/lib/aarch64-linux-gnu/libcurl.so\n'}
[14.722179] (-) TimerEvent: {}
[14.822801] (-) TimerEvent: {}
[14.923421] (-) TimerEvent: {}
[15.024086] (-) TimerEvent: {}
[15.124653] (-) TimerEvent: {}
[15.225247] (-) TimerEvent: {}
[15.325904] (-) TimerEvent: {}
[15.426516] (-) TimerEvent: {}
[15.527142] (-) TimerEvent: {}
[15.627817] (-) TimerEvent: {}
[15.728413] (-) TimerEvent: {}
[15.829002] (-) TimerEvent: {}
[15.929617] (-) TimerEvent: {}
[16.030293] (-) TimerEvent: {}
[16.130963] (-) TimerEvent: {}
[16.231570] (-) TimerEvent: {}
[16.332279] (-) TimerEvent: {}
[16.432887] (-) TimerEvent: {}
[16.533457] (-) TimerEvent: {}
[16.634055] (-) TimerEvent: {}
[16.696924] (amr_v4_qt) StdoutLine: {'line': b"-- Setting yaml-cpp_DIR to: '/opt/ros/galactic/share/yaml_cpp_vendor/cmake/../../../opt/yaml_cpp_vendor/lib/cmake/yaml-cpp'\n"}
[16.712693] (amr_v4_qt) StdoutLine: {'line': b'-- Found rviz_default_plugins: 8.5.2 (/opt/ros/galactic/share/rviz_default_plugins/cmake)\n'}
[16.734320] (-) TimerEvent: {}
[16.834928] (-) TimerEvent: {}
[16.935590] (-) TimerEvent: {}
[17.036286] (-) TimerEvent: {}
[17.136913] (-) TimerEvent: {}
[17.237524] (-) TimerEvent: {}
[17.338148] (-) TimerEvent: {}
[17.438778] (-) TimerEvent: {}
[17.539414] (-) TimerEvent: {}
[17.640091] (-) TimerEvent: {}
[17.740673] (-) TimerEvent: {}
[17.841313] (-) TimerEvent: {}
[17.942236] (-) TimerEvent: {}
[18.042866] (-) TimerEvent: {}
[18.143525] (-) TimerEvent: {}
[18.244237] (-) TimerEvent: {}
[18.344863] (-) TimerEvent: {}
[18.445459] (-) TimerEvent: {}
[18.546146] (-) TimerEvent: {}
[18.572088] (amr_v4_qt) StdoutLine: {'line': b'-- Found std_srvs: 2.2.4 (/opt/ros/galactic/share/std_srvs/cmake)\n'}
[18.616245] (amr_v4_qt) StdoutLine: {'line': b'-- Found amr_v4_msgs_srvs: 0.0.0 (/home/colin/agv_gui/install/amr_v4_msgs_srvs/share/amr_v4_msgs_srvs/cmake)\n'}
[18.646382] (-) TimerEvent: {}
[18.687072] (amr_v4_qt) StdoutLine: {'line': b'-- Found tf2_eigen: 0.17.5 (/opt/ros/galactic/share/tf2_eigen/cmake)\n'}
[18.746657] (-) TimerEvent: {}
[18.847226] (-) TimerEvent: {}
[18.947819] (-) TimerEvent: {}
[19.048601] (-) TimerEvent: {}
[19.103424] (amr_v4_qt) StdoutLine: {'line': b'-- Configuring done\n'}
[19.148866] (-) TimerEvent: {}
[19.249519] (-) TimerEvent: {}
[19.350189] (-) TimerEvent: {}
[19.450780] (-) TimerEvent: {}
[19.500228] (amr_v4_qt) StdoutLine: {'line': b'-- Generating done\n'}
[19.516261] (amr_v4_qt) StdoutLine: {'line': b'-- Build files have been written to: /home/colin/agv_gui/build/amr_v4_qt\n'}
[19.551079] (-) TimerEvent: {}
[19.575755] (amr_v4_qt) CommandEnded: {'returncode': 0}
[19.582447] (amr_v4_qt) JobProgress: {'identifier': 'amr_v4_qt', 'progress': 'build'}
[19.583417] (amr_v4_qt) Command: {'cmd': ['/usr/bin/cmake', '--build', '/home/colin/agv_gui/build/amr_v4_qt', '--', '-j6', '-l6'], 'cwd': '/home/colin/agv_gui/build/amr_v4_qt', 'env': OrderedDict([('GJS_DEBUG_TOPICS', 'JS ERROR;JS LOG'), ('SNAP_INSTANCE_KEY', ''), ('USER', 'colin'), ('SNAP_COMMON', '/var/snap/qtcreator-ros/common'), ('SSH_AGENT_PID', '2428'), ('XDG_SESSION_TYPE', 'x11'), ('SNAP_UID', '1000'), ('SHLVL', '1'), ('LD_LIBRARY_PATH', '/home/colin/agv_gui/install/amr_v4_msgs_srvs/lib:/opt/ros/galactic/opt/yaml_cpp_vendor/lib:/opt/ros/galactic/opt/rviz_ogre_vendor/lib:/opt/ros/galactic/lib/aarch64-linux-gnu:/opt/ros/galactic/lib:/snap/qtcreator-ros/108/lib:/snap/qtcreator-ros/108/usr/lib/aarch64-linux-gnu'), ('HOME', '/home/colin'), ('SNAP_LIBRARY_PATH', '/var/lib/snapd/lib/gl:/var/lib/snapd/lib/gl32:/var/lib/snapd/void'), ('DESKTOP_SESSION', 'ubuntu'), ('SNAP_USER_DATA', '/home/colin/snap/qtcreator-ros/108'), ('JETSON_L4T', '35.3.1'), ('GIO_LAUNCHED_DESKTOP_FILE', '/var/lib/snapd/desktop/applications/qtcreator-ros_qtcreator-ros.desktop'), ('ROS_PYTHON_VERSION', '3'), ('GNOME_SHELL_SESSION_MODE', 'ubuntu'), ('GTK_MODULES', 'gail:atk-bridge'), ('JETSON_MODEL', 'NVIDIA Jetson Xavier NX Developer Kit'), ('MANAGERPID', '1885'), ('DBUS_SESSION_BUS_ADDRESS', 'unix:path=/run/user/1000/bus'), ('SNAP_REVISION', '108'), ('GIO_LAUNCHED_DESKTOP_FILE_PID', '155586'), ('IM_CONFIG_PHASE', '1'), ('ROS_DISTRO', 'galactic'), ('LOGNAME', 'colin'), ('_', '/usr/bin/colcon'), ('JETSON_MODULE', 'NVIDIA Jetson Xavier NX (16GB ram)'), ('SNAP_CONTEXT', 'NkzYEUNTstaA2WbKkz1wnxIWYV-SakGgt5q3W_pIO4FJf0mp8mM6'), ('JETSON_SERIAL_NUMBER', '1421122056927'), ('JOURNAL_STREAM', '7:51928'), ('ROS_VERSION', '2'), ('JETSON_CODENAME', 'Jakku'), ('XDG_SESSION_CLASS', 'user'), ('SNAP_VERSION', '12.0.2'), ('USERNAME', 'colin'), ('GNOME_DESKTOP_SESSION_ID', 'this-is-deprecated'), ('SNAP_INSTANCE_NAME', 'qtcreator-ros'), ('ROS_LOCALHOST_ONLY', '0'), ('WINDOWPATH', '2'), ('PATH', '/opt/ros/galactic/bin:/usr/local/sbin:/usr/local/bin:/usr/sbin:/usr/bin:/sbin:/bin:/usr/games:/usr/local/games:/snap/bin'), ('SESSION_MANAGER', 'local/amr:@/tmp/.ICE-unix/2463,unix/amr:/tmp/.ICE-unix/2463'), ('INVOCATION_ID', '25f6b3cec0664570a8215e6a078861ec'), ('XDG_MENU_PREFIX', 'gnome-'), ('BAMF_DESKTOP_FILE_HINT', '/var/lib/snapd/desktop/applications/qtcreator-ros_qtcreator-ros.desktop'), ('SNAP_DATA', '/var/snap/qtcreator-ros/108'), ('XDG_RUNTIME_DIR', '/run/user/1000'), ('DISPLAY', ':0'), ('LANG', 'en_US.UTF-8'), ('XDG_CURRENT_DESKTOP', 'ubuntu:GNOME'), ('XMODIFIERS', '@im=ibus'), ('XDG_SESSION_DESKTOP', 'ubuntu'), ('XAUTHORITY', '/run/user/1000/gdm/Xauthority'), ('JETSON_SOC', 'tegra194'), ('SNAP_USER_COMMON', '/home/colin/snap/qtcreator-ros/common'), ('SSH_AUTH_SOCK', '/run/user/1000/keyring/ssh'), ('SNAP_ARCH', 'arm64'), ('AMENT_PREFIX_PATH', '/home/colin/agv_gui/install/amr_v4_msgs_srvs:/opt/ros/galactic'), ('SNAP_COOKIE', 'NkzYEUNTstaA2WbKkz1wnxIWYV-SakGgt5q3W_pIO4FJf0mp8mM6'), ('SHELL', '/bin/bash'), ('QT_ACCESSIBILITY', '1'), ('SNAP_REEXEC', ''), ('GDMSESSION', 'ubuntu'), ('SNAP_NAME', 'qtcreator-ros'), ('GPG_AGENT_INFO', '/run/user/1000/gnupg/S.gpg-agent:0:1'), ('GJS_DEBUG_OUTPUT', 'stderr'), ('QT_IM_MODULE', 'ibus'), ('JETSON_CUDA_ARCH_BIN', '7.2'), ('PWD', '/home/colin/agv_gui/build/amr_v4_qt'), ('QT_QPA_PLATFORM', 'wayland;xcb'), ('LC_ALL', 'en_US.UTF-8'), ('XDG_CONFIG_DIRS', '/etc/xdg/xdg-ubuntu:/etc/xdg'), ('SNAP_REAL_HOME', '/home/colin'), ('XDG_DATA_DIRS', '/usr/share/ubuntu:/usr/local/share/:/usr/share/:/var/lib/snapd/desktop'), ('SNAP_EUID', '1000'), ('PYTHONPATH', '/home/colin/agv_gui/install/amr_v4_msgs_srvs/lib/python3.8/site-packages:/opt/ros/galactic/lib/python3.8/site-packages'), ('SNAP', '/snap/qtcreator-ros/108'), ('COLCON', '1'), ('JETSON_JETPACK', '5.1.1'), ('LIBGL_DRIVERS_PATH', '/snap/qtcreator-ros/108/usr/lib/aarch64-linux-gnu/dri'), ('JETSON_P_NUMBER', 'p3668-0003'), ('CMAKE_PREFIX_PATH', '/home/colin/agv_gui/install/amr_v4_msgs_srvs:/opt/ros/galactic')]), 'shell': False}
[19.651995] (-) TimerEvent: {}
[19.753133] (-) TimerEvent: {}
[19.853726] (-) TimerEvent: {}
[19.899542] (amr_v4_qt) StdoutLine: {'line': b'[  2%] Automatic MOC and UIC for target amr_v4_qt\n'}
[19.954105] (-) TimerEvent: {}
[20.005843] (amr_v4_qt) StdoutLine: {'line': b'[  2%] Built target amr_v4_qt_autogen\n'}
[20.054304] (-) TimerEvent: {}
[20.154835] (-) TimerEvent: {}
[20.255397] (-) TimerEvent: {}
[20.356167] (-) TimerEvent: {}
[20.373871] (amr_v4_qt) StdoutLine: {'line': b'[100%] Built target amr_v4_qt\n'}
[20.456517] (amr_v4_qt) CommandEnded: {'returncode': 0}
[20.460759] (-) TimerEvent: {}
[20.561869] (-) TimerEvent: {}
[20.663151] (-) TimerEvent: {}
[20.764588] (-) TimerEvent: {}
[20.865080] (-) TimerEvent: {}
[20.965664] (-) TimerEvent: {}
[20.976495] (amr_v4_qt) JobProgress: {'identifier': 'amr_v4_qt', 'progress': 'install'}
[20.977298] (amr_v4_qt) Command: {'cmd': ['/usr/bin/cmake', '--install', '/home/colin/agv_gui/build/amr_v4_qt'], 'cwd': '/home/colin/agv_gui/build/amr_v4_qt', 'env': OrderedDict([('GJS_DEBUG_TOPICS', 'JS ERROR;JS LOG'), ('SNAP_INSTANCE_KEY', ''), ('USER', 'colin'), ('SNAP_COMMON', '/var/snap/qtcreator-ros/common'), ('SSH_AGENT_PID', '2428'), ('XDG_SESSION_TYPE', 'x11'), ('SNAP_UID', '1000'), ('SHLVL', '1'), ('LD_LIBRARY_PATH', '/home/colin/agv_gui/install/amr_v4_msgs_srvs/lib:/opt/ros/galactic/opt/yaml_cpp_vendor/lib:/opt/ros/galactic/opt/rviz_ogre_vendor/lib:/opt/ros/galactic/lib/aarch64-linux-gnu:/opt/ros/galactic/lib:/snap/qtcreator-ros/108/lib:/snap/qtcreator-ros/108/usr/lib/aarch64-linux-gnu'), ('HOME', '/home/colin'), ('SNAP_LIBRARY_PATH', '/var/lib/snapd/lib/gl:/var/lib/snapd/lib/gl32:/var/lib/snapd/void'), ('DESKTOP_SESSION', 'ubuntu'), ('SNAP_USER_DATA', '/home/colin/snap/qtcreator-ros/108'), ('JETSON_L4T', '35.3.1'), ('GIO_LAUNCHED_DESKTOP_FILE', '/var/lib/snapd/desktop/applications/qtcreator-ros_qtcreator-ros.desktop'), ('ROS_PYTHON_VERSION', '3'), ('GNOME_SHELL_SESSION_MODE', 'ubuntu'), ('GTK_MODULES', 'gail:atk-bridge'), ('JETSON_MODEL', 'NVIDIA Jetson Xavier NX Developer Kit'), ('MANAGERPID', '1885'), ('DBUS_SESSION_BUS_ADDRESS', 'unix:path=/run/user/1000/bus'), ('SNAP_REVISION', '108'), ('GIO_LAUNCHED_DESKTOP_FILE_PID', '155586'), ('IM_CONFIG_PHASE', '1'), ('ROS_DISTRO', 'galactic'), ('LOGNAME', 'colin'), ('_', '/usr/bin/colcon'), ('JETSON_MODULE', 'NVIDIA Jetson Xavier NX (16GB ram)'), ('SNAP_CONTEXT', 'NkzYEUNTstaA2WbKkz1wnxIWYV-SakGgt5q3W_pIO4FJf0mp8mM6'), ('JETSON_SERIAL_NUMBER', '1421122056927'), ('JOURNAL_STREAM', '7:51928'), ('ROS_VERSION', '2'), ('JETSON_CODENAME', 'Jakku'), ('XDG_SESSION_CLASS', 'user'), ('SNAP_VERSION', '12.0.2'), ('USERNAME', 'colin'), ('GNOME_DESKTOP_SESSION_ID', 'this-is-deprecated'), ('SNAP_INSTANCE_NAME', 'qtcreator-ros'), ('ROS_LOCALHOST_ONLY', '0'), ('WINDOWPATH', '2'), ('PATH', '/opt/ros/galactic/bin:/usr/local/sbin:/usr/local/bin:/usr/sbin:/usr/bin:/sbin:/bin:/usr/games:/usr/local/games:/snap/bin'), ('SESSION_MANAGER', 'local/amr:@/tmp/.ICE-unix/2463,unix/amr:/tmp/.ICE-unix/2463'), ('INVOCATION_ID', '25f6b3cec0664570a8215e6a078861ec'), ('XDG_MENU_PREFIX', 'gnome-'), ('BAMF_DESKTOP_FILE_HINT', '/var/lib/snapd/desktop/applications/qtcreator-ros_qtcreator-ros.desktop'), ('SNAP_DATA', '/var/snap/qtcreator-ros/108'), ('XDG_RUNTIME_DIR', '/run/user/1000'), ('DISPLAY', ':0'), ('LANG', 'en_US.UTF-8'), ('XDG_CURRENT_DESKTOP', 'ubuntu:GNOME'), ('XMODIFIERS', '@im=ibus'), ('XDG_SESSION_DESKTOP', 'ubuntu'), ('XAUTHORITY', '/run/user/1000/gdm/Xauthority'), ('JETSON_SOC', 'tegra194'), ('SNAP_USER_COMMON', '/home/colin/snap/qtcreator-ros/common'), ('SSH_AUTH_SOCK', '/run/user/1000/keyring/ssh'), ('SNAP_ARCH', 'arm64'), ('AMENT_PREFIX_PATH', '/home/colin/agv_gui/install/amr_v4_msgs_srvs:/opt/ros/galactic'), ('SNAP_COOKIE', 'NkzYEUNTstaA2WbKkz1wnxIWYV-SakGgt5q3W_pIO4FJf0mp8mM6'), ('SHELL', '/bin/bash'), ('QT_ACCESSIBILITY', '1'), ('SNAP_REEXEC', ''), ('GDMSESSION', 'ubuntu'), ('SNAP_NAME', 'qtcreator-ros'), ('GPG_AGENT_INFO', '/run/user/1000/gnupg/S.gpg-agent:0:1'), ('GJS_DEBUG_OUTPUT', 'stderr'), ('QT_IM_MODULE', 'ibus'), ('JETSON_CUDA_ARCH_BIN', '7.2'), ('PWD', '/home/colin/agv_gui/build/amr_v4_qt'), ('QT_QPA_PLATFORM', 'wayland;xcb'), ('LC_ALL', 'en_US.UTF-8'), ('XDG_CONFIG_DIRS', '/etc/xdg/xdg-ubuntu:/etc/xdg'), ('SNAP_REAL_HOME', '/home/colin'), ('XDG_DATA_DIRS', '/usr/share/ubuntu:/usr/local/share/:/usr/share/:/var/lib/snapd/desktop'), ('SNAP_EUID', '1000'), ('PYTHONPATH', '/home/colin/agv_gui/install/amr_v4_msgs_srvs/lib/python3.8/site-packages:/opt/ros/galactic/lib/python3.8/site-packages'), ('SNAP', '/snap/qtcreator-ros/108'), ('COLCON', '1'), ('JETSON_JETPACK', '5.1.1'), ('LIBGL_DRIVERS_PATH', '/snap/qtcreator-ros/108/usr/lib/aarch64-linux-gnu/dri'), ('JETSON_P_NUMBER', 'p3668-0003'), ('CMAKE_PREFIX_PATH', '/home/colin/agv_gui/install/amr_v4_msgs_srvs:/opt/ros/galactic')]), 'shell': False}
[21.029984] (amr_v4_qt) StdoutLine: {'line': b'-- Install configuration: ""\n'}
[21.031928] (amr_v4_qt) StdoutLine: {'line': b'-- Up-to-date: /home/colin/agv_gui/install/amr_v4_qt/lib/amr_v4_qt/amr_v4_qt\n'}
[21.034161] (amr_v4_qt) StdoutLine: {'line': b'-- Up-to-date: /home/colin/agv_gui/install/amr_v4_qt/share/amr_v4_qt/launch\n'}
[21.035020] (amr_v4_qt) StdoutLine: {'line': b'-- Up-to-date: /home/colin/agv_gui/install/amr_v4_qt/share/amr_v4_qt/launch/gui.launch.py\n'}
[21.035571] (amr_v4_qt) StdoutLine: {'line': b'-- Up-to-date: /home/colin/agv_gui/install/amr_v4_qt/share/ament_index/resource_index/package_run_dependencies/amr_v4_qt\n'}
[21.036724] (amr_v4_qt) StdoutLine: {'line': b'-- Installing: /home/colin/agv_gui/install/amr_v4_qt/share/ament_index/resource_index/parent_prefix_path/amr_v4_qt\n'}
[21.037244] (amr_v4_qt) StdoutLine: {'line': b'-- Up-to-date: /home/colin/agv_gui/install/amr_v4_qt/share/amr_v4_qt/environment/ament_prefix_path.sh\n'}
[21.038299] (amr_v4_qt) StdoutLine: {'line': b'-- Installing: /home/colin/agv_gui/install/amr_v4_qt/share/amr_v4_qt/environment/ament_prefix_path.dsv\n'}
[21.038744] (amr_v4_qt) StdoutLine: {'line': b'-- Up-to-date: /home/colin/agv_gui/install/amr_v4_qt/share/amr_v4_qt/environment/path.sh\n'}
[21.039689] (amr_v4_qt) StdoutLine: {'line': b'-- Installing: /home/colin/agv_gui/install/amr_v4_qt/share/amr_v4_qt/environment/path.dsv\n'}
[21.041756] (amr_v4_qt) StdoutLine: {'line': b'-- Up-to-date: /home/colin/agv_gui/install/amr_v4_qt/share/amr_v4_qt/local_setup.bash\n'}
[21.042298] (amr_v4_qt) StdoutLine: {'line': b'-- Up-to-date: /home/colin/agv_gui/install/amr_v4_qt/share/amr_v4_qt/local_setup.sh\n'}
[21.043090] (amr_v4_qt) StdoutLine: {'line': b'-- Up-to-date: /home/colin/agv_gui/install/amr_v4_qt/share/amr_v4_qt/local_setup.zsh\n'}
[21.043573] (amr_v4_qt) StdoutLine: {'line': b'-- Installing: /home/colin/agv_gui/install/amr_v4_qt/share/amr_v4_qt/local_setup.dsv\n'}
[21.045275] (amr_v4_qt) StdoutLine: {'line': b'-- Installing: /home/colin/agv_gui/install/amr_v4_qt/share/amr_v4_qt/package.dsv\n'}
[21.045784] (amr_v4_qt) StdoutLine: {'line': b'-- Up-to-date: /home/colin/agv_gui/install/amr_v4_qt/share/ament_index/resource_index/packages/amr_v4_qt\n'}
[21.046278] (amr_v4_qt) StdoutLine: {'line': b'-- Up-to-date: /home/colin/agv_gui/install/amr_v4_qt/share/amr_v4_qt/cmake/amr_v4_qtConfig.cmake\n'}
[21.046775] (amr_v4_qt) StdoutLine: {'line': b'-- Up-to-date: /home/colin/agv_gui/install/amr_v4_qt/share/amr_v4_qt/cmake/amr_v4_qtConfig-version.cmake\n'}
[21.047232] (amr_v4_qt) StdoutLine: {'line': b'-- Up-to-date: /home/colin/agv_gui/install/amr_v4_qt/share/amr_v4_qt/package.xml\n'}
[21.057510] (amr_v4_qt) CommandEnded: {'returncode': 0}
[21.068682] (-) TimerEvent: {}
[21.172325] (-) TimerEvent: {}
[21.273482] (-) TimerEvent: {}
[21.375089] (-) TimerEvent: {}
[21.475776] (-) TimerEvent: {}
[21.576876] (-) TimerEvent: {}
[21.679702] (-) TimerEvent: {}
[21.781325] (-) TimerEvent: {}
[21.881871] (-) TimerEvent: {}
[21.982373] (-) TimerEvent: {}
[22.082880] (-) TimerEvent: {}
[22.183486] (-) TimerEvent: {}
[22.286413] (-) TimerEvent: {}
[22.388536] (-) TimerEvent: {}
[22.492389] (-) TimerEvent: {}
[22.593443] (-) TimerEvent: {}
[22.695290] (-) TimerEvent: {}
[22.797923] (-) TimerEvent: {}
[22.898573] (-) TimerEvent: {}
[22.962974] (amr_v4_qt) JobEnded: {'identifier': 'amr_v4_qt', 'rc': 0}
[22.966816] (-) EventReactorShutdown: {}
