[0.018s] Invoking command in '/home/kidd/projects/agv_gui/build/amr_v4_msgs_srvs': CMAKE_PREFIX_PATH=/opt/ros/humble /usr/bin/cmake /home/kidd/projects/agv_gui/amr_v4_msgs_srvs -DCMAKE_INSTALL_PREFIX=/home/kidd/projects/agv_gui/install/amr_v4_msgs_srvs
[0.205s] -- The C compiler identification is GNU 11.4.0
[0.374s] -- The CXX compiler identification is GNU 11.4.0
[0.399s] -- Detecting C compiler ABI info
[0.543s] -- Detecting C compiler ABI info - done
[0.552s] -- Check for working C compiler: /usr/bin/cc - skipped
[0.554s] -- Detecting C compile features
[0.555s] -- Detecting C compile features - done
[0.563s] -- Detecting CXX compiler ABI info
[0.665s] -- Detecting CXX compiler ABI info - done
[0.672s] -- Check for working CXX compiler: /usr/bin/c++ - skipped
[0.673s] -- Detecting CXX compile features
[0.674s] -- Detecting CXX compile features - done
[0.678s] -- Found ament_cmake: 1.3.8 (/opt/ros/humble/share/ament_cmake/cmake)
[0.845s] -- Found Python3: /usr/bin/python3 (found version "3.10.12") found components: Interpreter 
[0.975s] -- Found rosidl_default_generators: 1.2.0 (/opt/ros/humble/share/rosidl_default_generators/cmake)
[0.981s] -- Using all available rosidl_typesupport_c: rosidl_typesupport_fastrtps_c;rosidl_typesupport_introspection_c
[0.991s] -- Found rosidl_adapter: 3.1.5 (/opt/ros/humble/share/rosidl_adapter/cmake)
[1.063s] -- Using all available rosidl_typesupport_cpp: rosidl_typesupport_fastrtps_cpp;rosidl_typesupport_introspection_cpp
[1.118s] -- Found rclcpp: 16.0.8 (/opt/ros/humble/share/rclcpp/cmake)
[1.266s] -- Found rmw_implementation_cmake: 6.1.1 (/opt/ros/humble/share/rmw_implementation_cmake/cmake)
[1.271s] -- Found rmw_fastrtps_cpp: 6.2.6 (/opt/ros/humble/share/rmw_fastrtps_cpp/cmake)
[1.448s] -- Found OpenSSL: /usr/lib/x86_64-linux-gnu/libcrypto.so (found version "3.0.2")  
[1.478s] -- Found FastRTPS: /opt/ros/humble/include  
[1.535s] -- Using RMW implementation 'rmw_fastrtps_cpp' as default
[1.555s] -- Looking for pthread.h
[1.647s] -- Looking for pthread.h - found
[1.647s] -- Performing Test CMAKE_HAVE_LIBC_PTHREAD
[1.733s] -- Performing Test CMAKE_HAVE_LIBC_PTHREAD - Success
[1.733s] -- Found Threads: TRUE  
[2.278s] -- Found ament_cmake_ros: 0.10.0 (/opt/ros/humble/share/ament_cmake_ros/cmake)
[2.566s] -- Using all available rosidl_typesupport_c: rosidl_typesupport_fastrtps_c;rosidl_typesupport_introspection_c
[2.858s] -- Using all available rosidl_typesupport_cpp: rosidl_typesupport_fastrtps_cpp;rosidl_typesupport_introspection_cpp
[2.882s] -- Found PythonInterp: /usr/bin/python3 (found suitable version "3.10.12", minimum required is "3.6") 
[2.885s] -- Found python_cmake_module: 0.10.0 (/opt/ros/humble/share/python_cmake_module/cmake)
[2.910s] -- Found PythonLibs: /usr/lib/x86_64-linux-gnu/libpython3.10.so (found suitable version "3.10.12", minimum required is "3.5") 
[2.910s] -- Using PYTHON_EXECUTABLE: /usr/bin/python3
[2.910s] -- Using PYTHON_INCLUDE_DIRS: /usr/include/python3.10
[2.910s] -- Using PYTHON_LIBRARIES: /usr/lib/x86_64-linux-gnu/libpython3.10.so
[2.929s] -- Found PythonExtra: .so  
[2.966s] -- Found ament_lint_auto: 0.12.10 (/opt/ros/humble/share/ament_lint_auto/cmake)
[3.006s] -- Added test 'copyright' to check source files copyright and LICENSE
[3.009s] -- Added test 'lint_cmake' to check CMake code style
[3.012s] -- Added test 'xmllint' to check XML markup files
[3.017s] -- Configuring done
[3.072s] -- Generating done
[3.078s] -- Build files have been written to: /home/kidd/projects/agv_gui/build/amr_v4_msgs_srvs
[3.096s] Invoked command in '/home/kidd/projects/agv_gui/build/amr_v4_msgs_srvs' returned '0': CMAKE_PREFIX_PATH=/opt/ros/humble /usr/bin/cmake /home/kidd/projects/agv_gui/amr_v4_msgs_srvs -DCMAKE_INSTALL_PREFIX=/home/kidd/projects/agv_gui/install/amr_v4_msgs_srvs
[3.097s] Invoking command in '/home/kidd/projects/agv_gui/build/amr_v4_msgs_srvs': CMAKE_PREFIX_PATH=/opt/ros/humble /usr/bin/cmake --build /home/kidd/projects/agv_gui/build/amr_v4_msgs_srvs -- -j2 -l2
[3.167s] [  1%] [34m[1mGenerating C code for ROS interfaces[0m
[3.182s] [  3%] [34m[1mGenerating C++ code for ROS interfaces[0m
[4.252s] [  3%] Built target amr_v4_msgs_srvs__cpp
[4.327s] [  3%] Built target ament_cmake_python_copy_amr_v4_msgs_srvs
[4.345s] [  5%] [34m[1mGenerating C++ type support dispatch for ROS interfaces[0m
[4.487s] [  7%] [32mBuilding C object CMakeFiles/amr_v4_msgs_srvs__rosidl_generator_c.dir/rosidl_generator_c/amr_v4_msgs_srvs/msg/detail/motor__functions.c.o[0m
[4.693s] [  9%] [32mBuilding C object CMakeFiles/amr_v4_msgs_srvs__rosidl_generator_c.dir/rosidl_generator_c/amr_v4_msgs_srvs/msg/detail/robot__functions.c.o[0m
[4.840s] [ 10%] [32mBuilding C object CMakeFiles/amr_v4_msgs_srvs__rosidl_generator_c.dir/rosidl_generator_c/amr_v4_msgs_srvs/msg/detail/pin__functions.c.o[0m
[5.019s] [ 12%] [32mBuilding C object CMakeFiles/amr_v4_msgs_srvs__rosidl_generator_c.dir/rosidl_generator_c/amr_v4_msgs_srvs/srv/detail/testserv__functions.c.o[0m
[5.226s] [ 14%] [32m[1mLinking C shared library libamr_v4_msgs_srvs__rosidl_generator_c.so[0m
[5.263s] [ 16%] [32mBuilding CXX object CMakeFiles/amr_v4_msgs_srvs__rosidl_typesupport_cpp.dir/rosidl_typesupport_cpp/amr_v4_msgs_srvs/msg/motor__type_support.cpp.o[0m
[5.347s] [ 16%] Built target amr_v4_msgs_srvs__rosidl_generator_c
[5.401s] [ 18%] [34m[1mGenerating C++ type support for eProsima Fast-RTPS[0m
[6.129s] [ 20%] [32mBuilding CXX object CMakeFiles/amr_v4_msgs_srvs__rosidl_typesupport_cpp.dir/rosidl_typesupport_cpp/amr_v4_msgs_srvs/msg/robot__type_support.cpp.o[0m
[6.653s] [ 21%] [32mBuilding CXX object CMakeFiles/amr_v4_msgs_srvs__rosidl_typesupport_fastrtps_cpp.dir/rosidl_typesupport_fastrtps_cpp/amr_v4_msgs_srvs/msg/detail/dds_fastrtps/motor__type_support.cpp.o[0m
[6.839s] [ 23%] [32mBuilding CXX object CMakeFiles/amr_v4_msgs_srvs__rosidl_typesupport_cpp.dir/rosidl_typesupport_cpp/amr_v4_msgs_srvs/msg/pin__type_support.cpp.o[0m
[7.766s] [ 25%] [32mBuilding CXX object CMakeFiles/amr_v4_msgs_srvs__rosidl_typesupport_cpp.dir/rosidl_typesupport_cpp/amr_v4_msgs_srvs/srv/testserv__type_support.cpp.o[0m
[7.905s] [ 27%] [32mBuilding CXX object CMakeFiles/amr_v4_msgs_srvs__rosidl_typesupport_fastrtps_cpp.dir/rosidl_typesupport_fastrtps_cpp/amr_v4_msgs_srvs/msg/detail/dds_fastrtps/robot__type_support.cpp.o[0m
[8.548s] [ 29%] [32m[1mLinking CXX shared library libamr_v4_msgs_srvs__rosidl_typesupport_cpp.so[0m
[8.725s] [ 29%] Built target amr_v4_msgs_srvs__rosidl_typesupport_cpp
[8.766s] [ 30%] [34m[1mGenerating C++ introspection for ROS interfaces[0m
[9.159s] [ 32%] [32mBuilding CXX object CMakeFiles/amr_v4_msgs_srvs__rosidl_typesupport_fastrtps_cpp.dir/rosidl_typesupport_fastrtps_cpp/amr_v4_msgs_srvs/msg/detail/dds_fastrtps/pin__type_support.cpp.o[0m
[10.131s] [ 34%] [32mBuilding CXX object CMakeFiles/amr_v4_msgs_srvs__rosidl_typesupport_introspection_cpp.dir/rosidl_typesupport_introspection_cpp/amr_v4_msgs_srvs/msg/detail/motor__type_support.cpp.o[0m
[10.468s] [ 36%] [32mBuilding CXX object CMakeFiles/amr_v4_msgs_srvs__rosidl_typesupport_fastrtps_cpp.dir/rosidl_typesupport_fastrtps_cpp/amr_v4_msgs_srvs/srv/detail/dds_fastrtps/testserv__type_support.cpp.o[0m
[11.368s] [ 38%] [32mBuilding CXX object CMakeFiles/amr_v4_msgs_srvs__rosidl_typesupport_introspection_cpp.dir/rosidl_typesupport_introspection_cpp/amr_v4_msgs_srvs/msg/detail/robot__type_support.cpp.o[0m
[11.752s] [ 40%] [32m[1mLinking CXX shared library libamr_v4_msgs_srvs__rosidl_typesupport_fastrtps_cpp.so[0m
[11.895s] [ 40%] Built target amr_v4_msgs_srvs__rosidl_typesupport_fastrtps_cpp
[12.189s] [ 41%] [32mBuilding CXX object CMakeFiles/amr_v4_msgs_srvs__rosidl_typesupport_introspection_cpp.dir/rosidl_typesupport_introspection_cpp/amr_v4_msgs_srvs/msg/detail/pin__type_support.cpp.o[0m
[12.268s] running egg_info
[12.270s] creating amr_v4_msgs_srvs.egg-info
[12.271s] writing amr_v4_msgs_srvs.egg-info/PKG-INFO
[12.272s] writing dependency_links to amr_v4_msgs_srvs.egg-info/dependency_links.txt
[12.272s] writing top-level names to amr_v4_msgs_srvs.egg-info/top_level.txt
[12.273s] writing manifest file 'amr_v4_msgs_srvs.egg-info/SOURCES.txt'
[12.279s] reading manifest file 'amr_v4_msgs_srvs.egg-info/SOURCES.txt'
[12.280s] writing manifest file 'amr_v4_msgs_srvs.egg-info/SOURCES.txt'
[12.326s] [ 41%] Built target ament_cmake_python_build_amr_v4_msgs_srvs_egg
[12.342s] [ 43%] [34m[1mGenerating C type support for eProsima Fast-RTPS[0m
[12.869s] [ 45%] [32mBuilding CXX object CMakeFiles/amr_v4_msgs_srvs__rosidl_typesupport_introspection_cpp.dir/rosidl_typesupport_introspection_cpp/amr_v4_msgs_srvs/srv/detail/testserv__type_support.cpp.o[0m
[13.091s] [ 47%] [32mBuilding CXX object CMakeFiles/amr_v4_msgs_srvs__rosidl_typesupport_fastrtps_c.dir/rosidl_typesupport_fastrtps_c/amr_v4_msgs_srvs/msg/detail/motor__type_support_c.cpp.o[0m
[13.567s] [ 49%] [32m[1mLinking CXX shared library libamr_v4_msgs_srvs__rosidl_typesupport_introspection_cpp.so[0m
[13.663s] [ 49%] Built target amr_v4_msgs_srvs__rosidl_typesupport_introspection_cpp
[13.683s] [ 50%] [34m[1mGenerating C introspection for ROS interfaces[0m
[13.737s] [ 52%] [32mBuilding CXX object CMakeFiles/amr_v4_msgs_srvs__rosidl_typesupport_fastrtps_c.dir/rosidl_typesupport_fastrtps_c/amr_v4_msgs_srvs/msg/detail/robot__type_support_c.cpp.o[0m
[14.378s] [ 54%] [32mBuilding CXX object CMakeFiles/amr_v4_msgs_srvs__rosidl_typesupport_fastrtps_c.dir/rosidl_typesupport_fastrtps_c/amr_v4_msgs_srvs/msg/detail/pin__type_support_c.cpp.o[0m
[14.500s] [ 56%] [32mBuilding C object CMakeFiles/amr_v4_msgs_srvs__rosidl_typesupport_introspection_c.dir/rosidl_typesupport_introspection_c/amr_v4_msgs_srvs/msg/detail/motor__type_support.c.o[0m
[14.566s] [ 58%] [32mBuilding C object CMakeFiles/amr_v4_msgs_srvs__rosidl_typesupport_introspection_c.dir/rosidl_typesupport_introspection_c/amr_v4_msgs_srvs/msg/detail/robot__type_support.c.o[0m
[14.624s] [ 60%] [32mBuilding C object CMakeFiles/amr_v4_msgs_srvs__rosidl_typesupport_introspection_c.dir/rosidl_typesupport_introspection_c/amr_v4_msgs_srvs/msg/detail/pin__type_support.c.o[0m
[14.679s] [ 61%] [32mBuilding C object CMakeFiles/amr_v4_msgs_srvs__rosidl_typesupport_introspection_c.dir/rosidl_typesupport_introspection_c/amr_v4_msgs_srvs/srv/detail/testserv__type_support.c.o[0m
[14.729s] [ 63%] [32m[1mLinking C shared library libamr_v4_msgs_srvs__rosidl_typesupport_introspection_c.so[0m
[14.785s] [ 63%] Built target amr_v4_msgs_srvs__rosidl_typesupport_introspection_c
[14.801s] [ 65%] [34m[1mGenerating C type support dispatch for ROS interfaces[0m
[14.946s] [ 67%] [32mBuilding CXX object CMakeFiles/amr_v4_msgs_srvs__rosidl_typesupport_fastrtps_c.dir/rosidl_typesupport_fastrtps_c/amr_v4_msgs_srvs/srv/detail/testserv__type_support_c.cpp.o[0m
[15.348s] [ 69%] [32mBuilding CXX object CMakeFiles/amr_v4_msgs_srvs__rosidl_typesupport_c.dir/rosidl_typesupport_c/amr_v4_msgs_srvs/msg/motor__type_support.cpp.o[0m
[15.389s] [ 70%] [32mBuilding CXX object CMakeFiles/amr_v4_msgs_srvs__rosidl_typesupport_c.dir/rosidl_typesupport_c/amr_v4_msgs_srvs/msg/robot__type_support.cpp.o[0m
[15.427s] [ 72%] [32mBuilding CXX object CMakeFiles/amr_v4_msgs_srvs__rosidl_typesupport_c.dir/rosidl_typesupport_c/amr_v4_msgs_srvs/msg/pin__type_support.cpp.o[0m
[15.469s] [ 74%] [32mBuilding CXX object CMakeFiles/amr_v4_msgs_srvs__rosidl_typesupport_c.dir/rosidl_typesupport_c/amr_v4_msgs_srvs/srv/testserv__type_support.cpp.o[0m
[15.474s] [ 76%] [32m[1mLinking CXX shared library libamr_v4_msgs_srvs__rosidl_typesupport_fastrtps_c.so[0m
[15.514s] [ 78%] [32m[1mLinking CXX shared library libamr_v4_msgs_srvs__rosidl_typesupport_c.so[0m
[15.596s] [ 78%] Built target amr_v4_msgs_srvs__rosidl_typesupport_c
[15.626s] [ 78%] Built target amr_v4_msgs_srvs__rosidl_typesupport_fastrtps_c
[15.652s] [ 78%] Built target amr_v4_msgs_srvs
[15.672s] [ 80%] [34m[1mGenerating Python code for ROS interfaces[0m
[16.451s] [ 80%] Built target amr_v4_msgs_srvs__py
[16.477s] [ 83%] [32mBuilding C object CMakeFiles/amr_v4_msgs_srvs__rosidl_generator_py.dir/rosidl_generator_py/amr_v4_msgs_srvs/msg/_robot_s.c.o[0m
[16.478s] [ 83%] [32mBuilding C object CMakeFiles/amr_v4_msgs_srvs__rosidl_generator_py.dir/rosidl_generator_py/amr_v4_msgs_srvs/msg/_motor_s.c.o[0m
[16.704s] [ 85%] [32mBuilding C object CMakeFiles/amr_v4_msgs_srvs__rosidl_generator_py.dir/rosidl_generator_py/amr_v4_msgs_srvs/msg/_pin_s.c.o[0m
[16.727s] [ 87%] [32mBuilding C object CMakeFiles/amr_v4_msgs_srvs__rosidl_generator_py.dir/rosidl_generator_py/amr_v4_msgs_srvs/srv/_testserv_s.c.o[0m
[16.913s] [ 89%] [32m[1mLinking C shared library rosidl_generator_py/amr_v4_msgs_srvs/libamr_v4_msgs_srvs__rosidl_generator_py.so[0m
[16.993s] [ 89%] Built target amr_v4_msgs_srvs__rosidl_generator_py
[17.049s] [ 90%] [32mBuilding C object CMakeFiles/amr_v4_msgs_srvs__rosidl_typesupport_fastrtps_c__pyext.dir/rosidl_generator_py/amr_v4_msgs_srvs/_amr_v4_msgs_srvs_s.ep.rosidl_typesupport_fastrtps_c.c.o[0m
[17.074s] [ 92%] [32mBuilding C object CMakeFiles/amr_v4_msgs_srvs__rosidl_typesupport_introspection_c__pyext.dir/rosidl_generator_py/amr_v4_msgs_srvs/_amr_v4_msgs_srvs_s.ep.rosidl_typesupport_introspection_c.c.o[0m
[17.312s] [ 94%] [32m[1mLinking C shared library rosidl_generator_py/amr_v4_msgs_srvs/amr_v4_msgs_srvs_s__rosidl_typesupport_fastrtps_c.cpython-310-x86_64-linux-gnu.so[0m
[17.335s] [ 96%] [32m[1mLinking C shared library rosidl_generator_py/amr_v4_msgs_srvs/amr_v4_msgs_srvs_s__rosidl_typesupport_introspection_c.cpython-310-x86_64-linux-gnu.so[0m
[17.364s] [ 96%] Built target amr_v4_msgs_srvs__rosidl_typesupport_fastrtps_c__pyext
[17.393s] [ 98%] [32mBuilding C object CMakeFiles/amr_v4_msgs_srvs__rosidl_typesupport_c__pyext.dir/rosidl_generator_py/amr_v4_msgs_srvs/_amr_v4_msgs_srvs_s.ep.rosidl_typesupport_c.c.o[0m
[17.397s] [ 98%] Built target amr_v4_msgs_srvs__rosidl_typesupport_introspection_c__pyext
[17.502s] [100%] [32m[1mLinking C shared library rosidl_generator_py/amr_v4_msgs_srvs/amr_v4_msgs_srvs_s__rosidl_typesupport_c.cpython-310-x86_64-linux-gnu.so[0m
[17.534s] [100%] Built target amr_v4_msgs_srvs__rosidl_typesupport_c__pyext
[17.563s] Invoked command in '/home/kidd/projects/agv_gui/build/amr_v4_msgs_srvs' returned '0': CMAKE_PREFIX_PATH=/opt/ros/humble /usr/bin/cmake --build /home/kidd/projects/agv_gui/build/amr_v4_msgs_srvs -- -j2 -l2
[17.701s] Invoking command in '/home/kidd/projects/agv_gui/build/amr_v4_msgs_srvs': CMAKE_PREFIX_PATH=/opt/ros/humble /usr/bin/cmake --install /home/kidd/projects/agv_gui/build/amr_v4_msgs_srvs
[17.711s] -- Install configuration: ""
[17.712s] -- Installing: /home/kidd/projects/agv_gui/install/amr_v4_msgs_srvs/share/ament_index/resource_index/rosidl_interfaces/amr_v4_msgs_srvs
[17.716s] -- Installing: /home/kidd/projects/agv_gui/install/amr_v4_msgs_srvs/include/amr_v4_msgs_srvs/amr_v4_msgs_srvs
[17.724s] -- Installing: /home/kidd/projects/agv_gui/install/amr_v4_msgs_srvs/include/amr_v4_msgs_srvs/amr_v4_msgs_srvs/msg
[17.724s] -- Installing: /home/kidd/projects/agv_gui/install/amr_v4_msgs_srvs/include/amr_v4_msgs_srvs/amr_v4_msgs_srvs/msg/pin.h
[17.724s] -- Installing: /home/kidd/projects/agv_gui/install/amr_v4_msgs_srvs/include/amr_v4_msgs_srvs/amr_v4_msgs_srvs/msg/rosidl_generator_c__visibility_control.h
[17.724s] -- Installing: /home/kidd/projects/agv_gui/install/amr_v4_msgs_srvs/include/amr_v4_msgs_srvs/amr_v4_msgs_srvs/msg/robot.h
[17.725s] -- Installing: /home/kidd/projects/agv_gui/install/amr_v4_msgs_srvs/include/amr_v4_msgs_srvs/amr_v4_msgs_srvs/msg/motor.h
[17.725s] -- Installing: /home/kidd/projects/agv_gui/install/amr_v4_msgs_srvs/include/amr_v4_msgs_srvs/amr_v4_msgs_srvs/msg/detail
[17.725s] -- Installing: /home/kidd/projects/agv_gui/install/amr_v4_msgs_srvs/include/amr_v4_msgs_srvs/amr_v4_msgs_srvs/msg/detail/robot__struct.h
[17.725s] -- Installing: /home/kidd/projects/agv_gui/install/amr_v4_msgs_srvs/include/amr_v4_msgs_srvs/amr_v4_msgs_srvs/msg/detail/motor__struct.h
[17.725s] -- Installing: /home/kidd/projects/agv_gui/install/amr_v4_msgs_srvs/include/amr_v4_msgs_srvs/amr_v4_msgs_srvs/msg/detail/pin__type_support.h
[17.725s] -- Installing: /home/kidd/projects/agv_gui/install/amr_v4_msgs_srvs/include/amr_v4_msgs_srvs/amr_v4_msgs_srvs/msg/detail/pin__functions.c
[17.725s] -- Installing: /home/kidd/projects/agv_gui/install/amr_v4_msgs_srvs/include/amr_v4_msgs_srvs/amr_v4_msgs_srvs/msg/detail/pin__struct.h
[17.725s] -- Installing: /home/kidd/projects/agv_gui/install/amr_v4_msgs_srvs/include/amr_v4_msgs_srvs/amr_v4_msgs_srvs/msg/detail/motor__functions.c
[17.725s] -- Installing: /home/kidd/projects/agv_gui/install/amr_v4_msgs_srvs/include/amr_v4_msgs_srvs/amr_v4_msgs_srvs/msg/detail/pin__functions.h
[17.725s] -- Installing: /home/kidd/projects/agv_gui/install/amr_v4_msgs_srvs/include/amr_v4_msgs_srvs/amr_v4_msgs_srvs/msg/detail/robot__type_support.h
[17.725s] -- Installing: /home/kidd/projects/agv_gui/install/amr_v4_msgs_srvs/include/amr_v4_msgs_srvs/amr_v4_msgs_srvs/msg/detail/motor__functions.h
[17.725s] -- Installing: /home/kidd/projects/agv_gui/install/amr_v4_msgs_srvs/include/amr_v4_msgs_srvs/amr_v4_msgs_srvs/msg/detail/motor__type_support.h
[17.725s] -- Installing: /home/kidd/projects/agv_gui/install/amr_v4_msgs_srvs/include/amr_v4_msgs_srvs/amr_v4_msgs_srvs/msg/detail/robot__functions.c
[17.725s] -- Installing: /home/kidd/projects/agv_gui/install/amr_v4_msgs_srvs/include/amr_v4_msgs_srvs/amr_v4_msgs_srvs/msg/detail/robot__functions.h
[17.726s] -- Installing: /home/kidd/projects/agv_gui/install/amr_v4_msgs_srvs/include/amr_v4_msgs_srvs/amr_v4_msgs_srvs/srv
[17.726s] -- Installing: /home/kidd/projects/agv_gui/install/amr_v4_msgs_srvs/include/amr_v4_msgs_srvs/amr_v4_msgs_srvs/srv/testserv.h
[17.726s] -- Installing: /home/kidd/projects/agv_gui/install/amr_v4_msgs_srvs/include/amr_v4_msgs_srvs/amr_v4_msgs_srvs/srv/detail
[17.726s] -- Installing: /home/kidd/projects/agv_gui/install/amr_v4_msgs_srvs/include/amr_v4_msgs_srvs/amr_v4_msgs_srvs/srv/detail/testserv__functions.c
[17.726s] -- Installing: /home/kidd/projects/agv_gui/install/amr_v4_msgs_srvs/include/amr_v4_msgs_srvs/amr_v4_msgs_srvs/srv/detail/testserv__functions.h
[17.726s] -- Installing: /home/kidd/projects/agv_gui/install/amr_v4_msgs_srvs/include/amr_v4_msgs_srvs/amr_v4_msgs_srvs/srv/detail/testserv__type_support.h
[17.726s] -- Installing: /home/kidd/projects/agv_gui/install/amr_v4_msgs_srvs/include/amr_v4_msgs_srvs/amr_v4_msgs_srvs/srv/detail/testserv__struct.h
[17.726s] -- Installing: /home/kidd/projects/agv_gui/install/amr_v4_msgs_srvs/share/amr_v4_msgs_srvs/environment/library_path.sh
[17.726s] -- Installing: /home/kidd/projects/agv_gui/install/amr_v4_msgs_srvs/share/amr_v4_msgs_srvs/environment/library_path.dsv
[17.726s] -- Installing: /home/kidd/projects/agv_gui/install/amr_v4_msgs_srvs/lib/libamr_v4_msgs_srvs__rosidl_generator_c.so
[17.726s] -- Set runtime path of "/home/kidd/projects/agv_gui/install/amr_v4_msgs_srvs/lib/libamr_v4_msgs_srvs__rosidl_generator_c.so" to ""
[17.726s] -- Up-to-date: /home/kidd/projects/agv_gui/install/amr_v4_msgs_srvs/include/amr_v4_msgs_srvs/amr_v4_msgs_srvs
[17.727s] -- Up-to-date: /home/kidd/projects/agv_gui/install/amr_v4_msgs_srvs/include/amr_v4_msgs_srvs/amr_v4_msgs_srvs/msg
[17.727s] -- Installing: /home/kidd/projects/agv_gui/install/amr_v4_msgs_srvs/include/amr_v4_msgs_srvs/amr_v4_msgs_srvs/msg/rosidl_typesupport_fastrtps_c__visibility_control.h
[17.727s] -- Up-to-date: /home/kidd/projects/agv_gui/install/amr_v4_msgs_srvs/include/amr_v4_msgs_srvs/amr_v4_msgs_srvs/msg/detail
[17.728s] -- Installing: /home/kidd/projects/agv_gui/install/amr_v4_msgs_srvs/include/amr_v4_msgs_srvs/amr_v4_msgs_srvs/msg/detail/motor__rosidl_typesupport_fastrtps_c.h
[17.728s] -- Installing: /home/kidd/projects/agv_gui/install/amr_v4_msgs_srvs/include/amr_v4_msgs_srvs/amr_v4_msgs_srvs/msg/detail/robot__rosidl_typesupport_fastrtps_c.h
[17.728s] -- Installing: /home/kidd/projects/agv_gui/install/amr_v4_msgs_srvs/include/amr_v4_msgs_srvs/amr_v4_msgs_srvs/msg/detail/pin__rosidl_typesupport_fastrtps_c.h
[17.728s] -- Up-to-date: /home/kidd/projects/agv_gui/install/amr_v4_msgs_srvs/include/amr_v4_msgs_srvs/amr_v4_msgs_srvs/srv
[17.728s] -- Up-to-date: /home/kidd/projects/agv_gui/install/amr_v4_msgs_srvs/include/amr_v4_msgs_srvs/amr_v4_msgs_srvs/srv/detail
[17.728s] -- Installing: /home/kidd/projects/agv_gui/install/amr_v4_msgs_srvs/include/amr_v4_msgs_srvs/amr_v4_msgs_srvs/srv/detail/testserv__rosidl_typesupport_fastrtps_c.h
[17.728s] -- Installing: /home/kidd/projects/agv_gui/install/amr_v4_msgs_srvs/lib/libamr_v4_msgs_srvs__rosidl_typesupport_fastrtps_c.so
[17.728s] -- Set runtime path of "/home/kidd/projects/agv_gui/install/amr_v4_msgs_srvs/lib/libamr_v4_msgs_srvs__rosidl_typesupport_fastrtps_c.so" to ""
[17.728s] -- Up-to-date: /home/kidd/projects/agv_gui/install/amr_v4_msgs_srvs/include/amr_v4_msgs_srvs/amr_v4_msgs_srvs
[17.728s] -- Up-to-date: /home/kidd/projects/agv_gui/install/amr_v4_msgs_srvs/include/amr_v4_msgs_srvs/amr_v4_msgs_srvs/msg
[17.728s] -- Installing: /home/kidd/projects/agv_gui/install/amr_v4_msgs_srvs/include/amr_v4_msgs_srvs/amr_v4_msgs_srvs/msg/rosidl_typesupport_introspection_c__visibility_control.h
[17.728s] -- Up-to-date: /home/kidd/projects/agv_gui/install/amr_v4_msgs_srvs/include/amr_v4_msgs_srvs/amr_v4_msgs_srvs/msg/detail
[17.728s] -- Installing: /home/kidd/projects/agv_gui/install/amr_v4_msgs_srvs/include/amr_v4_msgs_srvs/amr_v4_msgs_srvs/msg/detail/pin__rosidl_typesupport_introspection_c.h
[17.728s] -- Installing: /home/kidd/projects/agv_gui/install/amr_v4_msgs_srvs/include/amr_v4_msgs_srvs/amr_v4_msgs_srvs/msg/detail/pin__type_support.c
[17.728s] -- Installing: /home/kidd/projects/agv_gui/install/amr_v4_msgs_srvs/include/amr_v4_msgs_srvs/amr_v4_msgs_srvs/msg/detail/motor__type_support.c
[17.729s] -- Installing: /home/kidd/projects/agv_gui/install/amr_v4_msgs_srvs/include/amr_v4_msgs_srvs/amr_v4_msgs_srvs/msg/detail/motor__rosidl_typesupport_introspection_c.h
[17.729s] -- Installing: /home/kidd/projects/agv_gui/install/amr_v4_msgs_srvs/include/amr_v4_msgs_srvs/amr_v4_msgs_srvs/msg/detail/robot__type_support.c
[17.729s] -- Installing: /home/kidd/projects/agv_gui/install/amr_v4_msgs_srvs/include/amr_v4_msgs_srvs/amr_v4_msgs_srvs/msg/detail/robot__rosidl_typesupport_introspection_c.h
[17.729s] -- Up-to-date: /home/kidd/projects/agv_gui/install/amr_v4_msgs_srvs/include/amr_v4_msgs_srvs/amr_v4_msgs_srvs/srv
[17.729s] -- Up-to-date: /home/kidd/projects/agv_gui/install/amr_v4_msgs_srvs/include/amr_v4_msgs_srvs/amr_v4_msgs_srvs/srv/detail
[17.729s] -- Installing: /home/kidd/projects/agv_gui/install/amr_v4_msgs_srvs/include/amr_v4_msgs_srvs/amr_v4_msgs_srvs/srv/detail/testserv__type_support.c
[17.729s] -- Installing: /home/kidd/projects/agv_gui/install/amr_v4_msgs_srvs/include/amr_v4_msgs_srvs/amr_v4_msgs_srvs/srv/detail/testserv__rosidl_typesupport_introspection_c.h
[17.729s] -- Installing: /home/kidd/projects/agv_gui/install/amr_v4_msgs_srvs/lib/libamr_v4_msgs_srvs__rosidl_typesupport_introspection_c.so
[17.729s] -- Set runtime path of "/home/kidd/projects/agv_gui/install/amr_v4_msgs_srvs/lib/libamr_v4_msgs_srvs__rosidl_typesupport_introspection_c.so" to ""
[17.729s] -- Installing: /home/kidd/projects/agv_gui/install/amr_v4_msgs_srvs/lib/libamr_v4_msgs_srvs__rosidl_typesupport_c.so
[17.729s] -- Set runtime path of "/home/kidd/projects/agv_gui/install/amr_v4_msgs_srvs/lib/libamr_v4_msgs_srvs__rosidl_typesupport_c.so" to ""
[17.729s] -- Up-to-date: /home/kidd/projects/agv_gui/install/amr_v4_msgs_srvs/include/amr_v4_msgs_srvs/amr_v4_msgs_srvs
[17.729s] -- Up-to-date: /home/kidd/projects/agv_gui/install/amr_v4_msgs_srvs/include/amr_v4_msgs_srvs/amr_v4_msgs_srvs/msg
[17.729s] -- Installing: /home/kidd/projects/agv_gui/install/amr_v4_msgs_srvs/include/amr_v4_msgs_srvs/amr_v4_msgs_srvs/msg/motor.hpp
[17.729s] -- Installing: /home/kidd/projects/agv_gui/install/amr_v4_msgs_srvs/include/amr_v4_msgs_srvs/amr_v4_msgs_srvs/msg/robot.hpp
[17.730s] -- Installing: /home/kidd/projects/agv_gui/install/amr_v4_msgs_srvs/include/amr_v4_msgs_srvs/amr_v4_msgs_srvs/msg/pin.hpp
[17.730s] -- Up-to-date: /home/kidd/projects/agv_gui/install/amr_v4_msgs_srvs/include/amr_v4_msgs_srvs/amr_v4_msgs_srvs/msg/detail
[17.730s] -- Installing: /home/kidd/projects/agv_gui/install/amr_v4_msgs_srvs/include/amr_v4_msgs_srvs/amr_v4_msgs_srvs/msg/detail/pin__struct.hpp
[17.730s] -- Installing: /home/kidd/projects/agv_gui/install/amr_v4_msgs_srvs/include/amr_v4_msgs_srvs/amr_v4_msgs_srvs/msg/detail/motor__traits.hpp
[17.730s] -- Installing: /home/kidd/projects/agv_gui/install/amr_v4_msgs_srvs/include/amr_v4_msgs_srvs/amr_v4_msgs_srvs/msg/detail/pin__builder.hpp
[17.730s] -- Installing: /home/kidd/projects/agv_gui/install/amr_v4_msgs_srvs/include/amr_v4_msgs_srvs/amr_v4_msgs_srvs/msg/detail/motor__struct.hpp
[17.730s] -- Installing: /home/kidd/projects/agv_gui/install/amr_v4_msgs_srvs/include/amr_v4_msgs_srvs/amr_v4_msgs_srvs/msg/detail/robot__traits.hpp
[17.730s] -- Installing: /home/kidd/projects/agv_gui/install/amr_v4_msgs_srvs/include/amr_v4_msgs_srvs/amr_v4_msgs_srvs/msg/detail/motor__builder.hpp
[17.731s] -- Installing: /home/kidd/projects/agv_gui/install/amr_v4_msgs_srvs/include/amr_v4_msgs_srvs/amr_v4_msgs_srvs/msg/detail/robot__builder.hpp
[17.731s] -- Installing: /home/kidd/projects/agv_gui/install/amr_v4_msgs_srvs/include/amr_v4_msgs_srvs/amr_v4_msgs_srvs/msg/detail/pin__traits.hpp
[17.731s] -- Installing: /home/kidd/projects/agv_gui/install/amr_v4_msgs_srvs/include/amr_v4_msgs_srvs/amr_v4_msgs_srvs/msg/detail/robot__struct.hpp
[17.731s] -- Up-to-date: /home/kidd/projects/agv_gui/install/amr_v4_msgs_srvs/include/amr_v4_msgs_srvs/amr_v4_msgs_srvs/srv
[17.731s] -- Installing: /home/kidd/projects/agv_gui/install/amr_v4_msgs_srvs/include/amr_v4_msgs_srvs/amr_v4_msgs_srvs/srv/testserv.hpp
[17.731s] -- Up-to-date: /home/kidd/projects/agv_gui/install/amr_v4_msgs_srvs/include/amr_v4_msgs_srvs/amr_v4_msgs_srvs/srv/detail
[17.731s] -- Installing: /home/kidd/projects/agv_gui/install/amr_v4_msgs_srvs/include/amr_v4_msgs_srvs/amr_v4_msgs_srvs/srv/detail/testserv__builder.hpp
[17.732s] -- Installing: /home/kidd/projects/agv_gui/install/amr_v4_msgs_srvs/include/amr_v4_msgs_srvs/amr_v4_msgs_srvs/srv/detail/testserv__traits.hpp
[17.734s] -- Installing: /home/kidd/projects/agv_gui/install/amr_v4_msgs_srvs/include/amr_v4_msgs_srvs/amr_v4_msgs_srvs/srv/detail/testserv__struct.hpp
[17.734s] -- Up-to-date: /home/kidd/projects/agv_gui/install/amr_v4_msgs_srvs/include/amr_v4_msgs_srvs/amr_v4_msgs_srvs
[17.734s] -- Up-to-date: /home/kidd/projects/agv_gui/install/amr_v4_msgs_srvs/include/amr_v4_msgs_srvs/amr_v4_msgs_srvs/msg
[17.734s] -- Installing: /home/kidd/projects/agv_gui/install/amr_v4_msgs_srvs/include/amr_v4_msgs_srvs/amr_v4_msgs_srvs/msg/rosidl_typesupport_fastrtps_cpp__visibility_control.h
[17.734s] -- Up-to-date: /home/kidd/projects/agv_gui/install/amr_v4_msgs_srvs/include/amr_v4_msgs_srvs/amr_v4_msgs_srvs/msg/detail
[17.734s] -- Installing: /home/kidd/projects/agv_gui/install/amr_v4_msgs_srvs/include/amr_v4_msgs_srvs/amr_v4_msgs_srvs/msg/detail/motor__rosidl_typesupport_fastrtps_cpp.hpp
[17.734s] -- Installing: /home/kidd/projects/agv_gui/install/amr_v4_msgs_srvs/include/amr_v4_msgs_srvs/amr_v4_msgs_srvs/msg/detail/pin__rosidl_typesupport_fastrtps_cpp.hpp
[17.734s] -- Installing: /home/kidd/projects/agv_gui/install/amr_v4_msgs_srvs/include/amr_v4_msgs_srvs/amr_v4_msgs_srvs/msg/detail/dds_fastrtps
[17.734s] -- Installing: /home/kidd/projects/agv_gui/install/amr_v4_msgs_srvs/include/amr_v4_msgs_srvs/amr_v4_msgs_srvs/msg/detail/robot__rosidl_typesupport_fastrtps_cpp.hpp
[17.734s] -- Up-to-date: /home/kidd/projects/agv_gui/install/amr_v4_msgs_srvs/include/amr_v4_msgs_srvs/amr_v4_msgs_srvs/srv
[17.734s] -- Up-to-date: /home/kidd/projects/agv_gui/install/amr_v4_msgs_srvs/include/amr_v4_msgs_srvs/amr_v4_msgs_srvs/srv/detail
[17.734s] -- Installing: /home/kidd/projects/agv_gui/install/amr_v4_msgs_srvs/include/amr_v4_msgs_srvs/amr_v4_msgs_srvs/srv/detail/testserv__rosidl_typesupport_fastrtps_cpp.hpp
[17.734s] -- Installing: /home/kidd/projects/agv_gui/install/amr_v4_msgs_srvs/include/amr_v4_msgs_srvs/amr_v4_msgs_srvs/srv/detail/dds_fastrtps
[17.735s] -- Installing: /home/kidd/projects/agv_gui/install/amr_v4_msgs_srvs/lib/libamr_v4_msgs_srvs__rosidl_typesupport_fastrtps_cpp.so
[17.735s] -- Set runtime path of "/home/kidd/projects/agv_gui/install/amr_v4_msgs_srvs/lib/libamr_v4_msgs_srvs__rosidl_typesupport_fastrtps_cpp.so" to ""
[17.735s] -- Up-to-date: /home/kidd/projects/agv_gui/install/amr_v4_msgs_srvs/include/amr_v4_msgs_srvs/amr_v4_msgs_srvs
[17.735s] -- Up-to-date: /home/kidd/projects/agv_gui/install/amr_v4_msgs_srvs/include/amr_v4_msgs_srvs/amr_v4_msgs_srvs/msg
[17.735s] -- Up-to-date: /home/kidd/projects/agv_gui/install/amr_v4_msgs_srvs/include/amr_v4_msgs_srvs/amr_v4_msgs_srvs/msg/detail
[17.735s] -- Installing: /home/kidd/projects/agv_gui/install/amr_v4_msgs_srvs/include/amr_v4_msgs_srvs/amr_v4_msgs_srvs/msg/detail/pin__type_support.cpp
[17.739s] -- Installing: /home/kidd/projects/agv_gui/install/amr_v4_msgs_srvs/include/amr_v4_msgs_srvs/amr_v4_msgs_srvs/msg/detail/robot__type_support.cpp
[17.739s] -- Installing: /home/kidd/projects/agv_gui/install/amr_v4_msgs_srvs/include/amr_v4_msgs_srvs/amr_v4_msgs_srvs/msg/detail/motor__type_support.cpp
[17.739s] -- Installing: /home/kidd/projects/agv_gui/install/amr_v4_msgs_srvs/include/amr_v4_msgs_srvs/amr_v4_msgs_srvs/msg/detail/robot__rosidl_typesupport_introspection_cpp.hpp
[17.739s] -- Installing: /home/kidd/projects/agv_gui/install/amr_v4_msgs_srvs/include/amr_v4_msgs_srvs/amr_v4_msgs_srvs/msg/detail/pin__rosidl_typesupport_introspection_cpp.hpp
[17.739s] -- Installing: /home/kidd/projects/agv_gui/install/amr_v4_msgs_srvs/include/amr_v4_msgs_srvs/amr_v4_msgs_srvs/msg/detail/motor__rosidl_typesupport_introspection_cpp.hpp
[17.739s] -- Up-to-date: /home/kidd/projects/agv_gui/install/amr_v4_msgs_srvs/include/amr_v4_msgs_srvs/amr_v4_msgs_srvs/srv
[17.740s] -- Up-to-date: /home/kidd/projects/agv_gui/install/amr_v4_msgs_srvs/include/amr_v4_msgs_srvs/amr_v4_msgs_srvs/srv/detail
[17.740s] -- Installing: /home/kidd/projects/agv_gui/install/amr_v4_msgs_srvs/include/amr_v4_msgs_srvs/amr_v4_msgs_srvs/srv/detail/testserv__rosidl_typesupport_introspection_cpp.hpp
[17.740s] -- Installing: /home/kidd/projects/agv_gui/install/amr_v4_msgs_srvs/include/amr_v4_msgs_srvs/amr_v4_msgs_srvs/srv/detail/testserv__type_support.cpp
[17.740s] -- Installing: /home/kidd/projects/agv_gui/install/amr_v4_msgs_srvs/lib/libamr_v4_msgs_srvs__rosidl_typesupport_introspection_cpp.so
[17.740s] -- Set runtime path of "/home/kidd/projects/agv_gui/install/amr_v4_msgs_srvs/lib/libamr_v4_msgs_srvs__rosidl_typesupport_introspection_cpp.so" to ""
[17.740s] -- Installing: /home/kidd/projects/agv_gui/install/amr_v4_msgs_srvs/lib/libamr_v4_msgs_srvs__rosidl_typesupport_cpp.so
[17.740s] -- Set runtime path of "/home/kidd/projects/agv_gui/install/amr_v4_msgs_srvs/lib/libamr_v4_msgs_srvs__rosidl_typesupport_cpp.so" to ""
[17.740s] -- Installing: /home/kidd/projects/agv_gui/install/amr_v4_msgs_srvs/share/amr_v4_msgs_srvs/environment/pythonpath.sh
[17.740s] -- Installing: /home/kidd/projects/agv_gui/install/amr_v4_msgs_srvs/share/amr_v4_msgs_srvs/environment/pythonpath.dsv
[17.741s] -- Installing: /home/kidd/projects/agv_gui/install/amr_v4_msgs_srvs/local/lib/python3.10/dist-packages/amr_v4_msgs_srvs-0.0.0-py3.10.egg-info
[17.741s] -- Installing: /home/kidd/projects/agv_gui/install/amr_v4_msgs_srvs/local/lib/python3.10/dist-packages/amr_v4_msgs_srvs-0.0.0-py3.10.egg-info/SOURCES.txt
[17.741s] -- Installing: /home/kidd/projects/agv_gui/install/amr_v4_msgs_srvs/local/lib/python3.10/dist-packages/amr_v4_msgs_srvs-0.0.0-py3.10.egg-info/PKG-INFO
[17.741s] -- Installing: /home/kidd/projects/agv_gui/install/amr_v4_msgs_srvs/local/lib/python3.10/dist-packages/amr_v4_msgs_srvs-0.0.0-py3.10.egg-info/dependency_links.txt
[17.741s] -- Installing: /home/kidd/projects/agv_gui/install/amr_v4_msgs_srvs/local/lib/python3.10/dist-packages/amr_v4_msgs_srvs-0.0.0-py3.10.egg-info/top_level.txt
[17.741s] -- Installing: /home/kidd/projects/agv_gui/install/amr_v4_msgs_srvs/local/lib/python3.10/dist-packages/amr_v4_msgs_srvs
[17.741s] -- Installing: /home/kidd/projects/agv_gui/install/amr_v4_msgs_srvs/local/lib/python3.10/dist-packages/amr_v4_msgs_srvs/msg
[17.741s] -- Installing: /home/kidd/projects/agv_gui/install/amr_v4_msgs_srvs/local/lib/python3.10/dist-packages/amr_v4_msgs_srvs/msg/_robot_s.c
[17.741s] -- Installing: /home/kidd/projects/agv_gui/install/amr_v4_msgs_srvs/local/lib/python3.10/dist-packages/amr_v4_msgs_srvs/msg/_motor.py
[17.741s] -- Installing: /home/kidd/projects/agv_gui/install/amr_v4_msgs_srvs/local/lib/python3.10/dist-packages/amr_v4_msgs_srvs/msg/_pin.py
[17.741s] -- Installing: /home/kidd/projects/agv_gui/install/amr_v4_msgs_srvs/local/lib/python3.10/dist-packages/amr_v4_msgs_srvs/msg/_pin_s.c
[17.742s] -- Installing: /home/kidd/projects/agv_gui/install/amr_v4_msgs_srvs/local/lib/python3.10/dist-packages/amr_v4_msgs_srvs/msg/_motor_s.c
[17.742s] -- Installing: /home/kidd/projects/agv_gui/install/amr_v4_msgs_srvs/local/lib/python3.10/dist-packages/amr_v4_msgs_srvs/msg/__init__.py
[17.742s] -- Installing: /home/kidd/projects/agv_gui/install/amr_v4_msgs_srvs/local/lib/python3.10/dist-packages/amr_v4_msgs_srvs/msg/_robot.py
[17.743s] -- Installing: /home/kidd/projects/agv_gui/install/amr_v4_msgs_srvs/local/lib/python3.10/dist-packages/amr_v4_msgs_srvs/amr_v4_msgs_srvs_s__rosidl_typesupport_introspection_c.cpython-310-x86_64-linux-gnu.so
[17.743s] -- Installing: /home/kidd/projects/agv_gui/install/amr_v4_msgs_srvs/local/lib/python3.10/dist-packages/amr_v4_msgs_srvs/_amr_v4_msgs_srvs_s.ep.rosidl_typesupport_fastrtps_c.c
[17.743s] -- Installing: /home/kidd/projects/agv_gui/install/amr_v4_msgs_srvs/local/lib/python3.10/dist-packages/amr_v4_msgs_srvs/__init__.py
[17.744s] -- Installing: /home/kidd/projects/agv_gui/install/amr_v4_msgs_srvs/local/lib/python3.10/dist-packages/amr_v4_msgs_srvs/amr_v4_msgs_srvs_s__rosidl_typesupport_c.cpython-310-x86_64-linux-gnu.so
[17.744s] -- Installing: /home/kidd/projects/agv_gui/install/amr_v4_msgs_srvs/local/lib/python3.10/dist-packages/amr_v4_msgs_srvs/_amr_v4_msgs_srvs_s.ep.rosidl_typesupport_c.c
[17.745s] -- Installing: /home/kidd/projects/agv_gui/install/amr_v4_msgs_srvs/local/lib/python3.10/dist-packages/amr_v4_msgs_srvs/srv
[17.745s] -- Installing: /home/kidd/projects/agv_gui/install/amr_v4_msgs_srvs/local/lib/python3.10/dist-packages/amr_v4_msgs_srvs/srv/__init__.py
[17.745s] -- Installing: /home/kidd/projects/agv_gui/install/amr_v4_msgs_srvs/local/lib/python3.10/dist-packages/amr_v4_msgs_srvs/srv/_testserv.py
[17.746s] -- Installing: /home/kidd/projects/agv_gui/install/amr_v4_msgs_srvs/local/lib/python3.10/dist-packages/amr_v4_msgs_srvs/srv/_testserv_s.c
[17.746s] -- Installing: /home/kidd/projects/agv_gui/install/amr_v4_msgs_srvs/local/lib/python3.10/dist-packages/amr_v4_msgs_srvs/_amr_v4_msgs_srvs_s.ep.rosidl_typesupport_introspection_c.c
[17.746s] -- Installing: /home/kidd/projects/agv_gui/install/amr_v4_msgs_srvs/local/lib/python3.10/dist-packages/amr_v4_msgs_srvs/libamr_v4_msgs_srvs__rosidl_generator_py.so
[17.746s] -- Installing: /home/kidd/projects/agv_gui/install/amr_v4_msgs_srvs/local/lib/python3.10/dist-packages/amr_v4_msgs_srvs/amr_v4_msgs_srvs_s__rosidl_typesupport_fastrtps_c.cpython-310-x86_64-linux-gnu.so
[17.808s] Listing '/home/kidd/projects/agv_gui/install/amr_v4_msgs_srvs/local/lib/python3.10/dist-packages/amr_v4_msgs_srvs'...
[17.808s] Compiling '/home/kidd/projects/agv_gui/install/amr_v4_msgs_srvs/local/lib/python3.10/dist-packages/amr_v4_msgs_srvs/__init__.py'...
[17.808s] Listing '/home/kidd/projects/agv_gui/install/amr_v4_msgs_srvs/local/lib/python3.10/dist-packages/amr_v4_msgs_srvs/msg'...
[17.809s] Compiling '/home/kidd/projects/agv_gui/install/amr_v4_msgs_srvs/local/lib/python3.10/dist-packages/amr_v4_msgs_srvs/msg/__init__.py'...
[17.809s] Compiling '/home/kidd/projects/agv_gui/install/amr_v4_msgs_srvs/local/lib/python3.10/dist-packages/amr_v4_msgs_srvs/msg/_motor.py'...
[17.809s] Compiling '/home/kidd/projects/agv_gui/install/amr_v4_msgs_srvs/local/lib/python3.10/dist-packages/amr_v4_msgs_srvs/msg/_pin.py'...
[17.809s] Compiling '/home/kidd/projects/agv_gui/install/amr_v4_msgs_srvs/local/lib/python3.10/dist-packages/amr_v4_msgs_srvs/msg/_robot.py'...
[17.809s] Listing '/home/kidd/projects/agv_gui/install/amr_v4_msgs_srvs/local/lib/python3.10/dist-packages/amr_v4_msgs_srvs/srv'...
[17.809s] Compiling '/home/kidd/projects/agv_gui/install/amr_v4_msgs_srvs/local/lib/python3.10/dist-packages/amr_v4_msgs_srvs/srv/__init__.py'...
[17.809s] Compiling '/home/kidd/projects/agv_gui/install/amr_v4_msgs_srvs/local/lib/python3.10/dist-packages/amr_v4_msgs_srvs/srv/_testserv.py'...
[17.816s] -- Installing: /home/kidd/projects/agv_gui/install/amr_v4_msgs_srvs/local/lib/python3.10/dist-packages/amr_v4_msgs_srvs/amr_v4_msgs_srvs_s__rosidl_typesupport_fastrtps_c.cpython-310-x86_64-linux-gnu.so
[17.823s] -- Set runtime path of "/home/kidd/projects/agv_gui/install/amr_v4_msgs_srvs/local/lib/python3.10/dist-packages/amr_v4_msgs_srvs/amr_v4_msgs_srvs_s__rosidl_typesupport_fastrtps_c.cpython-310-x86_64-linux-gnu.so" to ""
[17.824s] -- Installing: /home/kidd/projects/agv_gui/install/amr_v4_msgs_srvs/local/lib/python3.10/dist-packages/amr_v4_msgs_srvs/amr_v4_msgs_srvs_s__rosidl_typesupport_introspection_c.cpython-310-x86_64-linux-gnu.so
[17.824s] -- Set runtime path of "/home/kidd/projects/agv_gui/install/amr_v4_msgs_srvs/local/lib/python3.10/dist-packages/amr_v4_msgs_srvs/amr_v4_msgs_srvs_s__rosidl_typesupport_introspection_c.cpython-310-x86_64-linux-gnu.so" to ""
[17.825s] -- Installing: /home/kidd/projects/agv_gui/install/amr_v4_msgs_srvs/local/lib/python3.10/dist-packages/amr_v4_msgs_srvs/amr_v4_msgs_srvs_s__rosidl_typesupport_c.cpython-310-x86_64-linux-gnu.so
[17.825s] -- Set runtime path of "/home/kidd/projects/agv_gui/install/amr_v4_msgs_srvs/local/lib/python3.10/dist-packages/amr_v4_msgs_srvs/amr_v4_msgs_srvs_s__rosidl_typesupport_c.cpython-310-x86_64-linux-gnu.so" to ""
[17.825s] -- Installing: /home/kidd/projects/agv_gui/install/amr_v4_msgs_srvs/lib/libamr_v4_msgs_srvs__rosidl_generator_py.so
[17.825s] -- Set runtime path of "/home/kidd/projects/agv_gui/install/amr_v4_msgs_srvs/lib/libamr_v4_msgs_srvs__rosidl_generator_py.so" to ""
[17.825s] -- Installing: /home/kidd/projects/agv_gui/install/amr_v4_msgs_srvs/share/amr_v4_msgs_srvs/msg/Motor.idl
[17.825s] -- Installing: /home/kidd/projects/agv_gui/install/amr_v4_msgs_srvs/share/amr_v4_msgs_srvs/msg/Robot.idl
[17.825s] -- Installing: /home/kidd/projects/agv_gui/install/amr_v4_msgs_srvs/share/amr_v4_msgs_srvs/msg/Pin.idl
[17.825s] -- Installing: /home/kidd/projects/agv_gui/install/amr_v4_msgs_srvs/share/amr_v4_msgs_srvs/srv/Testserv.idl
[17.826s] -- Up-to-date: /home/kidd/projects/agv_gui/install/amr_v4_msgs_srvs/share/amr_v4_msgs_srvs/msg/Motor.msg
[17.826s] -- Up-to-date: /home/kidd/projects/agv_gui/install/amr_v4_msgs_srvs/share/amr_v4_msgs_srvs/msg/Robot.msg
[17.826s] -- Up-to-date: /home/kidd/projects/agv_gui/install/amr_v4_msgs_srvs/share/amr_v4_msgs_srvs/msg/Pin.msg
[17.826s] -- Up-to-date: /home/kidd/projects/agv_gui/install/amr_v4_msgs_srvs/share/amr_v4_msgs_srvs/srv/Testserv.srv
[17.826s] -- Installing: /home/kidd/projects/agv_gui/install/amr_v4_msgs_srvs/share/amr_v4_msgs_srvs/srv/Testserv_Request.msg
[17.826s] -- Installing: /home/kidd/projects/agv_gui/install/amr_v4_msgs_srvs/share/amr_v4_msgs_srvs/srv/Testserv_Response.msg
[17.826s] -- Installing: /home/kidd/projects/agv_gui/install/amr_v4_msgs_srvs/share/ament_index/resource_index/package_run_dependencies/amr_v4_msgs_srvs
[17.826s] -- Installing: /home/kidd/projects/agv_gui/install/amr_v4_msgs_srvs/share/ament_index/resource_index/parent_prefix_path/amr_v4_msgs_srvs
[17.826s] -- Installing: /home/kidd/projects/agv_gui/install/amr_v4_msgs_srvs/share/amr_v4_msgs_srvs/environment/ament_prefix_path.sh
[17.826s] -- Installing: /home/kidd/projects/agv_gui/install/amr_v4_msgs_srvs/share/amr_v4_msgs_srvs/environment/ament_prefix_path.dsv
[17.827s] -- Installing: /home/kidd/projects/agv_gui/install/amr_v4_msgs_srvs/share/amr_v4_msgs_srvs/environment/path.sh
[17.827s] -- Installing: /home/kidd/projects/agv_gui/install/amr_v4_msgs_srvs/share/amr_v4_msgs_srvs/environment/path.dsv
[17.827s] -- Installing: /home/kidd/projects/agv_gui/install/amr_v4_msgs_srvs/share/amr_v4_msgs_srvs/local_setup.bash
[17.827s] -- Installing: /home/kidd/projects/agv_gui/install/amr_v4_msgs_srvs/share/amr_v4_msgs_srvs/local_setup.sh
[17.827s] -- Installing: /home/kidd/projects/agv_gui/install/amr_v4_msgs_srvs/share/amr_v4_msgs_srvs/local_setup.zsh
[17.828s] -- Installing: /home/kidd/projects/agv_gui/install/amr_v4_msgs_srvs/share/amr_v4_msgs_srvs/local_setup.dsv
[17.828s] -- Installing: /home/kidd/projects/agv_gui/install/amr_v4_msgs_srvs/share/amr_v4_msgs_srvs/package.dsv
[17.829s] -- Installing: /home/kidd/projects/agv_gui/install/amr_v4_msgs_srvs/share/ament_index/resource_index/packages/amr_v4_msgs_srvs
[17.829s] -- Installing: /home/kidd/projects/agv_gui/install/amr_v4_msgs_srvs/share/amr_v4_msgs_srvs/cmake/export_amr_v4_msgs_srvs__rosidl_generator_cExport.cmake
[17.830s] -- Installing: /home/kidd/projects/agv_gui/install/amr_v4_msgs_srvs/share/amr_v4_msgs_srvs/cmake/export_amr_v4_msgs_srvs__rosidl_generator_cExport-noconfig.cmake
[17.830s] -- Installing: /home/kidd/projects/agv_gui/install/amr_v4_msgs_srvs/share/amr_v4_msgs_srvs/cmake/export_amr_v4_msgs_srvs__rosidl_typesupport_fastrtps_cExport.cmake
[17.831s] -- Installing: /home/kidd/projects/agv_gui/install/amr_v4_msgs_srvs/share/amr_v4_msgs_srvs/cmake/export_amr_v4_msgs_srvs__rosidl_typesupport_fastrtps_cExport-noconfig.cmake
[17.831s] -- Old export file "/home/kidd/projects/agv_gui/install/amr_v4_msgs_srvs/share/amr_v4_msgs_srvs/cmake/amr_v4_msgs_srvs__rosidl_typesupport_introspection_cExport.cmake" will be replaced.  Removing files [/home/kidd/projects/agv_gui/install/amr_v4_msgs_srvs/share/amr_v4_msgs_srvs/cmake/amr_v4_msgs_srvs__rosidl_typesupport_introspection_cExport-noconfig.cmake].
[17.831s] -- Installing: /home/kidd/projects/agv_gui/install/amr_v4_msgs_srvs/share/amr_v4_msgs_srvs/cmake/amr_v4_msgs_srvs__rosidl_typesupport_introspection_cExport.cmake
[17.832s] -- Installing: /home/kidd/projects/agv_gui/install/amr_v4_msgs_srvs/share/amr_v4_msgs_srvs/cmake/amr_v4_msgs_srvs__rosidl_typesupport_introspection_cExport-noconfig.cmake
[17.832s] -- Old export file "/home/kidd/projects/agv_gui/install/amr_v4_msgs_srvs/share/amr_v4_msgs_srvs/cmake/amr_v4_msgs_srvs__rosidl_typesupport_cExport.cmake" will be replaced.  Removing files [/home/kidd/projects/agv_gui/install/amr_v4_msgs_srvs/share/amr_v4_msgs_srvs/cmake/amr_v4_msgs_srvs__rosidl_typesupport_cExport-noconfig.cmake].
[17.833s] -- Installing: /home/kidd/projects/agv_gui/install/amr_v4_msgs_srvs/share/amr_v4_msgs_srvs/cmake/amr_v4_msgs_srvs__rosidl_typesupport_cExport.cmake
[17.833s] -- Installing: /home/kidd/projects/agv_gui/install/amr_v4_msgs_srvs/share/amr_v4_msgs_srvs/cmake/amr_v4_msgs_srvs__rosidl_typesupport_cExport-noconfig.cmake
[17.834s] -- Installing: /home/kidd/projects/agv_gui/install/amr_v4_msgs_srvs/share/amr_v4_msgs_srvs/cmake/export_amr_v4_msgs_srvs__rosidl_generator_cppExport.cmake
[17.834s] -- Installing: /home/kidd/projects/agv_gui/install/amr_v4_msgs_srvs/share/amr_v4_msgs_srvs/cmake/export_amr_v4_msgs_srvs__rosidl_typesupport_fastrtps_cppExport.cmake
[17.835s] -- Installing: /home/kidd/projects/agv_gui/install/amr_v4_msgs_srvs/share/amr_v4_msgs_srvs/cmake/export_amr_v4_msgs_srvs__rosidl_typesupport_fastrtps_cppExport-noconfig.cmake
[17.835s] -- Old export file "/home/kidd/projects/agv_gui/install/amr_v4_msgs_srvs/share/amr_v4_msgs_srvs/cmake/amr_v4_msgs_srvs__rosidl_typesupport_introspection_cppExport.cmake" will be replaced.  Removing files [/home/kidd/projects/agv_gui/install/amr_v4_msgs_srvs/share/amr_v4_msgs_srvs/cmake/amr_v4_msgs_srvs__rosidl_typesupport_introspection_cppExport-noconfig.cmake].
[17.836s] -- Installing: /home/kidd/projects/agv_gui/install/amr_v4_msgs_srvs/share/amr_v4_msgs_srvs/cmake/amr_v4_msgs_srvs__rosidl_typesupport_introspection_cppExport.cmake
[17.836s] -- Installing: /home/kidd/projects/agv_gui/install/amr_v4_msgs_srvs/share/amr_v4_msgs_srvs/cmake/amr_v4_msgs_srvs__rosidl_typesupport_introspection_cppExport-noconfig.cmake
[17.836s] -- Old export file "/home/kidd/projects/agv_gui/install/amr_v4_msgs_srvs/share/amr_v4_msgs_srvs/cmake/amr_v4_msgs_srvs__rosidl_typesupport_cppExport.cmake" will be replaced.  Removing files [/home/kidd/projects/agv_gui/install/amr_v4_msgs_srvs/share/amr_v4_msgs_srvs/cmake/amr_v4_msgs_srvs__rosidl_typesupport_cppExport-noconfig.cmake].
[17.836s] -- Installing: /home/kidd/projects/agv_gui/install/amr_v4_msgs_srvs/share/amr_v4_msgs_srvs/cmake/amr_v4_msgs_srvs__rosidl_typesupport_cppExport.cmake
[17.837s] -- Installing: /home/kidd/projects/agv_gui/install/amr_v4_msgs_srvs/share/amr_v4_msgs_srvs/cmake/amr_v4_msgs_srvs__rosidl_typesupport_cppExport-noconfig.cmake
[17.837s] -- Installing: /home/kidd/projects/agv_gui/install/amr_v4_msgs_srvs/share/amr_v4_msgs_srvs/cmake/export_amr_v4_msgs_srvs__rosidl_generator_pyExport.cmake
[17.837s] -- Installing: /home/kidd/projects/agv_gui/install/amr_v4_msgs_srvs/share/amr_v4_msgs_srvs/cmake/export_amr_v4_msgs_srvs__rosidl_generator_pyExport-noconfig.cmake
[17.838s] -- Installing: /home/kidd/projects/agv_gui/install/amr_v4_msgs_srvs/share/amr_v4_msgs_srvs/cmake/rosidl_cmake-extras.cmake
[17.838s] -- Installing: /home/kidd/projects/agv_gui/install/amr_v4_msgs_srvs/share/amr_v4_msgs_srvs/cmake/ament_cmake_export_include_directories-extras.cmake
[17.838s] -- Installing: /home/kidd/projects/agv_gui/install/amr_v4_msgs_srvs/share/amr_v4_msgs_srvs/cmake/ament_cmake_export_libraries-extras.cmake
[17.839s] -- Installing: /home/kidd/projects/agv_gui/install/amr_v4_msgs_srvs/share/amr_v4_msgs_srvs/cmake/ament_cmake_export_targets-extras.cmake
[17.839s] -- Installing: /home/kidd/projects/agv_gui/install/amr_v4_msgs_srvs/share/amr_v4_msgs_srvs/cmake/rosidl_cmake_export_typesupport_targets-extras.cmake
[17.839s] -- Installing: /home/kidd/projects/agv_gui/install/amr_v4_msgs_srvs/share/amr_v4_msgs_srvs/cmake/ament_cmake_export_dependencies-extras.cmake
[17.840s] -- Installing: /home/kidd/projects/agv_gui/install/amr_v4_msgs_srvs/share/amr_v4_msgs_srvs/cmake/rosidl_cmake_export_typesupport_libraries-extras.cmake
[17.840s] -- Installing: /home/kidd/projects/agv_gui/install/amr_v4_msgs_srvs/share/amr_v4_msgs_srvs/cmake/amr_v4_msgs_srvsConfig.cmake
[17.840s] -- Installing: /home/kidd/projects/agv_gui/install/amr_v4_msgs_srvs/share/amr_v4_msgs_srvs/cmake/amr_v4_msgs_srvsConfig-version.cmake
[17.840s] -- Up-to-date: /home/kidd/projects/agv_gui/install/amr_v4_msgs_srvs/share/amr_v4_msgs_srvs/package.xml
[17.847s] Invoked command in '/home/kidd/projects/agv_gui/build/amr_v4_msgs_srvs' returned '0': CMAKE_PREFIX_PATH=/opt/ros/humble /usr/bin/cmake --install /home/kidd/projects/agv_gui/build/amr_v4_msgs_srvs
