[  2%] [34m[1mAutomatic MOC and UIC for target amr_v4_qt[0m
[  2%] Built target amr_v4_qt_autogen
[  6%] [34m[1mGenerating include/moc_battery_node.cpp[0m
[  6%] [34m[1mGenerating include/moc_ui_running_mode_screen.cpp[0m
[  8%] [34m[1mGenerating include/moc_main_gui.cpp[0m
/home/colin/agv_gui/src/amr_v4_qt/include/ui_running_mode_screen.h:0: Note: No relevant classes found. No output generated.
[ 10%] [32mBuilding CXX object CMakeFiles/amr_v4_qt.dir/src/main.cpp.o[0m
[ 12%] [32mBuilding CXX object CMakeFiles/amr_v4_qt.dir/src/main_gui.cpp.o[0m
[ 14%] [32mBuilding CXX object CMakeFiles/amr_v4_qt.dir/src/running_mode.cpp.o[0m
[ 16%] [32mBuilding CXX object CMakeFiles/amr_v4_qt.dir/src/battery_node.cpp.o[0m
[ 18%] [32mBuilding CXX object CMakeFiles/amr_v4_qt.dir/include/moc_main_gui.cpp.o[0m
In file included from [01m[K/home/colin/agv_gui/src/amr_v4_qt/include/main_gui.h:24[m[K,
                 from [01m[K/home/colin/agv_gui/src/amr_v4_qt/src/main_gui.cpp:1[m[K:
[01m[K/home/colin/agv_gui/src/amr_v4_qt/include/estop_publisher.h:16:33:[m[K [01;31m[Kerror: [m[Kexpected ‘[01m[K)[m[K’ before ‘[01m[Kstd[m[K’
   16 |     explicit EstopPublisher[34m[K([m[Kcont[01;31m[K [m[K[32m[Kstd[m[K::string& nodeName);
      |                            [34m[K~[m[K    [01;31m[K^[m[K[32m[K~~~[m[K
      |                                 [32m[K)[m[K
[01m[K/home/colin/agv_gui/src/amr_v4_qt/src/main_gui.cpp:[m[K In constructor ‘[01m[KMainGui::MainGui(std::shared_ptr<BatterySub>, std::shared_ptr<RobotSub>, std::shared_ptr<MotorSub>, std::shared_ptr<HealthSub>, std::shared_ptr<RunningSub>, std::shared_ptr<EstopPublisher>, QWidget*)[m[K’:
[01m[K/home/colin/agv_gui/src/amr_v4_qt/src/main_gui.cpp:57:87:[m[K [01;31m[Kerror: [m[Kinvalid use of non-static member function ‘[01m[Kvoid EstopPublisher::topic_callback(std_msgs::msg::Bool_<std::allocator<void> >::SharedPtr)[m[K’
   57 |     connect(runningModeScreen->ui.modeButton, &QPushButton::clicked, this, [01;31m[Kestop_pub->topic_callback[m[K);
      |                                                                            [01;31m[K~~~~~~~~~~~^~~~~~~~~~~~~~[m[K
In file included from [01m[K/home/colin/agv_gui/src/amr_v4_qt/include/main_gui.h:24[m[K,
                 from [01m[K/home/colin/agv_gui/src/amr_v4_qt/src/main_gui.cpp:1[m[K:
[01m[K/home/colin/agv_gui/src/amr_v4_qt/include/estop_publisher.h:17:10:[m[K [01;36m[Knote: [m[Kdeclared here
   17 |     void [01;36m[Ktopic_callback[m[K(const std_msgs::msg::Bool::SharedPtr msg);
      |          [01;36m[K^~~~~~~~~~~~~~[m[K
In file included from [01m[K/home/colin/agv_gui/src/amr_v4_qt/include/main_gui.h:24[m[K,
                 from [01m[K/home/colin/agv_gui/src/amr_v4_qt/src/main.cpp:4[m[K:
[01m[K/home/colin/agv_gui/src/amr_v4_qt/include/estop_publisher.h:16:33:[m[K [01;31m[Kerror: [m[Kexpected ‘[01m[K)[m[K’ before ‘[01m[Kstd[m[K’
   16 |     explicit EstopPublisher[34m[K([m[Kcont[01;31m[K [m[K[32m[Kstd[m[K::string& nodeName);
      |                            [34m[K~[m[K    [01;31m[K^[m[K[32m[K~~~[m[K
      |                                 [32m[K)[m[K
[01m[K/home/colin/agv_gui/src/amr_v4_qt/src/main_gui.cpp:[m[K In member function ‘[01m[Kint MainGui::getWifiSignalStrength()[m[K’:
[01m[K/home/colin/agv_gui/src/amr_v4_qt/src/main_gui.cpp:156:18:[m[K [01;35m[Kwarning: [m[K‘[01m[Kvoid QProcess::start(const QString&, QIODevice::OpenMode)[m[K’ is deprecated: Use QProcess::start(const QString &program, const QStringList &arguments,OpenMode mode = ReadWrite) instead [[01;35m[K]8;;https://gcc.gnu.org/onlinedocs/gcc/Warning-Options.html#index-Wdeprecated-declarations-Wdeprecated-declarations]8;;[m[K]
  156 |     [01;35m[Kprocess.start("iwconfig")[m[K;
      |     [01;35m[K~~~~~~~~~~~~~^~~~~~~~~~~~[m[K
In file included from [01m[K/usr/include/x86_64-linux-gnu/qt5/QtCore/QProcess:1[m[K,
                 from [01m[K/home/colin/agv_gui/src/amr_v4_qt/src/main_gui.cpp:5[m[K:
[01m[K/usr/include/x86_64-linux-gnu/qt5/QtCore/qprocess.h:168:10:[m[K [01;36m[Knote: [m[Kdeclared here
  168 |     void [01;36m[Kstart[m[K(const QString &command, OpenMode mode = ReadWrite);
      |          [01;36m[K^~~~~[m[K
In file included from [01m[K/usr/include/x86_64-linux-gnu/c++/11/bits/c++allocator.h:33[m[K,
                 from [01m[K/usr/include/c++/11/bits/allocator.h:46[m[K,
                 from [01m[K/usr/include/c++/11/unordered_map:40[m[K,
                 from [01m[K/usr/include/c++/11/functional:61[m[K,
                 from [01m[K/usr/include/c++/11/pstl/glue_algorithm_defs.h:13[m[K,
                 from [01m[K/usr/include/c++/11/algorithm:74[m[K,
                 from [01m[K/usr/include/x86_64-linux-gnu/qt5/QtCore/qglobal.h:142[m[K,
                 from [01m[K/usr/include/x86_64-linux-gnu/qt5/QtGui/qtguiglobal.h:43[m[K,
                 from [01m[K/usr/include/x86_64-linux-gnu/qt5/QtWidgets/qtwidgetsglobal.h:43[m[K,
                 from [01m[K/usr/include/x86_64-linux-gnu/qt5/QtWidgets/qapplication.h:43[m[K,
                 from [01m[K/usr/include/x86_64-linux-gnu/qt5/QtWidgets/QApplication:1[m[K,
                 from [01m[K/home/colin/agv_gui/src/amr_v4_qt/src/main.cpp:1[m[K:
/usr/include/c++/11/ext/new_allocator.h: In instantiation of ‘[01m[Kvoid __gnu_cxx::new_allocator<_Tp>::construct(_Up*, _Args&& ...) [with _Up = EstopPublisher; _Args = {const char (&)[16]}; _Tp = EstopPublisher][m[K’:
[01m[K/usr/include/c++/11/bits/alloc_traits.h:516:17:[m[K   required from ‘[01m[Kstatic void std::allocator_traits<std::allocator<_Tp1> >::construct(std::allocator_traits<std::allocator<_Tp1> >::allocator_type&, _Up*, _Args&& ...) [with _Up = EstopPublisher; _Args = {const char (&)[16]}; _Tp = EstopPublisher; std::allocator_traits<std::allocator<_Tp1> >::allocator_type = std::allocator<EstopPublisher>][m[K’
[01m[K/usr/include/c++/11/bits/shared_ptr_base.h:519:39:[m[K   required from ‘[01m[Kstd::_Sp_counted_ptr_inplace<_Tp, _Alloc, _Lp>::_Sp_counted_ptr_inplace(_Alloc, _Args&& ...) [with _Args = {const char (&)[16]}; _Tp = EstopPublisher; _Alloc = std::allocator<EstopPublisher>; __gnu_cxx::_Lock_policy _Lp = __gnu_cxx::_S_atomic][m[K’
[01m[K/usr/include/c++/11/bits/shared_ptr_base.h:650:16:[m[K   required from ‘[01m[Kstd::__shared_count<_Lp>::__shared_count(_Tp*&, std::_Sp_alloc_shared_tag<_Alloc>, _Args&& ...) [with _Tp = EstopPublisher; _Alloc = std::allocator<EstopPublisher>; _Args = {const char (&)[16]}; __gnu_cxx::_Lock_policy _Lp = __gnu_cxx::_S_atomic][m[K’
[01m[K/usr/include/c++/11/bits/shared_ptr_base.h:1342:14:[m[K   required from ‘[01m[Kstd::__shared_ptr<_Tp, _Lp>::__shared_ptr(std::_Sp_alloc_shared_tag<_Tp>, _Args&& ...) [with _Alloc = std::allocator<EstopPublisher>; _Args = {const char (&)[16]}; _Tp = EstopPublisher; __gnu_cxx::_Lock_policy _Lp = __gnu_cxx::_S_atomic][m[K’
[01m[K/usr/include/c++/11/bits/shared_ptr.h:409:59:[m[K   required from ‘[01m[Kstd::shared_ptr<_Tp>::shared_ptr(std::_Sp_alloc_shared_tag<_Tp>, _Args&& ...) [with _Alloc = std::allocator<EstopPublisher>; _Args = {const char (&)[16]}; _Tp = EstopPublisher][m[K’
[01m[K/usr/include/c++/11/bits/shared_ptr.h:862:14:[m[K   required from ‘[01m[Kstd::shared_ptr<_Tp> std::allocate_shared(const _Alloc&, _Args&& ...) [with _Tp = EstopPublisher; _Alloc = std::allocator<EstopPublisher>; _Args = {const char (&)[16]}][m[K’
[01m[K/usr/include/c++/11/bits/shared_ptr.h:878:39:[m[K   required from ‘[01m[Kstd::shared_ptr<_Tp> std::make_shared(_Args&& ...) [with _Tp = EstopPublisher; _Args = {const char (&)[16]}][m[K’
[01m[K/home/colin/agv_gui/src/amr_v4_qt/src/main.cpp:26:60:[m[K   required from here
[01m[K/usr/include/c++/11/ext/new_allocator.h:162:11:[m[K [01;31m[Kerror: [m[Kno matching function for call to ‘[01m[KEstopPublisher::EstopPublisher(const char [16])[m[K’
  162 |         { [01;31m[K::new((void *)__p) _Up(std::forward<_Args>(__args)...)[m[K; }
      |           [01;31m[K^~~~~~~~~~~~~~~~~~~~~~~~~~~~~~~~~~~~~~~~~~~~~~~~~~~~~~[m[K
In file included from [01m[K/home/colin/agv_gui/src/amr_v4_qt/include/main_gui.h:24[m[K,
                 from [01m[K/home/colin/agv_gui/src/amr_v4_qt/src/main.cpp:4[m[K:
[01m[K/home/colin/agv_gui/src/amr_v4_qt/include/estop_publisher.h:11:7:[m[K [01;36m[Knote: [m[Kcandidate: ‘[01m[KEstopPublisher::EstopPublisher()[m[K’ (deleted)
   11 | class [01;36m[KEstopPublisher[m[K : public QObject, public rclcpp::Node
      |       [01;36m[K^~~~~~~~~~~~~~[m[K
[01m[K/home/colin/agv_gui/src/amr_v4_qt/include/estop_publisher.h:11:7:[m[K [01;36m[Knote: [m[K  candidate expects 0 arguments, 1 provided
[01m[K/home/colin/agv_gui/src/amr_v4_qt/include/estop_publisher.h:11:7:[m[K [01;36m[Knote: [m[Kcandidate: ‘[01m[KEstopPublisher::EstopPublisher(const EstopPublisher&)[m[K’ (deleted)
[01m[K/home/colin/agv_gui/src/amr_v4_qt/include/estop_publisher.h:11:7:[m[K [01;36m[Knote: [m[K  no known conversion for argument 1 from ‘[01m[Kconst char [16][m[K’ to ‘[01m[Kconst EstopPublisher&[m[K’
[01m[K/home/colin/agv_gui/src/amr_v4_qt/include/estop_publisher.h:11:7:[m[K [01;36m[Knote: [m[Kcandidate: ‘[01m[KEstopPublisher::EstopPublisher(EstopPublisher&&)[m[K’ (deleted)
[01m[K/home/colin/agv_gui/src/amr_v4_qt/include/estop_publisher.h:11:7:[m[K [01;36m[Knote: [m[K  no known conversion for argument 1 from ‘[01m[Kconst char [16][m[K’ to ‘[01m[KEstopPublisher&&[m[K’
gmake[2]: *** [CMakeFiles/amr_v4_qt.dir/build.make:168: CMakeFiles/amr_v4_qt.dir/src/main_gui.cpp.o] Error 1
gmake[2]: *** Waiting for unfinished jobs....
gmake[2]: *** [CMakeFiles/amr_v4_qt.dir/build.make:154: CMakeFiles/amr_v4_qt.dir/src/main.cpp.o] Error 1
In file included from [01m[K/home/colin/agv_gui/build/amr_v4_qt/include/../../../src/amr_v4_qt/include/main_gui.h:24[m[K,
                 from [01m[K/home/colin/agv_gui/build/amr_v4_qt/include/moc_main_gui.cpp:10[m[K:
[01m[K/home/colin/agv_gui/build/amr_v4_qt/include/../../../src/amr_v4_qt/include/estop_publisher.h:16:33:[m[K [01;31m[Kerror: [m[Kexpected ‘[01m[K)[m[K’ before ‘[01m[Kstd[m[K’
   16 |     explicit EstopPublisher[34m[K([m[Kcont[01;31m[K [m[K[32m[Kstd[m[K::string& nodeName);
      |                            [34m[K~[m[K    [01;31m[K^[m[K[32m[K~~~[m[K
      |                                 [32m[K)[m[K
gmake[2]: *** [CMakeFiles/amr_v4_qt.dir/build.make:336: CMakeFiles/amr_v4_qt.dir/include/moc_main_gui.cpp.o] Error 1
gmake[1]: *** [CMakeFiles/Makefile2:138: CMakeFiles/amr_v4_qt.dir/all] Error 2
gmake: *** [Makefile:146: all] Error 2
