[8.534s] DEBUG:colcon:Command line arguments: ['/usr/bin/colcon', 'build']
[8.535s] DEBUG:colcon:Parsed command line arguments: Namespace(allow_overriding=[], ament_cmake_args=None, base_paths=['.'], build_base='build', catkin_cmake_args=None, catkin_skip_building_tests=False, cmake_args=None, cmake_clean_cache=False, cmake_clean_first=False, cmake_force_configure=False, cmake_target=None, cmake_target_skip_unavailable=False, continue_on_error=False, event_handlers=None, executor='parallel', ignore_user_meta=False, install_base='install', log_base=None, log_level=None, main=<bound method BuildVerb.main of <colcon_core.verb.build.BuildVerb object at 0xffff9068bd30>>, merge_install=False, metas=['./colcon.meta'], packages_above=None, packages_above_and_dependencies=None, packages_above_depth=None, packages_end=None, packages_ignore=None, packages_ignore_regex=None, packages_select=None, packages_select_build_failed=False, packages_select_by_dep=None, packages_select_regex=None, packages_select_test_failures=False, packages_skip=None, packages_skip_build_finished=False, packages_skip_by_dep=None, packages_skip_regex=None, packages_skip_test_passed=False, packages_skip_up_to=None, packages_start=None, packages_up_to=None, packages_up_to_regex=None, parallel_workers=4, paths=None, symlink_install=False, test_result_base=None, verb_extension=<colcon_core.verb.build.BuildVerb object at 0xffff9068bd30>, verb_name='build', verb_parser=<colcon_defaults.argument_parser.defaults.DefaultArgumentsDecorator object at 0xffff90182d90>)
[8.954s] Level 1:colcon.colcon_core.package_discovery:discover_packages(colcon_meta) check parameters
[8.955s] Level 1:colcon.colcon_core.package_discovery:discover_packages(recursive) check parameters
[8.955s] Level 1:colcon.colcon_core.package_discovery:discover_packages(ignore) check parameters
[8.955s] Level 1:colcon.colcon_core.package_discovery:discover_packages(path) check parameters
[8.955s] Level 1:colcon.colcon_core.package_discovery:discover_packages(colcon_meta) discover
[8.956s] Level 1:colcon.colcon_core.package_discovery:discover_packages(recursive) discover
[8.956s] INFO:colcon.colcon_core.package_discovery:Crawling recursively for packages in '/home/colin/agv_gui'
[8.956s] Level 1:colcon.colcon_core.package_identification:_identify(.) by extensions ['ignore', 'ignore_ament_install']
[8.957s] Level 1:colcon.colcon_core.package_identification:_identify(.) by extension 'ignore'
[8.957s] Level 1:colcon.colcon_core.package_identification:_identify(.) by extension 'ignore_ament_install'
[8.957s] Level 1:colcon.colcon_core.package_identification:_identify(.) by extensions ['colcon_pkg']
[8.957s] Level 1:colcon.colcon_core.package_identification:_identify(.) by extension 'colcon_pkg'
[8.958s] Level 1:colcon.colcon_core.package_identification:_identify(.) by extensions ['colcon_meta']
[8.958s] Level 1:colcon.colcon_core.package_identification:_identify(.) by extension 'colcon_meta'
[8.958s] Level 1:colcon.colcon_core.package_identification:_identify(.) by extensions ['ros']
[8.958s] Level 1:colcon.colcon_core.package_identification:_identify(.) by extension 'ros'
[9.010s] Level 1:colcon.colcon_core.package_identification:_identify(.) by extensions ['cmake', 'python']
[9.010s] Level 1:colcon.colcon_core.package_identification:_identify(.) by extension 'cmake'
[9.010s] Level 1:colcon.colcon_core.package_identification:_identify(.) by extension 'python'
[9.010s] Level 1:colcon.colcon_core.package_identification:_identify(.) by extensions ['python_setup_py']
[9.011s] Level 1:colcon.colcon_core.package_identification:_identify(.) by extension 'python_setup_py'
[9.011s] Level 1:colcon.colcon_core.package_identification:_identify(build) by extensions ['ignore', 'ignore_ament_install']
[9.012s] Level 1:colcon.colcon_core.package_identification:_identify(build) by extension 'ignore'
[9.012s] Level 1:colcon.colcon_core.package_identification:_identify(build) ignored
[9.012s] Level 1:colcon.colcon_core.package_identification:_identify(devel) by extensions ['ignore', 'ignore_ament_install']
[9.013s] Level 1:colcon.colcon_core.package_identification:_identify(devel) by extension 'ignore'
[9.013s] Level 1:colcon.colcon_core.package_identification:_identify(devel) by extension 'ignore_ament_install'
[9.013s] Level 1:colcon.colcon_core.package_identification:_identify(devel) by extensions ['colcon_pkg']
[9.013s] Level 1:colcon.colcon_core.package_identification:_identify(devel) by extension 'colcon_pkg'
[9.014s] Level 1:colcon.colcon_core.package_identification:_identify(devel) by extensions ['colcon_meta']
[9.014s] Level 1:colcon.colcon_core.package_identification:_identify(devel) by extension 'colcon_meta'
[9.014s] Level 1:colcon.colcon_core.package_identification:_identify(devel) by extensions ['ros']
[9.014s] Level 1:colcon.colcon_core.package_identification:_identify(devel) by extension 'ros'
[9.014s] Level 1:colcon.colcon_core.package_identification:_identify(devel) by extensions ['cmake', 'python']
[9.014s] Level 1:colcon.colcon_core.package_identification:_identify(devel) by extension 'cmake'
[9.015s] Level 1:colcon.colcon_core.package_identification:_identify(devel) by extension 'python'
[9.015s] Level 1:colcon.colcon_core.package_identification:_identify(devel) by extensions ['python_setup_py']
[9.015s] Level 1:colcon.colcon_core.package_identification:_identify(devel) by extension 'python_setup_py'
[9.015s] Level 1:colcon.colcon_core.package_identification:_identify(install) by extensions ['ignore', 'ignore_ament_install']
[9.016s] Level 1:colcon.colcon_core.package_identification:_identify(install) by extension 'ignore'
[9.016s] Level 1:colcon.colcon_core.package_identification:_identify(install) ignored
[9.017s] Level 1:colcon.colcon_core.package_identification:_identify(log) by extensions ['ignore', 'ignore_ament_install']
[9.017s] Level 1:colcon.colcon_core.package_identification:_identify(log) by extension 'ignore'
[9.017s] Level 1:colcon.colcon_core.package_identification:_identify(log) ignored
[9.018s] Level 1:colcon.colcon_core.package_identification:_identify(logs) by extensions ['ignore', 'ignore_ament_install']
[9.018s] Level 1:colcon.colcon_core.package_identification:_identify(logs) by extension 'ignore'
[9.018s] Level 1:colcon.colcon_core.package_identification:_identify(logs) by extension 'ignore_ament_install'
[9.018s] Level 1:colcon.colcon_core.package_identification:_identify(logs) by extensions ['colcon_pkg']
[9.018s] Level 1:colcon.colcon_core.package_identification:_identify(logs) by extension 'colcon_pkg'
[9.019s] Level 1:colcon.colcon_core.package_identification:_identify(logs) by extensions ['colcon_meta']
[9.019s] Level 1:colcon.colcon_core.package_identification:_identify(logs) by extension 'colcon_meta'
[9.019s] Level 1:colcon.colcon_core.package_identification:_identify(logs) by extensions ['ros']
[9.019s] Level 1:colcon.colcon_core.package_identification:_identify(logs) by extension 'ros'
[9.019s] Level 1:colcon.colcon_core.package_identification:_identify(logs) by extensions ['cmake', 'python']
[9.019s] Level 1:colcon.colcon_core.package_identification:_identify(logs) by extension 'cmake'
[9.020s] Level 1:colcon.colcon_core.package_identification:_identify(logs) by extension 'python'
[9.020s] Level 1:colcon.colcon_core.package_identification:_identify(logs) by extensions ['python_setup_py']
[9.020s] Level 1:colcon.colcon_core.package_identification:_identify(logs) by extension 'python_setup_py'
[9.021s] Level 1:colcon.colcon_core.package_identification:_identify(src) by extensions ['ignore', 'ignore_ament_install']
[9.021s] Level 1:colcon.colcon_core.package_identification:_identify(src) by extension 'ignore'
[9.021s] Level 1:colcon.colcon_core.package_identification:_identify(src) by extension 'ignore_ament_install'
[9.022s] Level 1:colcon.colcon_core.package_identification:_identify(src) by extensions ['colcon_pkg']
[9.022s] Level 1:colcon.colcon_core.package_identification:_identify(src) by extension 'colcon_pkg'
[9.022s] Level 1:colcon.colcon_core.package_identification:_identify(src) by extensions ['colcon_meta']
[9.022s] Level 1:colcon.colcon_core.package_identification:_identify(src) by extension 'colcon_meta'
[9.022s] Level 1:colcon.colcon_core.package_identification:_identify(src) by extensions ['ros']
[9.022s] Level 1:colcon.colcon_core.package_identification:_identify(src) by extension 'ros'
[9.023s] Level 1:colcon.colcon_core.package_identification:_identify(src) by extensions ['cmake', 'python']
[9.023s] Level 1:colcon.colcon_core.package_identification:_identify(src) by extension 'cmake'
[9.023s] Level 1:colcon.colcon_core.package_identification:_identify(src) by extension 'python'
[9.023s] Level 1:colcon.colcon_core.package_identification:_identify(src) by extensions ['python_setup_py']
[9.023s] Level 1:colcon.colcon_core.package_identification:_identify(src) by extension 'python_setup_py'
[9.024s] Level 1:colcon.colcon_core.package_identification:_identify(src/agv_gui) by extensions ['ignore', 'ignore_ament_install']
[9.024s] Level 1:colcon.colcon_core.package_identification:_identify(src/agv_gui) by extension 'ignore'
[9.024s] Level 1:colcon.colcon_core.package_identification:_identify(src/agv_gui) by extension 'ignore_ament_install'
[9.024s] Level 1:colcon.colcon_core.package_identification:_identify(src/agv_gui) by extensions ['colcon_pkg']
[9.024s] Level 1:colcon.colcon_core.package_identification:_identify(src/agv_gui) by extension 'colcon_pkg'
[9.025s] Level 1:colcon.colcon_core.package_identification:_identify(src/agv_gui) by extensions ['colcon_meta']
[9.025s] Level 1:colcon.colcon_core.package_identification:_identify(src/agv_gui) by extension 'colcon_meta'
[9.025s] Level 1:colcon.colcon_core.package_identification:_identify(src/agv_gui) by extensions ['ros']
[9.025s] Level 1:colcon.colcon_core.package_identification:_identify(src/agv_gui) by extension 'ros'
[9.041s] DEBUG:colcon.colcon_core.package_identification:Package 'src/agv_gui' with type 'ros.ament_cmake' and name 'agv_gui'
[9.042s] Level 1:colcon.colcon_core.package_discovery:discover_packages(recursive) using defaults
[9.042s] Level 1:colcon.colcon_core.package_discovery:discover_packages(ignore) discover
[9.042s] Level 1:colcon.colcon_core.package_discovery:discover_packages(ignore) using defaults
[9.042s] Level 1:colcon.colcon_core.package_discovery:discover_packages(path) discover
[9.042s] Level 1:colcon.colcon_core.package_discovery:discover_packages(path) using defaults
[9.806s] Level 1:colcon.colcon_core.package_discovery:discover_packages(prefix_path) check parameters
[9.806s] Level 1:colcon.colcon_core.package_discovery:discover_packages(prefix_path) discover
[10.093s] DEBUG:colcon.colcon_installed_package_information.package_discovery:Found 1 installed packages in /home/colin/agv_gui/install
[10.232s] DEBUG:colcon.colcon_installed_package_information.package_discovery:Found 268 installed packages in /opt/ros/galactic
[10.238s] Level 1:colcon.colcon_core.package_discovery:discover_packages(prefix_path) using defaults
[10.900s] Level 5:colcon.colcon_core.verb:set package 'agv_gui' build argument 'cmake_args' from command line to 'None'
[10.901s] Level 5:colcon.colcon_core.verb:set package 'agv_gui' build argument 'cmake_target' from command line to 'None'
[10.901s] Level 5:colcon.colcon_core.verb:set package 'agv_gui' build argument 'cmake_target_skip_unavailable' from command line to 'False'
[10.901s] Level 5:colcon.colcon_core.verb:set package 'agv_gui' build argument 'cmake_clean_cache' from command line to 'False'
[10.901s] Level 5:colcon.colcon_core.verb:set package 'agv_gui' build argument 'cmake_clean_first' from command line to 'False'
[10.901s] Level 5:colcon.colcon_core.verb:set package 'agv_gui' build argument 'cmake_force_configure' from command line to 'False'
[10.902s] Level 5:colcon.colcon_core.verb:set package 'agv_gui' build argument 'ament_cmake_args' from command line to 'None'
[10.902s] Level 5:colcon.colcon_core.verb:set package 'agv_gui' build argument 'catkin_cmake_args' from command line to 'None'
[10.902s] Level 5:colcon.colcon_core.verb:set package 'agv_gui' build argument 'catkin_skip_building_tests' from command line to 'False'
[10.902s] DEBUG:colcon.colcon_core.verb:Building package 'agv_gui' with the following arguments: {'ament_cmake_args': None, 'build_base': '/home/colin/agv_gui/build/agv_gui', 'catkin_cmake_args': None, 'catkin_skip_building_tests': False, 'cmake_args': None, 'cmake_clean_cache': False, 'cmake_clean_first': False, 'cmake_force_configure': False, 'cmake_target': None, 'cmake_target_skip_unavailable': False, 'install_base': '/home/colin/agv_gui/install/agv_gui', 'merge_install': False, 'path': '/home/colin/agv_gui/src/agv_gui', 'symlink_install': False, 'test_result_base': None}
[11.035s] INFO:colcon.colcon_core.executor:Executing jobs using 'parallel' executor
[11.166s] DEBUG:colcon.colcon_parallel_executor.executor.parallel:run_until_complete
[11.167s] INFO:colcon.colcon_ros.task.ament_cmake.build:Building ROS package in '/home/colin/agv_gui/src/agv_gui' with build type 'ament_cmake'
[11.167s] INFO:colcon.colcon_cmake.task.cmake.build:Building CMake package in '/home/colin/agv_gui/src/agv_gui'
[11.327s] INFO:colcon.colcon_core.plugin_system:Skipping extension 'colcon_core.shell.bat': Not used on non-Windows systems
[11.328s] INFO:colcon.colcon_core.shell:Skip shell extension 'powershell' for command environment: Not usable outside of PowerShell
[11.329s] DEBUG:colcon.colcon_core.shell:Skip shell extension 'dsv' for command environment
[11.787s] DEBUG:colcon.colcon_core.event_handler.log_command:Invoking command in '/home/colin/agv_gui/build/agv_gui': CMAKE_PREFIX_PATH=${CMAKE_PREFIX_PATH}:/opt/ros/galactic /usr/bin/cmake --build /home/colin/agv_gui/build/agv_gui -- -j4 -l4
[18.242s] DEBUG:colcon.colcon_core.event_handler.log_command:Invoked command in '/home/colin/agv_gui/build/agv_gui' returned '2': CMAKE_PREFIX_PATH=${CMAKE_PREFIX_PATH}:/opt/ros/galactic /usr/bin/cmake --build /home/colin/agv_gui/build/agv_gui -- -j4 -l4
[18.607s] Level 1:colcon.colcon_core.environment:create_environment_scripts_only(agv_gui)
[18.760s] Level 1:colcon.colcon_core.environment:checking '/home/colin/agv_gui/install/agv_gui' for CMake module files
[18.762s] Level 1:colcon.colcon_core.environment:checking '/home/colin/agv_gui/install/agv_gui' for CMake config files
[18.763s] Level 1:colcon.colcon_core.shell:create_environment_hook('agv_gui', 'cmake_prefix_path')
[18.896s] INFO:colcon.colcon_core.shell:Creating environment hook '/home/colin/agv_gui/install/agv_gui/share/agv_gui/hook/cmake_prefix_path.ps1'
[18.903s] INFO:colcon.colcon_core.shell:Creating environment descriptor '/home/colin/agv_gui/install/agv_gui/share/agv_gui/hook/cmake_prefix_path.dsv'
[18.905s] INFO:colcon.colcon_core.shell:Creating environment hook '/home/colin/agv_gui/install/agv_gui/share/agv_gui/hook/cmake_prefix_path.sh'
[18.909s] Level 1:colcon.colcon_core.environment:checking '/home/colin/agv_gui/install/agv_gui/lib'
[18.910s] Level 1:colcon.colcon_core.environment:checking '/home/colin/agv_gui/install/agv_gui/bin'
[18.910s] Level 1:colcon.colcon_core.environment:checking '/home/colin/agv_gui/install/agv_gui/lib/pkgconfig/agv_gui.pc'
[18.911s] Level 1:colcon.colcon_core.environment:checking '/home/colin/agv_gui/install/agv_gui/lib/python3.8/site-packages'
[18.911s] Level 1:colcon.colcon_core.environment:checking '/home/colin/agv_gui/install/agv_gui/bin'
[19.046s] INFO:colcon.colcon_core.shell:Creating package script '/home/colin/agv_gui/install/agv_gui/share/agv_gui/package.ps1'
[19.053s] INFO:colcon.colcon_core.shell:Creating package descriptor '/home/colin/agv_gui/install/agv_gui/share/agv_gui/package.dsv'
[19.056s] INFO:colcon.colcon_core.shell:Creating package script '/home/colin/agv_gui/install/agv_gui/share/agv_gui/package.sh'
[19.059s] INFO:colcon.colcon_core.shell:Creating package script '/home/colin/agv_gui/install/agv_gui/share/agv_gui/package.bash'
[19.063s] INFO:colcon.colcon_core.shell:Creating package script '/home/colin/agv_gui/install/agv_gui/share/agv_gui/package.zsh'
[19.066s] Level 1:colcon.colcon_core.environment:create_file_with_runtime_dependencies(/home/colin/agv_gui/install/agv_gui/share/colcon-core/packages/agv_gui)
[19.079s] DEBUG:colcon.colcon_parallel_executor.executor.parallel:closing loop
[19.080s] DEBUG:colcon.colcon_parallel_executor.executor.parallel:loop closed
[19.081s] DEBUG:colcon.colcon_parallel_executor.executor.parallel:run_until_complete finished with '2'
[19.081s] DEBUG:colcon.colcon_core.event_reactor:joining thread
[19.269s] INFO:colcon.colcon_core.plugin_system:Skipping extension 'colcon_notification.desktop_notification.terminal_notifier': Not used on non-Darwin systems
[19.269s] INFO:colcon.colcon_core.plugin_system:Skipping extension 'colcon_notification.desktop_notification.win32': Not used on non-Windows systems
[19.269s] INFO:colcon.colcon_notification.desktop_notification:Sending desktop notification using 'notify2'
[19.359s] DEBUG:colcon.colcon_core.event_reactor:joined thread
[19.497s] INFO:colcon.colcon_core.shell:Creating prefix script '/home/colin/agv_gui/install/local_setup.ps1'
[19.503s] INFO:colcon.colcon_core.shell:Creating prefix util module '/home/colin/agv_gui/install/_local_setup_util_ps1.py'
[19.509s] INFO:colcon.colcon_core.shell:Creating prefix chain script '/home/colin/agv_gui/install/setup.ps1'
[19.650s] INFO:colcon.colcon_core.shell:Creating prefix script '/home/colin/agv_gui/install/local_setup.sh'
[19.653s] INFO:colcon.colcon_core.shell:Creating prefix util module '/home/colin/agv_gui/install/_local_setup_util_sh.py'
[19.655s] INFO:colcon.colcon_core.shell:Creating prefix chain script '/home/colin/agv_gui/install/setup.sh'
[19.791s] INFO:colcon.colcon_core.shell:Creating prefix script '/home/colin/agv_gui/install/local_setup.bash'
[19.793s] INFO:colcon.colcon_core.shell:Creating prefix chain script '/home/colin/agv_gui/install/setup.bash'
[19.931s] INFO:colcon.colcon_core.shell:Creating prefix script '/home/colin/agv_gui/install/local_setup.zsh'
[19.934s] INFO:colcon.colcon_core.shell:Creating prefix chain script '/home/colin/agv_gui/install/setup.zsh'
