[0.590s] Invoking command in '/home/colin/agv_gui/build/agv_gui': CMAKE_PREFIX_PATH=${CMAKE_PREFIX_PATH}:/opt/ros/galactic /usr/bin/cmake --build /home/colin/agv_gui/build/agv_gui -- -j4 -l4
[0.845s] [  5%] [34m[1mAutomatic MOC and UIC for target agv_gui[0m
[0.891s] AutoMoc warning
[0.891s] ---------------
[0.892s] "SRC:/src/battery_node_1.cpp"
[0.892s] includes the moc file "battery_node_1.moc", but does not contain a Q_OBJECT, Q_GADGET or Q_NAMESPACE macro.
[0.892s] 
[0.893s] AutoMoc warning
[0.893s] ---------------
[0.893s] "SRC:/src/battery_node_2.cpp"
[0.894s] includes the moc file "battery_node_2.moc", but does not contain a Q_OBJECT, Q_GADGET or Q_NAMESPACE macro.
[0.894s] 
[0.894s] AutoMoc warning
[0.895s] ---------------
[0.895s] "SRC:/src/battery_node_3.cpp"
[0.895s] includes the moc file "battery_node_3.moc", but does not contain a Q_OBJECT, Q_GADGET or Q_NAMESPACE macro.
[0.896s] 
[0.896s] AutoMoc warning
[0.896s] ---------------
[0.897s] "SRC:/src/battery_node_4.cpp"
[0.897s] includes the moc file "battery_node_4.moc", but does not contain a Q_OBJECT, Q_GADGET or Q_NAMESPACE macro.
[0.897s] 
[0.897s] AutoMoc warning
[0.898s] ---------------
[0.898s] "SRC:/src/charge_node.cpp"
[0.898s] includes the moc file "charge_node.moc", but does not contain a Q_OBJECT, Q_GADGET or Q_NAMESPACE macro.
[0.899s] 
[1.528s] [  5%] Built target agv_gui_autogen
[1.624s] [35m[1mScanning dependencies of target agv_gui[0m
[1.992s] [ 10%] [32mBuilding CXX object CMakeFiles/agv_gui.dir/src/main_gui.cpp.o[0m
[11.501s] [01m[K/home/colin/agv_gui/src/agv_gui/src/main_gui.cpp:[m[K In constructor ‘[01m[KMainGui::MainGui(std::shared_ptr<ChargeSub>, std::shared_ptr<BatterySub1>, std::shared_ptr<BatterySub2>, std::shared_ptr<BatterySub3>, std::shared_ptr<BatterySub4>, QWidget*)[m[K’:
[11.501s] [01m[K/home/colin/agv_gui/src/agv_gui/src/main_gui.cpp:75:48:[m[K [01;31m[Kerror: [m[Kinvalid use of incomplete type ‘[01m[Kclass QDesktopWidget[m[K’
[11.502s]    75 |       int screenCount = QApplication::desktop()[01;31m[K->[m[KscreenCount();
[11.502s]       |                                                [01;31m[K^~[m[K
[11.502s] In file included from [01m[K/usr/include/aarch64-linux-gnu/qt5/QtWidgets/QApplication:1[m[K,
[11.503s]                  from [01m[K/home/colin/agv_gui/src/agv_gui/src/main_gui.cpp:1[m[K:
[11.503s] [01m[K/usr/include/aarch64-linux-gnu/qt5/QtWidgets/qapplication.h:57:7:[m[K [01;36m[Knote: [m[Kforward declaration of ‘[01m[Kclass QDesktopWidget[m[K’
[11.503s]    57 | class [01;36m[KQDesktopWidget[m[K;
[11.504s]       |       [01;36m[K^~~~~~~~~~~~~~[m[K
[11.504s] [01m[K/home/colin/agv_gui/src/agv_gui/src/main_gui.cpp:76:49:[m[K [01;31m[Kerror: [m[Kinvalid use of incomplete type ‘[01m[Kclass QDesktopWidget[m[K’
[11.504s]    76 |       QRect screenRect = QApplication::desktop()[01;31m[K->[m[KscreenGeometry(1); // 0-indexed, so this would get the second screen
[11.505s]       |                                                 [01;31m[K^~[m[K
[11.505s] In file included from [01m[K/usr/include/aarch64-linux-gnu/qt5/QtWidgets/QApplication:1[m[K,
[11.505s]                  from [01m[K/home/colin/agv_gui/src/agv_gui/src/main_gui.cpp:1[m[K:
[11.506s] [01m[K/usr/include/aarch64-linux-gnu/qt5/QtWidgets/qapplication.h:57:7:[m[K [01;36m[Knote: [m[Kforward declaration of ‘[01m[Kclass QDesktopWidget[m[K’
[11.506s]    57 | class [01;36m[KQDesktopWidget[m[K;
[11.506s]       |       [01;36m[K^~~~~~~~~~~~~~[m[K
[11.514s] [01m[K/home/colin/agv_gui/src/agv_gui/src/main_gui.cpp:75:11:[m[K [01;35m[Kwarning: [m[Kunused variable ‘[01m[KscreenCount[m[K’ [[01;35m[K-Wunused-variable[m[K]
[11.514s]    75 |       int [01;35m[KscreenCount[m[K = QApplication::desktop()->screenCount();
[11.514s]       |           [01;35m[K^~~~~~~~~~~[m[K
[13.653s] make[2]: *** [CMakeFiles/agv_gui.dir/build.make:161: CMakeFiles/agv_gui.dir/src/main_gui.cpp.o] Error 1
[13.654s] make[1]: *** [CMakeFiles/Makefile2:79: CMakeFiles/agv_gui.dir/all] Error 2
[13.655s] make: *** [Makefile:141: all] Error 2
[13.667s] Invoked command in '/home/colin/agv_gui/build/agv_gui' returned '2': CMAKE_PREFIX_PATH=${CMAKE_PREFIX_PATH}:/opt/ros/galactic /usr/bin/cmake --build /home/colin/agv_gui/build/agv_gui -- -j4 -l4
