[0.597s] Invoking command in '/home/colin/agv_gui/build/agv_gui': CMAKE_PREFIX_PATH=${CMAKE_PREFIX_PATH}:/opt/ros/galactic /usr/bin/cmake --build /home/colin/agv_gui/build/agv_gui -- -j4 -l4
[0.910s] [  5%] [34m[1mAutomatic MOC and UIC for target agv_gui[0m
[0.960s] AutoMoc warning
[0.960s] ---------------
[0.961s] "SRC:/src/battery_node_1.cpp"
[0.961s] includes the moc file "battery_node_1.moc", but does not contain a Q_OBJECT, Q_GADGET or Q_NAMESPACE macro.
[0.962s] 
[0.962s] AutoMoc warning
[0.962s] ---------------
[0.963s] "SRC:/src/battery_node_2.cpp"
[0.963s] includes the moc file "battery_node_2.moc", but does not contain a Q_OBJECT, Q_GADGET or Q_NAMESPACE macro.
[0.963s] 
[0.964s] AutoMoc warning
[0.964s] ---------------
[0.964s] "SRC:/src/battery_node_3.cpp"
[0.964s] includes the moc file "battery_node_3.moc", but does not contain a Q_OBJECT, Q_GADGET or Q_NAMESPACE macro.
[0.965s] 
[0.965s] AutoMoc warning
[0.965s] ---------------
[0.966s] "SRC:/src/battery_node_4.cpp"
[0.966s] includes the moc file "battery_node_4.moc", but does not contain a Q_OBJECT, Q_GADGET or Q_NAMESPACE macro.
[0.966s] 
[0.966s] AutoMoc warning
[0.967s] ---------------
[0.967s] "SRC:/src/charge_node.cpp"
[0.967s] includes the moc file "charge_node.moc", but does not contain a Q_OBJECT, Q_GADGET or Q_NAMESPACE macro.
[0.968s] 
[1.878s] [  5%] Built target agv_gui_autogen
[1.984s] [35m[1mScanning dependencies of target agv_gui[0m
[2.363s] [ 10%] [32mBuilding CXX object CMakeFiles/agv_gui.dir/src/main_gui.cpp.o[0m
[16.469s] [ 15%] [32m[1mLinking CXX executable agv_gui[0m
[23.482s] [100%] Built target agv_gui
[23.537s] Invoked command in '/home/colin/agv_gui/build/agv_gui' returned '0': CMAKE_PREFIX_PATH=${CMAKE_PREFIX_PATH}:/opt/ros/galactic /usr/bin/cmake --build /home/colin/agv_gui/build/agv_gui -- -j4 -l4
[23.819s] Invoking command in '/home/colin/agv_gui/build/agv_gui': CMAKE_PREFIX_PATH=${CMAKE_PREFIX_PATH}:/opt/ros/galactic /usr/bin/cmake --install /home/colin/agv_gui/build/agv_gui
[23.854s] -- Install configuration: ""
[23.856s] -- Installing: /home/colin/agv_gui/install/agv_gui/lib/agv_gui/agv_gui
[23.885s] -- Set runtime path of "/home/colin/agv_gui/install/agv_gui/lib/agv_gui/agv_gui" to ""
[23.885s] -- Up-to-date: /home/colin/agv_gui/install/agv_gui/share/agv_gui/launch
[23.886s] -- Up-to-date: /home/colin/agv_gui/install/agv_gui/share/agv_gui/launch/gui.launch.py
[23.886s] -- Up-to-date: /home/colin/agv_gui/install/agv_gui/share/ament_index/resource_index/package_run_dependencies/agv_gui
[23.887s] -- Up-to-date: /home/colin/agv_gui/install/agv_gui/share/ament_index/resource_index/parent_prefix_path/agv_gui
[23.888s] -- Up-to-date: /home/colin/agv_gui/install/agv_gui/share/agv_gui/environment/ament_prefix_path.sh
[23.889s] -- Up-to-date: /home/colin/agv_gui/install/agv_gui/share/agv_gui/environment/ament_prefix_path.dsv
[23.890s] -- Up-to-date: /home/colin/agv_gui/install/agv_gui/share/agv_gui/environment/path.sh
[23.890s] -- Up-to-date: /home/colin/agv_gui/install/agv_gui/share/agv_gui/environment/path.dsv
[23.890s] -- Up-to-date: /home/colin/agv_gui/install/agv_gui/share/agv_gui/local_setup.bash
[23.891s] -- Up-to-date: /home/colin/agv_gui/install/agv_gui/share/agv_gui/local_setup.sh
[23.891s] -- Up-to-date: /home/colin/agv_gui/install/agv_gui/share/agv_gui/local_setup.zsh
[23.892s] -- Up-to-date: /home/colin/agv_gui/install/agv_gui/share/agv_gui/local_setup.dsv
[23.893s] -- Installing: /home/colin/agv_gui/install/agv_gui/share/agv_gui/package.dsv
[23.894s] -- Up-to-date: /home/colin/agv_gui/install/agv_gui/share/ament_index/resource_index/packages/agv_gui
[23.894s] -- Up-to-date: /home/colin/agv_gui/install/agv_gui/share/agv_gui/cmake/agv_guiConfig.cmake
[23.894s] -- Up-to-date: /home/colin/agv_gui/install/agv_gui/share/agv_gui/cmake/agv_guiConfig-version.cmake
[23.895s] -- Up-to-date: /home/colin/agv_gui/install/agv_gui/share/agv_gui/package.xml
[23.903s] Invoked command in '/home/colin/agv_gui/build/agv_gui' returned '0': CMAKE_PREFIX_PATH=${CMAKE_PREFIX_PATH}:/opt/ros/galactic /usr/bin/cmake --install /home/colin/agv_gui/build/agv_gui
