[0.100s] Invoking command in '/home/amr_1/agv_gui/build/agv_gui': CMAKE_PREFIX_PATH=${CMAKE_PREFIX_PATH}:/opt/ros/foxy /usr/bin/cmake /home/amr_1/agv_gui/src/agv_gui -DCMAKE_INSTALL_PREFIX=/home/amr_1/agv_gui/install/agv_gui
[0.196s] -- Found ament_cmake: 0.9.12 (/opt/ros/foxy/share/ament_cmake/cmake)
[0.304s] -- Using PYTHON_EXECUTABLE: /usr/bin/python3
[1.216s] -- Found geometry_msgs: 2.0.5 (/opt/ros/foxy/share/geometry_msgs/cmake)
[1.318s] -- Using all available rosidl_typesupport_c: rosidl_typesupport_fastrtps_c;rosidl_typesupport_introspection_c
[1.335s] -- Found rosidl_adapter: 1.3.1 (/opt/ros/foxy/share/rosidl_adapter/cmake)
[1.901s] -- Using all available rosidl_typesupport_cpp: rosidl_typesupport_fastrtps_cpp;rosidl_typesupport_introspection_cpp
[2.270s] -- Found rclcpp: 2.4.3 (/opt/ros/foxy/share/rclcpp/cmake)
[2.437s] -- Found rmw_implementation_cmake: 1.0.4 (/opt/ros/foxy/share/rmw_implementation_cmake/cmake)
[2.443s] -- Using RMW implementation 'rmw_fastrtps_cpp' as default
[3.014s] -- Found rclcpp_components: 2.4.3 (/opt/ros/foxy/share/rclcpp_components/cmake)
[3.250s] -- Found rviz_common: 8.2.8 (/opt/ros/foxy/share/rviz_common/cmake)
[3.301s] -- Setting OGRE_DIR to: '/opt/ros/foxy/share/rviz_ogre_vendor/cmake/../../../opt/rviz_ogre_vendor/lib/OGRE/cmake'
[3.313s] -- Found OGRE
[3.314s] --   static     : OFF
[3.314s] --   components : HLMS;MeshLodGenerator;Overlay;Paging;Property;RTShaderSystem;Terrain;Volume
[3.315s] --   plugins    : Plugin_BSPSceneManager;Plugin_OctreeSceneManager;Plugin_PCZSceneManager;Plugin_ParticleFX;RenderSystem_GL;RenderSystem_GL3Plus;Codec_STBI
[3.315s] --   media      : /opt/ros/foxy/opt/rviz_ogre_vendor/share/OGRE/Media
[3.316s] -- OGRE_LIBRARIES: OgreHLMS;OgreMeshLodGenerator;OgreOverlay;OgrePaging;OgreProperty;OgreRTShaderSystem;OgreTerrain;OgreVolume;OgreMain
[3.316s] -- OGRE_LIBRARY_DIRS: /opt/ros/foxy/opt/rviz_ogre_vendor/lib
[3.316s] -- OGRE_PLUGINS: Plugin_BSPSceneManager;Plugin_OctreeSceneManager;Plugin_PCZSceneManager;Plugin_ParticleFX;RenderSystem_GL;RenderSystem_GL3Plus;Codec_STBI
[3.317s] -- OGRE_PLUGIN_DIR: /opt/ros/foxy/opt/rviz_ogre_vendor/lib/OGRE
[3.317s] -- rviz_ogre_vendor::OgreOverlay for IMPORTED_LOCATION_RELEASE: /opt/ros/foxy/opt/rviz_ogre_vendor/lib/libOgreOverlay.so
[3.318s] -- rviz_ogre_vendor::OgreOverlay for IMPORTED_LOCATION_DEBUG: /opt/ros/foxy/opt/rviz_ogre_vendor/lib/libOgreOverlay.so
[3.318s] -- rviz_ogre_vendor::OgreMain for IMPORTED_LOCATION_RELEASE: /opt/ros/foxy/opt/rviz_ogre_vendor/lib/libOgreMain.so
[3.318s] -- rviz_ogre_vendor::OgreMain for IMPORTED_LOCATION_DEBUG: /opt/ros/foxy/opt/rviz_ogre_vendor/lib/libOgreMain.so
[3.323s] -- Could not find freeimage library
[3.504s] -- rviz_ogre_vendor::RenderSystem_GL for IMPORTED_LOCATION_RELEASE: _render_system_gl_static_library_abs-NOTFOUND
[3.505s] -- rviz_ogre_vendor::RenderSystem_GL for IMPORTED_LOCATION_DEBUG: _render_system_gl_static_library_abs-NOTFOUND
[3.514s] -- library: libassimp.so.5
[3.623s] -- library: /usr/lib/aarch64-linux-gnu/libcurl.so
[5.626s] -- Setting yaml-cpp_DIR to: '/opt/ros/foxy/share/yaml_cpp_vendor/cmake/../../../opt/yaml_cpp_vendor/lib/cmake/yaml-cpp'
[5.639s] -- Found rviz_default_plugins: 8.2.8 (/opt/ros/foxy/share/rviz_default_plugins/cmake)
[7.545s] -- Found std_srvs: 2.0.5 (/opt/ros/foxy/share/std_srvs/cmake)
[7.612s] -- Found tf2_eigen: 0.13.14 (/opt/ros/foxy/share/tf2_eigen/cmake)
[7.948s] -- Configuring done
[8.268s] -- Generating done
[8.283s] -- Build files have been written to: /home/amr_1/agv_gui/build/agv_gui
[8.336s] Invoked command in '/home/amr_1/agv_gui/build/agv_gui' returned '0': CMAKE_PREFIX_PATH=${CMAKE_PREFIX_PATH}:/opt/ros/foxy /usr/bin/cmake /home/amr_1/agv_gui/src/agv_gui -DCMAKE_INSTALL_PREFIX=/home/amr_1/agv_gui/install/agv_gui
[8.350s] Invoking command in '/home/amr_1/agv_gui/build/agv_gui': CMAKE_PREFIX_PATH=${CMAKE_PREFIX_PATH}:/opt/ros/foxy /usr/bin/cmake --build /home/amr_1/agv_gui/build/agv_gui -- -j6 -l6
[8.627s] [ 14%] [34m[1mAutomatic MOC and UIC for target agv_gui[0m
[8.672s] AutoMoc warning
[8.673s] ---------------
[8.673s] "SRC:/src/mtr_node.cpp"
[8.674s] includes the moc file "mtr_node.moc", but does not contain a Q_OBJECT, Q_GADGET or Q_NAMESPACE macro.
[8.674s] 
[8.719s] [ 14%] Built target agv_gui_autogen
[8.922s] [100%] Built target agv_gui
[8.983s] Invoked command in '/home/amr_1/agv_gui/build/agv_gui' returned '0': CMAKE_PREFIX_PATH=${CMAKE_PREFIX_PATH}:/opt/ros/foxy /usr/bin/cmake --build /home/amr_1/agv_gui/build/agv_gui -- -j6 -l6
[9.226s] Invoking command in '/home/amr_1/agv_gui/build/agv_gui': CMAKE_PREFIX_PATH=${CMAKE_PREFIX_PATH}:/opt/ros/foxy /usr/bin/cmake --install /home/amr_1/agv_gui/build/agv_gui
[9.268s] -- Install configuration: "Debug"
[9.269s] -- Up-to-date: /home/amr_1/agv_gui/install/agv_gui/lib/agv_gui/agv_gui
[9.271s] -- Up-to-date: /home/amr_1/agv_gui/install/agv_gui/share/agv_gui/launch
[9.272s] -- Installing: /home/amr_1/agv_gui/install/agv_gui/share/agv_gui/launch/gui.launch.py
[9.273s] -- Up-to-date: /home/amr_1/agv_gui/install/agv_gui/share/ament_index/resource_index/package_run_dependencies/agv_gui
[9.274s] -- Up-to-date: /home/amr_1/agv_gui/install/agv_gui/share/ament_index/resource_index/parent_prefix_path/agv_gui
[9.274s] -- Up-to-date: /home/amr_1/agv_gui/install/agv_gui/share/agv_gui/environment/ament_prefix_path.sh
[9.274s] -- Installing: /home/amr_1/agv_gui/install/agv_gui/share/agv_gui/environment/ament_prefix_path.dsv
[9.275s] -- Up-to-date: /home/amr_1/agv_gui/install/agv_gui/share/agv_gui/environment/path.sh
[9.276s] -- Installing: /home/amr_1/agv_gui/install/agv_gui/share/agv_gui/environment/path.dsv
[9.277s] -- Up-to-date: /home/amr_1/agv_gui/install/agv_gui/share/agv_gui/local_setup.bash
[9.278s] -- Up-to-date: /home/amr_1/agv_gui/install/agv_gui/share/agv_gui/local_setup.sh
[9.278s] -- Up-to-date: /home/amr_1/agv_gui/install/agv_gui/share/agv_gui/local_setup.zsh
[9.278s] -- Installing: /home/amr_1/agv_gui/install/agv_gui/share/agv_gui/local_setup.dsv
[9.279s] -- Installing: /home/amr_1/agv_gui/install/agv_gui/share/agv_gui/package.dsv
[9.280s] -- Up-to-date: /home/amr_1/agv_gui/install/agv_gui/share/ament_index/resource_index/packages/agv_gui
[9.282s] -- Up-to-date: /home/amr_1/agv_gui/install/agv_gui/share/agv_gui/cmake/agv_guiConfig.cmake
[9.282s] -- Up-to-date: /home/amr_1/agv_gui/install/agv_gui/share/agv_gui/cmake/agv_guiConfig-version.cmake
[9.283s] -- Up-to-date: /home/amr_1/agv_gui/install/agv_gui/share/agv_gui/package.xml
[9.295s] Invoked command in '/home/amr_1/agv_gui/build/agv_gui' returned '0': CMAKE_PREFIX_PATH=${CMAKE_PREFIX_PATH}:/opt/ros/foxy /usr/bin/cmake --install /home/amr_1/agv_gui/build/agv_gui
