[12.284s] DEBUG:colcon:Command line arguments: ['/usr/bin/colcon', 'build']
[12.285s] DEBUG:colcon:Parsed command line arguments: Namespace(allow_overriding=[], ament_cmake_args=None, base_paths=['.'], build_base='build', catkin_cmake_args=None, catkin_skip_building_tests=False, cmake_args=None, cmake_clean_cache=False, cmake_clean_first=False, cmake_force_configure=False, cmake_target=None, cmake_target_skip_unavailable=False, continue_on_error=False, event_handlers=None, executor='parallel', ignore_user_meta=False, install_base='install', log_base=None, log_level=None, main=<bound method BuildVerb.main of <colcon_core.verb.build.BuildVerb object at 0xffff9c80e6d0>>, merge_install=False, metas=['./colcon.meta'], packages_above=None, packages_above_and_dependencies=None, packages_above_depth=None, packages_end=None, packages_ignore=None, packages_ignore_regex=None, packages_select=None, packages_select_build_failed=False, packages_select_by_dep=None, packages_select_regex=None, packages_select_test_failures=False, packages_skip=None, packages_skip_build_finished=False, packages_skip_by_dep=None, packages_skip_regex=None, packages_skip_test_passed=False, packages_skip_up_to=None, packages_start=None, packages_up_to=None, packages_up_to_regex=None, parallel_workers=6, paths=None, symlink_install=False, test_result_base=None, verb_extension=<colcon_core.verb.build.BuildVerb object at 0xffff9c80e6d0>, verb_name='build', verb_parser=<colcon_defaults.argument_parser.defaults.DefaultArgumentsDecorator object at 0xffff9c80edc0>)
[12.852s] Level 1:colcon.colcon_core.package_discovery:discover_packages(colcon_meta) check parameters
[12.853s] Level 1:colcon.colcon_core.package_discovery:discover_packages(recursive) check parameters
[12.853s] Level 1:colcon.colcon_core.package_discovery:discover_packages(ignore) check parameters
[12.853s] Level 1:colcon.colcon_core.package_discovery:discover_packages(path) check parameters
[12.854s] Level 1:colcon.colcon_core.package_discovery:discover_packages(colcon_meta) discover
[12.854s] Level 1:colcon.colcon_core.package_discovery:discover_packages(recursive) discover
[12.854s] INFO:colcon.colcon_core.package_discovery:Crawling recursively for packages in '/home/colin/agv_gui'
[12.855s] Level 1:colcon.colcon_core.package_identification:_identify(.) by extensions ['ignore', 'ignore_ament_install']
[12.856s] Level 1:colcon.colcon_core.package_identification:_identify(.) by extension 'ignore'
[12.856s] Level 1:colcon.colcon_core.package_identification:_identify(.) by extension 'ignore_ament_install'
[12.857s] Level 1:colcon.colcon_core.package_identification:_identify(.) by extensions ['colcon_pkg']
[12.857s] Level 1:colcon.colcon_core.package_identification:_identify(.) by extension 'colcon_pkg'
[12.858s] Level 1:colcon.colcon_core.package_identification:_identify(.) by extensions ['colcon_meta']
[12.858s] Level 1:colcon.colcon_core.package_identification:_identify(.) by extension 'colcon_meta'
[12.858s] Level 1:colcon.colcon_core.package_identification:_identify(.) by extensions ['ros']
[12.858s] Level 1:colcon.colcon_core.package_identification:_identify(.) by extension 'ros'
[12.931s] Level 1:colcon.colcon_core.package_identification:_identify(.) by extensions ['cmake', 'python']
[12.932s] Level 1:colcon.colcon_core.package_identification:_identify(.) by extension 'cmake'
[12.932s] Level 1:colcon.colcon_core.package_identification:_identify(.) by extension 'python'
[12.932s] Level 1:colcon.colcon_core.package_identification:_identify(.) by extensions ['python_setup_py']
[12.933s] Level 1:colcon.colcon_core.package_identification:_identify(.) by extension 'python_setup_py'
[12.934s] Level 1:colcon.colcon_core.package_identification:_identify(amr_v4_msgs_srvs) by extensions ['ignore', 'ignore_ament_install']
[12.935s] Level 1:colcon.colcon_core.package_identification:_identify(amr_v4_msgs_srvs) by extension 'ignore'
[12.935s] Level 1:colcon.colcon_core.package_identification:_identify(amr_v4_msgs_srvs) by extension 'ignore_ament_install'
[12.936s] Level 1:colcon.colcon_core.package_identification:_identify(amr_v4_msgs_srvs) by extensions ['colcon_pkg']
[12.936s] Level 1:colcon.colcon_core.package_identification:_identify(amr_v4_msgs_srvs) by extension 'colcon_pkg'
[12.936s] Level 1:colcon.colcon_core.package_identification:_identify(amr_v4_msgs_srvs) by extensions ['colcon_meta']
[12.936s] Level 1:colcon.colcon_core.package_identification:_identify(amr_v4_msgs_srvs) by extension 'colcon_meta'
[12.937s] Level 1:colcon.colcon_core.package_identification:_identify(amr_v4_msgs_srvs) by extensions ['ros']
[12.937s] Level 1:colcon.colcon_core.package_identification:_identify(amr_v4_msgs_srvs) by extension 'ros'
[12.954s] DEBUG:colcon.colcon_core.package_identification:Package 'amr_v4_msgs_srvs' with type 'ros.ament_cmake' and name 'amr_v4_msgs_srvs'
[12.955s] Level 1:colcon.colcon_core.package_identification:_identify(amr_v4_qt) by extensions ['ignore', 'ignore_ament_install']
[12.955s] Level 1:colcon.colcon_core.package_identification:_identify(amr_v4_qt) by extension 'ignore'
[12.955s] Level 1:colcon.colcon_core.package_identification:_identify(amr_v4_qt) by extension 'ignore_ament_install'
[12.956s] Level 1:colcon.colcon_core.package_identification:_identify(amr_v4_qt) by extensions ['colcon_pkg']
[12.956s] Level 1:colcon.colcon_core.package_identification:_identify(amr_v4_qt) by extension 'colcon_pkg'
[12.956s] Level 1:colcon.colcon_core.package_identification:_identify(amr_v4_qt) by extensions ['colcon_meta']
[12.957s] Level 1:colcon.colcon_core.package_identification:_identify(amr_v4_qt) by extension 'colcon_meta'
[12.957s] Level 1:colcon.colcon_core.package_identification:_identify(amr_v4_qt) by extensions ['ros']
[12.957s] Level 1:colcon.colcon_core.package_identification:_identify(amr_v4_qt) by extension 'ros'
[12.962s] DEBUG:colcon.colcon_core.package_identification:Package 'amr_v4_qt' with type 'ros.ament_cmake' and name 'amr_v4_qt'
[12.963s] Level 1:colcon.colcon_core.package_identification:_identify(build) by extensions ['ignore', 'ignore_ament_install']
[12.964s] Level 1:colcon.colcon_core.package_identification:_identify(build) by extension 'ignore'
[12.964s] Level 1:colcon.colcon_core.package_identification:_identify(build) ignored
[12.965s] Level 1:colcon.colcon_core.package_identification:_identify(install) by extensions ['ignore', 'ignore_ament_install']
[12.966s] Level 1:colcon.colcon_core.package_identification:_identify(install) by extension 'ignore'
[12.967s] Level 1:colcon.colcon_core.package_identification:_identify(install) ignored
[12.967s] Level 1:colcon.colcon_core.package_identification:_identify(log) by extensions ['ignore', 'ignore_ament_install']
[12.968s] Level 1:colcon.colcon_core.package_identification:_identify(log) by extension 'ignore'
[12.969s] Level 1:colcon.colcon_core.package_identification:_identify(log) ignored
[12.969s] Level 1:colcon.colcon_core.package_identification:_identify(src) by extensions ['ignore', 'ignore_ament_install']
[12.970s] Level 1:colcon.colcon_core.package_identification:_identify(src) by extension 'ignore'
[12.970s] Level 1:colcon.colcon_core.package_identification:_identify(src) by extension 'ignore_ament_install'
[12.971s] Level 1:colcon.colcon_core.package_identification:_identify(src) by extensions ['colcon_pkg']
[12.971s] Level 1:colcon.colcon_core.package_identification:_identify(src) by extension 'colcon_pkg'
[12.971s] Level 1:colcon.colcon_core.package_identification:_identify(src) by extensions ['colcon_meta']
[12.972s] Level 1:colcon.colcon_core.package_identification:_identify(src) by extension 'colcon_meta'
[12.972s] Level 1:colcon.colcon_core.package_identification:_identify(src) by extensions ['ros']
[12.972s] Level 1:colcon.colcon_core.package_identification:_identify(src) by extension 'ros'
[12.973s] Level 1:colcon.colcon_core.package_identification:_identify(src) by extensions ['cmake', 'python']
[12.973s] Level 1:colcon.colcon_core.package_identification:_identify(src) by extension 'cmake'
[12.974s] Level 1:colcon.colcon_core.package_identification:_identify(src) by extension 'python'
[12.974s] Level 1:colcon.colcon_core.package_identification:_identify(src) by extensions ['python_setup_py']
[12.974s] Level 1:colcon.colcon_core.package_identification:_identify(src) by extension 'python_setup_py'
[12.974s] Level 1:colcon.colcon_core.package_discovery:discover_packages(recursive) using defaults
[12.975s] Level 1:colcon.colcon_core.package_discovery:discover_packages(ignore) discover
[12.975s] Level 1:colcon.colcon_core.package_discovery:discover_packages(ignore) using defaults
[12.975s] Level 1:colcon.colcon_core.package_discovery:discover_packages(path) discover
[12.975s] Level 1:colcon.colcon_core.package_discovery:discover_packages(path) using defaults
[14.078s] Level 1:colcon.colcon_core.package_discovery:discover_packages(prefix_path) check parameters
[14.078s] Level 1:colcon.colcon_core.package_discovery:discover_packages(prefix_path) discover
[14.498s] DEBUG:colcon.colcon_installed_package_information.package_discovery:Found 2 installed packages in /home/colin/agv_gui/install
[14.710s] DEBUG:colcon.colcon_installed_package_information.package_discovery:Found 268 installed packages in /opt/ros/galactic
[14.721s] Level 1:colcon.colcon_core.package_discovery:discover_packages(prefix_path) using defaults
[15.633s] Level 5:colcon.colcon_core.verb:set package 'amr_v4_msgs_srvs' build argument 'cmake_args' from command line to 'None'
[15.634s] Level 5:colcon.colcon_core.verb:set package 'amr_v4_msgs_srvs' build argument 'cmake_target' from command line to 'None'
[15.634s] Level 5:colcon.colcon_core.verb:set package 'amr_v4_msgs_srvs' build argument 'cmake_target_skip_unavailable' from command line to 'False'
[15.634s] Level 5:colcon.colcon_core.verb:set package 'amr_v4_msgs_srvs' build argument 'cmake_clean_cache' from command line to 'False'
[15.634s] Level 5:colcon.colcon_core.verb:set package 'amr_v4_msgs_srvs' build argument 'cmake_clean_first' from command line to 'False'
[15.634s] Level 5:colcon.colcon_core.verb:set package 'amr_v4_msgs_srvs' build argument 'cmake_force_configure' from command line to 'False'
[15.635s] Level 5:colcon.colcon_core.verb:set package 'amr_v4_msgs_srvs' build argument 'ament_cmake_args' from command line to 'None'
[15.635s] Level 5:colcon.colcon_core.verb:set package 'amr_v4_msgs_srvs' build argument 'catkin_cmake_args' from command line to 'None'
[15.635s] Level 5:colcon.colcon_core.verb:set package 'amr_v4_msgs_srvs' build argument 'catkin_skip_building_tests' from command line to 'False'
[15.635s] DEBUG:colcon.colcon_core.verb:Building package 'amr_v4_msgs_srvs' with the following arguments: {'ament_cmake_args': None, 'build_base': '/home/colin/agv_gui/build/amr_v4_msgs_srvs', 'catkin_cmake_args': None, 'catkin_skip_building_tests': False, 'cmake_args': None, 'cmake_clean_cache': False, 'cmake_clean_first': False, 'cmake_force_configure': False, 'cmake_target': None, 'cmake_target_skip_unavailable': False, 'install_base': '/home/colin/agv_gui/install/amr_v4_msgs_srvs', 'merge_install': False, 'path': '/home/colin/agv_gui/amr_v4_msgs_srvs', 'symlink_install': False, 'test_result_base': None}
[15.836s] Level 5:colcon.colcon_core.verb:set package 'amr_v4_qt' build argument 'cmake_args' from command line to 'None'
[15.836s] Level 5:colcon.colcon_core.verb:set package 'amr_v4_qt' build argument 'cmake_target' from command line to 'None'
[15.836s] Level 5:colcon.colcon_core.verb:set package 'amr_v4_qt' build argument 'cmake_target_skip_unavailable' from command line to 'False'
[15.837s] Level 5:colcon.colcon_core.verb:set package 'amr_v4_qt' build argument 'cmake_clean_cache' from command line to 'False'
[15.837s] Level 5:colcon.colcon_core.verb:set package 'amr_v4_qt' build argument 'cmake_clean_first' from command line to 'False'
[15.837s] Level 5:colcon.colcon_core.verb:set package 'amr_v4_qt' build argument 'cmake_force_configure' from command line to 'False'
[15.837s] Level 5:colcon.colcon_core.verb:set package 'amr_v4_qt' build argument 'ament_cmake_args' from command line to 'None'
[15.837s] Level 5:colcon.colcon_core.verb:set package 'amr_v4_qt' build argument 'catkin_cmake_args' from command line to 'None'
[15.838s] Level 5:colcon.colcon_core.verb:set package 'amr_v4_qt' build argument 'catkin_skip_building_tests' from command line to 'False'
[15.838s] DEBUG:colcon.colcon_core.verb:Building package 'amr_v4_qt' with the following arguments: {'ament_cmake_args': None, 'build_base': '/home/colin/agv_gui/build/amr_v4_qt', 'catkin_cmake_args': None, 'catkin_skip_building_tests': False, 'cmake_args': None, 'cmake_clean_cache': False, 'cmake_clean_first': False, 'cmake_force_configure': False, 'cmake_target': None, 'cmake_target_skip_unavailable': False, 'install_base': '/home/colin/agv_gui/install/amr_v4_qt', 'merge_install': False, 'path': '/home/colin/agv_gui/amr_v4_qt', 'symlink_install': False, 'test_result_base': None}
[16.034s] INFO:colcon.colcon_core.executor:Executing jobs using 'parallel' executor
[16.239s] DEBUG:colcon.colcon_parallel_executor.executor.parallel:run_until_complete
[16.240s] INFO:colcon.colcon_ros.task.ament_cmake.build:Building ROS package in '/home/colin/agv_gui/amr_v4_msgs_srvs' with build type 'ament_cmake'
[16.241s] INFO:colcon.colcon_cmake.task.cmake.build:Building CMake package in '/home/colin/agv_gui/amr_v4_msgs_srvs'
[16.507s] INFO:colcon.colcon_core.plugin_system:Skipping extension 'colcon_core.shell.bat': Not used on non-Windows systems
[16.508s] INFO:colcon.colcon_core.shell:Skip shell extension 'powershell' for command environment: Not usable outside of PowerShell
[16.508s] DEBUG:colcon.colcon_core.shell:Skip shell extension 'dsv' for command environment
[17.300s] DEBUG:colcon.colcon_core.event_handler.log_command:Invoking command in '/home/colin/agv_gui/build/amr_v4_msgs_srvs': CMAKE_PREFIX_PATH=${CMAKE_PREFIX_PATH}:/opt/ros/galactic /usr/bin/cmake --build /home/colin/agv_gui/build/amr_v4_msgs_srvs -- -j6 -l6
[18.492s] DEBUG:colcon.colcon_core.event_handler.log_command:Invoked command in '/home/colin/agv_gui/build/amr_v4_msgs_srvs' returned '0': CMAKE_PREFIX_PATH=${CMAKE_PREFIX_PATH}:/opt/ros/galactic /usr/bin/cmake --build /home/colin/agv_gui/build/amr_v4_msgs_srvs -- -j6 -l6
[19.182s] DEBUG:colcon.colcon_core.event_handler.log_command:Invoking command in '/home/colin/agv_gui/build/amr_v4_msgs_srvs': CMAKE_PREFIX_PATH=${CMAKE_PREFIX_PATH}:/opt/ros/galactic /usr/bin/cmake --install /home/colin/agv_gui/build/amr_v4_msgs_srvs
[19.533s] Level 1:colcon.colcon_core.environment:create_environment_scripts_only(amr_v4_msgs_srvs)
[19.539s] DEBUG:colcon.colcon_core.event_handler.log_command:Invoked command in '/home/colin/agv_gui/build/amr_v4_msgs_srvs' returned '0': CMAKE_PREFIX_PATH=${CMAKE_PREFIX_PATH}:/opt/ros/galactic /usr/bin/cmake --install /home/colin/agv_gui/build/amr_v4_msgs_srvs
[19.780s] Level 1:colcon.colcon_core.environment:checking '/home/colin/agv_gui/install/amr_v4_msgs_srvs' for CMake module files
[19.785s] Level 1:colcon.colcon_core.environment:checking '/home/colin/agv_gui/install/amr_v4_msgs_srvs' for CMake config files
[19.786s] Level 1:colcon.colcon_core.shell:create_environment_hook('amr_v4_msgs_srvs', 'cmake_prefix_path')
[19.996s] INFO:colcon.colcon_core.shell:Creating environment hook '/home/colin/agv_gui/install/amr_v4_msgs_srvs/share/amr_v4_msgs_srvs/hook/cmake_prefix_path.ps1'
[20.002s] INFO:colcon.colcon_core.shell:Creating environment descriptor '/home/colin/agv_gui/install/amr_v4_msgs_srvs/share/amr_v4_msgs_srvs/hook/cmake_prefix_path.dsv'
[20.005s] INFO:colcon.colcon_core.shell:Creating environment hook '/home/colin/agv_gui/install/amr_v4_msgs_srvs/share/amr_v4_msgs_srvs/hook/cmake_prefix_path.sh'
[20.011s] Level 1:colcon.colcon_core.environment:checking '/home/colin/agv_gui/install/amr_v4_msgs_srvs/lib'
[20.012s] Level 1:colcon.colcon_core.shell:create_environment_hook('amr_v4_msgs_srvs', 'ld_library_path_lib')
[20.225s] INFO:colcon.colcon_core.shell:Creating environment hook '/home/colin/agv_gui/install/amr_v4_msgs_srvs/share/amr_v4_msgs_srvs/hook/ld_library_path_lib.ps1'
[20.229s] INFO:colcon.colcon_core.shell:Creating environment descriptor '/home/colin/agv_gui/install/amr_v4_msgs_srvs/share/amr_v4_msgs_srvs/hook/ld_library_path_lib.dsv'
[20.231s] INFO:colcon.colcon_core.shell:Creating environment hook '/home/colin/agv_gui/install/amr_v4_msgs_srvs/share/amr_v4_msgs_srvs/hook/ld_library_path_lib.sh'
[20.234s] Level 1:colcon.colcon_core.environment:checking '/home/colin/agv_gui/install/amr_v4_msgs_srvs/bin'
[20.234s] Level 1:colcon.colcon_core.environment:checking '/home/colin/agv_gui/install/amr_v4_msgs_srvs/lib/pkgconfig/amr_v4_msgs_srvs.pc'
[20.236s] Level 1:colcon.colcon_core.environment:checking '/home/colin/agv_gui/install/amr_v4_msgs_srvs/lib/python3.8/site-packages'
[20.236s] Level 1:colcon.colcon_core.shell:create_environment_hook('amr_v4_msgs_srvs', 'pythonpath')
[20.462s] INFO:colcon.colcon_core.shell:Creating environment hook '/home/colin/agv_gui/install/amr_v4_msgs_srvs/share/amr_v4_msgs_srvs/hook/pythonpath.ps1'
[20.465s] INFO:colcon.colcon_core.shell:Creating environment descriptor '/home/colin/agv_gui/install/amr_v4_msgs_srvs/share/amr_v4_msgs_srvs/hook/pythonpath.dsv'
[20.468s] INFO:colcon.colcon_core.shell:Creating environment hook '/home/colin/agv_gui/install/amr_v4_msgs_srvs/share/amr_v4_msgs_srvs/hook/pythonpath.sh'
[20.471s] Level 1:colcon.colcon_core.environment:checking '/home/colin/agv_gui/install/amr_v4_msgs_srvs/bin'
[20.701s] INFO:colcon.colcon_core.shell:Creating package script '/home/colin/agv_gui/install/amr_v4_msgs_srvs/share/amr_v4_msgs_srvs/package.ps1'
[20.708s] INFO:colcon.colcon_core.shell:Creating package descriptor '/home/colin/agv_gui/install/amr_v4_msgs_srvs/share/amr_v4_msgs_srvs/package.dsv'
[20.712s] INFO:colcon.colcon_core.shell:Creating package script '/home/colin/agv_gui/install/amr_v4_msgs_srvs/share/amr_v4_msgs_srvs/package.sh'
[20.717s] INFO:colcon.colcon_core.shell:Creating package script '/home/colin/agv_gui/install/amr_v4_msgs_srvs/share/amr_v4_msgs_srvs/package.bash'
[20.721s] INFO:colcon.colcon_core.shell:Creating package script '/home/colin/agv_gui/install/amr_v4_msgs_srvs/share/amr_v4_msgs_srvs/package.zsh'
[20.725s] Level 1:colcon.colcon_core.environment:create_file_with_runtime_dependencies(/home/colin/agv_gui/install/amr_v4_msgs_srvs/share/colcon-core/packages/amr_v4_msgs_srvs)
[21.538s] Level 1:colcon.colcon_core.environment:create_environment_scripts_only(amr_v4_msgs_srvs)
[21.767s] Level 1:colcon.colcon_core.environment:checking '/home/colin/agv_gui/install/amr_v4_msgs_srvs' for CMake module files
[21.771s] Level 1:colcon.colcon_core.environment:checking '/home/colin/agv_gui/install/amr_v4_msgs_srvs' for CMake config files
[21.773s] Level 1:colcon.colcon_core.shell:create_environment_hook('amr_v4_msgs_srvs', 'cmake_prefix_path')
[21.986s] INFO:colcon.colcon_core.shell:Creating environment hook '/home/colin/agv_gui/install/amr_v4_msgs_srvs/share/amr_v4_msgs_srvs/hook/cmake_prefix_path.ps1'
[21.990s] INFO:colcon.colcon_core.shell:Creating environment descriptor '/home/colin/agv_gui/install/amr_v4_msgs_srvs/share/amr_v4_msgs_srvs/hook/cmake_prefix_path.dsv'
[21.992s] INFO:colcon.colcon_core.shell:Creating environment hook '/home/colin/agv_gui/install/amr_v4_msgs_srvs/share/amr_v4_msgs_srvs/hook/cmake_prefix_path.sh'
[21.996s] Level 1:colcon.colcon_core.environment:checking '/home/colin/agv_gui/install/amr_v4_msgs_srvs/lib'
[21.997s] Level 1:colcon.colcon_core.shell:create_environment_hook('amr_v4_msgs_srvs', 'ld_library_path_lib')
[22.219s] INFO:colcon.colcon_core.shell:Creating environment hook '/home/colin/agv_gui/install/amr_v4_msgs_srvs/share/amr_v4_msgs_srvs/hook/ld_library_path_lib.ps1'
[22.222s] INFO:colcon.colcon_core.shell:Creating environment descriptor '/home/colin/agv_gui/install/amr_v4_msgs_srvs/share/amr_v4_msgs_srvs/hook/ld_library_path_lib.dsv'
[22.224s] INFO:colcon.colcon_core.shell:Creating environment hook '/home/colin/agv_gui/install/amr_v4_msgs_srvs/share/amr_v4_msgs_srvs/hook/ld_library_path_lib.sh'
[22.226s] Level 1:colcon.colcon_core.environment:checking '/home/colin/agv_gui/install/amr_v4_msgs_srvs/bin'
[22.227s] Level 1:colcon.colcon_core.environment:checking '/home/colin/agv_gui/install/amr_v4_msgs_srvs/lib/pkgconfig/amr_v4_msgs_srvs.pc'
[22.228s] Level 1:colcon.colcon_core.environment:checking '/home/colin/agv_gui/install/amr_v4_msgs_srvs/lib/python3.8/site-packages'
[22.229s] Level 1:colcon.colcon_core.shell:create_environment_hook('amr_v4_msgs_srvs', 'pythonpath')
[22.443s] INFO:colcon.colcon_core.shell:Creating environment hook '/home/colin/agv_gui/install/amr_v4_msgs_srvs/share/amr_v4_msgs_srvs/hook/pythonpath.ps1'
[22.446s] INFO:colcon.colcon_core.shell:Creating environment descriptor '/home/colin/agv_gui/install/amr_v4_msgs_srvs/share/amr_v4_msgs_srvs/hook/pythonpath.dsv'
[22.448s] INFO:colcon.colcon_core.shell:Creating environment hook '/home/colin/agv_gui/install/amr_v4_msgs_srvs/share/amr_v4_msgs_srvs/hook/pythonpath.sh'
[22.451s] Level 1:colcon.colcon_core.environment:checking '/home/colin/agv_gui/install/amr_v4_msgs_srvs/bin'
[22.674s] INFO:colcon.colcon_core.shell:Creating package script '/home/colin/agv_gui/install/amr_v4_msgs_srvs/share/amr_v4_msgs_srvs/package.ps1'
[22.679s] INFO:colcon.colcon_core.shell:Creating package descriptor '/home/colin/agv_gui/install/amr_v4_msgs_srvs/share/amr_v4_msgs_srvs/package.dsv'
[22.682s] INFO:colcon.colcon_core.shell:Creating package script '/home/colin/agv_gui/install/amr_v4_msgs_srvs/share/amr_v4_msgs_srvs/package.sh'
[22.685s] INFO:colcon.colcon_core.shell:Creating package script '/home/colin/agv_gui/install/amr_v4_msgs_srvs/share/amr_v4_msgs_srvs/package.bash'
[22.688s] INFO:colcon.colcon_core.shell:Creating package script '/home/colin/agv_gui/install/amr_v4_msgs_srvs/share/amr_v4_msgs_srvs/package.zsh'
[22.690s] Level 1:colcon.colcon_core.environment:create_file_with_runtime_dependencies(/home/colin/agv_gui/install/amr_v4_msgs_srvs/share/colcon-core/packages/amr_v4_msgs_srvs)
[22.694s] INFO:colcon.colcon_ros.task.ament_cmake.build:Building ROS package in '/home/colin/agv_gui/amr_v4_qt' with build type 'ament_cmake'
[22.696s] INFO:colcon.colcon_cmake.task.cmake.build:Building CMake package in '/home/colin/agv_gui/amr_v4_qt'
[22.940s] INFO:colcon.colcon_core.shell:Skip shell extension 'powershell' for command environment: Not usable outside of PowerShell
[22.941s] DEBUG:colcon.colcon_core.shell:Skip shell extension 'dsv' for command environment
[23.700s] DEBUG:colcon.colcon_core.event_handler.log_command:Invoking command in '/home/colin/agv_gui/build/amr_v4_qt': CMAKE_PREFIX_PATH=/home/colin/agv_gui/install/amr_v4_msgs_srvs:/home/colin/agv_gui/install/amr_v4_qt:/opt/ros/galactic /usr/bin/cmake --build /home/colin/agv_gui/build/amr_v4_qt -- -j6 -l6
[33.004s] DEBUG:colcon.colcon_core.event_handler.log_command:Invoked command in '/home/colin/agv_gui/build/amr_v4_qt' returned '2': CMAKE_PREFIX_PATH=/home/colin/agv_gui/install/amr_v4_msgs_srvs:/home/colin/agv_gui/install/amr_v4_qt:/opt/ros/galactic /usr/bin/cmake --build /home/colin/agv_gui/build/amr_v4_qt -- -j6 -l6
[33.766s] Level 1:colcon.colcon_core.environment:create_environment_scripts_only(amr_v4_qt)
[33.987s] Level 1:colcon.colcon_core.environment:checking '/home/colin/agv_gui/install/amr_v4_qt' for CMake module files
[33.990s] Level 1:colcon.colcon_core.environment:checking '/home/colin/agv_gui/install/amr_v4_qt' for CMake config files
[33.992s] Level 1:colcon.colcon_core.shell:create_environment_hook('amr_v4_qt', 'cmake_prefix_path')
[34.205s] INFO:colcon.colcon_core.shell:Creating environment hook '/home/colin/agv_gui/install/amr_v4_qt/share/amr_v4_qt/hook/cmake_prefix_path.ps1'
[34.208s] INFO:colcon.colcon_core.shell:Creating environment descriptor '/home/colin/agv_gui/install/amr_v4_qt/share/amr_v4_qt/hook/cmake_prefix_path.dsv'
[34.211s] INFO:colcon.colcon_core.shell:Creating environment hook '/home/colin/agv_gui/install/amr_v4_qt/share/amr_v4_qt/hook/cmake_prefix_path.sh'
[34.215s] Level 1:colcon.colcon_core.environment:checking '/home/colin/agv_gui/install/amr_v4_qt/lib'
[34.216s] Level 1:colcon.colcon_core.environment:checking '/home/colin/agv_gui/install/amr_v4_qt/bin'
[34.216s] Level 1:colcon.colcon_core.environment:checking '/home/colin/agv_gui/install/amr_v4_qt/lib/pkgconfig/amr_v4_qt.pc'
[34.218s] Level 1:colcon.colcon_core.environment:checking '/home/colin/agv_gui/install/amr_v4_qt/lib/python3.8/site-packages'
[34.219s] Level 1:colcon.colcon_core.environment:checking '/home/colin/agv_gui/install/amr_v4_qt/bin'
[34.438s] INFO:colcon.colcon_core.shell:Creating package script '/home/colin/agv_gui/install/amr_v4_qt/share/amr_v4_qt/package.ps1'
[34.443s] INFO:colcon.colcon_core.shell:Creating package descriptor '/home/colin/agv_gui/install/amr_v4_qt/share/amr_v4_qt/package.dsv'
[34.446s] INFO:colcon.colcon_core.shell:Creating package script '/home/colin/agv_gui/install/amr_v4_qt/share/amr_v4_qt/package.sh'
[34.449s] INFO:colcon.colcon_core.shell:Creating package script '/home/colin/agv_gui/install/amr_v4_qt/share/amr_v4_qt/package.bash'
[34.452s] INFO:colcon.colcon_core.shell:Creating package script '/home/colin/agv_gui/install/amr_v4_qt/share/amr_v4_qt/package.zsh'
[34.454s] Level 1:colcon.colcon_core.environment:create_file_with_runtime_dependencies(/home/colin/agv_gui/install/amr_v4_qt/share/colcon-core/packages/amr_v4_qt)
[34.469s] DEBUG:colcon.colcon_parallel_executor.executor.parallel:closing loop
[34.470s] DEBUG:colcon.colcon_parallel_executor.executor.parallel:loop closed
[34.471s] DEBUG:colcon.colcon_parallel_executor.executor.parallel:run_until_complete finished with '2'
[34.472s] DEBUG:colcon.colcon_core.event_reactor:joining thread
[34.733s] INFO:colcon.colcon_core.plugin_system:Skipping extension 'colcon_notification.desktop_notification.terminal_notifier': Not used on non-Darwin systems
[34.734s] INFO:colcon.colcon_core.plugin_system:Skipping extension 'colcon_notification.desktop_notification.win32': Not used on non-Windows systems
[34.738s] INFO:colcon.colcon_notification.desktop_notification:Sending desktop notification using 'notify2'
[34.832s] DEBUG:colcon.colcon_core.event_reactor:joined thread
[35.074s] INFO:colcon.colcon_core.shell:Creating prefix script '/home/colin/agv_gui/install/local_setup.ps1'
[35.080s] INFO:colcon.colcon_core.shell:Creating prefix util module '/home/colin/agv_gui/install/_local_setup_util_ps1.py'
[35.088s] INFO:colcon.colcon_core.shell:Creating prefix chain script '/home/colin/agv_gui/install/setup.ps1'
[35.363s] INFO:colcon.colcon_core.shell:Creating prefix script '/home/colin/agv_gui/install/local_setup.sh'
[35.369s] INFO:colcon.colcon_core.shell:Creating prefix util module '/home/colin/agv_gui/install/_local_setup_util_sh.py'
[35.372s] INFO:colcon.colcon_core.shell:Creating prefix chain script '/home/colin/agv_gui/install/setup.sh'
[35.605s] INFO:colcon.colcon_core.shell:Creating prefix script '/home/colin/agv_gui/install/local_setup.bash'
[35.608s] INFO:colcon.colcon_core.shell:Creating prefix chain script '/home/colin/agv_gui/install/setup.bash'
[35.826s] INFO:colcon.colcon_core.shell:Creating prefix script '/home/colin/agv_gui/install/local_setup.zsh'
[35.829s] INFO:colcon.colcon_core.shell:Creating prefix chain script '/home/colin/agv_gui/install/setup.zsh'
