[10.089s] DEBUG:colcon:Command line arguments: ['/usr/bin/colcon', 'build']
[10.090s] DEBUG:colcon:Parsed command line arguments: Namespace(allow_overriding=[], ament_cmake_args=None, base_paths=['.'], build_base='build', catkin_cmake_args=None, catkin_skip_building_tests=False, cmake_args=None, cmake_clean_cache=False, cmake_clean_first=False, cmake_force_configure=False, cmake_target=None, cmake_target_skip_unavailable=False, continue_on_error=False, event_handlers=None, executor='parallel', ignore_user_meta=False, install_base='install', log_base=None, log_level=None, main=<bound method BuildVerb.main of <colcon_core.verb.build.BuildVerb object at 0xffffa7875d30>>, merge_install=False, metas=['./colcon.meta'], packages_above=None, packages_above_and_dependencies=None, packages_above_depth=None, packages_end=None, packages_ignore=None, packages_ignore_regex=None, packages_select=None, packages_select_build_failed=False, packages_select_by_dep=None, packages_select_regex=None, packages_select_test_failures=False, packages_skip=None, packages_skip_build_finished=False, packages_skip_by_dep=None, packages_skip_regex=None, packages_skip_test_passed=False, packages_skip_up_to=None, packages_start=None, packages_up_to=None, packages_up_to_regex=None, parallel_workers=6, paths=None, symlink_install=False, test_result_base=None, verb_extension=<colcon_core.verb.build.BuildVerb object at 0xffffa7875d30>, verb_name='build', verb_parser=<colcon_defaults.argument_parser.defaults.DefaultArgumentsDecorator object at 0xffffa73dedc0>)
[10.542s] Level 1:colcon.colcon_core.package_discovery:discover_packages(colcon_meta) check parameters
[10.543s] Level 1:colcon.colcon_core.package_discovery:discover_packages(recursive) check parameters
[10.543s] Level 1:colcon.colcon_core.package_discovery:discover_packages(ignore) check parameters
[10.543s] Level 1:colcon.colcon_core.package_discovery:discover_packages(path) check parameters
[10.544s] Level 1:colcon.colcon_core.package_discovery:discover_packages(colcon_meta) discover
[10.544s] Level 1:colcon.colcon_core.package_discovery:discover_packages(recursive) discover
[10.544s] INFO:colcon.colcon_core.package_discovery:Crawling recursively for packages in '/home/colin/agv_gui'
[10.545s] Level 1:colcon.colcon_core.package_identification:_identify(.) by extensions ['ignore', 'ignore_ament_install']
[10.545s] Level 1:colcon.colcon_core.package_identification:_identify(.) by extension 'ignore'
[10.546s] Level 1:colcon.colcon_core.package_identification:_identify(.) by extension 'ignore_ament_install'
[10.546s] Level 1:colcon.colcon_core.package_identification:_identify(.) by extensions ['colcon_pkg']
[10.546s] Level 1:colcon.colcon_core.package_identification:_identify(.) by extension 'colcon_pkg'
[10.546s] Level 1:colcon.colcon_core.package_identification:_identify(.) by extensions ['colcon_meta']
[10.546s] Level 1:colcon.colcon_core.package_identification:_identify(.) by extension 'colcon_meta'
[10.547s] Level 1:colcon.colcon_core.package_identification:_identify(.) by extensions ['ros']
[10.547s] Level 1:colcon.colcon_core.package_identification:_identify(.) by extension 'ros'
[10.611s] Level 1:colcon.colcon_core.package_identification:_identify(.) by extensions ['cmake', 'python']
[10.611s] Level 1:colcon.colcon_core.package_identification:_identify(.) by extension 'cmake'
[10.612s] Level 1:colcon.colcon_core.package_identification:_identify(.) by extension 'python'
[10.612s] Level 1:colcon.colcon_core.package_identification:_identify(.) by extensions ['python_setup_py']
[10.613s] Level 1:colcon.colcon_core.package_identification:_identify(.) by extension 'python_setup_py'
[10.614s] Level 1:colcon.colcon_core.package_identification:_identify(build) by extensions ['ignore', 'ignore_ament_install']
[10.615s] Level 1:colcon.colcon_core.package_identification:_identify(build) by extension 'ignore'
[10.615s] Level 1:colcon.colcon_core.package_identification:_identify(build) ignored
[10.616s] Level 1:colcon.colcon_core.package_identification:_identify(devel) by extensions ['ignore', 'ignore_ament_install']
[10.616s] Level 1:colcon.colcon_core.package_identification:_identify(devel) by extension 'ignore'
[10.617s] Level 1:colcon.colcon_core.package_identification:_identify(devel) by extension 'ignore_ament_install'
[10.617s] Level 1:colcon.colcon_core.package_identification:_identify(devel) by extensions ['colcon_pkg']
[10.617s] Level 1:colcon.colcon_core.package_identification:_identify(devel) by extension 'colcon_pkg'
[10.618s] Level 1:colcon.colcon_core.package_identification:_identify(devel) by extensions ['colcon_meta']
[10.618s] Level 1:colcon.colcon_core.package_identification:_identify(devel) by extension 'colcon_meta'
[10.618s] Level 1:colcon.colcon_core.package_identification:_identify(devel) by extensions ['ros']
[10.618s] Level 1:colcon.colcon_core.package_identification:_identify(devel) by extension 'ros'
[10.619s] Level 1:colcon.colcon_core.package_identification:_identify(devel) by extensions ['cmake', 'python']
[10.619s] Level 1:colcon.colcon_core.package_identification:_identify(devel) by extension 'cmake'
[10.619s] Level 1:colcon.colcon_core.package_identification:_identify(devel) by extension 'python'
[10.619s] Level 1:colcon.colcon_core.package_identification:_identify(devel) by extensions ['python_setup_py']
[10.619s] Level 1:colcon.colcon_core.package_identification:_identify(devel) by extension 'python_setup_py'
[10.620s] Level 1:colcon.colcon_core.package_identification:_identify(install) by extensions ['ignore', 'ignore_ament_install']
[10.620s] Level 1:colcon.colcon_core.package_identification:_identify(install) by extension 'ignore'
[10.620s] Level 1:colcon.colcon_core.package_identification:_identify(install) ignored
[10.622s] Level 1:colcon.colcon_core.package_identification:_identify(log) by extensions ['ignore', 'ignore_ament_install']
[10.622s] Level 1:colcon.colcon_core.package_identification:_identify(log) by extension 'ignore'
[10.622s] Level 1:colcon.colcon_core.package_identification:_identify(log) ignored
[10.623s] Level 1:colcon.colcon_core.package_identification:_identify(logs) by extensions ['ignore', 'ignore_ament_install']
[10.623s] Level 1:colcon.colcon_core.package_identification:_identify(logs) by extension 'ignore'
[10.623s] Level 1:colcon.colcon_core.package_identification:_identify(logs) by extension 'ignore_ament_install'
[10.623s] Level 1:colcon.colcon_core.package_identification:_identify(logs) by extensions ['colcon_pkg']
[10.624s] Level 1:colcon.colcon_core.package_identification:_identify(logs) by extension 'colcon_pkg'
[10.624s] Level 1:colcon.colcon_core.package_identification:_identify(logs) by extensions ['colcon_meta']
[10.624s] Level 1:colcon.colcon_core.package_identification:_identify(logs) by extension 'colcon_meta'
[10.624s] Level 1:colcon.colcon_core.package_identification:_identify(logs) by extensions ['ros']
[10.624s] Level 1:colcon.colcon_core.package_identification:_identify(logs) by extension 'ros'
[10.625s] Level 1:colcon.colcon_core.package_identification:_identify(logs) by extensions ['cmake', 'python']
[10.625s] Level 1:colcon.colcon_core.package_identification:_identify(logs) by extension 'cmake'
[10.625s] Level 1:colcon.colcon_core.package_identification:_identify(logs) by extension 'python'
[10.625s] Level 1:colcon.colcon_core.package_identification:_identify(logs) by extensions ['python_setup_py']
[10.626s] Level 1:colcon.colcon_core.package_identification:_identify(logs) by extension 'python_setup_py'
[10.626s] Level 1:colcon.colcon_core.package_identification:_identify(src) by extensions ['ignore', 'ignore_ament_install']
[10.626s] Level 1:colcon.colcon_core.package_identification:_identify(src) by extension 'ignore'
[10.627s] Level 1:colcon.colcon_core.package_identification:_identify(src) by extension 'ignore_ament_install'
[10.627s] Level 1:colcon.colcon_core.package_identification:_identify(src) by extensions ['colcon_pkg']
[10.627s] Level 1:colcon.colcon_core.package_identification:_identify(src) by extension 'colcon_pkg'
[10.627s] Level 1:colcon.colcon_core.package_identification:_identify(src) by extensions ['colcon_meta']
[10.627s] Level 1:colcon.colcon_core.package_identification:_identify(src) by extension 'colcon_meta'
[10.628s] Level 1:colcon.colcon_core.package_identification:_identify(src) by extensions ['ros']
[10.628s] Level 1:colcon.colcon_core.package_identification:_identify(src) by extension 'ros'
[10.628s] Level 1:colcon.colcon_core.package_identification:_identify(src) by extensions ['cmake', 'python']
[10.629s] Level 1:colcon.colcon_core.package_identification:_identify(src) by extension 'cmake'
[10.629s] Level 1:colcon.colcon_core.package_identification:_identify(src) by extension 'python'
[10.629s] Level 1:colcon.colcon_core.package_identification:_identify(src) by extensions ['python_setup_py']
[10.629s] Level 1:colcon.colcon_core.package_identification:_identify(src) by extension 'python_setup_py'
[10.630s] Level 1:colcon.colcon_core.package_identification:_identify(src/agv_gui) by extensions ['ignore', 'ignore_ament_install']
[10.630s] Level 1:colcon.colcon_core.package_identification:_identify(src/agv_gui) by extension 'ignore'
[10.630s] Level 1:colcon.colcon_core.package_identification:_identify(src/agv_gui) by extension 'ignore_ament_install'
[10.631s] Level 1:colcon.colcon_core.package_identification:_identify(src/agv_gui) by extensions ['colcon_pkg']
[10.631s] Level 1:colcon.colcon_core.package_identification:_identify(src/agv_gui) by extension 'colcon_pkg'
[10.631s] Level 1:colcon.colcon_core.package_identification:_identify(src/agv_gui) by extensions ['colcon_meta']
[10.631s] Level 1:colcon.colcon_core.package_identification:_identify(src/agv_gui) by extension 'colcon_meta'
[10.631s] Level 1:colcon.colcon_core.package_identification:_identify(src/agv_gui) by extensions ['ros']
[10.632s] Level 1:colcon.colcon_core.package_identification:_identify(src/agv_gui) by extension 'ros'
[10.645s] DEBUG:colcon.colcon_core.package_identification:Package 'src/agv_gui' with type 'ros.ament_cmake' and name 'agv_gui'
[10.645s] Level 1:colcon.colcon_core.package_discovery:discover_packages(recursive) using defaults
[10.646s] Level 1:colcon.colcon_core.package_discovery:discover_packages(ignore) discover
[10.646s] Level 1:colcon.colcon_core.package_discovery:discover_packages(ignore) using defaults
[10.646s] Level 1:colcon.colcon_core.package_discovery:discover_packages(path) discover
[10.646s] Level 1:colcon.colcon_core.package_discovery:discover_packages(path) using defaults
[11.536s] Level 1:colcon.colcon_core.package_discovery:discover_packages(prefix_path) check parameters
[11.536s] Level 1:colcon.colcon_core.package_discovery:discover_packages(prefix_path) discover
[11.864s] DEBUG:colcon.colcon_installed_package_information.package_discovery:Found 1 installed packages in /home/colin/agv_gui/install
[12.035s] DEBUG:colcon.colcon_installed_package_information.package_discovery:Found 268 installed packages in /opt/ros/galactic
[12.043s] Level 1:colcon.colcon_core.package_discovery:discover_packages(prefix_path) using defaults
[12.804s] Level 5:colcon.colcon_core.verb:set package 'agv_gui' build argument 'cmake_args' from command line to 'None'
[12.805s] Level 5:colcon.colcon_core.verb:set package 'agv_gui' build argument 'cmake_target' from command line to 'None'
[12.805s] Level 5:colcon.colcon_core.verb:set package 'agv_gui' build argument 'cmake_target_skip_unavailable' from command line to 'False'
[12.805s] Level 5:colcon.colcon_core.verb:set package 'agv_gui' build argument 'cmake_clean_cache' from command line to 'False'
[12.806s] Level 5:colcon.colcon_core.verb:set package 'agv_gui' build argument 'cmake_clean_first' from command line to 'False'
[12.806s] Level 5:colcon.colcon_core.verb:set package 'agv_gui' build argument 'cmake_force_configure' from command line to 'False'
[12.806s] Level 5:colcon.colcon_core.verb:set package 'agv_gui' build argument 'ament_cmake_args' from command line to 'None'
[12.806s] Level 5:colcon.colcon_core.verb:set package 'agv_gui' build argument 'catkin_cmake_args' from command line to 'None'
[12.806s] Level 5:colcon.colcon_core.verb:set package 'agv_gui' build argument 'catkin_skip_building_tests' from command line to 'False'
[12.807s] DEBUG:colcon.colcon_core.verb:Building package 'agv_gui' with the following arguments: {'ament_cmake_args': None, 'build_base': '/home/colin/agv_gui/build/agv_gui', 'catkin_cmake_args': None, 'catkin_skip_building_tests': False, 'cmake_args': None, 'cmake_clean_cache': False, 'cmake_clean_first': False, 'cmake_force_configure': False, 'cmake_target': None, 'cmake_target_skip_unavailable': False, 'install_base': '/home/colin/agv_gui/install/agv_gui', 'merge_install': False, 'path': '/home/colin/agv_gui/src/agv_gui', 'symlink_install': False, 'test_result_base': None}
[12.969s] INFO:colcon.colcon_core.executor:Executing jobs using 'parallel' executor
[13.133s] DEBUG:colcon.colcon_parallel_executor.executor.parallel:run_until_complete
[13.134s] INFO:colcon.colcon_ros.task.ament_cmake.build:Building ROS package in '/home/colin/agv_gui/src/agv_gui' with build type 'ament_cmake'
[13.135s] INFO:colcon.colcon_cmake.task.cmake.build:Building CMake package in '/home/colin/agv_gui/src/agv_gui'
[13.310s] INFO:colcon.colcon_core.plugin_system:Skipping extension 'colcon_core.shell.bat': Not used on non-Windows systems
[13.311s] INFO:colcon.colcon_core.shell:Skip shell extension 'powershell' for command environment: Not usable outside of PowerShell
[13.312s] DEBUG:colcon.colcon_core.shell:Skip shell extension 'dsv' for command environment
[13.884s] DEBUG:colcon.colcon_core.event_handler.log_command:Invoking command in '/home/colin/agv_gui/build/agv_gui': CMAKE_PREFIX_PATH=${CMAKE_PREFIX_PATH}:/opt/ros/galactic /usr/bin/cmake --build /home/colin/agv_gui/build/agv_gui -- -j6 -l6
[34.827s] DEBUG:colcon.colcon_core.event_handler.log_command:Invoked command in '/home/colin/agv_gui/build/agv_gui' returned '0': CMAKE_PREFIX_PATH=${CMAKE_PREFIX_PATH}:/opt/ros/galactic /usr/bin/cmake --build /home/colin/agv_gui/build/agv_gui -- -j6 -l6
[35.096s] DEBUG:colcon.colcon_core.event_handler.log_command:Invoking command in '/home/colin/agv_gui/build/agv_gui': CMAKE_PREFIX_PATH=${CMAKE_PREFIX_PATH}:/opt/ros/galactic /usr/bin/cmake --install /home/colin/agv_gui/build/agv_gui
[35.186s] Level 1:colcon.colcon_core.environment:create_environment_scripts_only(agv_gui)
[35.189s] DEBUG:colcon.colcon_core.event_handler.log_command:Invoked command in '/home/colin/agv_gui/build/agv_gui' returned '0': CMAKE_PREFIX_PATH=${CMAKE_PREFIX_PATH}:/opt/ros/galactic /usr/bin/cmake --install /home/colin/agv_gui/build/agv_gui
[35.392s] Level 1:colcon.colcon_core.environment:checking '/home/colin/agv_gui/install/agv_gui' for CMake module files
[35.396s] Level 1:colcon.colcon_core.environment:checking '/home/colin/agv_gui/install/agv_gui' for CMake config files
[35.397s] Level 1:colcon.colcon_core.shell:create_environment_hook('agv_gui', 'cmake_prefix_path')
[35.567s] INFO:colcon.colcon_core.shell:Creating environment hook '/home/colin/agv_gui/install/agv_gui/share/agv_gui/hook/cmake_prefix_path.ps1'
[35.571s] INFO:colcon.colcon_core.shell:Creating environment descriptor '/home/colin/agv_gui/install/agv_gui/share/agv_gui/hook/cmake_prefix_path.dsv'
[35.573s] INFO:colcon.colcon_core.shell:Creating environment hook '/home/colin/agv_gui/install/agv_gui/share/agv_gui/hook/cmake_prefix_path.sh'
[35.579s] Level 1:colcon.colcon_core.environment:checking '/home/colin/agv_gui/install/agv_gui/lib'
[35.580s] Level 1:colcon.colcon_core.environment:checking '/home/colin/agv_gui/install/agv_gui/bin'
[35.580s] Level 1:colcon.colcon_core.environment:checking '/home/colin/agv_gui/install/agv_gui/lib/pkgconfig/agv_gui.pc'
[35.582s] Level 1:colcon.colcon_core.environment:checking '/home/colin/agv_gui/install/agv_gui/lib/python3.8/site-packages'
[35.583s] Level 1:colcon.colcon_core.environment:checking '/home/colin/agv_gui/install/agv_gui/bin'
[35.751s] INFO:colcon.colcon_core.shell:Creating package script '/home/colin/agv_gui/install/agv_gui/share/agv_gui/package.ps1'
[35.755s] INFO:colcon.colcon_core.shell:Creating package descriptor '/home/colin/agv_gui/install/agv_gui/share/agv_gui/package.dsv'
[35.758s] INFO:colcon.colcon_core.shell:Creating package script '/home/colin/agv_gui/install/agv_gui/share/agv_gui/package.sh'
[35.761s] INFO:colcon.colcon_core.shell:Creating package script '/home/colin/agv_gui/install/agv_gui/share/agv_gui/package.bash'
[35.764s] INFO:colcon.colcon_core.shell:Creating package script '/home/colin/agv_gui/install/agv_gui/share/agv_gui/package.zsh'
[35.767s] Level 1:colcon.colcon_core.environment:create_file_with_runtime_dependencies(/home/colin/agv_gui/install/agv_gui/share/colcon-core/packages/agv_gui)
[36.147s] Level 1:colcon.colcon_core.environment:create_environment_scripts_only(agv_gui)
[36.318s] Level 1:colcon.colcon_core.environment:checking '/home/colin/agv_gui/install/agv_gui' for CMake module files
[36.321s] Level 1:colcon.colcon_core.environment:checking '/home/colin/agv_gui/install/agv_gui' for CMake config files
[36.323s] Level 1:colcon.colcon_core.shell:create_environment_hook('agv_gui', 'cmake_prefix_path')
[36.488s] INFO:colcon.colcon_core.shell:Creating environment hook '/home/colin/agv_gui/install/agv_gui/share/agv_gui/hook/cmake_prefix_path.ps1'
[36.491s] INFO:colcon.colcon_core.shell:Creating environment descriptor '/home/colin/agv_gui/install/agv_gui/share/agv_gui/hook/cmake_prefix_path.dsv'
[36.493s] INFO:colcon.colcon_core.shell:Creating environment hook '/home/colin/agv_gui/install/agv_gui/share/agv_gui/hook/cmake_prefix_path.sh'
[36.496s] Level 1:colcon.colcon_core.environment:checking '/home/colin/agv_gui/install/agv_gui/lib'
[36.496s] Level 1:colcon.colcon_core.environment:checking '/home/colin/agv_gui/install/agv_gui/bin'
[36.497s] Level 1:colcon.colcon_core.environment:checking '/home/colin/agv_gui/install/agv_gui/lib/pkgconfig/agv_gui.pc'
[36.498s] Level 1:colcon.colcon_core.environment:checking '/home/colin/agv_gui/install/agv_gui/lib/python3.8/site-packages'
[36.499s] Level 1:colcon.colcon_core.environment:checking '/home/colin/agv_gui/install/agv_gui/bin'
[36.669s] INFO:colcon.colcon_core.shell:Creating package script '/home/colin/agv_gui/install/agv_gui/share/agv_gui/package.ps1'
[36.672s] INFO:colcon.colcon_core.shell:Creating package descriptor '/home/colin/agv_gui/install/agv_gui/share/agv_gui/package.dsv'
[36.675s] INFO:colcon.colcon_core.shell:Creating package script '/home/colin/agv_gui/install/agv_gui/share/agv_gui/package.sh'
[36.677s] INFO:colcon.colcon_core.shell:Creating package script '/home/colin/agv_gui/install/agv_gui/share/agv_gui/package.bash'
[36.679s] INFO:colcon.colcon_core.shell:Creating package script '/home/colin/agv_gui/install/agv_gui/share/agv_gui/package.zsh'
[36.681s] Level 1:colcon.colcon_core.environment:create_file_with_runtime_dependencies(/home/colin/agv_gui/install/agv_gui/share/colcon-core/packages/agv_gui)
[36.683s] DEBUG:colcon.colcon_parallel_executor.executor.parallel:closing loop
[36.686s] DEBUG:colcon.colcon_parallel_executor.executor.parallel:loop closed
[36.686s] DEBUG:colcon.colcon_parallel_executor.executor.parallel:run_until_complete finished with '0'
[36.687s] DEBUG:colcon.colcon_core.event_reactor:joining thread
[36.883s] INFO:colcon.colcon_core.plugin_system:Skipping extension 'colcon_notification.desktop_notification.terminal_notifier': Not used on non-Darwin systems
[36.884s] INFO:colcon.colcon_core.plugin_system:Skipping extension 'colcon_notification.desktop_notification.win32': Not used on non-Windows systems
[36.884s] INFO:colcon.colcon_notification.desktop_notification:Sending desktop notification using 'notify2'
[36.974s] DEBUG:colcon.colcon_core.event_reactor:joined thread
[37.144s] INFO:colcon.colcon_core.shell:Creating prefix script '/home/colin/agv_gui/install/local_setup.ps1'
[37.148s] INFO:colcon.colcon_core.shell:Creating prefix util module '/home/colin/agv_gui/install/_local_setup_util_ps1.py'
[37.154s] INFO:colcon.colcon_core.shell:Creating prefix chain script '/home/colin/agv_gui/install/setup.ps1'
[37.324s] INFO:colcon.colcon_core.shell:Creating prefix script '/home/colin/agv_gui/install/local_setup.sh'
[37.327s] INFO:colcon.colcon_core.shell:Creating prefix util module '/home/colin/agv_gui/install/_local_setup_util_sh.py'
[37.329s] INFO:colcon.colcon_core.shell:Creating prefix chain script '/home/colin/agv_gui/install/setup.sh'
[37.500s] INFO:colcon.colcon_core.shell:Creating prefix script '/home/colin/agv_gui/install/local_setup.bash'
[37.502s] INFO:colcon.colcon_core.shell:Creating prefix chain script '/home/colin/agv_gui/install/setup.bash'
[37.670s] INFO:colcon.colcon_core.shell:Creating prefix script '/home/colin/agv_gui/install/local_setup.zsh'
[37.672s] INFO:colcon.colcon_core.shell:Creating prefix chain script '/home/colin/agv_gui/install/setup.zsh'
