[0.000000] (-) TimerEvent: {}
[0.001070] (agv_gui) JobQueued: {'identifier': 'agv_gui', 'dependencies': OrderedDict()}
[0.002225] (agv_gui) JobStarted: {'identifier': 'agv_gui'}
[0.071363] (agv_gui) JobProgress: {'identifier': 'agv_gui', 'progress': 'cmake'}
[0.076063] (agv_gui) Command: {'cmd': ['/usr/bin/cmake', '/home/amr_1/agv_gui/src/agv_gui', '-G', 'CodeBlocks - Unix Makefiles', '-DCMAKE_BUILD_TYPE=Debug', '-DCMAKE_INSTALL_PREFIX=/home/amr_1/agv_gui/install/agv_gui'], 'cwd': '/home/amr_1/agv_gui/build/agv_gui', 'env': OrderedDict([('GJS_DEBUG_TOPICS', 'JS ERROR;JS LOG'), ('SNAP_COMMON', '/var/snap/qtcreator-ros/common'), ('SNAP_INSTANCE_KEY', ''), ('USER', 'amr_1'), ('SSH_AGENT_PID', '1902'), ('XDG_SESSION_TYPE', 'x11'), ('LD_LIBRARY_PATH', '/opt/ros/foxy/opt/yaml_cpp_vendor/lib:/opt/ros/foxy/opt/rviz_ogre_vendor/lib:/opt/ros/foxy/lib/aarch64-linux-gnu:/opt/ros/foxy/lib:/snap/qtcreator-ros/85/lib:/snap/qtcreator-ros/85/usr/lib/aarch64-linux-gnu'), ('SHLVL', '4'), ('HOME', '/home/amr_1'), ('SNAP_LIBRARY_PATH', '/var/lib/snapd/lib/gl:/var/lib/snapd/lib/gl32:/var/lib/snapd/void'), ('DESKTOP_SESSION', 'ubuntu'), ('QTDIR', '/usr/lib/aarch64-linux-gnu/qt5'), ('SNAP_USER_DATA', '/home/amr_1/snap/qtcreator-ros/85'), ('GIO_LAUNCHED_DESKTOP_FILE', '/var/lib/snapd/desktop/applications/qtcreator-ros_qtcreator-ros.desktop'), ('GNOME_SHELL_SESSION_MODE', 'ubuntu'), ('GTK_MODULES', 'gail:atk-bridge'), ('ROS_PYTHON_VERSION', '3'), ('MANAGERPID', '1197'), ('DBUS_SESSION_BUS_ADDRESS', 'unix:path=/run/user/1000/bus'), ('GIO_LAUNCHED_DESKTOP_FILE_PID', '2960'), ('SNAP_REVISION', '85'), ('COLCON_PREFIX_PATH', '/home/amr_1/agv_gui/install'), ('IM_CONFIG_PHASE', '1'), ('ROS_DISTRO', 'foxy'), ('LOGNAME', 'amr_1'), ('JOURNAL_STREAM', '7:47868'), ('SNAP_CONTEXT', 'JMUNmlkXuymAoFLhect4Slt1Dx_kDivwLxrFtPEjqXLKM0mxrcr1'), ('_', '/usr/bin/env'), ('ROS_VERSION', '2'), ('SNAP_VERSION', '11.0.2'), ('XDG_SESSION_CLASS', 'user'), ('TERM', 'xterm'), ('USERNAME', 'amr_1'), ('GNOME_DESKTOP_SESSION_ID', 'this-is-deprecated'), ('ROS_LOCALHOST_ONLY', '0'), ('SNAP_INSTANCE_NAME', 'qtcreator-ros'), ('WINDOWPATH', '2'), ('PATH', '/opt/ros/foxy/bin:/home/amr_1/.local/bin:/usr/local/sbin:/usr/local/bin:/usr/sbin:/usr/bin:/sbin:/bin:/usr/games:/usr/local/games:/snap/bin'), ('INVOCATION_ID', 'ac71398117de44a2a8fa7b8aa4eb72f5'), ('SESSION_MANAGER', 'local/colins-jetson:@/tmp/.ICE-unix/1938,unix/colins-jetson:/tmp/.ICE-unix/1938'), ('BAMF_DESKTOP_FILE_HINT', '/var/lib/snapd/desktop/applications/qtcreator-ros_qtcreator-ros.desktop'), ('SNAP_DATA', '/var/snap/qtcreator-ros/85'), ('XDG_MENU_PREFIX', 'gnome-'), ('XDG_RUNTIME_DIR', '/run/user/1000'), ('DISPLAY', ':0'), ('LANG', 'en_US.UTF-8'), ('XDG_CURRENT_DESKTOP', 'ubuntu:GNOME'), ('XAUTHORITY', '/run/user/1000/gdm/Xauthority'), ('XDG_SESSION_DESKTOP', 'ubuntu'), ('XMODIFIERS', '@im=ibus'), ('AMENT_PREFIX_PATH', '/home/amr_1/agv_gui/install/agv_gui:/opt/ros/foxy'), ('SNAP_ARCH', 'arm64'), ('SNAP_COOKIE', 'JMUNmlkXuymAoFLhect4Slt1Dx_kDivwLxrFtPEjqXLKM0mxrcr1'), ('SNAP_USER_COMMON', '/home/amr_1/snap/qtcreator-ros/common'), ('SSH_AUTH_SOCK', '/run/user/1000/keyring/ssh'), ('SHELL', '/bin/bash'), ('GDMSESSION', 'ubuntu'), ('QT_ACCESSIBILITY', '1'), ('SNAP_REEXEC', ''), ('SNAP_NAME', 'qtcreator-ros'), ('GJS_DEBUG_OUTPUT', 'stderr'), ('GPG_AGENT_INFO', '/run/user/1000/gnupg/S.gpg-agent:0:1'), ('QT_IM_MODULE', 'ibus'), ('LC_ALL', 'en_US.UTF-8'), ('PWD', '/home/amr_1/agv_gui/build/agv_gui'), ('QT_QPA_PLATFORM', 'wayland;xcb'), ('SNAP_REAL_HOME', '/home/amr_1'), ('XDG_CONFIG_DIRS', '/etc/xdg/xdg-ubuntu:/etc/xdg'), ('XDG_DATA_DIRS', '/usr/share/ubuntu:/usr/local/share/:/usr/share/:/var/lib/snapd/desktop'), ('PYTHONPATH', '/opt/ros/foxy/lib/python3.8/site-packages'), ('SNAP', '/snap/qtcreator-ros/85'), ('COLCON', '1'), ('CMAKE_PREFIX_PATH', '/home/amr_1/agv_gui/install/agv_gui:/opt/ros/foxy'), ('LIBGL_DRIVERS_PATH', '/snap/qtcreator-ros/85/usr/lib/aarch64-linux-gnu/dri')]), 'shell': False}
[0.097079] (-) TimerEvent: {}
[0.172822] (agv_gui) StdoutLine: {'line': b'-- Found ament_cmake: 0.9.12 (/opt/ros/foxy/share/ament_cmake/cmake)\n'}
[0.197274] (-) TimerEvent: {}
[0.288672] (agv_gui) StdoutLine: {'line': b'-- Using PYTHON_EXECUTABLE: /usr/bin/python3\n'}
[0.297396] (-) TimerEvent: {}
[0.398076] (-) TimerEvent: {}
[0.498975] (-) TimerEvent: {}
[0.599722] (-) TimerEvent: {}
[0.700519] (-) TimerEvent: {}
[0.801403] (-) TimerEvent: {}
[0.902228] (-) TimerEvent: {}
[1.003098] (-) TimerEvent: {}
[1.104039] (-) TimerEvent: {}
[1.204943] (-) TimerEvent: {}
[1.280523] (agv_gui) StdoutLine: {'line': b'-- Found geometry_msgs: 2.0.5 (/opt/ros/foxy/share/geometry_msgs/cmake)\n'}
[1.305100] (-) TimerEvent: {}
[1.406051] (-) TimerEvent: {}
[1.468083] (agv_gui) StdoutLine: {'line': b'-- Using all available rosidl_typesupport_c: rosidl_typesupport_fastrtps_c;rosidl_typesupport_introspection_c\n'}
[1.506304] (-) TimerEvent: {}
[1.512699] (agv_gui) StdoutLine: {'line': b'-- Found rosidl_adapter: 1.3.1 (/opt/ros/foxy/share/rosidl_adapter/cmake)\n'}
[1.606519] (-) TimerEvent: {}
[1.707391] (-) TimerEvent: {}
[1.808348] (-) TimerEvent: {}
[1.909349] (-) TimerEvent: {}
[2.010435] (-) TimerEvent: {}
[2.034571] (agv_gui) StdoutLine: {'line': b'-- Found OpenSSL: /usr/lib/aarch64-linux-gnu/libcrypto.so (found version "1.1.1f")  \n'}
[2.110668] (-) TimerEvent: {}
[2.185400] (agv_gui) StdoutLine: {'line': b'-- Found FastRTPS: /opt/ros/foxy/include  \n'}
[2.210875] (-) TimerEvent: {}
[2.311834] (-) TimerEvent: {}
[2.412858] (-) TimerEvent: {}
[2.513854] (-) TimerEvent: {}
[2.614809] (-) TimerEvent: {}
[2.640359] (agv_gui) StdoutLine: {'line': b'-- Using all available rosidl_typesupport_cpp: rosidl_typesupport_fastrtps_cpp;rosidl_typesupport_introspection_cpp\n'}
[2.715061] (-) TimerEvent: {}
[2.816051] (-) TimerEvent: {}
[2.917106] (-) TimerEvent: {}
[3.018103] (-) TimerEvent: {}
[3.119037] (-) TimerEvent: {}
[3.138216] (agv_gui) StdoutLine: {'line': b'-- Found rclcpp: 2.4.3 (/opt/ros/foxy/share/rclcpp/cmake)\n'}
[3.219273] (-) TimerEvent: {}
[3.320216] (-) TimerEvent: {}
[3.379902] (agv_gui) StdoutLine: {'line': b'-- Found rmw_implementation_cmake: 1.0.4 (/opt/ros/foxy/share/rmw_implementation_cmake/cmake)\n'}
[3.388431] (agv_gui) StdoutLine: {'line': b"-- Using RMW implementation 'rmw_fastrtps_cpp' as default\n"}
[3.394169] (agv_gui) StdoutLine: {'line': b'-- Looking for pthread.h\n'}
[3.420416] (-) TimerEvent: {}
[3.521419] (-) TimerEvent: {}
[3.622410] (-) TimerEvent: {}
[3.723404] (-) TimerEvent: {}
[3.824396] (-) TimerEvent: {}
[3.863738] (agv_gui) StdoutLine: {'line': b'-- Looking for pthread.h - found\n'}
[3.865055] (agv_gui) StdoutLine: {'line': b'-- Performing Test CMAKE_HAVE_LIBC_PTHREAD\n'}
[3.924616] (-) TimerEvent: {}
[4.025544] (-) TimerEvent: {}
[4.126491] (-) TimerEvent: {}
[4.227351] (-) TimerEvent: {}
[4.317501] (agv_gui) StdoutLine: {'line': b'-- Performing Test CMAKE_HAVE_LIBC_PTHREAD - Failed\n'}
[4.319132] (agv_gui) StdoutLine: {'line': b'-- Looking for pthread_create in pthreads\n'}
[4.327467] (-) TimerEvent: {}
[4.428211] (-) TimerEvent: {}
[4.529226] (-) TimerEvent: {}
[4.630139] (-) TimerEvent: {}
[4.688158] (agv_gui) StdoutLine: {'line': b'-- Looking for pthread_create in pthreads - not found\n'}
[4.689043] (agv_gui) StdoutLine: {'line': b'-- Looking for pthread_create in pthread\n'}
[4.730342] (-) TimerEvent: {}
[4.831330] (-) TimerEvent: {}
[4.932295] (-) TimerEvent: {}
[5.033354] (-) TimerEvent: {}
[5.116629] (agv_gui) StdoutLine: {'line': b'-- Looking for pthread_create in pthread - found\n'}
[5.123247] (agv_gui) StdoutLine: {'line': b'-- Found Threads: TRUE  \n'}
[5.133539] (-) TimerEvent: {}
[5.234479] (-) TimerEvent: {}
[5.335474] (-) TimerEvent: {}
[5.436434] (-) TimerEvent: {}
[5.537546] (-) TimerEvent: {}
[5.638507] (-) TimerEvent: {}
[5.739473] (-) TimerEvent: {}
[5.837264] (agv_gui) StdoutLine: {'line': b'-- Found rclcpp_components: 2.4.3 (/opt/ros/foxy/share/rclcpp_components/cmake)\n'}
[5.839643] (-) TimerEvent: {}
[5.940399] (-) TimerEvent: {}
[6.041472] (-) TimerEvent: {}
[6.136494] (agv_gui) StdoutLine: {'line': b'-- Found rviz_common: 8.2.8 (/opt/ros/foxy/share/rviz_common/cmake)\n'}
[6.141674] (-) TimerEvent: {}
[6.232808] (agv_gui) StdoutLine: {'line': b"-- Setting OGRE_DIR to: '/opt/ros/foxy/share/rviz_ogre_vendor/cmake/../../../opt/rviz_ogre_vendor/lib/OGRE/cmake'\n"}
[6.241847] (-) TimerEvent: {}
[6.247761] (agv_gui) StdoutLine: {'line': b'-- Found OGRE\n'}
[6.248406] (agv_gui) StdoutLine: {'line': b'--   static     : OFF\n'}
[6.248907] (agv_gui) StdoutLine: {'line': b'--   components : HLMS;MeshLodGenerator;Overlay;Paging;Property;RTShaderSystem;Terrain;Volume\n'}
[6.249979] (agv_gui) StdoutLine: {'line': b'--   plugins    : Plugin_BSPSceneManager;Plugin_OctreeSceneManager;Plugin_PCZSceneManager;Plugin_ParticleFX;RenderSystem_GL;RenderSystem_GL3Plus;Codec_STBI\n'}
[6.250486] (agv_gui) StdoutLine: {'line': b'--   media      : /opt/ros/foxy/opt/rviz_ogre_vendor/share/OGRE/Media\n'}
[6.250881] (agv_gui) StdoutLine: {'line': b'-- OGRE_LIBRARIES: OgreHLMS;OgreMeshLodGenerator;OgreOverlay;OgrePaging;OgreProperty;OgreRTShaderSystem;OgreTerrain;OgreVolume;OgreMain\n'}
[6.251808] (agv_gui) StdoutLine: {'line': b'-- OGRE_LIBRARY_DIRS: /opt/ros/foxy/opt/rviz_ogre_vendor/lib\n'}
[6.252289] (agv_gui) StdoutLine: {'line': b'-- OGRE_PLUGINS: Plugin_BSPSceneManager;Plugin_OctreeSceneManager;Plugin_PCZSceneManager;Plugin_ParticleFX;RenderSystem_GL;RenderSystem_GL3Plus;Codec_STBI\n'}
[6.252690] (agv_gui) StdoutLine: {'line': b'-- OGRE_PLUGIN_DIR: /opt/ros/foxy/opt/rviz_ogre_vendor/lib/OGRE\n'}
[6.253150] (agv_gui) StdoutLine: {'line': b'-- rviz_ogre_vendor::OgreOverlay for IMPORTED_LOCATION_RELEASE: /opt/ros/foxy/opt/rviz_ogre_vendor/lib/libOgreOverlay.so\n'}
[6.253542] (agv_gui) StdoutLine: {'line': b'-- rviz_ogre_vendor::OgreOverlay for IMPORTED_LOCATION_DEBUG: /opt/ros/foxy/opt/rviz_ogre_vendor/lib/libOgreOverlay.so\n'}
[6.253948] (agv_gui) StdoutLine: {'line': b'-- rviz_ogre_vendor::OgreMain for IMPORTED_LOCATION_RELEASE: /opt/ros/foxy/opt/rviz_ogre_vendor/lib/libOgreMain.so\n'}
[6.254327] (agv_gui) StdoutLine: {'line': b'-- rviz_ogre_vendor::OgreMain for IMPORTED_LOCATION_DEBUG: /opt/ros/foxy/opt/rviz_ogre_vendor/lib/libOgreMain.so\n'}
[6.258056] (agv_gui) StdoutLine: {'line': b'-- Could not find freeimage library\n'}
[6.342133] (-) TimerEvent: {}
[6.351991] (agv_gui) StdoutLine: {'line': b'-- Found ZLIB: /usr/lib/aarch64-linux-gnu/libz.so (found version "1.2.11") \n'}
[6.378497] (agv_gui) StdoutLine: {'line': b'-- Found OpenGL: /usr/lib/aarch64-linux-gnu/libOpenGL.so   \n'}
[6.442376] (-) TimerEvent: {}
[6.543397] (-) TimerEvent: {}
[6.644312] (-) TimerEvent: {}
[6.745324] (-) TimerEvent: {}
[6.846205] (-) TimerEvent: {}
[6.946473] (agv_gui) StdoutLine: {'line': b'-- Found X11: /usr/include   \n'}
[6.947315] (-) TimerEvent: {}
[6.948179] (agv_gui) StdoutLine: {'line': b'-- Looking for XOpenDisplay in /usr/lib/aarch64-linux-gnu/libX11.so;/usr/lib/aarch64-linux-gnu/libXext.so\n'}
[7.047637] (-) TimerEvent: {}
[7.148652] (-) TimerEvent: {}
[7.249718] (-) TimerEvent: {}
[7.350713] (-) TimerEvent: {}
[7.397878] (agv_gui) StdoutLine: {'line': b'-- Looking for XOpenDisplay in /usr/lib/aarch64-linux-gnu/libX11.so;/usr/lib/aarch64-linux-gnu/libXext.so - found\n'}
[7.399108] (agv_gui) StdoutLine: {'line': b'-- Looking for gethostbyname\n'}
[7.451604] (-) TimerEvent: {}
[7.552578] (-) TimerEvent: {}
[7.653626] (-) TimerEvent: {}
[7.754549] (-) TimerEvent: {}
[7.805813] (agv_gui) StdoutLine: {'line': b'-- Looking for gethostbyname - found\n'}
[7.806944] (agv_gui) StdoutLine: {'line': b'-- Looking for connect\n'}
[7.854750] (-) TimerEvent: {}
[7.955678] (-) TimerEvent: {}
[8.056661] (-) TimerEvent: {}
[8.157707] (-) TimerEvent: {}
[8.218603] (agv_gui) StdoutLine: {'line': b'-- Looking for connect - found\n'}
[8.219790] (agv_gui) StdoutLine: {'line': b'-- Looking for remove\n'}
[8.257932] (-) TimerEvent: {}
[8.358797] (-) TimerEvent: {}
[8.459817] (-) TimerEvent: {}
[8.560985] (-) TimerEvent: {}
[8.630929] (agv_gui) StdoutLine: {'line': b'-- Looking for remove - found\n'}
[8.632131] (agv_gui) StdoutLine: {'line': b'-- Looking for shmat\n'}
[8.660949] (-) TimerEvent: {}
[8.761875] (-) TimerEvent: {}
[8.862895] (-) TimerEvent: {}
[8.963927] (-) TimerEvent: {}
[9.048643] (agv_gui) StdoutLine: {'line': b'-- Looking for shmat - found\n'}
[9.050631] (agv_gui) StdoutLine: {'line': b'-- Looking for IceConnectionNumber in ICE\n'}
[9.064108] (-) TimerEvent: {}
[9.165106] (-) TimerEvent: {}
[9.266062] (-) TimerEvent: {}
[9.367044] (-) TimerEvent: {}
[9.468049] (-) TimerEvent: {}
[9.485038] (agv_gui) StdoutLine: {'line': b'-- Looking for IceConnectionNumber in ICE - found\n'}
[9.500874] (agv_gui) StdoutLine: {'line': b'-- rviz_ogre_vendor::RenderSystem_GL for IMPORTED_LOCATION_RELEASE: _render_system_gl_static_library_abs-NOTFOUND\n'}
[9.501735] (agv_gui) StdoutLine: {'line': b'-- rviz_ogre_vendor::RenderSystem_GL for IMPORTED_LOCATION_DEBUG: _render_system_gl_static_library_abs-NOTFOUND\n'}
[9.529595] (agv_gui) StdoutLine: {'line': b'-- library: libassimp.so.5\n'}
[9.568246] (-) TimerEvent: {}
[9.669229] (-) TimerEvent: {}
[9.770214] (-) TimerEvent: {}
[9.871236] (-) TimerEvent: {}
[9.972328] (-) TimerEvent: {}
[10.051991] (agv_gui) StdoutLine: {'line': b'-- library: /usr/lib/aarch64-linux-gnu/libcurl.so\n'}
[10.072479] (-) TimerEvent: {}
[10.173287] (-) TimerEvent: {}
[10.274022] (-) TimerEvent: {}
[10.374820] (-) TimerEvent: {}
[10.475696] (-) TimerEvent: {}
[10.576707] (-) TimerEvent: {}
[10.677659] (-) TimerEvent: {}
[10.741001] (agv_gui) StdoutLine: {'line': b'-- Found Eigen3: TRUE (found version "3.3.7") \n'}
[10.777893] (-) TimerEvent: {}
[10.878930] (-) TimerEvent: {}
[10.979947] (-) TimerEvent: {}
[11.080950] (-) TimerEvent: {}
[11.181863] (-) TimerEvent: {}
[11.282801] (-) TimerEvent: {}
[11.383797] (-) TimerEvent: {}
[11.484839] (-) TimerEvent: {}
[11.585784] (-) TimerEvent: {}
[11.686697] (-) TimerEvent: {}
[11.787704] (-) TimerEvent: {}
[11.888703] (-) TimerEvent: {}
[11.989659] (-) TimerEvent: {}
[12.090613] (-) TimerEvent: {}
[12.191537] (-) TimerEvent: {}
[12.292457] (-) TimerEvent: {}
[12.340605] (agv_gui) StdoutLine: {'line': b"-- Setting yaml-cpp_DIR to: '/opt/ros/foxy/share/yaml_cpp_vendor/cmake/../../../opt/yaml_cpp_vendor/lib/cmake/yaml-cpp'\n"}
[12.362517] (agv_gui) StdoutLine: {'line': b'-- Found rviz_default_plugins: 8.2.8 (/opt/ros/foxy/share/rviz_default_plugins/cmake)\n'}
[12.392673] (-) TimerEvent: {}
[12.493757] (-) TimerEvent: {}
[12.594858] (-) TimerEvent: {}
[12.695779] (-) TimerEvent: {}
[12.796700] (-) TimerEvent: {}
[12.897748] (-) TimerEvent: {}
[12.998573] (-) TimerEvent: {}
[13.099639] (-) TimerEvent: {}
[13.200671] (-) TimerEvent: {}
[13.301782] (-) TimerEvent: {}
[13.402740] (-) TimerEvent: {}
[13.503688] (-) TimerEvent: {}
[13.604707] (-) TimerEvent: {}
[13.705664] (-) TimerEvent: {}
[13.806506] (-) TimerEvent: {}
[13.907378] (-) TimerEvent: {}
[14.008344] (-) TimerEvent: {}
[14.109472] (-) TimerEvent: {}
[14.210645] (-) TimerEvent: {}
[14.311650] (-) TimerEvent: {}
[14.356322] (agv_gui) StdoutLine: {'line': b'-- Found std_srvs: 2.0.5 (/opt/ros/foxy/share/std_srvs/cmake)\n'}
[14.411858] (-) TimerEvent: {}
[14.440787] (agv_gui) StdoutLine: {'line': b'-- Found tf2_eigen: 0.13.14 (/opt/ros/foxy/share/tf2_eigen/cmake)\n'}
[14.512039] (-) TimerEvent: {}
[14.612915] (-) TimerEvent: {}
[14.713776] (-) TimerEvent: {}
[14.786539] (agv_gui) StdoutLine: {'line': b'-- Configuring done\n'}
[14.814000] (-) TimerEvent: {}
[14.914958] (-) TimerEvent: {}
[15.016072] (-) TimerEvent: {}
[15.117110] (-) TimerEvent: {}
[15.160320] (agv_gui) StdoutLine: {'line': b'-- Generating done\n'}
[15.174327] (agv_gui) StdoutLine: {'line': b'-- Build files have been written to: /home/amr_1/agv_gui/build/agv_gui\n'}
[15.217359] (-) TimerEvent: {}
[15.232504] (agv_gui) CommandEnded: {'returncode': 0}
[15.241513] (agv_gui) JobProgress: {'identifier': 'agv_gui', 'progress': 'build'}
[15.241749] (agv_gui) Command: {'cmd': ['/usr/bin/cmake', '--build', '/home/amr_1/agv_gui/build/agv_gui', '--', '-j6', '-l6'], 'cwd': '/home/amr_1/agv_gui/build/agv_gui', 'env': OrderedDict([('GJS_DEBUG_TOPICS', 'JS ERROR;JS LOG'), ('SNAP_COMMON', '/var/snap/qtcreator-ros/common'), ('SNAP_INSTANCE_KEY', ''), ('USER', 'amr_1'), ('SSH_AGENT_PID', '1902'), ('XDG_SESSION_TYPE', 'x11'), ('LD_LIBRARY_PATH', '/opt/ros/foxy/opt/yaml_cpp_vendor/lib:/opt/ros/foxy/opt/rviz_ogre_vendor/lib:/opt/ros/foxy/lib/aarch64-linux-gnu:/opt/ros/foxy/lib:/snap/qtcreator-ros/85/lib:/snap/qtcreator-ros/85/usr/lib/aarch64-linux-gnu'), ('SHLVL', '4'), ('HOME', '/home/amr_1'), ('SNAP_LIBRARY_PATH', '/var/lib/snapd/lib/gl:/var/lib/snapd/lib/gl32:/var/lib/snapd/void'), ('DESKTOP_SESSION', 'ubuntu'), ('QTDIR', '/usr/lib/aarch64-linux-gnu/qt5'), ('SNAP_USER_DATA', '/home/amr_1/snap/qtcreator-ros/85'), ('GIO_LAUNCHED_DESKTOP_FILE', '/var/lib/snapd/desktop/applications/qtcreator-ros_qtcreator-ros.desktop'), ('GNOME_SHELL_SESSION_MODE', 'ubuntu'), ('GTK_MODULES', 'gail:atk-bridge'), ('ROS_PYTHON_VERSION', '3'), ('MANAGERPID', '1197'), ('DBUS_SESSION_BUS_ADDRESS', 'unix:path=/run/user/1000/bus'), ('GIO_LAUNCHED_DESKTOP_FILE_PID', '2960'), ('SNAP_REVISION', '85'), ('COLCON_PREFIX_PATH', '/home/amr_1/agv_gui/install'), ('IM_CONFIG_PHASE', '1'), ('ROS_DISTRO', 'foxy'), ('LOGNAME', 'amr_1'), ('JOURNAL_STREAM', '7:47868'), ('SNAP_CONTEXT', 'JMUNmlkXuymAoFLhect4Slt1Dx_kDivwLxrFtPEjqXLKM0mxrcr1'), ('_', '/usr/bin/env'), ('ROS_VERSION', '2'), ('SNAP_VERSION', '11.0.2'), ('XDG_SESSION_CLASS', 'user'), ('TERM', 'xterm'), ('USERNAME', 'amr_1'), ('GNOME_DESKTOP_SESSION_ID', 'this-is-deprecated'), ('ROS_LOCALHOST_ONLY', '0'), ('SNAP_INSTANCE_NAME', 'qtcreator-ros'), ('WINDOWPATH', '2'), ('PATH', '/opt/ros/foxy/bin:/home/amr_1/.local/bin:/usr/local/sbin:/usr/local/bin:/usr/sbin:/usr/bin:/sbin:/bin:/usr/games:/usr/local/games:/snap/bin'), ('INVOCATION_ID', 'ac71398117de44a2a8fa7b8aa4eb72f5'), ('SESSION_MANAGER', 'local/colins-jetson:@/tmp/.ICE-unix/1938,unix/colins-jetson:/tmp/.ICE-unix/1938'), ('BAMF_DESKTOP_FILE_HINT', '/var/lib/snapd/desktop/applications/qtcreator-ros_qtcreator-ros.desktop'), ('SNAP_DATA', '/var/snap/qtcreator-ros/85'), ('XDG_MENU_PREFIX', 'gnome-'), ('XDG_RUNTIME_DIR', '/run/user/1000'), ('DISPLAY', ':0'), ('LANG', 'en_US.UTF-8'), ('XDG_CURRENT_DESKTOP', 'ubuntu:GNOME'), ('XAUTHORITY', '/run/user/1000/gdm/Xauthority'), ('XDG_SESSION_DESKTOP', 'ubuntu'), ('XMODIFIERS', '@im=ibus'), ('AMENT_PREFIX_PATH', '/home/amr_1/agv_gui/install/agv_gui:/opt/ros/foxy'), ('SNAP_ARCH', 'arm64'), ('SNAP_COOKIE', 'JMUNmlkXuymAoFLhect4Slt1Dx_kDivwLxrFtPEjqXLKM0mxrcr1'), ('SNAP_USER_COMMON', '/home/amr_1/snap/qtcreator-ros/common'), ('SSH_AUTH_SOCK', '/run/user/1000/keyring/ssh'), ('SHELL', '/bin/bash'), ('GDMSESSION', 'ubuntu'), ('QT_ACCESSIBILITY', '1'), ('SNAP_REEXEC', ''), ('SNAP_NAME', 'qtcreator-ros'), ('GJS_DEBUG_OUTPUT', 'stderr'), ('GPG_AGENT_INFO', '/run/user/1000/gnupg/S.gpg-agent:0:1'), ('QT_IM_MODULE', 'ibus'), ('LC_ALL', 'en_US.UTF-8'), ('PWD', '/home/amr_1/agv_gui/build/agv_gui'), ('QT_QPA_PLATFORM', 'wayland;xcb'), ('SNAP_REAL_HOME', '/home/amr_1'), ('XDG_CONFIG_DIRS', '/etc/xdg/xdg-ubuntu:/etc/xdg'), ('XDG_DATA_DIRS', '/usr/share/ubuntu:/usr/local/share/:/usr/share/:/var/lib/snapd/desktop'), ('PYTHONPATH', '/opt/ros/foxy/lib/python3.8/site-packages'), ('SNAP', '/snap/qtcreator-ros/85'), ('COLCON', '1'), ('CMAKE_PREFIX_PATH', '/home/amr_1/agv_gui/install/agv_gui:/opt/ros/foxy'), ('LIBGL_DRIVERS_PATH', '/snap/qtcreator-ros/85/usr/lib/aarch64-linux-gnu/dri')]), 'shell': False}
[15.317871] (-) TimerEvent: {}
[15.419318] (-) TimerEvent: {}
[15.492923] (agv_gui) StdoutLine: {'line': b'Scanning dependencies of target agv_gui_autogen\n'}
[15.519554] (-) TimerEvent: {}
[15.548452] (agv_gui) StdoutLine: {'line': b'[ 20%] Automatic MOC and UIC for target agv_gui\n'}
[15.619802] (-) TimerEvent: {}
[15.720896] (-) TimerEvent: {}
[15.821825] (-) TimerEvent: {}
[15.922762] (-) TimerEvent: {}
[16.023681] (-) TimerEvent: {}
[16.124654] (-) TimerEvent: {}
[16.225724] (-) TimerEvent: {}
[16.326662] (-) TimerEvent: {}
[16.427608] (-) TimerEvent: {}
[16.528600] (-) TimerEvent: {}
[16.629612] (-) TimerEvent: {}
[16.730613] (-) TimerEvent: {}
[16.831644] (-) TimerEvent: {}
[16.932636] (-) TimerEvent: {}
[17.033704] (-) TimerEvent: {}
[17.134643] (-) TimerEvent: {}
[17.235653] (-) TimerEvent: {}
[17.336575] (-) TimerEvent: {}
[17.437616] (-) TimerEvent: {}
[17.538613] (-) TimerEvent: {}
[17.606768] (agv_gui) StdoutLine: {'line': b'[ 20%] Built target agv_gui_autogen\n'}
[17.638854] (-) TimerEvent: {}
[17.739770] (-) TimerEvent: {}
[17.840702] (-) TimerEvent: {}
[17.941923] (-) TimerEvent: {}
[17.989651] (agv_gui) StdoutLine: {'line': b'Scanning dependencies of target agv_gui\n'}
[18.042208] (-) TimerEvent: {}
[18.062356] (agv_gui) StdoutLine: {'line': b'[ 40%] Building CXX object CMakeFiles/agv_gui.dir/agv_gui_autogen/mocs_compilation.cpp.o\n'}
[18.091835] (agv_gui) StdoutLine: {'line': b'[ 60%] Building CXX object CMakeFiles/agv_gui.dir/src/mtr_node.cpp.o\n'}
[18.101178] (agv_gui) StdoutLine: {'line': b'[ 80%] Building CXX object CMakeFiles/agv_gui.dir/src/main_gui.cpp.o\n'}
[18.142501] (-) TimerEvent: {}
[18.243409] (-) TimerEvent: {}
[18.344353] (-) TimerEvent: {}
[18.445409] (-) TimerEvent: {}
[18.546347] (-) TimerEvent: {}
[18.647372] (-) TimerEvent: {}
[18.748330] (-) TimerEvent: {}
[18.849352] (-) TimerEvent: {}
[18.950268] (-) TimerEvent: {}
[19.051231] (-) TimerEvent: {}
[19.152231] (-) TimerEvent: {}
[19.253250] (-) TimerEvent: {}
[19.354186] (-) TimerEvent: {}
[19.455102] (-) TimerEvent: {}
[19.556073] (-) TimerEvent: {}
[19.657145] (-) TimerEvent: {}
[19.758201] (-) TimerEvent: {}
[19.859121] (-) TimerEvent: {}
[19.960132] (-) TimerEvent: {}
[20.061029] (-) TimerEvent: {}
[20.161983] (-) TimerEvent: {}
[20.262923] (-) TimerEvent: {}
[20.363908] (-) TimerEvent: {}
[20.465031] (-) TimerEvent: {}
[20.566012] (-) TimerEvent: {}
[20.667011] (-) TimerEvent: {}
[20.768011] (-) TimerEvent: {}
[20.869015] (-) TimerEvent: {}
[20.970084] (-) TimerEvent: {}
[21.071144] (-) TimerEvent: {}
[21.172171] (-) TimerEvent: {}
[21.273283] (-) TimerEvent: {}
[21.374248] (-) TimerEvent: {}
[21.475215] (-) TimerEvent: {}
[21.576214] (-) TimerEvent: {}
[21.677419] (-) TimerEvent: {}
[21.778448] (-) TimerEvent: {}
[21.879431] (-) TimerEvent: {}
[21.980482] (-) TimerEvent: {}
[22.081511] (-) TimerEvent: {}
[22.182642] (-) TimerEvent: {}
[22.283574] (-) TimerEvent: {}
[22.384521] (-) TimerEvent: {}
[22.485563] (-) TimerEvent: {}
[22.586505] (-) TimerEvent: {}
[22.687468] (-) TimerEvent: {}
[22.788486] (-) TimerEvent: {}
[22.889647] (-) TimerEvent: {}
[22.990694] (-) TimerEvent: {}
[23.091605] (-) TimerEvent: {}
[23.192628] (-) TimerEvent: {}
[23.293818] (-) TimerEvent: {}
[23.394814] (-) TimerEvent: {}
[23.495927] (-) TimerEvent: {}
[23.597076] (-) TimerEvent: {}
[23.698174] (-) TimerEvent: {}
[23.799298] (-) TimerEvent: {}
[23.900322] (-) TimerEvent: {}
[24.001472] (-) TimerEvent: {}
[24.102522] (-) TimerEvent: {}
[24.203580] (-) TimerEvent: {}
[24.304587] (-) TimerEvent: {}
[24.405706] (-) TimerEvent: {}
[24.506750] (-) TimerEvent: {}
[24.607741] (-) TimerEvent: {}
[24.708854] (-) TimerEvent: {}
[24.810047] (-) TimerEvent: {}
[24.911067] (-) TimerEvent: {}
[25.012155] (-) TimerEvent: {}
[25.113306] (-) TimerEvent: {}
[25.214407] (-) TimerEvent: {}
[25.315452] (-) TimerEvent: {}
[25.416581] (-) TimerEvent: {}
[25.517655] (-) TimerEvent: {}
[25.618721] (-) TimerEvent: {}
[25.719619] (-) TimerEvent: {}
[25.820598] (-) TimerEvent: {}
[25.921604] (-) TimerEvent: {}
[26.022585] (-) TimerEvent: {}
[26.123624] (-) TimerEvent: {}
[26.224694] (-) TimerEvent: {}
[26.325823] (-) TimerEvent: {}
[26.427014] (-) TimerEvent: {}
[26.528039] (-) TimerEvent: {}
[26.629033] (-) TimerEvent: {}
[26.730057] (-) TimerEvent: {}
[26.831019] (-) TimerEvent: {}
[26.932047] (-) TimerEvent: {}
[27.033366] (-) TimerEvent: {}
[27.134461] (-) TimerEvent: {}
[27.235499] (-) TimerEvent: {}
[27.336559] (-) TimerEvent: {}
[27.437651] (-) TimerEvent: {}
[27.538647] (-) TimerEvent: {}
[27.639643] (-) TimerEvent: {}
[27.740929] (-) TimerEvent: {}
[27.842544] (-) TimerEvent: {}
[27.943690] (-) TimerEvent: {}
[28.044725] (-) TimerEvent: {}
[28.145823] (-) TimerEvent: {}
[28.246880] (-) TimerEvent: {}
[28.347855] (-) TimerEvent: {}
[28.448944] (-) TimerEvent: {}
[28.550116] (-) TimerEvent: {}
[28.579742] (agv_gui) StderrLine: {'line': b'/home/amr_1/agv_gui/src/agv_gui/src/mtr_node.cpp: In member function \xe2\x80\x98void MotorSub::topic_callback(std_msgs::msg::String_<std::allocator<void> >::SharedPtr)\xe2\x80\x99:\n'}
[28.581297] (agv_gui) StderrLine: {'line': b'/home/amr_1/agv_gui/src/agv_gui/src/mtr_node.cpp:24:19: error: cannot convert \xe2\x80\x98std_msgs::msg::String_<std::allocator<void> >::_data_type\xe2\x80\x99 {aka \xe2\x80\x98std::__cxx11::basic_string<char>\xe2\x80\x99} to \xe2\x80\x98double\xe2\x80\x99 in assignment\n'}
[28.582061] (agv_gui) StderrLine: {'line': b'   24 |       temp = msg->data;\n'}
[28.582663] (agv_gui) StderrLine: {'line': b'      |              ~~~~~^~~~\n'}
[28.583162] (agv_gui) StderrLine: {'line': b'      |                   |\n'}
[28.583657] (agv_gui) StderrLine: {'line': b'      |                   std_msgs::msg::String_<std::allocator<void> >::_data_type {aka std::__cxx11::basic_string<char>}\n'}
[28.650385] (-) TimerEvent: {}
[28.751493] (-) TimerEvent: {}
[28.852596] (-) TimerEvent: {}
[28.953714] (-) TimerEvent: {}
[29.054773] (-) TimerEvent: {}
[29.155645] (-) TimerEvent: {}
[29.256651] (-) TimerEvent: {}
[29.357810] (-) TimerEvent: {}
[29.458864] (-) TimerEvent: {}
[29.559915] (-) TimerEvent: {}
[29.660959] (-) TimerEvent: {}
[29.761924] (-) TimerEvent: {}
[29.862954] (-) TimerEvent: {}
[29.963938] (-) TimerEvent: {}
[30.065061] (-) TimerEvent: {}
[30.166141] (-) TimerEvent: {}
[30.267198] (-) TimerEvent: {}
[30.270207] (agv_gui) StderrLine: {'line': b'In file included from /home/amr_1/agv_gui/src/agv_gui/src/main_gui.cpp:13:\n'}
[30.271032] (agv_gui) StderrLine: {'line': b'/home/amr_1/agv_gui/src/agv_gui/src/mtr_node.cpp: In member function \xe2\x80\x98void MotorSub::topic_callback(std_msgs::msg::String_<std::allocator<void> >::SharedPtr)\xe2\x80\x99:\n'}
[30.271580] (agv_gui) StderrLine: {'line': b'/home/amr_1/agv_gui/src/agv_gui/src/mtr_node.cpp:24:19: error: cannot convert \xe2\x80\x98std_msgs::msg::String_<std::allocator<void> >::_data_type\xe2\x80\x99 {aka \xe2\x80\x98std::__cxx11::basic_string<char>\xe2\x80\x99} to \xe2\x80\x98double\xe2\x80\x99 in assignment\n'}
[30.272086] (agv_gui) StderrLine: {'line': b'   24 |       temp = msg->data;\n'}
[30.272522] (agv_gui) StderrLine: {'line': b'      |              ~~~~~^~~~\n'}
[30.273017] (agv_gui) StderrLine: {'line': b'      |                   |\n'}
[30.273429] (agv_gui) StderrLine: {'line': b'      |                   std_msgs::msg::String_<std::allocator<void> >::_data_type {aka std::__cxx11::basic_string<char>}\n'}
[30.367466] (-) TimerEvent: {}
[30.468446] (-) TimerEvent: {}
[30.569816] (-) TimerEvent: {}
[30.670764] (-) TimerEvent: {}
[30.771775] (-) TimerEvent: {}
[30.872989] (-) TimerEvent: {}
[30.973985] (-) TimerEvent: {}
[31.074937] (-) TimerEvent: {}
[31.175987] (-) TimerEvent: {}
[31.284190] (-) TimerEvent: {}
[31.385230] (-) TimerEvent: {}
[31.486287] (-) TimerEvent: {}
[31.587291] (-) TimerEvent: {}
[31.688344] (-) TimerEvent: {}
[31.789489] (-) TimerEvent: {}
[31.890470] (-) TimerEvent: {}
[31.991506] (-) TimerEvent: {}
[32.092506] (-) TimerEvent: {}
[32.193483] (-) TimerEvent: {}
[32.294514] (-) TimerEvent: {}
[32.395550] (-) TimerEvent: {}
[32.496535] (-) TimerEvent: {}
[32.597672] (-) TimerEvent: {}
[32.698720] (-) TimerEvent: {}
[32.799759] (-) TimerEvent: {}
[32.900829] (-) TimerEvent: {}
[33.001776] (-) TimerEvent: {}
[33.102794] (-) TimerEvent: {}
[33.203795] (-) TimerEvent: {}
[33.304863] (-) TimerEvent: {}
[33.405920] (-) TimerEvent: {}
[33.506880] (-) TimerEvent: {}
[33.607892] (-) TimerEvent: {}
[33.709015] (-) TimerEvent: {}
[33.810000] (-) TimerEvent: {}
[33.911012] (-) TimerEvent: {}
[34.012007] (-) TimerEvent: {}
[34.114034] (-) TimerEvent: {}
[34.215068] (-) TimerEvent: {}
[34.316042] (-) TimerEvent: {}
[34.346943] (agv_gui) StderrLine: {'line': b'make[2]: *** [CMakeFiles/agv_gui.dir/build.make:76: CMakeFiles/agv_gui.dir/src/mtr_node.cpp.o] Error 1\n'}
[34.347935] (agv_gui) StderrLine: {'line': b'make[2]: *** Waiting for unfinished jobs....\n'}
[34.416321] (-) TimerEvent: {}
[34.517401] (-) TimerEvent: {}
[34.619966] (-) TimerEvent: {}
[34.720926] (-) TimerEvent: {}
[34.821947] (-) TimerEvent: {}
[34.922919] (-) TimerEvent: {}
[35.023853] (-) TimerEvent: {}
[35.124960] (-) TimerEvent: {}
[35.225937] (-) TimerEvent: {}
[35.326972] (-) TimerEvent: {}
[35.427952] (-) TimerEvent: {}
[35.528965] (-) TimerEvent: {}
[35.629911] (-) TimerEvent: {}
[35.730793] (-) TimerEvent: {}
[35.831768] (-) TimerEvent: {}
[35.932680] (-) TimerEvent: {}
[36.033735] (-) TimerEvent: {}
[36.134669] (-) TimerEvent: {}
[36.235636] (-) TimerEvent: {}
[36.343871] (-) TimerEvent: {}
[36.444948] (-) TimerEvent: {}
[36.546060] (-) TimerEvent: {}
[36.647129] (-) TimerEvent: {}
[36.748149] (-) TimerEvent: {}
[36.849275] (-) TimerEvent: {}
[36.950248] (-) TimerEvent: {}
[37.051218] (-) TimerEvent: {}
[37.152238] (-) TimerEvent: {}
[37.253243] (-) TimerEvent: {}
[37.354235] (-) TimerEvent: {}
[37.455251] (-) TimerEvent: {}
[37.556308] (-) TimerEvent: {}
[37.657391] (-) TimerEvent: {}
[37.758336] (-) TimerEvent: {}
[37.859335] (-) TimerEvent: {}
[37.960294] (-) TimerEvent: {}
[38.061369] (-) TimerEvent: {}
[38.162328] (-) TimerEvent: {}
[38.250408] (agv_gui) StderrLine: {'line': b'make[2]: *** [CMakeFiles/agv_gui.dir/build.make:89: CMakeFiles/agv_gui.dir/src/main_gui.cpp.o] Error 1\n'}
[38.253065] (agv_gui) StderrLine: {'line': b'make[1]: *** [CMakeFiles/Makefile2:79: CMakeFiles/agv_gui.dir/all] Error 2\n'}
[38.257576] (agv_gui) StderrLine: {'line': b'make: *** [Makefile:141: all] Error 2\n'}
[38.262906] (-) TimerEvent: {}
[38.265340] (agv_gui) CommandEnded: {'returncode': 2}
[38.363618] (-) TimerEvent: {}
[38.466540] (-) TimerEvent: {}
[38.546047] (agv_gui) JobEnded: {'identifier': 'agv_gui', 'rc': 2}
[38.551125] (-) EventReactorShutdown: {}
