[0.016s] Invoking command in '/home/kidd/projects/agv_gui/build/amr_v4_msgs_srvs': CMAKE_PREFIX_PATH=${CMAKE_PREFIX_PATH}:/opt/ros/galactic /usr/bin/cmake /home/kidd/projects/agv_gui/amr_v4_msgs_srvs -DCMAKE_INSTALL_PREFIX=/home/kidd/projects/agv_gui/install/amr_v4_msgs_srvs
[0.127s] -- The C compiler identification is GNU 9.4.0
[0.198s] -- The CXX compiler identification is GNU 9.4.0
[0.205s] -- Check for working C compiler: /usr/bin/cc
[0.307s] -- Check for working C compiler: /usr/bin/cc -- works
[0.307s] -- Detecting C compiler ABI info
[0.395s] -- Detecting C compiler ABI info - done
[0.406s] -- Detecting C compile features
[0.410s] -- Detecting C compile features - done
[0.413s] -- Check for working CXX compiler: /usr/bin/c++
[0.569s] -- Check for working CXX compiler: /usr/bin/c++ -- works
[0.569s] -- Detecting CXX compiler ABI info
[0.696s] -- Detecting CXX compiler ABI info - done
[0.709s] -- Detecting CXX compile features
[0.710s] -- Detecting CXX compile features - done
[0.715s] -- Found ament_cmake: 1.1.6 (/opt/ros/galactic/share/ament_cmake/cmake)
[0.745s] -- Found PythonInterp: /usr/bin/python3 (found suitable version "3.8.10", minimum required is "3") 
[0.745s] -- Using PYTHON_EXECUTABLE: /usr/bin/python3
[0.865s] -- Found rosidl_default_generators: 1.1.1 (/opt/ros/galactic/share/rosidl_default_generators/cmake)
[0.870s] -- Using all available rosidl_typesupport_c: rosidl_typesupport_fastrtps_c;rosidl_typesupport_introspection_c
[0.885s] -- Found rosidl_adapter: 2.2.3 (/opt/ros/galactic/share/rosidl_adapter/cmake)
[1.039s] -- Found OpenSSL: /usr/lib/x86_64-linux-gnu/libcrypto.so (found version "1.1.1f")  
[1.082s] -- Found FastRTPS: /opt/ros/galactic/include  
[1.171s] -- Using all available rosidl_typesupport_cpp: rosidl_typesupport_fastrtps_cpp;rosidl_typesupport_introspection_cpp
[1.203s] -- Found rclcpp: 9.2.2 (/opt/ros/galactic/share/rclcpp/cmake)
[1.281s] -- Found rmw_implementation_cmake: 3.3.1 (/opt/ros/galactic/share/rmw_implementation_cmake/cmake)
[1.284s] -- Found rmw_cyclonedds_cpp: 0.22.6 (/opt/ros/galactic/share/rmw_cyclonedds_cpp/cmake)
[1.308s] -- Using RMW implementation 'rmw_cyclonedds_cpp' as default
[1.310s] -- Looking for pthread.h
[1.469s] -- Looking for pthread.h - found
[1.470s] -- Performing Test CMAKE_HAVE_LIBC_PTHREAD
[1.608s] -- Performing Test CMAKE_HAVE_LIBC_PTHREAD - Failed
[1.608s] -- Looking for pthread_create in pthreads
[1.774s] -- Looking for pthread_create in pthreads - not found
[1.774s] -- Looking for pthread_create in pthread
[1.909s] -- Looking for pthread_create in pthread - found
[1.909s] -- Found Threads: TRUE  
[2.151s] -- Found PythonInterp: /usr/bin/python3 (found version "3.8.10") 
[2.333s] -- Found ament_cmake_ros: 0.9.2 (/opt/ros/galactic/share/ament_cmake_ros/cmake)
[2.480s] -- Using all available rosidl_typesupport_c: rosidl_typesupport_fastrtps_c;rosidl_typesupport_introspection_c
[2.494s] -- Using all available rosidl_typesupport_cpp: rosidl_typesupport_fastrtps_cpp;rosidl_typesupport_introspection_cpp
[2.521s] -- Found PythonInterp: /usr/bin/python3 (found suitable version "3.8.10", minimum required is "3.5") 
[2.525s] -- Found python_cmake_module: 0.8.1 (/opt/ros/galactic/share/python_cmake_module/cmake)
[2.561s] -- Found PythonLibs: /usr/lib/x86_64-linux-gnu/libpython3.8.so (found suitable version "3.8.10", minimum required is "3.5") 
[2.561s] -- Using PYTHON_EXECUTABLE: /usr/bin/python3
[2.561s] -- Using PYTHON_INCLUDE_DIRS: /usr/include/python3.8
[2.561s] -- Using PYTHON_LIBRARIES: /usr/lib/x86_64-linux-gnu/libpython3.8.so
[2.593s] -- Found PythonExtra: .so  
[2.669s] -- Found ament_lint_auto: 0.10.7 (/opt/ros/galactic/share/ament_lint_auto/cmake)
[2.730s] -- Added test 'copyright' to check source files copyright and LICENSE
[2.733s] -- Added test 'lint_cmake' to check CMake code style
[2.741s] -- Added test 'xmllint' to check XML markup files
[2.753s] -- Configuring done
[2.816s] -- Generating done
[2.822s] -- Build files have been written to: /home/kidd/projects/agv_gui/build/amr_v4_msgs_srvs
[2.836s] Invoked command in '/home/kidd/projects/agv_gui/build/amr_v4_msgs_srvs' returned '0': CMAKE_PREFIX_PATH=${CMAKE_PREFIX_PATH}:/opt/ros/galactic /usr/bin/cmake /home/kidd/projects/agv_gui/amr_v4_msgs_srvs -DCMAKE_INSTALL_PREFIX=/home/kidd/projects/agv_gui/install/amr_v4_msgs_srvs
[2.841s] Invoking command in '/home/kidd/projects/agv_gui/build/amr_v4_msgs_srvs': CMAKE_PREFIX_PATH=${CMAKE_PREFIX_PATH}:/opt/ros/galactic /usr/bin/cmake --build /home/kidd/projects/agv_gui/build/amr_v4_msgs_srvs -- -j2 -l2
[2.903s] [  1%] [34m[1mGenerating C code for ROS interfaces[0m
[2.905s] [35m[1mScanning dependencies of target amr_v4_msgs_srvs__cpp[0m
[2.936s] [  3%] [34m[1mGenerating C++ code for ROS interfaces[0m
[4.264s] [35m[1mScanning dependencies of target amr_v4_msgs_srvs__rosidl_generator_c[0m
[4.322s] [  5%] [32mBuilding C object CMakeFiles/amr_v4_msgs_srvs__rosidl_generator_c.dir/rosidl_generator_c/amr_v4_msgs_srvs/msg/detail/motor__functions.c.o[0m
[4.433s] [  5%] Built target amr_v4_msgs_srvs__cpp
[4.507s] [  7%] [34m[1mGenerating C++ introspection for ROS interfaces[0m
[4.517s] [  9%] [32mBuilding C object CMakeFiles/amr_v4_msgs_srvs__rosidl_generator_c.dir/rosidl_generator_c/amr_v4_msgs_srvs/msg/detail/robot__functions.c.o[0m
[4.686s] [ 10%] [32mBuilding C object CMakeFiles/amr_v4_msgs_srvs__rosidl_generator_c.dir/rosidl_generator_c/amr_v4_msgs_srvs/msg/detail/pin__functions.c.o[0m
[4.897s] [ 12%] [32mBuilding C object CMakeFiles/amr_v4_msgs_srvs__rosidl_generator_c.dir/rosidl_generator_c/amr_v4_msgs_srvs/srv/detail/testserv__functions.c.o[0m
[5.142s] [ 14%] [32m[1mLinking C shared library libamr_v4_msgs_srvs__rosidl_generator_c.so[0m
[5.294s] [ 14%] Built target amr_v4_msgs_srvs__rosidl_generator_c
[5.334s] [ 16%] [34m[1mGenerating C++ type support for eProsima Fast-RTPS[0m
[5.923s] [35m[1mScanning dependencies of target amr_v4_msgs_srvs__rosidl_typesupport_introspection_cpp[0m
[5.970s] [ 18%] [32mBuilding CXX object CMakeFiles/amr_v4_msgs_srvs__rosidl_typesupport_introspection_cpp.dir/rosidl_typesupport_introspection_cpp/amr_v4_msgs_srvs/msg/detail/motor__type_support.cpp.o[0m
[6.694s] [35m[1mScanning dependencies of target amr_v4_msgs_srvs__rosidl_typesupport_fastrtps_cpp[0m
[6.785s] [ 20%] [32mBuilding CXX object CMakeFiles/amr_v4_msgs_srvs__rosidl_typesupport_fastrtps_cpp.dir/rosidl_typesupport_fastrtps_cpp/amr_v4_msgs_srvs/msg/detail/dds_fastrtps/motor__type_support.cpp.o[0m
[6.797s] [ 21%] [32mBuilding CXX object CMakeFiles/amr_v4_msgs_srvs__rosidl_typesupport_introspection_cpp.dir/rosidl_typesupport_introspection_cpp/amr_v4_msgs_srvs/msg/detail/robot__type_support.cpp.o[0m
[7.729s] [ 23%] [32mBuilding CXX object CMakeFiles/amr_v4_msgs_srvs__rosidl_typesupport_introspection_cpp.dir/rosidl_typesupport_introspection_cpp/amr_v4_msgs_srvs/msg/detail/pin__type_support.cpp.o[0m
[8.299s] [ 25%] [32mBuilding CXX object CMakeFiles/amr_v4_msgs_srvs__rosidl_typesupport_fastrtps_cpp.dir/rosidl_typesupport_fastrtps_cpp/amr_v4_msgs_srvs/msg/detail/dds_fastrtps/robot__type_support.cpp.o[0m
[8.709s] [ 27%] [32mBuilding CXX object CMakeFiles/amr_v4_msgs_srvs__rosidl_typesupport_introspection_cpp.dir/rosidl_typesupport_introspection_cpp/amr_v4_msgs_srvs/srv/detail/testserv__type_support.cpp.o[0m
[9.720s] [ 29%] [32mBuilding CXX object CMakeFiles/amr_v4_msgs_srvs__rosidl_typesupport_fastrtps_cpp.dir/rosidl_typesupport_fastrtps_cpp/amr_v4_msgs_srvs/msg/detail/dds_fastrtps/pin__type_support.cpp.o[0m
[9.734s] [ 30%] [32m[1mLinking CXX shared library libamr_v4_msgs_srvs__rosidl_typesupport_introspection_cpp.so[0m
[10.049s] [ 30%] Built target amr_v4_msgs_srvs__rosidl_typesupport_introspection_cpp
[10.097s] [ 32%] [34m[1mGenerating C++ type support dispatch for ROS interfaces[0m
[11.180s] [35m[1mScanning dependencies of target amr_v4_msgs_srvs__rosidl_typesupport_cpp[0m
[11.213s] [ 34%] [32mBuilding CXX object CMakeFiles/amr_v4_msgs_srvs__rosidl_typesupport_fastrtps_cpp.dir/rosidl_typesupport_fastrtps_cpp/amr_v4_msgs_srvs/srv/detail/dds_fastrtps/testserv__type_support.cpp.o[0m
[11.224s] [ 36%] [32mBuilding CXX object CMakeFiles/amr_v4_msgs_srvs__rosidl_typesupport_cpp.dir/rosidl_typesupport_cpp/amr_v4_msgs_srvs/msg/motor__type_support.cpp.o[0m
[12.379s] [ 38%] [32mBuilding CXX object CMakeFiles/amr_v4_msgs_srvs__rosidl_typesupport_cpp.dir/rosidl_typesupport_cpp/amr_v4_msgs_srvs/msg/robot__type_support.cpp.o[0m
[12.981s] [ 40%] [32m[1mLinking CXX shared library libamr_v4_msgs_srvs__rosidl_typesupport_fastrtps_cpp.so[0m
[13.329s] [ 40%] Built target amr_v4_msgs_srvs__rosidl_typesupport_fastrtps_cpp
[13.384s] [ 41%] [34m[1mGenerating C introspection for ROS interfaces[0m
[13.550s] [ 43%] [32mBuilding CXX object CMakeFiles/amr_v4_msgs_srvs__rosidl_typesupport_cpp.dir/rosidl_typesupport_cpp/amr_v4_msgs_srvs/msg/pin__type_support.cpp.o[0m
[14.523s] [ 45%] [32mBuilding CXX object CMakeFiles/amr_v4_msgs_srvs__rosidl_typesupport_cpp.dir/rosidl_typesupport_cpp/amr_v4_msgs_srvs/srv/testserv__type_support.cpp.o[0m
[14.919s] [35m[1mScanning dependencies of target amr_v4_msgs_srvs__rosidl_typesupport_introspection_c[0m
[14.979s] [ 47%] [32mBuilding C object CMakeFiles/amr_v4_msgs_srvs__rosidl_typesupport_introspection_c.dir/rosidl_typesupport_introspection_c/amr_v4_msgs_srvs/msg/detail/motor__type_support.c.o[0m
[15.134s] [ 49%] [32mBuilding C object CMakeFiles/amr_v4_msgs_srvs__rosidl_typesupport_introspection_c.dir/rosidl_typesupport_introspection_c/amr_v4_msgs_srvs/msg/detail/robot__type_support.c.o[0m
[15.297s] [ 50%] [32mBuilding C object CMakeFiles/amr_v4_msgs_srvs__rosidl_typesupport_introspection_c.dir/rosidl_typesupport_introspection_c/amr_v4_msgs_srvs/msg/detail/pin__type_support.c.o[0m
[15.432s] [ 52%] [32mBuilding C object CMakeFiles/amr_v4_msgs_srvs__rosidl_typesupport_introspection_c.dir/rosidl_typesupport_introspection_c/amr_v4_msgs_srvs/srv/detail/testserv__type_support.c.o[0m
[15.495s] [ 54%] [32m[1mLinking CXX shared library libamr_v4_msgs_srvs__rosidl_typesupport_cpp.so[0m
[15.599s] [ 56%] [32m[1mLinking C shared library libamr_v4_msgs_srvs__rosidl_typesupport_introspection_c.so[0m
[15.603s] [ 56%] Built target amr_v4_msgs_srvs__rosidl_typesupport_cpp
[15.664s] [ 56%] Built target amr_v4_msgs_srvs__rosidl_typesupport_introspection_c
[15.686s] [ 58%] [34m[1mGenerating C type support dispatch for ROS interfaces[0m
[16.215s] [35m[1mScanning dependencies of target amr_v4_msgs_srvs__rosidl_typesupport_c[0m
[16.247s] [ 60%] [32mBuilding CXX object CMakeFiles/amr_v4_msgs_srvs__rosidl_typesupport_c.dir/rosidl_typesupport_c/amr_v4_msgs_srvs/msg/motor__type_support.cpp.o[0m
[16.318s] [ 61%] [32mBuilding CXX object CMakeFiles/amr_v4_msgs_srvs__rosidl_typesupport_c.dir/rosidl_typesupport_c/amr_v4_msgs_srvs/msg/robot__type_support.cpp.o[0m
[16.379s] [ 63%] [32mBuilding CXX object CMakeFiles/amr_v4_msgs_srvs__rosidl_typesupport_c.dir/rosidl_typesupport_c/amr_v4_msgs_srvs/msg/pin__type_support.cpp.o[0m
[16.437s] [ 65%] [32mBuilding CXX object CMakeFiles/amr_v4_msgs_srvs__rosidl_typesupport_c.dir/rosidl_typesupport_c/amr_v4_msgs_srvs/srv/testserv__type_support.cpp.o[0m
[16.506s] [ 67%] [32m[1mLinking CXX shared library libamr_v4_msgs_srvs__rosidl_typesupport_c.so[0m
[16.587s] [ 67%] Built target amr_v4_msgs_srvs__rosidl_typesupport_c
[16.610s] [ 69%] [34m[1mGenerating C type support for eProsima Fast-RTPS[0m
[17.271s] [35m[1mScanning dependencies of target amr_v4_msgs_srvs__rosidl_typesupport_fastrtps_c[0m
[17.316s] [ 70%] [32mBuilding CXX object CMakeFiles/amr_v4_msgs_srvs__rosidl_typesupport_fastrtps_c.dir/rosidl_typesupport_fastrtps_c/amr_v4_msgs_srvs/msg/detail/motor__type_support_c.cpp.o[0m
[18.030s] [ 72%] [32mBuilding CXX object CMakeFiles/amr_v4_msgs_srvs__rosidl_typesupport_fastrtps_c.dir/rosidl_typesupport_fastrtps_c/amr_v4_msgs_srvs/msg/detail/robot__type_support_c.cpp.o[0m
[18.713s] [ 74%] [32mBuilding CXX object CMakeFiles/amr_v4_msgs_srvs__rosidl_typesupport_fastrtps_c.dir/rosidl_typesupport_fastrtps_c/amr_v4_msgs_srvs/msg/detail/pin__type_support_c.cpp.o[0m
[19.426s] [ 76%] [32mBuilding CXX object CMakeFiles/amr_v4_msgs_srvs__rosidl_typesupport_fastrtps_c.dir/rosidl_typesupport_fastrtps_c/amr_v4_msgs_srvs/srv/detail/testserv__type_support_c.cpp.o[0m
[20.200s] [ 78%] [32m[1mLinking CXX shared library libamr_v4_msgs_srvs__rosidl_typesupport_fastrtps_c.so[0m
[20.380s] [ 78%] Built target amr_v4_msgs_srvs__rosidl_typesupport_fastrtps_c
[20.392s] [35m[1mScanning dependencies of target amr_v4_msgs_srvs[0m
[20.415s] [ 78%] Built target amr_v4_msgs_srvs
[20.434s] [35m[1mScanning dependencies of target amr_v4_msgs_srvs__py[0m
[20.451s] [ 80%] [34m[1mGenerating Python code for ROS interfaces[0m
[22.027s] [ 80%] Built target amr_v4_msgs_srvs__py
[22.056s] [35m[1mScanning dependencies of target amr_v4_msgs_srvs__python[0m
[22.128s] [ 81%] [32mBuilding C object CMakeFiles/amr_v4_msgs_srvs__python.dir/rosidl_generator_py/amr_v4_msgs_srvs/msg/_motor_s.c.o[0m
[22.406s] [ 83%] [32mBuilding C object CMakeFiles/amr_v4_msgs_srvs__python.dir/rosidl_generator_py/amr_v4_msgs_srvs/msg/_robot_s.c.o[0m
[22.654s] [ 85%] [32mBuilding C object CMakeFiles/amr_v4_msgs_srvs__python.dir/rosidl_generator_py/amr_v4_msgs_srvs/msg/_pin_s.c.o[0m
[22.814s] [ 87%] [32mBuilding C object CMakeFiles/amr_v4_msgs_srvs__python.dir/rosidl_generator_py/amr_v4_msgs_srvs/srv/_testserv_s.c.o[0m
[22.984s] [ 89%] [32m[1mLinking C shared library rosidl_generator_py/amr_v4_msgs_srvs/libamr_v4_msgs_srvs__python.so[0m
[23.056s] [ 89%] Built target amr_v4_msgs_srvs__python
[23.071s] [35m[1mScanning dependencies of target amr_v4_msgs_srvs__rosidl_typesupport_introspection_c__pyext[0m
[23.102s] [ 90%] [32mBuilding C object CMakeFiles/amr_v4_msgs_srvs__rosidl_typesupport_introspection_c__pyext.dir/rosidl_generator_py/amr_v4_msgs_srvs/_amr_v4_msgs_srvs_s.ep.rosidl_typesupport_introspection_c.c.o[0m
[23.255s] [ 92%] [32m[1mLinking C shared library rosidl_generator_py/amr_v4_msgs_srvs/amr_v4_msgs_srvs_s__rosidl_typesupport_introspection_c.cpython-38-x86_64-linux-gnu.so[0m
[23.351s] [ 92%] Built target amr_v4_msgs_srvs__rosidl_typesupport_introspection_c__pyext
[23.368s] [35m[1mScanning dependencies of target amr_v4_msgs_srvs__rosidl_typesupport_fastrtps_c__pyext[0m
[23.400s] [ 94%] [32mBuilding C object CMakeFiles/amr_v4_msgs_srvs__rosidl_typesupport_fastrtps_c__pyext.dir/rosidl_generator_py/amr_v4_msgs_srvs/_amr_v4_msgs_srvs_s.ep.rosidl_typesupport_fastrtps_c.c.o[0m
[23.610s] [ 96%] [32m[1mLinking CXX shared library rosidl_generator_py/amr_v4_msgs_srvs/amr_v4_msgs_srvs_s__rosidl_typesupport_fastrtps_c.cpython-38-x86_64-linux-gnu.so[0m
[23.744s] [ 96%] Built target amr_v4_msgs_srvs__rosidl_typesupport_fastrtps_c__pyext
[23.765s] [35m[1mScanning dependencies of target amr_v4_msgs_srvs__rosidl_typesupport_c__pyext[0m
[23.813s] [ 98%] [32mBuilding C object CMakeFiles/amr_v4_msgs_srvs__rosidl_typesupport_c__pyext.dir/rosidl_generator_py/amr_v4_msgs_srvs/_amr_v4_msgs_srvs_s.ep.rosidl_typesupport_c.c.o[0m
[24.170s] [100%] [32m[1mLinking C shared library rosidl_generator_py/amr_v4_msgs_srvs/amr_v4_msgs_srvs_s__rosidl_typesupport_c.cpython-38-x86_64-linux-gnu.so[0m
[24.247s] [100%] Built target amr_v4_msgs_srvs__rosidl_typesupport_c__pyext
[24.273s] Invoked command in '/home/kidd/projects/agv_gui/build/amr_v4_msgs_srvs' returned '0': CMAKE_PREFIX_PATH=${CMAKE_PREFIX_PATH}:/opt/ros/galactic /usr/bin/cmake --build /home/kidd/projects/agv_gui/build/amr_v4_msgs_srvs -- -j2 -l2
[24.552s] Invoking command in '/home/kidd/projects/agv_gui/build/amr_v4_msgs_srvs': CMAKE_PREFIX_PATH=${CMAKE_PREFIX_PATH}:/opt/ros/galactic /usr/bin/cmake --install /home/kidd/projects/agv_gui/build/amr_v4_msgs_srvs
[24.578s] -- Install configuration: ""
[24.578s] -- Installing: /home/kidd/projects/agv_gui/install/amr_v4_msgs_srvs/share/ament_index/resource_index/rosidl_interfaces/amr_v4_msgs_srvs
[24.585s] -- Up-to-date: /home/kidd/projects/agv_gui/install/amr_v4_msgs_srvs/include/amr_v4_msgs_srvs
[24.586s] -- Up-to-date: /home/kidd/projects/agv_gui/install/amr_v4_msgs_srvs/include/amr_v4_msgs_srvs/msg
[24.586s] -- Installing: /home/kidd/projects/agv_gui/install/amr_v4_msgs_srvs/include/amr_v4_msgs_srvs/msg/rosidl_generator_c__visibility_control.h
[24.586s] -- Installing: /home/kidd/projects/agv_gui/install/amr_v4_msgs_srvs/include/amr_v4_msgs_srvs/msg/pin.h
[24.586s] -- Installing: /home/kidd/projects/agv_gui/install/amr_v4_msgs_srvs/include/amr_v4_msgs_srvs/msg/motor.h
[24.586s] -- Up-to-date: /home/kidd/projects/agv_gui/install/amr_v4_msgs_srvs/include/amr_v4_msgs_srvs/msg/detail
[24.587s] -- Installing: /home/kidd/projects/agv_gui/install/amr_v4_msgs_srvs/include/amr_v4_msgs_srvs/msg/detail/motor__struct.h
[24.587s] -- Installing: /home/kidd/projects/agv_gui/install/amr_v4_msgs_srvs/include/amr_v4_msgs_srvs/msg/detail/robot__functions.c
[24.587s] -- Installing: /home/kidd/projects/agv_gui/install/amr_v4_msgs_srvs/include/amr_v4_msgs_srvs/msg/detail/robot__type_support.h
[24.587s] -- Installing: /home/kidd/projects/agv_gui/install/amr_v4_msgs_srvs/include/amr_v4_msgs_srvs/msg/detail/motor__functions.c
[24.588s] -- Installing: /home/kidd/projects/agv_gui/install/amr_v4_msgs_srvs/include/amr_v4_msgs_srvs/msg/detail/pin__functions.c
[24.588s] -- Installing: /home/kidd/projects/agv_gui/install/amr_v4_msgs_srvs/include/amr_v4_msgs_srvs/msg/detail/robot__struct.h
[24.589s] -- Installing: /home/kidd/projects/agv_gui/install/amr_v4_msgs_srvs/include/amr_v4_msgs_srvs/msg/detail/motor__type_support.h
[24.590s] -- Installing: /home/kidd/projects/agv_gui/install/amr_v4_msgs_srvs/include/amr_v4_msgs_srvs/msg/detail/motor__functions.h
[24.591s] -- Installing: /home/kidd/projects/agv_gui/install/amr_v4_msgs_srvs/include/amr_v4_msgs_srvs/msg/detail/pin__struct.h
[24.591s] -- Installing: /home/kidd/projects/agv_gui/install/amr_v4_msgs_srvs/include/amr_v4_msgs_srvs/msg/detail/pin__type_support.h
[24.591s] -- Installing: /home/kidd/projects/agv_gui/install/amr_v4_msgs_srvs/include/amr_v4_msgs_srvs/msg/detail/pin__functions.h
[24.597s] -- Installing: /home/kidd/projects/agv_gui/install/amr_v4_msgs_srvs/include/amr_v4_msgs_srvs/msg/detail/robot__functions.h
[24.598s] -- Installing: /home/kidd/projects/agv_gui/install/amr_v4_msgs_srvs/include/amr_v4_msgs_srvs/msg/robot.h
[24.598s] -- Up-to-date: /home/kidd/projects/agv_gui/install/amr_v4_msgs_srvs/include/amr_v4_msgs_srvs/srv
[24.598s] -- Installing: /home/kidd/projects/agv_gui/install/amr_v4_msgs_srvs/include/amr_v4_msgs_srvs/srv/testserv.h
[24.598s] -- Up-to-date: /home/kidd/projects/agv_gui/install/amr_v4_msgs_srvs/include/amr_v4_msgs_srvs/srv/detail
[24.598s] -- Installing: /home/kidd/projects/agv_gui/install/amr_v4_msgs_srvs/include/amr_v4_msgs_srvs/srv/detail/testserv__struct.h
[24.598s] -- Installing: /home/kidd/projects/agv_gui/install/amr_v4_msgs_srvs/include/amr_v4_msgs_srvs/srv/detail/testserv__functions.h
[24.599s] -- Installing: /home/kidd/projects/agv_gui/install/amr_v4_msgs_srvs/include/amr_v4_msgs_srvs/srv/detail/testserv__functions.c
[24.599s] -- Installing: /home/kidd/projects/agv_gui/install/amr_v4_msgs_srvs/include/amr_v4_msgs_srvs/srv/detail/testserv__type_support.h
[24.599s] -- Up-to-date: /home/kidd/projects/agv_gui/install/amr_v4_msgs_srvs/share/amr_v4_msgs_srvs/environment/library_path.sh
[24.599s] -- Installing: /home/kidd/projects/agv_gui/install/amr_v4_msgs_srvs/share/amr_v4_msgs_srvs/environment/library_path.dsv
[24.599s] -- Installing: /home/kidd/projects/agv_gui/install/amr_v4_msgs_srvs/lib/libamr_v4_msgs_srvs__rosidl_generator_c.so
[24.599s] -- Set runtime path of "/home/kidd/projects/agv_gui/install/amr_v4_msgs_srvs/lib/libamr_v4_msgs_srvs__rosidl_generator_c.so" to ""
[24.599s] -- Up-to-date: /home/kidd/projects/agv_gui/install/amr_v4_msgs_srvs/include/amr_v4_msgs_srvs
[24.599s] -- Up-to-date: /home/kidd/projects/agv_gui/install/amr_v4_msgs_srvs/include/amr_v4_msgs_srvs/msg
[24.599s] -- Up-to-date: /home/kidd/projects/agv_gui/install/amr_v4_msgs_srvs/include/amr_v4_msgs_srvs/msg/detail
[24.599s] -- Installing: /home/kidd/projects/agv_gui/install/amr_v4_msgs_srvs/include/amr_v4_msgs_srvs/msg/detail/robot__rosidl_typesupport_fastrtps_c.h
[24.600s] -- Installing: /home/kidd/projects/agv_gui/install/amr_v4_msgs_srvs/include/amr_v4_msgs_srvs/msg/detail/motor__rosidl_typesupport_fastrtps_c.h
[24.600s] -- Installing: /home/kidd/projects/agv_gui/install/amr_v4_msgs_srvs/include/amr_v4_msgs_srvs/msg/detail/pin__rosidl_typesupport_fastrtps_c.h
[24.600s] -- Installing: /home/kidd/projects/agv_gui/install/amr_v4_msgs_srvs/include/amr_v4_msgs_srvs/msg/rosidl_typesupport_fastrtps_c__visibility_control.h
[24.600s] -- Up-to-date: /home/kidd/projects/agv_gui/install/amr_v4_msgs_srvs/include/amr_v4_msgs_srvs/srv
[24.600s] -- Up-to-date: /home/kidd/projects/agv_gui/install/amr_v4_msgs_srvs/include/amr_v4_msgs_srvs/srv/detail
[24.600s] -- Installing: /home/kidd/projects/agv_gui/install/amr_v4_msgs_srvs/include/amr_v4_msgs_srvs/srv/detail/testserv__rosidl_typesupport_fastrtps_c.h
[24.605s] -- Installing: /home/kidd/projects/agv_gui/install/amr_v4_msgs_srvs/lib/libamr_v4_msgs_srvs__rosidl_typesupport_fastrtps_c.so
[24.606s] -- Set runtime path of "/home/kidd/projects/agv_gui/install/amr_v4_msgs_srvs/lib/libamr_v4_msgs_srvs__rosidl_typesupport_fastrtps_c.so" to ""
[24.606s] -- Up-to-date: /home/kidd/projects/agv_gui/install/amr_v4_msgs_srvs/include/amr_v4_msgs_srvs
[24.606s] -- Up-to-date: /home/kidd/projects/agv_gui/install/amr_v4_msgs_srvs/include/amr_v4_msgs_srvs/msg
[24.606s] -- Installing: /home/kidd/projects/agv_gui/install/amr_v4_msgs_srvs/include/amr_v4_msgs_srvs/msg/rosidl_typesupport_fastrtps_cpp__visibility_control.h
[24.606s] -- Up-to-date: /home/kidd/projects/agv_gui/install/amr_v4_msgs_srvs/include/amr_v4_msgs_srvs/msg/detail
[24.609s] -- Installing: /home/kidd/projects/agv_gui/install/amr_v4_msgs_srvs/include/amr_v4_msgs_srvs/msg/detail/motor__rosidl_typesupport_fastrtps_cpp.hpp
[24.609s] -- Up-to-date: /home/kidd/projects/agv_gui/install/amr_v4_msgs_srvs/include/amr_v4_msgs_srvs/msg/detail/dds_fastrtps
[24.609s] -- Installing: /home/kidd/projects/agv_gui/install/amr_v4_msgs_srvs/include/amr_v4_msgs_srvs/msg/detail/pin__rosidl_typesupport_fastrtps_cpp.hpp
[24.609s] -- Installing: /home/kidd/projects/agv_gui/install/amr_v4_msgs_srvs/include/amr_v4_msgs_srvs/msg/detail/robot__rosidl_typesupport_fastrtps_cpp.hpp
[24.609s] -- Up-to-date: /home/kidd/projects/agv_gui/install/amr_v4_msgs_srvs/include/amr_v4_msgs_srvs/srv
[24.609s] -- Up-to-date: /home/kidd/projects/agv_gui/install/amr_v4_msgs_srvs/include/amr_v4_msgs_srvs/srv/detail
[24.609s] -- Up-to-date: /home/kidd/projects/agv_gui/install/amr_v4_msgs_srvs/include/amr_v4_msgs_srvs/srv/detail/dds_fastrtps
[24.609s] -- Installing: /home/kidd/projects/agv_gui/install/amr_v4_msgs_srvs/include/amr_v4_msgs_srvs/srv/detail/testserv__rosidl_typesupport_fastrtps_cpp.hpp
[24.613s] -- Installing: /home/kidd/projects/agv_gui/install/amr_v4_msgs_srvs/lib/libamr_v4_msgs_srvs__rosidl_typesupport_fastrtps_cpp.so
[24.614s] -- Set runtime path of "/home/kidd/projects/agv_gui/install/amr_v4_msgs_srvs/lib/libamr_v4_msgs_srvs__rosidl_typesupport_fastrtps_cpp.so" to ""
[24.615s] -- Up-to-date: /home/kidd/projects/agv_gui/install/amr_v4_msgs_srvs/include/amr_v4_msgs_srvs
[24.615s] -- Up-to-date: /home/kidd/projects/agv_gui/install/amr_v4_msgs_srvs/include/amr_v4_msgs_srvs/msg
[24.615s] -- Installing: /home/kidd/projects/agv_gui/install/amr_v4_msgs_srvs/include/amr_v4_msgs_srvs/msg/rosidl_typesupport_introspection_c__visibility_control.h
[24.615s] -- Up-to-date: /home/kidd/projects/agv_gui/install/amr_v4_msgs_srvs/include/amr_v4_msgs_srvs/msg/detail
[24.615s] -- Installing: /home/kidd/projects/agv_gui/install/amr_v4_msgs_srvs/include/amr_v4_msgs_srvs/msg/detail/robot__rosidl_typesupport_introspection_c.h
[24.615s] -- Installing: /home/kidd/projects/agv_gui/install/amr_v4_msgs_srvs/include/amr_v4_msgs_srvs/msg/detail/robot__type_support.c
[24.616s] -- Installing: /home/kidd/projects/agv_gui/install/amr_v4_msgs_srvs/include/amr_v4_msgs_srvs/msg/detail/motor__rosidl_typesupport_introspection_c.h
[24.617s] -- Installing: /home/kidd/projects/agv_gui/install/amr_v4_msgs_srvs/include/amr_v4_msgs_srvs/msg/detail/pin__rosidl_typesupport_introspection_c.h
[24.617s] -- Installing: /home/kidd/projects/agv_gui/install/amr_v4_msgs_srvs/include/amr_v4_msgs_srvs/msg/detail/pin__type_support.c
[24.619s] -- Installing: /home/kidd/projects/agv_gui/install/amr_v4_msgs_srvs/include/amr_v4_msgs_srvs/msg/detail/motor__type_support.c
[24.619s] -- Up-to-date: /home/kidd/projects/agv_gui/install/amr_v4_msgs_srvs/include/amr_v4_msgs_srvs/srv
[24.620s] -- Up-to-date: /home/kidd/projects/agv_gui/install/amr_v4_msgs_srvs/include/amr_v4_msgs_srvs/srv/detail
[24.622s] -- Installing: /home/kidd/projects/agv_gui/install/amr_v4_msgs_srvs/include/amr_v4_msgs_srvs/srv/detail/testserv__rosidl_typesupport_introspection_c.h
[24.623s] -- Installing: /home/kidd/projects/agv_gui/install/amr_v4_msgs_srvs/include/amr_v4_msgs_srvs/srv/detail/testserv__type_support.c
[24.623s] -- Installing: /home/kidd/projects/agv_gui/install/amr_v4_msgs_srvs/lib/libamr_v4_msgs_srvs__rosidl_typesupport_introspection_c.so
[24.623s] -- Set runtime path of "/home/kidd/projects/agv_gui/install/amr_v4_msgs_srvs/lib/libamr_v4_msgs_srvs__rosidl_typesupport_introspection_c.so" to ""
[24.623s] -- Installing: /home/kidd/projects/agv_gui/install/amr_v4_msgs_srvs/lib/libamr_v4_msgs_srvs__rosidl_typesupport_c.so
[24.623s] -- Set runtime path of "/home/kidd/projects/agv_gui/install/amr_v4_msgs_srvs/lib/libamr_v4_msgs_srvs__rosidl_typesupport_c.so" to ""
[24.623s] -- Up-to-date: /home/kidd/projects/agv_gui/install/amr_v4_msgs_srvs/include/amr_v4_msgs_srvs
[24.623s] -- Up-to-date: /home/kidd/projects/agv_gui/install/amr_v4_msgs_srvs/include/amr_v4_msgs_srvs/msg
[24.623s] -- Installing: /home/kidd/projects/agv_gui/install/amr_v4_msgs_srvs/include/amr_v4_msgs_srvs/msg/motor.hpp
[24.623s] -- Up-to-date: /home/kidd/projects/agv_gui/install/amr_v4_msgs_srvs/include/amr_v4_msgs_srvs/msg/detail
[24.625s] -- Installing: /home/kidd/projects/agv_gui/install/amr_v4_msgs_srvs/include/amr_v4_msgs_srvs/msg/detail/motor__struct.hpp
[24.625s] -- Installing: /home/kidd/projects/agv_gui/install/amr_v4_msgs_srvs/include/amr_v4_msgs_srvs/msg/detail/motor__builder.hpp
[24.625s] -- Installing: /home/kidd/projects/agv_gui/install/amr_v4_msgs_srvs/include/amr_v4_msgs_srvs/msg/detail/robot__builder.hpp
[24.626s] -- Installing: /home/kidd/projects/agv_gui/install/amr_v4_msgs_srvs/include/amr_v4_msgs_srvs/msg/detail/pin__struct.hpp
[24.626s] -- Installing: /home/kidd/projects/agv_gui/install/amr_v4_msgs_srvs/include/amr_v4_msgs_srvs/msg/detail/motor__traits.hpp
[24.627s] -- Installing: /home/kidd/projects/agv_gui/install/amr_v4_msgs_srvs/include/amr_v4_msgs_srvs/msg/detail/robot__struct.hpp
[24.628s] -- Installing: /home/kidd/projects/agv_gui/install/amr_v4_msgs_srvs/include/amr_v4_msgs_srvs/msg/detail/pin__traits.hpp
[24.628s] -- Installing: /home/kidd/projects/agv_gui/install/amr_v4_msgs_srvs/include/amr_v4_msgs_srvs/msg/detail/robot__traits.hpp
[24.628s] -- Installing: /home/kidd/projects/agv_gui/install/amr_v4_msgs_srvs/include/amr_v4_msgs_srvs/msg/detail/pin__builder.hpp
[24.632s] -- Installing: /home/kidd/projects/agv_gui/install/amr_v4_msgs_srvs/include/amr_v4_msgs_srvs/msg/robot.hpp
[24.632s] -- Installing: /home/kidd/projects/agv_gui/install/amr_v4_msgs_srvs/include/amr_v4_msgs_srvs/msg/pin.hpp
[24.632s] -- Up-to-date: /home/kidd/projects/agv_gui/install/amr_v4_msgs_srvs/include/amr_v4_msgs_srvs/srv
[24.632s] -- Up-to-date: /home/kidd/projects/agv_gui/install/amr_v4_msgs_srvs/include/amr_v4_msgs_srvs/srv/detail
[24.632s] -- Installing: /home/kidd/projects/agv_gui/install/amr_v4_msgs_srvs/include/amr_v4_msgs_srvs/srv/detail/testserv__traits.hpp
[24.632s] -- Installing: /home/kidd/projects/agv_gui/install/amr_v4_msgs_srvs/include/amr_v4_msgs_srvs/srv/detail/testserv__builder.hpp
[24.632s] -- Installing: /home/kidd/projects/agv_gui/install/amr_v4_msgs_srvs/include/amr_v4_msgs_srvs/srv/detail/testserv__struct.hpp
[24.633s] -- Installing: /home/kidd/projects/agv_gui/install/amr_v4_msgs_srvs/include/amr_v4_msgs_srvs/srv/testserv.hpp
[24.633s] -- Up-to-date: /home/kidd/projects/agv_gui/install/amr_v4_msgs_srvs/include/amr_v4_msgs_srvs
[24.633s] -- Up-to-date: /home/kidd/projects/agv_gui/install/amr_v4_msgs_srvs/include/amr_v4_msgs_srvs/msg
[24.633s] -- Up-to-date: /home/kidd/projects/agv_gui/install/amr_v4_msgs_srvs/include/amr_v4_msgs_srvs/msg/detail
[24.639s] -- Installing: /home/kidd/projects/agv_gui/install/amr_v4_msgs_srvs/include/amr_v4_msgs_srvs/msg/detail/robot__type_support.cpp
[24.639s] -- Installing: /home/kidd/projects/agv_gui/install/amr_v4_msgs_srvs/include/amr_v4_msgs_srvs/msg/detail/motor__rosidl_typesupport_introspection_cpp.hpp
[24.639s] -- Installing: /home/kidd/projects/agv_gui/install/amr_v4_msgs_srvs/include/amr_v4_msgs_srvs/msg/detail/motor__type_support.cpp
[24.639s] -- Installing: /home/kidd/projects/agv_gui/install/amr_v4_msgs_srvs/include/amr_v4_msgs_srvs/msg/detail/pin__rosidl_typesupport_introspection_cpp.hpp
[24.639s] -- Installing: /home/kidd/projects/agv_gui/install/amr_v4_msgs_srvs/include/amr_v4_msgs_srvs/msg/detail/robot__rosidl_typesupport_introspection_cpp.hpp
[24.640s] -- Installing: /home/kidd/projects/agv_gui/install/amr_v4_msgs_srvs/include/amr_v4_msgs_srvs/msg/detail/pin__type_support.cpp
[24.640s] -- Up-to-date: /home/kidd/projects/agv_gui/install/amr_v4_msgs_srvs/include/amr_v4_msgs_srvs/srv
[24.640s] -- Up-to-date: /home/kidd/projects/agv_gui/install/amr_v4_msgs_srvs/include/amr_v4_msgs_srvs/srv/detail
[24.640s] -- Installing: /home/kidd/projects/agv_gui/install/amr_v4_msgs_srvs/include/amr_v4_msgs_srvs/srv/detail/testserv__type_support.cpp
[24.640s] -- Installing: /home/kidd/projects/agv_gui/install/amr_v4_msgs_srvs/include/amr_v4_msgs_srvs/srv/detail/testserv__rosidl_typesupport_introspection_cpp.hpp
[24.640s] -- Installing: /home/kidd/projects/agv_gui/install/amr_v4_msgs_srvs/lib/libamr_v4_msgs_srvs__rosidl_typesupport_introspection_cpp.so
[24.640s] -- Set runtime path of "/home/kidd/projects/agv_gui/install/amr_v4_msgs_srvs/lib/libamr_v4_msgs_srvs__rosidl_typesupport_introspection_cpp.so" to ""
[24.640s] -- Installing: /home/kidd/projects/agv_gui/install/amr_v4_msgs_srvs/lib/libamr_v4_msgs_srvs__rosidl_typesupport_cpp.so
[24.641s] -- Set runtime path of "/home/kidd/projects/agv_gui/install/amr_v4_msgs_srvs/lib/libamr_v4_msgs_srvs__rosidl_typesupport_cpp.so" to ""
[24.641s] -- Installing: /home/kidd/projects/agv_gui/install/amr_v4_msgs_srvs/share/amr_v4_msgs_srvs/environment/pythonpath.sh
[24.641s] -- Installing: /home/kidd/projects/agv_gui/install/amr_v4_msgs_srvs/share/amr_v4_msgs_srvs/environment/pythonpath.dsv
[24.642s] -- Installing: /home/kidd/projects/agv_gui/install/amr_v4_msgs_srvs/lib/python3.8/site-packages/amr_v4_msgs_srvs/__init__.py
[24.761s] Compiling '/home/kidd/projects/agv_gui/install/amr_v4_msgs_srvs/lib/python3.8/site-packages/amr_v4_msgs_srvs/__init__.py'...
[24.773s] -- Up-to-date: /home/kidd/projects/agv_gui/install/amr_v4_msgs_srvs/lib/python3.8/site-packages/amr_v4_msgs_srvs/msg
[24.773s] -- Installing: /home/kidd/projects/agv_gui/install/amr_v4_msgs_srvs/lib/python3.8/site-packages/amr_v4_msgs_srvs/msg/_motor.py
[24.773s] -- Installing: /home/kidd/projects/agv_gui/install/amr_v4_msgs_srvs/lib/python3.8/site-packages/amr_v4_msgs_srvs/msg/_robot_s.c
[24.774s] -- Installing: /home/kidd/projects/agv_gui/install/amr_v4_msgs_srvs/lib/python3.8/site-packages/amr_v4_msgs_srvs/msg/__init__.py
[24.774s] -- Installing: /home/kidd/projects/agv_gui/install/amr_v4_msgs_srvs/lib/python3.8/site-packages/amr_v4_msgs_srvs/msg/_motor_s.c
[24.774s] -- Installing: /home/kidd/projects/agv_gui/install/amr_v4_msgs_srvs/lib/python3.8/site-packages/amr_v4_msgs_srvs/msg/_robot.py
[24.774s] -- Installing: /home/kidd/projects/agv_gui/install/amr_v4_msgs_srvs/lib/python3.8/site-packages/amr_v4_msgs_srvs/msg/_pin.py
[24.774s] -- Installing: /home/kidd/projects/agv_gui/install/amr_v4_msgs_srvs/lib/python3.8/site-packages/amr_v4_msgs_srvs/msg/_pin_s.c
[24.775s] -- Up-to-date: /home/kidd/projects/agv_gui/install/amr_v4_msgs_srvs/lib/python3.8/site-packages/amr_v4_msgs_srvs/srv
[24.775s] -- Installing: /home/kidd/projects/agv_gui/install/amr_v4_msgs_srvs/lib/python3.8/site-packages/amr_v4_msgs_srvs/srv/_testserv.py
[24.775s] -- Installing: /home/kidd/projects/agv_gui/install/amr_v4_msgs_srvs/lib/python3.8/site-packages/amr_v4_msgs_srvs/srv/__init__.py
[24.775s] -- Installing: /home/kidd/projects/agv_gui/install/amr_v4_msgs_srvs/lib/python3.8/site-packages/amr_v4_msgs_srvs/srv/_testserv_s.c
[24.776s] -- Installing: /home/kidd/projects/agv_gui/install/amr_v4_msgs_srvs/lib/python3.8/site-packages/amr_v4_msgs_srvs/amr_v4_msgs_srvs_s__rosidl_typesupport_fastrtps_c.cpython-38-x86_64-linux-gnu.so
[24.776s] -- Set runtime path of "/home/kidd/projects/agv_gui/install/amr_v4_msgs_srvs/lib/python3.8/site-packages/amr_v4_msgs_srvs/amr_v4_msgs_srvs_s__rosidl_typesupport_fastrtps_c.cpython-38-x86_64-linux-gnu.so" to ""
[24.777s] -- Installing: /home/kidd/projects/agv_gui/install/amr_v4_msgs_srvs/lib/python3.8/site-packages/amr_v4_msgs_srvs/amr_v4_msgs_srvs_s__rosidl_typesupport_introspection_c.cpython-38-x86_64-linux-gnu.so
[24.778s] -- Set runtime path of "/home/kidd/projects/agv_gui/install/amr_v4_msgs_srvs/lib/python3.8/site-packages/amr_v4_msgs_srvs/amr_v4_msgs_srvs_s__rosidl_typesupport_introspection_c.cpython-38-x86_64-linux-gnu.so" to ""
[24.778s] -- Installing: /home/kidd/projects/agv_gui/install/amr_v4_msgs_srvs/lib/python3.8/site-packages/amr_v4_msgs_srvs/amr_v4_msgs_srvs_s__rosidl_typesupport_c.cpython-38-x86_64-linux-gnu.so
[24.779s] -- Set runtime path of "/home/kidd/projects/agv_gui/install/amr_v4_msgs_srvs/lib/python3.8/site-packages/amr_v4_msgs_srvs/amr_v4_msgs_srvs_s__rosidl_typesupport_c.cpython-38-x86_64-linux-gnu.so" to ""
[24.780s] -- Installing: /home/kidd/projects/agv_gui/install/amr_v4_msgs_srvs/lib/libamr_v4_msgs_srvs__python.so
[24.781s] -- Set runtime path of "/home/kidd/projects/agv_gui/install/amr_v4_msgs_srvs/lib/libamr_v4_msgs_srvs__python.so" to ""
[24.781s] -- Installing: /home/kidd/projects/agv_gui/install/amr_v4_msgs_srvs/share/amr_v4_msgs_srvs/msg/Motor.idl
[24.781s] -- Installing: /home/kidd/projects/agv_gui/install/amr_v4_msgs_srvs/share/amr_v4_msgs_srvs/msg/Robot.idl
[24.782s] -- Installing: /home/kidd/projects/agv_gui/install/amr_v4_msgs_srvs/share/amr_v4_msgs_srvs/msg/Pin.idl
[24.782s] -- Installing: /home/kidd/projects/agv_gui/install/amr_v4_msgs_srvs/share/amr_v4_msgs_srvs/srv/Testserv.idl
[24.782s] -- Up-to-date: /home/kidd/projects/agv_gui/install/amr_v4_msgs_srvs/share/amr_v4_msgs_srvs/msg/Motor.msg
[24.783s] -- Up-to-date: /home/kidd/projects/agv_gui/install/amr_v4_msgs_srvs/share/amr_v4_msgs_srvs/msg/Robot.msg
[24.783s] -- Up-to-date: /home/kidd/projects/agv_gui/install/amr_v4_msgs_srvs/share/amr_v4_msgs_srvs/msg/Pin.msg
[24.783s] -- Up-to-date: /home/kidd/projects/agv_gui/install/amr_v4_msgs_srvs/share/amr_v4_msgs_srvs/srv/Testserv.srv
[24.783s] -- Installing: /home/kidd/projects/agv_gui/install/amr_v4_msgs_srvs/share/amr_v4_msgs_srvs/srv/Testserv_Request.msg
[24.784s] -- Installing: /home/kidd/projects/agv_gui/install/amr_v4_msgs_srvs/share/amr_v4_msgs_srvs/srv/Testserv_Response.msg
[24.784s] -- Installing: /home/kidd/projects/agv_gui/install/amr_v4_msgs_srvs/share/ament_index/resource_index/package_run_dependencies/amr_v4_msgs_srvs
[24.784s] -- Installing: /home/kidd/projects/agv_gui/install/amr_v4_msgs_srvs/share/ament_index/resource_index/parent_prefix_path/amr_v4_msgs_srvs
[24.784s] -- Up-to-date: /home/kidd/projects/agv_gui/install/amr_v4_msgs_srvs/share/amr_v4_msgs_srvs/environment/ament_prefix_path.sh
[24.785s] -- Installing: /home/kidd/projects/agv_gui/install/amr_v4_msgs_srvs/share/amr_v4_msgs_srvs/environment/ament_prefix_path.dsv
[24.785s] -- Up-to-date: /home/kidd/projects/agv_gui/install/amr_v4_msgs_srvs/share/amr_v4_msgs_srvs/environment/path.sh
[24.785s] -- Installing: /home/kidd/projects/agv_gui/install/amr_v4_msgs_srvs/share/amr_v4_msgs_srvs/environment/path.dsv
[24.785s] -- Installing: /home/kidd/projects/agv_gui/install/amr_v4_msgs_srvs/share/amr_v4_msgs_srvs/local_setup.bash
[24.789s] -- Installing: /home/kidd/projects/agv_gui/install/amr_v4_msgs_srvs/share/amr_v4_msgs_srvs/local_setup.sh
[24.790s] -- Installing: /home/kidd/projects/agv_gui/install/amr_v4_msgs_srvs/share/amr_v4_msgs_srvs/local_setup.zsh
[24.790s] -- Installing: /home/kidd/projects/agv_gui/install/amr_v4_msgs_srvs/share/amr_v4_msgs_srvs/local_setup.dsv
[24.791s] -- Installing: /home/kidd/projects/agv_gui/install/amr_v4_msgs_srvs/share/amr_v4_msgs_srvs/package.dsv
[24.791s] -- Installing: /home/kidd/projects/agv_gui/install/amr_v4_msgs_srvs/share/ament_index/resource_index/packages/amr_v4_msgs_srvs
[24.791s] -- Installing: /home/kidd/projects/agv_gui/install/amr_v4_msgs_srvs/share/amr_v4_msgs_srvs/cmake/amr_v4_msgs_srvs__rosidl_generator_cExport.cmake
[24.792s] -- Installing: /home/kidd/projects/agv_gui/install/amr_v4_msgs_srvs/share/amr_v4_msgs_srvs/cmake/amr_v4_msgs_srvs__rosidl_generator_cExport-noconfig.cmake
[24.793s] -- Installing: /home/kidd/projects/agv_gui/install/amr_v4_msgs_srvs/share/amr_v4_msgs_srvs/cmake/amr_v4_msgs_srvs__rosidl_typesupport_introspection_cExport.cmake
[24.793s] -- Installing: /home/kidd/projects/agv_gui/install/amr_v4_msgs_srvs/share/amr_v4_msgs_srvs/cmake/amr_v4_msgs_srvs__rosidl_typesupport_introspection_cExport-noconfig.cmake
[24.794s] -- Installing: /home/kidd/projects/agv_gui/install/amr_v4_msgs_srvs/share/amr_v4_msgs_srvs/cmake/amr_v4_msgs_srvs__rosidl_typesupport_cExport.cmake
[24.794s] -- Installing: /home/kidd/projects/agv_gui/install/amr_v4_msgs_srvs/share/amr_v4_msgs_srvs/cmake/amr_v4_msgs_srvs__rosidl_typesupport_cExport-noconfig.cmake
[24.794s] -- Installing: /home/kidd/projects/agv_gui/install/amr_v4_msgs_srvs/share/amr_v4_msgs_srvs/cmake/amr_v4_msgs_srvs__rosidl_generator_cppExport.cmake
[24.795s] -- Installing: /home/kidd/projects/agv_gui/install/amr_v4_msgs_srvs/share/amr_v4_msgs_srvs/cmake/amr_v4_msgs_srvs__rosidl_typesupport_introspection_cppExport.cmake
[24.795s] -- Installing: /home/kidd/projects/agv_gui/install/amr_v4_msgs_srvs/share/amr_v4_msgs_srvs/cmake/amr_v4_msgs_srvs__rosidl_typesupport_introspection_cppExport-noconfig.cmake
[24.796s] -- Installing: /home/kidd/projects/agv_gui/install/amr_v4_msgs_srvs/share/amr_v4_msgs_srvs/cmake/amr_v4_msgs_srvs__rosidl_typesupport_cppExport.cmake
[24.796s] -- Installing: /home/kidd/projects/agv_gui/install/amr_v4_msgs_srvs/share/amr_v4_msgs_srvs/cmake/amr_v4_msgs_srvs__rosidl_typesupport_cppExport-noconfig.cmake
[24.797s] -- Installing: /home/kidd/projects/agv_gui/install/amr_v4_msgs_srvs/share/amr_v4_msgs_srvs/cmake/rosidl_cmake-extras.cmake
[24.797s] -- Installing: /home/kidd/projects/agv_gui/install/amr_v4_msgs_srvs/share/amr_v4_msgs_srvs/cmake/ament_cmake_export_dependencies-extras.cmake
[24.797s] -- Installing: /home/kidd/projects/agv_gui/install/amr_v4_msgs_srvs/share/amr_v4_msgs_srvs/cmake/ament_cmake_export_libraries-extras.cmake
[24.797s] -- Installing: /home/kidd/projects/agv_gui/install/amr_v4_msgs_srvs/share/amr_v4_msgs_srvs/cmake/ament_cmake_export_targets-extras.cmake
[24.798s] -- Installing: /home/kidd/projects/agv_gui/install/amr_v4_msgs_srvs/share/amr_v4_msgs_srvs/cmake/ament_cmake_export_include_directories-extras.cmake
[24.798s] -- Installing: /home/kidd/projects/agv_gui/install/amr_v4_msgs_srvs/share/amr_v4_msgs_srvs/cmake/rosidl_cmake_export_typesupport_libraries-extras.cmake
[24.799s] -- Installing: /home/kidd/projects/agv_gui/install/amr_v4_msgs_srvs/share/amr_v4_msgs_srvs/cmake/rosidl_cmake_export_typesupport_targets-extras.cmake
[24.799s] -- Installing: /home/kidd/projects/agv_gui/install/amr_v4_msgs_srvs/share/amr_v4_msgs_srvs/cmake/amr_v4_msgs_srvsConfig.cmake
[24.799s] -- Installing: /home/kidd/projects/agv_gui/install/amr_v4_msgs_srvs/share/amr_v4_msgs_srvs/cmake/amr_v4_msgs_srvsConfig-version.cmake
[24.799s] -- Up-to-date: /home/kidd/projects/agv_gui/install/amr_v4_msgs_srvs/share/amr_v4_msgs_srvs/package.xml
[24.821s] Invoked command in '/home/kidd/projects/agv_gui/build/amr_v4_msgs_srvs' returned '0': CMAKE_PREFIX_PATH=${CMAKE_PREFIX_PATH}:/opt/ros/galactic /usr/bin/cmake --install /home/kidd/projects/agv_gui/build/amr_v4_msgs_srvs
