[0.025s] Invoking command in '/home/colin/agv_gui/build/amr_v4_qt': CMAKE_PREFIX_PATH=${CMAKE_PREFIX_PATH}:/opt/ros/iron /usr/bin/cmake --build /home/colin/agv_gui/build/amr_v4_qt -- -j4 -l4
[0.162s] [  2%] [34m[1mAutomatic MOC and UIC for target amr_v4_qt[0m
[0.226s] [  2%] Built target amr_v4_qt_autogen
[0.269s] [35m[1mConsolidate compiler generated dependencies of target amr_v4_qt[0m
[0.349s] [  5%] [32mBuilding CXX object CMakeFiles/amr_v4_qt.dir/src/main_gui.cpp.o[0m
[6.765s] [  8%] [32m[1mLinking CXX executable amr_v4_qt[0m
[12.494s] [100%] Built target amr_v4_qt
[12.508s] Invoked command in '/home/colin/agv_gui/build/amr_v4_qt' returned '0': CMAKE_PREFIX_PATH=${CMAKE_PREFIX_PATH}:/opt/ros/iron /usr/bin/cmake --build /home/colin/agv_gui/build/amr_v4_qt -- -j4 -l4
[12.628s] Invoking command in '/home/colin/agv_gui/build/amr_v4_qt': CMAKE_PREFIX_PATH=${CMAKE_PREFIX_PATH}:/opt/ros/iron /usr/bin/cmake --install /home/colin/agv_gui/build/amr_v4_qt
[12.641s] -- Install configuration: ""
[12.641s] -- Installing: /home/colin/agv_gui/install/amr_v4_qt/lib/amr_v4_qt/amr_v4_qt
[12.654s] -- Set runtime path of "/home/colin/agv_gui/install/amr_v4_qt/lib/amr_v4_qt/amr_v4_qt" to ""
[12.654s] -- Up-to-date: /home/colin/agv_gui/install/amr_v4_qt/share/amr_v4_qt/launch
[12.655s] -- Up-to-date: /home/colin/agv_gui/install/amr_v4_qt/share/amr_v4_qt/launch/gui.launch.py
[12.655s] -- Up-to-date: /home/colin/agv_gui/install/amr_v4_qt/share/ament_index/resource_index/package_run_dependencies/amr_v4_qt
[12.655s] -- Up-to-date: /home/colin/agv_gui/install/amr_v4_qt/share/ament_index/resource_index/parent_prefix_path/amr_v4_qt
[12.655s] -- Up-to-date: /home/colin/agv_gui/install/amr_v4_qt/share/amr_v4_qt/environment/ament_prefix_path.sh
[12.656s] -- Up-to-date: /home/colin/agv_gui/install/amr_v4_qt/share/amr_v4_qt/environment/ament_prefix_path.dsv
[12.656s] -- Up-to-date: /home/colin/agv_gui/install/amr_v4_qt/share/amr_v4_qt/environment/path.sh
[12.656s] -- Up-to-date: /home/colin/agv_gui/install/amr_v4_qt/share/amr_v4_qt/environment/path.dsv
[12.656s] -- Up-to-date: /home/colin/agv_gui/install/amr_v4_qt/share/amr_v4_qt/local_setup.bash
[12.656s] -- Up-to-date: /home/colin/agv_gui/install/amr_v4_qt/share/amr_v4_qt/local_setup.sh
[12.656s] -- Up-to-date: /home/colin/agv_gui/install/amr_v4_qt/share/amr_v4_qt/local_setup.zsh
[12.657s] -- Up-to-date: /home/colin/agv_gui/install/amr_v4_qt/share/amr_v4_qt/local_setup.dsv
[12.657s] -- Installing: /home/colin/agv_gui/install/amr_v4_qt/share/amr_v4_qt/package.dsv
[12.657s] -- Up-to-date: /home/colin/agv_gui/install/amr_v4_qt/share/ament_index/resource_index/packages/amr_v4_qt
[12.657s] -- Up-to-date: /home/colin/agv_gui/install/amr_v4_qt/share/amr_v4_qt/cmake/amr_v4_qtConfig.cmake
[12.657s] -- Up-to-date: /home/colin/agv_gui/install/amr_v4_qt/share/amr_v4_qt/cmake/amr_v4_qtConfig-version.cmake
[12.658s] -- Up-to-date: /home/colin/agv_gui/install/amr_v4_qt/share/amr_v4_qt/package.xml
[12.659s] Invoked command in '/home/colin/agv_gui/build/amr_v4_qt' returned '0': CMAKE_PREFIX_PATH=${CMAKE_PREFIX_PATH}:/opt/ros/iron /usr/bin/cmake --install /home/colin/agv_gui/build/amr_v4_qt
