[0.759s] Invoking command in '/home/colin/agv_gui/build/agv_gui': CMAKE_PREFIX_PATH=${CMAKE_PREFIX_PATH}:/opt/ros/galactic /usr/bin/cmake --build /home/colin/agv_gui/build/agv_gui -- -j6 -l6
[1.044s] [ 10%] [34m[1mAutomatic MOC and UIC for target agv_gui[0m
[1.095s] AutoMoc warning
[1.095s] ---------------
[1.096s] "SRC:/src/battery_node.cpp"
[1.096s] includes the moc file "battery_node.moc", but does not contain a Q_OBJECT, Q_GADGET or Q_NAMESPACE macro.
[1.097s] 
[1.097s] AutoMoc warning
[1.098s] ---------------
[1.098s] "SRC:/src/charge_node.cpp"
[1.099s] includes the moc file "charge_node.moc", but does not contain a Q_OBJECT, Q_GADGET or Q_NAMESPACE macro.
[1.099s] 
[1.878s] [ 10%] Built target agv_gui_autogen
[1.965s] [35m[1mScanning dependencies of target agv_gui[0m
[2.358s] [ 20%] [32mBuilding CXX object CMakeFiles/agv_gui.dir/src/main_gui.cpp.o[0m
[13.253s] [01m[K/home/colin/agv_gui/src/agv_gui/src/main_gui.cpp:[m[K In constructor ‘[01m[KMainGui::MainGui(std::shared_ptr<ChargeSub>, std::shared_ptr<BatterySub>, QWidget*)[m[K’:
[13.254s] [01m[K/home/colin/agv_gui/src/agv_gui/src/main_gui.cpp:33:3:[m[K [01;31m[Kerror: [m[Kexpected identifier before ‘[01m[K{[m[K’ token
[13.255s]    33 |   [01;31m[K{[m[K
[13.255s]       |   [01;31m[K^[m[K
[13.266s] [01m[K/home/colin/agv_gui/src/agv_gui/src/main_gui.cpp:124:80:[m[K [01;31m[Kerror: [m[K‘[01m[KupdateBattery[m[K’ is not a member of ‘[01m[KMainGui[m[K’
[13.267s]   124 |       connect(battery_sub_.get(), &BatterySub::changedBattery, this, &MainGui::[01;31m[KupdateBattery[m[K);
[13.267s]       |                                                                                [01;31m[K^~~~~~~~~~~~~[m[K
[15.578s] make[2]: *** [CMakeFiles/agv_gui.dir/build.make:110: CMakeFiles/agv_gui.dir/src/main_gui.cpp.o] Error 1
[15.581s] make[1]: *** [CMakeFiles/Makefile2:79: CMakeFiles/agv_gui.dir/all] Error 2
[15.582s] make: *** [Makefile:141: all] Error 2
[15.595s] Invoked command in '/home/colin/agv_gui/build/agv_gui' returned '2': CMAKE_PREFIX_PATH=${CMAKE_PREFIX_PATH}:/opt/ros/galactic /usr/bin/cmake --build /home/colin/agv_gui/build/agv_gui -- -j6 -l6
