[0.551s] Invoking command in '/home/colin/agv_gui/build/agv_gui': CMAKE_PREFIX_PATH=${CMAKE_PREFIX_PATH}:/opt/ros/galactic /usr/bin/cmake --build /home/colin/agv_gui/build/agv_gui -- -j4 -l4
[0.783s] [  5%] [34m[1mAutomatic MOC and UIC for target agv_gui[0m
[0.826s] AutoMoc warning
[0.827s] ---------------
[0.827s] "SRC:/src/battery_node_1.cpp"
[0.828s] includes the moc file "battery_node_1.moc", but does not contain a Q_OBJECT, Q_GADGET or Q_NAMESPACE macro.
[0.828s] 
[0.828s] AutoMoc warning
[0.828s] ---------------
[0.829s] "SRC:/src/battery_node_2.cpp"
[0.829s] includes the moc file "battery_node_2.moc", but does not contain a Q_OBJECT, Q_GADGET or Q_NAMESPACE macro.
[0.829s] 
[0.829s] AutoMoc warning
[0.830s] ---------------
[0.830s] "SRC:/src/battery_node_3.cpp"
[0.830s] includes the moc file "battery_node_3.moc", but does not contain a Q_OBJECT, Q_GADGET or Q_NAMESPACE macro.
[0.831s] 
[0.831s] AutoMoc warning
[0.831s] ---------------
[0.831s] "SRC:/src/battery_node_4.cpp"
[0.832s] includes the moc file "battery_node_4.moc", but does not contain a Q_OBJECT, Q_GADGET or Q_NAMESPACE macro.
[0.832s] 
[0.832s] AutoMoc warning
[0.832s] ---------------
[0.833s] "SRC:/src/charge_node.cpp"
[0.833s] includes the moc file "charge_node.moc", but does not contain a Q_OBJECT, Q_GADGET or Q_NAMESPACE macro.
[0.833s] 
[1.445s] [  5%] Built target agv_gui_autogen
[1.528s] [35m[1mScanning dependencies of target agv_gui[0m
[1.863s] [ 10%] [32mBuilding CXX object CMakeFiles/agv_gui.dir/src/main_gui.cpp.o[0m
[5.883s] make[2]: *** [CMakeFiles/agv_gui.dir/build.make:161: CMakeFiles/agv_gui.dir/src/main_gui.cpp.o] Interrupt
[5.884s] make[1]: *** [CMakeFiles/Makefile2:79: CMakeFiles/agv_gui.dir/all] Interrupt
[5.885s] make: *** [Makefile:141: all] Interrupt
[5.930s] Invoked command in '/home/colin/agv_gui/build/agv_gui' returned '-2': CMAKE_PREFIX_PATH=${CMAKE_PREFIX_PATH}:/opt/ros/galactic /usr/bin/cmake --build /home/colin/agv_gui/build/agv_gui -- -j4 -l4
