[01m[K/home/colin/agv_gui/src/amr_v4_qt/src/main.cpp:[m[K In function ‘[01m[Kint main(int, char**)[m[K’:
[01m[K/home/colin/agv_gui/src/amr_v4_qt/src/main.cpp:25:54:[m[K [01;31m[Kerror: [m[Kinvalid operands of types ‘[01m[Kconst char [8][m[K’ and ‘[01m[Kconst char*[m[K’ to binary ‘[01m[Koperator+[m[K’
   25 |     options.arguments({"--ros-args", "-r", [32m[K"__ns:=/"[m[K [01;31m[K+[m[K [34m[Krobot_name[m[K, "-r", "__node:=Motor_Status"});
      |                                            [32m[K~~~~~~~~~[m[K [01;31m[K^[m[K [34m[K~~~~~~~~~~[m[K
      |                                            [32m[K|[m[K           [34m[K|[m[K
      |                                            [32m[K|[m[K           [34m[Kconst char*[m[K
      |                                            [32m[Kconst char [8][m[K
[01m[K/home/colin/agv_gui/src/amr_v4_qt/src/main.cpp:25:22:[m[K [01;31m[Kerror: [m[Kno matching function for call to ‘[01m[Krclcpp::NodeOptions::arguments(<brace-enclosed initializer list>)[m[K’
   25 |     [01;31m[Koptions.arguments({"--ros-args", "-r", "__ns:=/" + robot_name, "-r", "__node:=Motor_Status"})[m[K;
      |     [01;31m[K~~~~~~~~~~~~~~~~~^~~~~~~~~~~~~~~~~~~~~~~~~~~~~~~~~~~~~~~~~~~~~~~~~~~~~~~~~~~~~~~~~~~~~~~~~~~~[m[K
In file included from [01m[K/opt/ros/iron/include/rclcpp/rclcpp/node.hpp:61[m[K,
                 from [01m[K/opt/ros/iron/include/rclcpp/rclcpp/executors/single_threaded_executor.hpp:28[m[K,
                 from [01m[K/opt/ros/iron/include/rclcpp/rclcpp/executors.hpp:22[m[K,
                 from [01m[K/opt/ros/iron/include/rclcpp/rclcpp/rclcpp.hpp:167[m[K,
                 from [01m[K/home/colin/agv_gui/src/amr_v4_qt/src/main.cpp:3[m[K:
[01m[K/opt/ros/iron/include/rclcpp/rclcpp/node_options.hpp:108:3:[m[K [01;36m[Knote: [m[Kcandidate: ‘[01m[Kconst std::vector<std::__cxx11::basic_string<char> >& rclcpp::NodeOptions::arguments() const[m[K’
  108 |   [01;36m[Karguments[m[K() const;
      |   [01;36m[K^~~~~~~~~[m[K
[01m[K/opt/ros/iron/include/rclcpp/rclcpp/node_options.hpp:108:3:[m[K [01;36m[Knote: [m[K  candidate expects 0 arguments, 1 provided
[01m[K/opt/ros/iron/include/rclcpp/rclcpp/node_options.hpp:119:3:[m[K [01;36m[Knote: [m[Kcandidate: ‘[01m[Krclcpp::NodeOptions& rclcpp::NodeOptions::arguments(const std::vector<std::__cxx11::basic_string<char> >&)[m[K’
  119 |   [01;36m[Karguments[m[K(const std::vector<std::string> & arguments);
      |   [01;36m[K^~~~~~~~~[m[K
[01m[K/opt/ros/iron/include/rclcpp/rclcpp/node_options.hpp:119:46:[m[K [01;36m[Knote: [m[K  no known conversion for argument 1 from ‘[01m[K<brace-enclosed initializer list>[m[K’ to ‘[01m[Kconst std::vector<std::__cxx11::basic_string<char> >&[m[K’
  119 |   arguments([01;36m[Kconst std::vector<std::string> & arguments[m[K);
      |             [01;36m[K~~~~~~~~~~~~~~~~~~~~~~~~~~~~~~~~~^~~~~~~~~[m[K
[01m[K/home/colin/agv_gui/src/amr_v4_qt/src/main.cpp:26:5:[m[K [01;31m[Kerror: [m[K‘[01m[Knode_[m[K’ was not declared in this scope; did you mean ‘[01m[Kmode_t[m[K’?
   26 |     [01;31m[Knode_[m[K = std::Node::make_shared("_", options);
      |     [01;31m[K^~~~~[m[K
      |     [32m[Kmode_t[m[K
[01m[K/home/colin/agv_gui/src/amr_v4_qt/src/main.cpp:26:18:[m[K [01;31m[Kerror: [m[K‘[01m[Kstd::Node[m[K’ has not been declared
   26 |     node_ = std::[01;31m[KNode[m[K::make_shared("_", options);
      |                  [01;31m[K^~~~[m[K
gmake[2]: *** [CMakeFiles/amr_v4_qt.dir/build.make:158: CMakeFiles/amr_v4_qt.dir/src/main.cpp.o] Error 1
gmake[1]: *** [CMakeFiles/Makefile2:138: CMakeFiles/amr_v4_qt.dir/all] Error 2
gmake: *** [Makefile:146: all] Error 2
