[0.080s] Invoking command in '/home/colin/agv_gui/build/agv_gui': CMAKE_PREFIX_PATH=${CMAKE_PREFIX_PATH}:/opt/ros/foxy /usr/bin/cmake --build /home/colin/agv_gui/build/agv_gui -- -j4 -l4
[0.320s] [  5%] [34m[1mAutomatic MOC and UIC for target agv_gui[0m
[0.362s] AutoMoc warning
[0.363s] ---------------
[0.364s] "SRC:/src/battery_node_1.cpp"
[0.365s] includes the moc file "battery_node_1.moc", but does not contain a Q_OBJECT, Q_GADGET or Q_NAMESPACE macro.
[0.365s] 
[0.365s] AutoMoc warning
[0.365s] ---------------
[0.366s] "SRC:/src/battery_node_2.cpp"
[0.366s] includes the moc file "battery_node_2.moc", but does not contain a Q_OBJECT, Q_GADGET or Q_NAMESPACE macro.
[0.367s] 
[0.367s] AutoMoc warning
[0.367s] ---------------
[0.368s] "SRC:/src/battery_node_3.cpp"
[0.368s] includes the moc file "battery_node_3.moc", but does not contain a Q_OBJECT, Q_GADGET or Q_NAMESPACE macro.
[0.368s] 
[0.369s] AutoMoc warning
[0.369s] ---------------
[0.369s] "SRC:/src/battery_node_4.cpp"
[0.370s] includes the moc file "battery_node_4.moc", but does not contain a Q_OBJECT, Q_GADGET or Q_NAMESPACE macro.
[0.370s] 
[0.370s] AutoMoc warning
[0.371s] ---------------
[0.371s] "SRC:/src/charge_node.cpp"
[0.371s] includes the moc file "charge_node.moc", but does not contain a Q_OBJECT, Q_GADGET or Q_NAMESPACE macro.
[0.371s] 
[1.025s] [  5%] Built target agv_gui_autogen
[1.114s] [35m[1mScanning dependencies of target agv_gui[0m
[1.445s] [ 10%] [32mBuilding CXX object CMakeFiles/agv_gui.dir/src/main_gui.cpp.o[0m
[14.060s] [ 15%] [32m[1mLinking CXX executable agv_gui[0m
[19.408s] [100%] Built target agv_gui
[19.461s] Invoked command in '/home/colin/agv_gui/build/agv_gui' returned '0': CMAKE_PREFIX_PATH=${CMAKE_PREFIX_PATH}:/opt/ros/foxy /usr/bin/cmake --build /home/colin/agv_gui/build/agv_gui -- -j4 -l4
[19.738s] Invoking command in '/home/colin/agv_gui/build/agv_gui': CMAKE_PREFIX_PATH=${CMAKE_PREFIX_PATH}:/opt/ros/foxy /usr/bin/cmake --install /home/colin/agv_gui/build/agv_gui
[19.772s] -- Install configuration: ""
[19.774s] -- Installing: /home/colin/agv_gui/install/agv_gui/lib/agv_gui/agv_gui
[19.794s] -- Set runtime path of "/home/colin/agv_gui/install/agv_gui/lib/agv_gui/agv_gui" to ""
[19.794s] -- Up-to-date: /home/colin/agv_gui/install/agv_gui/share/agv_gui/launch
[19.795s] -- Up-to-date: /home/colin/agv_gui/install/agv_gui/share/agv_gui/launch/gui.launch.py
[19.796s] -- Up-to-date: /home/colin/agv_gui/install/agv_gui/share/ament_index/resource_index/package_run_dependencies/agv_gui
[19.797s] -- Up-to-date: /home/colin/agv_gui/install/agv_gui/share/ament_index/resource_index/parent_prefix_path/agv_gui
[19.798s] -- Up-to-date: /home/colin/agv_gui/install/agv_gui/share/agv_gui/environment/ament_prefix_path.sh
[19.798s] -- Up-to-date: /home/colin/agv_gui/install/agv_gui/share/agv_gui/environment/ament_prefix_path.dsv
[19.799s] -- Up-to-date: /home/colin/agv_gui/install/agv_gui/share/agv_gui/environment/path.sh
[19.799s] -- Up-to-date: /home/colin/agv_gui/install/agv_gui/share/agv_gui/environment/path.dsv
[19.799s] -- Up-to-date: /home/colin/agv_gui/install/agv_gui/share/agv_gui/local_setup.bash
[19.801s] -- Up-to-date: /home/colin/agv_gui/install/agv_gui/share/agv_gui/local_setup.sh
[19.801s] -- Up-to-date: /home/colin/agv_gui/install/agv_gui/share/agv_gui/local_setup.zsh
[19.801s] -- Up-to-date: /home/colin/agv_gui/install/agv_gui/share/agv_gui/local_setup.dsv
[19.801s] -- Installing: /home/colin/agv_gui/install/agv_gui/share/agv_gui/package.dsv
[19.802s] -- Up-to-date: /home/colin/agv_gui/install/agv_gui/share/ament_index/resource_index/packages/agv_gui
[19.802s] -- Up-to-date: /home/colin/agv_gui/install/agv_gui/share/agv_gui/cmake/agv_guiConfig.cmake
[19.802s] -- Up-to-date: /home/colin/agv_gui/install/agv_gui/share/agv_gui/cmake/agv_guiConfig-version.cmake
[19.803s] -- Up-to-date: /home/colin/agv_gui/install/agv_gui/share/agv_gui/package.xml
[19.813s] Invoked command in '/home/colin/agv_gui/build/agv_gui' returned '0': CMAKE_PREFIX_PATH=${CMAKE_PREFIX_PATH}:/opt/ros/foxy /usr/bin/cmake --install /home/colin/agv_gui/build/agv_gui
