[0.014s] Invoking command in '/home/colin/agv_gui/build/amr_v4_msgs_srvs': CMAKE_PREFIX_PATH=/opt/ros/iron /usr/bin/cmake --build /home/colin/agv_gui/build/amr_v4_msgs_srvs -- -j4 -l4
[0.078s] [  1%] Built target amr_v4_msgs_srvs__rosidl_generator_type_description
[0.090s] [  1%] Built target ament_cmake_python_copy_amr_v4_msgs_srvs
[0.093s] [35m[1mConsolidate compiler generated dependencies of target amr_v4_msgs_srvs__rosidl_generator_c[0m
[0.111s] [  3%] Built target amr_v4_msgs_srvs__cpp
[0.119s] [ 25%] Built target amr_v4_msgs_srvs__rosidl_generator_c
[0.145s] [35m[1mConsolidate compiler generated dependencies of target amr_v4_msgs_srvs__rosidl_typesupport_cpp[0m
[0.148s] [35m[1mConsolidate compiler generated dependencies of target amr_v4_msgs_srvs__rosidl_typesupport_fastrtps_c[0m
[0.160s] [35m[1mConsolidate compiler generated dependencies of target amr_v4_msgs_srvs__rosidl_typesupport_introspection_c[0m
[0.169s] [ 34%] Built target amr_v4_msgs_srvs__rosidl_typesupport_cpp
[0.170s] [ 43%] Built target amr_v4_msgs_srvs__rosidl_typesupport_fastrtps_c
[0.184s] [ 53%] Built target amr_v4_msgs_srvs__rosidl_typesupport_introspection_c
[0.184s] [35m[1mConsolidate compiler generated dependencies of target amr_v4_msgs_srvs__rosidl_typesupport_c[0m
[0.190s] [35m[1mConsolidate compiler generated dependencies of target amr_v4_msgs_srvs__rosidl_typesupport_fastrtps_cpp[0m
[0.200s] [35m[1mConsolidate compiler generated dependencies of target amr_v4_msgs_srvs__rosidl_typesupport_introspection_cpp[0m
[0.213s] [ 62%] Built target amr_v4_msgs_srvs__rosidl_typesupport_fastrtps_cpp
[0.216s] [ 71%] Built target amr_v4_msgs_srvs__rosidl_typesupport_c
[0.220s] [ 81%] Built target amr_v4_msgs_srvs__rosidl_typesupport_introspection_cpp
[0.250s] [ 81%] Built target amr_v4_msgs_srvs
[0.275s] [ 82%] Built target amr_v4_msgs_srvs__py
[0.287s] [35m[1mConsolidate compiler generated dependencies of target amr_v4_msgs_srvs__rosidl_generator_py[0m
[0.309s] [ 90%] Built target amr_v4_msgs_srvs__rosidl_generator_py
[0.322s] [35m[1mConsolidate compiler generated dependencies of target amr_v4_msgs_srvs__rosidl_typesupport_introspection_c__pyext[0m
[0.322s] [35m[1mConsolidate compiler generated dependencies of target amr_v4_msgs_srvs__rosidl_typesupport_fastrtps_c__pyext[0m
[0.328s] [35m[1mConsolidate compiler generated dependencies of target amr_v4_msgs_srvs__rosidl_typesupport_c__pyext[0m
[0.340s] [ 93%] Built target amr_v4_msgs_srvs__rosidl_typesupport_introspection_c__pyext
[0.341s] [ 96%] Built target amr_v4_msgs_srvs__rosidl_typesupport_fastrtps_c__pyext
[0.355s] [100%] Built target amr_v4_msgs_srvs__rosidl_typesupport_c__pyext
[0.473s] running egg_info
[0.475s] writing amr_v4_msgs_srvs.egg-info/PKG-INFO
[0.475s] writing dependency_links to amr_v4_msgs_srvs.egg-info/dependency_links.txt
[0.476s] writing top-level names to amr_v4_msgs_srvs.egg-info/top_level.txt
[0.481s] reading manifest file 'amr_v4_msgs_srvs.egg-info/SOURCES.txt'
[0.482s] writing manifest file 'amr_v4_msgs_srvs.egg-info/SOURCES.txt'
[0.543s] [100%] Built target ament_cmake_python_build_amr_v4_msgs_srvs_egg
[0.558s] Invoked command in '/home/colin/agv_gui/build/amr_v4_msgs_srvs' returned '0': CMAKE_PREFIX_PATH=/opt/ros/iron /usr/bin/cmake --build /home/colin/agv_gui/build/amr_v4_msgs_srvs -- -j4 -l4
[0.770s] Invoking command in '/home/colin/agv_gui/build/amr_v4_msgs_srvs': CMAKE_PREFIX_PATH=/opt/ros/iron /usr/bin/cmake --install /home/colin/agv_gui/build/amr_v4_msgs_srvs
[0.779s] -- Install configuration: ""
[0.780s] -- Up-to-date: /home/colin/agv_gui/install/amr_v4_msgs_srvs/share/ament_index/resource_index/rosidl_interfaces/amr_v4_msgs_srvs
[0.780s] -- Up-to-date: /home/colin/agv_gui/install/amr_v4_msgs_srvs/share/amr_v4_msgs_srvs/msg/Motor.json
[0.780s] -- Up-to-date: /home/colin/agv_gui/install/amr_v4_msgs_srvs/share/amr_v4_msgs_srvs/msg/Robot.json
[0.780s] -- Up-to-date: /home/colin/agv_gui/install/amr_v4_msgs_srvs/share/amr_v4_msgs_srvs/msg/Pin.json
[0.781s] -- Up-to-date: /home/colin/agv_gui/install/amr_v4_msgs_srvs/share/amr_v4_msgs_srvs/srv/Testserv.json
[0.781s] -- Up-to-date: /home/colin/agv_gui/install/amr_v4_msgs_srvs/include/amr_v4_msgs_srvs/amr_v4_msgs_srvs
[0.781s] -- Up-to-date: /home/colin/agv_gui/install/amr_v4_msgs_srvs/include/amr_v4_msgs_srvs/amr_v4_msgs_srvs/srv
[0.781s] -- Up-to-date: /home/colin/agv_gui/install/amr_v4_msgs_srvs/include/amr_v4_msgs_srvs/amr_v4_msgs_srvs/srv/detail
[0.781s] -- Up-to-date: /home/colin/agv_gui/install/amr_v4_msgs_srvs/include/amr_v4_msgs_srvs/amr_v4_msgs_srvs/srv/detail/testserv__type_support.c
[0.781s] -- Up-to-date: /home/colin/agv_gui/install/amr_v4_msgs_srvs/include/amr_v4_msgs_srvs/amr_v4_msgs_srvs/srv/detail/testserv__functions.h
[0.781s] -- Up-to-date: /home/colin/agv_gui/install/amr_v4_msgs_srvs/include/amr_v4_msgs_srvs/amr_v4_msgs_srvs/srv/detail/testserv__type_support.h
[0.782s] -- Up-to-date: /home/colin/agv_gui/install/amr_v4_msgs_srvs/include/amr_v4_msgs_srvs/amr_v4_msgs_srvs/srv/detail/testserv__struct.h
[0.782s] -- Up-to-date: /home/colin/agv_gui/install/amr_v4_msgs_srvs/include/amr_v4_msgs_srvs/amr_v4_msgs_srvs/srv/detail/testserv__functions.c
[0.782s] -- Up-to-date: /home/colin/agv_gui/install/amr_v4_msgs_srvs/include/amr_v4_msgs_srvs/amr_v4_msgs_srvs/srv/detail/testserv__description.c
[0.782s] -- Up-to-date: /home/colin/agv_gui/install/amr_v4_msgs_srvs/include/amr_v4_msgs_srvs/amr_v4_msgs_srvs/srv/testserv.h
[0.782s] -- Up-to-date: /home/colin/agv_gui/install/amr_v4_msgs_srvs/include/amr_v4_msgs_srvs/amr_v4_msgs_srvs/msg
[0.782s] -- Up-to-date: /home/colin/agv_gui/install/amr_v4_msgs_srvs/include/amr_v4_msgs_srvs/amr_v4_msgs_srvs/msg/detail
[0.782s] -- Up-to-date: /home/colin/agv_gui/install/amr_v4_msgs_srvs/include/amr_v4_msgs_srvs/amr_v4_msgs_srvs/msg/detail/motor__functions.h
[0.783s] -- Up-to-date: /home/colin/agv_gui/install/amr_v4_msgs_srvs/include/amr_v4_msgs_srvs/amr_v4_msgs_srvs/msg/detail/motor__struct.h
[0.783s] -- Up-to-date: /home/colin/agv_gui/install/amr_v4_msgs_srvs/include/amr_v4_msgs_srvs/amr_v4_msgs_srvs/msg/detail/pin__functions.h
[0.783s] -- Up-to-date: /home/colin/agv_gui/install/amr_v4_msgs_srvs/include/amr_v4_msgs_srvs/amr_v4_msgs_srvs/msg/detail/robot__functions.h
[0.783s] -- Up-to-date: /home/colin/agv_gui/install/amr_v4_msgs_srvs/include/amr_v4_msgs_srvs/amr_v4_msgs_srvs/msg/detail/robot__type_support.h
[0.783s] -- Up-to-date: /home/colin/agv_gui/install/amr_v4_msgs_srvs/include/amr_v4_msgs_srvs/amr_v4_msgs_srvs/msg/detail/motor__description.c
[0.783s] -- Up-to-date: /home/colin/agv_gui/install/amr_v4_msgs_srvs/include/amr_v4_msgs_srvs/amr_v4_msgs_srvs/msg/detail/robot__functions.c
[0.783s] -- Up-to-date: /home/colin/agv_gui/install/amr_v4_msgs_srvs/include/amr_v4_msgs_srvs/amr_v4_msgs_srvs/msg/detail/robot__struct.h
[0.783s] -- Up-to-date: /home/colin/agv_gui/install/amr_v4_msgs_srvs/include/amr_v4_msgs_srvs/amr_v4_msgs_srvs/msg/detail/robot__description.c
[0.784s] -- Up-to-date: /home/colin/agv_gui/install/amr_v4_msgs_srvs/include/amr_v4_msgs_srvs/amr_v4_msgs_srvs/msg/detail/pin__struct.h
[0.784s] -- Up-to-date: /home/colin/agv_gui/install/amr_v4_msgs_srvs/include/amr_v4_msgs_srvs/amr_v4_msgs_srvs/msg/detail/motor__type_support.h
[0.784s] -- Up-to-date: /home/colin/agv_gui/install/amr_v4_msgs_srvs/include/amr_v4_msgs_srvs/amr_v4_msgs_srvs/msg/detail/motor__type_support.c
[0.784s] -- Up-to-date: /home/colin/agv_gui/install/amr_v4_msgs_srvs/include/amr_v4_msgs_srvs/amr_v4_msgs_srvs/msg/detail/pin__functions.c
[0.784s] -- Up-to-date: /home/colin/agv_gui/install/amr_v4_msgs_srvs/include/amr_v4_msgs_srvs/amr_v4_msgs_srvs/msg/detail/robot__type_support.c
[0.784s] -- Up-to-date: /home/colin/agv_gui/install/amr_v4_msgs_srvs/include/amr_v4_msgs_srvs/amr_v4_msgs_srvs/msg/detail/pin__type_support.h
[0.784s] -- Up-to-date: /home/colin/agv_gui/install/amr_v4_msgs_srvs/include/amr_v4_msgs_srvs/amr_v4_msgs_srvs/msg/detail/pin__description.c
[0.785s] -- Up-to-date: /home/colin/agv_gui/install/amr_v4_msgs_srvs/include/amr_v4_msgs_srvs/amr_v4_msgs_srvs/msg/detail/pin__type_support.c
[0.785s] -- Up-to-date: /home/colin/agv_gui/install/amr_v4_msgs_srvs/include/amr_v4_msgs_srvs/amr_v4_msgs_srvs/msg/detail/motor__functions.c
[0.785s] -- Up-to-date: /home/colin/agv_gui/install/amr_v4_msgs_srvs/include/amr_v4_msgs_srvs/amr_v4_msgs_srvs/msg/motor.h
[0.785s] -- Up-to-date: /home/colin/agv_gui/install/amr_v4_msgs_srvs/include/amr_v4_msgs_srvs/amr_v4_msgs_srvs/msg/pin.h
[0.785s] -- Up-to-date: /home/colin/agv_gui/install/amr_v4_msgs_srvs/include/amr_v4_msgs_srvs/amr_v4_msgs_srvs/msg/rosidl_generator_c__visibility_control.h
[0.785s] -- Up-to-date: /home/colin/agv_gui/install/amr_v4_msgs_srvs/include/amr_v4_msgs_srvs/amr_v4_msgs_srvs/msg/robot.h
[0.785s] -- Up-to-date: /home/colin/agv_gui/install/amr_v4_msgs_srvs/share/amr_v4_msgs_srvs/environment/library_path.sh
[0.785s] -- Up-to-date: /home/colin/agv_gui/install/amr_v4_msgs_srvs/share/amr_v4_msgs_srvs/environment/library_path.dsv
[0.785s] -- Up-to-date: /home/colin/agv_gui/install/amr_v4_msgs_srvs/lib/libamr_v4_msgs_srvs__rosidl_generator_c.so
[0.786s] -- Up-to-date: /home/colin/agv_gui/install/amr_v4_msgs_srvs/include/amr_v4_msgs_srvs/amr_v4_msgs_srvs
[0.786s] -- Up-to-date: /home/colin/agv_gui/install/amr_v4_msgs_srvs/include/amr_v4_msgs_srvs/amr_v4_msgs_srvs/srv
[0.786s] -- Up-to-date: /home/colin/agv_gui/install/amr_v4_msgs_srvs/include/amr_v4_msgs_srvs/amr_v4_msgs_srvs/srv/detail
[0.786s] -- Up-to-date: /home/colin/agv_gui/install/amr_v4_msgs_srvs/include/amr_v4_msgs_srvs/amr_v4_msgs_srvs/srv/detail/testserv__rosidl_typesupport_fastrtps_c.h
[0.786s] -- Up-to-date: /home/colin/agv_gui/install/amr_v4_msgs_srvs/include/amr_v4_msgs_srvs/amr_v4_msgs_srvs/msg
[0.786s] -- Up-to-date: /home/colin/agv_gui/install/amr_v4_msgs_srvs/include/amr_v4_msgs_srvs/amr_v4_msgs_srvs/msg/detail
[0.786s] -- Up-to-date: /home/colin/agv_gui/install/amr_v4_msgs_srvs/include/amr_v4_msgs_srvs/amr_v4_msgs_srvs/msg/detail/motor__rosidl_typesupport_fastrtps_c.h
[0.786s] -- Up-to-date: /home/colin/agv_gui/install/amr_v4_msgs_srvs/include/amr_v4_msgs_srvs/amr_v4_msgs_srvs/msg/detail/robot__rosidl_typesupport_fastrtps_c.h
[0.786s] -- Up-to-date: /home/colin/agv_gui/install/amr_v4_msgs_srvs/include/amr_v4_msgs_srvs/amr_v4_msgs_srvs/msg/detail/pin__rosidl_typesupport_fastrtps_c.h
[0.786s] -- Up-to-date: /home/colin/agv_gui/install/amr_v4_msgs_srvs/include/amr_v4_msgs_srvs/amr_v4_msgs_srvs/msg/rosidl_typesupport_fastrtps_c__visibility_control.h
[0.787s] -- Up-to-date: /home/colin/agv_gui/install/amr_v4_msgs_srvs/lib/libamr_v4_msgs_srvs__rosidl_typesupport_fastrtps_c.so
[0.787s] -- Up-to-date: /home/colin/agv_gui/install/amr_v4_msgs_srvs/include/amr_v4_msgs_srvs/amr_v4_msgs_srvs
[0.787s] -- Up-to-date: /home/colin/agv_gui/install/amr_v4_msgs_srvs/include/amr_v4_msgs_srvs/amr_v4_msgs_srvs/srv
[0.787s] -- Up-to-date: /home/colin/agv_gui/install/amr_v4_msgs_srvs/include/amr_v4_msgs_srvs/amr_v4_msgs_srvs/srv/detail
[0.787s] -- Up-to-date: /home/colin/agv_gui/install/amr_v4_msgs_srvs/include/amr_v4_msgs_srvs/amr_v4_msgs_srvs/srv/detail/testserv__type_support.c
[0.787s] -- Up-to-date: /home/colin/agv_gui/install/amr_v4_msgs_srvs/include/amr_v4_msgs_srvs/amr_v4_msgs_srvs/srv/detail/testserv__rosidl_typesupport_introspection_c.h
[0.787s] -- Up-to-date: /home/colin/agv_gui/install/amr_v4_msgs_srvs/include/amr_v4_msgs_srvs/amr_v4_msgs_srvs/msg
[0.787s] -- Up-to-date: /home/colin/agv_gui/install/amr_v4_msgs_srvs/include/amr_v4_msgs_srvs/amr_v4_msgs_srvs/msg/detail
[0.787s] -- Up-to-date: /home/colin/agv_gui/install/amr_v4_msgs_srvs/include/amr_v4_msgs_srvs/amr_v4_msgs_srvs/msg/detail/motor__rosidl_typesupport_introspection_c.h
[0.788s] -- Up-to-date: /home/colin/agv_gui/install/amr_v4_msgs_srvs/include/amr_v4_msgs_srvs/amr_v4_msgs_srvs/msg/detail/robot__rosidl_typesupport_introspection_c.h
[0.788s] -- Up-to-date: /home/colin/agv_gui/install/amr_v4_msgs_srvs/include/amr_v4_msgs_srvs/amr_v4_msgs_srvs/msg/detail/pin__rosidl_typesupport_introspection_c.h
[0.788s] -- Up-to-date: /home/colin/agv_gui/install/amr_v4_msgs_srvs/include/amr_v4_msgs_srvs/amr_v4_msgs_srvs/msg/detail/motor__type_support.c
[0.788s] -- Up-to-date: /home/colin/agv_gui/install/amr_v4_msgs_srvs/include/amr_v4_msgs_srvs/amr_v4_msgs_srvs/msg/detail/robot__type_support.c
[0.788s] -- Up-to-date: /home/colin/agv_gui/install/amr_v4_msgs_srvs/include/amr_v4_msgs_srvs/amr_v4_msgs_srvs/msg/detail/pin__type_support.c
[0.788s] -- Up-to-date: /home/colin/agv_gui/install/amr_v4_msgs_srvs/include/amr_v4_msgs_srvs/amr_v4_msgs_srvs/msg/rosidl_typesupport_introspection_c__visibility_control.h
[0.788s] -- Up-to-date: /home/colin/agv_gui/install/amr_v4_msgs_srvs/lib/libamr_v4_msgs_srvs__rosidl_typesupport_introspection_c.so
[0.788s] -- Up-to-date: /home/colin/agv_gui/install/amr_v4_msgs_srvs/lib/libamr_v4_msgs_srvs__rosidl_typesupport_c.so
[0.788s] -- Up-to-date: /home/colin/agv_gui/install/amr_v4_msgs_srvs/include/amr_v4_msgs_srvs/amr_v4_msgs_srvs
[0.788s] -- Up-to-date: /home/colin/agv_gui/install/amr_v4_msgs_srvs/include/amr_v4_msgs_srvs/amr_v4_msgs_srvs/srv
[0.788s] -- Up-to-date: /home/colin/agv_gui/install/amr_v4_msgs_srvs/include/amr_v4_msgs_srvs/amr_v4_msgs_srvs/srv/detail
[0.788s] -- Up-to-date: /home/colin/agv_gui/install/amr_v4_msgs_srvs/include/amr_v4_msgs_srvs/amr_v4_msgs_srvs/srv/detail/testserv__struct.hpp
[0.788s] -- Up-to-date: /home/colin/agv_gui/install/amr_v4_msgs_srvs/include/amr_v4_msgs_srvs/amr_v4_msgs_srvs/srv/detail/testserv__traits.hpp
[0.788s] -- Up-to-date: /home/colin/agv_gui/install/amr_v4_msgs_srvs/include/amr_v4_msgs_srvs/amr_v4_msgs_srvs/srv/detail/testserv__builder.hpp
[0.789s] -- Up-to-date: /home/colin/agv_gui/install/amr_v4_msgs_srvs/include/amr_v4_msgs_srvs/amr_v4_msgs_srvs/srv/testserv.hpp
[0.789s] -- Up-to-date: /home/colin/agv_gui/install/amr_v4_msgs_srvs/include/amr_v4_msgs_srvs/amr_v4_msgs_srvs/msg
[0.789s] -- Up-to-date: /home/colin/agv_gui/install/amr_v4_msgs_srvs/include/amr_v4_msgs_srvs/amr_v4_msgs_srvs/msg/detail
[0.789s] -- Up-to-date: /home/colin/agv_gui/install/amr_v4_msgs_srvs/include/amr_v4_msgs_srvs/amr_v4_msgs_srvs/msg/detail/pin__builder.hpp
[0.789s] -- Up-to-date: /home/colin/agv_gui/install/amr_v4_msgs_srvs/include/amr_v4_msgs_srvs/amr_v4_msgs_srvs/msg/detail/robot__traits.hpp
[0.789s] -- Up-to-date: /home/colin/agv_gui/install/amr_v4_msgs_srvs/include/amr_v4_msgs_srvs/amr_v4_msgs_srvs/msg/detail/motor__builder.hpp
[0.789s] -- Up-to-date: /home/colin/agv_gui/install/amr_v4_msgs_srvs/include/amr_v4_msgs_srvs/amr_v4_msgs_srvs/msg/detail/robot__struct.hpp
[0.789s] -- Up-to-date: /home/colin/agv_gui/install/amr_v4_msgs_srvs/include/amr_v4_msgs_srvs/amr_v4_msgs_srvs/msg/detail/robot__builder.hpp
[0.789s] -- Up-to-date: /home/colin/agv_gui/install/amr_v4_msgs_srvs/include/amr_v4_msgs_srvs/amr_v4_msgs_srvs/msg/detail/motor__struct.hpp
[0.789s] -- Up-to-date: /home/colin/agv_gui/install/amr_v4_msgs_srvs/include/amr_v4_msgs_srvs/amr_v4_msgs_srvs/msg/detail/pin__traits.hpp
[0.789s] -- Up-to-date: /home/colin/agv_gui/install/amr_v4_msgs_srvs/include/amr_v4_msgs_srvs/amr_v4_msgs_srvs/msg/detail/motor__traits.hpp
[0.789s] -- Up-to-date: /home/colin/agv_gui/install/amr_v4_msgs_srvs/include/amr_v4_msgs_srvs/amr_v4_msgs_srvs/msg/detail/pin__struct.hpp
[0.789s] -- Up-to-date: /home/colin/agv_gui/install/amr_v4_msgs_srvs/include/amr_v4_msgs_srvs/amr_v4_msgs_srvs/msg/pin.hpp
[0.789s] -- Up-to-date: /home/colin/agv_gui/install/amr_v4_msgs_srvs/include/amr_v4_msgs_srvs/amr_v4_msgs_srvs/msg/robot.hpp
[0.789s] -- Up-to-date: /home/colin/agv_gui/install/amr_v4_msgs_srvs/include/amr_v4_msgs_srvs/amr_v4_msgs_srvs/msg/motor.hpp
[0.789s] -- Up-to-date: /home/colin/agv_gui/install/amr_v4_msgs_srvs/include/amr_v4_msgs_srvs/amr_v4_msgs_srvs
[0.789s] -- Up-to-date: /home/colin/agv_gui/install/amr_v4_msgs_srvs/include/amr_v4_msgs_srvs/amr_v4_msgs_srvs/srv
[0.790s] -- Up-to-date: /home/colin/agv_gui/install/amr_v4_msgs_srvs/include/amr_v4_msgs_srvs/amr_v4_msgs_srvs/srv/detail
[0.790s] -- Up-to-date: /home/colin/agv_gui/install/amr_v4_msgs_srvs/include/amr_v4_msgs_srvs/amr_v4_msgs_srvs/srv/detail/dds_fastrtps
[0.790s] -- Up-to-date: /home/colin/agv_gui/install/amr_v4_msgs_srvs/include/amr_v4_msgs_srvs/amr_v4_msgs_srvs/srv/detail/testserv__rosidl_typesupport_fastrtps_cpp.hpp
[0.790s] -- Up-to-date: /home/colin/agv_gui/install/amr_v4_msgs_srvs/include/amr_v4_msgs_srvs/amr_v4_msgs_srvs/msg
[0.790s] -- Up-to-date: /home/colin/agv_gui/install/amr_v4_msgs_srvs/include/amr_v4_msgs_srvs/amr_v4_msgs_srvs/msg/detail
[0.790s] -- Up-to-date: /home/colin/agv_gui/install/amr_v4_msgs_srvs/include/amr_v4_msgs_srvs/amr_v4_msgs_srvs/msg/detail/motor__rosidl_typesupport_fastrtps_cpp.hpp
[0.790s] -- Up-to-date: /home/colin/agv_gui/install/amr_v4_msgs_srvs/include/amr_v4_msgs_srvs/amr_v4_msgs_srvs/msg/detail/robot__rosidl_typesupport_fastrtps_cpp.hpp
[0.790s] -- Up-to-date: /home/colin/agv_gui/install/amr_v4_msgs_srvs/include/amr_v4_msgs_srvs/amr_v4_msgs_srvs/msg/detail/dds_fastrtps
[0.790s] -- Up-to-date: /home/colin/agv_gui/install/amr_v4_msgs_srvs/include/amr_v4_msgs_srvs/amr_v4_msgs_srvs/msg/detail/pin__rosidl_typesupport_fastrtps_cpp.hpp
[0.790s] -- Up-to-date: /home/colin/agv_gui/install/amr_v4_msgs_srvs/include/amr_v4_msgs_srvs/amr_v4_msgs_srvs/msg/rosidl_typesupport_fastrtps_cpp__visibility_control.h
[0.790s] -- Up-to-date: /home/colin/agv_gui/install/amr_v4_msgs_srvs/lib/libamr_v4_msgs_srvs__rosidl_typesupport_fastrtps_cpp.so
[0.790s] -- Up-to-date: /home/colin/agv_gui/install/amr_v4_msgs_srvs/include/amr_v4_msgs_srvs/amr_v4_msgs_srvs
[0.790s] -- Up-to-date: /home/colin/agv_gui/install/amr_v4_msgs_srvs/include/amr_v4_msgs_srvs/amr_v4_msgs_srvs/srv
[0.790s] -- Up-to-date: /home/colin/agv_gui/install/amr_v4_msgs_srvs/include/amr_v4_msgs_srvs/amr_v4_msgs_srvs/srv/detail
[0.790s] -- Up-to-date: /home/colin/agv_gui/install/amr_v4_msgs_srvs/include/amr_v4_msgs_srvs/amr_v4_msgs_srvs/srv/detail/testserv__type_support.cpp
[0.790s] -- Up-to-date: /home/colin/agv_gui/install/amr_v4_msgs_srvs/include/amr_v4_msgs_srvs/amr_v4_msgs_srvs/srv/detail/testserv__rosidl_typesupport_introspection_cpp.hpp
[0.790s] -- Up-to-date: /home/colin/agv_gui/install/amr_v4_msgs_srvs/include/amr_v4_msgs_srvs/amr_v4_msgs_srvs/msg
[0.791s] -- Up-to-date: /home/colin/agv_gui/install/amr_v4_msgs_srvs/include/amr_v4_msgs_srvs/amr_v4_msgs_srvs/msg/detail
[0.791s] -- Up-to-date: /home/colin/agv_gui/install/amr_v4_msgs_srvs/include/amr_v4_msgs_srvs/amr_v4_msgs_srvs/msg/detail/robot__rosidl_typesupport_introspection_cpp.hpp
[0.791s] -- Up-to-date: /home/colin/agv_gui/install/amr_v4_msgs_srvs/include/amr_v4_msgs_srvs/amr_v4_msgs_srvs/msg/detail/motor__rosidl_typesupport_introspection_cpp.hpp
[0.791s] -- Up-to-date: /home/colin/agv_gui/install/amr_v4_msgs_srvs/include/amr_v4_msgs_srvs/amr_v4_msgs_srvs/msg/detail/pin__type_support.cpp
[0.791s] -- Up-to-date: /home/colin/agv_gui/install/amr_v4_msgs_srvs/include/amr_v4_msgs_srvs/amr_v4_msgs_srvs/msg/detail/robot__type_support.cpp
[0.791s] -- Up-to-date: /home/colin/agv_gui/install/amr_v4_msgs_srvs/include/amr_v4_msgs_srvs/amr_v4_msgs_srvs/msg/detail/motor__type_support.cpp
[0.791s] -- Up-to-date: /home/colin/agv_gui/install/amr_v4_msgs_srvs/include/amr_v4_msgs_srvs/amr_v4_msgs_srvs/msg/detail/pin__rosidl_typesupport_introspection_cpp.hpp
[0.791s] -- Up-to-date: /home/colin/agv_gui/install/amr_v4_msgs_srvs/lib/libamr_v4_msgs_srvs__rosidl_typesupport_introspection_cpp.so
[0.791s] -- Up-to-date: /home/colin/agv_gui/install/amr_v4_msgs_srvs/lib/libamr_v4_msgs_srvs__rosidl_typesupport_cpp.so
[0.791s] -- Up-to-date: /home/colin/agv_gui/install/amr_v4_msgs_srvs/share/amr_v4_msgs_srvs/environment/pythonpath.sh
[0.791s] -- Up-to-date: /home/colin/agv_gui/install/amr_v4_msgs_srvs/share/amr_v4_msgs_srvs/environment/pythonpath.dsv
[0.791s] -- Up-to-date: /home/colin/agv_gui/install/amr_v4_msgs_srvs/lib/python3.10/site-packages/amr_v4_msgs_srvs-0.0.0-py3.10.egg-info
[0.791s] -- Installing: /home/colin/agv_gui/install/amr_v4_msgs_srvs/lib/python3.10/site-packages/amr_v4_msgs_srvs-0.0.0-py3.10.egg-info/top_level.txt
[0.791s] -- Installing: /home/colin/agv_gui/install/amr_v4_msgs_srvs/lib/python3.10/site-packages/amr_v4_msgs_srvs-0.0.0-py3.10.egg-info/SOURCES.txt
[0.791s] -- Installing: /home/colin/agv_gui/install/amr_v4_msgs_srvs/lib/python3.10/site-packages/amr_v4_msgs_srvs-0.0.0-py3.10.egg-info/PKG-INFO
[0.791s] -- Installing: /home/colin/agv_gui/install/amr_v4_msgs_srvs/lib/python3.10/site-packages/amr_v4_msgs_srvs-0.0.0-py3.10.egg-info/dependency_links.txt
[0.792s] -- Up-to-date: /home/colin/agv_gui/install/amr_v4_msgs_srvs/lib/python3.10/site-packages/amr_v4_msgs_srvs
[0.792s] -- Up-to-date: /home/colin/agv_gui/install/amr_v4_msgs_srvs/lib/python3.10/site-packages/amr_v4_msgs_srvs/_amr_v4_msgs_srvs_s.ep.rosidl_typesupport_introspection_c.c
[0.792s] -- Up-to-date: /home/colin/agv_gui/install/amr_v4_msgs_srvs/lib/python3.10/site-packages/amr_v4_msgs_srvs/__init__.py
[0.792s] -- Up-to-date: /home/colin/agv_gui/install/amr_v4_msgs_srvs/lib/python3.10/site-packages/amr_v4_msgs_srvs/amr_v4_msgs_srvs_s__rosidl_typesupport_c.cpython-310-x86_64-linux-gnu.so
[0.792s] -- Up-to-date: /home/colin/agv_gui/install/amr_v4_msgs_srvs/lib/python3.10/site-packages/amr_v4_msgs_srvs/libamr_v4_msgs_srvs__rosidl_generator_py.so
[0.792s] -- Up-to-date: /home/colin/agv_gui/install/amr_v4_msgs_srvs/lib/python3.10/site-packages/amr_v4_msgs_srvs/srv
[0.792s] -- Up-to-date: /home/colin/agv_gui/install/amr_v4_msgs_srvs/lib/python3.10/site-packages/amr_v4_msgs_srvs/srv/__init__.py
[0.792s] -- Up-to-date: /home/colin/agv_gui/install/amr_v4_msgs_srvs/lib/python3.10/site-packages/amr_v4_msgs_srvs/srv/_testserv_s.c
[0.792s] -- Up-to-date: /home/colin/agv_gui/install/amr_v4_msgs_srvs/lib/python3.10/site-packages/amr_v4_msgs_srvs/srv/_testserv.py
[0.792s] -- Up-to-date: /home/colin/agv_gui/install/amr_v4_msgs_srvs/lib/python3.10/site-packages/amr_v4_msgs_srvs/_amr_v4_msgs_srvs_s.ep.rosidl_typesupport_c.c
[0.792s] -- Up-to-date: /home/colin/agv_gui/install/amr_v4_msgs_srvs/lib/python3.10/site-packages/amr_v4_msgs_srvs/amr_v4_msgs_srvs_s__rosidl_typesupport_introspection_c.cpython-310-x86_64-linux-gnu.so
[0.792s] -- Up-to-date: /home/colin/agv_gui/install/amr_v4_msgs_srvs/lib/python3.10/site-packages/amr_v4_msgs_srvs/amr_v4_msgs_srvs_s__rosidl_typesupport_fastrtps_c.cpython-310-x86_64-linux-gnu.so
[0.792s] -- Up-to-date: /home/colin/agv_gui/install/amr_v4_msgs_srvs/lib/python3.10/site-packages/amr_v4_msgs_srvs/_amr_v4_msgs_srvs_s.ep.rosidl_typesupport_fastrtps_c.c
[0.792s] -- Up-to-date: /home/colin/agv_gui/install/amr_v4_msgs_srvs/lib/python3.10/site-packages/amr_v4_msgs_srvs/msg
[0.793s] -- Up-to-date: /home/colin/agv_gui/install/amr_v4_msgs_srvs/lib/python3.10/site-packages/amr_v4_msgs_srvs/msg/_robot.py
[0.793s] -- Up-to-date: /home/colin/agv_gui/install/amr_v4_msgs_srvs/lib/python3.10/site-packages/amr_v4_msgs_srvs/msg/_robot_s.c
[0.793s] -- Up-to-date: /home/colin/agv_gui/install/amr_v4_msgs_srvs/lib/python3.10/site-packages/amr_v4_msgs_srvs/msg/__init__.py
[0.793s] -- Up-to-date: /home/colin/agv_gui/install/amr_v4_msgs_srvs/lib/python3.10/site-packages/amr_v4_msgs_srvs/msg/_pin.py
[0.793s] -- Up-to-date: /home/colin/agv_gui/install/amr_v4_msgs_srvs/lib/python3.10/site-packages/amr_v4_msgs_srvs/msg/_motor_s.c
[0.793s] -- Up-to-date: /home/colin/agv_gui/install/amr_v4_msgs_srvs/lib/python3.10/site-packages/amr_v4_msgs_srvs/msg/_motor.py
[0.793s] -- Up-to-date: /home/colin/agv_gui/install/amr_v4_msgs_srvs/lib/python3.10/site-packages/amr_v4_msgs_srvs/msg/_pin_s.c
[0.822s] Listing '/home/colin/agv_gui/install/amr_v4_msgs_srvs/lib/python3.10/site-packages/amr_v4_msgs_srvs'...
[0.822s] Listing '/home/colin/agv_gui/install/amr_v4_msgs_srvs/lib/python3.10/site-packages/amr_v4_msgs_srvs/msg'...
[0.822s] Listing '/home/colin/agv_gui/install/amr_v4_msgs_srvs/lib/python3.10/site-packages/amr_v4_msgs_srvs/srv'...
[0.827s] -- Up-to-date: /home/colin/agv_gui/install/amr_v4_msgs_srvs/lib/python3.10/site-packages/amr_v4_msgs_srvs/amr_v4_msgs_srvs_s__rosidl_typesupport_fastrtps_c.cpython-310-x86_64-linux-gnu.so
[0.827s] -- Up-to-date: /home/colin/agv_gui/install/amr_v4_msgs_srvs/lib/python3.10/site-packages/amr_v4_msgs_srvs/amr_v4_msgs_srvs_s__rosidl_typesupport_introspection_c.cpython-310-x86_64-linux-gnu.so
[0.829s] -- Up-to-date: /home/colin/agv_gui/install/amr_v4_msgs_srvs/lib/python3.10/site-packages/amr_v4_msgs_srvs/amr_v4_msgs_srvs_s__rosidl_typesupport_c.cpython-310-x86_64-linux-gnu.so
[0.829s] -- Up-to-date: /home/colin/agv_gui/install/amr_v4_msgs_srvs/lib/libamr_v4_msgs_srvs__rosidl_generator_py.so
[0.829s] -- Up-to-date: /home/colin/agv_gui/install/amr_v4_msgs_srvs/share/amr_v4_msgs_srvs/msg/Motor.idl
[0.830s] -- Up-to-date: /home/colin/agv_gui/install/amr_v4_msgs_srvs/share/amr_v4_msgs_srvs/msg/Robot.idl
[0.830s] -- Up-to-date: /home/colin/agv_gui/install/amr_v4_msgs_srvs/share/amr_v4_msgs_srvs/msg/Pin.idl
[0.830s] -- Up-to-date: /home/colin/agv_gui/install/amr_v4_msgs_srvs/share/amr_v4_msgs_srvs/srv/Testserv.idl
[0.830s] -- Up-to-date: /home/colin/agv_gui/install/amr_v4_msgs_srvs/share/amr_v4_msgs_srvs/msg/Motor.msg
[0.831s] -- Up-to-date: /home/colin/agv_gui/install/amr_v4_msgs_srvs/share/amr_v4_msgs_srvs/msg/Robot.msg
[0.831s] -- Up-to-date: /home/colin/agv_gui/install/amr_v4_msgs_srvs/share/amr_v4_msgs_srvs/msg/Pin.msg
[0.831s] -- Up-to-date: /home/colin/agv_gui/install/amr_v4_msgs_srvs/share/amr_v4_msgs_srvs/srv/Testserv.srv
[0.831s] -- Up-to-date: /home/colin/agv_gui/install/amr_v4_msgs_srvs/share/amr_v4_msgs_srvs/srv/Testserv_Request.msg
[0.831s] -- Up-to-date: /home/colin/agv_gui/install/amr_v4_msgs_srvs/share/amr_v4_msgs_srvs/srv/Testserv_Response.msg
[0.831s] -- Up-to-date: /home/colin/agv_gui/install/amr_v4_msgs_srvs/share/ament_index/resource_index/package_run_dependencies/amr_v4_msgs_srvs
[0.831s] -- Up-to-date: /home/colin/agv_gui/install/amr_v4_msgs_srvs/share/ament_index/resource_index/parent_prefix_path/amr_v4_msgs_srvs
[0.831s] -- Up-to-date: /home/colin/agv_gui/install/amr_v4_msgs_srvs/share/amr_v4_msgs_srvs/environment/ament_prefix_path.sh
[0.832s] -- Up-to-date: /home/colin/agv_gui/install/amr_v4_msgs_srvs/share/amr_v4_msgs_srvs/environment/ament_prefix_path.dsv
[0.832s] -- Up-to-date: /home/colin/agv_gui/install/amr_v4_msgs_srvs/share/amr_v4_msgs_srvs/environment/path.sh
[0.832s] -- Up-to-date: /home/colin/agv_gui/install/amr_v4_msgs_srvs/share/amr_v4_msgs_srvs/environment/path.dsv
[0.832s] -- Up-to-date: /home/colin/agv_gui/install/amr_v4_msgs_srvs/share/amr_v4_msgs_srvs/local_setup.bash
[0.832s] -- Up-to-date: /home/colin/agv_gui/install/amr_v4_msgs_srvs/share/amr_v4_msgs_srvs/local_setup.sh
[0.832s] -- Up-to-date: /home/colin/agv_gui/install/amr_v4_msgs_srvs/share/amr_v4_msgs_srvs/local_setup.zsh
[0.832s] -- Up-to-date: /home/colin/agv_gui/install/amr_v4_msgs_srvs/share/amr_v4_msgs_srvs/local_setup.dsv
[0.832s] -- Installing: /home/colin/agv_gui/install/amr_v4_msgs_srvs/share/amr_v4_msgs_srvs/package.dsv
[0.832s] -- Up-to-date: /home/colin/agv_gui/install/amr_v4_msgs_srvs/share/ament_index/resource_index/packages/amr_v4_msgs_srvs
[0.832s] -- Up-to-date: /home/colin/agv_gui/install/amr_v4_msgs_srvs/share/amr_v4_msgs_srvs/cmake/export_amr_v4_msgs_srvs__rosidl_generator_cExport.cmake
[0.832s] -- Up-to-date: /home/colin/agv_gui/install/amr_v4_msgs_srvs/share/amr_v4_msgs_srvs/cmake/export_amr_v4_msgs_srvs__rosidl_generator_cExport-noconfig.cmake
[0.832s] -- Up-to-date: /home/colin/agv_gui/install/amr_v4_msgs_srvs/share/amr_v4_msgs_srvs/cmake/export_amr_v4_msgs_srvs__rosidl_typesupport_fastrtps_cExport.cmake
[0.832s] -- Up-to-date: /home/colin/agv_gui/install/amr_v4_msgs_srvs/share/amr_v4_msgs_srvs/cmake/export_amr_v4_msgs_srvs__rosidl_typesupport_fastrtps_cExport-noconfig.cmake
[0.832s] -- Up-to-date: /home/colin/agv_gui/install/amr_v4_msgs_srvs/share/amr_v4_msgs_srvs/cmake/amr_v4_msgs_srvs__rosidl_typesupport_introspection_cExport.cmake
[0.833s] -- Up-to-date: /home/colin/agv_gui/install/amr_v4_msgs_srvs/share/amr_v4_msgs_srvs/cmake/amr_v4_msgs_srvs__rosidl_typesupport_introspection_cExport-noconfig.cmake
[0.833s] -- Up-to-date: /home/colin/agv_gui/install/amr_v4_msgs_srvs/share/amr_v4_msgs_srvs/cmake/amr_v4_msgs_srvs__rosidl_typesupport_cExport.cmake
[0.833s] -- Up-to-date: /home/colin/agv_gui/install/amr_v4_msgs_srvs/share/amr_v4_msgs_srvs/cmake/amr_v4_msgs_srvs__rosidl_typesupport_cExport-noconfig.cmake
[0.833s] -- Up-to-date: /home/colin/agv_gui/install/amr_v4_msgs_srvs/share/amr_v4_msgs_srvs/cmake/export_amr_v4_msgs_srvs__rosidl_generator_cppExport.cmake
[0.833s] -- Up-to-date: /home/colin/agv_gui/install/amr_v4_msgs_srvs/share/amr_v4_msgs_srvs/cmake/export_amr_v4_msgs_srvs__rosidl_typesupport_fastrtps_cppExport.cmake
[0.836s] -- Up-to-date: /home/colin/agv_gui/install/amr_v4_msgs_srvs/share/amr_v4_msgs_srvs/cmake/export_amr_v4_msgs_srvs__rosidl_typesupport_fastrtps_cppExport-noconfig.cmake
[0.837s] -- Up-to-date: /home/colin/agv_gui/install/amr_v4_msgs_srvs/share/amr_v4_msgs_srvs/cmake/amr_v4_msgs_srvs__rosidl_typesupport_introspection_cppExport.cmake
[0.837s] -- Up-to-date: /home/colin/agv_gui/install/amr_v4_msgs_srvs/share/amr_v4_msgs_srvs/cmake/amr_v4_msgs_srvs__rosidl_typesupport_introspection_cppExport-noconfig.cmake
[0.837s] -- Up-to-date: /home/colin/agv_gui/install/amr_v4_msgs_srvs/share/amr_v4_msgs_srvs/cmake/amr_v4_msgs_srvs__rosidl_typesupport_cppExport.cmake
[0.837s] -- Up-to-date: /home/colin/agv_gui/install/amr_v4_msgs_srvs/share/amr_v4_msgs_srvs/cmake/amr_v4_msgs_srvs__rosidl_typesupport_cppExport-noconfig.cmake
[0.837s] -- Up-to-date: /home/colin/agv_gui/install/amr_v4_msgs_srvs/share/amr_v4_msgs_srvs/cmake/export_amr_v4_msgs_srvs__rosidl_generator_pyExport.cmake
[0.837s] -- Up-to-date: /home/colin/agv_gui/install/amr_v4_msgs_srvs/share/amr_v4_msgs_srvs/cmake/export_amr_v4_msgs_srvs__rosidl_generator_pyExport-noconfig.cmake
[0.838s] -- Up-to-date: /home/colin/agv_gui/install/amr_v4_msgs_srvs/share/amr_v4_msgs_srvs/cmake/rosidl_cmake-extras.cmake
[0.838s] -- Up-to-date: /home/colin/agv_gui/install/amr_v4_msgs_srvs/share/amr_v4_msgs_srvs/cmake/ament_cmake_export_dependencies-extras.cmake
[0.838s] -- Up-to-date: /home/colin/agv_gui/install/amr_v4_msgs_srvs/share/amr_v4_msgs_srvs/cmake/ament_cmake_export_include_directories-extras.cmake
[0.838s] -- Up-to-date: /home/colin/agv_gui/install/amr_v4_msgs_srvs/share/amr_v4_msgs_srvs/cmake/ament_cmake_export_libraries-extras.cmake
[0.840s] -- Up-to-date: /home/colin/agv_gui/install/amr_v4_msgs_srvs/share/amr_v4_msgs_srvs/cmake/ament_cmake_export_targets-extras.cmake
[0.841s] -- Up-to-date: /home/colin/agv_gui/install/amr_v4_msgs_srvs/share/amr_v4_msgs_srvs/cmake/rosidl_cmake_export_typesupport_targets-extras.cmake
[0.841s] -- Up-to-date: /home/colin/agv_gui/install/amr_v4_msgs_srvs/share/amr_v4_msgs_srvs/cmake/rosidl_cmake_export_typesupport_libraries-extras.cmake
[0.841s] -- Up-to-date: /home/colin/agv_gui/install/amr_v4_msgs_srvs/share/amr_v4_msgs_srvs/cmake/amr_v4_msgs_srvsConfig.cmake
[0.841s] -- Up-to-date: /home/colin/agv_gui/install/amr_v4_msgs_srvs/share/amr_v4_msgs_srvs/cmake/amr_v4_msgs_srvsConfig-version.cmake
[0.842s] -- Up-to-date: /home/colin/agv_gui/install/amr_v4_msgs_srvs/share/amr_v4_msgs_srvs/package.xml
[0.842s] Invoked command in '/home/colin/agv_gui/build/amr_v4_msgs_srvs' returned '0': CMAKE_PREFIX_PATH=/opt/ros/iron /usr/bin/cmake --install /home/colin/agv_gui/build/amr_v4_msgs_srvs
