[0.018s] Invoking command in '/home/colin/agv_gui/build/amr_v4_qt': CMAKE_PREFIX_PATH=${CMAKE_PREFIX_PATH}:/opt/ros/iron /usr/bin/cmake --build /home/colin/agv_gui/build/amr_v4_qt -- -j4 -l4
[0.111s] [  2%] [34m[1mAutomatic MOC and UIC for target amr_v4_qt[0m
[0.151s] [  2%] Built target amr_v4_qt_autogen
[0.183s] [  5%] [34m[1mGenerating include/moc_amr_node.cpp[0m
[0.202s] [35m[1mConsolidate compiler generated dependencies of target amr_v4_qt[0m
[0.266s] [  8%] [32mBuilding CXX object CMakeFiles/amr_v4_qt.dir/src/main.cpp.o[0m
[0.273s] [ 11%] [32mBuilding CXX object CMakeFiles/amr_v4_qt.dir/src/main_gui.cpp.o[0m
[1.327s] [ 13%] [32mBuilding CXX object CMakeFiles/amr_v4_qt.dir/include/moc_main_gui.cpp.o[0m
[2.411s] [ 16%] [32mBuilding CXX object CMakeFiles/amr_v4_qt.dir/src/amr_node.cpp.o[0m
[13.312s] [01m[K/home/colin/agv_gui/src/amr_v4_qt/src/main_gui.cpp:[m[K In constructor ‘[01m[KMainGui::MainGui(std::shared_ptr<AmrNode>, QWidget*)[m[K’:
[13.313s] [01m[K/home/colin/agv_gui/src/amr_v4_qt/src/main_gui.cpp:59:87:[m[K [01;31m[Kerror: [m[KISO C++ forbids taking the address of a bound member function to form a pointer to member function.  Say ‘[01m[K&AmrNode::mode_callback[m[K’ [[01;31m[K]8;;https://gcc.gnu.org/onlinedocs/gcc/Warning-Options.html#index-fpermissive-fpermissive]8;;[m[K]
[13.314s]    59 |     connect(runningModeScreen->ui.modeButton, &QPushButton::clicked, this, &[01;31m[Kamr_node->mode_callback[m[K);
[13.314s]       |                                                                             [01;31m[K~~~~~~~~~~^~~~~~~~~~~~~[m[K
[13.316s] [01m[K/home/colin/agv_gui/src/amr_v4_qt/src/main_gui.cpp:59:12:[m[K [01;31m[Kerror: [m[Kno matching function for call to ‘[01m[KMainGui::connect(QPushButton*&, void (QAbstractButton::*)(bool), MainGui*, void (AmrNode::*)(bool))[m[K’
[13.317s]    59 |     [01;31m[Kconnect(runningModeScreen->ui.modeButton, &QPushButton::clicked, this, &amr_node->mode_callback)[m[K;
[13.317s]       |     [01;31m[K~~~~~~~^~~~~~~~~~~~~~~~~~~~~~~~~~~~~~~~~~~~~~~~~~~~~~~~~~~~~~~~~~~~~~~~~~~~~~~~~~~~~~~~~~~~~~~~~[m[K
[13.319s] In file included from [01m[K/usr/include/x86_64-linux-gnu/qt5/QtWidgets/qwidget.h:45[m[K,
[13.319s]                  from [01m[K/usr/include/x86_64-linux-gnu/qt5/QtWidgets/qmainwindow.h:44[m[K,
[13.320s]                  from [01m[K/usr/include/x86_64-linux-gnu/qt5/QtWidgets/QMainWindow:1[m[K,
[13.321s]                  from [01m[K/home/colin/agv_gui/src/amr_v4_qt/include/main_gui.h:4[m[K,
[13.321s]                  from [01m[K/home/colin/agv_gui/src/amr_v4_qt/src/main_gui.cpp:1[m[K:
[13.322s] [01m[K/usr/include/x86_64-linux-gnu/qt5/QtCore/qobject.h:242:43:[m[K [01;36m[Knote: [m[Kcandidate: ‘[01m[Kstatic QMetaObject::Connection QObject::connect(const typename QtPrivate::FunctionPointer<Func>::Object*, Func1, const typename QtPrivate::FunctionPointer<Func2>::Object*, Func2, Qt::ConnectionType) [with Func1 = void (QAbstractButton::*)(bool); Func2 = void (AmrNode::*)(bool); typename QtPrivate::FunctionPointer<Func>::Object = QAbstractButton; typename QtPrivate::FunctionPointer<Func2>::Object = AmrNode][m[K’
[13.323s]   242 |     static inline QMetaObject::Connection [01;36m[Kconnect[m[K(const typename QtPrivate::FunctionPointer<Func1>::Object *sender, Func1 signal,
[13.323s]       |                                           [01;36m[K^~~~~~~[m[K
[13.325s] [01m[K/usr/include/x86_64-linux-gnu/qt5/QtCore/qobject.h:243:96:[m[K [01;36m[Knote: [m[K  no known conversion for argument 3 from ‘[01m[KMainGui*[m[K’ to ‘[01m[Kconst Object*[m[K’ {aka ‘[01m[Kconst AmrNode*[m[K’}
[13.326s]   243 |                                      [01;36m[Kconst typename QtPrivate::FunctionPointer<Func2>::Object *receiver[m[K, Func2 slot,
[13.327s]       |                                      [01;36m[K~~~~~~~~~~~~~~~~~~~~~~~~~~~~~~~~~~~~~~~~~~~~~~~~~~~~~~~~~~^~~~~~~~[m[K
[13.332s] [01m[K/usr/include/x86_64-linux-gnu/qt5/QtCore/qobject.h:274:13:[m[K [01;36m[Knote: [m[Kcandidate: ‘[01m[Ktemplate<class Func1, class Func2> static typename std::enable_if<((int)(QtPrivate::FunctionPointer<Func2>::ArgumentCount) >= 0), QMetaObject::Connection>::type QObject::connect(const typename QtPrivate::FunctionPointer<Func>::Object*, Func1, Func2)[m[K’
[13.333s]   274 |             [01;36m[Kconnect[m[K(const typename QtPrivate::FunctionPointer<Func1>::Object *sender, Func1 signal, Func2 slot)
[13.334s]       |             [01;36m[K^~~~~~~[m[K
[13.335s] [01m[K/usr/include/x86_64-linux-gnu/qt5/QtCore/qobject.h:274:13:[m[K [01;36m[Knote: [m[K  template argument deduction/substitution failed:
[13.336s] [01m[K/home/colin/agv_gui/src/amr_v4_qt/src/main_gui.cpp:59:12:[m[K [01;36m[Knote: [m[K  candidate expects 3 arguments, 4 provided
[13.336s]    59 |     [01;36m[Kconnect(runningModeScreen->ui.modeButton, &QPushButton::clicked, this, &amr_node->mode_callback)[m[K;
[13.337s]       |     [01;36m[K~~~~~~~^~~~~~~~~~~~~~~~~~~~~~~~~~~~~~~~~~~~~~~~~~~~~~~~~~~~~~~~~~~~~~~~~~~~~~~~~~~~~~~~~~~~~~~~~[m[K
[13.339s] In file included from [01m[K/usr/include/x86_64-linux-gnu/qt5/QtWidgets/qwidget.h:45[m[K,
[13.340s]                  from [01m[K/usr/include/x86_64-linux-gnu/qt5/QtWidgets/qmainwindow.h:44[m[K,
[13.340s]                  from [01m[K/usr/include/x86_64-linux-gnu/qt5/QtWidgets/QMainWindow:1[m[K,
[13.341s]                  from [01m[K/home/colin/agv_gui/src/amr_v4_qt/include/main_gui.h:4[m[K,
[13.342s]                  from [01m[K/home/colin/agv_gui/src/amr_v4_qt/src/main_gui.cpp:1[m[K:
[13.342s] [01m[K/usr/include/x86_64-linux-gnu/qt5/QtCore/qobject.h:283:13:[m[K [01;36m[Knote: [m[Kcandidate: ‘[01m[Ktemplate<class Func1, class Func2> static typename std::enable_if<(((int)(QtPrivate::FunctionPointer<Func2>::ArgumentCount) >= 0) && (! QtPrivate::FunctionPointer<Func2>::IsPointerToMemberFunction)), QMetaObject::Connection>::type QObject::connect(const typename QtPrivate::FunctionPointer<Func>::Object*, Func1, const QObject*, Func2, Qt::ConnectionType)[m[K’
[13.343s]   283 |             [01;36m[Kconnect[m[K(const typename QtPrivate::FunctionPointer<Func1>::Object *sender, Func1 signal, const QObject *context, Func2 slot,
[13.343s]       |             [01;36m[K^~~~~~~[m[K
[13.344s] [01m[K/usr/include/x86_64-linux-gnu/qt5/QtCore/qobject.h:283:13:[m[K [01;36m[Knote: [m[K  template argument deduction/substitution failed:
[13.345s] /usr/include/x86_64-linux-gnu/qt5/QtCore/qobject.h: In substitution of ‘[01m[Ktemplate<class Func1, class Func2> static typename std::enable_if<(((int)(QtPrivate::FunctionPointer<Func2>::ArgumentCount) >= 0) && (! QtPrivate::FunctionPointer<Func2>::IsPointerToMemberFunction)), QMetaObject::Connection>::type QObject::connect(const typename QtPrivate::FunctionPointer<Func>::Object*, Func1, const QObject*, Func2, Qt::ConnectionType) [with Func1 = void (QAbstractButton::*)(bool); Func2 = void (AmrNode::*)(bool)][m[K’:
[13.346s] [01m[K/home/colin/agv_gui/src/amr_v4_qt/src/main_gui.cpp:59:12:[m[K   required from here
[13.347s] [01m[K/usr/include/x86_64-linux-gnu/qt5/QtCore/qobject.h:283:13:[m[K [01;31m[Kerror: [m[Kno type named ‘[01m[Ktype[m[K’ in ‘[01m[Kstruct std::enable_if<false, QMetaObject::Connection>[m[K’
[13.348s] [01m[K/usr/include/x86_64-linux-gnu/qt5/QtCore/qobject.h:314:13:[m[K [01;36m[Knote: [m[Kcandidate: ‘[01m[Ktemplate<class Func1, class Func2> static typename std::enable_if<(QtPrivate::FunctionPointer<Func2>::ArgumentCount == -1), QMetaObject::Connection>::type QObject::connect(const typename QtPrivate::FunctionPointer<Func>::Object*, Func1, Func2)[m[K’
[13.349s]   314 |             [01;36m[Kconnect[m[K(const typename QtPrivate::FunctionPointer<Func1>::Object *sender, Func1 signal, Func2 slot)
[13.350s]       |             [01;36m[K^~~~~~~[m[K
[13.350s] [01m[K/usr/include/x86_64-linux-gnu/qt5/QtCore/qobject.h:314:13:[m[K [01;36m[Knote: [m[K  template argument deduction/substitution failed:
[13.352s] [01m[K/home/colin/agv_gui/src/amr_v4_qt/src/main_gui.cpp:59:12:[m[K [01;36m[Knote: [m[K  candidate expects 3 arguments, 4 provided
[13.352s]    59 |     [01;36m[Kconnect(runningModeScreen->ui.modeButton, &QPushButton::clicked, this, &amr_node->mode_callback)[m[K;
[13.356s]       |     [01;36m[K~~~~~~~^~~~~~~~~~~~~~~~~~~~~~~~~~~~~~~~~~~~~~~~~~~~~~~~~~~~~~~~~~~~~~~~~~~~~~~~~~~~~~~~~~~~~~~~~[m[K
[13.356s] In file included from [01m[K/usr/include/x86_64-linux-gnu/qt5/QtWidgets/qwidget.h:45[m[K,
[13.357s]                  from [01m[K/usr/include/x86_64-linux-gnu/qt5/QtWidgets/qmainwindow.h:44[m[K,
[13.358s]                  from [01m[K/usr/include/x86_64-linux-gnu/qt5/QtWidgets/QMainWindow:1[m[K,
[13.361s]                  from [01m[K/home/colin/agv_gui/src/amr_v4_qt/include/main_gui.h:4[m[K,
[13.375s]                  from [01m[K/home/colin/agv_gui/src/amr_v4_qt/src/main_gui.cpp:1[m[K:
[13.381s] [01m[K/usr/include/x86_64-linux-gnu/qt5/QtCore/qobject.h:322:13:[m[K [01;36m[Knote: [m[Kcandidate: ‘[01m[Ktemplate<class Func1, class Func2> static typename std::enable_if<(QtPrivate::FunctionPointer<Func2>::ArgumentCount == -1), QMetaObject::Connection>::type QObject::connect(const typename QtPrivate::FunctionPointer<Func>::Object*, Func1, const QObject*, Func2, Qt::ConnectionType)[m[K’
[13.381s]   322 |             [01;36m[Kconnect[m[K(const typename QtPrivate::FunctionPointer<Func1>::Object *sender, Func1 signal, const QObject *context, Func2 slot,
[13.381s]       |             [01;36m[K^~~~~~~[m[K
[13.382s] [01m[K/usr/include/x86_64-linux-gnu/qt5/QtCore/qobject.h:322:13:[m[K [01;36m[Knote: [m[K  template argument deduction/substitution failed:
[13.382s] /usr/include/x86_64-linux-gnu/qt5/QtCore/qobject.h: In substitution of ‘[01m[Ktemplate<class Func1, class Func2> static typename std::enable_if<(QtPrivate::FunctionPointer<Func2>::ArgumentCount == -1), QMetaObject::Connection>::type QObject::connect(const typename QtPrivate::FunctionPointer<Func>::Object*, Func1, const QObject*, Func2, Qt::ConnectionType) [with Func1 = void (QAbstractButton::*)(bool); Func2 = void (AmrNode::*)(bool)][m[K’:
[13.382s] [01m[K/home/colin/agv_gui/src/amr_v4_qt/src/main_gui.cpp:59:12:[m[K   required from here
[13.383s] [01m[K/usr/include/x86_64-linux-gnu/qt5/QtCore/qobject.h:322:13:[m[K [01;31m[Kerror: [m[Kno type named ‘[01m[Ktype[m[K’ in ‘[01m[Kstruct std::enable_if<false, QMetaObject::Connection>[m[K’
[13.383s] [01m[K/usr/include/x86_64-linux-gnu/qt5/QtCore/qobject.h:222:36:[m[K [01;36m[Knote: [m[Kcandidate: ‘[01m[Kstatic QMetaObject::Connection QObject::connect(const QObject*, const char*, const QObject*, const char*, Qt::ConnectionType)[m[K’
[13.383s]   222 |     static QMetaObject::Connection [01;36m[Kconnect[m[K(const QObject *sender, const char *signal,
[13.383s]       |                                    [01;36m[K^~~~~~~[m[K
[13.383s] [01m[K/usr/include/x86_64-linux-gnu/qt5/QtCore/qobject.h:222:79:[m[K [01;36m[Knote: [m[K  no known conversion for argument 2 from ‘[01m[Kvoid (QAbstractButton::*)(bool)[m[K’ to ‘[01m[Kconst char*[m[K’
[13.384s]   222 |     static QMetaObject::Connection connect(const QObject *sender, [01;36m[Kconst char *signal[m[K,
[13.384s]       |                                                                   [01;36m[K~~~~~~~~~~~~^~~~~~[m[K
[13.384s] [01m[K/usr/include/x86_64-linux-gnu/qt5/QtCore/qobject.h:225:36:[m[K [01;36m[Knote: [m[Kcandidate: ‘[01m[Kstatic QMetaObject::Connection QObject::connect(const QObject*, const QMetaMethod&, const QObject*, const QMetaMethod&, Qt::ConnectionType)[m[K’
[13.384s]   225 |     static QMetaObject::Connection [01;36m[Kconnect[m[K(const QObject *sender, const QMetaMethod &signal,
[13.384s]       |                                    [01;36m[K^~~~~~~[m[K
[13.384s] [01m[K/usr/include/x86_64-linux-gnu/qt5/QtCore/qobject.h:225:86:[m[K [01;36m[Knote: [m[K  no known conversion for argument 2 from ‘[01m[Kvoid (QAbstractButton::*)(bool)[m[K’ to ‘[01m[Kconst QMetaMethod&[m[K’
[13.385s]   225 |     static QMetaObject::Connection connect(const QObject *sender, [01;36m[Kconst QMetaMethod &signal[m[K,
[13.385s]       |                                                                   [01;36m[K~~~~~~~~~~~~~~~~~~~^~~~~~[m[K
[13.385s] [01m[K/usr/include/x86_64-linux-gnu/qt5/QtCore/qobject.h:481:32:[m[K [01;36m[Knote: [m[Kcandidate: ‘[01m[KQMetaObject::Connection QObject::connect(const QObject*, const char*, const char*, Qt::ConnectionType) const[m[K’
[13.385s]   481 | inline QMetaObject::Connection [01;36m[KQObject[m[K::connect(const QObject *asender, const char *asignal,
[13.385s]       |                                [01;36m[K^~~~~~~[m[K
[13.386s] [01m[K/usr/include/x86_64-linux-gnu/qt5/QtCore/qobject.h:481:85:[m[K [01;36m[Knote: [m[K  no known conversion for argument 2 from ‘[01m[Kvoid (QAbstractButton::*)(bool)[m[K’ to ‘[01m[Kconst char*[m[K’
[13.386s]   481 | inline QMetaObject::Connection QObject::connect(const QObject *asender, [01;36m[Kconst char *asignal[m[K,
[13.386s]       |                                                                         [01;36m[K~~~~~~~~~~~~^~~~~~~[m[K
[13.675s] In file included from [01m[K/usr/include/x86_64-linux-gnu/qt5/QtGui/qtguiglobal.h:43[m[K,
[13.675s]                  from [01m[K/usr/include/x86_64-linux-gnu/qt5/QtWidgets/qtwidgetsglobal.h:43[m[K,
[13.675s]                  from [01m[K/usr/include/x86_64-linux-gnu/qt5/QtWidgets/qmainwindow.h:43[m[K,
[13.675s]                  from [01m[K/usr/include/x86_64-linux-gnu/qt5/QtWidgets/QMainWindow:1[m[K,
[13.675s]                  from [01m[K/home/colin/agv_gui/src/amr_v4_qt/include/main_gui.h:4[m[K,
[13.675s]                  from [01m[K/home/colin/agv_gui/src/amr_v4_qt/src/main_gui.cpp:1[m[K:
[13.675s] /usr/include/x86_64-linux-gnu/qt5/QtCore/qobject.h: In instantiation of ‘[01m[Kstatic QMetaObject::Connection QObject::connect(const typename QtPrivate::FunctionPointer<Func>::Object*, Func1, const typename QtPrivate::FunctionPointer<Func2>::Object*, Func2, Qt::ConnectionType) [with Func1 = void (AmrNode::*)(); Func2 = void (MainGui::*)(const QString&); typename QtPrivate::FunctionPointer<Func>::Object = AmrNode; typename QtPrivate::FunctionPointer<Func2>::Object = MainGui][m[K’:
[13.676s] [01m[K/home/colin/agv_gui/src/amr_v4_qt/src/main_gui.cpp:60:12:[m[K   required from here
[13.676s] [01m[K/usr/include/x86_64-linux-gnu/qt5/QtCore/qobject.h:253:9:[m[K [01;31m[Kerror: [m[Kstatic assertion failed: The slot requires more arguments than the signal provides.
[13.676s]   253 |         [01;31m[KQ_STATIC_ASSERT_X[m[K(int(SignalType::ArgumentCount) >= int(SlotType::ArgumentCount),
[13.676s]       |         [01;31m[K^~~~~~~~~~~~~~~~~[m[K
[13.676s] [01m[K/usr/include/x86_64-linux-gnu/qt5/QtCore/qobject.h:253:9:[m[K [01;36m[Knote: [m[K‘[01m[K(((int)QtPrivate::FunctionPointer<void (AmrNode::*)()>::ArgumentCount) >= ((int)QtPrivate::FunctionPointer<void (MainGui::*)(const QString&)>::ArgumentCount))[m[K’ evaluates to false
[13.679s] [01m[K/usr/include/x86_64-linux-gnu/qt5/QtCore/qobject.h:255:9:[m[K [01;31m[Kerror: [m[Kstatic assertion failed: Signal and slot arguments are not compatible.
[13.679s]   255 |         [01;31m[KQ_STATIC_ASSERT_X[m[K((QtPrivate::CheckCompatibleArguments<typename SignalType::Arguments, typename SlotType::Arguments>::value),
[13.680s]       |         [01;31m[K^~~~~~~~~~~~~~~~~[m[K
[13.680s] [01m[K/usr/include/x86_64-linux-gnu/qt5/QtCore/qobject.h:255:9:[m[K [01;36m[Knote: [m[K‘[01m[K(((int)QtPrivate::CheckCompatibleArguments<QtPrivate::List<>, QtPrivate::List<const QString&> >::value) != 0)[m[K’ evaluates to false
[13.683s] In file included from [01m[K/usr/include/x86_64-linux-gnu/qt5/QtCore/qobjectdefs.h:50[m[K,
[13.683s]                  from [01m[K/usr/include/x86_64-linux-gnu/qt5/QtGui/qwindowdefs.h:44[m[K,
[13.683s]                  from [01m[K/usr/include/x86_64-linux-gnu/qt5/QtWidgets/qwidget.h:44[m[K,
[13.683s]                  from [01m[K/usr/include/x86_64-linux-gnu/qt5/QtWidgets/qmainwindow.h:44[m[K,
[13.683s]                  from [01m[K/usr/include/x86_64-linux-gnu/qt5/QtWidgets/QMainWindow:1[m[K,
[13.683s]                  from [01m[K/home/colin/agv_gui/src/amr_v4_qt/include/main_gui.h:4[m[K,
[13.683s]                  from [01m[K/home/colin/agv_gui/src/amr_v4_qt/src/main_gui.cpp:1[m[K:
[13.683s] /usr/include/x86_64-linux-gnu/qt5/QtCore/qobjectdefs_impl.h: In instantiation of ‘[01m[Kstruct QtPrivate::List_Left<QtPrivate::List<>, 1>[m[K’:
[13.684s] [01m[K/usr/include/x86_64-linux-gnu/qt5/QtCore/qobject.h:266:28:[m[K   required from ‘[01m[Kstatic QMetaObject::Connection QObject::connect(const typename QtPrivate::FunctionPointer<Func>::Object*, Func1, const typename QtPrivate::FunctionPointer<Func2>::Object*, Func2, Qt::ConnectionType) [with Func1 = void (AmrNode::*)(); Func2 = void (MainGui::*)(const QString&); typename QtPrivate::FunctionPointer<Func>::Object = AmrNode; typename QtPrivate::FunctionPointer<Func2>::Object = MainGui][m[K’
[13.684s] [01m[K/home/colin/agv_gui/src/amr_v4_qt/src/main_gui.cpp:60:12:[m[K   required from here
[13.684s] [01m[K/usr/include/x86_64-linux-gnu/qt5/QtCore/qobjectdefs_impl.h:72:118:[m[K [01;31m[Kerror: [m[Kno type named ‘[01m[KCar[m[K’ in ‘[01m[Kstruct QtPrivate::List<>[m[K’
[13.684s]    72 |         typedef typename List_Append<List<typename L::Car>,typename List_Left<typename L::Cdr, N - 1>::Value>::Value [01;31m[KValue[m[K;
[13.684s]       |                                                                                                                      [01;31m[K^~~~~[m[K
[13.795s] [01m[K/home/colin/agv_gui/src/amr_v4_qt/src/amr_node.cpp:68:6:[m[K [01;31m[Kerror: [m[Kno declaration matches ‘[01m[Kvoid AmrNode::mode_callback()[m[K’
[13.795s]    68 | void [01;31m[KAmrNode[m[K::mode_callback()
[13.796s]       |      [01;31m[K^~~~~~~[m[K
[13.796s] In file included from [01m[K/home/colin/agv_gui/src/amr_v4_qt/src/amr_node.cpp:1[m[K:
[13.796s] [01m[K/home/colin/agv_gui/src/amr_v4_qt/include/amr_node.h:26:10:[m[K [01;36m[Knote: [m[Kcandidate is: ‘[01m[Kvoid AmrNode::mode_callback(bool)[m[K’
[13.796s]    26 |     void [01;36m[Kmode_callback[m[K(const bool mode);
[13.796s]       |          [01;36m[K^~~~~~~~~~~~~[m[K
[13.796s] [01m[K/home/colin/agv_gui/src/amr_v4_qt/include/amr_node.h:14:7:[m[K [01;36m[Knote: [m[K‘[01m[Kclass AmrNode[m[K’ defined here
[13.799s]    14 | class [01;36m[KAmrNode[m[K : public QObject, public rclcpp::Node
[13.799s]       |       [01;36m[K^~~~~~~[m[K
[14.865s] gmake[2]: *** [CMakeFiles/amr_v4_qt.dir/build.make:152: CMakeFiles/amr_v4_qt.dir/src/main_gui.cpp.o] Error 1
[14.866s] gmake[2]: *** Waiting for unfinished jobs....
[18.261s] gmake[2]: *** [CMakeFiles/amr_v4_qt.dir/build.make:250: CMakeFiles/amr_v4_qt.dir/src/amr_node.cpp.o] Error 1
[18.261s] gmake[1]: *** [CMakeFiles/Makefile2:138: CMakeFiles/amr_v4_qt.dir/all] Error 2
[18.261s] gmake: *** [Makefile:146: all] Error 2
[18.277s] Invoked command in '/home/colin/agv_gui/build/amr_v4_qt' returned '2': CMAKE_PREFIX_PATH=${CMAKE_PREFIX_PATH}:/opt/ros/iron /usr/bin/cmake --build /home/colin/agv_gui/build/amr_v4_qt -- -j4 -l4
