[  5%] [34m[1mAutomatic MOC and UIC for target agv_gui[0m
AutoMoc warning
---------------
"SRC:/src/battery_node_1.cpp"
includes the moc file "battery_node_1.moc", but does not contain a Q_OBJECT, Q_GADGET or Q_NAMESPACE macro.

AutoMoc warning
---------------
"SRC:/src/battery_node_2.cpp"
includes the moc file "battery_node_2.moc", but does not contain a Q_OBJECT, Q_GADGET or Q_NAMESPACE macro.

AutoMoc warning
---------------
"SRC:/src/battery_node_3.cpp"
includes the moc file "battery_node_3.moc", but does not contain a Q_OBJECT, Q_GADGET or Q_NAMESPACE macro.

AutoMoc warning
---------------
"SRC:/src/battery_node_4.cpp"
includes the moc file "battery_node_4.moc", but does not contain a Q_OBJECT, Q_GADGET or Q_NAMESPACE macro.

AutoMoc warning
---------------
"SRC:/src/charge_node.cpp"
includes the moc file "charge_node.moc", but does not contain a Q_OBJECT, Q_GADGET or Q_NAMESPACE macro.

[  5%] Built target agv_gui_autogen
[35m[1mScanning dependencies of target agv_gui[0m
[ 10%] [32mBuilding CXX object CMakeFiles/agv_gui.dir/src/main_gui.cpp.o[0m
[01m[K/home/colin/agv_gui/src/agv_gui/src/main_gui.cpp:[m[K In function ‘[01m[Kint main(int, char**)[m[K’:
[01m[K/home/colin/agv_gui/src/agv_gui/src/main_gui.cpp:283:24:[m[K [01;31m[Kerror: [m[Kbase operand of ‘[01m[K->[m[K’ has non-pointer type ‘[01m[KQApplication[m[K’
  283 |   int screenCount = app[01;31m[K->[m[KscreenCount();
      |                        [01;31m[K^~[m[K
[01m[K/home/colin/agv_gui/src/agv_gui/src/main_gui.cpp:284:25:[m[K [01;31m[Kerror: [m[Kbase operand of ‘[01m[K->[m[K’ has non-pointer type ‘[01m[KQApplication[m[K’
  284 |   QRect screenRect = app[01;31m[K->[m[KscreenGeometry(1); // 0-indexed, so this would get the second screen
      |                         [01;31m[K^~[m[K
[01m[K/home/colin/agv_gui/src/agv_gui/src/main_gui.cpp:283:7:[m[K [01;35m[Kwarning: [m[Kunused variable ‘[01m[KscreenCount[m[K’ [[01;35m[K-Wunused-variable[m[K]
  283 |   int [01;35m[KscreenCount[m[K = app->screenCount();
      |       [01;35m[K^~~~~~~~~~~[m[K
make[2]: *** [CMakeFiles/agv_gui.dir/build.make:161: CMakeFiles/agv_gui.dir/src/main_gui.cpp.o] Error 1
make[1]: *** [CMakeFiles/Makefile2:79: CMakeFiles/agv_gui.dir/all] Error 2
make: *** [Makefile:141: all] Error 2
