[0.591s] Invoking command in '/home/colin/agv_gui/build/agv_gui': CMAKE_PREFIX_PATH=${CMAKE_PREFIX_PATH}:/opt/ros/galactic /usr/bin/cmake --build /home/colin/agv_gui/build/agv_gui -- -j4 -l4
[0.888s] [  5%] [34m[1mAutomatic MOC and UIC for target agv_gui[0m
[0.934s] AutoMoc warning
[0.935s] ---------------
[0.935s] "SRC:/src/battery_node_1.cpp"
[0.935s] includes the moc file "battery_node_1.moc", but does not contain a Q_OBJECT, Q_GADGET or Q_NAMESPACE macro.
[0.936s] 
[0.936s] AutoMoc warning
[0.936s] ---------------
[0.937s] "SRC:/src/battery_node_2.cpp"
[0.937s] includes the moc file "battery_node_2.moc", but does not contain a Q_OBJECT, Q_GADGET or Q_NAMESPACE macro.
[0.937s] 
[0.938s] AutoMoc warning
[0.938s] ---------------
[0.939s] "SRC:/src/battery_node_3.cpp"
[0.939s] includes the moc file "battery_node_3.moc", but does not contain a Q_OBJECT, Q_GADGET or Q_NAMESPACE macro.
[0.939s] 
[0.940s] AutoMoc warning
[0.940s] ---------------
[0.940s] "SRC:/src/battery_node_4.cpp"
[0.940s] includes the moc file "battery_node_4.moc", but does not contain a Q_OBJECT, Q_GADGET or Q_NAMESPACE macro.
[0.941s] 
[0.941s] AutoMoc warning
[0.941s] ---------------
[0.942s] "SRC:/src/charge_node.cpp"
[0.942s] includes the moc file "charge_node.moc", but does not contain a Q_OBJECT, Q_GADGET or Q_NAMESPACE macro.
[0.942s] 
[1.834s] [  5%] Built target agv_gui_autogen
[1.940s] [35m[1mScanning dependencies of target agv_gui[0m
[2.314s] [ 10%] [32mBuilding CXX object CMakeFiles/agv_gui.dir/src/main_gui.cpp.o[0m
[12.843s] [01m[K/home/colin/agv_gui/src/agv_gui/src/main_gui.cpp:[m[K In function ‘[01m[Kint main(int, char**)[m[K’:
[12.844s] [01m[K/home/colin/agv_gui/src/agv_gui/src/main_gui.cpp:291:45:[m[K [01;31m[Kerror: [m[Kinvalid use of incomplete type ‘[01m[Kclass QScreen[m[K’
[12.844s]   291 |           mainGui->setGeometry(screens.at(1)[01;31m[K->[m[KavailableGeometry());
[12.844s]       |                                             [01;31m[K^~[m[K
[12.845s] In file included from [01m[K/usr/include/aarch64-linux-gnu/qt5/QtWidgets/qapplication.h:48[m[K,
[12.845s]                  from [01m[K/usr/include/aarch64-linux-gnu/qt5/QtWidgets/QApplication:1[m[K,
[12.846s]                  from [01m[K/home/colin/agv_gui/src/agv_gui/src/main_gui.cpp:1[m[K:
[12.846s] [01m[K/usr/include/aarch64-linux-gnu/qt5/QtGui/qcursor.h:51:7:[m[K [01;36m[Knote: [m[Kforward declaration of ‘[01m[Kclass QScreen[m[K’
[12.846s]    51 | class [01;36m[KQScreen[m[K;
[12.847s]       |       [01;36m[K^~~~~~~[m[K
[12.864s] In file included from [01m[K/home/colin/agv_gui/src/agv_gui/src/main_gui.cpp:325[m[K:
[12.864s] [01m[K/home/colin/agv_gui/build/agv_gui/agv_gui_autogen/include/main_gui.moc:56:33:[m[K [01;31m[Kerror: [m[Kqualified-id in declaration before ‘[01m[K([m[K’ token
[12.865s]    56 | void MainGui::qt_static_metacall[01;31m[K([m[KQObject *_o, QMetaObject::Call _c, int _id, void **_a)
[12.865s]       |                                 [01;31m[K^[m[K
[12.865s] [01m[K/home/colin/agv_gui/build/agv_gui/agv_gui_autogen/include/main_gui.moc:64:64:[m[K [01;31m[Kerror: [m[Kqualified-id in declaration before ‘[01m[K=[m[K’ token
[12.866s]    64 | QT_INIT_METAOBJECT const QMetaObject MainGui::staticMetaObject [01;31m[K=[m[K { {
[12.866s]       |                                                                [01;31m[K^[m[K
[12.866s] [01m[K/home/colin/agv_gui/build/agv_gui/agv_gui_autogen/include/main_gui.moc:74:39:[m[K [01;31m[Kerror: [m[Kqualified-id in declaration before ‘[01m[K([m[K’ token
[12.867s]    74 | const QMetaObject *MainGui::metaObject[01;31m[K([m[K) const
[12.867s]       |                                       [01;31m[K^[m[K
[12.867s] [01m[K/home/colin/agv_gui/build/agv_gui/agv_gui_autogen/include/main_gui.moc:79:27:[m[K [01;31m[Kerror: [m[Kqualified-id in declaration before ‘[01m[K([m[K’ token
[12.868s]    79 | void *MainGui::qt_metacast[01;31m[K([m[Kconst char *_clname)
[12.868s]       |                           [01;31m[K^[m[K
[12.868s] [01m[K/home/colin/agv_gui/build/agv_gui/agv_gui_autogen/include/main_gui.moc:87:25:[m[K [01;31m[Kerror: [m[Kqualified-id in declaration before ‘[01m[K([m[K’ token
[12.869s]    87 | int MainGui::qt_metacall[01;31m[K([m[KQMetaObject::Call _c, int _id, void **_a)
[12.869s]       |                         [01;31m[K^[m[K
[12.871s] [01m[K/home/colin/agv_gui/build/agv_gui/agv_gui_autogen/include/main_gui.moc:31:43:[m[K [01;35m[Kwarning: [m[Kunused variable ‘[01m[Kqt_meta_stringdata_MainGui[m[K’ [[01;35m[K-Wunused-variable[m[K]
[12.871s]    31 | static const qt_meta_stringdata_MainGui_t [01;35m[Kqt_meta_stringdata_MainGui[m[K = {
[12.871s]       |                                           [01;35m[K^~~~~~~~~~~~~~~~~~~~~~~~~~[m[K
[12.872s] [01m[K/home/colin/agv_gui/build/agv_gui/agv_gui_autogen/include/main_gui.moc:40:19:[m[K [01;35m[Kwarning: [m[Kunused variable ‘[01m[Kqt_meta_data_MainGui[m[K’ [[01;35m[K-Wunused-variable[m[K]
[12.872s]    40 | static const uint [01;35m[Kqt_meta_data_MainGui[m[K[] = {
[12.872s]       |                   [01;35m[K^~~~~~~~~~~~~~~~~~~~[m[K
[12.873s] In file included from [01m[K/usr/include/aarch64-linux-gnu/qt5/QtCore/qglobal.h:105[m[K,
[12.873s]                  from [01m[K/usr/include/aarch64-linux-gnu/qt5/QtGui/qtguiglobal.h:43[m[K,
[12.873s]                  from [01m[K/usr/include/aarch64-linux-gnu/qt5/QtWidgets/qtwidgetsglobal.h:43[m[K,
[12.873s]                  from [01m[K/usr/include/aarch64-linux-gnu/qt5/QtWidgets/qapplication.h:43[m[K,
[12.874s]                  from [01m[K/usr/include/aarch64-linux-gnu/qt5/QtWidgets/QApplication:1[m[K,
[12.874s]                  from [01m[K/home/colin/agv_gui/src/agv_gui/src/main_gui.cpp:1[m[K:
[12.874s] [01m[K/home/colin/agv_gui/build/agv_gui/agv_gui_autogen/include/main_gui.moc:92:1:[m[K [01;31m[Kerror: [m[Kexpected ‘[01m[K}[m[K’ at end of input
[12.875s]    92 | [01;31m[KQT_WARNING_POP[m[K
[12.875s]       | [01;31m[K^~~~~~~~~~~~~~[m[K
[12.875s] [01m[K/home/colin/agv_gui/src/agv_gui/src/main_gui.cpp:269:1:[m[K [01;36m[Knote: [m[Kto match this ‘[01m[K{[m[K’
[12.876s]   269 | [01;36m[K{[m[K
[12.876s]       | [01;36m[K^[m[K
[15.145s] make[2]: *** [CMakeFiles/agv_gui.dir/build.make:161: CMakeFiles/agv_gui.dir/src/main_gui.cpp.o] Error 1
[15.147s] make[1]: *** [CMakeFiles/Makefile2:79: CMakeFiles/agv_gui.dir/all] Error 2
[15.148s] make: *** [Makefile:141: all] Error 2
[15.160s] Invoked command in '/home/colin/agv_gui/build/agv_gui' returned '2': CMAKE_PREFIX_PATH=${CMAKE_PREFIX_PATH}:/opt/ros/galactic /usr/bin/cmake --build /home/colin/agv_gui/build/agv_gui -- -j4 -l4
