-- The C compiler identification is GNU 9.4.0
-- The CXX compiler identification is GNU 9.4.0
-- Check for working C compiler: /usr/bin/cc
-- Check for working C compiler: /usr/bin/cc -- works
-- Detecting C compiler ABI info
-- Detecting C compiler ABI info - done
-- Detecting C compile features
-- Detecting C compile features - done
-- Check for working CXX compiler: /usr/bin/c++
-- Check for working CXX compiler: /usr/bin/c++ -- works
-- Detecting CXX compiler ABI info
-- Detecting CXX compiler ABI info - done
-- Detecting CXX compile features
-- Detecting CXX compile features - done
-- Found ament_cmake: 1.1.6 (/opt/ros/galactic/share/ament_cmake/cmake)
-- Found PythonInterp: /usr/bin/python3 (found suitable version "3.8.10", minimum required is "3") 
-- Using PYTHON_EXECUTABLE: /usr/bin/python3
-- Found geometry_msgs: 2.2.4 (/opt/ros/galactic/share/geometry_msgs/cmake)
-- Using all available rosidl_typesupport_c: rosidl_typesupport_fastrtps_c;rosidl_typesupport_introspection_c
-- Found rosidl_adapter: 2.2.3 (/opt/ros/galactic/share/rosidl_adapter/cmake)
-- Found OpenSSL: /usr/lib/x86_64-linux-gnu/libcrypto.so (found version "1.1.1f")  
-- Found FastRTPS: /opt/ros/galactic/include  
-- Using all available rosidl_typesupport_cpp: rosidl_typesupport_fastrtps_cpp;rosidl_typesupport_introspection_cpp
-- Found rclcpp: 9.2.2 (/opt/ros/galactic/share/rclcpp/cmake)
-- Found rmw_implementation_cmake: 3.3.1 (/opt/ros/galactic/share/rmw_implementation_cmake/cmake)
-- Found rmw_cyclonedds_cpp: 0.22.6 (/opt/ros/galactic/share/rmw_cyclonedds_cpp/cmake)
-- Using RMW implementation 'rmw_cyclonedds_cpp' as default
-- Looking for pthread.h
-- Looking for pthread.h - found
-- Performing Test CMAKE_HAVE_LIBC_PTHREAD
-- Performing Test CMAKE_HAVE_LIBC_PTHREAD - Failed
-- Looking for pthread_create in pthreads
-- Looking for pthread_create in pthreads - not found
-- Looking for pthread_create in pthread
-- Looking for pthread_create in pthread - found
-- Found Threads: TRUE  
-- Found rclcpp_components: 9.2.2 (/opt/ros/galactic/share/rclcpp_components/cmake)
-- Found rviz_common: 8.5.2 (/opt/ros/galactic/share/rviz_common/cmake)
-- Setting OGRE_DIR to: '/opt/ros/galactic/share/rviz_ogre_vendor/cmake/../../../opt/rviz_ogre_vendor/lib/OGRE/cmake'
-- Found OGRE
--   static     : OFF
--   components : HLMS;MeshLodGenerator;Overlay;Paging;Property;RTShaderSystem;Terrain;Volume
--   plugins    : Plugin_BSPSceneManager;Plugin_OctreeSceneManager;Plugin_PCZSceneManager;Plugin_ParticleFX;RenderSystem_GL;RenderSystem_GL3Plus;Codec_STBI
--   media      : /opt/ros/galactic/opt/rviz_ogre_vendor/share/OGRE/Media
-- OGRE_LIBRARIES: OgreHLMS;OgreMeshLodGenerator;OgreOverlay;OgrePaging;OgreProperty;OgreRTShaderSystem;OgreTerrain;OgreVolume;OgreMain
-- OGRE_LIBRARY_DIRS: /opt/ros/galactic/opt/rviz_ogre_vendor/lib
-- OGRE_PLUGINS: Plugin_BSPSceneManager;Plugin_OctreeSceneManager;Plugin_PCZSceneManager;Plugin_ParticleFX;RenderSystem_GL;RenderSystem_GL3Plus;Codec_STBI
-- OGRE_PLUGIN_DIR: /opt/ros/galactic/opt/rviz_ogre_vendor/lib/OGRE
-- rviz_ogre_vendor::OgreOverlay for IMPORTED_LOCATION_RELEASE: /opt/ros/galactic/opt/rviz_ogre_vendor/lib/libOgreOverlay.so
-- rviz_ogre_vendor::OgreOverlay for IMPORTED_LOCATION_DEBUG: /opt/ros/galactic/opt/rviz_ogre_vendor/lib/libOgreOverlay.so
-- rviz_ogre_vendor::OgreMain for IMPORTED_LOCATION_RELEASE: /opt/ros/galactic/opt/rviz_ogre_vendor/lib/libOgreMain.so
-- rviz_ogre_vendor::OgreMain for IMPORTED_LOCATION_DEBUG: /opt/ros/galactic/opt/rviz_ogre_vendor/lib/libOgreMain.so
-- Could not find freeimage library
-- Found ZLIB: /usr/lib/x86_64-linux-gnu/libz.so (found version "1.2.11") 
-- Found OpenGL: /usr/lib/x86_64-linux-gnu/libOpenGL.so   
-- Found X11: /usr/include   
-- Looking for XOpenDisplay in /usr/lib/x86_64-linux-gnu/libX11.so;/usr/lib/x86_64-linux-gnu/libXext.so
-- Looking for XOpenDisplay in /usr/lib/x86_64-linux-gnu/libX11.so;/usr/lib/x86_64-linux-gnu/libXext.so - found
-- Looking for gethostbyname
-- Looking for gethostbyname - found
-- Looking for connect
-- Looking for connect - found
-- Looking for remove
-- Looking for remove - found
-- Looking for shmat
-- Looking for shmat - found
-- Looking for IceConnectionNumber in ICE
-- Looking for IceConnectionNumber in ICE - found
-- rviz_ogre_vendor::RenderSystem_GL for IMPORTED_LOCATION_RELEASE: _render_system_gl_static_library_abs-NOTFOUND
-- rviz_ogre_vendor::RenderSystem_GL for IMPORTED_LOCATION_DEBUG: _render_system_gl_static_library_abs-NOTFOUND
-- library: libassimp.so.5
-- library: /usr/lib/x86_64-linux-gnu/libcurl.so
-- Found Eigen3: TRUE (found version "3.3.7") 
-- Setting yaml-cpp_DIR to: '/opt/ros/galactic/share/yaml_cpp_vendor/cmake/../../../opt/yaml_cpp_vendor/lib/cmake/yaml-cpp'
-- Found rviz_default_plugins: 8.5.2 (/opt/ros/galactic/share/rviz_default_plugins/cmake)
-- Found std_srvs: 2.2.4 (/opt/ros/galactic/share/std_srvs/cmake)
-- Found amr_v4_msgs_srvs: 0.0.0 (/home/kidd/projects/agv_gui/install/amr_v4_msgs_srvs/share/amr_v4_msgs_srvs/cmake)
-- Found tf2_eigen: 0.17.5 (/opt/ros/galactic/share/tf2_eigen/cmake)
-- Configuring done
-- Generating done
-- Build files have been written to: /home/kidd/projects/agv_gui/build/amr_v4_qt
[35m[1mScanning dependencies of target amr_v4_qt_autogen[0m
[  2%] [34m[1mAutomatic MOC and UIC for target amr_v4_qt[0m
[  2%] Built target amr_v4_qt_autogen
[  4%] [34m[1mGenerating include/moc_scrolling_label.cpp[0m
[  6%] [34m[1mGenerating include/moc_main_gui.cpp[0m
[  8%] [34m[1mGenerating include/moc_motors.cpp[0m
[ 10%] [34m[1mGenerating include/moc_ui_motor_screen.cpp[0m
/home/kidd/projects/agv_gui/amr_v4_qt/include/ui_motor_screen.h:0: Note: No relevant classes found. No output generated.
[ 12%] [34m[1mGenerating include/moc_ui_health_screen.cpp[0m
/home/kidd/projects/agv_gui/amr_v4_qt/include/ui_health_screen.h:0: Note: No relevant classes found. No output generated.
[ 14%] [34m[1mGenerating include/moc_ui_running_mode_screen.cpp[0m
/home/kidd/projects/agv_gui/amr_v4_qt/include/ui_running_mode_screen.h:0: Note: No relevant classes found. No output generated.
[ 16%] [34m[1mGenerating include/moc_ui_main_screen.cpp[0m
/home/kidd/projects/agv_gui/amr_v4_qt/include/ui_main_screen.h:0: Note: No relevant classes found. No output generated.
[ 18%] [34m[1mGenerating include/moc_main_screen.cpp[0m
[ 20%] [34m[1mGenerating include/moc_fisher_screen.cpp[0m
[ 22%] [34m[1mGenerating include/moc_battery_node.cpp[0m
[ 25%] [34m[1mGenerating include/moc_motor_node.cpp[0m
[ 27%] [34m[1mGenerating include/moc_health.cpp[0m
[ 29%] [34m[1mGenerating include/moc_health_node.cpp[0m
[ 31%] [34m[1mGenerating include/moc_running_mode.cpp[0m
[ 33%] [34m[1mGenerating include/moc_running_node.cpp[0m
[ 35%] [34m[1mGenerating include/moc_robot_node.cpp[0m
[35m[1mScanning dependencies of target amr_v4_qt[0m
[ 37%] [32mBuilding CXX object CMakeFiles/amr_v4_qt.dir/amr_v4_qt_autogen/mocs_compilation.cpp.o[0m
[ 39%] [32mBuilding CXX object CMakeFiles/amr_v4_qt.dir/src/main.cpp.o[0m
[ 41%] [32mBuilding CXX object CMakeFiles/amr_v4_qt.dir/src/main_gui.cpp.o[0m
[01m[K/home/kidd/projects/agv_gui/amr_v4_qt/src/main_gui.cpp:[m[K In member function ‘[01m[Kvoid MainGui::switchToTabScreen(QObject*)[m[K’:
[01m[K/home/kidd/projects/agv_gui/amr_v4_qt/src/main_gui.cpp:96:41:[m[K [01;31m[Kerror: [m[K‘[01m[Kclass Ui::MainScreen[m[K’ has no member named ‘[01m[KhelloscreenButton[m[K’; did you mean ‘[01m[KhealthScreenButton[m[K’?
   96 |     else if(senderObj == mainScreen->ui.[01;31m[KhelloscreenButton[m[K) {
      |                                         [01;31m[K^~~~~~~~~~~~~~~~~[m[K
      |                                         [32m[KhealthScreenButton[m[K
make[2]: *** [CMakeFiles/amr_v4_qt.dir/build.make:153: CMakeFiles/amr_v4_qt.dir/src/main_gui.cpp.o] Error 1
make[1]: *** [CMakeFiles/Makefile2:79: CMakeFiles/amr_v4_qt.dir/all] Error 2
make: *** [Makefile:141: all] Error 2
