[0.040s] Invoking command in '/home/kidd/projects/agv_gui/build/amr_v4_qt': CMAKE_PREFIX_PATH=/home/kidd/projects/agv_gui/install/amr_v4_msgs_srvs:/home/kidd/projects/agv_gui/install/amr_v4_qt:/opt/ros/galactic /usr/bin/cmake /home/kidd/projects/agv_gui/amr_v4_qt -DCMAKE_INSTALL_PREFIX=/home/kidd/projects/agv_gui/install/amr_v4_qt
[0.205s] -- The C compiler identification is GNU 9.4.0
[0.322s] -- The CXX compiler identification is GNU 9.4.0
[0.336s] -- Check for working C compiler: /usr/bin/cc
[0.485s] -- Check for working C compiler: /usr/bin/cc -- works
[0.487s] -- Detecting C compiler ABI info
[0.675s] -- Detecting C compiler ABI info - done
[0.714s] -- Detecting C compile features
[0.715s] -- Detecting C compile features - done
[0.722s] -- Check for working CXX compiler: /usr/bin/c++
[0.916s] -- Check for working CXX compiler: /usr/bin/c++ -- works
[0.917s] -- Detecting CXX compiler ABI info
[1.086s] -- Detecting CXX compiler ABI info - done
[1.110s] -- Detecting CXX compile features
[1.112s] -- Detecting CXX compile features - done
[1.116s] -- Found ament_cmake: 1.1.6 (/opt/ros/galactic/share/ament_cmake/cmake)
[1.163s] -- Found PythonInterp: /usr/bin/python3 (found suitable version "3.8.10", minimum required is "3") 
[1.164s] -- Using PYTHON_EXECUTABLE: /usr/bin/python3
[1.298s] -- Found geometry_msgs: 2.2.4 (/opt/ros/galactic/share/geometry_msgs/cmake)
[1.359s] -- Using all available rosidl_typesupport_c: rosidl_typesupport_fastrtps_c;rosidl_typesupport_introspection_c
[1.375s] -- Found rosidl_adapter: 2.2.3 (/opt/ros/galactic/share/rosidl_adapter/cmake)
[1.505s] -- Found OpenSSL: /usr/lib/x86_64-linux-gnu/libcrypto.so (found version "1.1.1f")  
[1.562s] -- Found FastRTPS: /opt/ros/galactic/include  
[1.733s] -- Using all available rosidl_typesupport_cpp: rosidl_typesupport_fastrtps_cpp;rosidl_typesupport_introspection_cpp
[1.991s] -- Found rclcpp: 9.2.2 (/opt/ros/galactic/share/rclcpp/cmake)
[2.066s] -- Found rmw_implementation_cmake: 3.3.1 (/opt/ros/galactic/share/rmw_implementation_cmake/cmake)
[2.071s] -- Found rmw_cyclonedds_cpp: 0.22.6 (/opt/ros/galactic/share/rmw_cyclonedds_cpp/cmake)
[2.122s] -- Using RMW implementation 'rmw_cyclonedds_cpp' as default
[2.124s] -- Looking for pthread.h
[2.278s] -- Looking for pthread.h - found
[2.279s] -- Performing Test CMAKE_HAVE_LIBC_PTHREAD
[2.565s] -- Performing Test CMAKE_HAVE_LIBC_PTHREAD - Failed
[2.565s] -- Looking for pthread_create in pthreads
[2.779s] -- Looking for pthread_create in pthreads - not found
[2.779s] -- Looking for pthread_create in pthread
[3.059s] -- Looking for pthread_create in pthread - found
[3.062s] -- Found Threads: TRUE  
[3.624s] -- Found rclcpp_components: 9.2.2 (/opt/ros/galactic/share/rclcpp_components/cmake)
[3.934s] -- Found rviz_common: 8.5.2 (/opt/ros/galactic/share/rviz_common/cmake)
[4.018s] -- Setting OGRE_DIR to: '/opt/ros/galactic/share/rviz_ogre_vendor/cmake/../../../opt/rviz_ogre_vendor/lib/OGRE/cmake'
[4.036s] -- Found OGRE
[4.037s] --   static     : OFF
[4.037s] --   components : HLMS;MeshLodGenerator;Overlay;Paging;Property;RTShaderSystem;Terrain;Volume
[4.039s] --   plugins    : Plugin_BSPSceneManager;Plugin_OctreeSceneManager;Plugin_PCZSceneManager;Plugin_ParticleFX;RenderSystem_GL;RenderSystem_GL3Plus;Codec_STBI
[4.040s] --   media      : /opt/ros/galactic/opt/rviz_ogre_vendor/share/OGRE/Media
[4.040s] -- OGRE_LIBRARIES: OgreHLMS;OgreMeshLodGenerator;OgreOverlay;OgrePaging;OgreProperty;OgreRTShaderSystem;OgreTerrain;OgreVolume;OgreMain
[4.041s] -- OGRE_LIBRARY_DIRS: /opt/ros/galactic/opt/rviz_ogre_vendor/lib
[4.041s] -- OGRE_PLUGINS: Plugin_BSPSceneManager;Plugin_OctreeSceneManager;Plugin_PCZSceneManager;Plugin_ParticleFX;RenderSystem_GL;RenderSystem_GL3Plus;Codec_STBI
[4.041s] -- OGRE_PLUGIN_DIR: /opt/ros/galactic/opt/rviz_ogre_vendor/lib/OGRE
[4.043s] -- rviz_ogre_vendor::OgreOverlay for IMPORTED_LOCATION_RELEASE: /opt/ros/galactic/opt/rviz_ogre_vendor/lib/libOgreOverlay.so
[4.044s] -- rviz_ogre_vendor::OgreOverlay for IMPORTED_LOCATION_DEBUG: /opt/ros/galactic/opt/rviz_ogre_vendor/lib/libOgreOverlay.so
[4.045s] -- rviz_ogre_vendor::OgreMain for IMPORTED_LOCATION_RELEASE: /opt/ros/galactic/opt/rviz_ogre_vendor/lib/libOgreMain.so
[4.045s] -- rviz_ogre_vendor::OgreMain for IMPORTED_LOCATION_DEBUG: /opt/ros/galactic/opt/rviz_ogre_vendor/lib/libOgreMain.so
[4.056s] -- Could not find freeimage library
[4.125s] -- Found ZLIB: /usr/lib/x86_64-linux-gnu/libz.so (found version "1.2.11") 
[4.144s] -- Found OpenGL: /usr/lib/x86_64-linux-gnu/libOpenGL.so   
[4.328s] -- Found X11: /usr/include   
[4.330s] -- Looking for XOpenDisplay in /usr/lib/x86_64-linux-gnu/libX11.so;/usr/lib/x86_64-linux-gnu/libXext.so
[4.678s] -- Looking for XOpenDisplay in /usr/lib/x86_64-linux-gnu/libX11.so;/usr/lib/x86_64-linux-gnu/libXext.so - found
[4.678s] -- Looking for gethostbyname
[4.794s] -- Looking for gethostbyname - found
[4.795s] -- Looking for connect
[5.080s] -- Looking for connect - found
[5.080s] -- Looking for remove
[5.313s] -- Looking for remove - found
[5.313s] -- Looking for shmat
[5.613s] -- Looking for shmat - found
[5.614s] -- Looking for IceConnectionNumber in ICE
[5.899s] -- Looking for IceConnectionNumber in ICE - found
[5.909s] -- rviz_ogre_vendor::RenderSystem_GL for IMPORTED_LOCATION_RELEASE: _render_system_gl_static_library_abs-NOTFOUND
[5.910s] -- rviz_ogre_vendor::RenderSystem_GL for IMPORTED_LOCATION_DEBUG: _render_system_gl_static_library_abs-NOTFOUND
[5.918s] -- library: libassimp.so.5
[6.200s] -- library: /usr/lib/x86_64-linux-gnu/libcurl.so
[6.841s] -- Found Eigen3: TRUE (found version "3.3.7") 
[8.334s] -- Setting yaml-cpp_DIR to: '/opt/ros/galactic/share/yaml_cpp_vendor/cmake/../../../opt/yaml_cpp_vendor/lib/cmake/yaml-cpp'
[8.353s] -- Found rviz_default_plugins: 8.5.2 (/opt/ros/galactic/share/rviz_default_plugins/cmake)
[10.212s] -- Found std_srvs: 2.2.4 (/opt/ros/galactic/share/std_srvs/cmake)
[10.247s] -- Found amr_v4_msgs_srvs: 0.0.0 (/home/kidd/projects/agv_gui/install/amr_v4_msgs_srvs/share/amr_v4_msgs_srvs/cmake)
[10.329s] -- Found tf2_eigen: 0.17.5 (/opt/ros/galactic/share/tf2_eigen/cmake)
[10.657s] -- Configuring done
[10.813s] -- Generating done
[10.819s] -- Build files have been written to: /home/kidd/projects/agv_gui/build/amr_v4_qt
[10.850s] Invoked command in '/home/kidd/projects/agv_gui/build/amr_v4_qt' returned '0': CMAKE_PREFIX_PATH=/home/kidd/projects/agv_gui/install/amr_v4_msgs_srvs:/home/kidd/projects/agv_gui/install/amr_v4_qt:/opt/ros/galactic /usr/bin/cmake /home/kidd/projects/agv_gui/amr_v4_qt -DCMAKE_INSTALL_PREFIX=/home/kidd/projects/agv_gui/install/amr_v4_qt
[10.851s] Invoking command in '/home/kidd/projects/agv_gui/build/amr_v4_qt': CMAKE_PREFIX_PATH=/home/kidd/projects/agv_gui/install/amr_v4_msgs_srvs:/home/kidd/projects/agv_gui/install/amr_v4_qt:/opt/ros/galactic /usr/bin/cmake --build /home/kidd/projects/agv_gui/build/amr_v4_qt -- -j2 -l2
[10.971s] [35m[1mScanning dependencies of target amr_v4_qt_autogen[0m
[10.996s] [  2%] [34m[1mAutomatic MOC and UIC for target amr_v4_qt[0m
[11.107s] [  2%] Built target amr_v4_qt_autogen
[11.128s] [  4%] [34m[1mGenerating include/moc_scrolling_label.cpp[0m
[11.151s] [  6%] [34m[1mGenerating include/moc_main_gui.cpp[0m
[11.184s] [  8%] [34m[1mGenerating include/moc_motors.cpp[0m
[11.235s] [ 10%] [34m[1mGenerating include/moc_ui_motor_screen.cpp[0m
[11.244s] /home/kidd/projects/agv_gui/amr_v4_qt/include/ui_motor_screen.h:0: Note: No relevant classes found. No output generated.
[11.324s] [ 12%] [34m[1mGenerating include/moc_ui_health_screen.cpp[0m
[11.327s] /home/kidd/projects/agv_gui/amr_v4_qt/include/ui_health_screen.h:0: Note: No relevant classes found. No output generated.
[11.374s] [ 14%] [34m[1mGenerating include/moc_ui_running_mode_screen.cpp[0m
[11.382s] /home/kidd/projects/agv_gui/amr_v4_qt/include/ui_running_mode_screen.h:0: Note: No relevant classes found. No output generated.
[11.408s] [ 16%] [34m[1mGenerating include/moc_ui_main_screen.cpp[0m
[11.433s] /home/kidd/projects/agv_gui/amr_v4_qt/include/ui_main_screen.h:0: Note: No relevant classes found. No output generated.
[11.498s] [ 18%] [34m[1mGenerating include/moc_main_screen.cpp[0m
[11.543s] [ 20%] [34m[1mGenerating include/moc_fisher_screen.cpp[0m
[11.579s] [ 22%] [34m[1mGenerating include/moc_battery_node.cpp[0m
[11.625s] [ 25%] [34m[1mGenerating include/moc_motor_node.cpp[0m
[11.683s] [ 27%] [34m[1mGenerating include/moc_health.cpp[0m
[11.757s] [ 29%] [34m[1mGenerating include/moc_health_node.cpp[0m
[11.831s] [ 31%] [34m[1mGenerating include/moc_running_mode.cpp[0m
[11.884s] [ 33%] [34m[1mGenerating include/moc_running_node.cpp[0m
[11.939s] [ 35%] [34m[1mGenerating include/moc_robot_node.cpp[0m
[11.989s] [35m[1mScanning dependencies of target amr_v4_qt[0m
[12.603s] [ 37%] [32mBuilding CXX object CMakeFiles/amr_v4_qt.dir/amr_v4_qt_autogen/mocs_compilation.cpp.o[0m
[12.777s] [ 39%] [32mBuilding CXX object CMakeFiles/amr_v4_qt.dir/src/main.cpp.o[0m
[28.129s] [ 41%] [32mBuilding CXX object CMakeFiles/amr_v4_qt.dir/src/main_gui.cpp.o[0m
[38.900s] [01m[K/home/kidd/projects/agv_gui/amr_v4_qt/src/main_gui.cpp:[m[K In member function ‘[01m[Kvoid MainGui::switchToTabScreen(QObject*)[m[K’:
[38.900s] [01m[K/home/kidd/projects/agv_gui/amr_v4_qt/src/main_gui.cpp:96:41:[m[K [01;31m[Kerror: [m[K‘[01m[Kclass Ui::MainScreen[m[K’ has no member named ‘[01m[KhelloscreenButton[m[K’; did you mean ‘[01m[KhealthScreenButton[m[K’?
[38.900s]    96 |     else if(senderObj == mainScreen->ui.[01;31m[KhelloscreenButton[m[K) {
[38.901s]       |                                         [01;31m[K^~~~~~~~~~~~~~~~~[m[K
[38.902s]       |                                         [32m[KhealthScreenButton[m[K
[41.478s] make[2]: *** [CMakeFiles/amr_v4_qt.dir/build.make:153: CMakeFiles/amr_v4_qt.dir/src/main_gui.cpp.o] Error 1
[41.481s] make[1]: *** [CMakeFiles/Makefile2:79: CMakeFiles/amr_v4_qt.dir/all] Error 2
[41.483s] make: *** [Makefile:141: all] Error 2
[41.505s] Invoked command in '/home/kidd/projects/agv_gui/build/amr_v4_qt' returned '2': CMAKE_PREFIX_PATH=/home/kidd/projects/agv_gui/install/amr_v4_msgs_srvs:/home/kidd/projects/agv_gui/install/amr_v4_qt:/opt/ros/galactic /usr/bin/cmake --build /home/kidd/projects/agv_gui/build/amr_v4_qt -- -j2 -l2
