[0.020s] Invoking command in '/home/kidd/projects/agv_gui/build/amr_v4_msgs_srvs': CMAKE_PREFIX_PATH=/opt/ros/humble /usr/bin/cmake --build /home/kidd/projects/agv_gui/build/amr_v4_msgs_srvs -- -j2 -l2
[0.094s] [  1%] Built target amr_v4_msgs_srvs__cpp
[0.102s] [ 12%] Built target amr_v4_msgs_srvs__rosidl_generator_c
[0.157s] [ 23%] Built target amr_v4_msgs_srvs__rosidl_typesupport_cpp
[0.165s] [ 23%] Built target ament_cmake_python_copy_amr_v4_msgs_srvs
[0.195s] [ 34%] Built target amr_v4_msgs_srvs__rosidl_typesupport_fastrtps_c
[0.207s] [ 45%] Built target amr_v4_msgs_srvs__rosidl_typesupport_introspection_c
[0.228s] [ 56%] Built target amr_v4_msgs_srvs__rosidl_typesupport_c
[0.263s] [ 67%] Built target amr_v4_msgs_srvs__rosidl_typesupport_fastrtps_cpp
[0.277s] [ 78%] Built target amr_v4_msgs_srvs__rosidl_typesupport_introspection_cpp
[0.307s] [ 78%] Built target amr_v4_msgs_srvs
[0.342s] [ 80%] Built target amr_v4_msgs_srvs__py
[0.421s] [ 89%] Built target amr_v4_msgs_srvs__rosidl_generator_py
[0.508s] [ 92%] Built target amr_v4_msgs_srvs__rosidl_typesupport_fastrtps_c__pyext
[0.582s] [ 96%] Built target amr_v4_msgs_srvs__rosidl_typesupport_introspection_c__pyext
[0.619s] [100%] Built target amr_v4_msgs_srvs__rosidl_typesupport_c__pyext
[0.693s] running egg_info
[0.695s] writing amr_v4_msgs_srvs.egg-info/PKG-INFO
[0.695s] writing dependency_links to amr_v4_msgs_srvs.egg-info/dependency_links.txt
[0.696s] writing top-level names to amr_v4_msgs_srvs.egg-info/top_level.txt
[0.699s] reading manifest file 'amr_v4_msgs_srvs.egg-info/SOURCES.txt'
[0.700s] writing manifest file 'amr_v4_msgs_srvs.egg-info/SOURCES.txt'
[0.726s] [100%] Built target ament_cmake_python_build_amr_v4_msgs_srvs_egg
[0.757s] Invoked command in '/home/kidd/projects/agv_gui/build/amr_v4_msgs_srvs' returned '0': CMAKE_PREFIX_PATH=/opt/ros/humble /usr/bin/cmake --build /home/kidd/projects/agv_gui/build/amr_v4_msgs_srvs -- -j2 -l2
[0.890s] Invoking command in '/home/kidd/projects/agv_gui/build/amr_v4_msgs_srvs': CMAKE_PREFIX_PATH=/opt/ros/humble /usr/bin/cmake --install /home/kidd/projects/agv_gui/build/amr_v4_msgs_srvs
[0.902s] -- Install configuration: ""
[0.902s] -- Up-to-date: /home/kidd/projects/agv_gui/install/amr_v4_msgs_srvs/share/ament_index/resource_index/rosidl_interfaces/amr_v4_msgs_srvs
[0.903s] -- Up-to-date: /home/kidd/projects/agv_gui/install/amr_v4_msgs_srvs/include/amr_v4_msgs_srvs/amr_v4_msgs_srvs
[0.903s] -- Up-to-date: /home/kidd/projects/agv_gui/install/amr_v4_msgs_srvs/include/amr_v4_msgs_srvs/amr_v4_msgs_srvs/msg
[0.903s] -- Up-to-date: /home/kidd/projects/agv_gui/install/amr_v4_msgs_srvs/include/amr_v4_msgs_srvs/amr_v4_msgs_srvs/msg/pin.h
[0.903s] -- Up-to-date: /home/kidd/projects/agv_gui/install/amr_v4_msgs_srvs/include/amr_v4_msgs_srvs/amr_v4_msgs_srvs/msg/rosidl_generator_c__visibility_control.h
[0.904s] -- Up-to-date: /home/kidd/projects/agv_gui/install/amr_v4_msgs_srvs/include/amr_v4_msgs_srvs/amr_v4_msgs_srvs/msg/robot.h
[0.904s] -- Up-to-date: /home/kidd/projects/agv_gui/install/amr_v4_msgs_srvs/include/amr_v4_msgs_srvs/amr_v4_msgs_srvs/msg/motor.h
[0.904s] -- Up-to-date: /home/kidd/projects/agv_gui/install/amr_v4_msgs_srvs/include/amr_v4_msgs_srvs/amr_v4_msgs_srvs/msg/detail
[0.904s] -- Up-to-date: /home/kidd/projects/agv_gui/install/amr_v4_msgs_srvs/include/amr_v4_msgs_srvs/amr_v4_msgs_srvs/msg/detail/robot__struct.h
[0.905s] -- Up-to-date: /home/kidd/projects/agv_gui/install/amr_v4_msgs_srvs/include/amr_v4_msgs_srvs/amr_v4_msgs_srvs/msg/detail/motor__struct.h
[0.905s] -- Up-to-date: /home/kidd/projects/agv_gui/install/amr_v4_msgs_srvs/include/amr_v4_msgs_srvs/amr_v4_msgs_srvs/msg/detail/pin__type_support.h
[0.905s] -- Up-to-date: /home/kidd/projects/agv_gui/install/amr_v4_msgs_srvs/include/amr_v4_msgs_srvs/amr_v4_msgs_srvs/msg/detail/pin__functions.c
[0.905s] -- Up-to-date: /home/kidd/projects/agv_gui/install/amr_v4_msgs_srvs/include/amr_v4_msgs_srvs/amr_v4_msgs_srvs/msg/detail/pin__struct.h
[0.906s] -- Up-to-date: /home/kidd/projects/agv_gui/install/amr_v4_msgs_srvs/include/amr_v4_msgs_srvs/amr_v4_msgs_srvs/msg/detail/motor__functions.c
[0.906s] -- Up-to-date: /home/kidd/projects/agv_gui/install/amr_v4_msgs_srvs/include/amr_v4_msgs_srvs/amr_v4_msgs_srvs/msg/detail/pin__functions.h
[0.906s] -- Up-to-date: /home/kidd/projects/agv_gui/install/amr_v4_msgs_srvs/include/amr_v4_msgs_srvs/amr_v4_msgs_srvs/msg/detail/robot__type_support.h
[0.906s] -- Up-to-date: /home/kidd/projects/agv_gui/install/amr_v4_msgs_srvs/include/amr_v4_msgs_srvs/amr_v4_msgs_srvs/msg/detail/motor__functions.h
[0.907s] -- Up-to-date: /home/kidd/projects/agv_gui/install/amr_v4_msgs_srvs/include/amr_v4_msgs_srvs/amr_v4_msgs_srvs/msg/detail/motor__type_support.h
[0.907s] -- Up-to-date: /home/kidd/projects/agv_gui/install/amr_v4_msgs_srvs/include/amr_v4_msgs_srvs/amr_v4_msgs_srvs/msg/detail/robot__functions.c
[0.907s] -- Up-to-date: /home/kidd/projects/agv_gui/install/amr_v4_msgs_srvs/include/amr_v4_msgs_srvs/amr_v4_msgs_srvs/msg/detail/robot__functions.h
[0.907s] -- Up-to-date: /home/kidd/projects/agv_gui/install/amr_v4_msgs_srvs/include/amr_v4_msgs_srvs/amr_v4_msgs_srvs/srv
[0.908s] -- Up-to-date: /home/kidd/projects/agv_gui/install/amr_v4_msgs_srvs/include/amr_v4_msgs_srvs/amr_v4_msgs_srvs/srv/testserv.h
[0.908s] -- Up-to-date: /home/kidd/projects/agv_gui/install/amr_v4_msgs_srvs/include/amr_v4_msgs_srvs/amr_v4_msgs_srvs/srv/detail
[0.908s] -- Up-to-date: /home/kidd/projects/agv_gui/install/amr_v4_msgs_srvs/include/amr_v4_msgs_srvs/amr_v4_msgs_srvs/srv/detail/testserv__functions.c
[0.908s] -- Up-to-date: /home/kidd/projects/agv_gui/install/amr_v4_msgs_srvs/include/amr_v4_msgs_srvs/amr_v4_msgs_srvs/srv/detail/testserv__functions.h
[0.909s] -- Up-to-date: /home/kidd/projects/agv_gui/install/amr_v4_msgs_srvs/include/amr_v4_msgs_srvs/amr_v4_msgs_srvs/srv/detail/testserv__type_support.h
[0.909s] -- Up-to-date: /home/kidd/projects/agv_gui/install/amr_v4_msgs_srvs/include/amr_v4_msgs_srvs/amr_v4_msgs_srvs/srv/detail/testserv__struct.h
[0.909s] -- Up-to-date: /home/kidd/projects/agv_gui/install/amr_v4_msgs_srvs/share/amr_v4_msgs_srvs/environment/library_path.sh
[0.909s] -- Up-to-date: /home/kidd/projects/agv_gui/install/amr_v4_msgs_srvs/share/amr_v4_msgs_srvs/environment/library_path.dsv
[0.910s] -- Up-to-date: /home/kidd/projects/agv_gui/install/amr_v4_msgs_srvs/lib/libamr_v4_msgs_srvs__rosidl_generator_c.so
[0.910s] -- Up-to-date: /home/kidd/projects/agv_gui/install/amr_v4_msgs_srvs/include/amr_v4_msgs_srvs/amr_v4_msgs_srvs
[0.911s] -- Up-to-date: /home/kidd/projects/agv_gui/install/amr_v4_msgs_srvs/include/amr_v4_msgs_srvs/amr_v4_msgs_srvs/msg
[0.911s] -- Up-to-date: /home/kidd/projects/agv_gui/install/amr_v4_msgs_srvs/include/amr_v4_msgs_srvs/amr_v4_msgs_srvs/msg/rosidl_typesupport_fastrtps_c__visibility_control.h
[0.911s] -- Up-to-date: /home/kidd/projects/agv_gui/install/amr_v4_msgs_srvs/include/amr_v4_msgs_srvs/amr_v4_msgs_srvs/msg/detail
[0.912s] -- Up-to-date: /home/kidd/projects/agv_gui/install/amr_v4_msgs_srvs/include/amr_v4_msgs_srvs/amr_v4_msgs_srvs/msg/detail/motor__rosidl_typesupport_fastrtps_c.h
[0.912s] -- Up-to-date: /home/kidd/projects/agv_gui/install/amr_v4_msgs_srvs/include/amr_v4_msgs_srvs/amr_v4_msgs_srvs/msg/detail/robot__rosidl_typesupport_fastrtps_c.h
[0.912s] -- Up-to-date: /home/kidd/projects/agv_gui/install/amr_v4_msgs_srvs/include/amr_v4_msgs_srvs/amr_v4_msgs_srvs/msg/detail/pin__rosidl_typesupport_fastrtps_c.h
[0.912s] -- Up-to-date: /home/kidd/projects/agv_gui/install/amr_v4_msgs_srvs/include/amr_v4_msgs_srvs/amr_v4_msgs_srvs/srv
[0.913s] -- Up-to-date: /home/kidd/projects/agv_gui/install/amr_v4_msgs_srvs/include/amr_v4_msgs_srvs/amr_v4_msgs_srvs/srv/detail
[0.913s] -- Up-to-date: /home/kidd/projects/agv_gui/install/amr_v4_msgs_srvs/include/amr_v4_msgs_srvs/amr_v4_msgs_srvs/srv/detail/testserv__rosidl_typesupport_fastrtps_c.h
[0.914s] -- Up-to-date: /home/kidd/projects/agv_gui/install/amr_v4_msgs_srvs/lib/libamr_v4_msgs_srvs__rosidl_typesupport_fastrtps_c.so
[0.915s] -- Up-to-date: /home/kidd/projects/agv_gui/install/amr_v4_msgs_srvs/include/amr_v4_msgs_srvs/amr_v4_msgs_srvs
[0.915s] -- Up-to-date: /home/kidd/projects/agv_gui/install/amr_v4_msgs_srvs/include/amr_v4_msgs_srvs/amr_v4_msgs_srvs/msg
[0.915s] -- Up-to-date: /home/kidd/projects/agv_gui/install/amr_v4_msgs_srvs/include/amr_v4_msgs_srvs/amr_v4_msgs_srvs/msg/rosidl_typesupport_introspection_c__visibility_control.h
[0.915s] -- Up-to-date: /home/kidd/projects/agv_gui/install/amr_v4_msgs_srvs/include/amr_v4_msgs_srvs/amr_v4_msgs_srvs/msg/detail
[0.916s] -- Up-to-date: /home/kidd/projects/agv_gui/install/amr_v4_msgs_srvs/include/amr_v4_msgs_srvs/amr_v4_msgs_srvs/msg/detail/pin__rosidl_typesupport_introspection_c.h
[0.916s] -- Up-to-date: /home/kidd/projects/agv_gui/install/amr_v4_msgs_srvs/include/amr_v4_msgs_srvs/amr_v4_msgs_srvs/msg/detail/pin__type_support.c
[0.916s] -- Up-to-date: /home/kidd/projects/agv_gui/install/amr_v4_msgs_srvs/include/amr_v4_msgs_srvs/amr_v4_msgs_srvs/msg/detail/motor__type_support.c
[0.916s] -- Up-to-date: /home/kidd/projects/agv_gui/install/amr_v4_msgs_srvs/include/amr_v4_msgs_srvs/amr_v4_msgs_srvs/msg/detail/motor__rosidl_typesupport_introspection_c.h
[0.917s] -- Up-to-date: /home/kidd/projects/agv_gui/install/amr_v4_msgs_srvs/include/amr_v4_msgs_srvs/amr_v4_msgs_srvs/msg/detail/robot__type_support.c
[0.917s] -- Up-to-date: /home/kidd/projects/agv_gui/install/amr_v4_msgs_srvs/include/amr_v4_msgs_srvs/amr_v4_msgs_srvs/msg/detail/robot__rosidl_typesupport_introspection_c.h
[0.918s] -- Up-to-date: /home/kidd/projects/agv_gui/install/amr_v4_msgs_srvs/include/amr_v4_msgs_srvs/amr_v4_msgs_srvs/srv
[0.918s] -- Up-to-date: /home/kidd/projects/agv_gui/install/amr_v4_msgs_srvs/include/amr_v4_msgs_srvs/amr_v4_msgs_srvs/srv/detail
[0.918s] -- Up-to-date: /home/kidd/projects/agv_gui/install/amr_v4_msgs_srvs/include/amr_v4_msgs_srvs/amr_v4_msgs_srvs/srv/detail/testserv__type_support.c
[0.919s] -- Up-to-date: /home/kidd/projects/agv_gui/install/amr_v4_msgs_srvs/include/amr_v4_msgs_srvs/amr_v4_msgs_srvs/srv/detail/testserv__rosidl_typesupport_introspection_c.h
[0.919s] -- Up-to-date: /home/kidd/projects/agv_gui/install/amr_v4_msgs_srvs/lib/libamr_v4_msgs_srvs__rosidl_typesupport_introspection_c.so
[0.920s] -- Up-to-date: /home/kidd/projects/agv_gui/install/amr_v4_msgs_srvs/lib/libamr_v4_msgs_srvs__rosidl_typesupport_c.so
[0.920s] -- Up-to-date: /home/kidd/projects/agv_gui/install/amr_v4_msgs_srvs/include/amr_v4_msgs_srvs/amr_v4_msgs_srvs
[0.920s] -- Up-to-date: /home/kidd/projects/agv_gui/install/amr_v4_msgs_srvs/include/amr_v4_msgs_srvs/amr_v4_msgs_srvs/msg
[0.920s] -- Up-to-date: /home/kidd/projects/agv_gui/install/amr_v4_msgs_srvs/include/amr_v4_msgs_srvs/amr_v4_msgs_srvs/msg/motor.hpp
[0.921s] -- Up-to-date: /home/kidd/projects/agv_gui/install/amr_v4_msgs_srvs/include/amr_v4_msgs_srvs/amr_v4_msgs_srvs/msg/robot.hpp
[0.921s] -- Up-to-date: /home/kidd/projects/agv_gui/install/amr_v4_msgs_srvs/include/amr_v4_msgs_srvs/amr_v4_msgs_srvs/msg/pin.hpp
[0.921s] -- Up-to-date: /home/kidd/projects/agv_gui/install/amr_v4_msgs_srvs/include/amr_v4_msgs_srvs/amr_v4_msgs_srvs/msg/detail
[0.921s] -- Up-to-date: /home/kidd/projects/agv_gui/install/amr_v4_msgs_srvs/include/amr_v4_msgs_srvs/amr_v4_msgs_srvs/msg/detail/pin__struct.hpp
[0.921s] -- Up-to-date: /home/kidd/projects/agv_gui/install/amr_v4_msgs_srvs/include/amr_v4_msgs_srvs/amr_v4_msgs_srvs/msg/detail/motor__traits.hpp
[0.922s] -- Up-to-date: /home/kidd/projects/agv_gui/install/amr_v4_msgs_srvs/include/amr_v4_msgs_srvs/amr_v4_msgs_srvs/msg/detail/pin__builder.hpp
[0.922s] -- Up-to-date: /home/kidd/projects/agv_gui/install/amr_v4_msgs_srvs/include/amr_v4_msgs_srvs/amr_v4_msgs_srvs/msg/detail/motor__struct.hpp
[0.922s] -- Up-to-date: /home/kidd/projects/agv_gui/install/amr_v4_msgs_srvs/include/amr_v4_msgs_srvs/amr_v4_msgs_srvs/msg/detail/robot__traits.hpp
[0.922s] -- Up-to-date: /home/kidd/projects/agv_gui/install/amr_v4_msgs_srvs/include/amr_v4_msgs_srvs/amr_v4_msgs_srvs/msg/detail/motor__builder.hpp
[0.922s] -- Up-to-date: /home/kidd/projects/agv_gui/install/amr_v4_msgs_srvs/include/amr_v4_msgs_srvs/amr_v4_msgs_srvs/msg/detail/robot__builder.hpp
[0.922s] -- Up-to-date: /home/kidd/projects/agv_gui/install/amr_v4_msgs_srvs/include/amr_v4_msgs_srvs/amr_v4_msgs_srvs/msg/detail/pin__traits.hpp
[0.923s] -- Up-to-date: /home/kidd/projects/agv_gui/install/amr_v4_msgs_srvs/include/amr_v4_msgs_srvs/amr_v4_msgs_srvs/msg/detail/robot__struct.hpp
[0.923s] -- Up-to-date: /home/kidd/projects/agv_gui/install/amr_v4_msgs_srvs/include/amr_v4_msgs_srvs/amr_v4_msgs_srvs/srv
[0.923s] -- Up-to-date: /home/kidd/projects/agv_gui/install/amr_v4_msgs_srvs/include/amr_v4_msgs_srvs/amr_v4_msgs_srvs/srv/testserv.hpp
[0.923s] -- Up-to-date: /home/kidd/projects/agv_gui/install/amr_v4_msgs_srvs/include/amr_v4_msgs_srvs/amr_v4_msgs_srvs/srv/detail
[0.923s] -- Up-to-date: /home/kidd/projects/agv_gui/install/amr_v4_msgs_srvs/include/amr_v4_msgs_srvs/amr_v4_msgs_srvs/srv/detail/testserv__builder.hpp
[0.924s] -- Up-to-date: /home/kidd/projects/agv_gui/install/amr_v4_msgs_srvs/include/amr_v4_msgs_srvs/amr_v4_msgs_srvs/srv/detail/testserv__traits.hpp
[0.924s] -- Up-to-date: /home/kidd/projects/agv_gui/install/amr_v4_msgs_srvs/include/amr_v4_msgs_srvs/amr_v4_msgs_srvs/srv/detail/testserv__struct.hpp
[0.924s] -- Up-to-date: /home/kidd/projects/agv_gui/install/amr_v4_msgs_srvs/include/amr_v4_msgs_srvs/amr_v4_msgs_srvs
[0.924s] -- Up-to-date: /home/kidd/projects/agv_gui/install/amr_v4_msgs_srvs/include/amr_v4_msgs_srvs/amr_v4_msgs_srvs/msg
[0.925s] -- Up-to-date: /home/kidd/projects/agv_gui/install/amr_v4_msgs_srvs/include/amr_v4_msgs_srvs/amr_v4_msgs_srvs/msg/rosidl_typesupport_fastrtps_cpp__visibility_control.h
[0.925s] -- Up-to-date: /home/kidd/projects/agv_gui/install/amr_v4_msgs_srvs/include/amr_v4_msgs_srvs/amr_v4_msgs_srvs/msg/detail
[0.925s] -- Up-to-date: /home/kidd/projects/agv_gui/install/amr_v4_msgs_srvs/include/amr_v4_msgs_srvs/amr_v4_msgs_srvs/msg/detail/motor__rosidl_typesupport_fastrtps_cpp.hpp
[0.925s] -- Up-to-date: /home/kidd/projects/agv_gui/install/amr_v4_msgs_srvs/include/amr_v4_msgs_srvs/amr_v4_msgs_srvs/msg/detail/pin__rosidl_typesupport_fastrtps_cpp.hpp
[0.925s] -- Up-to-date: /home/kidd/projects/agv_gui/install/amr_v4_msgs_srvs/include/amr_v4_msgs_srvs/amr_v4_msgs_srvs/msg/detail/dds_fastrtps
[0.925s] -- Up-to-date: /home/kidd/projects/agv_gui/install/amr_v4_msgs_srvs/include/amr_v4_msgs_srvs/amr_v4_msgs_srvs/msg/detail/robot__rosidl_typesupport_fastrtps_cpp.hpp
[0.926s] -- Up-to-date: /home/kidd/projects/agv_gui/install/amr_v4_msgs_srvs/include/amr_v4_msgs_srvs/amr_v4_msgs_srvs/srv
[0.927s] -- Up-to-date: /home/kidd/projects/agv_gui/install/amr_v4_msgs_srvs/include/amr_v4_msgs_srvs/amr_v4_msgs_srvs/srv/detail
[0.927s] -- Up-to-date: /home/kidd/projects/agv_gui/install/amr_v4_msgs_srvs/include/amr_v4_msgs_srvs/amr_v4_msgs_srvs/srv/detail/testserv__rosidl_typesupport_fastrtps_cpp.hpp
[0.927s] -- Up-to-date: /home/kidd/projects/agv_gui/install/amr_v4_msgs_srvs/include/amr_v4_msgs_srvs/amr_v4_msgs_srvs/srv/detail/dds_fastrtps
[0.927s] -- Up-to-date: /home/kidd/projects/agv_gui/install/amr_v4_msgs_srvs/lib/libamr_v4_msgs_srvs__rosidl_typesupport_fastrtps_cpp.so
[0.927s] -- Up-to-date: /home/kidd/projects/agv_gui/install/amr_v4_msgs_srvs/include/amr_v4_msgs_srvs/amr_v4_msgs_srvs
[0.928s] -- Up-to-date: /home/kidd/projects/agv_gui/install/amr_v4_msgs_srvs/include/amr_v4_msgs_srvs/amr_v4_msgs_srvs/msg
[0.928s] -- Up-to-date: /home/kidd/projects/agv_gui/install/amr_v4_msgs_srvs/include/amr_v4_msgs_srvs/amr_v4_msgs_srvs/msg/detail
[0.928s] -- Up-to-date: /home/kidd/projects/agv_gui/install/amr_v4_msgs_srvs/include/amr_v4_msgs_srvs/amr_v4_msgs_srvs/msg/detail/pin__type_support.cpp
[0.928s] -- Up-to-date: /home/kidd/projects/agv_gui/install/amr_v4_msgs_srvs/include/amr_v4_msgs_srvs/amr_v4_msgs_srvs/msg/detail/robot__type_support.cpp
[0.928s] -- Up-to-date: /home/kidd/projects/agv_gui/install/amr_v4_msgs_srvs/include/amr_v4_msgs_srvs/amr_v4_msgs_srvs/msg/detail/motor__type_support.cpp
[0.934s] -- Up-to-date: /home/kidd/projects/agv_gui/install/amr_v4_msgs_srvs/include/amr_v4_msgs_srvs/amr_v4_msgs_srvs/msg/detail/robot__rosidl_typesupport_introspection_cpp.hpp
[0.934s] -- Up-to-date: /home/kidd/projects/agv_gui/install/amr_v4_msgs_srvs/include/amr_v4_msgs_srvs/amr_v4_msgs_srvs/msg/detail/pin__rosidl_typesupport_introspection_cpp.hpp
[0.935s] -- Up-to-date: /home/kidd/projects/agv_gui/install/amr_v4_msgs_srvs/include/amr_v4_msgs_srvs/amr_v4_msgs_srvs/msg/detail/motor__rosidl_typesupport_introspection_cpp.hpp
[0.935s] -- Up-to-date: /home/kidd/projects/agv_gui/install/amr_v4_msgs_srvs/include/amr_v4_msgs_srvs/amr_v4_msgs_srvs/srv
[0.936s] -- Up-to-date: /home/kidd/projects/agv_gui/install/amr_v4_msgs_srvs/include/amr_v4_msgs_srvs/amr_v4_msgs_srvs/srv/detail
[0.936s] -- Up-to-date: /home/kidd/projects/agv_gui/install/amr_v4_msgs_srvs/include/amr_v4_msgs_srvs/amr_v4_msgs_srvs/srv/detail/testserv__rosidl_typesupport_introspection_cpp.hpp
[0.936s] -- Up-to-date: /home/kidd/projects/agv_gui/install/amr_v4_msgs_srvs/include/amr_v4_msgs_srvs/amr_v4_msgs_srvs/srv/detail/testserv__type_support.cpp
[0.936s] -- Up-to-date: /home/kidd/projects/agv_gui/install/amr_v4_msgs_srvs/lib/libamr_v4_msgs_srvs__rosidl_typesupport_introspection_cpp.so
[0.936s] -- Up-to-date: /home/kidd/projects/agv_gui/install/amr_v4_msgs_srvs/lib/libamr_v4_msgs_srvs__rosidl_typesupport_cpp.so
[0.936s] -- Up-to-date: /home/kidd/projects/agv_gui/install/amr_v4_msgs_srvs/share/amr_v4_msgs_srvs/environment/pythonpath.sh
[0.936s] -- Up-to-date: /home/kidd/projects/agv_gui/install/amr_v4_msgs_srvs/share/amr_v4_msgs_srvs/environment/pythonpath.dsv
[0.936s] -- Up-to-date: /home/kidd/projects/agv_gui/install/amr_v4_msgs_srvs/local/lib/python3.10/dist-packages/amr_v4_msgs_srvs-0.0.0-py3.10.egg-info
[0.936s] -- Installing: /home/kidd/projects/agv_gui/install/amr_v4_msgs_srvs/local/lib/python3.10/dist-packages/amr_v4_msgs_srvs-0.0.0-py3.10.egg-info/SOURCES.txt
[0.936s] -- Installing: /home/kidd/projects/agv_gui/install/amr_v4_msgs_srvs/local/lib/python3.10/dist-packages/amr_v4_msgs_srvs-0.0.0-py3.10.egg-info/PKG-INFO
[0.939s] -- Installing: /home/kidd/projects/agv_gui/install/amr_v4_msgs_srvs/local/lib/python3.10/dist-packages/amr_v4_msgs_srvs-0.0.0-py3.10.egg-info/dependency_links.txt
[0.939s] -- Installing: /home/kidd/projects/agv_gui/install/amr_v4_msgs_srvs/local/lib/python3.10/dist-packages/amr_v4_msgs_srvs-0.0.0-py3.10.egg-info/top_level.txt
[0.940s] -- Up-to-date: /home/kidd/projects/agv_gui/install/amr_v4_msgs_srvs/local/lib/python3.10/dist-packages/amr_v4_msgs_srvs
[0.940s] -- Up-to-date: /home/kidd/projects/agv_gui/install/amr_v4_msgs_srvs/local/lib/python3.10/dist-packages/amr_v4_msgs_srvs/msg
[0.940s] -- Up-to-date: /home/kidd/projects/agv_gui/install/amr_v4_msgs_srvs/local/lib/python3.10/dist-packages/amr_v4_msgs_srvs/msg/_robot_s.c
[0.940s] -- Up-to-date: /home/kidd/projects/agv_gui/install/amr_v4_msgs_srvs/local/lib/python3.10/dist-packages/amr_v4_msgs_srvs/msg/_motor.py
[0.940s] -- Up-to-date: /home/kidd/projects/agv_gui/install/amr_v4_msgs_srvs/local/lib/python3.10/dist-packages/amr_v4_msgs_srvs/msg/_pin.py
[0.940s] -- Up-to-date: /home/kidd/projects/agv_gui/install/amr_v4_msgs_srvs/local/lib/python3.10/dist-packages/amr_v4_msgs_srvs/msg/_pin_s.c
[0.940s] -- Up-to-date: /home/kidd/projects/agv_gui/install/amr_v4_msgs_srvs/local/lib/python3.10/dist-packages/amr_v4_msgs_srvs/msg/_motor_s.c
[0.940s] -- Up-to-date: /home/kidd/projects/agv_gui/install/amr_v4_msgs_srvs/local/lib/python3.10/dist-packages/amr_v4_msgs_srvs/msg/__init__.py
[0.941s] -- Up-to-date: /home/kidd/projects/agv_gui/install/amr_v4_msgs_srvs/local/lib/python3.10/dist-packages/amr_v4_msgs_srvs/msg/_robot.py
[0.941s] -- Up-to-date: /home/kidd/projects/agv_gui/install/amr_v4_msgs_srvs/local/lib/python3.10/dist-packages/amr_v4_msgs_srvs/amr_v4_msgs_srvs_s__rosidl_typesupport_introspection_c.cpython-310-x86_64-linux-gnu.so
[0.941s] -- Up-to-date: /home/kidd/projects/agv_gui/install/amr_v4_msgs_srvs/local/lib/python3.10/dist-packages/amr_v4_msgs_srvs/_amr_v4_msgs_srvs_s.ep.rosidl_typesupport_fastrtps_c.c
[0.941s] -- Up-to-date: /home/kidd/projects/agv_gui/install/amr_v4_msgs_srvs/local/lib/python3.10/dist-packages/amr_v4_msgs_srvs/__init__.py
[0.941s] -- Up-to-date: /home/kidd/projects/agv_gui/install/amr_v4_msgs_srvs/local/lib/python3.10/dist-packages/amr_v4_msgs_srvs/amr_v4_msgs_srvs_s__rosidl_typesupport_c.cpython-310-x86_64-linux-gnu.so
[0.941s] -- Up-to-date: /home/kidd/projects/agv_gui/install/amr_v4_msgs_srvs/local/lib/python3.10/dist-packages/amr_v4_msgs_srvs/_amr_v4_msgs_srvs_s.ep.rosidl_typesupport_c.c
[0.941s] -- Up-to-date: /home/kidd/projects/agv_gui/install/amr_v4_msgs_srvs/local/lib/python3.10/dist-packages/amr_v4_msgs_srvs/srv
[0.941s] -- Up-to-date: /home/kidd/projects/agv_gui/install/amr_v4_msgs_srvs/local/lib/python3.10/dist-packages/amr_v4_msgs_srvs/srv/__init__.py
[0.941s] -- Up-to-date: /home/kidd/projects/agv_gui/install/amr_v4_msgs_srvs/local/lib/python3.10/dist-packages/amr_v4_msgs_srvs/srv/_testserv.py
[0.942s] -- Up-to-date: /home/kidd/projects/agv_gui/install/amr_v4_msgs_srvs/local/lib/python3.10/dist-packages/amr_v4_msgs_srvs/srv/_testserv_s.c
[0.942s] -- Up-to-date: /home/kidd/projects/agv_gui/install/amr_v4_msgs_srvs/local/lib/python3.10/dist-packages/amr_v4_msgs_srvs/_amr_v4_msgs_srvs_s.ep.rosidl_typesupport_introspection_c.c
[0.943s] -- Up-to-date: /home/kidd/projects/agv_gui/install/amr_v4_msgs_srvs/local/lib/python3.10/dist-packages/amr_v4_msgs_srvs/libamr_v4_msgs_srvs__rosidl_generator_py.so
[0.943s] -- Up-to-date: /home/kidd/projects/agv_gui/install/amr_v4_msgs_srvs/local/lib/python3.10/dist-packages/amr_v4_msgs_srvs/amr_v4_msgs_srvs_s__rosidl_typesupport_fastrtps_c.cpython-310-x86_64-linux-gnu.so
[0.989s] Listing '/home/kidd/projects/agv_gui/install/amr_v4_msgs_srvs/local/lib/python3.10/dist-packages/amr_v4_msgs_srvs'...
[0.989s] Listing '/home/kidd/projects/agv_gui/install/amr_v4_msgs_srvs/local/lib/python3.10/dist-packages/amr_v4_msgs_srvs/msg'...
[0.990s] Listing '/home/kidd/projects/agv_gui/install/amr_v4_msgs_srvs/local/lib/python3.10/dist-packages/amr_v4_msgs_srvs/srv'...
[0.996s] -- Up-to-date: /home/kidd/projects/agv_gui/install/amr_v4_msgs_srvs/local/lib/python3.10/dist-packages/amr_v4_msgs_srvs/amr_v4_msgs_srvs_s__rosidl_typesupport_fastrtps_c.cpython-310-x86_64-linux-gnu.so
[0.997s] -- Up-to-date: /home/kidd/projects/agv_gui/install/amr_v4_msgs_srvs/local/lib/python3.10/dist-packages/amr_v4_msgs_srvs/amr_v4_msgs_srvs_s__rosidl_typesupport_introspection_c.cpython-310-x86_64-linux-gnu.so
[0.997s] -- Up-to-date: /home/kidd/projects/agv_gui/install/amr_v4_msgs_srvs/local/lib/python3.10/dist-packages/amr_v4_msgs_srvs/amr_v4_msgs_srvs_s__rosidl_typesupport_c.cpython-310-x86_64-linux-gnu.so
[0.998s] -- Up-to-date: /home/kidd/projects/agv_gui/install/amr_v4_msgs_srvs/lib/libamr_v4_msgs_srvs__rosidl_generator_py.so
[0.998s] -- Up-to-date: /home/kidd/projects/agv_gui/install/amr_v4_msgs_srvs/share/amr_v4_msgs_srvs/msg/Motor.idl
[0.998s] -- Up-to-date: /home/kidd/projects/agv_gui/install/amr_v4_msgs_srvs/share/amr_v4_msgs_srvs/msg/Robot.idl
[0.999s] -- Up-to-date: /home/kidd/projects/agv_gui/install/amr_v4_msgs_srvs/share/amr_v4_msgs_srvs/msg/Pin.idl
[0.999s] -- Up-to-date: /home/kidd/projects/agv_gui/install/amr_v4_msgs_srvs/share/amr_v4_msgs_srvs/srv/Testserv.idl
[0.999s] -- Up-to-date: /home/kidd/projects/agv_gui/install/amr_v4_msgs_srvs/share/amr_v4_msgs_srvs/msg/Motor.msg
[1.000s] -- Up-to-date: /home/kidd/projects/agv_gui/install/amr_v4_msgs_srvs/share/amr_v4_msgs_srvs/msg/Robot.msg
[1.000s] -- Up-to-date: /home/kidd/projects/agv_gui/install/amr_v4_msgs_srvs/share/amr_v4_msgs_srvs/msg/Pin.msg
[1.000s] -- Up-to-date: /home/kidd/projects/agv_gui/install/amr_v4_msgs_srvs/share/amr_v4_msgs_srvs/srv/Testserv.srv
[1.000s] -- Up-to-date: /home/kidd/projects/agv_gui/install/amr_v4_msgs_srvs/share/amr_v4_msgs_srvs/srv/Testserv_Request.msg
[1.001s] -- Up-to-date: /home/kidd/projects/agv_gui/install/amr_v4_msgs_srvs/share/amr_v4_msgs_srvs/srv/Testserv_Response.msg
[1.001s] -- Up-to-date: /home/kidd/projects/agv_gui/install/amr_v4_msgs_srvs/share/ament_index/resource_index/package_run_dependencies/amr_v4_msgs_srvs
[1.001s] -- Up-to-date: /home/kidd/projects/agv_gui/install/amr_v4_msgs_srvs/share/ament_index/resource_index/parent_prefix_path/amr_v4_msgs_srvs
[1.001s] -- Up-to-date: /home/kidd/projects/agv_gui/install/amr_v4_msgs_srvs/share/amr_v4_msgs_srvs/environment/ament_prefix_path.sh
[1.002s] -- Up-to-date: /home/kidd/projects/agv_gui/install/amr_v4_msgs_srvs/share/amr_v4_msgs_srvs/environment/ament_prefix_path.dsv
[1.002s] -- Up-to-date: /home/kidd/projects/agv_gui/install/amr_v4_msgs_srvs/share/amr_v4_msgs_srvs/environment/path.sh
[1.003s] -- Up-to-date: /home/kidd/projects/agv_gui/install/amr_v4_msgs_srvs/share/amr_v4_msgs_srvs/environment/path.dsv
[1.003s] -- Up-to-date: /home/kidd/projects/agv_gui/install/amr_v4_msgs_srvs/share/amr_v4_msgs_srvs/local_setup.bash
[1.003s] -- Up-to-date: /home/kidd/projects/agv_gui/install/amr_v4_msgs_srvs/share/amr_v4_msgs_srvs/local_setup.sh
[1.003s] -- Up-to-date: /home/kidd/projects/agv_gui/install/amr_v4_msgs_srvs/share/amr_v4_msgs_srvs/local_setup.zsh
[1.003s] -- Up-to-date: /home/kidd/projects/agv_gui/install/amr_v4_msgs_srvs/share/amr_v4_msgs_srvs/local_setup.dsv
[1.004s] -- Installing: /home/kidd/projects/agv_gui/install/amr_v4_msgs_srvs/share/amr_v4_msgs_srvs/package.dsv
[1.005s] -- Up-to-date: /home/kidd/projects/agv_gui/install/amr_v4_msgs_srvs/share/ament_index/resource_index/packages/amr_v4_msgs_srvs
[1.005s] -- Up-to-date: /home/kidd/projects/agv_gui/install/amr_v4_msgs_srvs/share/amr_v4_msgs_srvs/cmake/export_amr_v4_msgs_srvs__rosidl_generator_cExport.cmake
[1.005s] -- Up-to-date: /home/kidd/projects/agv_gui/install/amr_v4_msgs_srvs/share/amr_v4_msgs_srvs/cmake/export_amr_v4_msgs_srvs__rosidl_generator_cExport-noconfig.cmake
[1.006s] -- Up-to-date: /home/kidd/projects/agv_gui/install/amr_v4_msgs_srvs/share/amr_v4_msgs_srvs/cmake/export_amr_v4_msgs_srvs__rosidl_typesupport_fastrtps_cExport.cmake
[1.006s] -- Up-to-date: /home/kidd/projects/agv_gui/install/amr_v4_msgs_srvs/share/amr_v4_msgs_srvs/cmake/export_amr_v4_msgs_srvs__rosidl_typesupport_fastrtps_cExport-noconfig.cmake
[1.006s] -- Up-to-date: /home/kidd/projects/agv_gui/install/amr_v4_msgs_srvs/share/amr_v4_msgs_srvs/cmake/amr_v4_msgs_srvs__rosidl_typesupport_introspection_cExport.cmake
[1.006s] -- Up-to-date: /home/kidd/projects/agv_gui/install/amr_v4_msgs_srvs/share/amr_v4_msgs_srvs/cmake/amr_v4_msgs_srvs__rosidl_typesupport_introspection_cExport-noconfig.cmake
[1.007s] -- Up-to-date: /home/kidd/projects/agv_gui/install/amr_v4_msgs_srvs/share/amr_v4_msgs_srvs/cmake/amr_v4_msgs_srvs__rosidl_typesupport_cExport.cmake
[1.007s] -- Up-to-date: /home/kidd/projects/agv_gui/install/amr_v4_msgs_srvs/share/amr_v4_msgs_srvs/cmake/amr_v4_msgs_srvs__rosidl_typesupport_cExport-noconfig.cmake
[1.007s] -- Up-to-date: /home/kidd/projects/agv_gui/install/amr_v4_msgs_srvs/share/amr_v4_msgs_srvs/cmake/export_amr_v4_msgs_srvs__rosidl_generator_cppExport.cmake
[1.007s] -- Up-to-date: /home/kidd/projects/agv_gui/install/amr_v4_msgs_srvs/share/amr_v4_msgs_srvs/cmake/export_amr_v4_msgs_srvs__rosidl_typesupport_fastrtps_cppExport.cmake
[1.007s] -- Up-to-date: /home/kidd/projects/agv_gui/install/amr_v4_msgs_srvs/share/amr_v4_msgs_srvs/cmake/export_amr_v4_msgs_srvs__rosidl_typesupport_fastrtps_cppExport-noconfig.cmake
[1.008s] -- Up-to-date: /home/kidd/projects/agv_gui/install/amr_v4_msgs_srvs/share/amr_v4_msgs_srvs/cmake/amr_v4_msgs_srvs__rosidl_typesupport_introspection_cppExport.cmake
[1.008s] -- Up-to-date: /home/kidd/projects/agv_gui/install/amr_v4_msgs_srvs/share/amr_v4_msgs_srvs/cmake/amr_v4_msgs_srvs__rosidl_typesupport_introspection_cppExport-noconfig.cmake
[1.008s] -- Up-to-date: /home/kidd/projects/agv_gui/install/amr_v4_msgs_srvs/share/amr_v4_msgs_srvs/cmake/amr_v4_msgs_srvs__rosidl_typesupport_cppExport.cmake
[1.008s] -- Up-to-date: /home/kidd/projects/agv_gui/install/amr_v4_msgs_srvs/share/amr_v4_msgs_srvs/cmake/amr_v4_msgs_srvs__rosidl_typesupport_cppExport-noconfig.cmake
[1.009s] -- Up-to-date: /home/kidd/projects/agv_gui/install/amr_v4_msgs_srvs/share/amr_v4_msgs_srvs/cmake/export_amr_v4_msgs_srvs__rosidl_generator_pyExport.cmake
[1.010s] -- Up-to-date: /home/kidd/projects/agv_gui/install/amr_v4_msgs_srvs/share/amr_v4_msgs_srvs/cmake/export_amr_v4_msgs_srvs__rosidl_generator_pyExport-noconfig.cmake
[1.010s] -- Up-to-date: /home/kidd/projects/agv_gui/install/amr_v4_msgs_srvs/share/amr_v4_msgs_srvs/cmake/rosidl_cmake-extras.cmake
[1.010s] -- Up-to-date: /home/kidd/projects/agv_gui/install/amr_v4_msgs_srvs/share/amr_v4_msgs_srvs/cmake/ament_cmake_export_include_directories-extras.cmake
[1.010s] -- Up-to-date: /home/kidd/projects/agv_gui/install/amr_v4_msgs_srvs/share/amr_v4_msgs_srvs/cmake/ament_cmake_export_libraries-extras.cmake
[1.010s] -- Up-to-date: /home/kidd/projects/agv_gui/install/amr_v4_msgs_srvs/share/amr_v4_msgs_srvs/cmake/ament_cmake_export_targets-extras.cmake
[1.010s] -- Up-to-date: /home/kidd/projects/agv_gui/install/amr_v4_msgs_srvs/share/amr_v4_msgs_srvs/cmake/rosidl_cmake_export_typesupport_targets-extras.cmake
[1.010s] -- Up-to-date: /home/kidd/projects/agv_gui/install/amr_v4_msgs_srvs/share/amr_v4_msgs_srvs/cmake/ament_cmake_export_dependencies-extras.cmake
[1.010s] -- Up-to-date: /home/kidd/projects/agv_gui/install/amr_v4_msgs_srvs/share/amr_v4_msgs_srvs/cmake/rosidl_cmake_export_typesupport_libraries-extras.cmake
[1.023s] -- Up-to-date: /home/kidd/projects/agv_gui/install/amr_v4_msgs_srvs/share/amr_v4_msgs_srvs/cmake/amr_v4_msgs_srvsConfig.cmake
[1.023s] -- Up-to-date: /home/kidd/projects/agv_gui/install/amr_v4_msgs_srvs/share/amr_v4_msgs_srvs/cmake/amr_v4_msgs_srvsConfig-version.cmake
[1.023s] -- Up-to-date: /home/kidd/projects/agv_gui/install/amr_v4_msgs_srvs/share/amr_v4_msgs_srvs/package.xml
[1.023s] Invoked command in '/home/kidd/projects/agv_gui/build/amr_v4_msgs_srvs' returned '0': CMAKE_PREFIX_PATH=/opt/ros/humble /usr/bin/cmake --install /home/kidd/projects/agv_gui/build/amr_v4_msgs_srvs
