[10.542s] DEBUG:colcon:Command line arguments: ['/usr/bin/colcon', 'build']
[10.543s] DEBUG:colcon:Parsed command line arguments: Namespace(allow_overriding=[], ament_cmake_args=None, base_paths=['.'], build_base='build', catkin_cmake_args=None, catkin_skip_building_tests=False, cmake_args=None, cmake_clean_cache=False, cmake_clean_first=False, cmake_force_configure=False, cmake_target=None, cmake_target_skip_unavailable=False, continue_on_error=False, event_handlers=None, executor='parallel', ignore_user_meta=False, install_base='install', log_base=None, log_level=None, main=<bound method BuildVerb.main of <colcon_core.verb.build.BuildVerb object at 0xffff8106e610>>, merge_install=False, metas=['./colcon.meta'], packages_above=None, packages_above_and_dependencies=None, packages_above_depth=None, packages_end=None, packages_ignore=None, packages_ignore_regex=None, packages_select=None, packages_select_build_failed=False, packages_select_by_dep=None, packages_select_regex=None, packages_select_test_failures=False, packages_skip=None, packages_skip_build_finished=False, packages_skip_by_dep=None, packages_skip_regex=None, packages_skip_test_passed=False, packages_skip_up_to=None, packages_start=None, packages_up_to=None, packages_up_to_regex=None, parallel_workers=6, paths=None, symlink_install=False, test_result_base=None, verb_extension=<colcon_core.verb.build.BuildVerb object at 0xffff8106e610>, verb_name='build', verb_parser=<colcon_defaults.argument_parser.defaults.DefaultArgumentsDecorator object at 0xffff810790a0>)
[11.038s] Level 1:colcon.colcon_core.package_discovery:discover_packages(colcon_meta) check parameters
[11.038s] Level 1:colcon.colcon_core.package_discovery:discover_packages(recursive) check parameters
[11.039s] Level 1:colcon.colcon_core.package_discovery:discover_packages(ignore) check parameters
[11.039s] Level 1:colcon.colcon_core.package_discovery:discover_packages(path) check parameters
[11.039s] Level 1:colcon.colcon_core.package_discovery:discover_packages(colcon_meta) discover
[11.039s] Level 1:colcon.colcon_core.package_discovery:discover_packages(recursive) discover
[11.040s] INFO:colcon.colcon_core.package_discovery:Crawling recursively for packages in '/home/colin/agv_gui'
[11.041s] Level 1:colcon.colcon_core.package_identification:_identify(.) by extensions ['ignore', 'ignore_ament_install']
[11.041s] Level 1:colcon.colcon_core.package_identification:_identify(.) by extension 'ignore'
[11.041s] Level 1:colcon.colcon_core.package_identification:_identify(.) by extension 'ignore_ament_install'
[11.042s] Level 1:colcon.colcon_core.package_identification:_identify(.) by extensions ['colcon_pkg']
[11.042s] Level 1:colcon.colcon_core.package_identification:_identify(.) by extension 'colcon_pkg'
[11.042s] Level 1:colcon.colcon_core.package_identification:_identify(.) by extensions ['colcon_meta']
[11.043s] Level 1:colcon.colcon_core.package_identification:_identify(.) by extension 'colcon_meta'
[11.043s] Level 1:colcon.colcon_core.package_identification:_identify(.) by extensions ['ros']
[11.043s] Level 1:colcon.colcon_core.package_identification:_identify(.) by extension 'ros'
[11.107s] Level 1:colcon.colcon_core.package_identification:_identify(.) by extensions ['cmake', 'python']
[11.107s] Level 1:colcon.colcon_core.package_identification:_identify(.) by extension 'cmake'
[11.108s] Level 1:colcon.colcon_core.package_identification:_identify(.) by extension 'python'
[11.108s] Level 1:colcon.colcon_core.package_identification:_identify(.) by extensions ['python_setup_py']
[11.108s] Level 1:colcon.colcon_core.package_identification:_identify(.) by extension 'python_setup_py'
[11.109s] Level 1:colcon.colcon_core.package_identification:_identify(amr_v4_msgs_srvs) by extensions ['ignore', 'ignore_ament_install']
[11.110s] Level 1:colcon.colcon_core.package_identification:_identify(amr_v4_msgs_srvs) by extension 'ignore'
[11.110s] Level 1:colcon.colcon_core.package_identification:_identify(amr_v4_msgs_srvs) by extension 'ignore_ament_install'
[11.110s] Level 1:colcon.colcon_core.package_identification:_identify(amr_v4_msgs_srvs) by extensions ['colcon_pkg']
[11.111s] Level 1:colcon.colcon_core.package_identification:_identify(amr_v4_msgs_srvs) by extension 'colcon_pkg'
[11.111s] Level 1:colcon.colcon_core.package_identification:_identify(amr_v4_msgs_srvs) by extensions ['colcon_meta']
[11.111s] Level 1:colcon.colcon_core.package_identification:_identify(amr_v4_msgs_srvs) by extension 'colcon_meta'
[11.112s] Level 1:colcon.colcon_core.package_identification:_identify(amr_v4_msgs_srvs) by extensions ['ros']
[11.112s] Level 1:colcon.colcon_core.package_identification:_identify(amr_v4_msgs_srvs) by extension 'ros'
[11.127s] DEBUG:colcon.colcon_core.package_identification:Package 'amr_v4_msgs_srvs' with type 'ros.ament_cmake' and name 'amr_v4_msgs_srvs'
[11.128s] Level 1:colcon.colcon_core.package_identification:_identify(amr_v4_qt) by extensions ['ignore', 'ignore_ament_install']
[11.128s] Level 1:colcon.colcon_core.package_identification:_identify(amr_v4_qt) by extension 'ignore'
[11.129s] Level 1:colcon.colcon_core.package_identification:_identify(amr_v4_qt) by extension 'ignore_ament_install'
[11.129s] Level 1:colcon.colcon_core.package_identification:_identify(amr_v4_qt) by extensions ['colcon_pkg']
[11.129s] Level 1:colcon.colcon_core.package_identification:_identify(amr_v4_qt) by extension 'colcon_pkg'
[11.130s] Level 1:colcon.colcon_core.package_identification:_identify(amr_v4_qt) by extensions ['colcon_meta']
[11.130s] Level 1:colcon.colcon_core.package_identification:_identify(amr_v4_qt) by extension 'colcon_meta'
[11.130s] Level 1:colcon.colcon_core.package_identification:_identify(amr_v4_qt) by extensions ['ros']
[11.130s] Level 1:colcon.colcon_core.package_identification:_identify(amr_v4_qt) by extension 'ros'
[11.136s] DEBUG:colcon.colcon_core.package_identification:Package 'amr_v4_qt' with type 'ros.ament_cmake' and name 'amr_v4_qt'
[11.137s] Level 1:colcon.colcon_core.package_identification:_identify(build) by extensions ['ignore', 'ignore_ament_install']
[11.137s] Level 1:colcon.colcon_core.package_identification:_identify(build) by extension 'ignore'
[11.138s] Level 1:colcon.colcon_core.package_identification:_identify(build) ignored
[11.139s] Level 1:colcon.colcon_core.package_identification:_identify(install) by extensions ['ignore', 'ignore_ament_install']
[11.139s] Level 1:colcon.colcon_core.package_identification:_identify(install) by extension 'ignore'
[11.139s] Level 1:colcon.colcon_core.package_identification:_identify(install) ignored
[11.140s] Level 1:colcon.colcon_core.package_identification:_identify(log) by extensions ['ignore', 'ignore_ament_install']
[11.141s] Level 1:colcon.colcon_core.package_identification:_identify(log) by extension 'ignore'
[11.141s] Level 1:colcon.colcon_core.package_identification:_identify(log) ignored
[11.141s] Level 1:colcon.colcon_core.package_identification:_identify(src) by extensions ['ignore', 'ignore_ament_install']
[11.142s] Level 1:colcon.colcon_core.package_identification:_identify(src) by extension 'ignore'
[11.142s] Level 1:colcon.colcon_core.package_identification:_identify(src) by extension 'ignore_ament_install'
[11.142s] Level 1:colcon.colcon_core.package_identification:_identify(src) by extensions ['colcon_pkg']
[11.143s] Level 1:colcon.colcon_core.package_identification:_identify(src) by extension 'colcon_pkg'
[11.143s] Level 1:colcon.colcon_core.package_identification:_identify(src) by extensions ['colcon_meta']
[11.143s] Level 1:colcon.colcon_core.package_identification:_identify(src) by extension 'colcon_meta'
[11.144s] Level 1:colcon.colcon_core.package_identification:_identify(src) by extensions ['ros']
[11.144s] Level 1:colcon.colcon_core.package_identification:_identify(src) by extension 'ros'
[11.144s] Level 1:colcon.colcon_core.package_identification:_identify(src) by extensions ['cmake', 'python']
[11.144s] Level 1:colcon.colcon_core.package_identification:_identify(src) by extension 'cmake'
[11.145s] Level 1:colcon.colcon_core.package_identification:_identify(src) by extension 'python'
[11.145s] Level 1:colcon.colcon_core.package_identification:_identify(src) by extensions ['python_setup_py']
[11.145s] Level 1:colcon.colcon_core.package_identification:_identify(src) by extension 'python_setup_py'
[11.145s] Level 1:colcon.colcon_core.package_discovery:discover_packages(recursive) using defaults
[11.146s] Level 1:colcon.colcon_core.package_discovery:discover_packages(ignore) discover
[11.146s] Level 1:colcon.colcon_core.package_discovery:discover_packages(ignore) using defaults
[11.146s] Level 1:colcon.colcon_core.package_discovery:discover_packages(path) discover
[11.146s] Level 1:colcon.colcon_core.package_discovery:discover_packages(path) using defaults
[12.075s] Level 1:colcon.colcon_core.package_discovery:discover_packages(prefix_path) check parameters
[12.076s] Level 1:colcon.colcon_core.package_discovery:discover_packages(prefix_path) discover
[12.436s] DEBUG:colcon.colcon_installed_package_information.package_discovery:Found 2 installed packages in /home/colin/agv_gui/install
[12.614s] DEBUG:colcon.colcon_installed_package_information.package_discovery:Found 268 installed packages in /opt/ros/galactic
[12.622s] Level 1:colcon.colcon_core.package_discovery:discover_packages(prefix_path) using defaults
[13.447s] Level 5:colcon.colcon_core.verb:set package 'amr_v4_msgs_srvs' build argument 'cmake_args' from command line to 'None'
[13.448s] Level 5:colcon.colcon_core.verb:set package 'amr_v4_msgs_srvs' build argument 'cmake_target' from command line to 'None'
[13.448s] Level 5:colcon.colcon_core.verb:set package 'amr_v4_msgs_srvs' build argument 'cmake_target_skip_unavailable' from command line to 'False'
[13.448s] Level 5:colcon.colcon_core.verb:set package 'amr_v4_msgs_srvs' build argument 'cmake_clean_cache' from command line to 'False'
[13.448s] Level 5:colcon.colcon_core.verb:set package 'amr_v4_msgs_srvs' build argument 'cmake_clean_first' from command line to 'False'
[13.449s] Level 5:colcon.colcon_core.verb:set package 'amr_v4_msgs_srvs' build argument 'cmake_force_configure' from command line to 'False'
[13.449s] Level 5:colcon.colcon_core.verb:set package 'amr_v4_msgs_srvs' build argument 'ament_cmake_args' from command line to 'None'
[13.449s] Level 5:colcon.colcon_core.verb:set package 'amr_v4_msgs_srvs' build argument 'catkin_cmake_args' from command line to 'None'
[13.449s] Level 5:colcon.colcon_core.verb:set package 'amr_v4_msgs_srvs' build argument 'catkin_skip_building_tests' from command line to 'False'
[13.449s] DEBUG:colcon.colcon_core.verb:Building package 'amr_v4_msgs_srvs' with the following arguments: {'ament_cmake_args': None, 'build_base': '/home/colin/agv_gui/build/amr_v4_msgs_srvs', 'catkin_cmake_args': None, 'catkin_skip_building_tests': False, 'cmake_args': None, 'cmake_clean_cache': False, 'cmake_clean_first': False, 'cmake_force_configure': False, 'cmake_target': None, 'cmake_target_skip_unavailable': False, 'install_base': '/home/colin/agv_gui/install/amr_v4_msgs_srvs', 'merge_install': False, 'path': '/home/colin/agv_gui/amr_v4_msgs_srvs', 'symlink_install': False, 'test_result_base': None}
[13.617s] Level 5:colcon.colcon_core.verb:set package 'amr_v4_qt' build argument 'cmake_args' from command line to 'None'
[13.618s] Level 5:colcon.colcon_core.verb:set package 'amr_v4_qt' build argument 'cmake_target' from command line to 'None'
[13.618s] Level 5:colcon.colcon_core.verb:set package 'amr_v4_qt' build argument 'cmake_target_skip_unavailable' from command line to 'False'
[13.618s] Level 5:colcon.colcon_core.verb:set package 'amr_v4_qt' build argument 'cmake_clean_cache' from command line to 'False'
[13.618s] Level 5:colcon.colcon_core.verb:set package 'amr_v4_qt' build argument 'cmake_clean_first' from command line to 'False'
[13.619s] Level 5:colcon.colcon_core.verb:set package 'amr_v4_qt' build argument 'cmake_force_configure' from command line to 'False'
[13.619s] Level 5:colcon.colcon_core.verb:set package 'amr_v4_qt' build argument 'ament_cmake_args' from command line to 'None'
[13.619s] Level 5:colcon.colcon_core.verb:set package 'amr_v4_qt' build argument 'catkin_cmake_args' from command line to 'None'
[13.619s] Level 5:colcon.colcon_core.verb:set package 'amr_v4_qt' build argument 'catkin_skip_building_tests' from command line to 'False'
[13.619s] DEBUG:colcon.colcon_core.verb:Building package 'amr_v4_qt' with the following arguments: {'ament_cmake_args': None, 'build_base': '/home/colin/agv_gui/build/amr_v4_qt', 'catkin_cmake_args': None, 'catkin_skip_building_tests': False, 'cmake_args': None, 'cmake_clean_cache': False, 'cmake_clean_first': False, 'cmake_force_configure': False, 'cmake_target': None, 'cmake_target_skip_unavailable': False, 'install_base': '/home/colin/agv_gui/install/amr_v4_qt', 'merge_install': False, 'path': '/home/colin/agv_gui/amr_v4_qt', 'symlink_install': False, 'test_result_base': None}
[13.789s] INFO:colcon.colcon_core.executor:Executing jobs using 'parallel' executor
[13.965s] DEBUG:colcon.colcon_parallel_executor.executor.parallel:run_until_complete
[13.967s] INFO:colcon.colcon_ros.task.ament_cmake.build:Building ROS package in '/home/colin/agv_gui/amr_v4_msgs_srvs' with build type 'ament_cmake'
[13.968s] INFO:colcon.colcon_cmake.task.cmake.build:Building CMake package in '/home/colin/agv_gui/amr_v4_msgs_srvs'
[14.172s] INFO:colcon.colcon_core.plugin_system:Skipping extension 'colcon_core.shell.bat': Not used on non-Windows systems
[14.173s] INFO:colcon.colcon_core.shell:Skip shell extension 'powershell' for command environment: Not usable outside of PowerShell
[14.173s] DEBUG:colcon.colcon_core.shell:Skip shell extension 'dsv' for command environment
[14.799s] DEBUG:colcon.colcon_core.event_handler.log_command:Invoking command in '/home/colin/agv_gui/build/amr_v4_msgs_srvs': CMAKE_PREFIX_PATH=${CMAKE_PREFIX_PATH}:/opt/ros/galactic /usr/bin/cmake --build /home/colin/agv_gui/build/amr_v4_msgs_srvs -- -j6 -l6
[16.085s] DEBUG:colcon.colcon_core.event_handler.log_command:Invoked command in '/home/colin/agv_gui/build/amr_v4_msgs_srvs' returned '0': CMAKE_PREFIX_PATH=${CMAKE_PREFIX_PATH}:/opt/ros/galactic /usr/bin/cmake --build /home/colin/agv_gui/build/amr_v4_msgs_srvs -- -j6 -l6
[16.787s] DEBUG:colcon.colcon_core.event_handler.log_command:Invoking command in '/home/colin/agv_gui/build/amr_v4_msgs_srvs': CMAKE_PREFIX_PATH=${CMAKE_PREFIX_PATH}:/opt/ros/galactic /usr/bin/cmake --install /home/colin/agv_gui/build/amr_v4_msgs_srvs
[17.126s] Level 1:colcon.colcon_core.environment:create_environment_scripts_only(amr_v4_msgs_srvs)
[17.131s] DEBUG:colcon.colcon_core.event_handler.log_command:Invoked command in '/home/colin/agv_gui/build/amr_v4_msgs_srvs' returned '0': CMAKE_PREFIX_PATH=${CMAKE_PREFIX_PATH}:/opt/ros/galactic /usr/bin/cmake --install /home/colin/agv_gui/build/amr_v4_msgs_srvs
[17.365s] Level 1:colcon.colcon_core.environment:checking '/home/colin/agv_gui/install/amr_v4_msgs_srvs' for CMake module files
[17.371s] Level 1:colcon.colcon_core.environment:checking '/home/colin/agv_gui/install/amr_v4_msgs_srvs' for CMake config files
[17.372s] Level 1:colcon.colcon_core.shell:create_environment_hook('amr_v4_msgs_srvs', 'cmake_prefix_path')
[17.569s] INFO:colcon.colcon_core.shell:Creating environment hook '/home/colin/agv_gui/install/amr_v4_msgs_srvs/share/amr_v4_msgs_srvs/hook/cmake_prefix_path.ps1'
[17.577s] INFO:colcon.colcon_core.shell:Creating environment descriptor '/home/colin/agv_gui/install/amr_v4_msgs_srvs/share/amr_v4_msgs_srvs/hook/cmake_prefix_path.dsv'
[17.579s] INFO:colcon.colcon_core.shell:Creating environment hook '/home/colin/agv_gui/install/amr_v4_msgs_srvs/share/amr_v4_msgs_srvs/hook/cmake_prefix_path.sh'
[17.585s] Level 1:colcon.colcon_core.environment:checking '/home/colin/agv_gui/install/amr_v4_msgs_srvs/lib'
[17.586s] Level 1:colcon.colcon_core.shell:create_environment_hook('amr_v4_msgs_srvs', 'ld_library_path_lib')
[17.769s] INFO:colcon.colcon_core.shell:Creating environment hook '/home/colin/agv_gui/install/amr_v4_msgs_srvs/share/amr_v4_msgs_srvs/hook/ld_library_path_lib.ps1'
[17.772s] INFO:colcon.colcon_core.shell:Creating environment descriptor '/home/colin/agv_gui/install/amr_v4_msgs_srvs/share/amr_v4_msgs_srvs/hook/ld_library_path_lib.dsv'
[17.774s] INFO:colcon.colcon_core.shell:Creating environment hook '/home/colin/agv_gui/install/amr_v4_msgs_srvs/share/amr_v4_msgs_srvs/hook/ld_library_path_lib.sh'
[17.776s] Level 1:colcon.colcon_core.environment:checking '/home/colin/agv_gui/install/amr_v4_msgs_srvs/bin'
[17.776s] Level 1:colcon.colcon_core.environment:checking '/home/colin/agv_gui/install/amr_v4_msgs_srvs/lib/pkgconfig/amr_v4_msgs_srvs.pc'
[17.778s] Level 1:colcon.colcon_core.environment:checking '/home/colin/agv_gui/install/amr_v4_msgs_srvs/lib/python3.8/site-packages'
[17.779s] Level 1:colcon.colcon_core.shell:create_environment_hook('amr_v4_msgs_srvs', 'pythonpath')
[17.963s] INFO:colcon.colcon_core.shell:Creating environment hook '/home/colin/agv_gui/install/amr_v4_msgs_srvs/share/amr_v4_msgs_srvs/hook/pythonpath.ps1'
[17.966s] INFO:colcon.colcon_core.shell:Creating environment descriptor '/home/colin/agv_gui/install/amr_v4_msgs_srvs/share/amr_v4_msgs_srvs/hook/pythonpath.dsv'
[17.967s] INFO:colcon.colcon_core.shell:Creating environment hook '/home/colin/agv_gui/install/amr_v4_msgs_srvs/share/amr_v4_msgs_srvs/hook/pythonpath.sh'
[17.970s] Level 1:colcon.colcon_core.environment:checking '/home/colin/agv_gui/install/amr_v4_msgs_srvs/bin'
[18.160s] INFO:colcon.colcon_core.shell:Creating package script '/home/colin/agv_gui/install/amr_v4_msgs_srvs/share/amr_v4_msgs_srvs/package.ps1'
[18.168s] INFO:colcon.colcon_core.shell:Creating package descriptor '/home/colin/agv_gui/install/amr_v4_msgs_srvs/share/amr_v4_msgs_srvs/package.dsv'
[18.171s] INFO:colcon.colcon_core.shell:Creating package script '/home/colin/agv_gui/install/amr_v4_msgs_srvs/share/amr_v4_msgs_srvs/package.sh'
[18.176s] INFO:colcon.colcon_core.shell:Creating package script '/home/colin/agv_gui/install/amr_v4_msgs_srvs/share/amr_v4_msgs_srvs/package.bash'
[18.180s] INFO:colcon.colcon_core.shell:Creating package script '/home/colin/agv_gui/install/amr_v4_msgs_srvs/share/amr_v4_msgs_srvs/package.zsh'
[18.185s] Level 1:colcon.colcon_core.environment:create_file_with_runtime_dependencies(/home/colin/agv_gui/install/amr_v4_msgs_srvs/share/colcon-core/packages/amr_v4_msgs_srvs)
[18.992s] Level 1:colcon.colcon_core.environment:create_environment_scripts_only(amr_v4_msgs_srvs)
[19.176s] Level 1:colcon.colcon_core.environment:checking '/home/colin/agv_gui/install/amr_v4_msgs_srvs' for CMake module files
[19.180s] Level 1:colcon.colcon_core.environment:checking '/home/colin/agv_gui/install/amr_v4_msgs_srvs' for CMake config files
[19.182s] Level 1:colcon.colcon_core.shell:create_environment_hook('amr_v4_msgs_srvs', 'cmake_prefix_path')
[19.363s] INFO:colcon.colcon_core.shell:Creating environment hook '/home/colin/agv_gui/install/amr_v4_msgs_srvs/share/amr_v4_msgs_srvs/hook/cmake_prefix_path.ps1'
[19.367s] INFO:colcon.colcon_core.shell:Creating environment descriptor '/home/colin/agv_gui/install/amr_v4_msgs_srvs/share/amr_v4_msgs_srvs/hook/cmake_prefix_path.dsv'
[19.368s] INFO:colcon.colcon_core.shell:Creating environment hook '/home/colin/agv_gui/install/amr_v4_msgs_srvs/share/amr_v4_msgs_srvs/hook/cmake_prefix_path.sh'
[19.372s] Level 1:colcon.colcon_core.environment:checking '/home/colin/agv_gui/install/amr_v4_msgs_srvs/lib'
[19.372s] Level 1:colcon.colcon_core.shell:create_environment_hook('amr_v4_msgs_srvs', 'ld_library_path_lib')
[19.558s] INFO:colcon.colcon_core.shell:Creating environment hook '/home/colin/agv_gui/install/amr_v4_msgs_srvs/share/amr_v4_msgs_srvs/hook/ld_library_path_lib.ps1'
[19.560s] INFO:colcon.colcon_core.shell:Creating environment descriptor '/home/colin/agv_gui/install/amr_v4_msgs_srvs/share/amr_v4_msgs_srvs/hook/ld_library_path_lib.dsv'
[19.562s] INFO:colcon.colcon_core.shell:Creating environment hook '/home/colin/agv_gui/install/amr_v4_msgs_srvs/share/amr_v4_msgs_srvs/hook/ld_library_path_lib.sh'
[19.564s] Level 1:colcon.colcon_core.environment:checking '/home/colin/agv_gui/install/amr_v4_msgs_srvs/bin'
[19.565s] Level 1:colcon.colcon_core.environment:checking '/home/colin/agv_gui/install/amr_v4_msgs_srvs/lib/pkgconfig/amr_v4_msgs_srvs.pc'
[19.567s] Level 1:colcon.colcon_core.environment:checking '/home/colin/agv_gui/install/amr_v4_msgs_srvs/lib/python3.8/site-packages'
[19.567s] Level 1:colcon.colcon_core.shell:create_environment_hook('amr_v4_msgs_srvs', 'pythonpath')
[19.751s] INFO:colcon.colcon_core.shell:Creating environment hook '/home/colin/agv_gui/install/amr_v4_msgs_srvs/share/amr_v4_msgs_srvs/hook/pythonpath.ps1'
[19.753s] INFO:colcon.colcon_core.shell:Creating environment descriptor '/home/colin/agv_gui/install/amr_v4_msgs_srvs/share/amr_v4_msgs_srvs/hook/pythonpath.dsv'
[19.756s] INFO:colcon.colcon_core.shell:Creating environment hook '/home/colin/agv_gui/install/amr_v4_msgs_srvs/share/amr_v4_msgs_srvs/hook/pythonpath.sh'
[19.758s] Level 1:colcon.colcon_core.environment:checking '/home/colin/agv_gui/install/amr_v4_msgs_srvs/bin'
[19.945s] INFO:colcon.colcon_core.shell:Creating package script '/home/colin/agv_gui/install/amr_v4_msgs_srvs/share/amr_v4_msgs_srvs/package.ps1'
[19.949s] INFO:colcon.colcon_core.shell:Creating package descriptor '/home/colin/agv_gui/install/amr_v4_msgs_srvs/share/amr_v4_msgs_srvs/package.dsv'
[19.952s] INFO:colcon.colcon_core.shell:Creating package script '/home/colin/agv_gui/install/amr_v4_msgs_srvs/share/amr_v4_msgs_srvs/package.sh'
[19.956s] INFO:colcon.colcon_core.shell:Creating package script '/home/colin/agv_gui/install/amr_v4_msgs_srvs/share/amr_v4_msgs_srvs/package.bash'
[19.958s] INFO:colcon.colcon_core.shell:Creating package script '/home/colin/agv_gui/install/amr_v4_msgs_srvs/share/amr_v4_msgs_srvs/package.zsh'
[19.961s] Level 1:colcon.colcon_core.environment:create_file_with_runtime_dependencies(/home/colin/agv_gui/install/amr_v4_msgs_srvs/share/colcon-core/packages/amr_v4_msgs_srvs)
[19.963s] INFO:colcon.colcon_ros.task.ament_cmake.build:Building ROS package in '/home/colin/agv_gui/amr_v4_qt' with build type 'ament_cmake'
[19.965s] INFO:colcon.colcon_cmake.task.cmake.build:Building CMake package in '/home/colin/agv_gui/amr_v4_qt'
[20.152s] INFO:colcon.colcon_core.shell:Skip shell extension 'powershell' for command environment: Not usable outside of PowerShell
[20.152s] DEBUG:colcon.colcon_core.shell:Skip shell extension 'dsv' for command environment
[20.783s] DEBUG:colcon.colcon_core.event_handler.log_command:Invoking command in '/home/colin/agv_gui/build/amr_v4_qt': CMAKE_PREFIX_PATH=/home/colin/agv_gui/install/amr_v4_msgs_srvs:/home/colin/agv_gui/install/amr_v4_qt:/opt/ros/galactic /usr/bin/cmake --build /home/colin/agv_gui/build/amr_v4_qt -- -j6 -l6
[29.601s] DEBUG:colcon.colcon_core.event_handler.log_command:Invoked command in '/home/colin/agv_gui/build/amr_v4_qt' returned '2': CMAKE_PREFIX_PATH=/home/colin/agv_gui/install/amr_v4_msgs_srvs:/home/colin/agv_gui/install/amr_v4_qt:/opt/ros/galactic /usr/bin/cmake --build /home/colin/agv_gui/build/amr_v4_qt -- -j6 -l6
[29.968s] Level 1:colcon.colcon_core.environment:create_environment_scripts_only(amr_v4_qt)
[30.169s] Level 1:colcon.colcon_core.environment:checking '/home/colin/agv_gui/install/amr_v4_qt' for CMake module files
[30.173s] Level 1:colcon.colcon_core.environment:checking '/home/colin/agv_gui/install/amr_v4_qt' for CMake config files
[30.174s] Level 1:colcon.colcon_core.shell:create_environment_hook('amr_v4_qt', 'cmake_prefix_path')
[30.356s] INFO:colcon.colcon_core.shell:Creating environment hook '/home/colin/agv_gui/install/amr_v4_qt/share/amr_v4_qt/hook/cmake_prefix_path.ps1'
[30.360s] INFO:colcon.colcon_core.shell:Creating environment descriptor '/home/colin/agv_gui/install/amr_v4_qt/share/amr_v4_qt/hook/cmake_prefix_path.dsv'
[30.362s] INFO:colcon.colcon_core.shell:Creating environment hook '/home/colin/agv_gui/install/amr_v4_qt/share/amr_v4_qt/hook/cmake_prefix_path.sh'
[30.365s] Level 1:colcon.colcon_core.environment:checking '/home/colin/agv_gui/install/amr_v4_qt/lib'
[30.366s] Level 1:colcon.colcon_core.environment:checking '/home/colin/agv_gui/install/amr_v4_qt/bin'
[30.366s] Level 1:colcon.colcon_core.environment:checking '/home/colin/agv_gui/install/amr_v4_qt/lib/pkgconfig/amr_v4_qt.pc'
[30.368s] Level 1:colcon.colcon_core.environment:checking '/home/colin/agv_gui/install/amr_v4_qt/lib/python3.8/site-packages'
[30.369s] Level 1:colcon.colcon_core.environment:checking '/home/colin/agv_gui/install/amr_v4_qt/bin'
[30.549s] INFO:colcon.colcon_core.shell:Creating package script '/home/colin/agv_gui/install/amr_v4_qt/share/amr_v4_qt/package.ps1'
[30.553s] INFO:colcon.colcon_core.shell:Creating package descriptor '/home/colin/agv_gui/install/amr_v4_qt/share/amr_v4_qt/package.dsv'
[30.555s] INFO:colcon.colcon_core.shell:Creating package script '/home/colin/agv_gui/install/amr_v4_qt/share/amr_v4_qt/package.sh'
[30.558s] INFO:colcon.colcon_core.shell:Creating package script '/home/colin/agv_gui/install/amr_v4_qt/share/amr_v4_qt/package.bash'
[30.560s] INFO:colcon.colcon_core.shell:Creating package script '/home/colin/agv_gui/install/amr_v4_qt/share/amr_v4_qt/package.zsh'
[30.562s] Level 1:colcon.colcon_core.environment:create_file_with_runtime_dependencies(/home/colin/agv_gui/install/amr_v4_qt/share/colcon-core/packages/amr_v4_qt)
[30.575s] DEBUG:colcon.colcon_parallel_executor.executor.parallel:closing loop
[30.577s] DEBUG:colcon.colcon_parallel_executor.executor.parallel:loop closed
[30.577s] DEBUG:colcon.colcon_parallel_executor.executor.parallel:run_until_complete finished with '2'
[30.578s] DEBUG:colcon.colcon_core.event_reactor:joining thread
[30.810s] INFO:colcon.colcon_core.plugin_system:Skipping extension 'colcon_notification.desktop_notification.terminal_notifier': Not used on non-Darwin systems
[30.810s] INFO:colcon.colcon_core.plugin_system:Skipping extension 'colcon_notification.desktop_notification.win32': Not used on non-Windows systems
[30.810s] INFO:colcon.colcon_notification.desktop_notification:Sending desktop notification using 'notify2'
[30.915s] DEBUG:colcon.colcon_core.event_reactor:joined thread
[31.100s] INFO:colcon.colcon_core.shell:Creating prefix script '/home/colin/agv_gui/install/local_setup.ps1'
[31.108s] INFO:colcon.colcon_core.shell:Creating prefix util module '/home/colin/agv_gui/install/_local_setup_util_ps1.py'
[31.114s] INFO:colcon.colcon_core.shell:Creating prefix chain script '/home/colin/agv_gui/install/setup.ps1'
[31.302s] INFO:colcon.colcon_core.shell:Creating prefix script '/home/colin/agv_gui/install/local_setup.sh'
[31.305s] INFO:colcon.colcon_core.shell:Creating prefix util module '/home/colin/agv_gui/install/_local_setup_util_sh.py'
[31.308s] INFO:colcon.colcon_core.shell:Creating prefix chain script '/home/colin/agv_gui/install/setup.sh'
[31.495s] INFO:colcon.colcon_core.shell:Creating prefix script '/home/colin/agv_gui/install/local_setup.bash'
[31.499s] INFO:colcon.colcon_core.shell:Creating prefix chain script '/home/colin/agv_gui/install/setup.bash'
[31.683s] INFO:colcon.colcon_core.shell:Creating prefix script '/home/colin/agv_gui/install/local_setup.zsh'
[31.686s] INFO:colcon.colcon_core.shell:Creating prefix chain script '/home/colin/agv_gui/install/setup.zsh'
