[0.585s] Invoking command in '/home/colin/agv_gui/build/agv_gui': CMAKE_PREFIX_PATH=${CMAKE_PREFIX_PATH}:/opt/ros/galactic /usr/bin/cmake --build /home/colin/agv_gui/build/agv_gui -- -j4 -l4
[0.834s] [  4%] [34m[1mAutomatic MOC and UIC for target agv_gui[0m
[0.875s] AutoMoc warning
[0.876s] ---------------
[0.876s] "SRC:/src/battery_node_1.cpp"
[0.876s] includes the moc file "battery_node_1.moc", but does not contain a Q_OBJECT, Q_GADGET or Q_NAMESPACE macro.
[0.877s] 
[0.877s] AutoMoc warning
[0.877s] ---------------
[0.878s] "SRC:/src/battery_node_2.cpp"
[0.878s] includes the moc file "battery_node_2.moc", but does not contain a Q_OBJECT, Q_GADGET or Q_NAMESPACE macro.
[0.878s] 
[0.878s] AutoMoc warning
[0.879s] ---------------
[0.879s] "SRC:/src/battery_node_3.cpp"
[0.879s] includes the moc file "battery_node_3.moc", but does not contain a Q_OBJECT, Q_GADGET or Q_NAMESPACE macro.
[0.880s] 
[0.880s] AutoMoc warning
[0.880s] ---------------
[0.881s] "SRC:/src/battery_node_4.cpp"
[0.881s] includes the moc file "battery_node_4.moc", but does not contain a Q_OBJECT, Q_GADGET or Q_NAMESPACE macro.
[0.881s] 
[0.882s] AutoMoc warning
[0.882s] ---------------
[0.882s] "SRC:/src/charge_node.cpp"
[0.882s] includes the moc file "charge_node.moc", but does not contain a Q_OBJECT, Q_GADGET or Q_NAMESPACE macro.
[0.883s] 
[1.464s] [  4%] Built target agv_gui_autogen
[1.554s] [  9%] [34m[1mGenerating include/moc_healthPopUp.cpp[0m
[1.616s] [35m[1mScanning dependencies of target agv_gui[0m
[2.007s] [ 13%] [32mBuilding CXX object CMakeFiles/agv_gui.dir/src/healthPopUp.cpp.o[0m
[2.012s] [ 22%] [32mBuilding CXX object CMakeFiles/agv_gui.dir/src/main_gui.cpp.o[0m
[2.013s] [ 22%] [32mBuilding CXX object CMakeFiles/agv_gui.dir/include/moc_battery_node_1.cpp.o[0m
[2.018s] [ 27%] [32mBuilding CXX object CMakeFiles/agv_gui.dir/include/moc_battery_node_2.cpp.o[0m
[6.405s] [01m[K/home/colin/agv_gui/src/agv_gui/src/healthPopUp.cpp:3:1:[m[K [01;31m[Kerror: [m[Kno declaration matches ‘[01m[KHealthPopUp::HealthPopUp(QString, QString, QString, QString, QString, QWidget*)[m[K’
[6.405s]     3 | [01;31m[KHealthPopUp[m[K::HealthPopUp(const QString lMotor,
[6.406s]       | [01;31m[K^~~~~~~~~~~[m[K
[6.406s] In file included from [01m[K/home/colin/agv_gui/src/agv_gui/src/healthPopUp.cpp:1[m[K:
[6.406s] [01m[K/home/colin/agv_gui/src/agv_gui/include/healthPopUp.hpp:8:7:[m[K [01;36m[Knote: [m[Kcandidates are: ‘[01m[KHealthPopUp::HealthPopUp(HealthPopUp&&)[m[K’
[6.407s]     8 | class [01;36m[KHealthPopUp[m[K : public QDialog {
[6.407s]       |       [01;36m[K^~~~~~~~~~~[m[K
[6.407s] [01m[K/home/colin/agv_gui/src/agv_gui/include/healthPopUp.hpp:8:7:[m[K [01;36m[Knote: [m[K                ‘[01m[KHealthPopUp::HealthPopUp(const HealthPopUp&)[m[K’
[6.408s] [01m[K/home/colin/agv_gui/src/agv_gui/include/healthPopUp.hpp:12:5:[m[K [01;36m[Knote: [m[K                ‘[01m[KHealthPopUp::HealthPopUp(const QString&, const QString&, const QString&, const QString&, const QString&, QWidget*)[m[K’
[6.408s]    12 |     [01;36m[KHealthPopUp[m[K(const QString &lMotor,
[6.408s]       |     [01;36m[K^~~~~~~~~~~[m[K
[6.409s] [01m[K/home/colin/agv_gui/src/agv_gui/include/healthPopUp.hpp:8:7:[m[K [01;36m[Knote: [m[K‘[01m[Kclass HealthPopUp[m[K’ defined here
[6.409s]     8 | class [01;36m[KHealthPopUp[m[K : public QDialog {
[6.409s]       |       [01;36m[K^~~~~~~~~~~[m[K
[6.840s] make[2]: *** [CMakeFiles/agv_gui.dir/build.make:165: CMakeFiles/agv_gui.dir/src/healthPopUp.cpp.o] Error 1
[6.840s] make[2]: *** Waiting for unfinished jobs....
[16.082s] make[1]: *** [CMakeFiles/Makefile2:79: CMakeFiles/agv_gui.dir/all] Error 2
[16.083s] make: *** [Makefile:141: all] Error 2
[16.094s] Invoked command in '/home/colin/agv_gui/build/agv_gui' returned '2': CMAKE_PREFIX_PATH=${CMAKE_PREFIX_PATH}:/opt/ros/galactic /usr/bin/cmake --build /home/colin/agv_gui/build/agv_gui -- -j4 -l4
