[8.309s] DEBUG:colcon:Command line arguments: ['/usr/bin/colcon', 'build']
[8.310s] DEBUG:colcon:Parsed command line arguments: Namespace(allow_overriding=[], ament_cmake_args=None, base_paths=['.'], build_base='build', catkin_cmake_args=None, catkin_skip_building_tests=False, cmake_args=None, cmake_clean_cache=False, cmake_clean_first=False, cmake_force_configure=False, cmake_target=None, cmake_target_skip_unavailable=False, continue_on_error=False, event_handlers=None, executor='parallel', ignore_user_meta=False, install_base='install', log_base=None, log_level=None, main=<bound method BuildVerb.main of <colcon_core.verb.build.BuildVerb object at 0xffff88cfebb0>>, merge_install=False, metas=['./colcon.meta'], packages_above=None, packages_above_and_dependencies=None, packages_above_depth=None, packages_end=None, packages_ignore=None, packages_ignore_regex=None, packages_select=None, packages_select_build_failed=False, packages_select_by_dep=None, packages_select_regex=None, packages_select_test_failures=False, packages_skip=None, packages_skip_build_finished=False, packages_skip_by_dep=None, packages_skip_regex=None, packages_skip_test_passed=False, packages_skip_up_to=None, packages_start=None, packages_up_to=None, packages_up_to_regex=None, parallel_workers=4, paths=None, symlink_install=False, test_result_base=None, verb_extension=<colcon_core.verb.build.BuildVerb object at 0xffff88cfebb0>, verb_name='build', verb_parser=<colcon_defaults.argument_parser.defaults.DefaultArgumentsDecorator object at 0xffff887ec940>)
[8.684s] Level 1:colcon.colcon_core.package_discovery:discover_packages(colcon_meta) check parameters
[8.685s] Level 1:colcon.colcon_core.package_discovery:discover_packages(recursive) check parameters
[8.685s] Level 1:colcon.colcon_core.package_discovery:discover_packages(ignore) check parameters
[8.685s] Level 1:colcon.colcon_core.package_discovery:discover_packages(path) check parameters
[8.685s] Level 1:colcon.colcon_core.package_discovery:discover_packages(colcon_meta) discover
[8.685s] Level 1:colcon.colcon_core.package_discovery:discover_packages(recursive) discover
[8.686s] INFO:colcon.colcon_core.package_discovery:Crawling recursively for packages in '/home/colin/agv_gui'
[8.686s] Level 1:colcon.colcon_core.package_identification:_identify(.) by extensions ['ignore', 'ignore_ament_install']
[8.686s] Level 1:colcon.colcon_core.package_identification:_identify(.) by extension 'ignore'
[8.687s] Level 1:colcon.colcon_core.package_identification:_identify(.) by extension 'ignore_ament_install'
[8.687s] Level 1:colcon.colcon_core.package_identification:_identify(.) by extensions ['colcon_pkg']
[8.687s] Level 1:colcon.colcon_core.package_identification:_identify(.) by extension 'colcon_pkg'
[8.687s] Level 1:colcon.colcon_core.package_identification:_identify(.) by extensions ['colcon_meta']
[8.687s] Level 1:colcon.colcon_core.package_identification:_identify(.) by extension 'colcon_meta'
[8.688s] Level 1:colcon.colcon_core.package_identification:_identify(.) by extensions ['ros']
[8.688s] Level 1:colcon.colcon_core.package_identification:_identify(.) by extension 'ros'
[8.763s] Level 1:colcon.colcon_core.package_identification:_identify(.) by extensions ['cmake', 'python']
[8.764s] Level 1:colcon.colcon_core.package_identification:_identify(.) by extension 'cmake'
[8.764s] Level 1:colcon.colcon_core.package_identification:_identify(.) by extension 'python'
[8.764s] Level 1:colcon.colcon_core.package_identification:_identify(.) by extensions ['python_setup_py']
[8.764s] Level 1:colcon.colcon_core.package_identification:_identify(.) by extension 'python_setup_py'
[8.765s] Level 1:colcon.colcon_core.package_identification:_identify(build) by extensions ['ignore', 'ignore_ament_install']
[8.765s] Level 1:colcon.colcon_core.package_identification:_identify(build) by extension 'ignore'
[8.766s] Level 1:colcon.colcon_core.package_identification:_identify(build) ignored
[8.766s] Level 1:colcon.colcon_core.package_identification:_identify(devel) by extensions ['ignore', 'ignore_ament_install']
[8.766s] Level 1:colcon.colcon_core.package_identification:_identify(devel) by extension 'ignore'
[8.767s] Level 1:colcon.colcon_core.package_identification:_identify(devel) by extension 'ignore_ament_install'
[8.767s] Level 1:colcon.colcon_core.package_identification:_identify(devel) by extensions ['colcon_pkg']
[8.767s] Level 1:colcon.colcon_core.package_identification:_identify(devel) by extension 'colcon_pkg'
[8.767s] Level 1:colcon.colcon_core.package_identification:_identify(devel) by extensions ['colcon_meta']
[8.767s] Level 1:colcon.colcon_core.package_identification:_identify(devel) by extension 'colcon_meta'
[8.767s] Level 1:colcon.colcon_core.package_identification:_identify(devel) by extensions ['ros']
[8.768s] Level 1:colcon.colcon_core.package_identification:_identify(devel) by extension 'ros'
[8.768s] Level 1:colcon.colcon_core.package_identification:_identify(devel) by extensions ['cmake', 'python']
[8.768s] Level 1:colcon.colcon_core.package_identification:_identify(devel) by extension 'cmake'
[8.768s] Level 1:colcon.colcon_core.package_identification:_identify(devel) by extension 'python'
[8.768s] Level 1:colcon.colcon_core.package_identification:_identify(devel) by extensions ['python_setup_py']
[8.769s] Level 1:colcon.colcon_core.package_identification:_identify(devel) by extension 'python_setup_py'
[8.769s] Level 1:colcon.colcon_core.package_identification:_identify(install) by extensions ['ignore', 'ignore_ament_install']
[8.769s] Level 1:colcon.colcon_core.package_identification:_identify(install) by extension 'ignore'
[8.770s] Level 1:colcon.colcon_core.package_identification:_identify(install) ignored
[8.770s] Level 1:colcon.colcon_core.package_identification:_identify(log) by extensions ['ignore', 'ignore_ament_install']
[8.770s] Level 1:colcon.colcon_core.package_identification:_identify(log) by extension 'ignore'
[8.771s] Level 1:colcon.colcon_core.package_identification:_identify(log) ignored
[8.771s] Level 1:colcon.colcon_core.package_identification:_identify(logs) by extensions ['ignore', 'ignore_ament_install']
[8.771s] Level 1:colcon.colcon_core.package_identification:_identify(logs) by extension 'ignore'
[8.771s] Level 1:colcon.colcon_core.package_identification:_identify(logs) by extension 'ignore_ament_install'
[8.772s] Level 1:colcon.colcon_core.package_identification:_identify(logs) by extensions ['colcon_pkg']
[8.772s] Level 1:colcon.colcon_core.package_identification:_identify(logs) by extension 'colcon_pkg'
[8.772s] Level 1:colcon.colcon_core.package_identification:_identify(logs) by extensions ['colcon_meta']
[8.772s] Level 1:colcon.colcon_core.package_identification:_identify(logs) by extension 'colcon_meta'
[8.772s] Level 1:colcon.colcon_core.package_identification:_identify(logs) by extensions ['ros']
[8.772s] Level 1:colcon.colcon_core.package_identification:_identify(logs) by extension 'ros'
[8.773s] Level 1:colcon.colcon_core.package_identification:_identify(logs) by extensions ['cmake', 'python']
[8.773s] Level 1:colcon.colcon_core.package_identification:_identify(logs) by extension 'cmake'
[8.773s] Level 1:colcon.colcon_core.package_identification:_identify(logs) by extension 'python'
[8.773s] Level 1:colcon.colcon_core.package_identification:_identify(logs) by extensions ['python_setup_py']
[8.773s] Level 1:colcon.colcon_core.package_identification:_identify(logs) by extension 'python_setup_py'
[8.774s] Level 1:colcon.colcon_core.package_identification:_identify(src) by extensions ['ignore', 'ignore_ament_install']
[8.774s] Level 1:colcon.colcon_core.package_identification:_identify(src) by extension 'ignore'
[8.774s] Level 1:colcon.colcon_core.package_identification:_identify(src) by extension 'ignore_ament_install'
[8.775s] Level 1:colcon.colcon_core.package_identification:_identify(src) by extensions ['colcon_pkg']
[8.775s] Level 1:colcon.colcon_core.package_identification:_identify(src) by extension 'colcon_pkg'
[8.775s] Level 1:colcon.colcon_core.package_identification:_identify(src) by extensions ['colcon_meta']
[8.775s] Level 1:colcon.colcon_core.package_identification:_identify(src) by extension 'colcon_meta'
[8.775s] Level 1:colcon.colcon_core.package_identification:_identify(src) by extensions ['ros']
[8.775s] Level 1:colcon.colcon_core.package_identification:_identify(src) by extension 'ros'
[8.776s] Level 1:colcon.colcon_core.package_identification:_identify(src) by extensions ['cmake', 'python']
[8.776s] Level 1:colcon.colcon_core.package_identification:_identify(src) by extension 'cmake'
[8.776s] Level 1:colcon.colcon_core.package_identification:_identify(src) by extension 'python'
[8.776s] Level 1:colcon.colcon_core.package_identification:_identify(src) by extensions ['python_setup_py']
[8.776s] Level 1:colcon.colcon_core.package_identification:_identify(src) by extension 'python_setup_py'
[8.777s] Level 1:colcon.colcon_core.package_identification:_identify(src/agv_gui) by extensions ['ignore', 'ignore_ament_install']
[8.777s] Level 1:colcon.colcon_core.package_identification:_identify(src/agv_gui) by extension 'ignore'
[8.777s] Level 1:colcon.colcon_core.package_identification:_identify(src/agv_gui) by extension 'ignore_ament_install'
[8.777s] Level 1:colcon.colcon_core.package_identification:_identify(src/agv_gui) by extensions ['colcon_pkg']
[8.778s] Level 1:colcon.colcon_core.package_identification:_identify(src/agv_gui) by extension 'colcon_pkg'
[8.778s] Level 1:colcon.colcon_core.package_identification:_identify(src/agv_gui) by extensions ['colcon_meta']
[8.778s] Level 1:colcon.colcon_core.package_identification:_identify(src/agv_gui) by extension 'colcon_meta'
[8.778s] Level 1:colcon.colcon_core.package_identification:_identify(src/agv_gui) by extensions ['ros']
[8.778s] Level 1:colcon.colcon_core.package_identification:_identify(src/agv_gui) by extension 'ros'
[8.791s] DEBUG:colcon.colcon_core.package_identification:Package 'src/agv_gui' with type 'ros.ament_cmake' and name 'agv_gui'
[8.791s] Level 1:colcon.colcon_core.package_discovery:discover_packages(recursive) using defaults
[8.791s] Level 1:colcon.colcon_core.package_discovery:discover_packages(ignore) discover
[8.791s] Level 1:colcon.colcon_core.package_discovery:discover_packages(ignore) using defaults
[8.791s] Level 1:colcon.colcon_core.package_discovery:discover_packages(path) discover
[8.792s] Level 1:colcon.colcon_core.package_discovery:discover_packages(path) using defaults
[9.516s] Level 1:colcon.colcon_core.package_discovery:discover_packages(prefix_path) check parameters
[9.516s] Level 1:colcon.colcon_core.package_discovery:discover_packages(prefix_path) discover
[9.787s] DEBUG:colcon.colcon_installed_package_information.package_discovery:Found 1 installed packages in /home/colin/agv_gui/install
[9.921s] DEBUG:colcon.colcon_installed_package_information.package_discovery:Found 268 installed packages in /opt/ros/galactic
[9.927s] Level 1:colcon.colcon_core.package_discovery:discover_packages(prefix_path) using defaults
[10.576s] Level 5:colcon.colcon_core.verb:set package 'agv_gui' build argument 'cmake_args' from command line to 'None'
[10.576s] Level 5:colcon.colcon_core.verb:set package 'agv_gui' build argument 'cmake_target' from command line to 'None'
[10.576s] Level 5:colcon.colcon_core.verb:set package 'agv_gui' build argument 'cmake_target_skip_unavailable' from command line to 'False'
[10.576s] Level 5:colcon.colcon_core.verb:set package 'agv_gui' build argument 'cmake_clean_cache' from command line to 'False'
[10.577s] Level 5:colcon.colcon_core.verb:set package 'agv_gui' build argument 'cmake_clean_first' from command line to 'False'
[10.577s] Level 5:colcon.colcon_core.verb:set package 'agv_gui' build argument 'cmake_force_configure' from command line to 'False'
[10.577s] Level 5:colcon.colcon_core.verb:set package 'agv_gui' build argument 'ament_cmake_args' from command line to 'None'
[10.577s] Level 5:colcon.colcon_core.verb:set package 'agv_gui' build argument 'catkin_cmake_args' from command line to 'None'
[10.577s] Level 5:colcon.colcon_core.verb:set package 'agv_gui' build argument 'catkin_skip_building_tests' from command line to 'False'
[10.577s] DEBUG:colcon.colcon_core.verb:Building package 'agv_gui' with the following arguments: {'ament_cmake_args': None, 'build_base': '/home/colin/agv_gui/build/agv_gui', 'catkin_cmake_args': None, 'catkin_skip_building_tests': False, 'cmake_args': None, 'cmake_clean_cache': False, 'cmake_clean_first': False, 'cmake_force_configure': False, 'cmake_target': None, 'cmake_target_skip_unavailable': False, 'install_base': '/home/colin/agv_gui/install/agv_gui', 'merge_install': False, 'path': '/home/colin/agv_gui/src/agv_gui', 'symlink_install': False, 'test_result_base': None}
[10.705s] INFO:colcon.colcon_core.executor:Executing jobs using 'parallel' executor
[10.834s] DEBUG:colcon.colcon_parallel_executor.executor.parallel:run_until_complete
[10.835s] INFO:colcon.colcon_ros.task.ament_cmake.build:Building ROS package in '/home/colin/agv_gui/src/agv_gui' with build type 'ament_cmake'
[10.835s] INFO:colcon.colcon_cmake.task.cmake.build:Building CMake package in '/home/colin/agv_gui/src/agv_gui'
[11.000s] INFO:colcon.colcon_core.plugin_system:Skipping extension 'colcon_core.shell.bat': Not used on non-Windows systems
[11.001s] INFO:colcon.colcon_core.shell:Skip shell extension 'powershell' for command environment: Not usable outside of PowerShell
[11.001s] DEBUG:colcon.colcon_core.shell:Skip shell extension 'dsv' for command environment
[11.474s] DEBUG:colcon.colcon_core.event_handler.log_command:Invoking command in '/home/colin/agv_gui/build/agv_gui': CMAKE_PREFIX_PATH=${CMAKE_PREFIX_PATH}:/opt/ros/galactic /usr/bin/cmake --build /home/colin/agv_gui/build/agv_gui -- -j4 -l4
[84.370s] DEBUG:colcon.colcon_core.event_handler.log_command:Invoked command in '/home/colin/agv_gui/build/agv_gui' returned '2': CMAKE_PREFIX_PATH=${CMAKE_PREFIX_PATH}:/opt/ros/galactic /usr/bin/cmake --build /home/colin/agv_gui/build/agv_gui -- -j4 -l4
[84.766s] Level 1:colcon.colcon_core.environment:create_environment_scripts_only(agv_gui)
[84.926s] Level 1:colcon.colcon_core.environment:checking '/home/colin/agv_gui/install/agv_gui' for CMake module files
[84.929s] Level 1:colcon.colcon_core.environment:checking '/home/colin/agv_gui/install/agv_gui' for CMake config files
[84.930s] Level 1:colcon.colcon_core.shell:create_environment_hook('agv_gui', 'cmake_prefix_path')
[85.076s] INFO:colcon.colcon_core.shell:Creating environment hook '/home/colin/agv_gui/install/agv_gui/share/agv_gui/hook/cmake_prefix_path.ps1'
[85.085s] INFO:colcon.colcon_core.shell:Creating environment descriptor '/home/colin/agv_gui/install/agv_gui/share/agv_gui/hook/cmake_prefix_path.dsv'
[85.087s] INFO:colcon.colcon_core.shell:Creating environment hook '/home/colin/agv_gui/install/agv_gui/share/agv_gui/hook/cmake_prefix_path.sh'
[85.093s] Level 1:colcon.colcon_core.environment:checking '/home/colin/agv_gui/install/agv_gui/lib'
[85.094s] Level 1:colcon.colcon_core.environment:checking '/home/colin/agv_gui/install/agv_gui/bin'
[85.094s] Level 1:colcon.colcon_core.environment:checking '/home/colin/agv_gui/install/agv_gui/lib/pkgconfig/agv_gui.pc'
[85.096s] Level 1:colcon.colcon_core.environment:checking '/home/colin/agv_gui/install/agv_gui/lib/python3.8/site-packages'
[85.096s] Level 1:colcon.colcon_core.environment:checking '/home/colin/agv_gui/install/agv_gui/bin'
[85.233s] INFO:colcon.colcon_core.shell:Creating package script '/home/colin/agv_gui/install/agv_gui/share/agv_gui/package.ps1'
[85.239s] INFO:colcon.colcon_core.shell:Creating package descriptor '/home/colin/agv_gui/install/agv_gui/share/agv_gui/package.dsv'
[85.242s] INFO:colcon.colcon_core.shell:Creating package script '/home/colin/agv_gui/install/agv_gui/share/agv_gui/package.sh'
[85.246s] INFO:colcon.colcon_core.shell:Creating package script '/home/colin/agv_gui/install/agv_gui/share/agv_gui/package.bash'
[85.250s] INFO:colcon.colcon_core.shell:Creating package script '/home/colin/agv_gui/install/agv_gui/share/agv_gui/package.zsh'
[85.253s] Level 1:colcon.colcon_core.environment:create_file_with_runtime_dependencies(/home/colin/agv_gui/install/agv_gui/share/colcon-core/packages/agv_gui)
[85.265s] DEBUG:colcon.colcon_parallel_executor.executor.parallel:closing loop
[85.266s] DEBUG:colcon.colcon_parallel_executor.executor.parallel:loop closed
[85.267s] DEBUG:colcon.colcon_parallel_executor.executor.parallel:run_until_complete finished with '2'
[85.267s] DEBUG:colcon.colcon_core.event_reactor:joining thread
[85.454s] INFO:colcon.colcon_core.plugin_system:Skipping extension 'colcon_notification.desktop_notification.terminal_notifier': Not used on non-Darwin systems
[85.454s] INFO:colcon.colcon_core.plugin_system:Skipping extension 'colcon_notification.desktop_notification.win32': Not used on non-Windows systems
[85.454s] INFO:colcon.colcon_notification.desktop_notification:Sending desktop notification using 'notify2'
[85.516s] DEBUG:colcon.colcon_core.event_reactor:joined thread
[85.649s] INFO:colcon.colcon_core.shell:Creating prefix script '/home/colin/agv_gui/install/local_setup.ps1'
[85.656s] INFO:colcon.colcon_core.shell:Creating prefix util module '/home/colin/agv_gui/install/_local_setup_util_ps1.py'
[85.661s] INFO:colcon.colcon_core.shell:Creating prefix chain script '/home/colin/agv_gui/install/setup.ps1'
[85.797s] INFO:colcon.colcon_core.shell:Creating prefix script '/home/colin/agv_gui/install/local_setup.sh'
[85.799s] INFO:colcon.colcon_core.shell:Creating prefix util module '/home/colin/agv_gui/install/_local_setup_util_sh.py'
[85.802s] INFO:colcon.colcon_core.shell:Creating prefix chain script '/home/colin/agv_gui/install/setup.sh'
[85.948s] INFO:colcon.colcon_core.shell:Creating prefix script '/home/colin/agv_gui/install/local_setup.bash'
[85.951s] INFO:colcon.colcon_core.shell:Creating prefix chain script '/home/colin/agv_gui/install/setup.bash'
[86.087s] INFO:colcon.colcon_core.shell:Creating prefix script '/home/colin/agv_gui/install/local_setup.zsh'
[86.089s] INFO:colcon.colcon_core.shell:Creating prefix chain script '/home/colin/agv_gui/install/setup.zsh'
