[7.281s] DEBUG:colcon:Command line arguments: ['/usr/bin/colcon', 'build']
[7.281s] DEBUG:colcon:Parsed command line arguments: Namespace(allow_overriding=[], ament_cmake_args=None, base_paths=['.'], build_base='build', catkin_cmake_args=None, catkin_skip_building_tests=False, cmake_args=None, cmake_clean_cache=False, cmake_clean_first=False, cmake_force_configure=False, cmake_target=None, cmake_target_skip_unavailable=False, continue_on_error=False, event_handlers=None, executor='parallel', ignore_user_meta=False, install_base='install', log_base=None, log_level=None, main=<bound method BuildVerb.main of <colcon_core.verb.build.BuildVerb object at 0xffffac9a7040>>, merge_install=False, metas=['./colcon.meta'], packages_above=None, packages_above_and_dependencies=None, packages_above_depth=None, packages_end=None, packages_ignore=None, packages_ignore_regex=None, packages_select=None, packages_select_build_failed=False, packages_select_by_dep=None, packages_select_regex=None, packages_select_test_failures=False, packages_skip=None, packages_skip_build_finished=False, packages_skip_by_dep=None, packages_skip_regex=None, packages_skip_test_passed=False, packages_skip_up_to=None, packages_start=None, packages_up_to=None, packages_up_to_regex=None, parallel_workers=4, paths=None, symlink_install=False, test_result_base=None, verb_extension=<colcon_core.verb.build.BuildVerb object at 0xffffac9a7040>, verb_name='build', verb_parser=<colcon_defaults.argument_parser.defaults.DefaultArgumentsDecorator object at 0xffffacd05460>)
[7.602s] Level 1:colcon.colcon_core.package_discovery:discover_packages(colcon_meta) check parameters
[7.603s] Level 1:colcon.colcon_core.package_discovery:discover_packages(recursive) check parameters
[7.603s] Level 1:colcon.colcon_core.package_discovery:discover_packages(ignore) check parameters
[7.603s] Level 1:colcon.colcon_core.package_discovery:discover_packages(path) check parameters
[7.603s] Level 1:colcon.colcon_core.package_discovery:discover_packages(colcon_meta) discover
[7.603s] Level 1:colcon.colcon_core.package_discovery:discover_packages(recursive) discover
[7.604s] INFO:colcon.colcon_core.package_discovery:Crawling recursively for packages in '/home/colin/agv_gui'
[7.604s] Level 1:colcon.colcon_core.package_identification:_identify(.) by extensions ['ignore', 'ignore_ament_install']
[7.605s] Level 1:colcon.colcon_core.package_identification:_identify(.) by extension 'ignore'
[7.605s] Level 1:colcon.colcon_core.package_identification:_identify(.) by extension 'ignore_ament_install'
[7.605s] Level 1:colcon.colcon_core.package_identification:_identify(.) by extensions ['colcon_pkg']
[7.605s] Level 1:colcon.colcon_core.package_identification:_identify(.) by extension 'colcon_pkg'
[7.605s] Level 1:colcon.colcon_core.package_identification:_identify(.) by extensions ['colcon_meta']
[7.605s] Level 1:colcon.colcon_core.package_identification:_identify(.) by extension 'colcon_meta'
[7.606s] Level 1:colcon.colcon_core.package_identification:_identify(.) by extensions ['ros']
[7.606s] Level 1:colcon.colcon_core.package_identification:_identify(.) by extension 'ros'
[7.676s] Level 1:colcon.colcon_core.package_identification:_identify(.) by extensions ['cmake', 'python']
[7.677s] Level 1:colcon.colcon_core.package_identification:_identify(.) by extension 'cmake'
[7.677s] Level 1:colcon.colcon_core.package_identification:_identify(.) by extension 'python'
[7.677s] Level 1:colcon.colcon_core.package_identification:_identify(.) by extensions ['python_setup_py']
[7.677s] Level 1:colcon.colcon_core.package_identification:_identify(.) by extension 'python_setup_py'
[7.678s] Level 1:colcon.colcon_core.package_identification:_identify(build) by extensions ['ignore', 'ignore_ament_install']
[7.678s] Level 1:colcon.colcon_core.package_identification:_identify(build) by extension 'ignore'
[7.678s] Level 1:colcon.colcon_core.package_identification:_identify(build) ignored
[7.679s] Level 1:colcon.colcon_core.package_identification:_identify(devel) by extensions ['ignore', 'ignore_ament_install']
[7.679s] Level 1:colcon.colcon_core.package_identification:_identify(devel) by extension 'ignore'
[7.679s] Level 1:colcon.colcon_core.package_identification:_identify(devel) by extension 'ignore_ament_install'
[7.680s] Level 1:colcon.colcon_core.package_identification:_identify(devel) by extensions ['colcon_pkg']
[7.680s] Level 1:colcon.colcon_core.package_identification:_identify(devel) by extension 'colcon_pkg'
[7.680s] Level 1:colcon.colcon_core.package_identification:_identify(devel) by extensions ['colcon_meta']
[7.680s] Level 1:colcon.colcon_core.package_identification:_identify(devel) by extension 'colcon_meta'
[7.680s] Level 1:colcon.colcon_core.package_identification:_identify(devel) by extensions ['ros']
[7.680s] Level 1:colcon.colcon_core.package_identification:_identify(devel) by extension 'ros'
[7.681s] Level 1:colcon.colcon_core.package_identification:_identify(devel) by extensions ['cmake', 'python']
[7.681s] Level 1:colcon.colcon_core.package_identification:_identify(devel) by extension 'cmake'
[7.681s] Level 1:colcon.colcon_core.package_identification:_identify(devel) by extension 'python'
[7.681s] Level 1:colcon.colcon_core.package_identification:_identify(devel) by extensions ['python_setup_py']
[7.681s] Level 1:colcon.colcon_core.package_identification:_identify(devel) by extension 'python_setup_py'
[7.682s] Level 1:colcon.colcon_core.package_identification:_identify(install) by extensions ['ignore', 'ignore_ament_install']
[7.682s] Level 1:colcon.colcon_core.package_identification:_identify(install) by extension 'ignore'
[7.682s] Level 1:colcon.colcon_core.package_identification:_identify(install) ignored
[7.683s] Level 1:colcon.colcon_core.package_identification:_identify(log) by extensions ['ignore', 'ignore_ament_install']
[7.683s] Level 1:colcon.colcon_core.package_identification:_identify(log) by extension 'ignore'
[7.683s] Level 1:colcon.colcon_core.package_identification:_identify(log) ignored
[7.684s] Level 1:colcon.colcon_core.package_identification:_identify(logs) by extensions ['ignore', 'ignore_ament_install']
[7.684s] Level 1:colcon.colcon_core.package_identification:_identify(logs) by extension 'ignore'
[7.684s] Level 1:colcon.colcon_core.package_identification:_identify(logs) by extension 'ignore_ament_install'
[7.684s] Level 1:colcon.colcon_core.package_identification:_identify(logs) by extensions ['colcon_pkg']
[7.684s] Level 1:colcon.colcon_core.package_identification:_identify(logs) by extension 'colcon_pkg'
[7.685s] Level 1:colcon.colcon_core.package_identification:_identify(logs) by extensions ['colcon_meta']
[7.685s] Level 1:colcon.colcon_core.package_identification:_identify(logs) by extension 'colcon_meta'
[7.685s] Level 1:colcon.colcon_core.package_identification:_identify(logs) by extensions ['ros']
[7.685s] Level 1:colcon.colcon_core.package_identification:_identify(logs) by extension 'ros'
[7.685s] Level 1:colcon.colcon_core.package_identification:_identify(logs) by extensions ['cmake', 'python']
[7.685s] Level 1:colcon.colcon_core.package_identification:_identify(logs) by extension 'cmake'
[7.686s] Level 1:colcon.colcon_core.package_identification:_identify(logs) by extension 'python'
[7.686s] Level 1:colcon.colcon_core.package_identification:_identify(logs) by extensions ['python_setup_py']
[7.686s] Level 1:colcon.colcon_core.package_identification:_identify(logs) by extension 'python_setup_py'
[7.686s] Level 1:colcon.colcon_core.package_identification:_identify(src) by extensions ['ignore', 'ignore_ament_install']
[7.687s] Level 1:colcon.colcon_core.package_identification:_identify(src) by extension 'ignore'
[7.687s] Level 1:colcon.colcon_core.package_identification:_identify(src) by extension 'ignore_ament_install'
[7.687s] Level 1:colcon.colcon_core.package_identification:_identify(src) by extensions ['colcon_pkg']
[7.687s] Level 1:colcon.colcon_core.package_identification:_identify(src) by extension 'colcon_pkg'
[7.687s] Level 1:colcon.colcon_core.package_identification:_identify(src) by extensions ['colcon_meta']
[7.687s] Level 1:colcon.colcon_core.package_identification:_identify(src) by extension 'colcon_meta'
[7.688s] Level 1:colcon.colcon_core.package_identification:_identify(src) by extensions ['ros']
[7.688s] Level 1:colcon.colcon_core.package_identification:_identify(src) by extension 'ros'
[7.688s] Level 1:colcon.colcon_core.package_identification:_identify(src) by extensions ['cmake', 'python']
[7.688s] Level 1:colcon.colcon_core.package_identification:_identify(src) by extension 'cmake'
[7.688s] Level 1:colcon.colcon_core.package_identification:_identify(src) by extension 'python'
[7.688s] Level 1:colcon.colcon_core.package_identification:_identify(src) by extensions ['python_setup_py']
[7.689s] Level 1:colcon.colcon_core.package_identification:_identify(src) by extension 'python_setup_py'
[7.689s] Level 1:colcon.colcon_core.package_identification:_identify(src/agv_gui) by extensions ['ignore', 'ignore_ament_install']
[7.689s] Level 1:colcon.colcon_core.package_identification:_identify(src/agv_gui) by extension 'ignore'
[7.689s] Level 1:colcon.colcon_core.package_identification:_identify(src/agv_gui) by extension 'ignore_ament_install'
[7.690s] Level 1:colcon.colcon_core.package_identification:_identify(src/agv_gui) by extensions ['colcon_pkg']
[7.690s] Level 1:colcon.colcon_core.package_identification:_identify(src/agv_gui) by extension 'colcon_pkg'
[7.690s] Level 1:colcon.colcon_core.package_identification:_identify(src/agv_gui) by extensions ['colcon_meta']
[7.690s] Level 1:colcon.colcon_core.package_identification:_identify(src/agv_gui) by extension 'colcon_meta'
[7.690s] Level 1:colcon.colcon_core.package_identification:_identify(src/agv_gui) by extensions ['ros']
[7.690s] Level 1:colcon.colcon_core.package_identification:_identify(src/agv_gui) by extension 'ros'
[7.701s] DEBUG:colcon.colcon_core.package_identification:Package 'src/agv_gui' with type 'ros.ament_cmake' and name 'agv_gui'
[7.701s] Level 1:colcon.colcon_core.package_discovery:discover_packages(recursive) using defaults
[7.702s] Level 1:colcon.colcon_core.package_discovery:discover_packages(ignore) discover
[7.702s] Level 1:colcon.colcon_core.package_discovery:discover_packages(ignore) using defaults
[7.702s] Level 1:colcon.colcon_core.package_discovery:discover_packages(path) discover
[7.702s] Level 1:colcon.colcon_core.package_discovery:discover_packages(path) using defaults
[8.357s] Level 1:colcon.colcon_core.package_discovery:discover_packages(prefix_path) check parameters
[8.357s] Level 1:colcon.colcon_core.package_discovery:discover_packages(prefix_path) discover
[8.623s] DEBUG:colcon.colcon_installed_package_information.package_discovery:Found 1 installed packages in /home/colin/agv_gui/install
[8.749s] DEBUG:colcon.colcon_installed_package_information.package_discovery:Found 268 installed packages in /opt/ros/galactic
[8.755s] Level 1:colcon.colcon_core.package_discovery:discover_packages(prefix_path) using defaults
[9.332s] Level 5:colcon.colcon_core.verb:set package 'agv_gui' build argument 'cmake_args' from command line to 'None'
[9.332s] Level 5:colcon.colcon_core.verb:set package 'agv_gui' build argument 'cmake_target' from command line to 'None'
[9.333s] Level 5:colcon.colcon_core.verb:set package 'agv_gui' build argument 'cmake_target_skip_unavailable' from command line to 'False'
[9.333s] Level 5:colcon.colcon_core.verb:set package 'agv_gui' build argument 'cmake_clean_cache' from command line to 'False'
[9.333s] Level 5:colcon.colcon_core.verb:set package 'agv_gui' build argument 'cmake_clean_first' from command line to 'False'
[9.333s] Level 5:colcon.colcon_core.verb:set package 'agv_gui' build argument 'cmake_force_configure' from command line to 'False'
[9.333s] Level 5:colcon.colcon_core.verb:set package 'agv_gui' build argument 'ament_cmake_args' from command line to 'None'
[9.333s] Level 5:colcon.colcon_core.verb:set package 'agv_gui' build argument 'catkin_cmake_args' from command line to 'None'
[9.333s] Level 5:colcon.colcon_core.verb:set package 'agv_gui' build argument 'catkin_skip_building_tests' from command line to 'False'
[9.334s] DEBUG:colcon.colcon_core.verb:Building package 'agv_gui' with the following arguments: {'ament_cmake_args': None, 'build_base': '/home/colin/agv_gui/build/agv_gui', 'catkin_cmake_args': None, 'catkin_skip_building_tests': False, 'cmake_args': None, 'cmake_clean_cache': False, 'cmake_clean_first': False, 'cmake_force_configure': False, 'cmake_target': None, 'cmake_target_skip_unavailable': False, 'install_base': '/home/colin/agv_gui/install/agv_gui', 'merge_install': False, 'path': '/home/colin/agv_gui/src/agv_gui', 'symlink_install': False, 'test_result_base': None}
[9.456s] INFO:colcon.colcon_core.executor:Executing jobs using 'parallel' executor
[9.582s] DEBUG:colcon.colcon_parallel_executor.executor.parallel:run_until_complete
[9.583s] INFO:colcon.colcon_ros.task.ament_cmake.build:Building ROS package in '/home/colin/agv_gui/src/agv_gui' with build type 'ament_cmake'
[9.584s] INFO:colcon.colcon_cmake.task.cmake.build:Building CMake package in '/home/colin/agv_gui/src/agv_gui'
[9.719s] INFO:colcon.colcon_core.plugin_system:Skipping extension 'colcon_core.shell.bat': Not used on non-Windows systems
[9.720s] INFO:colcon.colcon_core.shell:Skip shell extension 'powershell' for command environment: Not usable outside of PowerShell
[9.720s] DEBUG:colcon.colcon_core.shell:Skip shell extension 'dsv' for command environment
[10.142s] DEBUG:colcon.colcon_core.event_handler.log_command:Invoking command in '/home/colin/agv_gui/build/agv_gui': CMAKE_PREFIX_PATH=${CMAKE_PREFIX_PATH}:/opt/ros/galactic /usr/bin/cmake --build /home/colin/agv_gui/build/agv_gui -- -j4 -l4
[30.214s] DEBUG:colcon.colcon_core.event_handler.log_command:Invoked command in '/home/colin/agv_gui/build/agv_gui' returned '0': CMAKE_PREFIX_PATH=${CMAKE_PREFIX_PATH}:/opt/ros/galactic /usr/bin/cmake --build /home/colin/agv_gui/build/agv_gui -- -j4 -l4
[30.494s] DEBUG:colcon.colcon_core.event_handler.log_command:Invoking command in '/home/colin/agv_gui/build/agv_gui': CMAKE_PREFIX_PATH=${CMAKE_PREFIX_PATH}:/opt/ros/galactic /usr/bin/cmake --install /home/colin/agv_gui/build/agv_gui
[30.575s] Level 1:colcon.colcon_core.environment:create_environment_scripts_only(agv_gui)
[30.577s] DEBUG:colcon.colcon_core.event_handler.log_command:Invoked command in '/home/colin/agv_gui/build/agv_gui' returned '0': CMAKE_PREFIX_PATH=${CMAKE_PREFIX_PATH}:/opt/ros/galactic /usr/bin/cmake --install /home/colin/agv_gui/build/agv_gui
[30.745s] Level 1:colcon.colcon_core.environment:checking '/home/colin/agv_gui/install/agv_gui' for CMake module files
[30.748s] Level 1:colcon.colcon_core.environment:checking '/home/colin/agv_gui/install/agv_gui' for CMake config files
[30.749s] Level 1:colcon.colcon_core.shell:create_environment_hook('agv_gui', 'cmake_prefix_path')
[30.882s] INFO:colcon.colcon_core.shell:Creating environment hook '/home/colin/agv_gui/install/agv_gui/share/agv_gui/hook/cmake_prefix_path.ps1'
[30.885s] INFO:colcon.colcon_core.shell:Creating environment descriptor '/home/colin/agv_gui/install/agv_gui/share/agv_gui/hook/cmake_prefix_path.dsv'
[30.887s] INFO:colcon.colcon_core.shell:Creating environment hook '/home/colin/agv_gui/install/agv_gui/share/agv_gui/hook/cmake_prefix_path.sh'
[30.891s] Level 1:colcon.colcon_core.environment:checking '/home/colin/agv_gui/install/agv_gui/lib'
[30.892s] Level 1:colcon.colcon_core.environment:checking '/home/colin/agv_gui/install/agv_gui/bin'
[30.892s] Level 1:colcon.colcon_core.environment:checking '/home/colin/agv_gui/install/agv_gui/lib/pkgconfig/agv_gui.pc'
[30.893s] Level 1:colcon.colcon_core.environment:checking '/home/colin/agv_gui/install/agv_gui/lib/python3.8/site-packages'
[30.894s] Level 1:colcon.colcon_core.environment:checking '/home/colin/agv_gui/install/agv_gui/bin'
[31.024s] INFO:colcon.colcon_core.shell:Creating package script '/home/colin/agv_gui/install/agv_gui/share/agv_gui/package.ps1'
[31.027s] INFO:colcon.colcon_core.shell:Creating package descriptor '/home/colin/agv_gui/install/agv_gui/share/agv_gui/package.dsv'
[31.029s] INFO:colcon.colcon_core.shell:Creating package script '/home/colin/agv_gui/install/agv_gui/share/agv_gui/package.sh'
[31.032s] INFO:colcon.colcon_core.shell:Creating package script '/home/colin/agv_gui/install/agv_gui/share/agv_gui/package.bash'
[31.035s] INFO:colcon.colcon_core.shell:Creating package script '/home/colin/agv_gui/install/agv_gui/share/agv_gui/package.zsh'
[31.037s] Level 1:colcon.colcon_core.environment:create_file_with_runtime_dependencies(/home/colin/agv_gui/install/agv_gui/share/colcon-core/packages/agv_gui)
[31.397s] Level 1:colcon.colcon_core.environment:create_environment_scripts_only(agv_gui)
[31.521s] Level 1:colcon.colcon_core.environment:checking '/home/colin/agv_gui/install/agv_gui' for CMake module files
[31.524s] Level 1:colcon.colcon_core.environment:checking '/home/colin/agv_gui/install/agv_gui' for CMake config files
[31.525s] Level 1:colcon.colcon_core.shell:create_environment_hook('agv_gui', 'cmake_prefix_path')
[31.648s] INFO:colcon.colcon_core.shell:Creating environment hook '/home/colin/agv_gui/install/agv_gui/share/agv_gui/hook/cmake_prefix_path.ps1'
[31.650s] INFO:colcon.colcon_core.shell:Creating environment descriptor '/home/colin/agv_gui/install/agv_gui/share/agv_gui/hook/cmake_prefix_path.dsv'
[31.652s] INFO:colcon.colcon_core.shell:Creating environment hook '/home/colin/agv_gui/install/agv_gui/share/agv_gui/hook/cmake_prefix_path.sh'
[31.655s] Level 1:colcon.colcon_core.environment:checking '/home/colin/agv_gui/install/agv_gui/lib'
[31.655s] Level 1:colcon.colcon_core.environment:checking '/home/colin/agv_gui/install/agv_gui/bin'
[31.655s] Level 1:colcon.colcon_core.environment:checking '/home/colin/agv_gui/install/agv_gui/lib/pkgconfig/agv_gui.pc'
[31.657s] Level 1:colcon.colcon_core.environment:checking '/home/colin/agv_gui/install/agv_gui/lib/python3.8/site-packages'
[31.657s] Level 1:colcon.colcon_core.environment:checking '/home/colin/agv_gui/install/agv_gui/bin'
[31.779s] INFO:colcon.colcon_core.shell:Creating package script '/home/colin/agv_gui/install/agv_gui/share/agv_gui/package.ps1'
[31.781s] INFO:colcon.colcon_core.shell:Creating package descriptor '/home/colin/agv_gui/install/agv_gui/share/agv_gui/package.dsv'
[31.783s] INFO:colcon.colcon_core.shell:Creating package script '/home/colin/agv_gui/install/agv_gui/share/agv_gui/package.sh'
[31.785s] INFO:colcon.colcon_core.shell:Creating package script '/home/colin/agv_gui/install/agv_gui/share/agv_gui/package.bash'
[31.787s] INFO:colcon.colcon_core.shell:Creating package script '/home/colin/agv_gui/install/agv_gui/share/agv_gui/package.zsh'
[31.788s] Level 1:colcon.colcon_core.environment:create_file_with_runtime_dependencies(/home/colin/agv_gui/install/agv_gui/share/colcon-core/packages/agv_gui)
[31.790s] DEBUG:colcon.colcon_parallel_executor.executor.parallel:closing loop
[31.792s] DEBUG:colcon.colcon_parallel_executor.executor.parallel:loop closed
[31.793s] DEBUG:colcon.colcon_parallel_executor.executor.parallel:run_until_complete finished with '0'
[31.794s] DEBUG:colcon.colcon_core.event_reactor:joining thread
[31.938s] INFO:colcon.colcon_core.plugin_system:Skipping extension 'colcon_notification.desktop_notification.terminal_notifier': Not used on non-Darwin systems
[31.939s] INFO:colcon.colcon_core.plugin_system:Skipping extension 'colcon_notification.desktop_notification.win32': Not used on non-Windows systems
[31.939s] INFO:colcon.colcon_notification.desktop_notification:Sending desktop notification using 'notify2'
[32.015s] DEBUG:colcon.colcon_core.event_reactor:joined thread
[32.157s] INFO:colcon.colcon_core.shell:Creating prefix script '/home/colin/agv_gui/install/local_setup.ps1'
[32.161s] INFO:colcon.colcon_core.shell:Creating prefix util module '/home/colin/agv_gui/install/_local_setup_util_ps1.py'
[32.166s] INFO:colcon.colcon_core.shell:Creating prefix chain script '/home/colin/agv_gui/install/setup.ps1'
[32.303s] INFO:colcon.colcon_core.shell:Creating prefix script '/home/colin/agv_gui/install/local_setup.sh'
[32.305s] INFO:colcon.colcon_core.shell:Creating prefix util module '/home/colin/agv_gui/install/_local_setup_util_sh.py'
[32.307s] INFO:colcon.colcon_core.shell:Creating prefix chain script '/home/colin/agv_gui/install/setup.sh'
[32.439s] INFO:colcon.colcon_core.shell:Creating prefix script '/home/colin/agv_gui/install/local_setup.bash'
[32.441s] INFO:colcon.colcon_core.shell:Creating prefix chain script '/home/colin/agv_gui/install/setup.bash'
[32.572s] INFO:colcon.colcon_core.shell:Creating prefix script '/home/colin/agv_gui/install/local_setup.zsh'
[32.574s] INFO:colcon.colcon_core.shell:Creating prefix chain script '/home/colin/agv_gui/install/setup.zsh'
