[0.573s] Invoking command in '/home/colin/agv_gui/build/agv_gui': CMAKE_PREFIX_PATH=${CMAKE_PREFIX_PATH}:/opt/ros/galactic /usr/bin/cmake --build /home/colin/agv_gui/build/agv_gui -- -j4 -l4
[0.803s] [  5%] [34m[1mAutomatic MOC and UIC for target agv_gui[0m
[0.841s] AutoMoc warning
[0.841s] ---------------
[0.842s] "SRC:/src/battery_node_1.cpp"
[0.842s] includes the moc file "battery_node_1.moc", but does not contain a Q_OBJECT, Q_GADGET or Q_NAMESPACE macro.
[0.843s] 
[0.843s] AutoMoc warning
[0.843s] ---------------
[0.844s] "SRC:/src/battery_node_2.cpp"
[0.844s] includes the moc file "battery_node_2.moc", but does not contain a Q_OBJECT, Q_GADGET or Q_NAMESPACE macro.
[0.845s] 
[0.845s] AutoMoc warning
[0.846s] ---------------
[0.846s] "SRC:/src/battery_node_3.cpp"
[0.846s] includes the moc file "battery_node_3.moc", but does not contain a Q_OBJECT, Q_GADGET or Q_NAMESPACE macro.
[0.847s] 
[0.847s] AutoMoc warning
[0.847s] ---------------
[0.848s] "SRC:/src/battery_node_4.cpp"
[0.848s] includes the moc file "battery_node_4.moc", but does not contain a Q_OBJECT, Q_GADGET or Q_NAMESPACE macro.
[0.848s] 
[0.849s] AutoMoc warning
[0.849s] ---------------
[0.849s] "SRC:/src/charge_node.cpp"
[0.849s] includes the moc file "charge_node.moc", but does not contain a Q_OBJECT, Q_GADGET or Q_NAMESPACE macro.
[0.850s] 
[0.878s] [  5%] Built target agv_gui_autogen
[1.063s] make[2]: *** No rule to make target '/opt/ros/foxy/opt/rviz_ogre_vendor/lib/libOgreOverlay.so', needed by 'agv_gui'.  Stop.
[1.064s] make[1]: *** [CMakeFiles/Makefile2:79: CMakeFiles/agv_gui.dir/all] Error 2
[1.065s] make: *** [Makefile:141: all] Error 2
[1.074s] Invoked command in '/home/colin/agv_gui/build/agv_gui' returned '2': CMAKE_PREFIX_PATH=${CMAKE_PREFIX_PATH}:/opt/ros/galactic /usr/bin/cmake --build /home/colin/agv_gui/build/agv_gui -- -j4 -l4
