[  5%] [34m[1mAutomatic MOC and UIC for target agv_gui[0m
AutoMoc warning
---------------
"SRC:/src/battery_node_1.cpp"
includes the moc file "battery_node_1.moc", but does not contain a Q_OBJECT, Q_GADGET or Q_NAMESPACE macro.

AutoMoc warning
---------------
"SRC:/src/battery_node_2.cpp"
includes the moc file "battery_node_2.moc", but does not contain a Q_OBJECT, Q_GADGET or Q_NAMESPACE macro.

AutoMoc warning
---------------
"SRC:/src/battery_node_3.cpp"
includes the moc file "battery_node_3.moc", but does not contain a Q_OBJECT, Q_GADGET or Q_NAMESPACE macro.

AutoMoc warning
---------------
"SRC:/src/battery_node_4.cpp"
includes the moc file "battery_node_4.moc", but does not contain a Q_OBJECT, Q_GADGET or Q_NAMESPACE macro.

AutoMoc warning
---------------
"SRC:/src/charge_node.cpp"
includes the moc file "charge_node.moc", but does not contain a Q_OBJECT, Q_GADGET or Q_NAMESPACE macro.

[  5%] Built target agv_gui_autogen
[ 10%] [32mBuilding CXX object CMakeFiles/agv_gui.dir/agv_gui_autogen/mocs_compilation.cpp.o[0m
[ 15%] [32mBuilding CXX object CMakeFiles/agv_gui.dir/src/charge_node.cpp.o[0m
[ 21%] [32mBuilding CXX object CMakeFiles/agv_gui.dir/src/battery_node_1.cpp.o[0m
[ 26%] [32mBuilding CXX object CMakeFiles/agv_gui.dir/src/battery_node_2.cpp.o[0m
[ 31%] [32mBuilding CXX object CMakeFiles/agv_gui.dir/src/battery_node_3.cpp.o[0m
[ 36%] [32mBuilding CXX object CMakeFiles/agv_gui.dir/src/battery_node_4.cpp.o[0m
[ 42%] [32mBuilding CXX object CMakeFiles/agv_gui.dir/src/main_gui.cpp.o[0m
[ 47%] [32mBuilding CXX object CMakeFiles/agv_gui.dir/include/moc_charge_node.cpp.o[0m
[ 52%] [32mBuilding CXX object CMakeFiles/agv_gui.dir/include/moc_battery_node_1.cpp.o[0m
[ 57%] [32mBuilding CXX object CMakeFiles/agv_gui.dir/include/moc_battery_node_2.cpp.o[0m
[ 63%] [32mBuilding CXX object CMakeFiles/agv_gui.dir/include/moc_battery_node_3.cpp.o[0m
[ 68%] [32mBuilding CXX object CMakeFiles/agv_gui.dir/include/moc_battery_node_4.cpp.o[0m
[ 73%] [32m[1mLinking CXX executable agv_gui[0m
