[0.990s] Invoking command in '/home/colin/agv_gui/build/amr_v4_qt': CMAKE_PREFIX_PATH=/home/colin/agv_gui/install/amr_v4_msgs_srvs:/home/colin/agv_gui/install/amr_v4_qt:/opt/ros/galactic /usr/bin/cmake --build /home/colin/agv_gui/build/amr_v4_qt -- -j6 -l6
[1.273s] [  2%] [34m[1mAutomatic MOC and UIC for target amr_v4_qt[0m
[1.380s] [  2%] Built target amr_v4_qt_autogen
[1.517s] [  6%] [34m[1mGenerating include/moc_ui_main_screen.cpp[0m
[1.519s] [  6%] [34m[1mGenerating include/moc_main_gui.cpp[0m
[1.539s] /home/colin/agv_gui/amr_v4_qt/include/ui_main_screen.h:0: Note: No relevant classes found. No output generated.
[1.611s] [35m[1mScanning dependencies of target amr_v4_qt[0m
[2.510s] [  8%] [32mBuilding CXX object CMakeFiles/amr_v4_qt.dir/src/main.cpp.o[0m
[2.511s] [ 10%] [32mBuilding CXX object CMakeFiles/amr_v4_qt.dir/src/main_gui.cpp.o[0m
[2.541s] [ 12%] [32mBuilding CXX object CMakeFiles/amr_v4_qt.dir/src/scrolling_label.cpp.o[0m
[2.579s] [ 14%] [32mBuilding CXX object CMakeFiles/amr_v4_qt.dir/include/moc_main_gui.cpp.o[0m
[2.607s] [ 16%] [32mBuilding CXX object CMakeFiles/amr_v4_qt.dir/src/main_screen.cpp.o[0m
[2.610s] [ 18%] [32mBuilding CXX object CMakeFiles/amr_v4_qt.dir/include/moc_ui_main_screen.cpp.o[0m
[2.939s] [ 20%] [32mBuilding CXX object CMakeFiles/amr_v4_qt.dir/include/moc_main_screen.cpp.o[0m
[11.037s] [01m[K/home/colin/agv_gui/amr_v4_qt/src/scrolling_label.cpp:[m[K In member function ‘[01m[Kvirtual void ScrollingLabel::paintEvent(QPaintEvent*)[m[K’:
[11.037s] [01m[K/home/colin/agv_gui/amr_v4_qt/src/scrolling_label.cpp:16:46:[m[K [01;35m[Kwarning: [m[Kunused parameter ‘[01m[Kevent[m[K’ [[01;35m[K-Wunused-parameter[m[K]
[11.038s]    16 | void ScrollingLabel::paintEvent([01;35m[KQPaintEvent *event[m[K) {
[11.039s]       |                                 [01;35m[K~~~~~~~~~~~~~^~~~~[m[K
[25.250s] [ 22%] [32m[1mLinking CXX executable amr_v4_qt[0m
[34.609s] /usr/bin/ld: CMakeFiles/amr_v4_qt.dir/src/main_gui.cpp.o: in function `MainGui::MainGui(std::shared_ptr<BatterySub>, std::shared_ptr<RobotSub>, std::shared_ptr<MotorSub>, std::shared_ptr<HealthSub>, std::shared_ptr<RunningSub>, QWidget*)':
[34.611s] main_gui.cpp:(.text+0x1fc): undefined reference to `Test::Test(QWidget*)'
[34.612s] collect2: error: ld returned 1 exit status
[34.619s] make[2]: *** [CMakeFiles/amr_v4_qt.dir/build.make:733: amr_v4_qt] Error 1
[34.623s] make[1]: *** [CMakeFiles/Makefile2:79: CMakeFiles/amr_v4_qt.dir/all] Error 2
[34.624s] make: *** [Makefile:141: all] Error 2
[34.636s] Invoked command in '/home/colin/agv_gui/build/amr_v4_qt' returned '2': CMAKE_PREFIX_PATH=/home/colin/agv_gui/install/amr_v4_msgs_srvs:/home/colin/agv_gui/install/amr_v4_qt:/opt/ros/galactic /usr/bin/cmake --build /home/colin/agv_gui/build/amr_v4_qt -- -j6 -l6
