[0.119s] DEBUG:colcon:Command line arguments: ['/usr/bin/colcon', 'build']
[0.120s] DEBUG:colcon:Parsed command line arguments: Namespace(log_base=None, log_level=None, verb_name='build', build_base='build', install_base='install', merge_install=False, symlink_install=False, test_result_base=None, continue_on_error=False, executor='parallel', parallel_workers=4, event_handlers=None, ignore_user_meta=False, metas=['./colcon.meta'], base_paths=['.'], packages_ignore=None, packages_ignore_regex=None, paths=None, packages_up_to=None, packages_up_to_regex=None, packages_above=None, packages_above_and_dependencies=None, packages_above_depth=None, packages_select_by_dep=None, packages_skip_by_dep=None, packages_skip_up_to=None, packages_select_build_failed=False, packages_skip_build_finished=False, packages_select_test_failures=False, packages_skip_test_passed=False, packages_select=None, packages_skip=None, packages_select_regex=None, packages_skip_regex=None, packages_start=None, packages_end=None, allow_overriding=[], cmake_args=None, cmake_target=None, cmake_target_skip_unavailable=False, cmake_clean_cache=False, cmake_clean_first=False, cmake_force_configure=False, ament_cmake_args=None, catkin_cmake_args=None, catkin_skip_building_tests=False, verb_parser=<colcon_defaults.argument_parser.defaults.DefaultArgumentsDecorator object at 0x771b5e64c280>, verb_extension=<colcon_core.verb.build.BuildVerb object at 0x771b5e613910>, main=<bound method BuildVerb.main of <colcon_core.verb.build.BuildVerb object at 0x771b5e613910>>)
[0.297s] Level 1:colcon.colcon_core.package_discovery:discover_packages(colcon_meta) check parameters
[0.297s] Level 1:colcon.colcon_core.package_discovery:discover_packages(recursive) check parameters
[0.298s] Level 1:colcon.colcon_core.package_discovery:discover_packages(ignore) check parameters
[0.298s] Level 1:colcon.colcon_core.package_discovery:discover_packages(path) check parameters
[0.298s] Level 1:colcon.colcon_core.package_discovery:discover_packages(colcon_meta) discover
[0.298s] Level 1:colcon.colcon_core.package_discovery:discover_packages(recursive) discover
[0.298s] INFO:colcon.colcon_core.package_discovery:Crawling recursively for packages in '/home/colin/agv_gui'
[0.298s] Level 1:colcon.colcon_core.package_identification:_identify(.) by extensions ['ignore', 'ignore_ament_install']
[0.298s] Level 1:colcon.colcon_core.package_identification:_identify(.) by extension 'ignore'
[0.298s] Level 1:colcon.colcon_core.package_identification:_identify(.) by extension 'ignore_ament_install'
[0.298s] Level 1:colcon.colcon_core.package_identification:_identify(.) by extensions ['colcon_pkg']
[0.298s] Level 1:colcon.colcon_core.package_identification:_identify(.) by extension 'colcon_pkg'
[0.298s] Level 1:colcon.colcon_core.package_identification:_identify(.) by extensions ['colcon_meta']
[0.298s] Level 1:colcon.colcon_core.package_identification:_identify(.) by extension 'colcon_meta'
[0.298s] Level 1:colcon.colcon_core.package_identification:_identify(.) by extensions ['ros']
[0.298s] Level 1:colcon.colcon_core.package_identification:_identify(.) by extension 'ros'
[0.310s] Level 1:colcon.colcon_core.package_identification:_identify(.) by extensions ['cmake', 'python']
[0.310s] Level 1:colcon.colcon_core.package_identification:_identify(.) by extension 'cmake'
[0.310s] Level 1:colcon.colcon_core.package_identification:_identify(.) by extension 'python'
[0.310s] Level 1:colcon.colcon_core.package_identification:_identify(.) by extensions ['python_setup_py']
[0.310s] Level 1:colcon.colcon_core.package_identification:_identify(.) by extension 'python_setup_py'
[0.310s] Level 1:colcon.colcon_core.package_identification:_identify(amr_v4_msgs_srvs) by extensions ['ignore', 'ignore_ament_install']
[0.310s] Level 1:colcon.colcon_core.package_identification:_identify(amr_v4_msgs_srvs) by extension 'ignore'
[0.310s] Level 1:colcon.colcon_core.package_identification:_identify(amr_v4_msgs_srvs) by extension 'ignore_ament_install'
[0.310s] Level 1:colcon.colcon_core.package_identification:_identify(amr_v4_msgs_srvs) by extensions ['colcon_pkg']
[0.310s] Level 1:colcon.colcon_core.package_identification:_identify(amr_v4_msgs_srvs) by extension 'colcon_pkg'
[0.310s] Level 1:colcon.colcon_core.package_identification:_identify(amr_v4_msgs_srvs) by extensions ['colcon_meta']
[0.310s] Level 1:colcon.colcon_core.package_identification:_identify(amr_v4_msgs_srvs) by extension 'colcon_meta'
[0.310s] Level 1:colcon.colcon_core.package_identification:_identify(amr_v4_msgs_srvs) by extensions ['ros']
[0.310s] Level 1:colcon.colcon_core.package_identification:_identify(amr_v4_msgs_srvs) by extension 'ros'
[0.313s] DEBUG:colcon.colcon_core.package_identification:Package 'amr_v4_msgs_srvs' with type 'ros.ament_cmake' and name 'amr_v4_msgs_srvs'
[0.313s] Level 1:colcon.colcon_core.package_identification:_identify(amr_v4_qt) by extensions ['ignore', 'ignore_ament_install']
[0.313s] Level 1:colcon.colcon_core.package_identification:_identify(amr_v4_qt) by extension 'ignore'
[0.313s] Level 1:colcon.colcon_core.package_identification:_identify(amr_v4_qt) by extension 'ignore_ament_install'
[0.314s] Level 1:colcon.colcon_core.package_identification:_identify(amr_v4_qt) by extensions ['colcon_pkg']
[0.314s] Level 1:colcon.colcon_core.package_identification:_identify(amr_v4_qt) by extension 'colcon_pkg'
[0.314s] Level 1:colcon.colcon_core.package_identification:_identify(amr_v4_qt) by extensions ['colcon_meta']
[0.314s] Level 1:colcon.colcon_core.package_identification:_identify(amr_v4_qt) by extension 'colcon_meta'
[0.314s] Level 1:colcon.colcon_core.package_identification:_identify(amr_v4_qt) by extensions ['ros']
[0.314s] Level 1:colcon.colcon_core.package_identification:_identify(amr_v4_qt) by extension 'ros'
[0.315s] DEBUG:colcon.colcon_core.package_identification:Package 'amr_v4_qt' with type 'ros.ament_cmake' and name 'amr_v4_qt'
[0.315s] Level 1:colcon.colcon_core.package_identification:_identify(build) by extensions ['ignore', 'ignore_ament_install']
[0.315s] Level 1:colcon.colcon_core.package_identification:_identify(build) by extension 'ignore'
[0.315s] Level 1:colcon.colcon_core.package_identification:_identify(build) ignored
[0.315s] Level 1:colcon.colcon_core.package_identification:_identify(install) by extensions ['ignore', 'ignore_ament_install']
[0.315s] Level 1:colcon.colcon_core.package_identification:_identify(install) by extension 'ignore'
[0.315s] Level 1:colcon.colcon_core.package_identification:_identify(install) ignored
[0.315s] Level 1:colcon.colcon_core.package_identification:_identify(log) by extensions ['ignore', 'ignore_ament_install']
[0.315s] Level 1:colcon.colcon_core.package_identification:_identify(log) by extension 'ignore'
[0.315s] Level 1:colcon.colcon_core.package_identification:_identify(log) ignored
[0.315s] Level 1:colcon.colcon_core.package_discovery:discover_packages(recursive) using defaults
[0.316s] Level 1:colcon.colcon_core.package_discovery:discover_packages(ignore) discover
[0.316s] Level 1:colcon.colcon_core.package_discovery:discover_packages(ignore) using defaults
[0.316s] Level 1:colcon.colcon_core.package_discovery:discover_packages(path) discover
[0.316s] Level 1:colcon.colcon_core.package_discovery:discover_packages(path) using defaults
[0.339s] Level 1:colcon.colcon_core.package_discovery:discover_packages(prefix_path) check parameters
[0.339s] Level 1:colcon.colcon_core.package_discovery:discover_packages(prefix_path) discover
[0.341s] DEBUG:colcon.colcon_installed_package_information.package_discovery:Found 2 installed packages in /home/colin/agv_gui/install
[0.342s] DEBUG:colcon.colcon_installed_package_information.package_discovery:Found 270 installed packages in /opt/ros/humble
[0.354s] Level 1:colcon.colcon_core.package_discovery:discover_packages(prefix_path) using defaults
[0.393s] Level 5:colcon.colcon_core.verb:set package 'amr_v4_msgs_srvs' build argument 'cmake_args' from command line to 'None'
[0.393s] Level 5:colcon.colcon_core.verb:set package 'amr_v4_msgs_srvs' build argument 'cmake_target' from command line to 'None'
[0.393s] Level 5:colcon.colcon_core.verb:set package 'amr_v4_msgs_srvs' build argument 'cmake_target_skip_unavailable' from command line to 'False'
[0.393s] Level 5:colcon.colcon_core.verb:set package 'amr_v4_msgs_srvs' build argument 'cmake_clean_cache' from command line to 'False'
[0.393s] Level 5:colcon.colcon_core.verb:set package 'amr_v4_msgs_srvs' build argument 'cmake_clean_first' from command line to 'False'
[0.393s] Level 5:colcon.colcon_core.verb:set package 'amr_v4_msgs_srvs' build argument 'cmake_force_configure' from command line to 'False'
[0.393s] Level 5:colcon.colcon_core.verb:set package 'amr_v4_msgs_srvs' build argument 'ament_cmake_args' from command line to 'None'
[0.393s] Level 5:colcon.colcon_core.verb:set package 'amr_v4_msgs_srvs' build argument 'catkin_cmake_args' from command line to 'None'
[0.393s] Level 5:colcon.colcon_core.verb:set package 'amr_v4_msgs_srvs' build argument 'catkin_skip_building_tests' from command line to 'False'
[0.393s] DEBUG:colcon.colcon_core.verb:Building package 'amr_v4_msgs_srvs' with the following arguments: {'ament_cmake_args': None, 'build_base': '/home/colin/agv_gui/build/amr_v4_msgs_srvs', 'catkin_cmake_args': None, 'catkin_skip_building_tests': False, 'cmake_args': None, 'cmake_clean_cache': False, 'cmake_clean_first': False, 'cmake_force_configure': False, 'cmake_target': None, 'cmake_target_skip_unavailable': False, 'install_base': '/home/colin/agv_gui/install/amr_v4_msgs_srvs', 'merge_install': False, 'path': '/home/colin/agv_gui/amr_v4_msgs_srvs', 'symlink_install': False, 'test_result_base': None}
[0.394s] Level 5:colcon.colcon_core.verb:set package 'amr_v4_qt' build argument 'cmake_args' from command line to 'None'
[0.394s] Level 5:colcon.colcon_core.verb:set package 'amr_v4_qt' build argument 'cmake_target' from command line to 'None'
[0.394s] Level 5:colcon.colcon_core.verb:set package 'amr_v4_qt' build argument 'cmake_target_skip_unavailable' from command line to 'False'
[0.394s] Level 5:colcon.colcon_core.verb:set package 'amr_v4_qt' build argument 'cmake_clean_cache' from command line to 'False'
[0.394s] Level 5:colcon.colcon_core.verb:set package 'amr_v4_qt' build argument 'cmake_clean_first' from command line to 'False'
[0.394s] Level 5:colcon.colcon_core.verb:set package 'amr_v4_qt' build argument 'cmake_force_configure' from command line to 'False'
[0.394s] Level 5:colcon.colcon_core.verb:set package 'amr_v4_qt' build argument 'ament_cmake_args' from command line to 'None'
[0.394s] Level 5:colcon.colcon_core.verb:set package 'amr_v4_qt' build argument 'catkin_cmake_args' from command line to 'None'
[0.394s] Level 5:colcon.colcon_core.verb:set package 'amr_v4_qt' build argument 'catkin_skip_building_tests' from command line to 'False'
[0.394s] DEBUG:colcon.colcon_core.verb:Building package 'amr_v4_qt' with the following arguments: {'ament_cmake_args': None, 'build_base': '/home/colin/agv_gui/build/amr_v4_qt', 'catkin_cmake_args': None, 'catkin_skip_building_tests': False, 'cmake_args': None, 'cmake_clean_cache': False, 'cmake_clean_first': False, 'cmake_force_configure': False, 'cmake_target': None, 'cmake_target_skip_unavailable': False, 'install_base': '/home/colin/agv_gui/install/amr_v4_qt', 'merge_install': False, 'path': '/home/colin/agv_gui/amr_v4_qt', 'symlink_install': False, 'test_result_base': None}
[0.394s] INFO:colcon.colcon_core.executor:Executing jobs using 'parallel' executor
[0.395s] DEBUG:colcon.colcon_parallel_executor.executor.parallel:run_until_complete
[0.395s] INFO:colcon.colcon_ros.task.ament_cmake.build:Building ROS package in '/home/colin/agv_gui/amr_v4_msgs_srvs' with build type 'ament_cmake'
[0.395s] INFO:colcon.colcon_cmake.task.cmake.build:Building CMake package in '/home/colin/agv_gui/amr_v4_msgs_srvs'
[0.397s] INFO:colcon.colcon_core.plugin_system:Skipping extension 'colcon_core.shell.bat': Not used on non-Windows systems
[0.397s] INFO:colcon.colcon_core.shell:Skip shell extension 'powershell' for command environment: Not usable outside of PowerShell
[0.397s] DEBUG:colcon.colcon_core.shell:Skip shell extension 'dsv' for command environment
[0.408s] DEBUG:colcon.colcon_core.event_handler.log_command:Invoking command in '/home/colin/agv_gui/build/amr_v4_msgs_srvs': CMAKE_PREFIX_PATH=${CMAKE_PREFIX_PATH}:/opt/ros/humble /usr/bin/cmake --build /home/colin/agv_gui/build/amr_v4_msgs_srvs -- -j4 -l4
[0.922s] DEBUG:colcon.colcon_core.event_handler.log_command:Invoked command in '/home/colin/agv_gui/build/amr_v4_msgs_srvs' returned '0': CMAKE_PREFIX_PATH=${CMAKE_PREFIX_PATH}:/opt/ros/humble /usr/bin/cmake --build /home/colin/agv_gui/build/amr_v4_msgs_srvs -- -j4 -l4
[1.067s] DEBUG:colcon.colcon_core.event_handler.log_command:Invoking command in '/home/colin/agv_gui/build/amr_v4_msgs_srvs': CMAKE_PREFIX_PATH=${CMAKE_PREFIX_PATH}:/opt/ros/humble /usr/bin/cmake --install /home/colin/agv_gui/build/amr_v4_msgs_srvs
[1.124s] Level 1:colcon.colcon_core.environment:create_environment_scripts_only(amr_v4_msgs_srvs)
[1.126s] Level 1:colcon.colcon_core.environment:checking '/home/colin/agv_gui/install/amr_v4_msgs_srvs' for CMake module files
[1.127s] Level 1:colcon.colcon_core.environment:checking '/home/colin/agv_gui/install/amr_v4_msgs_srvs' for CMake config files
[1.128s] Level 1:colcon.colcon_core.shell:create_environment_hook('amr_v4_msgs_srvs', 'cmake_prefix_path')
[1.128s] INFO:colcon.colcon_core.shell:Creating environment hook '/home/colin/agv_gui/install/amr_v4_msgs_srvs/share/amr_v4_msgs_srvs/hook/cmake_prefix_path.ps1'
[1.129s] INFO:colcon.colcon_core.shell:Creating environment descriptor '/home/colin/agv_gui/install/amr_v4_msgs_srvs/share/amr_v4_msgs_srvs/hook/cmake_prefix_path.dsv'
[1.130s] INFO:colcon.colcon_core.shell:Creating environment hook '/home/colin/agv_gui/install/amr_v4_msgs_srvs/share/amr_v4_msgs_srvs/hook/cmake_prefix_path.sh'
[1.131s] Level 1:colcon.colcon_core.environment:checking '/home/colin/agv_gui/install/amr_v4_msgs_srvs/lib'
[1.131s] Level 1:colcon.colcon_core.shell:create_environment_hook('amr_v4_msgs_srvs', 'ld_library_path_lib')
[1.131s] INFO:colcon.colcon_core.shell:Creating environment hook '/home/colin/agv_gui/install/amr_v4_msgs_srvs/share/amr_v4_msgs_srvs/hook/ld_library_path_lib.ps1'
[1.133s] INFO:colcon.colcon_core.shell:Creating environment descriptor '/home/colin/agv_gui/install/amr_v4_msgs_srvs/share/amr_v4_msgs_srvs/hook/ld_library_path_lib.dsv'
[1.135s] INFO:colcon.colcon_core.shell:Creating environment hook '/home/colin/agv_gui/install/amr_v4_msgs_srvs/share/amr_v4_msgs_srvs/hook/ld_library_path_lib.sh'
[1.136s] DEBUG:colcon.colcon_core.event_handler.log_command:Invoked command in '/home/colin/agv_gui/build/amr_v4_msgs_srvs' returned '0': CMAKE_PREFIX_PATH=${CMAKE_PREFIX_PATH}:/opt/ros/humble /usr/bin/cmake --install /home/colin/agv_gui/build/amr_v4_msgs_srvs
[1.138s] Level 1:colcon.colcon_core.environment:checking '/home/colin/agv_gui/install/amr_v4_msgs_srvs/bin'
[1.138s] Level 1:colcon.colcon_core.environment:checking '/home/colin/agv_gui/install/amr_v4_msgs_srvs/lib/pkgconfig/amr_v4_msgs_srvs.pc'
[1.138s] Level 1:colcon.colcon_core.environment:checking '/home/colin/agv_gui/install/amr_v4_msgs_srvs/lib/python3.10/site-packages'
[1.139s] Level 1:colcon.colcon_core.environment:checking '/home/colin/agv_gui/install/amr_v4_msgs_srvs/bin'
[1.139s] INFO:colcon.colcon_core.shell:Creating package script '/home/colin/agv_gui/install/amr_v4_msgs_srvs/share/amr_v4_msgs_srvs/package.ps1'
[1.141s] INFO:colcon.colcon_core.shell:Creating package descriptor '/home/colin/agv_gui/install/amr_v4_msgs_srvs/share/amr_v4_msgs_srvs/package.dsv'
[1.141s] INFO:colcon.colcon_core.shell:Creating package script '/home/colin/agv_gui/install/amr_v4_msgs_srvs/share/amr_v4_msgs_srvs/package.sh'
[1.142s] INFO:colcon.colcon_core.shell:Creating package script '/home/colin/agv_gui/install/amr_v4_msgs_srvs/share/amr_v4_msgs_srvs/package.bash'
[1.143s] INFO:colcon.colcon_core.shell:Creating package script '/home/colin/agv_gui/install/amr_v4_msgs_srvs/share/amr_v4_msgs_srvs/package.zsh'
[1.144s] Level 1:colcon.colcon_core.environment:create_file_with_runtime_dependencies(/home/colin/agv_gui/install/amr_v4_msgs_srvs/share/colcon-core/packages/amr_v4_msgs_srvs)
[1.292s] Level 1:colcon.colcon_core.environment:create_environment_scripts_only(amr_v4_msgs_srvs)
[1.292s] Level 1:colcon.colcon_core.environment:checking '/home/colin/agv_gui/install/amr_v4_msgs_srvs' for CMake module files
[1.293s] Level 1:colcon.colcon_core.environment:checking '/home/colin/agv_gui/install/amr_v4_msgs_srvs' for CMake config files
[1.293s] Level 1:colcon.colcon_core.shell:create_environment_hook('amr_v4_msgs_srvs', 'cmake_prefix_path')
[1.294s] INFO:colcon.colcon_core.shell:Creating environment hook '/home/colin/agv_gui/install/amr_v4_msgs_srvs/share/amr_v4_msgs_srvs/hook/cmake_prefix_path.ps1'
[1.295s] INFO:colcon.colcon_core.shell:Creating environment descriptor '/home/colin/agv_gui/install/amr_v4_msgs_srvs/share/amr_v4_msgs_srvs/hook/cmake_prefix_path.dsv'
[1.295s] INFO:colcon.colcon_core.shell:Creating environment hook '/home/colin/agv_gui/install/amr_v4_msgs_srvs/share/amr_v4_msgs_srvs/hook/cmake_prefix_path.sh'
[1.296s] Level 1:colcon.colcon_core.environment:checking '/home/colin/agv_gui/install/amr_v4_msgs_srvs/lib'
[1.297s] Level 1:colcon.colcon_core.shell:create_environment_hook('amr_v4_msgs_srvs', 'ld_library_path_lib')
[1.297s] INFO:colcon.colcon_core.shell:Creating environment hook '/home/colin/agv_gui/install/amr_v4_msgs_srvs/share/amr_v4_msgs_srvs/hook/ld_library_path_lib.ps1'
[1.298s] INFO:colcon.colcon_core.shell:Creating environment descriptor '/home/colin/agv_gui/install/amr_v4_msgs_srvs/share/amr_v4_msgs_srvs/hook/ld_library_path_lib.dsv'
[1.299s] INFO:colcon.colcon_core.shell:Creating environment hook '/home/colin/agv_gui/install/amr_v4_msgs_srvs/share/amr_v4_msgs_srvs/hook/ld_library_path_lib.sh'
[1.300s] Level 1:colcon.colcon_core.environment:checking '/home/colin/agv_gui/install/amr_v4_msgs_srvs/bin'
[1.300s] Level 1:colcon.colcon_core.environment:checking '/home/colin/agv_gui/install/amr_v4_msgs_srvs/lib/pkgconfig/amr_v4_msgs_srvs.pc'
[1.300s] Level 1:colcon.colcon_core.environment:checking '/home/colin/agv_gui/install/amr_v4_msgs_srvs/lib/python3.10/site-packages'
[1.300s] Level 1:colcon.colcon_core.environment:checking '/home/colin/agv_gui/install/amr_v4_msgs_srvs/bin'
[1.301s] INFO:colcon.colcon_core.shell:Creating package script '/home/colin/agv_gui/install/amr_v4_msgs_srvs/share/amr_v4_msgs_srvs/package.ps1'
[1.302s] INFO:colcon.colcon_core.shell:Creating package descriptor '/home/colin/agv_gui/install/amr_v4_msgs_srvs/share/amr_v4_msgs_srvs/package.dsv'
[1.302s] INFO:colcon.colcon_core.shell:Creating package script '/home/colin/agv_gui/install/amr_v4_msgs_srvs/share/amr_v4_msgs_srvs/package.sh'
[1.303s] INFO:colcon.colcon_core.shell:Creating package script '/home/colin/agv_gui/install/amr_v4_msgs_srvs/share/amr_v4_msgs_srvs/package.bash'
[1.304s] INFO:colcon.colcon_core.shell:Creating package script '/home/colin/agv_gui/install/amr_v4_msgs_srvs/share/amr_v4_msgs_srvs/package.zsh'
[1.304s] Level 1:colcon.colcon_core.environment:create_file_with_runtime_dependencies(/home/colin/agv_gui/install/amr_v4_msgs_srvs/share/colcon-core/packages/amr_v4_msgs_srvs)
[1.305s] INFO:colcon.colcon_ros.task.ament_cmake.build:Building ROS package in '/home/colin/agv_gui/amr_v4_qt' with build type 'ament_cmake'
[1.306s] INFO:colcon.colcon_cmake.task.cmake.build:Building CMake package in '/home/colin/agv_gui/amr_v4_qt'
[1.306s] INFO:colcon.colcon_core.shell:Skip shell extension 'powershell' for command environment: Not usable outside of PowerShell
[1.306s] DEBUG:colcon.colcon_core.shell:Skip shell extension 'dsv' for command environment
[1.319s] DEBUG:colcon.colcon_core.event_handler.log_command:Invoking command in '/home/colin/agv_gui/build/amr_v4_qt': CMAKE_PREFIX_PATH=/home/colin/agv_gui/install/amr_v4_msgs_srvs:/home/colin/agv_gui/install/amr_v4_qt:/opt/ros/humble /usr/bin/cmake --build /home/colin/agv_gui/build/amr_v4_qt -- -j4 -l4
[8.035s] DEBUG:colcon.colcon_core.event_handler.log_command:Invoked command in '/home/colin/agv_gui/build/amr_v4_qt' returned '0': CMAKE_PREFIX_PATH=/home/colin/agv_gui/install/amr_v4_msgs_srvs:/home/colin/agv_gui/install/amr_v4_qt:/opt/ros/humble /usr/bin/cmake --build /home/colin/agv_gui/build/amr_v4_qt -- -j4 -l4
[8.141s] DEBUG:colcon.colcon_core.event_handler.log_command:Invoking command in '/home/colin/agv_gui/build/amr_v4_qt': CMAKE_PREFIX_PATH=/home/colin/agv_gui/install/amr_v4_msgs_srvs:/home/colin/agv_gui/install/amr_v4_qt:/opt/ros/humble /usr/bin/cmake --install /home/colin/agv_gui/build/amr_v4_qt
[8.163s] Level 1:colcon.colcon_core.environment:create_environment_scripts_only(amr_v4_qt)
[8.163s] Level 1:colcon.colcon_core.environment:checking '/home/colin/agv_gui/install/amr_v4_qt' for CMake module files
[8.164s] DEBUG:colcon.colcon_core.event_handler.log_command:Invoked command in '/home/colin/agv_gui/build/amr_v4_qt' returned '0': CMAKE_PREFIX_PATH=/home/colin/agv_gui/install/amr_v4_msgs_srvs:/home/colin/agv_gui/install/amr_v4_qt:/opt/ros/humble /usr/bin/cmake --install /home/colin/agv_gui/build/amr_v4_qt
[8.164s] Level 1:colcon.colcon_core.environment:checking '/home/colin/agv_gui/install/amr_v4_qt' for CMake config files
[8.164s] Level 1:colcon.colcon_core.shell:create_environment_hook('amr_v4_qt', 'cmake_prefix_path')
[8.165s] INFO:colcon.colcon_core.shell:Creating environment hook '/home/colin/agv_gui/install/amr_v4_qt/share/amr_v4_qt/hook/cmake_prefix_path.ps1'
[8.165s] INFO:colcon.colcon_core.shell:Creating environment descriptor '/home/colin/agv_gui/install/amr_v4_qt/share/amr_v4_qt/hook/cmake_prefix_path.dsv'
[8.165s] INFO:colcon.colcon_core.shell:Creating environment hook '/home/colin/agv_gui/install/amr_v4_qt/share/amr_v4_qt/hook/cmake_prefix_path.sh'
[8.166s] Level 1:colcon.colcon_core.environment:checking '/home/colin/agv_gui/install/amr_v4_qt/lib'
[8.166s] Level 1:colcon.colcon_core.environment:checking '/home/colin/agv_gui/install/amr_v4_qt/bin'
[8.166s] Level 1:colcon.colcon_core.environment:checking '/home/colin/agv_gui/install/amr_v4_qt/lib/pkgconfig/amr_v4_qt.pc'
[8.166s] Level 1:colcon.colcon_core.environment:checking '/home/colin/agv_gui/install/amr_v4_qt/lib/python3.10/site-packages'
[8.166s] Level 1:colcon.colcon_core.environment:checking '/home/colin/agv_gui/install/amr_v4_qt/bin'
[8.167s] INFO:colcon.colcon_core.shell:Creating package script '/home/colin/agv_gui/install/amr_v4_qt/share/amr_v4_qt/package.ps1'
[8.168s] INFO:colcon.colcon_core.shell:Creating package descriptor '/home/colin/agv_gui/install/amr_v4_qt/share/amr_v4_qt/package.dsv'
[8.168s] INFO:colcon.colcon_core.shell:Creating package script '/home/colin/agv_gui/install/amr_v4_qt/share/amr_v4_qt/package.sh'
[8.169s] INFO:colcon.colcon_core.shell:Creating package script '/home/colin/agv_gui/install/amr_v4_qt/share/amr_v4_qt/package.bash'
[8.169s] INFO:colcon.colcon_core.shell:Creating package script '/home/colin/agv_gui/install/amr_v4_qt/share/amr_v4_qt/package.zsh'
[8.170s] Level 1:colcon.colcon_core.environment:create_file_with_runtime_dependencies(/home/colin/agv_gui/install/amr_v4_qt/share/colcon-core/packages/amr_v4_qt)
[8.276s] Level 1:colcon.colcon_core.environment:create_environment_scripts_only(amr_v4_qt)
[8.276s] Level 1:colcon.colcon_core.environment:checking '/home/colin/agv_gui/install/amr_v4_qt' for CMake module files
[8.277s] Level 1:colcon.colcon_core.environment:checking '/home/colin/agv_gui/install/amr_v4_qt' for CMake config files
[8.277s] Level 1:colcon.colcon_core.shell:create_environment_hook('amr_v4_qt', 'cmake_prefix_path')
[8.277s] INFO:colcon.colcon_core.shell:Creating environment hook '/home/colin/agv_gui/install/amr_v4_qt/share/amr_v4_qt/hook/cmake_prefix_path.ps1'
[8.278s] INFO:colcon.colcon_core.shell:Creating environment descriptor '/home/colin/agv_gui/install/amr_v4_qt/share/amr_v4_qt/hook/cmake_prefix_path.dsv'
[8.278s] INFO:colcon.colcon_core.shell:Creating environment hook '/home/colin/agv_gui/install/amr_v4_qt/share/amr_v4_qt/hook/cmake_prefix_path.sh'
[8.279s] Level 1:colcon.colcon_core.environment:checking '/home/colin/agv_gui/install/amr_v4_qt/lib'
[8.279s] Level 1:colcon.colcon_core.environment:checking '/home/colin/agv_gui/install/amr_v4_qt/bin'
[8.279s] Level 1:colcon.colcon_core.environment:checking '/home/colin/agv_gui/install/amr_v4_qt/lib/pkgconfig/amr_v4_qt.pc'
[8.279s] Level 1:colcon.colcon_core.environment:checking '/home/colin/agv_gui/install/amr_v4_qt/lib/python3.10/site-packages'
[8.279s] Level 1:colcon.colcon_core.environment:checking '/home/colin/agv_gui/install/amr_v4_qt/bin'
[8.280s] INFO:colcon.colcon_core.shell:Creating package script '/home/colin/agv_gui/install/amr_v4_qt/share/amr_v4_qt/package.ps1'
[8.281s] INFO:colcon.colcon_core.shell:Creating package descriptor '/home/colin/agv_gui/install/amr_v4_qt/share/amr_v4_qt/package.dsv'
[8.282s] INFO:colcon.colcon_core.shell:Creating package script '/home/colin/agv_gui/install/amr_v4_qt/share/amr_v4_qt/package.sh'
[8.282s] INFO:colcon.colcon_core.shell:Creating package script '/home/colin/agv_gui/install/amr_v4_qt/share/amr_v4_qt/package.bash'
[8.283s] INFO:colcon.colcon_core.shell:Creating package script '/home/colin/agv_gui/install/amr_v4_qt/share/amr_v4_qt/package.zsh'
[8.284s] Level 1:colcon.colcon_core.environment:create_file_with_runtime_dependencies(/home/colin/agv_gui/install/amr_v4_qt/share/colcon-core/packages/amr_v4_qt)
[8.284s] DEBUG:colcon.colcon_parallel_executor.executor.parallel:closing loop
[8.285s] DEBUG:colcon.colcon_parallel_executor.executor.parallel:loop closed
[8.285s] DEBUG:colcon.colcon_parallel_executor.executor.parallel:run_until_complete finished with '0'
[8.285s] DEBUG:colcon.colcon_core.event_reactor:joining thread
[8.292s] INFO:colcon.colcon_core.plugin_system:Skipping extension 'colcon_notification.desktop_notification.terminal_notifier': Not used on non-Darwin systems
[8.292s] INFO:colcon.colcon_core.plugin_system:Skipping extension 'colcon_notification.desktop_notification.win32': Not used on non-Windows systems
[8.292s] INFO:colcon.colcon_notification.desktop_notification:Sending desktop notification using 'notify2'
[8.307s] DEBUG:colcon.colcon_core.event_reactor:joined thread
[8.307s] INFO:colcon.colcon_core.shell:Creating prefix script '/home/colin/agv_gui/install/local_setup.ps1'
[8.308s] INFO:colcon.colcon_core.shell:Creating prefix util module '/home/colin/agv_gui/install/_local_setup_util_ps1.py'
[8.309s] INFO:colcon.colcon_core.shell:Creating prefix chain script '/home/colin/agv_gui/install/setup.ps1'
[8.311s] INFO:colcon.colcon_core.shell:Creating prefix script '/home/colin/agv_gui/install/local_setup.sh'
[8.311s] INFO:colcon.colcon_core.shell:Creating prefix util module '/home/colin/agv_gui/install/_local_setup_util_sh.py'
[8.312s] INFO:colcon.colcon_core.shell:Creating prefix chain script '/home/colin/agv_gui/install/setup.sh'
[8.314s] INFO:colcon.colcon_core.shell:Creating prefix script '/home/colin/agv_gui/install/local_setup.bash'
[8.315s] INFO:colcon.colcon_core.shell:Creating prefix chain script '/home/colin/agv_gui/install/setup.bash'
[8.317s] INFO:colcon.colcon_core.shell:Creating prefix script '/home/colin/agv_gui/install/local_setup.zsh'
[8.317s] INFO:colcon.colcon_core.shell:Creating prefix chain script '/home/colin/agv_gui/install/setup.zsh'
