[0.120s] DEBUG:colcon:Command line arguments: ['/usr/bin/colcon', 'build']
[0.121s] DEBUG:colcon:Parsed command line arguments: Namespace(log_base=None, log_level=None, verb_name='build', build_base='build', install_base='install', merge_install=False, symlink_install=False, test_result_base=None, continue_on_error=False, executor='parallel', parallel_workers=2, event_handlers=None, ignore_user_meta=False, metas=['./colcon.meta'], base_paths=['.'], packages_ignore=None, packages_ignore_regex=None, paths=None, packages_up_to=None, packages_up_to_regex=None, packages_above=None, packages_above_and_dependencies=None, packages_above_depth=None, packages_select_by_dep=None, packages_skip_by_dep=None, packages_skip_up_to=None, packages_select_build_failed=False, packages_skip_build_finished=False, packages_select_test_failures=False, packages_skip_test_passed=False, packages_select=None, packages_skip=None, packages_select_regex=None, packages_skip_regex=None, packages_start=None, packages_end=None, allow_overriding=[], cmake_args=None, cmake_target=None, cmake_target_skip_unavailable=False, cmake_clean_cache=False, cmake_clean_first=False, cmake_force_configure=False, ament_cmake_args=None, catkin_cmake_args=None, catkin_skip_building_tests=False, verb_parser=<colcon_defaults.argument_parser.defaults.DefaultArgumentsDecorator object at 0x70874f6029e0>, verb_extension=<colcon_core.verb.build.BuildVerb object at 0x70874f8f7400>, main=<bound method BuildVerb.main of <colcon_core.verb.build.BuildVerb object at 0x70874f8f7400>>)
[0.278s] Level 1:colcon.colcon_core.package_discovery:discover_packages(colcon_meta) check parameters
[0.278s] Level 1:colcon.colcon_core.package_discovery:discover_packages(recursive) check parameters
[0.278s] Level 1:colcon.colcon_core.package_discovery:discover_packages(ignore) check parameters
[0.278s] Level 1:colcon.colcon_core.package_discovery:discover_packages(path) check parameters
[0.278s] Level 1:colcon.colcon_core.package_discovery:discover_packages(colcon_meta) discover
[0.278s] Level 1:colcon.colcon_core.package_discovery:discover_packages(recursive) discover
[0.279s] INFO:colcon.colcon_core.package_discovery:Crawling recursively for packages in '/home/kidd/projects/agv_gui'
[0.279s] Level 1:colcon.colcon_core.package_identification:_identify(.) by extensions ['ignore', 'ignore_ament_install']
[0.279s] Level 1:colcon.colcon_core.package_identification:_identify(.) by extension 'ignore'
[0.279s] Level 1:colcon.colcon_core.package_identification:_identify(.) by extension 'ignore_ament_install'
[0.279s] Level 1:colcon.colcon_core.package_identification:_identify(.) by extensions ['colcon_pkg']
[0.279s] Level 1:colcon.colcon_core.package_identification:_identify(.) by extension 'colcon_pkg'
[0.279s] Level 1:colcon.colcon_core.package_identification:_identify(.) by extensions ['colcon_meta']
[0.279s] Level 1:colcon.colcon_core.package_identification:_identify(.) by extension 'colcon_meta'
[0.279s] Level 1:colcon.colcon_core.package_identification:_identify(.) by extensions ['ros']
[0.279s] Level 1:colcon.colcon_core.package_identification:_identify(.) by extension 'ros'
[0.294s] Level 1:colcon.colcon_core.package_identification:_identify(.) by extensions ['cmake', 'python']
[0.294s] Level 1:colcon.colcon_core.package_identification:_identify(.) by extension 'cmake'
[0.294s] Level 1:colcon.colcon_core.package_identification:_identify(.) by extension 'python'
[0.294s] Level 1:colcon.colcon_core.package_identification:_identify(.) by extensions ['python_setup_py']
[0.294s] Level 1:colcon.colcon_core.package_identification:_identify(.) by extension 'python_setup_py'
[0.294s] Level 1:colcon.colcon_core.package_identification:_identify(amr_v4_msgs_srvs) by extensions ['ignore', 'ignore_ament_install']
[0.294s] Level 1:colcon.colcon_core.package_identification:_identify(amr_v4_msgs_srvs) by extension 'ignore'
[0.295s] Level 1:colcon.colcon_core.package_identification:_identify(amr_v4_msgs_srvs) by extension 'ignore_ament_install'
[0.295s] Level 1:colcon.colcon_core.package_identification:_identify(amr_v4_msgs_srvs) by extensions ['colcon_pkg']
[0.295s] Level 1:colcon.colcon_core.package_identification:_identify(amr_v4_msgs_srvs) by extension 'colcon_pkg'
[0.295s] Level 1:colcon.colcon_core.package_identification:_identify(amr_v4_msgs_srvs) by extensions ['colcon_meta']
[0.295s] Level 1:colcon.colcon_core.package_identification:_identify(amr_v4_msgs_srvs) by extension 'colcon_meta'
[0.295s] Level 1:colcon.colcon_core.package_identification:_identify(amr_v4_msgs_srvs) by extensions ['ros']
[0.295s] Level 1:colcon.colcon_core.package_identification:_identify(amr_v4_msgs_srvs) by extension 'ros'
[0.298s] DEBUG:colcon.colcon_core.package_identification:Package 'amr_v4_msgs_srvs' with type 'ros.ament_cmake' and name 'amr_v4_msgs_srvs'
[0.298s] Level 1:colcon.colcon_core.package_identification:_identify(amr_v4_qt) by extensions ['ignore', 'ignore_ament_install']
[0.298s] Level 1:colcon.colcon_core.package_identification:_identify(amr_v4_qt) by extension 'ignore'
[0.298s] Level 1:colcon.colcon_core.package_identification:_identify(amr_v4_qt) by extension 'ignore_ament_install'
[0.299s] Level 1:colcon.colcon_core.package_identification:_identify(amr_v4_qt) by extensions ['colcon_pkg']
[0.299s] Level 1:colcon.colcon_core.package_identification:_identify(amr_v4_qt) by extension 'colcon_pkg'
[0.299s] Level 1:colcon.colcon_core.package_identification:_identify(amr_v4_qt) by extensions ['colcon_meta']
[0.299s] Level 1:colcon.colcon_core.package_identification:_identify(amr_v4_qt) by extension 'colcon_meta'
[0.299s] Level 1:colcon.colcon_core.package_identification:_identify(amr_v4_qt) by extensions ['ros']
[0.299s] Level 1:colcon.colcon_core.package_identification:_identify(amr_v4_qt) by extension 'ros'
[0.301s] DEBUG:colcon.colcon_core.package_identification:Package 'amr_v4_qt' with type 'ros.ament_cmake' and name 'amr_v4_qt'
[0.302s] Level 1:colcon.colcon_core.package_identification:_identify(build) by extensions ['ignore', 'ignore_ament_install']
[0.302s] Level 1:colcon.colcon_core.package_identification:_identify(build) by extension 'ignore'
[0.302s] Level 1:colcon.colcon_core.package_identification:_identify(build) ignored
[0.302s] Level 1:colcon.colcon_core.package_identification:_identify(install) by extensions ['ignore', 'ignore_ament_install']
[0.302s] Level 1:colcon.colcon_core.package_identification:_identify(install) by extension 'ignore'
[0.302s] Level 1:colcon.colcon_core.package_identification:_identify(install) ignored
[0.303s] Level 1:colcon.colcon_core.package_identification:_identify(log) by extensions ['ignore', 'ignore_ament_install']
[0.303s] Level 1:colcon.colcon_core.package_identification:_identify(log) by extension 'ignore'
[0.303s] Level 1:colcon.colcon_core.package_identification:_identify(log) ignored
[0.303s] Level 1:colcon.colcon_core.package_discovery:discover_packages(recursive) using defaults
[0.303s] Level 1:colcon.colcon_core.package_discovery:discover_packages(ignore) discover
[0.303s] Level 1:colcon.colcon_core.package_discovery:discover_packages(ignore) using defaults
[0.303s] Level 1:colcon.colcon_core.package_discovery:discover_packages(path) discover
[0.303s] Level 1:colcon.colcon_core.package_discovery:discover_packages(path) using defaults
[0.324s] Level 1:colcon.colcon_core.package_discovery:discover_packages(prefix_path) check parameters
[0.324s] Level 1:colcon.colcon_core.package_discovery:discover_packages(prefix_path) discover
[0.326s] DEBUG:colcon.colcon_installed_package_information.package_discovery:Found 180 installed packages in /opt/ros/humble
[0.327s] Level 1:colcon.colcon_core.package_discovery:discover_packages(prefix_path) using defaults
[0.354s] Level 5:colcon.colcon_core.verb:set package 'amr_v4_msgs_srvs' build argument 'cmake_args' from command line to 'None'
[0.354s] Level 5:colcon.colcon_core.verb:set package 'amr_v4_msgs_srvs' build argument 'cmake_target' from command line to 'None'
[0.354s] Level 5:colcon.colcon_core.verb:set package 'amr_v4_msgs_srvs' build argument 'cmake_target_skip_unavailable' from command line to 'False'
[0.354s] Level 5:colcon.colcon_core.verb:set package 'amr_v4_msgs_srvs' build argument 'cmake_clean_cache' from command line to 'False'
[0.354s] Level 5:colcon.colcon_core.verb:set package 'amr_v4_msgs_srvs' build argument 'cmake_clean_first' from command line to 'False'
[0.354s] Level 5:colcon.colcon_core.verb:set package 'amr_v4_msgs_srvs' build argument 'cmake_force_configure' from command line to 'False'
[0.354s] Level 5:colcon.colcon_core.verb:set package 'amr_v4_msgs_srvs' build argument 'ament_cmake_args' from command line to 'None'
[0.354s] Level 5:colcon.colcon_core.verb:set package 'amr_v4_msgs_srvs' build argument 'catkin_cmake_args' from command line to 'None'
[0.354s] Level 5:colcon.colcon_core.verb:set package 'amr_v4_msgs_srvs' build argument 'catkin_skip_building_tests' from command line to 'False'
[0.354s] DEBUG:colcon.colcon_core.verb:Building package 'amr_v4_msgs_srvs' with the following arguments: {'ament_cmake_args': None, 'build_base': '/home/kidd/projects/agv_gui/build/amr_v4_msgs_srvs', 'catkin_cmake_args': None, 'catkin_skip_building_tests': False, 'cmake_args': None, 'cmake_clean_cache': False, 'cmake_clean_first': False, 'cmake_force_configure': False, 'cmake_target': None, 'cmake_target_skip_unavailable': False, 'install_base': '/home/kidd/projects/agv_gui/install/amr_v4_msgs_srvs', 'merge_install': False, 'path': '/home/kidd/projects/agv_gui/amr_v4_msgs_srvs', 'symlink_install': False, 'test_result_base': None}
[0.355s] Level 5:colcon.colcon_core.verb:set package 'amr_v4_qt' build argument 'cmake_args' from command line to 'None'
[0.355s] Level 5:colcon.colcon_core.verb:set package 'amr_v4_qt' build argument 'cmake_target' from command line to 'None'
[0.355s] Level 5:colcon.colcon_core.verb:set package 'amr_v4_qt' build argument 'cmake_target_skip_unavailable' from command line to 'False'
[0.355s] Level 5:colcon.colcon_core.verb:set package 'amr_v4_qt' build argument 'cmake_clean_cache' from command line to 'False'
[0.355s] Level 5:colcon.colcon_core.verb:set package 'amr_v4_qt' build argument 'cmake_clean_first' from command line to 'False'
[0.355s] Level 5:colcon.colcon_core.verb:set package 'amr_v4_qt' build argument 'cmake_force_configure' from command line to 'False'
[0.355s] Level 5:colcon.colcon_core.verb:set package 'amr_v4_qt' build argument 'ament_cmake_args' from command line to 'None'
[0.355s] Level 5:colcon.colcon_core.verb:set package 'amr_v4_qt' build argument 'catkin_cmake_args' from command line to 'None'
[0.355s] Level 5:colcon.colcon_core.verb:set package 'amr_v4_qt' build argument 'catkin_skip_building_tests' from command line to 'False'
[0.355s] DEBUG:colcon.colcon_core.verb:Building package 'amr_v4_qt' with the following arguments: {'ament_cmake_args': None, 'build_base': '/home/kidd/projects/agv_gui/build/amr_v4_qt', 'catkin_cmake_args': None, 'catkin_skip_building_tests': False, 'cmake_args': None, 'cmake_clean_cache': False, 'cmake_clean_first': False, 'cmake_force_configure': False, 'cmake_target': None, 'cmake_target_skip_unavailable': False, 'install_base': '/home/kidd/projects/agv_gui/install/amr_v4_qt', 'merge_install': False, 'path': '/home/kidd/projects/agv_gui/amr_v4_qt', 'symlink_install': False, 'test_result_base': None}
[0.356s] INFO:colcon.colcon_core.executor:Executing jobs using 'parallel' executor
[0.357s] DEBUG:colcon.colcon_parallel_executor.executor.parallel:run_until_complete
[0.357s] INFO:colcon.colcon_ros.task.ament_cmake.build:Building ROS package in '/home/kidd/projects/agv_gui/amr_v4_msgs_srvs' with build type 'ament_cmake'
[0.357s] INFO:colcon.colcon_cmake.task.cmake.build:Building CMake package in '/home/kidd/projects/agv_gui/amr_v4_msgs_srvs'
[0.360s] INFO:colcon.colcon_core.plugin_system:Skipping extension 'colcon_core.shell.bat': Not used on non-Windows systems
[0.360s] INFO:colcon.colcon_core.shell:Skip shell extension 'powershell' for command environment: Not usable outside of PowerShell
[0.360s] DEBUG:colcon.colcon_core.shell:Skip shell extension 'dsv' for command environment
[0.376s] DEBUG:colcon.colcon_core.event_handler.log_command:Invoking command in '/home/kidd/projects/agv_gui/build/amr_v4_msgs_srvs': CMAKE_PREFIX_PATH=/opt/ros/humble /usr/bin/cmake /home/kidd/projects/agv_gui/amr_v4_msgs_srvs -DCMAKE_INSTALL_PREFIX=/home/kidd/projects/agv_gui/install/amr_v4_msgs_srvs
[3.454s] DEBUG:colcon.colcon_core.event_handler.log_command:Invoked command in '/home/kidd/projects/agv_gui/build/amr_v4_msgs_srvs' returned '0': CMAKE_PREFIX_PATH=/opt/ros/humble /usr/bin/cmake /home/kidd/projects/agv_gui/amr_v4_msgs_srvs -DCMAKE_INSTALL_PREFIX=/home/kidd/projects/agv_gui/install/amr_v4_msgs_srvs
[3.455s] DEBUG:colcon.colcon_core.event_handler.log_command:Invoking command in '/home/kidd/projects/agv_gui/build/amr_v4_msgs_srvs': CMAKE_PREFIX_PATH=/opt/ros/humble /usr/bin/cmake --build /home/kidd/projects/agv_gui/build/amr_v4_msgs_srvs -- -j2 -l2
[17.921s] DEBUG:colcon.colcon_core.event_handler.log_command:Invoked command in '/home/kidd/projects/agv_gui/build/amr_v4_msgs_srvs' returned '0': CMAKE_PREFIX_PATH=/opt/ros/humble /usr/bin/cmake --build /home/kidd/projects/agv_gui/build/amr_v4_msgs_srvs -- -j2 -l2
[18.059s] DEBUG:colcon.colcon_core.event_handler.log_command:Invoking command in '/home/kidd/projects/agv_gui/build/amr_v4_msgs_srvs': CMAKE_PREFIX_PATH=/opt/ros/humble /usr/bin/cmake --install /home/kidd/projects/agv_gui/build/amr_v4_msgs_srvs
[18.203s] Level 1:colcon.colcon_core.environment:create_environment_scripts_only(amr_v4_msgs_srvs)
[18.206s] DEBUG:colcon.colcon_core.event_handler.log_command:Invoked command in '/home/kidd/projects/agv_gui/build/amr_v4_msgs_srvs' returned '0': CMAKE_PREFIX_PATH=/opt/ros/humble /usr/bin/cmake --install /home/kidd/projects/agv_gui/build/amr_v4_msgs_srvs
[18.213s] Level 1:colcon.colcon_core.environment:checking '/home/kidd/projects/agv_gui/install/amr_v4_msgs_srvs' for CMake module files
[18.214s] Level 1:colcon.colcon_core.environment:checking '/home/kidd/projects/agv_gui/install/amr_v4_msgs_srvs' for CMake config files
[18.215s] Level 1:colcon.colcon_core.shell:create_environment_hook('amr_v4_msgs_srvs', 'cmake_prefix_path')
[18.217s] INFO:colcon.colcon_core.shell:Creating environment hook '/home/kidd/projects/agv_gui/install/amr_v4_msgs_srvs/share/amr_v4_msgs_srvs/hook/cmake_prefix_path.ps1'
[18.218s] INFO:colcon.colcon_core.shell:Creating environment descriptor '/home/kidd/projects/agv_gui/install/amr_v4_msgs_srvs/share/amr_v4_msgs_srvs/hook/cmake_prefix_path.dsv'
[18.228s] INFO:colcon.colcon_core.shell:Creating environment hook '/home/kidd/projects/agv_gui/install/amr_v4_msgs_srvs/share/amr_v4_msgs_srvs/hook/cmake_prefix_path.sh'
[18.229s] Level 1:colcon.colcon_core.environment:checking '/home/kidd/projects/agv_gui/install/amr_v4_msgs_srvs/lib'
[18.230s] Level 1:colcon.colcon_core.shell:create_environment_hook('amr_v4_msgs_srvs', 'ld_library_path_lib')
[18.230s] INFO:colcon.colcon_core.shell:Creating environment hook '/home/kidd/projects/agv_gui/install/amr_v4_msgs_srvs/share/amr_v4_msgs_srvs/hook/ld_library_path_lib.ps1'
[18.230s] INFO:colcon.colcon_core.shell:Creating environment descriptor '/home/kidd/projects/agv_gui/install/amr_v4_msgs_srvs/share/amr_v4_msgs_srvs/hook/ld_library_path_lib.dsv'
[18.231s] INFO:colcon.colcon_core.shell:Creating environment hook '/home/kidd/projects/agv_gui/install/amr_v4_msgs_srvs/share/amr_v4_msgs_srvs/hook/ld_library_path_lib.sh'
[18.231s] Level 1:colcon.colcon_core.environment:checking '/home/kidd/projects/agv_gui/install/amr_v4_msgs_srvs/bin'
[18.232s] Level 1:colcon.colcon_core.environment:checking '/home/kidd/projects/agv_gui/install/amr_v4_msgs_srvs/lib/pkgconfig/amr_v4_msgs_srvs.pc'
[18.232s] Level 1:colcon.colcon_core.environment:checking '/home/kidd/projects/agv_gui/install/amr_v4_msgs_srvs/lib/python3.10/site-packages'
[18.234s] Level 1:colcon.colcon_core.environment:checking '/home/kidd/projects/agv_gui/install/amr_v4_msgs_srvs/bin'
[18.234s] INFO:colcon.colcon_core.shell:Creating package script '/home/kidd/projects/agv_gui/install/amr_v4_msgs_srvs/share/amr_v4_msgs_srvs/package.ps1'
[18.236s] INFO:colcon.colcon_core.shell:Creating package descriptor '/home/kidd/projects/agv_gui/install/amr_v4_msgs_srvs/share/amr_v4_msgs_srvs/package.dsv'
[18.237s] INFO:colcon.colcon_core.shell:Creating package script '/home/kidd/projects/agv_gui/install/amr_v4_msgs_srvs/share/amr_v4_msgs_srvs/package.sh'
[18.239s] INFO:colcon.colcon_core.shell:Creating package script '/home/kidd/projects/agv_gui/install/amr_v4_msgs_srvs/share/amr_v4_msgs_srvs/package.bash'
[18.240s] INFO:colcon.colcon_core.shell:Creating package script '/home/kidd/projects/agv_gui/install/amr_v4_msgs_srvs/share/amr_v4_msgs_srvs/package.zsh'
[18.246s] Level 1:colcon.colcon_core.environment:create_file_with_runtime_dependencies(/home/kidd/projects/agv_gui/install/amr_v4_msgs_srvs/share/colcon-core/packages/amr_v4_msgs_srvs)
[18.427s] Level 1:colcon.colcon_core.environment:create_environment_scripts_only(amr_v4_msgs_srvs)
[18.427s] Level 1:colcon.colcon_core.environment:checking '/home/kidd/projects/agv_gui/install/amr_v4_msgs_srvs' for CMake module files
[18.428s] Level 1:colcon.colcon_core.environment:checking '/home/kidd/projects/agv_gui/install/amr_v4_msgs_srvs' for CMake config files
[18.428s] Level 1:colcon.colcon_core.shell:create_environment_hook('amr_v4_msgs_srvs', 'cmake_prefix_path')
[18.428s] INFO:colcon.colcon_core.shell:Creating environment hook '/home/kidd/projects/agv_gui/install/amr_v4_msgs_srvs/share/amr_v4_msgs_srvs/hook/cmake_prefix_path.ps1'
[18.429s] INFO:colcon.colcon_core.shell:Creating environment descriptor '/home/kidd/projects/agv_gui/install/amr_v4_msgs_srvs/share/amr_v4_msgs_srvs/hook/cmake_prefix_path.dsv'
[18.430s] INFO:colcon.colcon_core.shell:Creating environment hook '/home/kidd/projects/agv_gui/install/amr_v4_msgs_srvs/share/amr_v4_msgs_srvs/hook/cmake_prefix_path.sh'
[18.430s] Level 1:colcon.colcon_core.environment:checking '/home/kidd/projects/agv_gui/install/amr_v4_msgs_srvs/lib'
[18.430s] Level 1:colcon.colcon_core.shell:create_environment_hook('amr_v4_msgs_srvs', 'ld_library_path_lib')
[18.431s] INFO:colcon.colcon_core.shell:Creating environment hook '/home/kidd/projects/agv_gui/install/amr_v4_msgs_srvs/share/amr_v4_msgs_srvs/hook/ld_library_path_lib.ps1'
[18.431s] INFO:colcon.colcon_core.shell:Creating environment descriptor '/home/kidd/projects/agv_gui/install/amr_v4_msgs_srvs/share/amr_v4_msgs_srvs/hook/ld_library_path_lib.dsv'
[18.432s] INFO:colcon.colcon_core.shell:Creating environment hook '/home/kidd/projects/agv_gui/install/amr_v4_msgs_srvs/share/amr_v4_msgs_srvs/hook/ld_library_path_lib.sh'
[18.436s] Level 1:colcon.colcon_core.environment:checking '/home/kidd/projects/agv_gui/install/amr_v4_msgs_srvs/bin'
[18.436s] Level 1:colcon.colcon_core.environment:checking '/home/kidd/projects/agv_gui/install/amr_v4_msgs_srvs/lib/pkgconfig/amr_v4_msgs_srvs.pc'
[18.436s] Level 1:colcon.colcon_core.environment:checking '/home/kidd/projects/agv_gui/install/amr_v4_msgs_srvs/lib/python3.10/site-packages'
[18.437s] Level 1:colcon.colcon_core.environment:checking '/home/kidd/projects/agv_gui/install/amr_v4_msgs_srvs/bin'
[18.437s] INFO:colcon.colcon_core.shell:Creating package script '/home/kidd/projects/agv_gui/install/amr_v4_msgs_srvs/share/amr_v4_msgs_srvs/package.ps1'
[18.438s] INFO:colcon.colcon_core.shell:Creating package descriptor '/home/kidd/projects/agv_gui/install/amr_v4_msgs_srvs/share/amr_v4_msgs_srvs/package.dsv'
[18.439s] INFO:colcon.colcon_core.shell:Creating package script '/home/kidd/projects/agv_gui/install/amr_v4_msgs_srvs/share/amr_v4_msgs_srvs/package.sh'
[18.440s] INFO:colcon.colcon_core.shell:Creating package script '/home/kidd/projects/agv_gui/install/amr_v4_msgs_srvs/share/amr_v4_msgs_srvs/package.bash'
[18.441s] INFO:colcon.colcon_core.shell:Creating package script '/home/kidd/projects/agv_gui/install/amr_v4_msgs_srvs/share/amr_v4_msgs_srvs/package.zsh'
[18.441s] Level 1:colcon.colcon_core.environment:create_file_with_runtime_dependencies(/home/kidd/projects/agv_gui/install/amr_v4_msgs_srvs/share/colcon-core/packages/amr_v4_msgs_srvs)
[18.443s] INFO:colcon.colcon_ros.task.ament_cmake.build:Building ROS package in '/home/kidd/projects/agv_gui/amr_v4_qt' with build type 'ament_cmake'
[18.444s] INFO:colcon.colcon_cmake.task.cmake.build:Building CMake package in '/home/kidd/projects/agv_gui/amr_v4_qt'
[18.444s] INFO:colcon.colcon_core.shell:Skip shell extension 'powershell' for command environment: Not usable outside of PowerShell
[18.444s] DEBUG:colcon.colcon_core.shell:Skip shell extension 'dsv' for command environment
[18.465s] DEBUG:colcon.colcon_core.event_handler.log_command:Invoking command in '/home/kidd/projects/agv_gui/build/amr_v4_qt': AMENT_PREFIX_PATH=/home/kidd/projects/agv_gui/install/amr_v4_msgs_srvs:${AMENT_PREFIX_PATH} CMAKE_PREFIX_PATH=/home/kidd/projects/agv_gui/install/amr_v4_msgs_srvs:/opt/ros/humble LD_LIBRARY_PATH=/home/kidd/projects/agv_gui/install/amr_v4_msgs_srvs/lib:${LD_LIBRARY_PATH} PYTHONPATH=/home/kidd/projects/agv_gui/install/amr_v4_msgs_srvs/local/lib/python3.10/dist-packages:${PYTHONPATH} /usr/bin/cmake /home/kidd/projects/agv_gui/amr_v4_qt -DCMAKE_INSTALL_PREFIX=/home/kidd/projects/agv_gui/install/amr_v4_qt
[20.684s] DEBUG:colcon.colcon_core.event_handler.log_command:Invoked command in '/home/kidd/projects/agv_gui/build/amr_v4_qt' returned '1': AMENT_PREFIX_PATH=/home/kidd/projects/agv_gui/install/amr_v4_msgs_srvs:${AMENT_PREFIX_PATH} CMAKE_PREFIX_PATH=/home/kidd/projects/agv_gui/install/amr_v4_msgs_srvs:/opt/ros/humble LD_LIBRARY_PATH=/home/kidd/projects/agv_gui/install/amr_v4_msgs_srvs/lib:${LD_LIBRARY_PATH} PYTHONPATH=/home/kidd/projects/agv_gui/install/amr_v4_msgs_srvs/local/lib/python3.10/dist-packages:${PYTHONPATH} /usr/bin/cmake /home/kidd/projects/agv_gui/amr_v4_qt -DCMAKE_INSTALL_PREFIX=/home/kidd/projects/agv_gui/install/amr_v4_qt
[20.698s] Level 1:colcon.colcon_core.environment:create_environment_scripts_only(amr_v4_qt)
[20.698s] Level 1:colcon.colcon_core.environment:checking '/home/kidd/projects/agv_gui/install/amr_v4_qt' for CMake module files
[20.699s] Level 1:colcon.colcon_core.environment:checking '/home/kidd/projects/agv_gui/install/amr_v4_qt' for CMake config files
[20.699s] Level 1:colcon.colcon_core.shell:create_environment_hook('amr_v4_qt', 'cmake_prefix_path')
[20.700s] INFO:colcon.colcon_core.shell:Creating environment hook '/home/kidd/projects/agv_gui/install/amr_v4_qt/share/amr_v4_qt/hook/cmake_prefix_path.ps1'
[20.701s] INFO:colcon.colcon_core.shell:Creating environment descriptor '/home/kidd/projects/agv_gui/install/amr_v4_qt/share/amr_v4_qt/hook/cmake_prefix_path.dsv'
[20.702s] INFO:colcon.colcon_core.shell:Creating environment hook '/home/kidd/projects/agv_gui/install/amr_v4_qt/share/amr_v4_qt/hook/cmake_prefix_path.sh'
[20.703s] Level 1:colcon.colcon_core.environment:checking '/home/kidd/projects/agv_gui/install/amr_v4_qt/lib'
[20.703s] Level 1:colcon.colcon_core.environment:checking '/home/kidd/projects/agv_gui/install/amr_v4_qt/bin'
[20.703s] Level 1:colcon.colcon_core.environment:checking '/home/kidd/projects/agv_gui/install/amr_v4_qt/lib/pkgconfig/amr_v4_qt.pc'
[20.703s] Level 1:colcon.colcon_core.environment:checking '/home/kidd/projects/agv_gui/install/amr_v4_qt/lib/python3.10/site-packages'
[20.704s] Level 1:colcon.colcon_core.environment:checking '/home/kidd/projects/agv_gui/install/amr_v4_qt/bin'
[20.705s] INFO:colcon.colcon_core.shell:Creating package script '/home/kidd/projects/agv_gui/install/amr_v4_qt/share/amr_v4_qt/package.ps1'
[20.705s] INFO:colcon.colcon_core.shell:Creating package descriptor '/home/kidd/projects/agv_gui/install/amr_v4_qt/share/amr_v4_qt/package.dsv'
[20.706s] INFO:colcon.colcon_core.shell:Creating package script '/home/kidd/projects/agv_gui/install/amr_v4_qt/share/amr_v4_qt/package.sh'
[20.707s] INFO:colcon.colcon_core.shell:Creating package script '/home/kidd/projects/agv_gui/install/amr_v4_qt/share/amr_v4_qt/package.bash'
[20.707s] INFO:colcon.colcon_core.shell:Creating package script '/home/kidd/projects/agv_gui/install/amr_v4_qt/share/amr_v4_qt/package.zsh'
[20.708s] Level 1:colcon.colcon_core.environment:create_file_with_runtime_dependencies(/home/kidd/projects/agv_gui/install/amr_v4_qt/share/colcon-core/packages/amr_v4_qt)
[20.710s] DEBUG:colcon.colcon_parallel_executor.executor.parallel:closing loop
[20.710s] DEBUG:colcon.colcon_parallel_executor.executor.parallel:loop closed
[20.710s] DEBUG:colcon.colcon_parallel_executor.executor.parallel:run_until_complete finished with '1'
[20.710s] DEBUG:colcon.colcon_core.event_reactor:joining thread
[20.718s] INFO:colcon.colcon_core.plugin_system:Skipping extension 'colcon_notification.desktop_notification.terminal_notifier': Not used on non-Darwin systems
[20.719s] INFO:colcon.colcon_core.plugin_system:Skipping extension 'colcon_notification.desktop_notification.win32': Not used on non-Windows systems
[20.719s] INFO:colcon.colcon_notification.desktop_notification:Sending desktop notification using 'notify2'
[20.760s] DEBUG:colcon.colcon_core.event_reactor:joined thread
[20.761s] INFO:colcon.colcon_core.shell:Creating prefix script '/home/kidd/projects/agv_gui/install/local_setup.ps1'
[20.763s] INFO:colcon.colcon_core.shell:Creating prefix util module '/home/kidd/projects/agv_gui/install/_local_setup_util_ps1.py'
[20.766s] INFO:colcon.colcon_core.shell:Creating prefix chain script '/home/kidd/projects/agv_gui/install/setup.ps1'
[20.767s] INFO:colcon.colcon_core.shell:Creating prefix script '/home/kidd/projects/agv_gui/install/local_setup.sh'
[20.768s] INFO:colcon.colcon_core.shell:Creating prefix util module '/home/kidd/projects/agv_gui/install/_local_setup_util_sh.py'
[20.769s] INFO:colcon.colcon_core.shell:Creating prefix chain script '/home/kidd/projects/agv_gui/install/setup.sh'
[20.771s] INFO:colcon.colcon_core.shell:Creating prefix script '/home/kidd/projects/agv_gui/install/local_setup.bash'
[20.772s] INFO:colcon.colcon_core.shell:Creating prefix chain script '/home/kidd/projects/agv_gui/install/setup.bash'
[20.780s] INFO:colcon.colcon_core.shell:Creating prefix script '/home/kidd/projects/agv_gui/install/local_setup.zsh'
[20.781s] INFO:colcon.colcon_core.shell:Creating prefix chain script '/home/kidd/projects/agv_gui/install/setup.zsh'
