[0.568s] Invoking command in '/home/colin/agv_gui/build/agv_gui': CMAKE_PREFIX_PATH=${CMAKE_PREFIX_PATH}:/opt/ros/galactic /usr/bin/cmake --build /home/colin/agv_gui/build/agv_gui -- -j4 -l4
[0.806s] [  5%] [34m[1mAutomatic MOC and UIC for target agv_gui[0m
[0.846s] AutoMoc warning
[0.846s] ---------------
[0.847s] "SRC:/src/battery_node_1.cpp"
[0.847s] includes the moc file "battery_node_1.moc", but does not contain a Q_OBJECT, Q_GADGET or Q_NAMESPACE macro.
[0.847s] 
[0.848s] AutoMoc warning
[0.848s] ---------------
[0.848s] "SRC:/src/battery_node_2.cpp"
[0.849s] includes the moc file "battery_node_2.moc", but does not contain a Q_OBJECT, Q_GADGET or Q_NAMESPACE macro.
[0.849s] 
[0.849s] AutoMoc warning
[0.849s] ---------------
[0.850s] "SRC:/src/battery_node_3.cpp"
[0.850s] includes the moc file "battery_node_3.moc", but does not contain a Q_OBJECT, Q_GADGET or Q_NAMESPACE macro.
[0.850s] 
[0.851s] AutoMoc warning
[0.851s] ---------------
[0.851s] "SRC:/src/battery_node_4.cpp"
[0.851s] includes the moc file "battery_node_4.moc", but does not contain a Q_OBJECT, Q_GADGET or Q_NAMESPACE macro.
[0.852s] 
[0.852s] AutoMoc warning
[0.852s] ---------------
[0.853s] "SRC:/src/charge_node.cpp"
[0.853s] includes the moc file "charge_node.moc", but does not contain a Q_OBJECT, Q_GADGET or Q_NAMESPACE macro.
[0.853s] 
[1.422s] [  5%] Built target agv_gui_autogen
[1.508s] [35m[1mScanning dependencies of target agv_gui[0m
[1.839s] [ 10%] [32mBuilding CXX object CMakeFiles/agv_gui.dir/src/main_gui.cpp.o[0m
[10.967s] [01m[K/home/colin/agv_gui/src/agv_gui/src/main_gui.cpp:[m[K In constructor ‘[01m[KMainGui::MainGui(std::shared_ptr<ChargeSub>, std::shared_ptr<BatterySub1>, std::shared_ptr<BatterySub2>, std::shared_ptr<BatterySub3>, std::shared_ptr<BatterySub4>, QWidget*)[m[K’:
[10.967s] [01m[K/home/colin/agv_gui/src/agv_gui/src/main_gui.cpp:51:17:[m[K [01;31m[Kerror: [m[K‘[01m[Kclass MainGui[m[K’ has no member named ‘[01m[KsetPrimaryScreen[m[K’
[10.968s]    51 |           this->[01;31m[KsetPrimaryScreen[m[K(screens.at(1));
[10.968s]       |                 [01;31m[K^~~~~~~~~~~~~~~~[m[K
[12.903s] make[2]: *** [CMakeFiles/agv_gui.dir/build.make:161: CMakeFiles/agv_gui.dir/src/main_gui.cpp.o] Error 1
[12.904s] make[1]: *** [CMakeFiles/Makefile2:79: CMakeFiles/agv_gui.dir/all] Error 2
[12.905s] make: *** [Makefile:141: all] Error 2
[12.917s] Invoked command in '/home/colin/agv_gui/build/agv_gui' returned '2': CMAKE_PREFIX_PATH=${CMAKE_PREFIX_PATH}:/opt/ros/galactic /usr/bin/cmake --build /home/colin/agv_gui/build/agv_gui -- -j4 -l4
