[0.016s] Invoking command in '/home/kidd/projects/agv_gui/build/amr_v4_msgs_srvs': CMAKE_PREFIX_PATH=${CMAKE_PREFIX_PATH}:/opt/ros/galactic /usr/bin/cmake --build /home/kidd/projects/agv_gui/build/amr_v4_msgs_srvs -- -j2 -l2
[0.136s] [ 10%] Built target amr_v4_msgs_srvs__rosidl_generator_c
[0.154s] [ 12%] Built target amr_v4_msgs_srvs__cpp
[0.205s] [ 23%] Built target amr_v4_msgs_srvs__rosidl_typesupport_introspection_c
[0.241s] [ 34%] Built target amr_v4_msgs_srvs__rosidl_typesupport_c
[0.288s] [ 45%] Built target amr_v4_msgs_srvs__rosidl_typesupport_introspection_cpp
[0.356s] [ 56%] Built target amr_v4_msgs_srvs__rosidl_typesupport_fastrtps_cpp
[0.370s] [ 67%] Built target amr_v4_msgs_srvs__rosidl_typesupport_cpp
[0.489s] [ 78%] Built target amr_v4_msgs_srvs__rosidl_typesupport_fastrtps_c
[0.539s] [ 78%] Built target amr_v4_msgs_srvs
[0.574s] [ 80%] Built target amr_v4_msgs_srvs__py
[0.623s] [ 89%] Built target amr_v4_msgs_srvs__python
[0.670s] [ 92%] Built target amr_v4_msgs_srvs__rosidl_typesupport_introspection_c__pyext
[0.678s] [ 96%] Built target amr_v4_msgs_srvs__rosidl_typesupport_fastrtps_c__pyext
[0.713s] [100%] Built target amr_v4_msgs_srvs__rosidl_typesupport_c__pyext
[0.745s] Invoked command in '/home/kidd/projects/agv_gui/build/amr_v4_msgs_srvs' returned '0': CMAKE_PREFIX_PATH=${CMAKE_PREFIX_PATH}:/opt/ros/galactic /usr/bin/cmake --build /home/kidd/projects/agv_gui/build/amr_v4_msgs_srvs -- -j2 -l2
[0.939s] Invoking command in '/home/kidd/projects/agv_gui/build/amr_v4_msgs_srvs': CMAKE_PREFIX_PATH=${CMAKE_PREFIX_PATH}:/opt/ros/galactic /usr/bin/cmake --install /home/kidd/projects/agv_gui/build/amr_v4_msgs_srvs
[0.959s] -- Install configuration: ""
[0.960s] -- Up-to-date: /home/kidd/projects/agv_gui/install/amr_v4_msgs_srvs/share/ament_index/resource_index/rosidl_interfaces/amr_v4_msgs_srvs
[0.964s] -- Up-to-date: /home/kidd/projects/agv_gui/install/amr_v4_msgs_srvs/include/amr_v4_msgs_srvs
[0.965s] -- Up-to-date: /home/kidd/projects/agv_gui/install/amr_v4_msgs_srvs/include/amr_v4_msgs_srvs/msg
[0.965s] -- Up-to-date: /home/kidd/projects/agv_gui/install/amr_v4_msgs_srvs/include/amr_v4_msgs_srvs/msg/rosidl_generator_c__visibility_control.h
[0.965s] -- Up-to-date: /home/kidd/projects/agv_gui/install/amr_v4_msgs_srvs/include/amr_v4_msgs_srvs/msg/pin.h
[0.966s] -- Up-to-date: /home/kidd/projects/agv_gui/install/amr_v4_msgs_srvs/include/amr_v4_msgs_srvs/msg/motor.h
[0.966s] -- Up-to-date: /home/kidd/projects/agv_gui/install/amr_v4_msgs_srvs/include/amr_v4_msgs_srvs/msg/detail
[0.966s] -- Up-to-date: /home/kidd/projects/agv_gui/install/amr_v4_msgs_srvs/include/amr_v4_msgs_srvs/msg/detail/motor__struct.h
[0.966s] -- Up-to-date: /home/kidd/projects/agv_gui/install/amr_v4_msgs_srvs/include/amr_v4_msgs_srvs/msg/detail/robot__functions.c
[0.969s] -- Up-to-date: /home/kidd/projects/agv_gui/install/amr_v4_msgs_srvs/include/amr_v4_msgs_srvs/msg/detail/robot__type_support.h
[0.969s] -- Up-to-date: /home/kidd/projects/agv_gui/install/amr_v4_msgs_srvs/include/amr_v4_msgs_srvs/msg/detail/motor__functions.c
[0.969s] -- Up-to-date: /home/kidd/projects/agv_gui/install/amr_v4_msgs_srvs/include/amr_v4_msgs_srvs/msg/detail/pin__functions.c
[0.969s] -- Up-to-date: /home/kidd/projects/agv_gui/install/amr_v4_msgs_srvs/include/amr_v4_msgs_srvs/msg/detail/robot__struct.h
[0.969s] -- Up-to-date: /home/kidd/projects/agv_gui/install/amr_v4_msgs_srvs/include/amr_v4_msgs_srvs/msg/detail/motor__type_support.h
[0.970s] -- Up-to-date: /home/kidd/projects/agv_gui/install/amr_v4_msgs_srvs/include/amr_v4_msgs_srvs/msg/detail/motor__functions.h
[0.970s] -- Up-to-date: /home/kidd/projects/agv_gui/install/amr_v4_msgs_srvs/include/amr_v4_msgs_srvs/msg/detail/pin__struct.h
[0.970s] -- Up-to-date: /home/kidd/projects/agv_gui/install/amr_v4_msgs_srvs/include/amr_v4_msgs_srvs/msg/detail/pin__type_support.h
[0.970s] -- Up-to-date: /home/kidd/projects/agv_gui/install/amr_v4_msgs_srvs/include/amr_v4_msgs_srvs/msg/detail/pin__functions.h
[0.970s] -- Up-to-date: /home/kidd/projects/agv_gui/install/amr_v4_msgs_srvs/include/amr_v4_msgs_srvs/msg/detail/robot__functions.h
[0.973s] -- Up-to-date: /home/kidd/projects/agv_gui/install/amr_v4_msgs_srvs/include/amr_v4_msgs_srvs/msg/robot.h
[0.973s] -- Up-to-date: /home/kidd/projects/agv_gui/install/amr_v4_msgs_srvs/include/amr_v4_msgs_srvs/srv
[0.975s] -- Up-to-date: /home/kidd/projects/agv_gui/install/amr_v4_msgs_srvs/include/amr_v4_msgs_srvs/srv/testserv.h
[0.976s] -- Up-to-date: /home/kidd/projects/agv_gui/install/amr_v4_msgs_srvs/include/amr_v4_msgs_srvs/srv/detail
[0.976s] -- Up-to-date: /home/kidd/projects/agv_gui/install/amr_v4_msgs_srvs/include/amr_v4_msgs_srvs/srv/detail/testserv__struct.h
[0.976s] -- Up-to-date: /home/kidd/projects/agv_gui/install/amr_v4_msgs_srvs/include/amr_v4_msgs_srvs/srv/detail/testserv__functions.h
[0.976s] -- Up-to-date: /home/kidd/projects/agv_gui/install/amr_v4_msgs_srvs/include/amr_v4_msgs_srvs/srv/detail/testserv__functions.c
[0.976s] -- Up-to-date: /home/kidd/projects/agv_gui/install/amr_v4_msgs_srvs/include/amr_v4_msgs_srvs/srv/detail/testserv__type_support.h
[0.976s] -- Up-to-date: /home/kidd/projects/agv_gui/install/amr_v4_msgs_srvs/share/amr_v4_msgs_srvs/environment/library_path.sh
[0.976s] -- Up-to-date: /home/kidd/projects/agv_gui/install/amr_v4_msgs_srvs/share/amr_v4_msgs_srvs/environment/library_path.dsv
[0.976s] -- Up-to-date: /home/kidd/projects/agv_gui/install/amr_v4_msgs_srvs/lib/libamr_v4_msgs_srvs__rosidl_generator_c.so
[0.976s] -- Up-to-date: /home/kidd/projects/agv_gui/install/amr_v4_msgs_srvs/include/amr_v4_msgs_srvs
[0.977s] -- Up-to-date: /home/kidd/projects/agv_gui/install/amr_v4_msgs_srvs/include/amr_v4_msgs_srvs/msg
[0.977s] -- Up-to-date: /home/kidd/projects/agv_gui/install/amr_v4_msgs_srvs/include/amr_v4_msgs_srvs/msg/detail
[0.977s] -- Up-to-date: /home/kidd/projects/agv_gui/install/amr_v4_msgs_srvs/include/amr_v4_msgs_srvs/msg/detail/robot__rosidl_typesupport_fastrtps_c.h
[0.977s] -- Up-to-date: /home/kidd/projects/agv_gui/install/amr_v4_msgs_srvs/include/amr_v4_msgs_srvs/msg/detail/motor__rosidl_typesupport_fastrtps_c.h
[0.977s] -- Up-to-date: /home/kidd/projects/agv_gui/install/amr_v4_msgs_srvs/include/amr_v4_msgs_srvs/msg/detail/pin__rosidl_typesupport_fastrtps_c.h
[0.981s] -- Up-to-date: /home/kidd/projects/agv_gui/install/amr_v4_msgs_srvs/include/amr_v4_msgs_srvs/msg/rosidl_typesupport_fastrtps_c__visibility_control.h
[0.981s] -- Up-to-date: /home/kidd/projects/agv_gui/install/amr_v4_msgs_srvs/include/amr_v4_msgs_srvs/srv
[0.981s] -- Up-to-date: /home/kidd/projects/agv_gui/install/amr_v4_msgs_srvs/include/amr_v4_msgs_srvs/srv/detail
[0.981s] -- Up-to-date: /home/kidd/projects/agv_gui/install/amr_v4_msgs_srvs/include/amr_v4_msgs_srvs/srv/detail/testserv__rosidl_typesupport_fastrtps_c.h
[0.981s] -- Up-to-date: /home/kidd/projects/agv_gui/install/amr_v4_msgs_srvs/lib/libamr_v4_msgs_srvs__rosidl_typesupport_fastrtps_c.so
[0.981s] -- Up-to-date: /home/kidd/projects/agv_gui/install/amr_v4_msgs_srvs/include/amr_v4_msgs_srvs
[0.981s] -- Up-to-date: /home/kidd/projects/agv_gui/install/amr_v4_msgs_srvs/include/amr_v4_msgs_srvs/msg
[0.982s] -- Up-to-date: /home/kidd/projects/agv_gui/install/amr_v4_msgs_srvs/include/amr_v4_msgs_srvs/msg/rosidl_typesupport_fastrtps_cpp__visibility_control.h
[0.982s] -- Up-to-date: /home/kidd/projects/agv_gui/install/amr_v4_msgs_srvs/include/amr_v4_msgs_srvs/msg/detail
[0.982s] -- Up-to-date: /home/kidd/projects/agv_gui/install/amr_v4_msgs_srvs/include/amr_v4_msgs_srvs/msg/detail/motor__rosidl_typesupport_fastrtps_cpp.hpp
[0.982s] -- Up-to-date: /home/kidd/projects/agv_gui/install/amr_v4_msgs_srvs/include/amr_v4_msgs_srvs/msg/detail/dds_fastrtps
[0.982s] -- Up-to-date: /home/kidd/projects/agv_gui/install/amr_v4_msgs_srvs/include/amr_v4_msgs_srvs/msg/detail/pin__rosidl_typesupport_fastrtps_cpp.hpp
[0.982s] -- Up-to-date: /home/kidd/projects/agv_gui/install/amr_v4_msgs_srvs/include/amr_v4_msgs_srvs/msg/detail/robot__rosidl_typesupport_fastrtps_cpp.hpp
[0.982s] -- Up-to-date: /home/kidd/projects/agv_gui/install/amr_v4_msgs_srvs/include/amr_v4_msgs_srvs/srv
[0.982s] -- Up-to-date: /home/kidd/projects/agv_gui/install/amr_v4_msgs_srvs/include/amr_v4_msgs_srvs/srv/detail
[0.982s] -- Up-to-date: /home/kidd/projects/agv_gui/install/amr_v4_msgs_srvs/include/amr_v4_msgs_srvs/srv/detail/dds_fastrtps
[0.982s] -- Up-to-date: /home/kidd/projects/agv_gui/install/amr_v4_msgs_srvs/include/amr_v4_msgs_srvs/srv/detail/testserv__rosidl_typesupport_fastrtps_cpp.hpp
[0.983s] -- Up-to-date: /home/kidd/projects/agv_gui/install/amr_v4_msgs_srvs/lib/libamr_v4_msgs_srvs__rosidl_typesupport_fastrtps_cpp.so
[0.983s] -- Up-to-date: /home/kidd/projects/agv_gui/install/amr_v4_msgs_srvs/include/amr_v4_msgs_srvs
[0.983s] -- Up-to-date: /home/kidd/projects/agv_gui/install/amr_v4_msgs_srvs/include/amr_v4_msgs_srvs/msg
[0.983s] -- Up-to-date: /home/kidd/projects/agv_gui/install/amr_v4_msgs_srvs/include/amr_v4_msgs_srvs/msg/rosidl_typesupport_introspection_c__visibility_control.h
[0.983s] -- Up-to-date: /home/kidd/projects/agv_gui/install/amr_v4_msgs_srvs/include/amr_v4_msgs_srvs/msg/detail
[0.983s] -- Up-to-date: /home/kidd/projects/agv_gui/install/amr_v4_msgs_srvs/include/amr_v4_msgs_srvs/msg/detail/robot__rosidl_typesupport_introspection_c.h
[0.983s] -- Up-to-date: /home/kidd/projects/agv_gui/install/amr_v4_msgs_srvs/include/amr_v4_msgs_srvs/msg/detail/robot__type_support.c
[0.983s] -- Up-to-date: /home/kidd/projects/agv_gui/install/amr_v4_msgs_srvs/include/amr_v4_msgs_srvs/msg/detail/motor__rosidl_typesupport_introspection_c.h
[0.983s] -- Up-to-date: /home/kidd/projects/agv_gui/install/amr_v4_msgs_srvs/include/amr_v4_msgs_srvs/msg/detail/pin__rosidl_typesupport_introspection_c.h
[0.983s] -- Up-to-date: /home/kidd/projects/agv_gui/install/amr_v4_msgs_srvs/include/amr_v4_msgs_srvs/msg/detail/pin__type_support.c
[0.984s] -- Up-to-date: /home/kidd/projects/agv_gui/install/amr_v4_msgs_srvs/include/amr_v4_msgs_srvs/msg/detail/motor__type_support.c
[0.984s] -- Up-to-date: /home/kidd/projects/agv_gui/install/amr_v4_msgs_srvs/include/amr_v4_msgs_srvs/srv
[0.984s] -- Up-to-date: /home/kidd/projects/agv_gui/install/amr_v4_msgs_srvs/include/amr_v4_msgs_srvs/srv/detail
[0.984s] -- Up-to-date: /home/kidd/projects/agv_gui/install/amr_v4_msgs_srvs/include/amr_v4_msgs_srvs/srv/detail/testserv__rosidl_typesupport_introspection_c.h
[0.984s] -- Up-to-date: /home/kidd/projects/agv_gui/install/amr_v4_msgs_srvs/include/amr_v4_msgs_srvs/srv/detail/testserv__type_support.c
[0.984s] -- Up-to-date: /home/kidd/projects/agv_gui/install/amr_v4_msgs_srvs/lib/libamr_v4_msgs_srvs__rosidl_typesupport_introspection_c.so
[0.984s] -- Up-to-date: /home/kidd/projects/agv_gui/install/amr_v4_msgs_srvs/lib/libamr_v4_msgs_srvs__rosidl_typesupport_c.so
[0.984s] -- Up-to-date: /home/kidd/projects/agv_gui/install/amr_v4_msgs_srvs/include/amr_v4_msgs_srvs
[0.984s] -- Up-to-date: /home/kidd/projects/agv_gui/install/amr_v4_msgs_srvs/include/amr_v4_msgs_srvs/msg
[0.984s] -- Up-to-date: /home/kidd/projects/agv_gui/install/amr_v4_msgs_srvs/include/amr_v4_msgs_srvs/msg/motor.hpp
[0.984s] -- Up-to-date: /home/kidd/projects/agv_gui/install/amr_v4_msgs_srvs/include/amr_v4_msgs_srvs/msg/detail
[0.997s] -- Up-to-date: /home/kidd/projects/agv_gui/install/amr_v4_msgs_srvs/include/amr_v4_msgs_srvs/msg/detail/motor__struct.hpp
[1.005s] -- Up-to-date: /home/kidd/projects/agv_gui/install/amr_v4_msgs_srvs/include/amr_v4_msgs_srvs/msg/detail/motor__builder.hpp
[1.005s] -- Up-to-date: /home/kidd/projects/agv_gui/install/amr_v4_msgs_srvs/include/amr_v4_msgs_srvs/msg/detail/robot__builder.hpp
[1.005s] -- Up-to-date: /home/kidd/projects/agv_gui/install/amr_v4_msgs_srvs/include/amr_v4_msgs_srvs/msg/detail/pin__struct.hpp
[1.005s] -- Up-to-date: /home/kidd/projects/agv_gui/install/amr_v4_msgs_srvs/include/amr_v4_msgs_srvs/msg/detail/motor__traits.hpp
[1.005s] -- Up-to-date: /home/kidd/projects/agv_gui/install/amr_v4_msgs_srvs/include/amr_v4_msgs_srvs/msg/detail/robot__struct.hpp
[1.005s] -- Up-to-date: /home/kidd/projects/agv_gui/install/amr_v4_msgs_srvs/include/amr_v4_msgs_srvs/msg/detail/pin__traits.hpp
[1.006s] -- Up-to-date: /home/kidd/projects/agv_gui/install/amr_v4_msgs_srvs/include/amr_v4_msgs_srvs/msg/detail/robot__traits.hpp
[1.006s] -- Up-to-date: /home/kidd/projects/agv_gui/install/amr_v4_msgs_srvs/include/amr_v4_msgs_srvs/msg/detail/pin__builder.hpp
[1.006s] -- Up-to-date: /home/kidd/projects/agv_gui/install/amr_v4_msgs_srvs/include/amr_v4_msgs_srvs/msg/robot.hpp
[1.006s] -- Up-to-date: /home/kidd/projects/agv_gui/install/amr_v4_msgs_srvs/include/amr_v4_msgs_srvs/msg/pin.hpp
[1.006s] -- Up-to-date: /home/kidd/projects/agv_gui/install/amr_v4_msgs_srvs/include/amr_v4_msgs_srvs/srv
[1.006s] -- Up-to-date: /home/kidd/projects/agv_gui/install/amr_v4_msgs_srvs/include/amr_v4_msgs_srvs/srv/detail
[1.006s] -- Up-to-date: /home/kidd/projects/agv_gui/install/amr_v4_msgs_srvs/include/amr_v4_msgs_srvs/srv/detail/testserv__traits.hpp
[1.007s] -- Up-to-date: /home/kidd/projects/agv_gui/install/amr_v4_msgs_srvs/include/amr_v4_msgs_srvs/srv/detail/testserv__builder.hpp
[1.007s] -- Up-to-date: /home/kidd/projects/agv_gui/install/amr_v4_msgs_srvs/include/amr_v4_msgs_srvs/srv/detail/testserv__struct.hpp
[1.007s] -- Up-to-date: /home/kidd/projects/agv_gui/install/amr_v4_msgs_srvs/include/amr_v4_msgs_srvs/srv/testserv.hpp
[1.007s] -- Up-to-date: /home/kidd/projects/agv_gui/install/amr_v4_msgs_srvs/include/amr_v4_msgs_srvs
[1.007s] -- Up-to-date: /home/kidd/projects/agv_gui/install/amr_v4_msgs_srvs/include/amr_v4_msgs_srvs/msg
[1.007s] -- Up-to-date: /home/kidd/projects/agv_gui/install/amr_v4_msgs_srvs/include/amr_v4_msgs_srvs/msg/detail
[1.007s] -- Up-to-date: /home/kidd/projects/agv_gui/install/amr_v4_msgs_srvs/include/amr_v4_msgs_srvs/msg/detail/robot__type_support.cpp
[1.008s] -- Up-to-date: /home/kidd/projects/agv_gui/install/amr_v4_msgs_srvs/include/amr_v4_msgs_srvs/msg/detail/motor__rosidl_typesupport_introspection_cpp.hpp
[1.008s] -- Up-to-date: /home/kidd/projects/agv_gui/install/amr_v4_msgs_srvs/include/amr_v4_msgs_srvs/msg/detail/motor__type_support.cpp
[1.008s] -- Up-to-date: /home/kidd/projects/agv_gui/install/amr_v4_msgs_srvs/include/amr_v4_msgs_srvs/msg/detail/pin__rosidl_typesupport_introspection_cpp.hpp
[1.008s] -- Up-to-date: /home/kidd/projects/agv_gui/install/amr_v4_msgs_srvs/include/amr_v4_msgs_srvs/msg/detail/robot__rosidl_typesupport_introspection_cpp.hpp
[1.008s] -- Up-to-date: /home/kidd/projects/agv_gui/install/amr_v4_msgs_srvs/include/amr_v4_msgs_srvs/msg/detail/pin__type_support.cpp
[1.008s] -- Up-to-date: /home/kidd/projects/agv_gui/install/amr_v4_msgs_srvs/include/amr_v4_msgs_srvs/srv
[1.008s] -- Up-to-date: /home/kidd/projects/agv_gui/install/amr_v4_msgs_srvs/include/amr_v4_msgs_srvs/srv/detail
[1.017s] -- Up-to-date: /home/kidd/projects/agv_gui/install/amr_v4_msgs_srvs/include/amr_v4_msgs_srvs/srv/detail/testserv__type_support.cpp
[1.017s] -- Up-to-date: /home/kidd/projects/agv_gui/install/amr_v4_msgs_srvs/include/amr_v4_msgs_srvs/srv/detail/testserv__rosidl_typesupport_introspection_cpp.hpp
[1.017s] -- Up-to-date: /home/kidd/projects/agv_gui/install/amr_v4_msgs_srvs/lib/libamr_v4_msgs_srvs__rosidl_typesupport_introspection_cpp.so
[1.017s] -- Up-to-date: /home/kidd/projects/agv_gui/install/amr_v4_msgs_srvs/lib/libamr_v4_msgs_srvs__rosidl_typesupport_cpp.so
[1.017s] -- Up-to-date: /home/kidd/projects/agv_gui/install/amr_v4_msgs_srvs/share/amr_v4_msgs_srvs/environment/pythonpath.sh
[1.017s] -- Up-to-date: /home/kidd/projects/agv_gui/install/amr_v4_msgs_srvs/share/amr_v4_msgs_srvs/environment/pythonpath.dsv
[1.018s] -- Up-to-date: /home/kidd/projects/agv_gui/install/amr_v4_msgs_srvs/lib/python3.8/site-packages/amr_v4_msgs_srvs/__init__.py
[1.032s] -- Up-to-date: /home/kidd/projects/agv_gui/install/amr_v4_msgs_srvs/lib/python3.8/site-packages/amr_v4_msgs_srvs/msg
[1.032s] -- Up-to-date: /home/kidd/projects/agv_gui/install/amr_v4_msgs_srvs/lib/python3.8/site-packages/amr_v4_msgs_srvs/msg/_motor.py
[1.033s] -- Up-to-date: /home/kidd/projects/agv_gui/install/amr_v4_msgs_srvs/lib/python3.8/site-packages/amr_v4_msgs_srvs/msg/_robot_s.c
[1.033s] -- Up-to-date: /home/kidd/projects/agv_gui/install/amr_v4_msgs_srvs/lib/python3.8/site-packages/amr_v4_msgs_srvs/msg/__init__.py
[1.033s] -- Up-to-date: /home/kidd/projects/agv_gui/install/amr_v4_msgs_srvs/lib/python3.8/site-packages/amr_v4_msgs_srvs/msg/_motor_s.c
[1.033s] -- Up-to-date: /home/kidd/projects/agv_gui/install/amr_v4_msgs_srvs/lib/python3.8/site-packages/amr_v4_msgs_srvs/msg/_robot.py
[1.033s] -- Up-to-date: /home/kidd/projects/agv_gui/install/amr_v4_msgs_srvs/lib/python3.8/site-packages/amr_v4_msgs_srvs/msg/_pin.py
[1.033s] -- Up-to-date: /home/kidd/projects/agv_gui/install/amr_v4_msgs_srvs/lib/python3.8/site-packages/amr_v4_msgs_srvs/msg/_pin_s.c
[1.034s] -- Up-to-date: /home/kidd/projects/agv_gui/install/amr_v4_msgs_srvs/lib/python3.8/site-packages/amr_v4_msgs_srvs/srv
[1.034s] -- Up-to-date: /home/kidd/projects/agv_gui/install/amr_v4_msgs_srvs/lib/python3.8/site-packages/amr_v4_msgs_srvs/srv/_testserv.py
[1.034s] -- Up-to-date: /home/kidd/projects/agv_gui/install/amr_v4_msgs_srvs/lib/python3.8/site-packages/amr_v4_msgs_srvs/srv/__init__.py
[1.034s] -- Up-to-date: /home/kidd/projects/agv_gui/install/amr_v4_msgs_srvs/lib/python3.8/site-packages/amr_v4_msgs_srvs/srv/_testserv_s.c
[1.034s] -- Up-to-date: /home/kidd/projects/agv_gui/install/amr_v4_msgs_srvs/lib/python3.8/site-packages/amr_v4_msgs_srvs/amr_v4_msgs_srvs_s__rosidl_typesupport_fastrtps_c.cpython-38-x86_64-linux-gnu.so
[1.035s] -- Up-to-date: /home/kidd/projects/agv_gui/install/amr_v4_msgs_srvs/lib/python3.8/site-packages/amr_v4_msgs_srvs/amr_v4_msgs_srvs_s__rosidl_typesupport_introspection_c.cpython-38-x86_64-linux-gnu.so
[1.035s] -- Up-to-date: /home/kidd/projects/agv_gui/install/amr_v4_msgs_srvs/lib/python3.8/site-packages/amr_v4_msgs_srvs/amr_v4_msgs_srvs_s__rosidl_typesupport_c.cpython-38-x86_64-linux-gnu.so
[1.036s] -- Up-to-date: /home/kidd/projects/agv_gui/install/amr_v4_msgs_srvs/lib/libamr_v4_msgs_srvs__python.so
[1.036s] -- Up-to-date: /home/kidd/projects/agv_gui/install/amr_v4_msgs_srvs/share/amr_v4_msgs_srvs/msg/Motor.idl
[1.036s] -- Up-to-date: /home/kidd/projects/agv_gui/install/amr_v4_msgs_srvs/share/amr_v4_msgs_srvs/msg/Robot.idl
[1.036s] -- Up-to-date: /home/kidd/projects/agv_gui/install/amr_v4_msgs_srvs/share/amr_v4_msgs_srvs/msg/Pin.idl
[1.037s] -- Up-to-date: /home/kidd/projects/agv_gui/install/amr_v4_msgs_srvs/share/amr_v4_msgs_srvs/srv/Testserv.idl
[1.037s] -- Up-to-date: /home/kidd/projects/agv_gui/install/amr_v4_msgs_srvs/share/amr_v4_msgs_srvs/msg/Motor.msg
[1.037s] -- Up-to-date: /home/kidd/projects/agv_gui/install/amr_v4_msgs_srvs/share/amr_v4_msgs_srvs/msg/Robot.msg
[1.037s] -- Up-to-date: /home/kidd/projects/agv_gui/install/amr_v4_msgs_srvs/share/amr_v4_msgs_srvs/msg/Pin.msg
[1.041s] -- Up-to-date: /home/kidd/projects/agv_gui/install/amr_v4_msgs_srvs/share/amr_v4_msgs_srvs/srv/Testserv.srv
[1.041s] -- Up-to-date: /home/kidd/projects/agv_gui/install/amr_v4_msgs_srvs/share/amr_v4_msgs_srvs/srv/Testserv_Request.msg
[1.041s] -- Up-to-date: /home/kidd/projects/agv_gui/install/amr_v4_msgs_srvs/share/amr_v4_msgs_srvs/srv/Testserv_Response.msg
[1.041s] -- Up-to-date: /home/kidd/projects/agv_gui/install/amr_v4_msgs_srvs/share/ament_index/resource_index/package_run_dependencies/amr_v4_msgs_srvs
[1.041s] -- Up-to-date: /home/kidd/projects/agv_gui/install/amr_v4_msgs_srvs/share/ament_index/resource_index/parent_prefix_path/amr_v4_msgs_srvs
[1.041s] -- Up-to-date: /home/kidd/projects/agv_gui/install/amr_v4_msgs_srvs/share/amr_v4_msgs_srvs/environment/ament_prefix_path.sh
[1.042s] -- Up-to-date: /home/kidd/projects/agv_gui/install/amr_v4_msgs_srvs/share/amr_v4_msgs_srvs/environment/ament_prefix_path.dsv
[1.042s] -- Up-to-date: /home/kidd/projects/agv_gui/install/amr_v4_msgs_srvs/share/amr_v4_msgs_srvs/environment/path.sh
[1.042s] -- Up-to-date: /home/kidd/projects/agv_gui/install/amr_v4_msgs_srvs/share/amr_v4_msgs_srvs/environment/path.dsv
[1.042s] -- Up-to-date: /home/kidd/projects/agv_gui/install/amr_v4_msgs_srvs/share/amr_v4_msgs_srvs/local_setup.bash
[1.042s] -- Up-to-date: /home/kidd/projects/agv_gui/install/amr_v4_msgs_srvs/share/amr_v4_msgs_srvs/local_setup.sh
[1.042s] -- Up-to-date: /home/kidd/projects/agv_gui/install/amr_v4_msgs_srvs/share/amr_v4_msgs_srvs/local_setup.zsh
[1.042s] -- Up-to-date: /home/kidd/projects/agv_gui/install/amr_v4_msgs_srvs/share/amr_v4_msgs_srvs/local_setup.dsv
[1.043s] -- Installing: /home/kidd/projects/agv_gui/install/amr_v4_msgs_srvs/share/amr_v4_msgs_srvs/package.dsv
[1.043s] -- Up-to-date: /home/kidd/projects/agv_gui/install/amr_v4_msgs_srvs/share/ament_index/resource_index/packages/amr_v4_msgs_srvs
[1.043s] -- Up-to-date: /home/kidd/projects/agv_gui/install/amr_v4_msgs_srvs/share/amr_v4_msgs_srvs/cmake/amr_v4_msgs_srvs__rosidl_generator_cExport.cmake
[1.043s] -- Up-to-date: /home/kidd/projects/agv_gui/install/amr_v4_msgs_srvs/share/amr_v4_msgs_srvs/cmake/amr_v4_msgs_srvs__rosidl_generator_cExport-noconfig.cmake
[1.043s] -- Up-to-date: /home/kidd/projects/agv_gui/install/amr_v4_msgs_srvs/share/amr_v4_msgs_srvs/cmake/amr_v4_msgs_srvs__rosidl_typesupport_introspection_cExport.cmake
[1.043s] -- Up-to-date: /home/kidd/projects/agv_gui/install/amr_v4_msgs_srvs/share/amr_v4_msgs_srvs/cmake/amr_v4_msgs_srvs__rosidl_typesupport_introspection_cExport-noconfig.cmake
[1.044s] -- Up-to-date: /home/kidd/projects/agv_gui/install/amr_v4_msgs_srvs/share/amr_v4_msgs_srvs/cmake/amr_v4_msgs_srvs__rosidl_typesupport_cExport.cmake
[1.044s] -- Up-to-date: /home/kidd/projects/agv_gui/install/amr_v4_msgs_srvs/share/amr_v4_msgs_srvs/cmake/amr_v4_msgs_srvs__rosidl_typesupport_cExport-noconfig.cmake
[1.044s] -- Up-to-date: /home/kidd/projects/agv_gui/install/amr_v4_msgs_srvs/share/amr_v4_msgs_srvs/cmake/amr_v4_msgs_srvs__rosidl_generator_cppExport.cmake
[1.044s] -- Up-to-date: /home/kidd/projects/agv_gui/install/amr_v4_msgs_srvs/share/amr_v4_msgs_srvs/cmake/amr_v4_msgs_srvs__rosidl_typesupport_introspection_cppExport.cmake
[1.044s] -- Up-to-date: /home/kidd/projects/agv_gui/install/amr_v4_msgs_srvs/share/amr_v4_msgs_srvs/cmake/amr_v4_msgs_srvs__rosidl_typesupport_introspection_cppExport-noconfig.cmake
[1.044s] -- Up-to-date: /home/kidd/projects/agv_gui/install/amr_v4_msgs_srvs/share/amr_v4_msgs_srvs/cmake/amr_v4_msgs_srvs__rosidl_typesupport_cppExport.cmake
[1.049s] -- Up-to-date: /home/kidd/projects/agv_gui/install/amr_v4_msgs_srvs/share/amr_v4_msgs_srvs/cmake/amr_v4_msgs_srvs__rosidl_typesupport_cppExport-noconfig.cmake
[1.059s] -- Up-to-date: /home/kidd/projects/agv_gui/install/amr_v4_msgs_srvs/share/amr_v4_msgs_srvs/cmake/rosidl_cmake-extras.cmake
[1.061s] -- Up-to-date: /home/kidd/projects/agv_gui/install/amr_v4_msgs_srvs/share/amr_v4_msgs_srvs/cmake/ament_cmake_export_dependencies-extras.cmake
[1.062s] -- Up-to-date: /home/kidd/projects/agv_gui/install/amr_v4_msgs_srvs/share/amr_v4_msgs_srvs/cmake/ament_cmake_export_libraries-extras.cmake
[1.064s] -- Up-to-date: /home/kidd/projects/agv_gui/install/amr_v4_msgs_srvs/share/amr_v4_msgs_srvs/cmake/ament_cmake_export_targets-extras.cmake
[1.066s] -- Up-to-date: /home/kidd/projects/agv_gui/install/amr_v4_msgs_srvs/share/amr_v4_msgs_srvs/cmake/ament_cmake_export_include_directories-extras.cmake
[1.067s] -- Up-to-date: /home/kidd/projects/agv_gui/install/amr_v4_msgs_srvs/share/amr_v4_msgs_srvs/cmake/rosidl_cmake_export_typesupport_libraries-extras.cmake
[1.068s] -- Up-to-date: /home/kidd/projects/agv_gui/install/amr_v4_msgs_srvs/share/amr_v4_msgs_srvs/cmake/rosidl_cmake_export_typesupport_targets-extras.cmake
[1.072s] -- Up-to-date: /home/kidd/projects/agv_gui/install/amr_v4_msgs_srvs/share/amr_v4_msgs_srvs/cmake/amr_v4_msgs_srvsConfig.cmake
[1.072s] -- Up-to-date: /home/kidd/projects/agv_gui/install/amr_v4_msgs_srvs/share/amr_v4_msgs_srvs/cmake/amr_v4_msgs_srvsConfig-version.cmake
[1.072s] -- Up-to-date: /home/kidd/projects/agv_gui/install/amr_v4_msgs_srvs/share/amr_v4_msgs_srvs/package.xml
[1.072s] Invoked command in '/home/kidd/projects/agv_gui/build/amr_v4_msgs_srvs' returned '0': CMAKE_PREFIX_PATH=${CMAKE_PREFIX_PATH}:/opt/ros/galactic /usr/bin/cmake --install /home/kidd/projects/agv_gui/build/amr_v4_msgs_srvs
