[0.550s] Invoking command in '/home/colin/agv_gui/build/agv_gui': CMAKE_PREFIX_PATH=${CMAKE_PREFIX_PATH}:/opt/ros/galactic /usr/bin/cmake --build /home/colin/agv_gui/build/agv_gui -- -j4 -l4
[0.795s] [  5%] [34m[1mAutomatic MOC and UIC for target agv_gui[0m
[0.838s] AutoMoc warning
[0.838s] ---------------
[0.839s] "SRC:/src/battery_node_1.cpp"
[0.839s] includes the moc file "battery_node_1.moc", but does not contain a Q_OBJECT, Q_GADGET or Q_NAMESPACE macro.
[0.839s] 
[0.840s] AutoMoc warning
[0.840s] ---------------
[0.840s] "SRC:/src/battery_node_2.cpp"
[0.841s] includes the moc file "battery_node_2.moc", but does not contain a Q_OBJECT, Q_GADGET or Q_NAMESPACE macro.
[0.841s] 
[0.841s] AutoMoc warning
[0.841s] ---------------
[0.842s] "SRC:/src/battery_node_3.cpp"
[0.842s] includes the moc file "battery_node_3.moc", but does not contain a Q_OBJECT, Q_GADGET or Q_NAMESPACE macro.
[0.842s] 
[0.843s] AutoMoc warning
[0.843s] ---------------
[0.843s] "SRC:/src/battery_node_4.cpp"
[0.843s] includes the moc file "battery_node_4.moc", but does not contain a Q_OBJECT, Q_GADGET or Q_NAMESPACE macro.
[0.844s] 
[0.844s] AutoMoc warning
[0.844s] ---------------
[0.844s] "SRC:/src/charge_node.cpp"
[0.845s] includes the moc file "charge_node.moc", but does not contain a Q_OBJECT, Q_GADGET or Q_NAMESPACE macro.
[0.845s] 
[1.467s] [  5%] Built target agv_gui_autogen
[1.552s] [35m[1mScanning dependencies of target agv_gui[0m
[1.897s] [ 10%] [32mBuilding CXX object CMakeFiles/agv_gui.dir/src/main_gui.cpp.o[0m
[2.723s] [01m[K/home/colin/agv_gui/src/agv_gui/src/main_gui.cpp:273:10:[m[K [01;31m[Kfatal error: [m[Kcharge_sub.hpp: No such file or directory
[2.724s]   273 | #include [01;31m[K"charge_sub.hpp"[m[K
[2.724s]       |          [01;31m[K^~~~~~~~~~~~~~~~[m[K
[2.724s] compilation terminated.
[2.742s] make[2]: *** [CMakeFiles/agv_gui.dir/build.make:161: CMakeFiles/agv_gui.dir/src/main_gui.cpp.o] Error 1
[2.743s] make[1]: *** [CMakeFiles/Makefile2:79: CMakeFiles/agv_gui.dir/all] Error 2
[2.744s] make: *** [Makefile:141: all] Error 2
[2.756s] Invoked command in '/home/colin/agv_gui/build/agv_gui' returned '2': CMAKE_PREFIX_PATH=${CMAKE_PREFIX_PATH}:/opt/ros/galactic /usr/bin/cmake --build /home/colin/agv_gui/build/agv_gui -- -j4 -l4
