[0.129s] DEBUG:colcon:Command line arguments: ['/usr/bin/colcon', 'build']
[0.129s] DEBUG:colcon:Parsed command line arguments: Namespace(log_base=None, log_level=None, verb_name='build', build_base='build', install_base='install', merge_install=False, symlink_install=False, test_result_base=None, continue_on_error=False, executor='parallel', parallel_workers=4, event_handlers=None, ignore_user_meta=False, metas=['./colcon.meta'], base_paths=['.'], packages_ignore=None, packages_ignore_regex=None, paths=None, packages_up_to=None, packages_up_to_regex=None, packages_above=None, packages_above_and_dependencies=None, packages_above_depth=None, packages_select_by_dep=None, packages_skip_by_dep=None, packages_skip_up_to=None, packages_select_build_failed=False, packages_skip_build_finished=False, packages_select_test_failures=False, packages_skip_test_passed=False, packages_select=None, packages_skip=None, packages_select_regex=None, packages_skip_regex=None, packages_start=None, packages_end=None, allow_overriding=[], cmake_args=None, cmake_target=None, cmake_target_skip_unavailable=False, cmake_clean_cache=False, cmake_clean_first=False, cmake_force_configure=False, ament_cmake_args=None, catkin_cmake_args=None, catkin_skip_building_tests=False, mixin_files=None, mixin=None, verb_parser=<colcon_mixin.mixin.mixin_argument.MixinArgumentDecorator object at 0x7937d1cc1f30>, verb_extension=<colcon_core.verb.build.BuildVerb object at 0x7937d1cc1570>, main=<bound method BuildVerb.main of <colcon_core.verb.build.BuildVerb object at 0x7937d1cc1570>>, mixin_verb=('build',))
[0.327s] Level 1:colcon.colcon_core.package_discovery:discover_packages(colcon_meta) check parameters
[0.327s] Level 1:colcon.colcon_core.package_discovery:discover_packages(recursive) check parameters
[0.327s] Level 1:colcon.colcon_core.package_discovery:discover_packages(ignore) check parameters
[0.327s] Level 1:colcon.colcon_core.package_discovery:discover_packages(path) check parameters
[0.327s] Level 1:colcon.colcon_core.package_discovery:discover_packages(colcon_meta) discover
[0.327s] Level 1:colcon.colcon_core.package_discovery:discover_packages(recursive) discover
[0.327s] INFO:colcon.colcon_core.package_discovery:Crawling recursively for packages in '/home/colin/agv_gui'
[0.327s] Level 1:colcon.colcon_core.package_identification:_identify(.) by extensions ['ignore', 'ignore_ament_install']
[0.328s] Level 1:colcon.colcon_core.package_identification:_identify(.) by extension 'ignore'
[0.328s] Level 1:colcon.colcon_core.package_identification:_identify(.) by extension 'ignore_ament_install'
[0.328s] Level 1:colcon.colcon_core.package_identification:_identify(.) by extensions ['colcon_pkg']
[0.328s] Level 1:colcon.colcon_core.package_identification:_identify(.) by extension 'colcon_pkg'
[0.328s] Level 1:colcon.colcon_core.package_identification:_identify(.) by extensions ['colcon_meta']
[0.328s] Level 1:colcon.colcon_core.package_identification:_identify(.) by extension 'colcon_meta'
[0.328s] Level 1:colcon.colcon_core.package_identification:_identify(.) by extensions ['ros']
[0.328s] Level 1:colcon.colcon_core.package_identification:_identify(.) by extension 'ros'
[0.341s] Level 1:colcon.colcon_core.package_identification:_identify(.) by extensions ['cmake', 'python']
[0.341s] Level 1:colcon.colcon_core.package_identification:_identify(.) by extension 'cmake'
[0.341s] Level 1:colcon.colcon_core.package_identification:_identify(.) by extension 'python'
[0.341s] Level 1:colcon.colcon_core.package_identification:_identify(.) by extensions ['python_setup_py']
[0.341s] Level 1:colcon.colcon_core.package_identification:_identify(.) by extension 'python_setup_py'
[0.342s] Level 1:colcon.colcon_core.package_identification:_identify(build) by extensions ['ignore', 'ignore_ament_install']
[0.342s] Level 1:colcon.colcon_core.package_identification:_identify(build) by extension 'ignore'
[0.342s] Level 1:colcon.colcon_core.package_identification:_identify(build) ignored
[0.342s] Level 1:colcon.colcon_core.package_identification:_identify(install) by extensions ['ignore', 'ignore_ament_install']
[0.342s] Level 1:colcon.colcon_core.package_identification:_identify(install) by extension 'ignore'
[0.342s] Level 1:colcon.colcon_core.package_identification:_identify(install) ignored
[0.342s] Level 1:colcon.colcon_core.package_identification:_identify(log) by extensions ['ignore', 'ignore_ament_install']
[0.342s] Level 1:colcon.colcon_core.package_identification:_identify(log) by extension 'ignore'
[0.342s] Level 1:colcon.colcon_core.package_identification:_identify(log) ignored
[0.342s] Level 1:colcon.colcon_core.package_identification:_identify(src) by extensions ['ignore', 'ignore_ament_install']
[0.342s] Level 1:colcon.colcon_core.package_identification:_identify(src) by extension 'ignore'
[0.342s] Level 1:colcon.colcon_core.package_identification:_identify(src) by extension 'ignore_ament_install'
[0.343s] Level 1:colcon.colcon_core.package_identification:_identify(src) by extensions ['colcon_pkg']
[0.343s] Level 1:colcon.colcon_core.package_identification:_identify(src) by extension 'colcon_pkg'
[0.343s] Level 1:colcon.colcon_core.package_identification:_identify(src) by extensions ['colcon_meta']
[0.343s] Level 1:colcon.colcon_core.package_identification:_identify(src) by extension 'colcon_meta'
[0.343s] Level 1:colcon.colcon_core.package_identification:_identify(src) by extensions ['ros']
[0.343s] Level 1:colcon.colcon_core.package_identification:_identify(src) by extension 'ros'
[0.343s] Level 1:colcon.colcon_core.package_identification:_identify(src) by extensions ['cmake', 'python']
[0.343s] Level 1:colcon.colcon_core.package_identification:_identify(src) by extension 'cmake'
[0.343s] Level 1:colcon.colcon_core.package_identification:_identify(src) by extension 'python'
[0.343s] Level 1:colcon.colcon_core.package_identification:_identify(src) by extensions ['python_setup_py']
[0.343s] Level 1:colcon.colcon_core.package_identification:_identify(src) by extension 'python_setup_py'
[0.343s] Level 1:colcon.colcon_core.package_identification:_identify(src/amr_v4_msgs_srvs) by extensions ['ignore', 'ignore_ament_install']
[0.343s] Level 1:colcon.colcon_core.package_identification:_identify(src/amr_v4_msgs_srvs) by extension 'ignore'
[0.343s] Level 1:colcon.colcon_core.package_identification:_identify(src/amr_v4_msgs_srvs) ignored
[0.343s] Level 1:colcon.colcon_core.package_identification:_identify(src/amr_v4_qt) by extensions ['ignore', 'ignore_ament_install']
[0.343s] Level 1:colcon.colcon_core.package_identification:_identify(src/amr_v4_qt) by extension 'ignore'
[0.344s] Level 1:colcon.colcon_core.package_identification:_identify(src/amr_v4_qt) by extension 'ignore_ament_install'
[0.344s] Level 1:colcon.colcon_core.package_identification:_identify(src/amr_v4_qt) by extensions ['colcon_pkg']
[0.344s] Level 1:colcon.colcon_core.package_identification:_identify(src/amr_v4_qt) by extension 'colcon_pkg'
[0.344s] Level 1:colcon.colcon_core.package_identification:_identify(src/amr_v4_qt) by extensions ['colcon_meta']
[0.344s] Level 1:colcon.colcon_core.package_identification:_identify(src/amr_v4_qt) by extension 'colcon_meta'
[0.344s] Level 1:colcon.colcon_core.package_identification:_identify(src/amr_v4_qt) by extensions ['ros']
[0.344s] Level 1:colcon.colcon_core.package_identification:_identify(src/amr_v4_qt) by extension 'ros'
[0.347s] DEBUG:colcon.colcon_core.package_identification:Package 'src/amr_v4_qt' with type 'ros.ament_cmake' and name 'amr_v4_qt'
[0.347s] Level 1:colcon.colcon_core.package_discovery:discover_packages(recursive) using defaults
[0.347s] Level 1:colcon.colcon_core.package_discovery:discover_packages(ignore) discover
[0.347s] Level 1:colcon.colcon_core.package_discovery:discover_packages(ignore) using defaults
[0.347s] Level 1:colcon.colcon_core.package_discovery:discover_packages(path) discover
[0.347s] Level 1:colcon.colcon_core.package_discovery:discover_packages(path) using defaults
[0.374s] Level 1:colcon.colcon_core.package_discovery:discover_packages(prefix_path) check parameters
[0.374s] Level 1:colcon.colcon_core.package_discovery:discover_packages(prefix_path) discover
[0.377s] DEBUG:colcon.colcon_installed_package_information.package_discovery:Found 2 installed packages in /home/colin/agv_gui/install
[0.378s] DEBUG:colcon.colcon_installed_package_information.package_discovery:Found 283 installed packages in /opt/ros/iron
[0.397s] Level 1:colcon.colcon_core.package_discovery:discover_packages(prefix_path) using defaults
[0.460s] Level 5:colcon.colcon_core.verb:set package 'amr_v4_qt' build argument 'cmake_args' from command line to 'None'
[0.460s] Level 5:colcon.colcon_core.verb:set package 'amr_v4_qt' build argument 'cmake_target' from command line to 'None'
[0.460s] Level 5:colcon.colcon_core.verb:set package 'amr_v4_qt' build argument 'cmake_target_skip_unavailable' from command line to 'False'
[0.460s] Level 5:colcon.colcon_core.verb:set package 'amr_v4_qt' build argument 'cmake_clean_cache' from command line to 'False'
[0.460s] Level 5:colcon.colcon_core.verb:set package 'amr_v4_qt' build argument 'cmake_clean_first' from command line to 'False'
[0.460s] Level 5:colcon.colcon_core.verb:set package 'amr_v4_qt' build argument 'cmake_force_configure' from command line to 'False'
[0.460s] Level 5:colcon.colcon_core.verb:set package 'amr_v4_qt' build argument 'ament_cmake_args' from command line to 'None'
[0.460s] Level 5:colcon.colcon_core.verb:set package 'amr_v4_qt' build argument 'catkin_cmake_args' from command line to 'None'
[0.461s] Level 5:colcon.colcon_core.verb:set package 'amr_v4_qt' build argument 'catkin_skip_building_tests' from command line to 'False'
[0.461s] DEBUG:colcon.colcon_core.verb:Building package 'amr_v4_qt' with the following arguments: {'ament_cmake_args': None, 'build_base': '/home/colin/agv_gui/build/amr_v4_qt', 'catkin_cmake_args': None, 'catkin_skip_building_tests': False, 'cmake_args': None, 'cmake_clean_cache': False, 'cmake_clean_first': False, 'cmake_force_configure': False, 'cmake_target': None, 'cmake_target_skip_unavailable': False, 'install_base': '/home/colin/agv_gui/install/amr_v4_qt', 'merge_install': False, 'path': '/home/colin/agv_gui/src/amr_v4_qt', 'symlink_install': False, 'test_result_base': None}
[0.461s] INFO:colcon.colcon_core.executor:Executing jobs using 'parallel' executor
[0.462s] DEBUG:colcon.colcon_parallel_executor.executor.parallel:run_until_complete
[0.462s] INFO:colcon.colcon_ros.task.ament_cmake.build:Building ROS package in '/home/colin/agv_gui/src/amr_v4_qt' with build type 'ament_cmake'
[0.462s] INFO:colcon.colcon_cmake.task.cmake.build:Building CMake package in '/home/colin/agv_gui/src/amr_v4_qt'
[0.467s] INFO:colcon.colcon_core.plugin_system:Skipping extension 'colcon_core.shell.bat': Not used on non-Windows systems
[0.467s] INFO:colcon.colcon_core.shell:Skip shell extension 'powershell' for command environment: Not usable outside of PowerShell
[0.467s] DEBUG:colcon.colcon_core.shell:Skip shell extension 'dsv' for command environment
[0.481s] DEBUG:colcon.colcon_core.event_handler.log_command:Invoking command in '/home/colin/agv_gui/build/amr_v4_qt': CMAKE_PREFIX_PATH=${CMAKE_PREFIX_PATH}:/opt/ros/iron /usr/bin/cmake --build /home/colin/agv_gui/build/amr_v4_qt -- -j4 -l4
[10.148s] DEBUG:colcon.colcon_core.event_handler.log_command:Invoked command in '/home/colin/agv_gui/build/amr_v4_qt' returned '2': CMAKE_PREFIX_PATH=${CMAKE_PREFIX_PATH}:/opt/ros/iron /usr/bin/cmake --build /home/colin/agv_gui/build/amr_v4_qt -- -j4 -l4
[10.275s] Level 1:colcon.colcon_core.environment:create_environment_scripts_only(amr_v4_qt)
[10.278s] Level 1:colcon.colcon_core.environment:checking '/home/colin/agv_gui/install/amr_v4_qt' for CMake module files
[10.279s] Level 1:colcon.colcon_core.environment:checking '/home/colin/agv_gui/install/amr_v4_qt' for CMake config files
[10.279s] Level 1:colcon.colcon_core.shell:create_environment_hook('amr_v4_qt', 'cmake_prefix_path')
[10.279s] INFO:colcon.colcon_core.shell:Creating environment hook '/home/colin/agv_gui/install/amr_v4_qt/share/amr_v4_qt/hook/cmake_prefix_path.ps1'
[10.282s] INFO:colcon.colcon_core.shell:Creating environment descriptor '/home/colin/agv_gui/install/amr_v4_qt/share/amr_v4_qt/hook/cmake_prefix_path.dsv'
[10.284s] INFO:colcon.colcon_core.shell:Creating environment hook '/home/colin/agv_gui/install/amr_v4_qt/share/amr_v4_qt/hook/cmake_prefix_path.sh'
[10.287s] Level 1:colcon.colcon_core.environment:checking '/home/colin/agv_gui/install/amr_v4_qt/lib'
[10.287s] Level 1:colcon.colcon_core.environment:checking '/home/colin/agv_gui/install/amr_v4_qt/bin'
[10.287s] Level 1:colcon.colcon_core.environment:checking '/home/colin/agv_gui/install/amr_v4_qt/lib/pkgconfig/amr_v4_qt.pc'
[10.288s] Level 1:colcon.colcon_core.environment:checking '/home/colin/agv_gui/install/amr_v4_qt/lib/python3.10/site-packages'
[10.288s] Level 1:colcon.colcon_core.environment:checking '/home/colin/agv_gui/install/amr_v4_qt/bin'
[10.289s] INFO:colcon.colcon_core.shell:Creating package script '/home/colin/agv_gui/install/amr_v4_qt/share/amr_v4_qt/package.ps1'
[10.290s] INFO:colcon.colcon_core.shell:Creating package descriptor '/home/colin/agv_gui/install/amr_v4_qt/share/amr_v4_qt/package.dsv'
[10.291s] INFO:colcon.colcon_core.shell:Creating package script '/home/colin/agv_gui/install/amr_v4_qt/share/amr_v4_qt/package.sh'
[10.291s] INFO:colcon.colcon_core.shell:Creating package script '/home/colin/agv_gui/install/amr_v4_qt/share/amr_v4_qt/package.bash'
[10.292s] INFO:colcon.colcon_core.shell:Creating package script '/home/colin/agv_gui/install/amr_v4_qt/share/amr_v4_qt/package.zsh'
[10.293s] Level 1:colcon.colcon_core.environment:create_file_with_runtime_dependencies(/home/colin/agv_gui/install/amr_v4_qt/share/colcon-core/packages/amr_v4_qt)
[10.294s] DEBUG:colcon.colcon_parallel_executor.executor.parallel:closing loop
[10.294s] DEBUG:colcon.colcon_parallel_executor.executor.parallel:loop closed
[10.294s] DEBUG:colcon.colcon_parallel_executor.executor.parallel:run_until_complete finished with '2'
[10.294s] DEBUG:colcon.colcon_core.event_reactor:joining thread
[10.301s] INFO:colcon.colcon_core.plugin_system:Skipping extension 'colcon_notification.desktop_notification.terminal_notifier': Not used on non-Darwin systems
[10.301s] INFO:colcon.colcon_core.plugin_system:Skipping extension 'colcon_notification.desktop_notification.win32': Not used on non-Windows systems
[10.301s] INFO:colcon.colcon_notification.desktop_notification:Sending desktop notification using 'notify2'
[10.317s] DEBUG:colcon.colcon_core.event_reactor:joined thread
[10.318s] INFO:colcon.colcon_core.shell:Creating prefix script '/home/colin/agv_gui/install/local_setup.ps1'
[10.319s] INFO:colcon.colcon_core.shell:Creating prefix util module '/home/colin/agv_gui/install/_local_setup_util_ps1.py'
[10.320s] INFO:colcon.colcon_core.shell:Creating prefix chain script '/home/colin/agv_gui/install/setup.ps1'
[10.321s] INFO:colcon.colcon_core.shell:Creating prefix script '/home/colin/agv_gui/install/local_setup.sh'
[10.322s] INFO:colcon.colcon_core.shell:Creating prefix util module '/home/colin/agv_gui/install/_local_setup_util_sh.py'
[10.323s] INFO:colcon.colcon_core.shell:Creating prefix chain script '/home/colin/agv_gui/install/setup.sh'
[10.324s] INFO:colcon.colcon_core.shell:Creating prefix script '/home/colin/agv_gui/install/local_setup.bash'
[10.324s] INFO:colcon.colcon_core.shell:Creating prefix chain script '/home/colin/agv_gui/install/setup.bash'
[10.326s] INFO:colcon.colcon_core.shell:Creating prefix script '/home/colin/agv_gui/install/local_setup.zsh'
[10.326s] INFO:colcon.colcon_core.shell:Creating prefix chain script '/home/colin/agv_gui/install/setup.zsh'
