[7.415s] DEBUG:colcon:Command line arguments: ['/usr/bin/colcon', 'build']
[7.416s] DEBUG:colcon:Parsed command line arguments: Namespace(allow_overriding=[], ament_cmake_args=None, base_paths=['.'], build_base='build', catkin_cmake_args=None, catkin_skip_building_tests=False, cmake_args=None, cmake_clean_cache=False, cmake_clean_first=False, cmake_force_configure=False, cmake_target=None, cmake_target_skip_unavailable=False, continue_on_error=False, event_handlers=None, executor='parallel', ignore_user_meta=False, install_base='install', log_base=None, log_level=None, main=<bound method BuildVerb.main of <colcon_core.verb.build.BuildVerb object at 0xffffa5d6d250>>, merge_install=False, metas=['./colcon.meta'], packages_above=None, packages_above_and_dependencies=None, packages_above_depth=None, packages_end=None, packages_ignore=None, packages_ignore_regex=None, packages_select=None, packages_select_build_failed=False, packages_select_by_dep=None, packages_select_regex=None, packages_select_test_failures=False, packages_skip=None, packages_skip_build_finished=False, packages_skip_by_dep=None, packages_skip_regex=None, packages_skip_test_passed=False, packages_skip_up_to=None, packages_start=None, packages_up_to=None, packages_up_to_regex=None, parallel_workers=4, paths=None, symlink_install=False, test_result_base=None, verb_extension=<colcon_core.verb.build.BuildVerb object at 0xffffa5d6d250>, verb_name='build', verb_parser=<colcon_defaults.argument_parser.defaults.DefaultArgumentsDecorator object at 0xffffa5ba99a0>)
[7.734s] Level 1:colcon.colcon_core.package_discovery:discover_packages(colcon_meta) check parameters
[7.734s] Level 1:colcon.colcon_core.package_discovery:discover_packages(recursive) check parameters
[7.735s] Level 1:colcon.colcon_core.package_discovery:discover_packages(ignore) check parameters
[7.735s] Level 1:colcon.colcon_core.package_discovery:discover_packages(path) check parameters
[7.735s] Level 1:colcon.colcon_core.package_discovery:discover_packages(colcon_meta) discover
[7.735s] Level 1:colcon.colcon_core.package_discovery:discover_packages(recursive) discover
[7.735s] INFO:colcon.colcon_core.package_discovery:Crawling recursively for packages in '/home/colin/agv_gui'
[7.736s] Level 1:colcon.colcon_core.package_identification:_identify(.) by extensions ['ignore', 'ignore_ament_install']
[7.736s] Level 1:colcon.colcon_core.package_identification:_identify(.) by extension 'ignore'
[7.736s] Level 1:colcon.colcon_core.package_identification:_identify(.) by extension 'ignore_ament_install'
[7.737s] Level 1:colcon.colcon_core.package_identification:_identify(.) by extensions ['colcon_pkg']
[7.737s] Level 1:colcon.colcon_core.package_identification:_identify(.) by extension 'colcon_pkg'
[7.737s] Level 1:colcon.colcon_core.package_identification:_identify(.) by extensions ['colcon_meta']
[7.737s] Level 1:colcon.colcon_core.package_identification:_identify(.) by extension 'colcon_meta'
[7.737s] Level 1:colcon.colcon_core.package_identification:_identify(.) by extensions ['ros']
[7.737s] Level 1:colcon.colcon_core.package_identification:_identify(.) by extension 'ros'
[7.807s] Level 1:colcon.colcon_core.package_identification:_identify(.) by extensions ['cmake', 'python']
[7.808s] Level 1:colcon.colcon_core.package_identification:_identify(.) by extension 'cmake'
[7.808s] Level 1:colcon.colcon_core.package_identification:_identify(.) by extension 'python'
[7.808s] Level 1:colcon.colcon_core.package_identification:_identify(.) by extensions ['python_setup_py']
[7.808s] Level 1:colcon.colcon_core.package_identification:_identify(.) by extension 'python_setup_py'
[7.809s] Level 1:colcon.colcon_core.package_identification:_identify(build) by extensions ['ignore', 'ignore_ament_install']
[7.809s] Level 1:colcon.colcon_core.package_identification:_identify(build) by extension 'ignore'
[7.809s] Level 1:colcon.colcon_core.package_identification:_identify(build) ignored
[7.810s] Level 1:colcon.colcon_core.package_identification:_identify(devel) by extensions ['ignore', 'ignore_ament_install']
[7.810s] Level 1:colcon.colcon_core.package_identification:_identify(devel) by extension 'ignore'
[7.811s] Level 1:colcon.colcon_core.package_identification:_identify(devel) by extension 'ignore_ament_install'
[7.811s] Level 1:colcon.colcon_core.package_identification:_identify(devel) by extensions ['colcon_pkg']
[7.811s] Level 1:colcon.colcon_core.package_identification:_identify(devel) by extension 'colcon_pkg'
[7.811s] Level 1:colcon.colcon_core.package_identification:_identify(devel) by extensions ['colcon_meta']
[7.811s] Level 1:colcon.colcon_core.package_identification:_identify(devel) by extension 'colcon_meta'
[7.811s] Level 1:colcon.colcon_core.package_identification:_identify(devel) by extensions ['ros']
[7.811s] Level 1:colcon.colcon_core.package_identification:_identify(devel) by extension 'ros'
[7.812s] Level 1:colcon.colcon_core.package_identification:_identify(devel) by extensions ['cmake', 'python']
[7.812s] Level 1:colcon.colcon_core.package_identification:_identify(devel) by extension 'cmake'
[7.812s] Level 1:colcon.colcon_core.package_identification:_identify(devel) by extension 'python'
[7.812s] Level 1:colcon.colcon_core.package_identification:_identify(devel) by extensions ['python_setup_py']
[7.812s] Level 1:colcon.colcon_core.package_identification:_identify(devel) by extension 'python_setup_py'
[7.813s] Level 1:colcon.colcon_core.package_identification:_identify(install) by extensions ['ignore', 'ignore_ament_install']
[7.813s] Level 1:colcon.colcon_core.package_identification:_identify(install) by extension 'ignore'
[7.813s] Level 1:colcon.colcon_core.package_identification:_identify(install) ignored
[7.814s] Level 1:colcon.colcon_core.package_identification:_identify(log) by extensions ['ignore', 'ignore_ament_install']
[7.814s] Level 1:colcon.colcon_core.package_identification:_identify(log) by extension 'ignore'
[7.814s] Level 1:colcon.colcon_core.package_identification:_identify(log) ignored
[7.815s] Level 1:colcon.colcon_core.package_identification:_identify(logs) by extensions ['ignore', 'ignore_ament_install']
[7.815s] Level 1:colcon.colcon_core.package_identification:_identify(logs) by extension 'ignore'
[7.815s] Level 1:colcon.colcon_core.package_identification:_identify(logs) by extension 'ignore_ament_install'
[7.815s] Level 1:colcon.colcon_core.package_identification:_identify(logs) by extensions ['colcon_pkg']
[7.815s] Level 1:colcon.colcon_core.package_identification:_identify(logs) by extension 'colcon_pkg'
[7.816s] Level 1:colcon.colcon_core.package_identification:_identify(logs) by extensions ['colcon_meta']
[7.816s] Level 1:colcon.colcon_core.package_identification:_identify(logs) by extension 'colcon_meta'
[7.816s] Level 1:colcon.colcon_core.package_identification:_identify(logs) by extensions ['ros']
[7.816s] Level 1:colcon.colcon_core.package_identification:_identify(logs) by extension 'ros'
[7.816s] Level 1:colcon.colcon_core.package_identification:_identify(logs) by extensions ['cmake', 'python']
[7.816s] Level 1:colcon.colcon_core.package_identification:_identify(logs) by extension 'cmake'
[7.817s] Level 1:colcon.colcon_core.package_identification:_identify(logs) by extension 'python'
[7.817s] Level 1:colcon.colcon_core.package_identification:_identify(logs) by extensions ['python_setup_py']
[7.817s] Level 1:colcon.colcon_core.package_identification:_identify(logs) by extension 'python_setup_py'
[7.817s] Level 1:colcon.colcon_core.package_identification:_identify(src) by extensions ['ignore', 'ignore_ament_install']
[7.818s] Level 1:colcon.colcon_core.package_identification:_identify(src) by extension 'ignore'
[7.818s] Level 1:colcon.colcon_core.package_identification:_identify(src) by extension 'ignore_ament_install'
[7.818s] Level 1:colcon.colcon_core.package_identification:_identify(src) by extensions ['colcon_pkg']
[7.818s] Level 1:colcon.colcon_core.package_identification:_identify(src) by extension 'colcon_pkg'
[7.818s] Level 1:colcon.colcon_core.package_identification:_identify(src) by extensions ['colcon_meta']
[7.818s] Level 1:colcon.colcon_core.package_identification:_identify(src) by extension 'colcon_meta'
[7.819s] Level 1:colcon.colcon_core.package_identification:_identify(src) by extensions ['ros']
[7.819s] Level 1:colcon.colcon_core.package_identification:_identify(src) by extension 'ros'
[7.819s] Level 1:colcon.colcon_core.package_identification:_identify(src) by extensions ['cmake', 'python']
[7.819s] Level 1:colcon.colcon_core.package_identification:_identify(src) by extension 'cmake'
[7.819s] Level 1:colcon.colcon_core.package_identification:_identify(src) by extension 'python'
[7.819s] Level 1:colcon.colcon_core.package_identification:_identify(src) by extensions ['python_setup_py']
[7.820s] Level 1:colcon.colcon_core.package_identification:_identify(src) by extension 'python_setup_py'
[7.820s] Level 1:colcon.colcon_core.package_identification:_identify(src/agv_gui) by extensions ['ignore', 'ignore_ament_install']
[7.820s] Level 1:colcon.colcon_core.package_identification:_identify(src/agv_gui) by extension 'ignore'
[7.820s] Level 1:colcon.colcon_core.package_identification:_identify(src/agv_gui) by extension 'ignore_ament_install'
[7.821s] Level 1:colcon.colcon_core.package_identification:_identify(src/agv_gui) by extensions ['colcon_pkg']
[7.821s] Level 1:colcon.colcon_core.package_identification:_identify(src/agv_gui) by extension 'colcon_pkg'
[7.821s] Level 1:colcon.colcon_core.package_identification:_identify(src/agv_gui) by extensions ['colcon_meta']
[7.821s] Level 1:colcon.colcon_core.package_identification:_identify(src/agv_gui) by extension 'colcon_meta'
[7.821s] Level 1:colcon.colcon_core.package_identification:_identify(src/agv_gui) by extensions ['ros']
[7.821s] Level 1:colcon.colcon_core.package_identification:_identify(src/agv_gui) by extension 'ros'
[7.832s] DEBUG:colcon.colcon_core.package_identification:Package 'src/agv_gui' with type 'ros.ament_cmake' and name 'agv_gui'
[7.832s] Level 1:colcon.colcon_core.package_discovery:discover_packages(recursive) using defaults
[7.832s] Level 1:colcon.colcon_core.package_discovery:discover_packages(ignore) discover
[7.832s] Level 1:colcon.colcon_core.package_discovery:discover_packages(ignore) using defaults
[7.833s] Level 1:colcon.colcon_core.package_discovery:discover_packages(path) discover
[7.833s] Level 1:colcon.colcon_core.package_discovery:discover_packages(path) using defaults
[8.493s] Level 1:colcon.colcon_core.package_discovery:discover_packages(prefix_path) check parameters
[8.494s] Level 1:colcon.colcon_core.package_discovery:discover_packages(prefix_path) discover
[8.741s] DEBUG:colcon.colcon_installed_package_information.package_discovery:Found 1 installed packages in /home/colin/agv_gui/install
[8.868s] DEBUG:colcon.colcon_installed_package_information.package_discovery:Found 268 installed packages in /opt/ros/galactic
[8.875s] Level 1:colcon.colcon_core.package_discovery:discover_packages(prefix_path) using defaults
[9.458s] Level 5:colcon.colcon_core.verb:set package 'agv_gui' build argument 'cmake_args' from command line to 'None'
[9.458s] Level 5:colcon.colcon_core.verb:set package 'agv_gui' build argument 'cmake_target' from command line to 'None'
[9.458s] Level 5:colcon.colcon_core.verb:set package 'agv_gui' build argument 'cmake_target_skip_unavailable' from command line to 'False'
[9.458s] Level 5:colcon.colcon_core.verb:set package 'agv_gui' build argument 'cmake_clean_cache' from command line to 'False'
[9.458s] Level 5:colcon.colcon_core.verb:set package 'agv_gui' build argument 'cmake_clean_first' from command line to 'False'
[9.458s] Level 5:colcon.colcon_core.verb:set package 'agv_gui' build argument 'cmake_force_configure' from command line to 'False'
[9.458s] Level 5:colcon.colcon_core.verb:set package 'agv_gui' build argument 'ament_cmake_args' from command line to 'None'
[9.459s] Level 5:colcon.colcon_core.verb:set package 'agv_gui' build argument 'catkin_cmake_args' from command line to 'None'
[9.459s] Level 5:colcon.colcon_core.verb:set package 'agv_gui' build argument 'catkin_skip_building_tests' from command line to 'False'
[9.459s] DEBUG:colcon.colcon_core.verb:Building package 'agv_gui' with the following arguments: {'ament_cmake_args': None, 'build_base': '/home/colin/agv_gui/build/agv_gui', 'catkin_cmake_args': None, 'catkin_skip_building_tests': False, 'cmake_args': None, 'cmake_clean_cache': False, 'cmake_clean_first': False, 'cmake_force_configure': False, 'cmake_target': None, 'cmake_target_skip_unavailable': False, 'install_base': '/home/colin/agv_gui/install/agv_gui', 'merge_install': False, 'path': '/home/colin/agv_gui/src/agv_gui', 'symlink_install': False, 'test_result_base': None}
[9.578s] INFO:colcon.colcon_core.executor:Executing jobs using 'parallel' executor
[9.700s] DEBUG:colcon.colcon_parallel_executor.executor.parallel:run_until_complete
[9.701s] INFO:colcon.colcon_ros.task.ament_cmake.build:Building ROS package in '/home/colin/agv_gui/src/agv_gui' with build type 'ament_cmake'
[9.701s] INFO:colcon.colcon_cmake.task.cmake.build:Building CMake package in '/home/colin/agv_gui/src/agv_gui'
[9.836s] INFO:colcon.colcon_core.plugin_system:Skipping extension 'colcon_core.shell.bat': Not used on non-Windows systems
[9.837s] INFO:colcon.colcon_core.shell:Skip shell extension 'powershell' for command environment: Not usable outside of PowerShell
[9.837s] DEBUG:colcon.colcon_core.shell:Skip shell extension 'dsv' for command environment
[10.274s] DEBUG:colcon.colcon_core.event_handler.log_command:Invoking command in '/home/colin/agv_gui/build/agv_gui': CMAKE_PREFIX_PATH=${CMAKE_PREFIX_PATH}:/opt/ros/galactic /usr/bin/cmake --build /home/colin/agv_gui/build/agv_gui -- -j4 -l4
[10.768s] DEBUG:colcon.colcon_core.event_handler.log_command:Invoked command in '/home/colin/agv_gui/build/agv_gui' returned '2': CMAKE_PREFIX_PATH=${CMAKE_PREFIX_PATH}:/opt/ros/galactic /usr/bin/cmake --build /home/colin/agv_gui/build/agv_gui -- -j4 -l4
[11.134s] Level 1:colcon.colcon_core.environment:create_environment_scripts_only(agv_gui)
[11.272s] Level 1:colcon.colcon_core.environment:checking '/home/colin/agv_gui/install/agv_gui' for CMake module files
[11.274s] Level 1:colcon.colcon_core.environment:checking '/home/colin/agv_gui/install/agv_gui' for CMake config files
[11.275s] Level 1:colcon.colcon_core.shell:create_environment_hook('agv_gui', 'cmake_prefix_path')
[11.403s] INFO:colcon.colcon_core.shell:Creating environment hook '/home/colin/agv_gui/install/agv_gui/share/agv_gui/hook/cmake_prefix_path.ps1'
[11.406s] INFO:colcon.colcon_core.shell:Creating environment descriptor '/home/colin/agv_gui/install/agv_gui/share/agv_gui/hook/cmake_prefix_path.dsv'
[11.408s] INFO:colcon.colcon_core.shell:Creating environment hook '/home/colin/agv_gui/install/agv_gui/share/agv_gui/hook/cmake_prefix_path.sh'
[11.412s] Level 1:colcon.colcon_core.environment:checking '/home/colin/agv_gui/install/agv_gui/lib'
[11.413s] Level 1:colcon.colcon_core.environment:checking '/home/colin/agv_gui/install/agv_gui/bin'
[11.413s] Level 1:colcon.colcon_core.environment:checking '/home/colin/agv_gui/install/agv_gui/lib/pkgconfig/agv_gui.pc'
[11.414s] Level 1:colcon.colcon_core.environment:checking '/home/colin/agv_gui/install/agv_gui/lib/python3.8/site-packages'
[11.415s] Level 1:colcon.colcon_core.environment:checking '/home/colin/agv_gui/install/agv_gui/bin'
[11.542s] INFO:colcon.colcon_core.shell:Creating package script '/home/colin/agv_gui/install/agv_gui/share/agv_gui/package.ps1'
[11.546s] INFO:colcon.colcon_core.shell:Creating package descriptor '/home/colin/agv_gui/install/agv_gui/share/agv_gui/package.dsv'
[11.548s] INFO:colcon.colcon_core.shell:Creating package script '/home/colin/agv_gui/install/agv_gui/share/agv_gui/package.sh'
[11.551s] INFO:colcon.colcon_core.shell:Creating package script '/home/colin/agv_gui/install/agv_gui/share/agv_gui/package.bash'
[11.555s] INFO:colcon.colcon_core.shell:Creating package script '/home/colin/agv_gui/install/agv_gui/share/agv_gui/package.zsh'
[11.557s] Level 1:colcon.colcon_core.environment:create_file_with_runtime_dependencies(/home/colin/agv_gui/install/agv_gui/share/colcon-core/packages/agv_gui)
[11.570s] DEBUG:colcon.colcon_parallel_executor.executor.parallel:closing loop
[11.571s] DEBUG:colcon.colcon_parallel_executor.executor.parallel:loop closed
[11.571s] DEBUG:colcon.colcon_parallel_executor.executor.parallel:run_until_complete finished with '2'
[11.572s] DEBUG:colcon.colcon_core.event_reactor:joining thread
[11.733s] INFO:colcon.colcon_core.plugin_system:Skipping extension 'colcon_notification.desktop_notification.terminal_notifier': Not used on non-Darwin systems
[11.733s] INFO:colcon.colcon_core.plugin_system:Skipping extension 'colcon_notification.desktop_notification.win32': Not used on non-Windows systems
[11.734s] INFO:colcon.colcon_notification.desktop_notification:Sending desktop notification using 'notify2'
[11.809s] DEBUG:colcon.colcon_core.event_reactor:joined thread
[11.940s] INFO:colcon.colcon_core.shell:Creating prefix script '/home/colin/agv_gui/install/local_setup.ps1'
[11.944s] INFO:colcon.colcon_core.shell:Creating prefix util module '/home/colin/agv_gui/install/_local_setup_util_ps1.py'
[11.949s] INFO:colcon.colcon_core.shell:Creating prefix chain script '/home/colin/agv_gui/install/setup.ps1'
[12.081s] INFO:colcon.colcon_core.shell:Creating prefix script '/home/colin/agv_gui/install/local_setup.sh'
[12.084s] INFO:colcon.colcon_core.shell:Creating prefix util module '/home/colin/agv_gui/install/_local_setup_util_sh.py'
[12.086s] INFO:colcon.colcon_core.shell:Creating prefix chain script '/home/colin/agv_gui/install/setup.sh'
[12.212s] INFO:colcon.colcon_core.shell:Creating prefix script '/home/colin/agv_gui/install/local_setup.bash'
[12.214s] INFO:colcon.colcon_core.shell:Creating prefix chain script '/home/colin/agv_gui/install/setup.bash'
[12.340s] INFO:colcon.colcon_core.shell:Creating prefix script '/home/colin/agv_gui/install/local_setup.zsh'
[12.342s] INFO:colcon.colcon_core.shell:Creating prefix chain script '/home/colin/agv_gui/install/setup.zsh'
