[0.000000] (-) TimerEvent: {}
[0.000720] (agv_gui) JobQueued: {'identifier': 'agv_gui', 'dependencies': OrderedDict()}
[0.003027] (agv_gui) JobStarted: {'identifier': 'agv_gui'}
[0.101109] (-) TimerEvent: {}
[0.105704] (agv_gui) JobProgress: {'identifier': 'agv_gui', 'progress': 'cmake'}
[0.117230] (agv_gui) JobProgress: {'identifier': 'agv_gui', 'progress': 'build'}
[0.117545] (agv_gui) Command: {'cmd': ['/usr/bin/cmake', '--build', '/home/amr_1/agv_gui/build/agv_gui', '--', '-j6', '-l6'], 'cwd': '/home/amr_1/agv_gui/build/agv_gui', 'env': OrderedDict([('GJS_DEBUG_TOPICS', 'JS ERROR;JS LOG'), ('SNAP_COMMON', '/var/snap/qtcreator-ros/common'), ('SNAP_INSTANCE_KEY', ''), ('USER', 'amr_1'), ('SSH_AGENT_PID', '1902'), ('XDG_SESSION_TYPE', 'x11'), ('LD_LIBRARY_PATH', '/opt/ros/foxy/opt/yaml_cpp_vendor/lib:/opt/ros/foxy/opt/rviz_ogre_vendor/lib:/opt/ros/foxy/lib/aarch64-linux-gnu:/opt/ros/foxy/lib:/snap/qtcreator-ros/85/lib:/snap/qtcreator-ros/85/usr/lib/aarch64-linux-gnu'), ('SHLVL', '8'), ('HOME', '/home/amr_1'), ('SNAP_LIBRARY_PATH', '/var/lib/snapd/lib/gl:/var/lib/snapd/lib/gl32:/var/lib/snapd/void'), ('DESKTOP_SESSION', 'ubuntu'), ('QTDIR', '/usr/lib/aarch64-linux-gnu/qt5'), ('SNAP_USER_DATA', '/home/amr_1/snap/qtcreator-ros/85'), ('GIO_LAUNCHED_DESKTOP_FILE', '/var/lib/snapd/desktop/applications/qtcreator-ros_qtcreator-ros.desktop'), ('GNOME_SHELL_SESSION_MODE', 'ubuntu'), ('GTK_MODULES', 'gail:atk-bridge'), ('ROS_PYTHON_VERSION', '3'), ('MANAGERPID', '1197'), ('DBUS_SESSION_BUS_ADDRESS', 'unix:path=/run/user/1000/bus'), ('GIO_LAUNCHED_DESKTOP_FILE_PID', '2960'), ('SNAP_REVISION', '85'), ('COLCON_PREFIX_PATH', '/home/amr_1/agv_gui/install'), ('IM_CONFIG_PHASE', '1'), ('ROS_DISTRO', 'foxy'), ('LOGNAME', 'amr_1'), ('JOURNAL_STREAM', '7:47868'), ('SNAP_CONTEXT', 'JMUNmlkXuymAoFLhect4Slt1Dx_kDivwLxrFtPEjqXLKM0mxrcr1'), ('_', '/usr/bin/env'), ('ROS_VERSION', '2'), ('SNAP_VERSION', '11.0.2'), ('XDG_SESSION_CLASS', 'user'), ('TERM', 'xterm'), ('USERNAME', 'amr_1'), ('GNOME_DESKTOP_SESSION_ID', 'this-is-deprecated'), ('ROS_LOCALHOST_ONLY', '0'), ('SNAP_INSTANCE_NAME', 'qtcreator-ros'), ('WINDOWPATH', '2'), ('PATH', '/opt/ros/foxy/bin:/home/amr_1/.local/bin:/usr/local/sbin:/usr/local/bin:/usr/sbin:/usr/bin:/sbin:/bin:/usr/games:/usr/local/games:/snap/bin'), ('INVOCATION_ID', 'ac71398117de44a2a8fa7b8aa4eb72f5'), ('SESSION_MANAGER', 'local/colins-jetson:@/tmp/.ICE-unix/1938,unix/colins-jetson:/tmp/.ICE-unix/1938'), ('BAMF_DESKTOP_FILE_HINT', '/var/lib/snapd/desktop/applications/qtcreator-ros_qtcreator-ros.desktop'), ('SNAP_DATA', '/var/snap/qtcreator-ros/85'), ('XDG_MENU_PREFIX', 'gnome-'), ('XDG_RUNTIME_DIR', '/run/user/1000'), ('DISPLAY', ':0'), ('LANG', 'en_US.UTF-8'), ('XDG_CURRENT_DESKTOP', 'ubuntu:GNOME'), ('XAUTHORITY', '/run/user/1000/gdm/Xauthority'), ('XDG_SESSION_DESKTOP', 'ubuntu'), ('XMODIFIERS', '@im=ibus'), ('AMENT_PREFIX_PATH', '/home/amr_1/agv_gui/install/agv_gui:/opt/ros/foxy'), ('SNAP_ARCH', 'arm64'), ('SNAP_COOKIE', 'JMUNmlkXuymAoFLhect4Slt1Dx_kDivwLxrFtPEjqXLKM0mxrcr1'), ('SNAP_USER_COMMON', '/home/amr_1/snap/qtcreator-ros/common'), ('SSH_AUTH_SOCK', '/run/user/1000/keyring/ssh'), ('SHELL', '/bin/bash'), ('GDMSESSION', 'ubuntu'), ('QT_ACCESSIBILITY', '1'), ('SNAP_REEXEC', ''), ('SNAP_NAME', 'qtcreator-ros'), ('GJS_DEBUG_OUTPUT', 'stderr'), ('GPG_AGENT_INFO', '/run/user/1000/gnupg/S.gpg-agent:0:1'), ('QT_IM_MODULE', 'ibus'), ('LC_ALL', 'en_US.UTF-8'), ('PWD', '/home/amr_1/agv_gui/build/agv_gui'), ('QT_QPA_PLATFORM', 'wayland;xcb'), ('SNAP_REAL_HOME', '/home/amr_1'), ('XDG_CONFIG_DIRS', '/etc/xdg/xdg-ubuntu:/etc/xdg'), ('XDG_DATA_DIRS', '/usr/share/ubuntu:/usr/local/share/:/usr/share/:/var/lib/snapd/desktop'), ('PYTHONPATH', '/opt/ros/foxy/lib/python3.8/site-packages'), ('SNAP', '/snap/qtcreator-ros/85'), ('COLCON', '1'), ('CMAKE_PREFIX_PATH', '/home/amr_1/agv_gui/install/agv_gui:/opt/ros/foxy'), ('LIBGL_DRIVERS_PATH', '/snap/qtcreator-ros/85/usr/lib/aarch64-linux-gnu/dri')]), 'shell': False}
[0.201440] (-) TimerEvent: {}
[0.302858] (-) TimerEvent: {}
[0.404033] (-) TimerEvent: {}
[0.438087] (agv_gui) StdoutLine: {'line': b'[ 20%] Automatic MOC and UIC for target agv_gui\n'}
[0.504281] (-) TimerEvent: {}
[0.605151] (-) TimerEvent: {}
[0.705894] (-) TimerEvent: {}
[0.806562] (-) TimerEvent: {}
[0.907159] (-) TimerEvent: {}
[1.007826] (-) TimerEvent: {}
[1.108705] (-) TimerEvent: {}
[1.209536] (-) TimerEvent: {}
[1.310377] (-) TimerEvent: {}
[1.411230] (-) TimerEvent: {}
[1.512269] (-) TimerEvent: {}
[1.613272] (-) TimerEvent: {}
[1.714195] (-) TimerEvent: {}
[1.815175] (-) TimerEvent: {}
[1.916175] (-) TimerEvent: {}
[2.017312] (-) TimerEvent: {}
[2.118316] (-) TimerEvent: {}
[2.179690] (agv_gui) StdoutLine: {'line': b'[ 20%] Built target agv_gui_autogen\n'}
[2.218500] (-) TimerEvent: {}
[2.319409] (-) TimerEvent: {}
[2.420313] (-) TimerEvent: {}
[2.472004] (agv_gui) StdoutLine: {'line': b'Scanning dependencies of target agv_gui\n'}
[2.520534] (-) TimerEvent: {}
[2.571976] (agv_gui) StdoutLine: {'line': b'[ 40%] Building CXX object CMakeFiles/agv_gui.dir/src/mtr_node.cpp.o\n'}
[2.579607] (agv_gui) StdoutLine: {'line': b'[ 60%] Building CXX object CMakeFiles/agv_gui.dir/src/main_gui.cpp.o\n'}
[2.620819] (-) TimerEvent: {}
[2.721797] (-) TimerEvent: {}
[2.822809] (-) TimerEvent: {}
[2.923746] (-) TimerEvent: {}
[3.024666] (-) TimerEvent: {}
[3.125688] (-) TimerEvent: {}
[3.226988] (-) TimerEvent: {}
[3.328153] (-) TimerEvent: {}
[3.429051] (-) TimerEvent: {}
[3.530365] (-) TimerEvent: {}
[3.631211] (-) TimerEvent: {}
[3.732131] (-) TimerEvent: {}
[3.833155] (-) TimerEvent: {}
[3.934147] (-) TimerEvent: {}
[4.035208] (-) TimerEvent: {}
[4.136227] (-) TimerEvent: {}
[4.237199] (-) TimerEvent: {}
[4.338157] (-) TimerEvent: {}
[4.439263] (-) TimerEvent: {}
[4.540250] (-) TimerEvent: {}
[4.641251] (-) TimerEvent: {}
[4.742322] (-) TimerEvent: {}
[4.843317] (-) TimerEvent: {}
[4.944299] (-) TimerEvent: {}
[5.045263] (-) TimerEvent: {}
[5.146326] (-) TimerEvent: {}
[5.247334] (-) TimerEvent: {}
[5.348300] (-) TimerEvent: {}
[5.449254] (-) TimerEvent: {}
[5.550342] (-) TimerEvent: {}
[5.651330] (-) TimerEvent: {}
[5.752273] (-) TimerEvent: {}
[5.853234] (-) TimerEvent: {}
[5.954128] (-) TimerEvent: {}
[6.055142] (-) TimerEvent: {}
[6.156062] (-) TimerEvent: {}
[6.257061] (-) TimerEvent: {}
[6.358000] (-) TimerEvent: {}
[6.459034] (-) TimerEvent: {}
[6.559937] (-) TimerEvent: {}
[6.660887] (-) TimerEvent: {}
[6.761855] (-) TimerEvent: {}
[6.862909] (-) TimerEvent: {}
[6.963864] (-) TimerEvent: {}
[7.064832] (-) TimerEvent: {}
[7.165762] (-) TimerEvent: {}
[7.266827] (-) TimerEvent: {}
[7.367812] (-) TimerEvent: {}
[7.468840] (-) TimerEvent: {}
[7.569727] (-) TimerEvent: {}
[7.670773] (-) TimerEvent: {}
[7.771739] (-) TimerEvent: {}
[7.872716] (-) TimerEvent: {}
[7.973642] (-) TimerEvent: {}
[8.074671] (-) TimerEvent: {}
[8.175562] (-) TimerEvent: {}
[8.276473] (-) TimerEvent: {}
[8.377443] (-) TimerEvent: {}
[8.478456] (-) TimerEvent: {}
[8.579362] (-) TimerEvent: {}
[8.680340] (-) TimerEvent: {}
[8.781224] (-) TimerEvent: {}
[8.882190] (-) TimerEvent: {}
[8.983241] (-) TimerEvent: {}
[9.084140] (-) TimerEvent: {}
[9.185139] (-) TimerEvent: {}
[9.286202] (-) TimerEvent: {}
[9.387218] (-) TimerEvent: {}
[9.488126] (-) TimerEvent: {}
[9.589044] (-) TimerEvent: {}
[9.689980] (-) TimerEvent: {}
[9.790951] (-) TimerEvent: {}
[9.891984] (-) TimerEvent: {}
[9.992947] (-) TimerEvent: {}
[10.093930] (-) TimerEvent: {}
[10.194877] (-) TimerEvent: {}
[10.295836] (-) TimerEvent: {}
[10.396815] (-) TimerEvent: {}
[10.497781] (-) TimerEvent: {}
[10.598810] (-) TimerEvent: {}
[10.699749] (-) TimerEvent: {}
[10.800704] (-) TimerEvent: {}
[10.901611] (-) TimerEvent: {}
[11.002728] (-) TimerEvent: {}
[11.103731] (-) TimerEvent: {}
[11.204646] (-) TimerEvent: {}
[11.305595] (-) TimerEvent: {}
[11.406618] (-) TimerEvent: {}
[11.507583] (-) TimerEvent: {}
[11.608660] (-) TimerEvent: {}
[11.709674] (-) TimerEvent: {}
[11.751118] (agv_gui) StderrLine: {'line': b'/home/amr_1/agv_gui/src/agv_gui/src/mtr_node.cpp: In member function \xe2\x80\x98void MotorSub::topic_callback(std_msgs::msg::String_<std::allocator<void> >::SharedPtr)\xe2\x80\x99:\n'}
[11.752418] (agv_gui) StderrLine: {'line': b'/home/amr_1/agv_gui/src/agv_gui/src/mtr_node.cpp:28:24: error: cannot convert \xe2\x80\x98std::string\xe2\x80\x99 {aka \xe2\x80\x98std::__cxx11::basic_string<char>\xe2\x80\x99} to \xe2\x80\x98const QString&\xe2\x80\x99\n'}
[11.752960] (agv_gui) StderrLine: {'line': b'   28 |       emit changedTemp(temp);\n'}
[11.753473] (agv_gui) StderrLine: {'line': b'      |                        ^~~~\n'}
[11.753897] (agv_gui) StderrLine: {'line': b'      |                        |\n'}
[11.754389] (agv_gui) StderrLine: {'line': b'      |                        std::string {aka std::__cxx11::basic_string<char>}\n'}
[11.754917] (agv_gui) StderrLine: {'line': b'/home/amr_1/agv_gui/src/agv_gui/src/mtr_node.cpp:35:35: note:   initializing argument 1 of \xe2\x80\x98void MotorSub::changedTemp(const QString&)\xe2\x80\x99\n'}
[11.755350] (agv_gui) StderrLine: {'line': b'   35 |   void changedTemp(const QString &data);\n'}
[11.755765] (agv_gui) StderrLine: {'line': b'      |                    ~~~~~~~~~~~~~~~^~~~\n'}
[11.809844] (-) TimerEvent: {}
[11.910875] (-) TimerEvent: {}
[12.011797] (-) TimerEvent: {}
[12.112754] (-) TimerEvent: {}
[12.213777] (-) TimerEvent: {}
[12.314794] (-) TimerEvent: {}
[12.415810] (-) TimerEvent: {}
[12.516897] (-) TimerEvent: {}
[12.617822] (-) TimerEvent: {}
[12.718981] (-) TimerEvent: {}
[12.819967] (-) TimerEvent: {}
[12.920853] (-) TimerEvent: {}
[13.021789] (-) TimerEvent: {}
[13.122799] (-) TimerEvent: {}
[13.128040] (agv_gui) StderrLine: {'line': b'In file included from /home/amr_1/agv_gui/src/agv_gui/src/main_gui.cpp:13:\n'}
[13.128882] (agv_gui) StderrLine: {'line': b'/home/amr_1/agv_gui/src/agv_gui/src/mtr_node.cpp: In member function \xe2\x80\x98void MotorSub::topic_callback(std_msgs::msg::String_<std::allocator<void> >::SharedPtr)\xe2\x80\x99:\n'}
[13.129506] (agv_gui) StderrLine: {'line': b'/home/amr_1/agv_gui/src/agv_gui/src/mtr_node.cpp:28:24: error: cannot convert \xe2\x80\x98std::string\xe2\x80\x99 {aka \xe2\x80\x98std::__cxx11::basic_string<char>\xe2\x80\x99} to \xe2\x80\x98const QString&\xe2\x80\x99\n'}
[13.129957] (agv_gui) StderrLine: {'line': b'   28 |       emit changedTemp(temp);\n'}
[13.130586] (agv_gui) StderrLine: {'line': b'      |                        ^~~~\n'}
[13.131053] (agv_gui) StderrLine: {'line': b'      |                        |\n'}
[13.131466] (agv_gui) StderrLine: {'line': b'      |                        std::string {aka std::__cxx11::basic_string<char>}\n'}
[13.131977] (agv_gui) StderrLine: {'line': b'/home/amr_1/agv_gui/src/agv_gui/src/mtr_node.cpp:35:35: note:   initializing argument 1 of \xe2\x80\x98void MotorSub::changedTemp(const QString&)\xe2\x80\x99\n'}
[13.132366] (agv_gui) StderrLine: {'line': b'   35 |   void changedTemp(const QString &data);\n'}
[13.132792] (agv_gui) StderrLine: {'line': b'      |                    ~~~~~~~~~~~~~~~^~~~\n'}
[13.223064] (-) TimerEvent: {}
[13.324189] (-) TimerEvent: {}
[13.425344] (-) TimerEvent: {}
[13.526484] (-) TimerEvent: {}
[13.627462] (-) TimerEvent: {}
[13.728542] (-) TimerEvent: {}
[13.829627] (-) TimerEvent: {}
[13.930810] (-) TimerEvent: {}
[14.031854] (-) TimerEvent: {}
[14.132910] (-) TimerEvent: {}
[14.233985] (-) TimerEvent: {}
[14.335190] (-) TimerEvent: {}
[14.436224] (-) TimerEvent: {}
[14.537266] (-) TimerEvent: {}
[14.638418] (-) TimerEvent: {}
[14.739483] (-) TimerEvent: {}
[14.840552] (-) TimerEvent: {}
[14.941588] (-) TimerEvent: {}
[15.042730] (-) TimerEvent: {}
[15.143769] (-) TimerEvent: {}
[15.244790] (-) TimerEvent: {}
[15.345839] (-) TimerEvent: {}
[15.446968] (-) TimerEvent: {}
[15.548024] (-) TimerEvent: {}
[15.649050] (-) TimerEvent: {}
[15.750119] (-) TimerEvent: {}
[15.851280] (-) TimerEvent: {}
[15.952355] (-) TimerEvent: {}
[16.053466] (-) TimerEvent: {}
[16.154524] (-) TimerEvent: {}
[16.255594] (-) TimerEvent: {}
[16.356665] (-) TimerEvent: {}
[16.457728] (-) TimerEvent: {}
[16.558862] (-) TimerEvent: {}
[16.659893] (-) TimerEvent: {}
[16.762891] (-) TimerEvent: {}
[16.863874] (-) TimerEvent: {}
[16.918627] (agv_gui) StderrLine: {'line': b'make[2]: *** [CMakeFiles/agv_gui.dir/build.make:76: CMakeFiles/agv_gui.dir/src/mtr_node.cpp.o] Error 1\n'}
[16.919425] (agv_gui) StderrLine: {'line': b'make[2]: *** Waiting for unfinished jobs....\n'}
[16.964138] (-) TimerEvent: {}
[17.065131] (-) TimerEvent: {}
[17.166073] (-) TimerEvent: {}
[17.267098] (-) TimerEvent: {}
[17.368081] (-) TimerEvent: {}
[17.469057] (-) TimerEvent: {}
[17.569973] (-) TimerEvent: {}
[17.671009] (-) TimerEvent: {}
[17.771977] (-) TimerEvent: {}
[17.872953] (-) TimerEvent: {}
[17.973942] (-) TimerEvent: {}
[18.074938] (-) TimerEvent: {}
[18.175817] (-) TimerEvent: {}
[18.276765] (-) TimerEvent: {}
[18.377708] (-) TimerEvent: {}
[18.478715] (-) TimerEvent: {}
[18.579656] (-) TimerEvent: {}
[18.680619] (-) TimerEvent: {}
[18.781684] (-) TimerEvent: {}
[18.882805] (-) TimerEvent: {}
[18.983830] (-) TimerEvent: {}
[19.084843] (-) TimerEvent: {}
[19.185812] (-) TimerEvent: {}
[19.286888] (-) TimerEvent: {}
[19.387876] (-) TimerEvent: {}
[19.488832] (-) TimerEvent: {}
[19.589899] (-) TimerEvent: {}
[19.690933] (-) TimerEvent: {}
[19.791849] (-) TimerEvent: {}
[19.892796] (-) TimerEvent: {}
[19.993881] (-) TimerEvent: {}
[20.095328] (-) TimerEvent: {}
[20.196262] (-) TimerEvent: {}
[20.279587] (agv_gui) StderrLine: {'line': b'make[2]: *** [CMakeFiles/agv_gui.dir/build.make:89: CMakeFiles/agv_gui.dir/src/main_gui.cpp.o] Error 1\n'}
[20.281628] (agv_gui) StderrLine: {'line': b'make[1]: *** [CMakeFiles/Makefile2:79: CMakeFiles/agv_gui.dir/all] Error 2\n'}
[20.283171] (agv_gui) StderrLine: {'line': b'make: *** [Makefile:141: all] Error 2\n'}
[20.293315] (agv_gui) CommandEnded: {'returncode': 2}
[20.296744] (-) TimerEvent: {}
[20.400351] (-) TimerEvent: {}
[20.503284] (-) TimerEvent: {}
[20.567273] (agv_gui) JobEnded: {'identifier': 'agv_gui', 'rc': 2}
[20.578956] (-) EventReactorShutdown: {}
