[  2%] [34m[1mAutomatic MOC and UIC for target amr_v4_qt[0m
[  2%] Built target amr_v4_qt_autogen
[  5%] [34m[1mGenerating include/moc_amr_node.cpp[0m
[  8%] [34m[1mGenerating include/moc_main_gui.cpp[0m
[35m[1mConsolidate compiler generated dependencies of target amr_v4_qt[0m
[ 11%] [32mBuilding CXX object CMakeFiles/amr_v4_qt.dir/src/main.cpp.o[0m
[ 13%] [32mBuilding CXX object CMakeFiles/amr_v4_qt.dir/src/main_gui.cpp.o[0m
[ 16%] [32mBuilding CXX object CMakeFiles/amr_v4_qt.dir/include/moc_main_gui.cpp.o[0m
[ 19%] [32mBuilding CXX object CMakeFiles/amr_v4_qt.dir/src/amr_node.cpp.o[0m
[01m[K/home/colin/agv_gui/src/amr_v4_qt/src/amr_node.cpp:[m[K In member function ‘[01m[Kvoid AmrNode::estop_callback(std_msgs::msg::Bool_<std::allocator<void> >::SharedPtr)[m[K’:
[01m[K/home/colin/agv_gui/src/amr_v4_qt/src/amr_node.cpp:75:29:[m[K [01;31m[Kerror: [m[Kexpected ‘[01m[K;[m[K’ before ‘[01m[K}[m[K’ token
   75 |     emit changedEstop(estop)
      |                             [01;31m[K^[m[K
      |                             [32m[K;[m[K
   76 | [32m[K}[m[K
      | [32m[K~[m[K                            
[01m[K/home/colin/agv_gui/src/amr_v4_qt/src/main_gui.cpp:[m[K In constructor ‘[01m[KMainGui::MainGui(std::shared_ptr<AmrNode>, QWidget*)[m[K’:
[01m[K/home/colin/agv_gui/src/amr_v4_qt/src/main_gui.cpp:67:81:[m[K [01;31m[Kerror: [m[Kexpected ‘[01m[K;[m[K’ before ‘[01m[Kconnect[m[K’
   67 |     connect(amr_node.get(), &AmrNode::changedEstop, this, &MainGui::updateEstop)
      |                                                                                 [01;31m[K^[m[K
      |                                                                                 [32m[K;[m[K
......
   70 |     [32m[Kconnect[m[K(timer, &QTimer::timeout, this, &MainGui::updateWifi);
      |     [32m[K~~~~~~~[m[K                                                                      
[ 22%] [32mBuilding CXX object CMakeFiles/amr_v4_qt.dir/include/moc_amr_node.cpp.o[0m
gmake[2]: *** [CMakeFiles/amr_v4_qt.dir/build.make:152: CMakeFiles/amr_v4_qt.dir/src/main_gui.cpp.o] Error 1
gmake[2]: *** Waiting for unfinished jobs....
gmake[2]: *** [CMakeFiles/amr_v4_qt.dir/build.make:250: CMakeFiles/amr_v4_qt.dir/src/amr_node.cpp.o] Error 1
gmake[1]: *** [CMakeFiles/Makefile2:138: CMakeFiles/amr_v4_qt.dir/all] Error 2
gmake: *** [Makefile:146: all] Error 2
