[0.024s] Invoking command in '/home/colin/agv_gui/build/amr_v4_qt': CMAKE_PREFIX_PATH=${CMAKE_PREFIX_PATH}:/opt/ros/iron /usr/bin/cmake --build /home/colin/agv_gui/build/amr_v4_qt -- -j4 -l4
[0.087s] [  2%] [34m[1mAutomatic MOC and UIC for target amr_v4_qt[0m
[0.114s] [  2%] Built target amr_v4_qt_autogen
[0.138s] [  5%] [34m[1mGenerating include/moc_amr_node.cpp[0m
[0.144s] [  8%] [34m[1mGenerating include/moc_main_gui.cpp[0m
[0.163s] [35m[1mConsolidate compiler generated dependencies of target amr_v4_qt[0m
[0.219s] [ 11%] [32mBuilding CXX object CMakeFiles/amr_v4_qt.dir/src/main.cpp.o[0m
[0.220s] [ 13%] [32mBuilding CXX object CMakeFiles/amr_v4_qt.dir/src/main_gui.cpp.o[0m
[0.223s] [ 16%] [32mBuilding CXX object CMakeFiles/amr_v4_qt.dir/include/moc_main_gui.cpp.o[0m
[0.231s] [ 19%] [32mBuilding CXX object CMakeFiles/amr_v4_qt.dir/src/amr_node.cpp.o[0m
[12.715s] [01m[K/home/colin/agv_gui/src/amr_v4_qt/src/amr_node.cpp:[m[K In member function ‘[01m[Kvoid AmrNode::estop_callback(std_msgs::msg::Bool_<std::allocator<void> >::SharedPtr)[m[K’:
[12.716s] [01m[K/home/colin/agv_gui/src/amr_v4_qt/src/amr_node.cpp:75:29:[m[K [01;31m[Kerror: [m[Kexpected ‘[01m[K;[m[K’ before ‘[01m[K}[m[K’ token
[12.717s]    75 |     emit changedEstop(estop)
[12.718s]       |                             [01;31m[K^[m[K
[12.718s]       |                             [32m[K;[m[K
[12.719s]    76 | [32m[K}[m[K
[12.720s]       | [32m[K~[m[K                            
[13.709s] [01m[K/home/colin/agv_gui/src/amr_v4_qt/src/main_gui.cpp:[m[K In constructor ‘[01m[KMainGui::MainGui(std::shared_ptr<AmrNode>, QWidget*)[m[K’:
[13.711s] [01m[K/home/colin/agv_gui/src/amr_v4_qt/src/main_gui.cpp:67:81:[m[K [01;31m[Kerror: [m[Kexpected ‘[01m[K;[m[K’ before ‘[01m[Kconnect[m[K’
[13.711s]    67 |     connect(amr_node.get(), &AmrNode::changedEstop, this, &MainGui::updateEstop)
[13.712s]       |                                                                                 [01;31m[K^[m[K
[13.713s]       |                                                                                 [32m[K;[m[K
[13.713s] ......
[13.714s]    70 |     [32m[Kconnect[m[K(timer, &QTimer::timeout, this, &MainGui::updateWifi);
[13.714s]       |     [32m[K~~~~~~~[m[K                                                                      
[14.746s] [ 22%] [32mBuilding CXX object CMakeFiles/amr_v4_qt.dir/include/moc_amr_node.cpp.o[0m
[15.472s] gmake[2]: *** [CMakeFiles/amr_v4_qt.dir/build.make:152: CMakeFiles/amr_v4_qt.dir/src/main_gui.cpp.o] Error 1
[15.472s] gmake[2]: *** Waiting for unfinished jobs....
[21.816s] gmake[2]: *** [CMakeFiles/amr_v4_qt.dir/build.make:250: CMakeFiles/amr_v4_qt.dir/src/amr_node.cpp.o] Error 1
[23.288s] gmake[1]: *** [CMakeFiles/Makefile2:138: CMakeFiles/amr_v4_qt.dir/all] Error 2
[23.291s] gmake: *** [Makefile:146: all] Error 2
[23.291s] Invoked command in '/home/colin/agv_gui/build/amr_v4_qt' returned '2': CMAKE_PREFIX_PATH=${CMAKE_PREFIX_PATH}:/opt/ros/iron /usr/bin/cmake --build /home/colin/agv_gui/build/amr_v4_qt -- -j4 -l4
