[0.847s] Invoking command in '/home/colin/agv_gui/build/amr_v4_qt': CMAKE_PREFIX_PATH=/home/colin/agv_gui/install/amr_v4_msgs_srvs:/home/colin/agv_gui/install/amr_v4_qt:/opt/ros/galactic /usr/bin/cmake --build /home/colin/agv_gui/build/amr_v4_qt -- -j6 -l6
[1.126s] [  2%] [34m[1mAutomatic MOC and UIC for target amr_v4_qt[0m
[1.226s] [  2%] Built target amr_v4_qt_autogen
[1.361s] [35m[1mScanning dependencies of target amr_v4_qt[0m
[2.057s] [  4%] [32mBuilding CXX object CMakeFiles/amr_v4_qt.dir/src/main_gui.cpp.o[0m
[16.183s] [  6%] [32m[1mLinking CXX executable amr_v4_qt[0m
[24.022s] [100%] Built target amr_v4_qt
[24.088s] Invoked command in '/home/colin/agv_gui/build/amr_v4_qt' returned '0': CMAKE_PREFIX_PATH=/home/colin/agv_gui/install/amr_v4_msgs_srvs:/home/colin/agv_gui/install/amr_v4_qt:/opt/ros/galactic /usr/bin/cmake --build /home/colin/agv_gui/build/amr_v4_qt -- -j6 -l6
[24.596s] Invoking command in '/home/colin/agv_gui/build/amr_v4_qt': CMAKE_PREFIX_PATH=/home/colin/agv_gui/install/amr_v4_msgs_srvs:/home/colin/agv_gui/install/amr_v4_qt:/opt/ros/galactic /usr/bin/cmake --install /home/colin/agv_gui/build/amr_v4_qt
[24.642s] -- Install configuration: ""
[24.643s] -- Installing: /home/colin/agv_gui/install/amr_v4_qt/lib/amr_v4_qt/amr_v4_qt
[24.716s] -- Set runtime path of "/home/colin/agv_gui/install/amr_v4_qt/lib/amr_v4_qt/amr_v4_qt" to ""
[24.717s] -- Up-to-date: /home/colin/agv_gui/install/amr_v4_qt/share/amr_v4_qt/launch
[24.718s] -- Up-to-date: /home/colin/agv_gui/install/amr_v4_qt/share/amr_v4_qt/launch/gui.launch.py
[24.718s] -- Up-to-date: /home/colin/agv_gui/install/amr_v4_qt/share/ament_index/resource_index/package_run_dependencies/amr_v4_qt
[24.719s] -- Up-to-date: /home/colin/agv_gui/install/amr_v4_qt/share/ament_index/resource_index/parent_prefix_path/amr_v4_qt
[24.720s] -- Up-to-date: /home/colin/agv_gui/install/amr_v4_qt/share/amr_v4_qt/environment/ament_prefix_path.sh
[24.720s] -- Up-to-date: /home/colin/agv_gui/install/amr_v4_qt/share/amr_v4_qt/environment/ament_prefix_path.dsv
[24.721s] -- Up-to-date: /home/colin/agv_gui/install/amr_v4_qt/share/amr_v4_qt/environment/path.sh
[24.722s] -- Up-to-date: /home/colin/agv_gui/install/amr_v4_qt/share/amr_v4_qt/environment/path.dsv
[24.722s] -- Up-to-date: /home/colin/agv_gui/install/amr_v4_qt/share/amr_v4_qt/local_setup.bash
[24.723s] -- Up-to-date: /home/colin/agv_gui/install/amr_v4_qt/share/amr_v4_qt/local_setup.sh
[24.723s] -- Up-to-date: /home/colin/agv_gui/install/amr_v4_qt/share/amr_v4_qt/local_setup.zsh
[24.724s] -- Up-to-date: /home/colin/agv_gui/install/amr_v4_qt/share/amr_v4_qt/local_setup.dsv
[24.724s] -- Installing: /home/colin/agv_gui/install/amr_v4_qt/share/amr_v4_qt/package.dsv
[24.725s] -- Up-to-date: /home/colin/agv_gui/install/amr_v4_qt/share/ament_index/resource_index/packages/amr_v4_qt
[24.725s] -- Up-to-date: /home/colin/agv_gui/install/amr_v4_qt/share/amr_v4_qt/cmake/amr_v4_qtConfig.cmake
[24.725s] -- Up-to-date: /home/colin/agv_gui/install/amr_v4_qt/share/amr_v4_qt/cmake/amr_v4_qtConfig-version.cmake
[24.726s] -- Up-to-date: /home/colin/agv_gui/install/amr_v4_qt/share/amr_v4_qt/package.xml
[24.736s] Invoked command in '/home/colin/agv_gui/build/amr_v4_qt' returned '0': CMAKE_PREFIX_PATH=/home/colin/agv_gui/install/amr_v4_msgs_srvs:/home/colin/agv_gui/install/amr_v4_qt:/opt/ros/galactic /usr/bin/cmake --install /home/colin/agv_gui/build/amr_v4_qt
