[0.565s] Invoking command in '/home/colin/agv_gui/build/agv_gui': CMAKE_PREFIX_PATH=${CMAKE_PREFIX_PATH}:/opt/ros/galactic /usr/bin/cmake --build /home/colin/agv_gui/build/agv_gui -- -j4 -l4
[0.798s] [  5%] [34m[1mAutomatic MOC and UIC for target agv_gui[0m
[0.838s] AutoMoc warning
[0.839s] ---------------
[0.839s] "SRC:/src/battery_node_1.cpp"
[0.840s] includes the moc file "battery_node_1.moc", but does not contain a Q_OBJECT, Q_GADGET or Q_NAMESPACE macro.
[0.840s] 
[0.840s] AutoMoc warning
[0.841s] ---------------
[0.842s] "SRC:/src/battery_node_2.cpp"
[0.842s] includes the moc file "battery_node_2.moc", but does not contain a Q_OBJECT, Q_GADGET or Q_NAMESPACE macro.
[0.843s] 
[0.843s] AutoMoc warning
[0.843s] ---------------
[0.844s] "SRC:/src/battery_node_3.cpp"
[0.844s] includes the moc file "battery_node_3.moc", but does not contain a Q_OBJECT, Q_GADGET or Q_NAMESPACE macro.
[0.844s] 
[0.845s] AutoMoc warning
[0.845s] ---------------
[0.845s] "SRC:/src/battery_node_4.cpp"
[0.846s] includes the moc file "battery_node_4.moc", but does not contain a Q_OBJECT, Q_GADGET or Q_NAMESPACE macro.
[0.846s] 
[0.846s] AutoMoc warning
[0.846s] ---------------
[0.847s] "SRC:/src/charge_node.cpp"
[0.847s] includes the moc file "charge_node.moc", but does not contain a Q_OBJECT, Q_GADGET or Q_NAMESPACE macro.
[0.847s] 
[1.449s] [  5%] Built target agv_gui_autogen
[1.548s] [35m[1mScanning dependencies of target agv_gui[0m
[1.894s] [ 10%] [32mBuilding CXX object CMakeFiles/agv_gui.dir/src/main_gui.cpp.o[0m
[10.924s] [01m[K/home/colin/agv_gui/src/agv_gui/src/main_gui.cpp:[m[K In function ‘[01m[Kint main(int, char**)[m[K’:
[10.925s] [01m[K/home/colin/agv_gui/src/agv_gui/src/main_gui.cpp:288:18:[m[K [01;31m[Kerror: [m[Kexpected ‘[01m[K;[m[K’ before ‘[01m[KMainGui[m[K’
[10.925s]   288 |           mainGui[01;31m[K [m[K[32m[KMainGui[m[K;
[10.926s]       |                  [01;31m[K^[m[K[32m[K~~~~~~~[m[K
[10.926s]       |                  [32m[K;[m[K
[10.926s] [01m[K/home/colin/agv_gui/src/agv_gui/src/main_gui.cpp:288:11:[m[K [01;35m[Kwarning: [m[Kstatement has no effect [[01;35m[K-Wunused-value[m[K]
[10.927s]   288 |           [01;35m[KmainGui[m[K MainGui;
[10.927s]       |           [01;35m[K^~~~~~~[m[K
[10.927s] [01m[K/home/colin/agv_gui/src/agv_gui/src/main_gui.cpp:291:45:[m[K [01;31m[Kerror: [m[Kinvalid use of incomplete type ‘[01m[Kclass QScreen[m[K’
[10.927s]   291 |           mainGui->setGeometry(screens.at(1)[01;31m[K->[m[KavailableGeometry());
[10.928s]       |                                             [01;31m[K^~[m[K
[10.928s] In file included from [01m[K/usr/include/aarch64-linux-gnu/qt5/QtWidgets/qapplication.h:48[m[K,
[10.928s]                  from [01m[K/usr/include/aarch64-linux-gnu/qt5/QtWidgets/QApplication:1[m[K,
[10.929s]                  from [01m[K/home/colin/agv_gui/src/agv_gui/src/main_gui.cpp:1[m[K:
[10.929s] [01m[K/usr/include/aarch64-linux-gnu/qt5/QtGui/qcursor.h:51:7:[m[K [01;36m[Knote: [m[Kforward declaration of ‘[01m[Kclass QScreen[m[K’
[10.929s]    51 | class [01;36m[KQScreen[m[K;
[10.929s]       |       [01;36m[K^~~~~~~[m[K
[13.008s] make[2]: *** [CMakeFiles/agv_gui.dir/build.make:161: CMakeFiles/agv_gui.dir/src/main_gui.cpp.o] Error 1
[13.009s] make[1]: *** [CMakeFiles/Makefile2:79: CMakeFiles/agv_gui.dir/all] Error 2
[13.010s] make: *** [Makefile:141: all] Error 2
[13.022s] Invoked command in '/home/colin/agv_gui/build/agv_gui' returned '2': CMAKE_PREFIX_PATH=${CMAKE_PREFIX_PATH}:/opt/ros/galactic /usr/bin/cmake --build /home/colin/agv_gui/build/agv_gui -- -j4 -l4
