[0.000000] (-) TimerEvent: {}
[0.000766] (agv_gui) JobQueued: {'identifier': 'agv_gui', 'dependencies': OrderedDict()}
[0.002475] (agv_gui) JobStarted: {'identifier': 'agv_gui'}
[0.070823] (agv_gui) JobProgress: {'identifier': 'agv_gui', 'progress': 'cmake'}
[0.079835] (agv_gui) JobProgress: {'identifier': 'agv_gui', 'progress': 'build'}
[0.080081] (agv_gui) Command: {'cmd': ['/usr/bin/cmake', '--build', '/home/amr_1/agv_gui/build/agv_gui', '--', '-j6', '-l6'], 'cwd': '/home/amr_1/agv_gui/build/agv_gui', 'env': OrderedDict([('GJS_DEBUG_TOPICS', 'JS ERROR;JS LOG'), ('SNAP_COMMON', '/var/snap/qtcreator-ros/common'), ('SNAP_INSTANCE_KEY', ''), ('USER', 'amr_1'), ('SSH_AGENT_PID', '1902'), ('XDG_SESSION_TYPE', 'x11'), ('LD_LIBRARY_PATH', '/opt/ros/foxy/opt/yaml_cpp_vendor/lib:/opt/ros/foxy/opt/rviz_ogre_vendor/lib:/opt/ros/foxy/lib/aarch64-linux-gnu:/opt/ros/foxy/lib:/snap/qtcreator-ros/85/lib:/snap/qtcreator-ros/85/usr/lib/aarch64-linux-gnu'), ('SHLVL', '50'), ('HOME', '/home/amr_1'), ('SNAP_LIBRARY_PATH', '/var/lib/snapd/lib/gl:/var/lib/snapd/lib/gl32:/var/lib/snapd/void'), ('DESKTOP_SESSION', 'ubuntu'), ('QTDIR', '/usr/lib/aarch64-linux-gnu/qt5'), ('SNAP_USER_DATA', '/home/amr_1/snap/qtcreator-ros/85'), ('GIO_LAUNCHED_DESKTOP_FILE', '/var/lib/snapd/desktop/applications/qtcreator-ros_qtcreator-ros.desktop'), ('GNOME_SHELL_SESSION_MODE', 'ubuntu'), ('GTK_MODULES', 'gail:atk-bridge'), ('ROS_PYTHON_VERSION', '3'), ('MANAGERPID', '1197'), ('DBUS_SESSION_BUS_ADDRESS', 'unix:path=/run/user/1000/bus'), ('GIO_LAUNCHED_DESKTOP_FILE_PID', '2960'), ('SNAP_REVISION', '85'), ('COLCON_PREFIX_PATH', '/home/amr_1/agv_gui/install'), ('IM_CONFIG_PHASE', '1'), ('ROS_DISTRO', 'foxy'), ('LOGNAME', 'amr_1'), ('JOURNAL_STREAM', '7:47868'), ('SNAP_CONTEXT', 'JMUNmlkXuymAoFLhect4Slt1Dx_kDivwLxrFtPEjqXLKM0mxrcr1'), ('_', '/usr/bin/env'), ('ROS_VERSION', '2'), ('SNAP_VERSION', '11.0.2'), ('XDG_SESSION_CLASS', 'user'), ('TERM', 'xterm'), ('USERNAME', 'amr_1'), ('GNOME_DESKTOP_SESSION_ID', 'this-is-deprecated'), ('ROS_LOCALHOST_ONLY', '0'), ('SNAP_INSTANCE_NAME', 'qtcreator-ros'), ('WINDOWPATH', '2'), ('PATH', '/opt/ros/foxy/bin:/home/amr_1/.local/bin:/usr/local/sbin:/usr/local/bin:/usr/sbin:/usr/bin:/sbin:/bin:/usr/games:/usr/local/games:/snap/bin'), ('INVOCATION_ID', 'ac71398117de44a2a8fa7b8aa4eb72f5'), ('SESSION_MANAGER', 'local/colins-jetson:@/tmp/.ICE-unix/1938,unix/colins-jetson:/tmp/.ICE-unix/1938'), ('BAMF_DESKTOP_FILE_HINT', '/var/lib/snapd/desktop/applications/qtcreator-ros_qtcreator-ros.desktop'), ('SNAP_DATA', '/var/snap/qtcreator-ros/85'), ('XDG_MENU_PREFIX', 'gnome-'), ('XDG_RUNTIME_DIR', '/run/user/1000'), ('DISPLAY', ':0'), ('LANG', 'en_US.UTF-8'), ('XDG_CURRENT_DESKTOP', 'ubuntu:GNOME'), ('XAUTHORITY', '/run/user/1000/gdm/Xauthority'), ('XDG_SESSION_DESKTOP', 'ubuntu'), ('XMODIFIERS', '@im=ibus'), ('AMENT_PREFIX_PATH', '/home/amr_1/agv_gui/install/agv_gui:/opt/ros/foxy'), ('SNAP_ARCH', 'arm64'), ('SNAP_COOKIE', 'JMUNmlkXuymAoFLhect4Slt1Dx_kDivwLxrFtPEjqXLKM0mxrcr1'), ('SNAP_USER_COMMON', '/home/amr_1/snap/qtcreator-ros/common'), ('SSH_AUTH_SOCK', '/run/user/1000/keyring/ssh'), ('SHELL', '/bin/bash'), ('GDMSESSION', 'ubuntu'), ('QT_ACCESSIBILITY', '1'), ('SNAP_REEXEC', ''), ('SNAP_NAME', 'qtcreator-ros'), ('GJS_DEBUG_OUTPUT', 'stderr'), ('GPG_AGENT_INFO', '/run/user/1000/gnupg/S.gpg-agent:0:1'), ('QT_IM_MODULE', 'ibus'), ('LC_ALL', 'en_US.UTF-8'), ('PWD', '/home/amr_1/agv_gui/build/agv_gui'), ('QT_QPA_PLATFORM', 'wayland;xcb'), ('SNAP_REAL_HOME', '/home/amr_1'), ('XDG_CONFIG_DIRS', '/etc/xdg/xdg-ubuntu:/etc/xdg'), ('XDG_DATA_DIRS', '/usr/share/ubuntu:/usr/local/share/:/usr/share/:/var/lib/snapd/desktop'), ('PYTHONPATH', '/opt/ros/foxy/lib/python3.8/site-packages'), ('SNAP', '/snap/qtcreator-ros/85'), ('COLCON', '1'), ('CMAKE_PREFIX_PATH', '/home/amr_1/agv_gui/install/agv_gui:/opt/ros/foxy'), ('LIBGL_DRIVERS_PATH', '/snap/qtcreator-ros/85/usr/lib/aarch64-linux-gnu/dri')]), 'shell': False}
[0.102297] (-) TimerEvent: {}
[0.203642] (-) TimerEvent: {}
[0.304606] (-) TimerEvent: {}
[0.378873] (agv_gui) StdoutLine: {'line': b'[ 14%] Automatic MOC and UIC for target agv_gui\n'}
[0.404839] (-) TimerEvent: {}
[0.424670] (agv_gui) StdoutLine: {'line': b'AutoMoc warning\n'}
[0.425504] (agv_gui) StdoutLine: {'line': b'---------------\n'}
[0.425953] (agv_gui) StdoutLine: {'line': b'"SRC:/src/mtr_node.cpp"\n'}
[0.426429] (agv_gui) StdoutLine: {'line': b'includes the moc file "mtr_node.moc", but does not contain a Q_OBJECT, Q_GADGET or Q_NAMESPACE macro.\n'}
[0.426819] (agv_gui) StdoutLine: {'line': b'\n'}
[0.472856] (agv_gui) StdoutLine: {'line': b'[ 14%] Built target agv_gui_autogen\n'}
[0.505082] (-) TimerEvent: {}
[0.605950] (-) TimerEvent: {}
[0.681191] (agv_gui) StdoutLine: {'line': b'[100%] Built target agv_gui\n'}
[0.706229] (-) TimerEvent: {}
[0.740442] (agv_gui) CommandEnded: {'returncode': 0}
[0.806969] (-) TimerEvent: {}
[0.908815] (-) TimerEvent: {}
[0.926581] (agv_gui) JobProgress: {'identifier': 'agv_gui', 'progress': 'install'}
[0.986799] (agv_gui) Command: {'cmd': ['/usr/bin/cmake', '--install', '/home/amr_1/agv_gui/build/agv_gui'], 'cwd': '/home/amr_1/agv_gui/build/agv_gui', 'env': OrderedDict([('GJS_DEBUG_TOPICS', 'JS ERROR;JS LOG'), ('SNAP_COMMON', '/var/snap/qtcreator-ros/common'), ('SNAP_INSTANCE_KEY', ''), ('USER', 'amr_1'), ('SSH_AGENT_PID', '1902'), ('XDG_SESSION_TYPE', 'x11'), ('LD_LIBRARY_PATH', '/opt/ros/foxy/opt/yaml_cpp_vendor/lib:/opt/ros/foxy/opt/rviz_ogre_vendor/lib:/opt/ros/foxy/lib/aarch64-linux-gnu:/opt/ros/foxy/lib:/snap/qtcreator-ros/85/lib:/snap/qtcreator-ros/85/usr/lib/aarch64-linux-gnu'), ('SHLVL', '50'), ('HOME', '/home/amr_1'), ('SNAP_LIBRARY_PATH', '/var/lib/snapd/lib/gl:/var/lib/snapd/lib/gl32:/var/lib/snapd/void'), ('DESKTOP_SESSION', 'ubuntu'), ('QTDIR', '/usr/lib/aarch64-linux-gnu/qt5'), ('SNAP_USER_DATA', '/home/amr_1/snap/qtcreator-ros/85'), ('GIO_LAUNCHED_DESKTOP_FILE', '/var/lib/snapd/desktop/applications/qtcreator-ros_qtcreator-ros.desktop'), ('GNOME_SHELL_SESSION_MODE', 'ubuntu'), ('GTK_MODULES', 'gail:atk-bridge'), ('ROS_PYTHON_VERSION', '3'), ('MANAGERPID', '1197'), ('DBUS_SESSION_BUS_ADDRESS', 'unix:path=/run/user/1000/bus'), ('GIO_LAUNCHED_DESKTOP_FILE_PID', '2960'), ('SNAP_REVISION', '85'), ('COLCON_PREFIX_PATH', '/home/amr_1/agv_gui/install'), ('IM_CONFIG_PHASE', '1'), ('ROS_DISTRO', 'foxy'), ('LOGNAME', 'amr_1'), ('JOURNAL_STREAM', '7:47868'), ('SNAP_CONTEXT', 'JMUNmlkXuymAoFLhect4Slt1Dx_kDivwLxrFtPEjqXLKM0mxrcr1'), ('_', '/usr/bin/env'), ('ROS_VERSION', '2'), ('SNAP_VERSION', '11.0.2'), ('XDG_SESSION_CLASS', 'user'), ('TERM', 'xterm'), ('USERNAME', 'amr_1'), ('GNOME_DESKTOP_SESSION_ID', 'this-is-deprecated'), ('ROS_LOCALHOST_ONLY', '0'), ('SNAP_INSTANCE_NAME', 'qtcreator-ros'), ('WINDOWPATH', '2'), ('PATH', '/opt/ros/foxy/bin:/home/amr_1/.local/bin:/usr/local/sbin:/usr/local/bin:/usr/sbin:/usr/bin:/sbin:/bin:/usr/games:/usr/local/games:/snap/bin'), ('INVOCATION_ID', 'ac71398117de44a2a8fa7b8aa4eb72f5'), ('SESSION_MANAGER', 'local/colins-jetson:@/tmp/.ICE-unix/1938,unix/colins-jetson:/tmp/.ICE-unix/1938'), ('BAMF_DESKTOP_FILE_HINT', '/var/lib/snapd/desktop/applications/qtcreator-ros_qtcreator-ros.desktop'), ('SNAP_DATA', '/var/snap/qtcreator-ros/85'), ('XDG_MENU_PREFIX', 'gnome-'), ('XDG_RUNTIME_DIR', '/run/user/1000'), ('DISPLAY', ':0'), ('LANG', 'en_US.UTF-8'), ('XDG_CURRENT_DESKTOP', 'ubuntu:GNOME'), ('XAUTHORITY', '/run/user/1000/gdm/Xauthority'), ('XDG_SESSION_DESKTOP', 'ubuntu'), ('XMODIFIERS', '@im=ibus'), ('AMENT_PREFIX_PATH', '/home/amr_1/agv_gui/install/agv_gui:/opt/ros/foxy'), ('SNAP_ARCH', 'arm64'), ('SNAP_COOKIE', 'JMUNmlkXuymAoFLhect4Slt1Dx_kDivwLxrFtPEjqXLKM0mxrcr1'), ('SNAP_USER_COMMON', '/home/amr_1/snap/qtcreator-ros/common'), ('SSH_AUTH_SOCK', '/run/user/1000/keyring/ssh'), ('SHELL', '/bin/bash'), ('GDMSESSION', 'ubuntu'), ('QT_ACCESSIBILITY', '1'), ('SNAP_REEXEC', ''), ('SNAP_NAME', 'qtcreator-ros'), ('GJS_DEBUG_OUTPUT', 'stderr'), ('GPG_AGENT_INFO', '/run/user/1000/gnupg/S.gpg-agent:0:1'), ('QT_IM_MODULE', 'ibus'), ('LC_ALL', 'en_US.UTF-8'), ('PWD', '/home/amr_1/agv_gui/build/agv_gui'), ('QT_QPA_PLATFORM', 'wayland;xcb'), ('SNAP_REAL_HOME', '/home/amr_1'), ('XDG_CONFIG_DIRS', '/etc/xdg/xdg-ubuntu:/etc/xdg'), ('XDG_DATA_DIRS', '/usr/share/ubuntu:/usr/local/share/:/usr/share/:/var/lib/snapd/desktop'), ('PYTHONPATH', '/opt/ros/foxy/lib/python3.8/site-packages'), ('SNAP', '/snap/qtcreator-ros/85'), ('COLCON', '1'), ('CMAKE_PREFIX_PATH', '/home/amr_1/agv_gui/install/agv_gui:/opt/ros/foxy'), ('LIBGL_DRIVERS_PATH', '/snap/qtcreator-ros/85/usr/lib/aarch64-linux-gnu/dri')]), 'shell': False}
[1.009229] (-) TimerEvent: {}
[1.042788] (agv_gui) StdoutLine: {'line': b'-- Install configuration: "Debug"\n'}
[1.044565] (agv_gui) StdoutLine: {'line': b'-- Up-to-date: /home/amr_1/agv_gui/install/agv_gui/lib/agv_gui/agv_gui\n'}
[1.046446] (agv_gui) StdoutLine: {'line': b'-- Installing: /home/amr_1/agv_gui/install/agv_gui/share/agv_gui/launch\n'}
[1.047248] (agv_gui) StdoutLine: {'line': b'-- Installing: /home/amr_1/agv_gui/install/agv_gui/share/agv_gui/launch/gui.launch.py\n'}
[1.048230] (agv_gui) StdoutLine: {'line': b'-- Installing: /home/amr_1/agv_gui/install/agv_gui/share/ament_index/resource_index/package_run_dependencies/agv_gui\n'}
[1.049494] (agv_gui) StdoutLine: {'line': b'-- Installing: /home/amr_1/agv_gui/install/agv_gui/share/ament_index/resource_index/parent_prefix_path/agv_gui\n'}
[1.050678] (agv_gui) StdoutLine: {'line': b'-- Up-to-date: /home/amr_1/agv_gui/install/agv_gui/share/agv_gui/environment/ament_prefix_path.sh\n'}
[1.051438] (agv_gui) StdoutLine: {'line': b'-- Installing: /home/amr_1/agv_gui/install/agv_gui/share/agv_gui/environment/ament_prefix_path.dsv\n'}
[1.052410] (agv_gui) StdoutLine: {'line': b'-- Up-to-date: /home/amr_1/agv_gui/install/agv_gui/share/agv_gui/environment/path.sh\n'}
[1.053188] (agv_gui) StdoutLine: {'line': b'-- Installing: /home/amr_1/agv_gui/install/agv_gui/share/agv_gui/environment/path.dsv\n'}
[1.053947] (agv_gui) StdoutLine: {'line': b'-- Installing: /home/amr_1/agv_gui/install/agv_gui/share/agv_gui/local_setup.bash\n'}
[1.055107] (agv_gui) StdoutLine: {'line': b'-- Installing: /home/amr_1/agv_gui/install/agv_gui/share/agv_gui/local_setup.sh\n'}
[1.056186] (agv_gui) StdoutLine: {'line': b'-- Installing: /home/amr_1/agv_gui/install/agv_gui/share/agv_gui/local_setup.zsh\n'}
[1.057210] (agv_gui) StdoutLine: {'line': b'-- Installing: /home/amr_1/agv_gui/install/agv_gui/share/agv_gui/local_setup.dsv\n'}
[1.058488] (agv_gui) StdoutLine: {'line': b'-- Installing: /home/amr_1/agv_gui/install/agv_gui/share/agv_gui/package.dsv\n'}
[1.059575] (agv_gui) StdoutLine: {'line': b'-- Installing: /home/amr_1/agv_gui/install/agv_gui/share/ament_index/resource_index/packages/agv_gui\n'}
[1.060588] (agv_gui) StdoutLine: {'line': b'-- Installing: /home/amr_1/agv_gui/install/agv_gui/share/agv_gui/cmake/agv_guiConfig.cmake\n'}
[1.061495] (agv_gui) StdoutLine: {'line': b'-- Installing: /home/amr_1/agv_gui/install/agv_gui/share/agv_gui/cmake/agv_guiConfig-version.cmake\n'}
[1.062620] (agv_gui) StdoutLine: {'line': b'-- Installing: /home/amr_1/agv_gui/install/agv_gui/share/agv_gui/package.xml\n'}
[1.071327] (agv_gui) CommandEnded: {'returncode': 0}
[1.109296] (-) TimerEvent: {}
[1.210535] (-) TimerEvent: {}
[1.312473] (-) TimerEvent: {}
[1.412576] (agv_gui) JobEnded: {'identifier': 'agv_gui', 'rc': 0}
[1.416096] (-) TimerEvent: {}
[1.416471] (-) EventReactorShutdown: {}
