[0.014s] Invoking command in '/home/colin/agv_gui/build/amr_v4_qt': CMAKE_PREFIX_PATH=${CMAKE_PREFIX_PATH}:/opt/ros/iron /usr/bin/cmake --build /home/colin/agv_gui/build/amr_v4_qt -- -j4 -l4
[0.087s] [  2%] [34m[1mAutomatic MOC and UIC for target amr_v4_qt[0m
[0.110s] [  2%] Built target amr_v4_qt_autogen
[0.140s] [  5%] [34m[1mGenerating include/moc_amr_node.cpp[0m
[0.159s] [35m[1mConsolidate compiler generated dependencies of target amr_v4_qt[0m
[0.234s] [  8%] [32mBuilding CXX object CMakeFiles/amr_v4_qt.dir/src/main.cpp.o[0m
[0.236s] [ 11%] [32mBuilding CXX object CMakeFiles/amr_v4_qt.dir/src/amr_node.cpp.o[0m
[0.239s] [ 13%] [32mBuilding CXX object CMakeFiles/amr_v4_qt.dir/src/main_gui.cpp.o[0m
[0.255s] [ 16%] [32mBuilding CXX object CMakeFiles/amr_v4_qt.dir/include/moc_main_gui.cpp.o[0m
[19.517s] [01m[K/home/colin/agv_gui/src/amr_v4_qt/src/amr_node.cpp:[m[K In constructor ‘[01m[KAmrNode::AmrNode()[m[K’:
[19.519s] [01m[K/home/colin/agv_gui/src/amr_v4_qt/src/amr_node.cpp:3:18:[m[K [01;31m[Kerror: [m[Kno matching function for call to ‘[01m[Krclcpp::Node::Node()[m[K’
[19.520s]     3 | AmrNode::AmrNode([01;31m[K)[m[K
[19.522s]       |                  [01;31m[K^[m[K
[19.531s] In file included from [01m[K/opt/ros/iron/include/rclcpp/rclcpp/executors/single_threaded_executor.hpp:28[m[K,
[19.532s]                  from [01m[K/opt/ros/iron/include/rclcpp/rclcpp/executors.hpp:22[m[K,
[19.532s]                  from [01m[K/opt/ros/iron/include/rclcpp/rclcpp/rclcpp.hpp:167[m[K,
[19.532s]                  from [01m[K/home/colin/agv_gui/src/amr_v4_qt/include/amr_node.h:5[m[K,
[19.533s]                  from [01m[K/home/colin/agv_gui/src/amr_v4_qt/src/amr_node.cpp:1[m[K:
[19.533s] [01m[K/opt/ros/iron/include/rclcpp/rclcpp/node.hpp:1579:3:[m[K [01;36m[Knote: [m[Kcandidate: ‘[01m[Krclcpp::Node::Node(const rclcpp::Node&, const string&)[m[K’
[19.533s]  1579 |   [01;36m[KNode[m[K(
[19.533s]       |   [01;36m[K^~~~[m[K
[19.534s] [01m[K/opt/ros/iron/include/rclcpp/rclcpp/node.hpp:1579:3:[m[K [01;36m[Knote: [m[K  candidate expects 2 arguments, 0 provided
[19.534s] [01m[K/opt/ros/iron/include/rclcpp/rclcpp/node.hpp:102:12:[m[K [01;36m[Knote: [m[Kcandidate: ‘[01m[Krclcpp::Node::Node(const string&, const string&, const rclcpp::NodeOptions&)[m[K’
[19.534s]   102 |   explicit [01;36m[KNode[m[K(
[19.534s]       |            [01;36m[K^~~~[m[K
[19.535s] [01m[K/opt/ros/iron/include/rclcpp/rclcpp/node.hpp:102:12:[m[K [01;36m[Knote: [m[K  candidate expects 3 arguments, 0 provided
[19.535s] [01m[K/opt/ros/iron/include/rclcpp/rclcpp/node.hpp:90:12:[m[K [01;36m[Knote: [m[Kcandidate: ‘[01m[Krclcpp::Node::Node(const string&, const rclcpp::NodeOptions&)[m[K’
[19.535s]    90 |   explicit [01;36m[KNode[m[K(
[19.535s]       |            [01;36m[K^~~~[m[K
[19.535s] [01m[K/opt/ros/iron/include/rclcpp/rclcpp/node.hpp:90:12:[m[K [01;36m[Knote: [m[K  candidate expects 2 arguments, 0 provided
[24.297s] In file included from [01m[K/usr/include/x86_64-linux-gnu/c++/11/bits/c++allocator.h:33[m[K,
[24.299s]                  from [01m[K/usr/include/c++/11/bits/allocator.h:46[m[K,
[24.302s]                  from [01m[K/usr/include/c++/11/unordered_map:40[m[K,
[24.304s]                  from [01m[K/usr/include/c++/11/functional:61[m[K,
[24.307s]                  from [01m[K/usr/include/c++/11/pstl/glue_algorithm_defs.h:13[m[K,
[24.309s]                  from [01m[K/usr/include/c++/11/algorithm:74[m[K,
[24.316s]                  from [01m[K/usr/include/x86_64-linux-gnu/qt5/QtCore/qglobal.h:142[m[K,
[24.319s]                  from [01m[K/usr/include/x86_64-linux-gnu/qt5/QtGui/qtguiglobal.h:43[m[K,
[24.321s]                  from [01m[K/usr/include/x86_64-linux-gnu/qt5/QtWidgets/qtwidgetsglobal.h:43[m[K,
[24.323s]                  from [01m[K/usr/include/x86_64-linux-gnu/qt5/QtWidgets/qapplication.h:43[m[K,
[24.325s]                  from [01m[K/usr/include/x86_64-linux-gnu/qt5/QtWidgets/QApplication:1[m[K,
[24.327s]                  from [01m[K/home/colin/agv_gui/src/amr_v4_qt/src/main.cpp:1[m[K:
[24.339s] /usr/include/c++/11/ext/new_allocator.h: In instantiation of ‘[01m[Kvoid __gnu_cxx::new_allocator<_Tp>::construct(_Up*, _Args&& ...) [with _Up = AmrNode; _Args = {const char (&)[9], rclcpp::NodeOptions&}; _Tp = AmrNode][m[K’:
[24.347s] [01m[K/usr/include/c++/11/bits/alloc_traits.h:516:17:[m[K   required from ‘[01m[Kstatic void std::allocator_traits<std::allocator<_Tp1> >::construct(std::allocator_traits<std::allocator<_Tp1> >::allocator_type&, _Up*, _Args&& ...) [with _Up = AmrNode; _Args = {const char (&)[9], rclcpp::NodeOptions&}; _Tp = AmrNode; std::allocator_traits<std::allocator<_Tp1> >::allocator_type = std::allocator<AmrNode>][m[K’
[24.349s] [01m[K/usr/include/c++/11/bits/shared_ptr_base.h:519:39:[m[K   required from ‘[01m[Kstd::_Sp_counted_ptr_inplace<_Tp, _Alloc, _Lp>::_Sp_counted_ptr_inplace(_Alloc, _Args&& ...) [with _Args = {const char (&)[9], rclcpp::NodeOptions&}; _Tp = AmrNode; _Alloc = std::allocator<AmrNode>; __gnu_cxx::_Lock_policy _Lp = __gnu_cxx::_S_atomic][m[K’
[24.350s] [01m[K/usr/include/c++/11/bits/shared_ptr_base.h:650:16:[m[K   required from ‘[01m[Kstd::__shared_count<_Lp>::__shared_count(_Tp*&, std::_Sp_alloc_shared_tag<_Alloc>, _Args&& ...) [with _Tp = AmrNode; _Alloc = std::allocator<AmrNode>; _Args = {const char (&)[9], rclcpp::NodeOptions&}; __gnu_cxx::_Lock_policy _Lp = __gnu_cxx::_S_atomic][m[K’
[24.358s] [01m[K/usr/include/c++/11/bits/shared_ptr_base.h:1342:14:[m[K   required from ‘[01m[Kstd::__shared_ptr<_Tp, _Lp>::__shared_ptr(std::_Sp_alloc_shared_tag<_Tp>, _Args&& ...) [with _Alloc = std::allocator<AmrNode>; _Args = {const char (&)[9], rclcpp::NodeOptions&}; _Tp = AmrNode; __gnu_cxx::_Lock_policy _Lp = __gnu_cxx::_S_atomic][m[K’
[24.359s] [01m[K/usr/include/c++/11/bits/shared_ptr.h:409:59:[m[K   required from ‘[01m[Kstd::shared_ptr<_Tp>::shared_ptr(std::_Sp_alloc_shared_tag<_Tp>, _Args&& ...) [with _Alloc = std::allocator<AmrNode>; _Args = {const char (&)[9], rclcpp::NodeOptions&}; _Tp = AmrNode][m[K’
[24.359s] [01m[K/usr/include/c++/11/bits/shared_ptr.h:862:14:[m[K   required from ‘[01m[Kstd::shared_ptr<_Tp> std::allocate_shared(const _Alloc&, _Args&& ...) [with _Tp = AmrNode; _Alloc = std::allocator<AmrNode>; _Args = {const char (&)[9], rclcpp::NodeOptions&}][m[K’
[24.359s] [01m[K/usr/include/c++/11/bits/shared_ptr.h:878:39:[m[K   required from ‘[01m[Kstd::shared_ptr<_Tp> std::make_shared(_Args&& ...) [with _Tp = AmrNode; _Args = {const char (&)[9], rclcpp::NodeOptions&}][m[K’
[24.359s] [01m[K/home/colin/agv_gui/src/amr_v4_qt/src/main.cpp:29:46:[m[K   required from here
[24.359s] [01m[K/usr/include/c++/11/ext/new_allocator.h:162:11:[m[K [01;31m[Kerror: [m[Kno matching function for call to ‘[01m[KAmrNode::AmrNode(const char [9], rclcpp::NodeOptions&)[m[K’
[24.360s]   162 |         { [01;31m[K::new((void *)__p) _Up(std::forward<_Args>(__args)...)[m[K; }
[24.360s]       |           [01;31m[K^~~~~~~~~~~~~~~~~~~~~~~~~~~~~~~~~~~~~~~~~~~~~~~~~~~~~~[m[K
[24.360s] In file included from [01m[K/home/colin/agv_gui/src/amr_v4_qt/include/main_gui.h:19[m[K,
[24.366s]                  from [01m[K/home/colin/agv_gui/src/amr_v4_qt/src/main.cpp:4[m[K:
[24.366s] [01m[K/home/colin/agv_gui/src/amr_v4_qt/include/amr_node.h:19:14:[m[K [01;36m[Knote: [m[Kcandidate: ‘[01m[KAmrNode::AmrNode()[m[K’
[24.366s]    19 |     explicit [01;36m[KAmrNode[m[K();
[24.366s]       |              [01;36m[K^~~~~~~[m[K
[24.367s] [01m[K/home/colin/agv_gui/src/amr_v4_qt/include/amr_node.h:19:14:[m[K [01;36m[Knote: [m[K  candidate expects 0 arguments, 2 provided
[24.676s] [ 19%] [32mBuilding CXX object CMakeFiles/amr_v4_qt.dir/include/moc_amr_node.cpp.o[0m
[26.653s] gmake[2]: *** [CMakeFiles/amr_v4_qt.dir/build.make:138: CMakeFiles/amr_v4_qt.dir/src/main.cpp.o] Error 1
[26.653s] gmake[2]: *** Waiting for unfinished jobs....
[33.598s] gmake[2]: *** [CMakeFiles/amr_v4_qt.dir/build.make:250: CMakeFiles/amr_v4_qt.dir/src/amr_node.cpp.o] Error 1
[36.416s] gmake[1]: *** [CMakeFiles/Makefile2:138: CMakeFiles/amr_v4_qt.dir/all] Error 2
[36.416s] gmake: *** [Makefile:146: all] Error 2
[36.419s] Invoked command in '/home/colin/agv_gui/build/amr_v4_qt' returned '2': CMAKE_PREFIX_PATH=${CMAKE_PREFIX_PATH}:/opt/ros/iron /usr/bin/cmake --build /home/colin/agv_gui/build/amr_v4_qt -- -j4 -l4
