[  5%] [34m[1mAutomatic MOC and UIC for target agv_gui[0m
AutoMoc warning
---------------
"SRC:/src/battery_node_1.cpp"
includes the moc file "battery_node_1.moc", but does not contain a Q_OBJECT, Q_GADGET or Q_NAMESPACE macro.

AutoMoc warning
---------------
"SRC:/src/battery_node_2.cpp"
includes the moc file "battery_node_2.moc", but does not contain a Q_OBJECT, Q_GADGET or Q_NAMESPACE macro.

AutoMoc warning
---------------
"SRC:/src/battery_node_3.cpp"
includes the moc file "battery_node_3.moc", but does not contain a Q_OBJECT, Q_GADGET or Q_NAMESPACE macro.

AutoMoc warning
---------------
"SRC:/src/battery_node_4.cpp"
includes the moc file "battery_node_4.moc", but does not contain a Q_OBJECT, Q_GADGET or Q_NAMESPACE macro.

AutoMoc warning
---------------
"SRC:/src/charge_node.cpp"
includes the moc file "charge_node.moc", but does not contain a Q_OBJECT, Q_GADGET or Q_NAMESPACE macro.

[  5%] Built target agv_gui_autogen
[35m[1mScanning dependencies of target agv_gui[0m
[ 10%] [32mBuilding CXX object CMakeFiles/agv_gui.dir/src/main_gui.cpp.o[0m
[01m[K/home/colin/agv_gui/src/agv_gui/src/main_gui.cpp:[m[K In function ‘[01m[Kint main(int, char**)[m[K’:
[01m[K/home/colin/agv_gui/src/agv_gui/src/main_gui.cpp:288:18:[m[K [01;31m[Kerror: [m[Kexpected ‘[01m[K;[m[K’ before ‘[01m[KMainGui[m[K’
  288 |           mainGui[01;31m[K [m[K[32m[KMainGui[m[K;
      |                  [01;31m[K^[m[K[32m[K~~~~~~~[m[K
      |                  [32m[K;[m[K
[01m[K/home/colin/agv_gui/src/agv_gui/src/main_gui.cpp:288:11:[m[K [01;35m[Kwarning: [m[Kstatement has no effect [[01;35m[K-Wunused-value[m[K]
  288 |           [01;35m[KmainGui[m[K MainGui;
      |           [01;35m[K^~~~~~~[m[K
[01m[K/home/colin/agv_gui/src/agv_gui/src/main_gui.cpp:291:45:[m[K [01;31m[Kerror: [m[Kinvalid use of incomplete type ‘[01m[Kclass QScreen[m[K’
  291 |           mainGui->setGeometry(screens.at(1)[01;31m[K->[m[KavailableGeometry());
      |                                             [01;31m[K^~[m[K
In file included from [01m[K/usr/include/aarch64-linux-gnu/qt5/QtWidgets/qapplication.h:48[m[K,
                 from [01m[K/usr/include/aarch64-linux-gnu/qt5/QtWidgets/QApplication:1[m[K,
                 from [01m[K/home/colin/agv_gui/src/agv_gui/src/main_gui.cpp:1[m[K:
[01m[K/usr/include/aarch64-linux-gnu/qt5/QtGui/qcursor.h:51:7:[m[K [01;36m[Knote: [m[Kforward declaration of ‘[01m[Kclass QScreen[m[K’
   51 | class [01;36m[KQScreen[m[K;
      |       [01;36m[K^~~~~~~[m[K
In file included from [01m[K/home/colin/agv_gui/src/agv_gui/src/main_gui.cpp:325[m[K:
[01m[K/home/colin/agv_gui/build/agv_gui/agv_gui_autogen/include/main_gui.moc:56:33:[m[K [01;31m[Kerror: [m[Kqualified-id in declaration before ‘[01m[K([m[K’ token
   56 | void MainGui::qt_static_metacall[01;31m[K([m[KQObject *_o, QMetaObject::Call _c, int _id, void **_a)
      |                                 [01;31m[K^[m[K
[01m[K/home/colin/agv_gui/build/agv_gui/agv_gui_autogen/include/main_gui.moc:64:64:[m[K [01;31m[Kerror: [m[Kqualified-id in declaration before ‘[01m[K=[m[K’ token
   64 | QT_INIT_METAOBJECT const QMetaObject MainGui::staticMetaObject [01;31m[K=[m[K { {
      |                                                                [01;31m[K^[m[K
[01m[K/home/colin/agv_gui/build/agv_gui/agv_gui_autogen/include/main_gui.moc:74:39:[m[K [01;31m[Kerror: [m[Kqualified-id in declaration before ‘[01m[K([m[K’ token
   74 | const QMetaObject *MainGui::metaObject[01;31m[K([m[K) const
      |                                       [01;31m[K^[m[K
[01m[K/home/colin/agv_gui/build/agv_gui/agv_gui_autogen/include/main_gui.moc:79:27:[m[K [01;31m[Kerror: [m[Kqualified-id in declaration before ‘[01m[K([m[K’ token
   79 | void *MainGui::qt_metacast[01;31m[K([m[Kconst char *_clname)
      |                           [01;31m[K^[m[K
[01m[K/home/colin/agv_gui/build/agv_gui/agv_gui_autogen/include/main_gui.moc:87:25:[m[K [01;31m[Kerror: [m[Kqualified-id in declaration before ‘[01m[K([m[K’ token
   87 | int MainGui::qt_metacall[01;31m[K([m[KQMetaObject::Call _c, int _id, void **_a)
      |                         [01;31m[K^[m[K
[01m[K/home/colin/agv_gui/build/agv_gui/agv_gui_autogen/include/main_gui.moc:31:43:[m[K [01;35m[Kwarning: [m[Kunused variable ‘[01m[Kqt_meta_stringdata_MainGui[m[K’ [[01;35m[K-Wunused-variable[m[K]
   31 | static const qt_meta_stringdata_MainGui_t [01;35m[Kqt_meta_stringdata_MainGui[m[K = {
      |                                           [01;35m[K^~~~~~~~~~~~~~~~~~~~~~~~~~[m[K
[01m[K/home/colin/agv_gui/build/agv_gui/agv_gui_autogen/include/main_gui.moc:40:19:[m[K [01;35m[Kwarning: [m[Kunused variable ‘[01m[Kqt_meta_data_MainGui[m[K’ [[01;35m[K-Wunused-variable[m[K]
   40 | static const uint [01;35m[Kqt_meta_data_MainGui[m[K[] = {
      |                   [01;35m[K^~~~~~~~~~~~~~~~~~~~[m[K
In file included from [01m[K/usr/include/aarch64-linux-gnu/qt5/QtCore/qglobal.h:105[m[K,
                 from [01m[K/usr/include/aarch64-linux-gnu/qt5/QtGui/qtguiglobal.h:43[m[K,
                 from [01m[K/usr/include/aarch64-linux-gnu/qt5/QtWidgets/qtwidgetsglobal.h:43[m[K,
                 from [01m[K/usr/include/aarch64-linux-gnu/qt5/QtWidgets/qapplication.h:43[m[K,
                 from [01m[K/usr/include/aarch64-linux-gnu/qt5/QtWidgets/QApplication:1[m[K,
                 from [01m[K/home/colin/agv_gui/src/agv_gui/src/main_gui.cpp:1[m[K:
[01m[K/home/colin/agv_gui/build/agv_gui/agv_gui_autogen/include/main_gui.moc:92:1:[m[K [01;31m[Kerror: [m[Kexpected ‘[01m[K}[m[K’ at end of input
   92 | [01;31m[KQT_WARNING_POP[m[K
      | [01;31m[K^~~~~~~~~~~~~~[m[K
[01m[K/home/colin/agv_gui/src/agv_gui/src/main_gui.cpp:269:1:[m[K [01;36m[Knote: [m[Kto match this ‘[01m[K{[m[K’
  269 | [01;36m[K{[m[K
      | [01;36m[K^[m[K
make[2]: *** [CMakeFiles/agv_gui.dir/build.make:161: CMakeFiles/agv_gui.dir/src/main_gui.cpp.o] Error 1
make[1]: *** [CMakeFiles/Makefile2:79: CMakeFiles/agv_gui.dir/all] Error 2
make: *** [Makefile:141: all] Error 2
