[0.586s] Invoking command in '/home/colin/agv_gui/build/agv_gui': CMAKE_PREFIX_PATH=${CMAKE_PREFIX_PATH}:/opt/ros/galactic /usr/bin/cmake --build /home/colin/agv_gui/build/agv_gui -- -j4 -l4
[0.822s] [  5%] [34m[1mAutomatic MOC and UIC for target agv_gui[0m
[0.868s] AutoMoc warning
[0.868s] ---------------
[0.869s] "SRC:/src/battery_node_1.cpp"
[0.869s] includes the moc file "battery_node_1.moc", but does not contain a Q_OBJECT, Q_GADGET or Q_NAMESPACE macro.
[0.870s] 
[0.870s] AutoMoc warning
[0.870s] ---------------
[0.870s] "SRC:/src/battery_node_2.cpp"
[0.871s] includes the moc file "battery_node_2.moc", but does not contain a Q_OBJECT, Q_GADGET or Q_NAMESPACE macro.
[0.871s] 
[0.871s] AutoMoc warning
[0.872s] ---------------
[0.872s] "SRC:/src/battery_node_3.cpp"
[0.872s] includes the moc file "battery_node_3.moc", but does not contain a Q_OBJECT, Q_GADGET or Q_NAMESPACE macro.
[0.873s] 
[0.873s] AutoMoc warning
[0.873s] ---------------
[0.874s] "SRC:/src/battery_node_4.cpp"
[0.874s] includes the moc file "battery_node_4.moc", but does not contain a Q_OBJECT, Q_GADGET or Q_NAMESPACE macro.
[0.874s] 
[0.875s] AutoMoc warning
[0.875s] ---------------
[0.875s] "SRC:/src/charge_node.cpp"
[0.876s] includes the moc file "charge_node.moc", but does not contain a Q_OBJECT, Q_GADGET or Q_NAMESPACE macro.
[0.876s] 
[1.532s] [  5%] Built target agv_gui_autogen
[1.630s] [35m[1mScanning dependencies of target agv_gui[0m
[1.979s] [ 10%] [32mBuilding CXX object CMakeFiles/agv_gui.dir/src/main_gui.cpp.o[0m
[11.487s] [01m[K/home/colin/agv_gui/src/agv_gui/src/main_gui.cpp:[m[K In function ‘[01m[Kint main(int, char**)[m[K’:
[11.487s] [01m[K/home/colin/agv_gui/src/agv_gui/src/main_gui.cpp:288:18:[m[K [01;31m[Kerror: [m[Kexpected ‘[01m[K;[m[K’ before ‘[01m[KMainGui[m[K’
[11.488s]   288 |           mainGui[01;31m[K [m[K[32m[KMainGui[m[K;
[11.488s]       |                  [01;31m[K^[m[K[32m[K~~~~~~~[m[K
[11.489s]       |                  [32m[K;[m[K
[11.489s] [01m[K/home/colin/agv_gui/src/agv_gui/src/main_gui.cpp:288:11:[m[K [01;35m[Kwarning: [m[Kstatement has no effect [[01;35m[K-Wunused-value[m[K]
[11.490s]   288 |           [01;35m[KmainGui[m[K MainGui;
[11.490s]       |           [01;35m[K^~~~~~~[m[K
[11.490s] [01m[K/home/colin/agv_gui/src/agv_gui/src/main_gui.cpp:291:45:[m[K [01;31m[Kerror: [m[Kinvalid use of incomplete type ‘[01m[Kclass QScreen[m[K’
[11.491s]   291 |           mainGui->setGeometry(screens.at(1)[01;31m[K->[m[KavailableGeometry());
[11.491s]       |                                             [01;31m[K^~[m[K
[11.492s] In file included from [01m[K/usr/include/aarch64-linux-gnu/qt5/QtWidgets/qapplication.h:48[m[K,
[11.492s]                  from [01m[K/usr/include/aarch64-linux-gnu/qt5/QtWidgets/QApplication:1[m[K,
[11.492s]                  from [01m[K/home/colin/agv_gui/src/agv_gui/src/main_gui.cpp:1[m[K:
[11.493s] [01m[K/usr/include/aarch64-linux-gnu/qt5/QtGui/qcursor.h:51:7:[m[K [01;36m[Knote: [m[Kforward declaration of ‘[01m[Kclass QScreen[m[K’
[11.493s]    51 | class [01;36m[KQScreen[m[K;
[11.493s]       |       [01;36m[K^~~~~~~[m[K
[11.510s] In file included from [01m[K/home/colin/agv_gui/src/agv_gui/src/main_gui.cpp:325[m[K:
[11.510s] [01m[K/home/colin/agv_gui/build/agv_gui/agv_gui_autogen/include/main_gui.moc:56:33:[m[K [01;31m[Kerror: [m[Kqualified-id in declaration before ‘[01m[K([m[K’ token
[11.510s]    56 | void MainGui::qt_static_metacall[01;31m[K([m[KQObject *_o, QMetaObject::Call _c, int _id, void **_a)
[11.511s]       |                                 [01;31m[K^[m[K
[11.511s] [01m[K/home/colin/agv_gui/build/agv_gui/agv_gui_autogen/include/main_gui.moc:64:64:[m[K [01;31m[Kerror: [m[Kqualified-id in declaration before ‘[01m[K=[m[K’ token
[11.511s]    64 | QT_INIT_METAOBJECT const QMetaObject MainGui::staticMetaObject [01;31m[K=[m[K { {
[11.512s]       |                                                                [01;31m[K^[m[K
[11.512s] [01m[K/home/colin/agv_gui/build/agv_gui/agv_gui_autogen/include/main_gui.moc:74:39:[m[K [01;31m[Kerror: [m[Kqualified-id in declaration before ‘[01m[K([m[K’ token
[11.512s]    74 | const QMetaObject *MainGui::metaObject[01;31m[K([m[K) const
[11.513s]       |                                       [01;31m[K^[m[K
[11.513s] [01m[K/home/colin/agv_gui/build/agv_gui/agv_gui_autogen/include/main_gui.moc:79:27:[m[K [01;31m[Kerror: [m[Kqualified-id in declaration before ‘[01m[K([m[K’ token
[11.513s]    79 | void *MainGui::qt_metacast[01;31m[K([m[Kconst char *_clname)
[11.514s]       |                           [01;31m[K^[m[K
[11.514s] [01m[K/home/colin/agv_gui/build/agv_gui/agv_gui_autogen/include/main_gui.moc:87:25:[m[K [01;31m[Kerror: [m[Kqualified-id in declaration before ‘[01m[K([m[K’ token
[11.514s]    87 | int MainGui::qt_metacall[01;31m[K([m[KQMetaObject::Call _c, int _id, void **_a)
[11.515s]       |                         [01;31m[K^[m[K
[11.515s] [01m[K/home/colin/agv_gui/build/agv_gui/agv_gui_autogen/include/main_gui.moc:31:43:[m[K [01;35m[Kwarning: [m[Kunused variable ‘[01m[Kqt_meta_stringdata_MainGui[m[K’ [[01;35m[K-Wunused-variable[m[K]
[11.516s]    31 | static const qt_meta_stringdata_MainGui_t [01;35m[Kqt_meta_stringdata_MainGui[m[K = {
[11.516s]       |                                           [01;35m[K^~~~~~~~~~~~~~~~~~~~~~~~~~[m[K
[11.516s] [01m[K/home/colin/agv_gui/build/agv_gui/agv_gui_autogen/include/main_gui.moc:40:19:[m[K [01;35m[Kwarning: [m[Kunused variable ‘[01m[Kqt_meta_data_MainGui[m[K’ [[01;35m[K-Wunused-variable[m[K]
[11.517s]    40 | static const uint [01;35m[Kqt_meta_data_MainGui[m[K[] = {
[11.517s]       |                   [01;35m[K^~~~~~~~~~~~~~~~~~~~[m[K
[11.517s] In file included from [01m[K/usr/include/aarch64-linux-gnu/qt5/QtCore/qglobal.h:105[m[K,
[11.518s]                  from [01m[K/usr/include/aarch64-linux-gnu/qt5/QtGui/qtguiglobal.h:43[m[K,
[11.518s]                  from [01m[K/usr/include/aarch64-linux-gnu/qt5/QtWidgets/qtwidgetsglobal.h:43[m[K,
[11.518s]                  from [01m[K/usr/include/aarch64-linux-gnu/qt5/QtWidgets/qapplication.h:43[m[K,
[11.519s]                  from [01m[K/usr/include/aarch64-linux-gnu/qt5/QtWidgets/QApplication:1[m[K,
[11.519s]                  from [01m[K/home/colin/agv_gui/src/agv_gui/src/main_gui.cpp:1[m[K:
[11.519s] [01m[K/home/colin/agv_gui/build/agv_gui/agv_gui_autogen/include/main_gui.moc:92:1:[m[K [01;31m[Kerror: [m[Kexpected ‘[01m[K}[m[K’ at end of input
[11.519s]    92 | [01;31m[KQT_WARNING_POP[m[K
[11.520s]       | [01;31m[K^~~~~~~~~~~~~~[m[K
[11.520s] [01m[K/home/colin/agv_gui/src/agv_gui/src/main_gui.cpp:269:1:[m[K [01;36m[Knote: [m[Kto match this ‘[01m[K{[m[K’
[11.520s]   269 | [01;36m[K{[m[K
[11.521s]       | [01;36m[K^[m[K
[13.668s] make[2]: *** [CMakeFiles/agv_gui.dir/build.make:161: CMakeFiles/agv_gui.dir/src/main_gui.cpp.o] Error 1
[13.669s] make[1]: *** [CMakeFiles/Makefile2:79: CMakeFiles/agv_gui.dir/all] Error 2
[13.670s] make: *** [Makefile:141: all] Error 2
[13.682s] Invoked command in '/home/colin/agv_gui/build/agv_gui' returned '2': CMAKE_PREFIX_PATH=${CMAKE_PREFIX_PATH}:/opt/ros/galactic /usr/bin/cmake --build /home/colin/agv_gui/build/agv_gui -- -j4 -l4
