[0.920s] Invoking command in '/home/colin/agv_gui/build/amr_v4_qt': CMAKE_PREFIX_PATH=/home/colin/agv_gui/install/amr_v4_msgs_srvs:/home/colin/agv_gui/install/amr_v4_qt:/opt/ros/galactic /usr/bin/cmake --build /home/colin/agv_gui/build/amr_v4_qt -- -j6 -l6
[1.254s] [  2%] [34m[1mAutomatic MOC and UIC for target amr_v4_qt[0m
[1.359s] [  2%] Built target amr_v4_qt_autogen
[1.501s] [35m[1mScanning dependencies of target amr_v4_qt[0m
[2.205s] [  4%] [32mBuilding CXX object CMakeFiles/amr_v4_qt.dir/src/main.cpp.o[0m
[17.381s] [  6%] [32m[1mLinking CXX executable amr_v4_qt[0m
[25.270s] [100%] Built target amr_v4_qt
[25.339s] Invoked command in '/home/colin/agv_gui/build/amr_v4_qt' returned '0': CMAKE_PREFIX_PATH=/home/colin/agv_gui/install/amr_v4_msgs_srvs:/home/colin/agv_gui/install/amr_v4_qt:/opt/ros/galactic /usr/bin/cmake --build /home/colin/agv_gui/build/amr_v4_qt -- -j6 -l6
[25.853s] Invoking command in '/home/colin/agv_gui/build/amr_v4_qt': CMAKE_PREFIX_PATH=/home/colin/agv_gui/install/amr_v4_msgs_srvs:/home/colin/agv_gui/install/amr_v4_qt:/opt/ros/galactic /usr/bin/cmake --install /home/colin/agv_gui/build/amr_v4_qt
[25.896s] -- Install configuration: ""
[25.900s] -- Installing: /home/colin/agv_gui/install/amr_v4_qt/lib/amr_v4_qt/amr_v4_qt
[25.966s] -- Set runtime path of "/home/colin/agv_gui/install/amr_v4_qt/lib/amr_v4_qt/amr_v4_qt" to ""
[25.967s] -- Up-to-date: /home/colin/agv_gui/install/amr_v4_qt/share/amr_v4_qt/launch
[25.968s] -- Up-to-date: /home/colin/agv_gui/install/amr_v4_qt/share/amr_v4_qt/launch/gui.launch.py
[25.970s] -- Up-to-date: /home/colin/agv_gui/install/amr_v4_qt/share/ament_index/resource_index/package_run_dependencies/amr_v4_qt
[25.971s] -- Up-to-date: /home/colin/agv_gui/install/amr_v4_qt/share/ament_index/resource_index/parent_prefix_path/amr_v4_qt
[25.971s] -- Up-to-date: /home/colin/agv_gui/install/amr_v4_qt/share/amr_v4_qt/environment/ament_prefix_path.sh
[25.972s] -- Up-to-date: /home/colin/agv_gui/install/amr_v4_qt/share/amr_v4_qt/environment/ament_prefix_path.dsv
[25.972s] -- Up-to-date: /home/colin/agv_gui/install/amr_v4_qt/share/amr_v4_qt/environment/path.sh
[25.973s] -- Up-to-date: /home/colin/agv_gui/install/amr_v4_qt/share/amr_v4_qt/environment/path.dsv
[25.974s] -- Up-to-date: /home/colin/agv_gui/install/amr_v4_qt/share/amr_v4_qt/local_setup.bash
[25.974s] -- Up-to-date: /home/colin/agv_gui/install/amr_v4_qt/share/amr_v4_qt/local_setup.sh
[25.975s] -- Up-to-date: /home/colin/agv_gui/install/amr_v4_qt/share/amr_v4_qt/local_setup.zsh
[25.976s] -- Up-to-date: /home/colin/agv_gui/install/amr_v4_qt/share/amr_v4_qt/local_setup.dsv
[25.977s] -- Installing: /home/colin/agv_gui/install/amr_v4_qt/share/amr_v4_qt/package.dsv
[25.977s] -- Up-to-date: /home/colin/agv_gui/install/amr_v4_qt/share/ament_index/resource_index/packages/amr_v4_qt
[25.978s] -- Up-to-date: /home/colin/agv_gui/install/amr_v4_qt/share/amr_v4_qt/cmake/amr_v4_qtConfig.cmake
[25.978s] -- Up-to-date: /home/colin/agv_gui/install/amr_v4_qt/share/amr_v4_qt/cmake/amr_v4_qtConfig-version.cmake
[25.979s] -- Up-to-date: /home/colin/agv_gui/install/amr_v4_qt/share/amr_v4_qt/package.xml
[25.989s] Invoked command in '/home/colin/agv_gui/build/amr_v4_qt' returned '0': CMAKE_PREFIX_PATH=/home/colin/agv_gui/install/amr_v4_msgs_srvs:/home/colin/agv_gui/install/amr_v4_qt:/opt/ros/galactic /usr/bin/cmake --install /home/colin/agv_gui/build/amr_v4_qt
