[1.407s] DEBUG:colcon:Command line arguments: ['/usr/bin/colcon', 'build']
[1.407s] DEBUG:colcon:Parsed command line arguments: Namespace(allow_overriding=[], ament_cmake_args=None, base_paths=['.'], build_base='build', catkin_cmake_args=None, catkin_skip_building_tests=False, cmake_args=None, cmake_clean_cache=False, cmake_clean_first=False, cmake_force_configure=False, cmake_target=None, cmake_target_skip_unavailable=False, continue_on_error=False, event_handlers=None, executor='parallel', ignore_user_meta=False, install_base='install', log_base=None, log_level=None, main=<bound method BuildVerb.main of <colcon_core.verb.build.BuildVerb object at 0xffffa9e42430>>, merge_install=False, metas=['./colcon.meta'], packages_above=None, packages_above_and_dependencies=None, packages_above_depth=None, packages_end=None, packages_ignore=None, packages_ignore_regex=None, packages_select=None, packages_select_build_failed=False, packages_select_by_dep=None, packages_select_regex=None, packages_select_test_failures=False, packages_skip=None, packages_skip_build_finished=False, packages_skip_by_dep=None, packages_skip_regex=None, packages_skip_test_passed=False, packages_skip_up_to=None, packages_start=None, packages_up_to=None, packages_up_to_regex=None, parallel_workers=4, paths=None, symlink_install=False, test_result_base=None, verb_extension=<colcon_core.verb.build.BuildVerb object at 0xffffa9e42430>, verb_name='build', verb_parser=<colcon_defaults.argument_parser.defaults.DefaultArgumentsDecorator object at 0xffffa9e42970>)
[1.536s] Level 1:colcon.colcon_core.package_discovery:discover_packages(colcon_meta) check parameters
[1.536s] Level 1:colcon.colcon_core.package_discovery:discover_packages(recursive) check parameters
[1.536s] Level 1:colcon.colcon_core.package_discovery:discover_packages(ignore) check parameters
[1.537s] Level 1:colcon.colcon_core.package_discovery:discover_packages(path) check parameters
[1.537s] Level 1:colcon.colcon_core.package_discovery:discover_packages(colcon_meta) discover
[1.537s] Level 1:colcon.colcon_core.package_discovery:discover_packages(recursive) discover
[1.537s] INFO:colcon.colcon_core.package_discovery:Crawling recursively for packages in '/home/colin/agv_gui'
[1.538s] Level 1:colcon.colcon_core.package_identification:_identify(.) by extensions ['ignore', 'ignore_ament_install']
[1.538s] Level 1:colcon.colcon_core.package_identification:_identify(.) by extension 'ignore'
[1.539s] Level 1:colcon.colcon_core.package_identification:_identify(.) by extension 'ignore_ament_install'
[1.539s] Level 1:colcon.colcon_core.package_identification:_identify(.) by extensions ['colcon_pkg']
[1.539s] Level 1:colcon.colcon_core.package_identification:_identify(.) by extension 'colcon_pkg'
[1.539s] Level 1:colcon.colcon_core.package_identification:_identify(.) by extensions ['colcon_meta']
[1.539s] Level 1:colcon.colcon_core.package_identification:_identify(.) by extension 'colcon_meta'
[1.539s] Level 1:colcon.colcon_core.package_identification:_identify(.) by extensions ['ros']
[1.540s] Level 1:colcon.colcon_core.package_identification:_identify(.) by extension 'ros'
[1.618s] Level 1:colcon.colcon_core.package_identification:_identify(.) by extensions ['cmake', 'python']
[1.618s] Level 1:colcon.colcon_core.package_identification:_identify(.) by extension 'cmake'
[1.618s] Level 1:colcon.colcon_core.package_identification:_identify(.) by extension 'python'
[1.619s] Level 1:colcon.colcon_core.package_identification:_identify(.) by extensions ['python_setup_py']
[1.619s] Level 1:colcon.colcon_core.package_identification:_identify(.) by extension 'python_setup_py'
[1.619s] Level 1:colcon.colcon_core.package_identification:_identify(build) by extensions ['ignore', 'ignore_ament_install']
[1.620s] Level 1:colcon.colcon_core.package_identification:_identify(build) by extension 'ignore'
[1.620s] Level 1:colcon.colcon_core.package_identification:_identify(build) ignored
[1.620s] Level 1:colcon.colcon_core.package_identification:_identify(devel) by extensions ['ignore', 'ignore_ament_install']
[1.621s] Level 1:colcon.colcon_core.package_identification:_identify(devel) by extension 'ignore'
[1.621s] Level 1:colcon.colcon_core.package_identification:_identify(devel) by extension 'ignore_ament_install'
[1.621s] Level 1:colcon.colcon_core.package_identification:_identify(devel) by extensions ['colcon_pkg']
[1.621s] Level 1:colcon.colcon_core.package_identification:_identify(devel) by extension 'colcon_pkg'
[1.622s] Level 1:colcon.colcon_core.package_identification:_identify(devel) by extensions ['colcon_meta']
[1.622s] Level 1:colcon.colcon_core.package_identification:_identify(devel) by extension 'colcon_meta'
[1.622s] Level 1:colcon.colcon_core.package_identification:_identify(devel) by extensions ['ros']
[1.622s] Level 1:colcon.colcon_core.package_identification:_identify(devel) by extension 'ros'
[1.622s] Level 1:colcon.colcon_core.package_identification:_identify(devel) by extensions ['cmake', 'python']
[1.622s] Level 1:colcon.colcon_core.package_identification:_identify(devel) by extension 'cmake'
[1.623s] Level 1:colcon.colcon_core.package_identification:_identify(devel) by extension 'python'
[1.623s] Level 1:colcon.colcon_core.package_identification:_identify(devel) by extensions ['python_setup_py']
[1.623s] Level 1:colcon.colcon_core.package_identification:_identify(devel) by extension 'python_setup_py'
[1.623s] Level 1:colcon.colcon_core.package_identification:_identify(install) by extensions ['ignore', 'ignore_ament_install']
[1.624s] Level 1:colcon.colcon_core.package_identification:_identify(install) by extension 'ignore'
[1.624s] Level 1:colcon.colcon_core.package_identification:_identify(install) ignored
[1.624s] Level 1:colcon.colcon_core.package_identification:_identify(log) by extensions ['ignore', 'ignore_ament_install']
[1.625s] Level 1:colcon.colcon_core.package_identification:_identify(log) by extension 'ignore'
[1.625s] Level 1:colcon.colcon_core.package_identification:_identify(log) ignored
[1.625s] Level 1:colcon.colcon_core.package_identification:_identify(logs) by extensions ['ignore', 'ignore_ament_install']
[1.625s] Level 1:colcon.colcon_core.package_identification:_identify(logs) by extension 'ignore'
[1.626s] Level 1:colcon.colcon_core.package_identification:_identify(logs) by extension 'ignore_ament_install'
[1.626s] Level 1:colcon.colcon_core.package_identification:_identify(logs) by extensions ['colcon_pkg']
[1.626s] Level 1:colcon.colcon_core.package_identification:_identify(logs) by extension 'colcon_pkg'
[1.626s] Level 1:colcon.colcon_core.package_identification:_identify(logs) by extensions ['colcon_meta']
[1.626s] Level 1:colcon.colcon_core.package_identification:_identify(logs) by extension 'colcon_meta'
[1.627s] Level 1:colcon.colcon_core.package_identification:_identify(logs) by extensions ['ros']
[1.627s] Level 1:colcon.colcon_core.package_identification:_identify(logs) by extension 'ros'
[1.627s] Level 1:colcon.colcon_core.package_identification:_identify(logs) by extensions ['cmake', 'python']
[1.627s] Level 1:colcon.colcon_core.package_identification:_identify(logs) by extension 'cmake'
[1.627s] Level 1:colcon.colcon_core.package_identification:_identify(logs) by extension 'python'
[1.628s] Level 1:colcon.colcon_core.package_identification:_identify(logs) by extensions ['python_setup_py']
[1.628s] Level 1:colcon.colcon_core.package_identification:_identify(logs) by extension 'python_setup_py'
[1.628s] Level 1:colcon.colcon_core.package_identification:_identify(src) by extensions ['ignore', 'ignore_ament_install']
[1.628s] Level 1:colcon.colcon_core.package_identification:_identify(src) by extension 'ignore'
[1.629s] Level 1:colcon.colcon_core.package_identification:_identify(src) by extension 'ignore_ament_install'
[1.629s] Level 1:colcon.colcon_core.package_identification:_identify(src) by extensions ['colcon_pkg']
[1.629s] Level 1:colcon.colcon_core.package_identification:_identify(src) by extension 'colcon_pkg'
[1.629s] Level 1:colcon.colcon_core.package_identification:_identify(src) by extensions ['colcon_meta']
[1.629s] Level 1:colcon.colcon_core.package_identification:_identify(src) by extension 'colcon_meta'
[1.629s] Level 1:colcon.colcon_core.package_identification:_identify(src) by extensions ['ros']
[1.630s] Level 1:colcon.colcon_core.package_identification:_identify(src) by extension 'ros'
[1.630s] Level 1:colcon.colcon_core.package_identification:_identify(src) by extensions ['cmake', 'python']
[1.630s] Level 1:colcon.colcon_core.package_identification:_identify(src) by extension 'cmake'
[1.630s] Level 1:colcon.colcon_core.package_identification:_identify(src) by extension 'python'
[1.630s] Level 1:colcon.colcon_core.package_identification:_identify(src) by extensions ['python_setup_py']
[1.630s] Level 1:colcon.colcon_core.package_identification:_identify(src) by extension 'python_setup_py'
[1.631s] Level 1:colcon.colcon_core.package_identification:_identify(src/agv_gui) by extensions ['ignore', 'ignore_ament_install']
[1.631s] Level 1:colcon.colcon_core.package_identification:_identify(src/agv_gui) by extension 'ignore'
[1.631s] Level 1:colcon.colcon_core.package_identification:_identify(src/agv_gui) by extension 'ignore_ament_install'
[1.632s] Level 1:colcon.colcon_core.package_identification:_identify(src/agv_gui) by extensions ['colcon_pkg']
[1.632s] Level 1:colcon.colcon_core.package_identification:_identify(src/agv_gui) by extension 'colcon_pkg'
[1.632s] Level 1:colcon.colcon_core.package_identification:_identify(src/agv_gui) by extensions ['colcon_meta']
[1.632s] Level 1:colcon.colcon_core.package_identification:_identify(src/agv_gui) by extension 'colcon_meta'
[1.632s] Level 1:colcon.colcon_core.package_identification:_identify(src/agv_gui) by extensions ['ros']
[1.632s] Level 1:colcon.colcon_core.package_identification:_identify(src/agv_gui) by extension 'ros'
[1.645s] DEBUG:colcon.colcon_core.package_identification:Package 'src/agv_gui' with type 'ros.ament_cmake' and name 'agv_gui'
[1.646s] Level 1:colcon.colcon_core.package_discovery:discover_packages(recursive) using defaults
[1.646s] Level 1:colcon.colcon_core.package_discovery:discover_packages(ignore) discover
[1.646s] Level 1:colcon.colcon_core.package_discovery:discover_packages(ignore) using defaults
[1.646s] Level 1:colcon.colcon_core.package_discovery:discover_packages(path) discover
[1.646s] Level 1:colcon.colcon_core.package_discovery:discover_packages(path) using defaults
[1.728s] Level 1:colcon.colcon_core.package_discovery:discover_packages(prefix_path) check parameters
[1.728s] Level 1:colcon.colcon_core.package_discovery:discover_packages(prefix_path) discover
[1.740s] DEBUG:colcon.colcon_installed_package_information.package_discovery:Found 1 installed packages in /home/colin/agv_gui/install
[1.749s] DEBUG:colcon.colcon_installed_package_information.package_discovery:Found 256 installed packages in /opt/ros/foxy
[1.757s] Level 1:colcon.colcon_core.package_discovery:discover_packages(prefix_path) using defaults
[2.039s] Level 5:colcon.colcon_core.verb:set package 'agv_gui' build argument 'cmake_args' from command line to 'None'
[2.040s] Level 5:colcon.colcon_core.verb:set package 'agv_gui' build argument 'cmake_target' from command line to 'None'
[2.040s] Level 5:colcon.colcon_core.verb:set package 'agv_gui' build argument 'cmake_target_skip_unavailable' from command line to 'False'
[2.040s] Level 5:colcon.colcon_core.verb:set package 'agv_gui' build argument 'cmake_clean_cache' from command line to 'False'
[2.040s] Level 5:colcon.colcon_core.verb:set package 'agv_gui' build argument 'cmake_clean_first' from command line to 'False'
[2.040s] Level 5:colcon.colcon_core.verb:set package 'agv_gui' build argument 'cmake_force_configure' from command line to 'False'
[2.041s] Level 5:colcon.colcon_core.verb:set package 'agv_gui' build argument 'ament_cmake_args' from command line to 'None'
[2.041s] Level 5:colcon.colcon_core.verb:set package 'agv_gui' build argument 'catkin_cmake_args' from command line to 'None'
[2.041s] Level 5:colcon.colcon_core.verb:set package 'agv_gui' build argument 'catkin_skip_building_tests' from command line to 'False'
[2.041s] DEBUG:colcon.colcon_core.verb:Building package 'agv_gui' with the following arguments: {'ament_cmake_args': None, 'build_base': '/home/colin/agv_gui/build/agv_gui', 'catkin_cmake_args': None, 'catkin_skip_building_tests': False, 'cmake_args': None, 'cmake_clean_cache': False, 'cmake_clean_first': False, 'cmake_force_configure': False, 'cmake_target': None, 'cmake_target_skip_unavailable': False, 'install_base': '/home/colin/agv_gui/install/agv_gui', 'merge_install': False, 'path': '/home/colin/agv_gui/src/agv_gui', 'symlink_install': False, 'test_result_base': None}
[2.044s] INFO:colcon.colcon_core.executor:Executing jobs using 'parallel' executor
[2.058s] DEBUG:colcon.colcon_parallel_executor.executor.parallel:run_until_complete
[2.059s] INFO:colcon.colcon_ros.task.ament_cmake.build:Building ROS package in '/home/colin/agv_gui/src/agv_gui' with build type 'ament_cmake'
[2.060s] INFO:colcon.colcon_cmake.task.cmake.build:Building CMake package in '/home/colin/agv_gui/src/agv_gui'
[2.080s] INFO:colcon.colcon_core.plugin_system:Skipping extension 'colcon_core.shell.bat': Not used on non-Windows systems
[2.082s] INFO:colcon.colcon_core.shell:Skip shell extension 'powershell' for command environment: Not usable outside of PowerShell
[2.082s] DEBUG:colcon.colcon_core.shell:Skip shell extension 'dsv' for command environment
[2.145s] DEBUG:colcon.colcon_core.event_handler.log_command:Invoking command in '/home/colin/agv_gui/build/agv_gui': CMAKE_PREFIX_PATH=${CMAKE_PREFIX_PATH}:/opt/ros/foxy /usr/bin/cmake --build /home/colin/agv_gui/build/agv_gui -- -j4 -l4
[9.224s] DEBUG:colcon.colcon_core.event_handler.log_command:Invoked command in '/home/colin/agv_gui/build/agv_gui' returned '2': CMAKE_PREFIX_PATH=${CMAKE_PREFIX_PATH}:/opt/ros/foxy /usr/bin/cmake --build /home/colin/agv_gui/build/agv_gui -- -j4 -l4
[9.447s] Level 1:colcon.colcon_core.environment:create_environment_scripts_only(agv_gui)
[9.482s] Level 1:colcon.colcon_core.environment:checking '/home/colin/agv_gui/install/agv_gui' for CMake module files
[9.485s] Level 1:colcon.colcon_core.environment:checking '/home/colin/agv_gui/install/agv_gui' for CMake config files
[9.486s] Level 1:colcon.colcon_core.shell:create_environment_hook('agv_gui', 'cmake_prefix_path')
[9.491s] INFO:colcon.colcon_core.shell:Creating environment hook '/home/colin/agv_gui/install/agv_gui/share/agv_gui/hook/cmake_prefix_path.ps1'
[9.495s] INFO:colcon.colcon_core.shell:Creating environment descriptor '/home/colin/agv_gui/install/agv_gui/share/agv_gui/hook/cmake_prefix_path.dsv'
[9.497s] INFO:colcon.colcon_core.shell:Creating environment hook '/home/colin/agv_gui/install/agv_gui/share/agv_gui/hook/cmake_prefix_path.sh'
[9.501s] Level 1:colcon.colcon_core.environment:checking '/home/colin/agv_gui/install/agv_gui/lib'
[9.502s] Level 1:colcon.colcon_core.environment:checking '/home/colin/agv_gui/install/agv_gui/bin'
[9.502s] Level 1:colcon.colcon_core.environment:checking '/home/colin/agv_gui/install/agv_gui/lib/pkgconfig/agv_gui.pc'
[9.503s] Level 1:colcon.colcon_core.environment:checking '/home/colin/agv_gui/install/agv_gui/lib/python3.8/site-packages'
[9.504s] Level 1:colcon.colcon_core.environment:checking '/home/colin/agv_gui/install/agv_gui/bin'
[9.509s] INFO:colcon.colcon_core.shell:Creating package script '/home/colin/agv_gui/install/agv_gui/share/agv_gui/package.ps1'
[9.513s] INFO:colcon.colcon_core.shell:Creating package descriptor '/home/colin/agv_gui/install/agv_gui/share/agv_gui/package.dsv'
[9.515s] INFO:colcon.colcon_core.shell:Creating package script '/home/colin/agv_gui/install/agv_gui/share/agv_gui/package.sh'
[9.520s] INFO:colcon.colcon_core.shell:Creating package script '/home/colin/agv_gui/install/agv_gui/share/agv_gui/package.bash'
[9.524s] INFO:colcon.colcon_core.shell:Creating package script '/home/colin/agv_gui/install/agv_gui/share/agv_gui/package.zsh'
[9.527s] Level 1:colcon.colcon_core.environment:create_file_with_runtime_dependencies(/home/colin/agv_gui/install/agv_gui/share/colcon-core/packages/agv_gui)
[9.540s] DEBUG:colcon.colcon_parallel_executor.executor.parallel:closing loop
[9.541s] DEBUG:colcon.colcon_parallel_executor.executor.parallel:loop closed
[9.541s] DEBUG:colcon.colcon_parallel_executor.executor.parallel:run_until_complete finished with '2'
[9.542s] DEBUG:colcon.colcon_core.event_reactor:joining thread
[9.565s] INFO:colcon.colcon_core.plugin_system:Skipping extension 'colcon_notification.desktop_notification.terminal_notifier': Not used on non-Darwin systems
[9.566s] INFO:colcon.colcon_core.plugin_system:Skipping extension 'colcon_notification.desktop_notification.win32': Not used on non-Windows systems
[9.566s] INFO:colcon.colcon_notification.desktop_notification:Sending desktop notification using 'notify2'
[9.652s] DEBUG:colcon.colcon_core.event_reactor:joined thread
[9.659s] INFO:colcon.colcon_core.shell:Creating prefix script '/home/colin/agv_gui/install/local_setup.ps1'
[9.664s] INFO:colcon.colcon_core.shell:Creating prefix util module '/home/colin/agv_gui/install/_local_setup_util_ps1.py'
[9.669s] INFO:colcon.colcon_core.shell:Creating prefix chain script '/home/colin/agv_gui/install/setup.ps1'
[9.675s] INFO:colcon.colcon_core.shell:Creating prefix script '/home/colin/agv_gui/install/local_setup.sh'
[9.678s] INFO:colcon.colcon_core.shell:Creating prefix util module '/home/colin/agv_gui/install/_local_setup_util_sh.py'
[9.680s] INFO:colcon.colcon_core.shell:Creating prefix chain script '/home/colin/agv_gui/install/setup.sh'
[9.686s] INFO:colcon.colcon_core.shell:Creating prefix script '/home/colin/agv_gui/install/local_setup.bash'
[9.688s] INFO:colcon.colcon_core.shell:Creating prefix chain script '/home/colin/agv_gui/install/setup.bash'
[9.694s] INFO:colcon.colcon_core.shell:Creating prefix script '/home/colin/agv_gui/install/local_setup.zsh'
[9.696s] INFO:colcon.colcon_core.shell:Creating prefix chain script '/home/colin/agv_gui/install/setup.zsh'
