[0.034s] Invoking command in '/home/colin/agv_gui/build/amr_v4_qt': CMAKE_PREFIX_PATH=${CMAKE_PREFIX_PATH}:/opt/ros/iron /usr/bin/cmake --build /home/colin/agv_gui/build/amr_v4_qt -- -j4 -l4
[0.211s] [  2%] [34m[1mAutomatic MOC and UIC for target amr_v4_qt[0m
[0.285s] [  2%] Built target amr_v4_qt_autogen
[0.336s] [  5%] [34m[1mGenerating include/moc_amr_node.cpp[0m
[0.370s] [35m[1mConsolidate compiler generated dependencies of target amr_v4_qt[0m
[0.567s] [ 13%] [32mBuilding CXX object CMakeFiles/amr_v4_qt.dir/include/moc_main_gui.cpp.o[0m
[0.567s] [ 13%] [32mBuilding CXX object CMakeFiles/amr_v4_qt.dir/src/main.cpp.o[0m
[0.568s] [ 13%] [32mBuilding CXX object CMakeFiles/amr_v4_qt.dir/src/amr_node.cpp.o[0m
[0.568s] [ 16%] [32mBuilding CXX object CMakeFiles/amr_v4_qt.dir/src/main_gui.cpp.o[0m
[15.934s] In file included from [01m[K/usr/include/x86_64-linux-gnu/c++/11/bits/c++allocator.h:33[m[K,
[15.934s]                  from [01m[K/usr/include/c++/11/bits/allocator.h:46[m[K,
[15.935s]                  from [01m[K/usr/include/c++/11/unordered_map:40[m[K,
[15.935s]                  from [01m[K/usr/include/c++/11/functional:61[m[K,
[15.936s]                  from [01m[K/usr/include/c++/11/pstl/glue_algorithm_defs.h:13[m[K,
[15.936s]                  from [01m[K/usr/include/c++/11/algorithm:74[m[K,
[15.937s]                  from [01m[K/usr/include/x86_64-linux-gnu/qt5/QtCore/qglobal.h:142[m[K,
[15.937s]                  from [01m[K/usr/include/x86_64-linux-gnu/qt5/QtGui/qtguiglobal.h:43[m[K,
[15.938s]                  from [01m[K/usr/include/x86_64-linux-gnu/qt5/QtWidgets/qtwidgetsglobal.h:43[m[K,
[15.939s]                  from [01m[K/usr/include/x86_64-linux-gnu/qt5/QtWidgets/qapplication.h:43[m[K,
[15.939s]                  from [01m[K/usr/include/x86_64-linux-gnu/qt5/QtWidgets/QApplication:1[m[K,
[15.943s]                  from [01m[K/home/colin/agv_gui/src/amr_v4_qt/src/main.cpp:1[m[K:
[15.944s] /usr/include/c++/11/ext/new_allocator.h: In instantiation of ‘[01m[Kvoid __gnu_cxx::new_allocator<_Tp>::construct(_Up*, _Args&& ...) [with _Up = AmrNode; _Args = {const char (&)[9], rclcpp::NodeOptions&}; _Tp = AmrNode][m[K’:
[15.944s] [01m[K/usr/include/c++/11/bits/alloc_traits.h:516:17:[m[K   required from ‘[01m[Kstatic void std::allocator_traits<std::allocator<_Tp1> >::construct(std::allocator_traits<std::allocator<_Tp1> >::allocator_type&, _Up*, _Args&& ...) [with _Up = AmrNode; _Args = {const char (&)[9], rclcpp::NodeOptions&}; _Tp = AmrNode; std::allocator_traits<std::allocator<_Tp1> >::allocator_type = std::allocator<AmrNode>][m[K’
[15.945s] [01m[K/usr/include/c++/11/bits/shared_ptr_base.h:519:39:[m[K   required from ‘[01m[Kstd::_Sp_counted_ptr_inplace<_Tp, _Alloc, _Lp>::_Sp_counted_ptr_inplace(_Alloc, _Args&& ...) [with _Args = {const char (&)[9], rclcpp::NodeOptions&}; _Tp = AmrNode; _Alloc = std::allocator<AmrNode>; __gnu_cxx::_Lock_policy _Lp = __gnu_cxx::_S_atomic][m[K’
[15.945s] [01m[K/usr/include/c++/11/bits/shared_ptr_base.h:650:16:[m[K   required from ‘[01m[Kstd::__shared_count<_Lp>::__shared_count(_Tp*&, std::_Sp_alloc_shared_tag<_Alloc>, _Args&& ...) [with _Tp = AmrNode; _Alloc = std::allocator<AmrNode>; _Args = {const char (&)[9], rclcpp::NodeOptions&}; __gnu_cxx::_Lock_policy _Lp = __gnu_cxx::_S_atomic][m[K’
[15.946s] [01m[K/usr/include/c++/11/bits/shared_ptr_base.h:1342:14:[m[K   required from ‘[01m[Kstd::__shared_ptr<_Tp, _Lp>::__shared_ptr(std::_Sp_alloc_shared_tag<_Tp>, _Args&& ...) [with _Alloc = std::allocator<AmrNode>; _Args = {const char (&)[9], rclcpp::NodeOptions&}; _Tp = AmrNode; __gnu_cxx::_Lock_policy _Lp = __gnu_cxx::_S_atomic][m[K’
[15.946s] [01m[K/usr/include/c++/11/bits/shared_ptr.h:409:59:[m[K   required from ‘[01m[Kstd::shared_ptr<_Tp>::shared_ptr(std::_Sp_alloc_shared_tag<_Tp>, _Args&& ...) [with _Alloc = std::allocator<AmrNode>; _Args = {const char (&)[9], rclcpp::NodeOptions&}; _Tp = AmrNode][m[K’
[15.947s] [01m[K/usr/include/c++/11/bits/shared_ptr.h:862:14:[m[K   required from ‘[01m[Kstd::shared_ptr<_Tp> std::allocate_shared(const _Alloc&, _Args&& ...) [with _Tp = AmrNode; _Alloc = std::allocator<AmrNode>; _Args = {const char (&)[9], rclcpp::NodeOptions&}][m[K’
[15.947s] [01m[K/usr/include/c++/11/bits/shared_ptr.h:878:39:[m[K   required from ‘[01m[Kstd::shared_ptr<_Tp> std::make_shared(_Args&& ...) [with _Tp = AmrNode; _Args = {const char (&)[9], rclcpp::NodeOptions&}][m[K’
[15.948s] [01m[K/home/colin/agv_gui/src/amr_v4_qt/src/main.cpp:29:46:[m[K   required from here
[15.949s] [01m[K/usr/include/c++/11/ext/new_allocator.h:162:11:[m[K [01;31m[Kerror: [m[Kno matching function for call to ‘[01m[KAmrNode::AmrNode(const char [9], rclcpp::NodeOptions&)[m[K’
[15.949s]   162 |         { [01;31m[K::new((void *)__p) _Up(std::forward<_Args>(__args)...)[m[K; }
[15.950s]       |           [01;31m[K^~~~~~~~~~~~~~~~~~~~~~~~~~~~~~~~~~~~~~~~~~~~~~~~~~~~~~[m[K
[15.950s] In file included from [01m[K/home/colin/agv_gui/src/amr_v4_qt/include/main_gui.h:19[m[K,
[15.951s]                  from [01m[K/home/colin/agv_gui/src/amr_v4_qt/src/main.cpp:4[m[K:
[15.955s] [01m[K/home/colin/agv_gui/src/amr_v4_qt/include/amr_node.h:19:14:[m[K [01;36m[Knote: [m[Kcandidate: ‘[01m[KAmrNode::AmrNode(const rclcpp::NodeOptions&)[m[K’
[15.956s]    19 |     explicit [01;36m[KAmrNode[m[K(const rclcpp::NodeOptions &options);
[15.957s]       |              [01;36m[K^~~~~~~[m[K
[15.959s] [01m[K/home/colin/agv_gui/src/amr_v4_qt/include/amr_node.h:19:14:[m[K [01;36m[Knote: [m[K  candidate expects 1 argument, 2 provided
[16.201s] gmake[2]: *** [CMakeFiles/amr_v4_qt.dir/build.make:138: CMakeFiles/amr_v4_qt.dir/src/main.cpp.o] Error 1
[16.203s] gmake[2]: *** Waiting for unfinished jobs....
[23.961s] gmake[1]: *** [CMakeFiles/Makefile2:138: CMakeFiles/amr_v4_qt.dir/all] Error 2
[23.963s] gmake: *** [Makefile:146: all] Error 2
[23.965s] Invoked command in '/home/colin/agv_gui/build/amr_v4_qt' returned '2': CMAKE_PREFIX_PATH=${CMAKE_PREFIX_PATH}:/opt/ros/iron /usr/bin/cmake --build /home/colin/agv_gui/build/amr_v4_qt -- -j4 -l4
