[11.332s] DEBUG:colcon:Command line arguments: ['/usr/bin/colcon', 'build']
[11.333s] DEBUG:colcon:Parsed command line arguments: Namespace(allow_overriding=[], ament_cmake_args=None, base_paths=['.'], build_base='build', catkin_cmake_args=None, catkin_skip_building_tests=False, cmake_args=None, cmake_clean_cache=False, cmake_clean_first=False, cmake_force_configure=False, cmake_target=None, cmake_target_skip_unavailable=False, continue_on_error=False, event_handlers=None, executor='parallel', ignore_user_meta=False, install_base='install', log_base=None, log_level=None, main=<bound method BuildVerb.main of <colcon_core.verb.build.BuildVerb object at 0xffff988f3190>>, merge_install=False, metas=['./colcon.meta'], packages_above=None, packages_above_and_dependencies=None, packages_above_depth=None, packages_end=None, packages_ignore=None, packages_ignore_regex=None, packages_select=None, packages_select_build_failed=False, packages_select_by_dep=None, packages_select_regex=None, packages_select_test_failures=False, packages_skip=None, packages_skip_build_finished=False, packages_skip_by_dep=None, packages_skip_regex=None, packages_skip_test_passed=False, packages_skip_up_to=None, packages_start=None, packages_up_to=None, packages_up_to_regex=None, parallel_workers=6, paths=None, symlink_install=False, test_result_base=None, verb_extension=<colcon_core.verb.build.BuildVerb object at 0xffff988f3190>, verb_name='build', verb_parser=<colcon_defaults.argument_parser.defaults.DefaultArgumentsDecorator object at 0xffff988d9700>)
[11.865s] Level 1:colcon.colcon_core.package_discovery:discover_packages(colcon_meta) check parameters
[11.866s] Level 1:colcon.colcon_core.package_discovery:discover_packages(recursive) check parameters
[11.866s] Level 1:colcon.colcon_core.package_discovery:discover_packages(ignore) check parameters
[11.866s] Level 1:colcon.colcon_core.package_discovery:discover_packages(path) check parameters
[11.866s] Level 1:colcon.colcon_core.package_discovery:discover_packages(colcon_meta) discover
[11.867s] Level 1:colcon.colcon_core.package_discovery:discover_packages(recursive) discover
[11.867s] INFO:colcon.colcon_core.package_discovery:Crawling recursively for packages in '/home/colin/agv_gui'
[11.868s] Level 1:colcon.colcon_core.package_identification:_identify(.) by extensions ['ignore', 'ignore_ament_install']
[11.868s] Level 1:colcon.colcon_core.package_identification:_identify(.) by extension 'ignore'
[11.869s] Level 1:colcon.colcon_core.package_identification:_identify(.) by extension 'ignore_ament_install'
[11.869s] Level 1:colcon.colcon_core.package_identification:_identify(.) by extensions ['colcon_pkg']
[11.869s] Level 1:colcon.colcon_core.package_identification:_identify(.) by extension 'colcon_pkg'
[11.869s] Level 1:colcon.colcon_core.package_identification:_identify(.) by extensions ['colcon_meta']
[11.870s] Level 1:colcon.colcon_core.package_identification:_identify(.) by extension 'colcon_meta'
[11.870s] Level 1:colcon.colcon_core.package_identification:_identify(.) by extensions ['ros']
[11.870s] Level 1:colcon.colcon_core.package_identification:_identify(.) by extension 'ros'
[11.931s] Level 1:colcon.colcon_core.package_identification:_identify(.) by extensions ['cmake', 'python']
[11.932s] Level 1:colcon.colcon_core.package_identification:_identify(.) by extension 'cmake'
[11.932s] Level 1:colcon.colcon_core.package_identification:_identify(.) by extension 'python'
[11.932s] Level 1:colcon.colcon_core.package_identification:_identify(.) by extensions ['python_setup_py']
[11.932s] Level 1:colcon.colcon_core.package_identification:_identify(.) by extension 'python_setup_py'
[11.933s] Level 1:colcon.colcon_core.package_identification:_identify(amr_v4_msgs_srvs) by extensions ['ignore', 'ignore_ament_install']
[11.934s] Level 1:colcon.colcon_core.package_identification:_identify(amr_v4_msgs_srvs) by extension 'ignore'
[11.934s] Level 1:colcon.colcon_core.package_identification:_identify(amr_v4_msgs_srvs) by extension 'ignore_ament_install'
[11.935s] Level 1:colcon.colcon_core.package_identification:_identify(amr_v4_msgs_srvs) by extensions ['colcon_pkg']
[11.935s] Level 1:colcon.colcon_core.package_identification:_identify(amr_v4_msgs_srvs) by extension 'colcon_pkg'
[11.935s] Level 1:colcon.colcon_core.package_identification:_identify(amr_v4_msgs_srvs) by extensions ['colcon_meta']
[11.935s] Level 1:colcon.colcon_core.package_identification:_identify(amr_v4_msgs_srvs) by extension 'colcon_meta'
[11.936s] Level 1:colcon.colcon_core.package_identification:_identify(amr_v4_msgs_srvs) by extensions ['ros']
[11.936s] Level 1:colcon.colcon_core.package_identification:_identify(amr_v4_msgs_srvs) by extension 'ros'
[11.949s] DEBUG:colcon.colcon_core.package_identification:Package 'amr_v4_msgs_srvs' with type 'ros.ament_cmake' and name 'amr_v4_msgs_srvs'
[11.950s] Level 1:colcon.colcon_core.package_identification:_identify(amr_v4_qt) by extensions ['ignore', 'ignore_ament_install']
[11.950s] Level 1:colcon.colcon_core.package_identification:_identify(amr_v4_qt) by extension 'ignore'
[11.951s] Level 1:colcon.colcon_core.package_identification:_identify(amr_v4_qt) by extension 'ignore_ament_install'
[11.951s] Level 1:colcon.colcon_core.package_identification:_identify(amr_v4_qt) by extensions ['colcon_pkg']
[11.951s] Level 1:colcon.colcon_core.package_identification:_identify(amr_v4_qt) by extension 'colcon_pkg'
[11.952s] Level 1:colcon.colcon_core.package_identification:_identify(amr_v4_qt) by extensions ['colcon_meta']
[11.952s] Level 1:colcon.colcon_core.package_identification:_identify(amr_v4_qt) by extension 'colcon_meta'
[11.952s] Level 1:colcon.colcon_core.package_identification:_identify(amr_v4_qt) by extensions ['ros']
[11.952s] Level 1:colcon.colcon_core.package_identification:_identify(amr_v4_qt) by extension 'ros'
[11.957s] DEBUG:colcon.colcon_core.package_identification:Package 'amr_v4_qt' with type 'ros.ament_cmake' and name 'amr_v4_qt'
[11.957s] Level 1:colcon.colcon_core.package_identification:_identify(build) by extensions ['ignore', 'ignore_ament_install']
[11.958s] Level 1:colcon.colcon_core.package_identification:_identify(build) by extension 'ignore'
[11.958s] Level 1:colcon.colcon_core.package_identification:_identify(build) ignored
[11.958s] Level 1:colcon.colcon_core.package_identification:_identify(install) by extensions ['ignore', 'ignore_ament_install']
[11.959s] Level 1:colcon.colcon_core.package_identification:_identify(install) by extension 'ignore'
[11.959s] Level 1:colcon.colcon_core.package_identification:_identify(install) ignored
[11.960s] Level 1:colcon.colcon_core.package_identification:_identify(log) by extensions ['ignore', 'ignore_ament_install']
[11.961s] Level 1:colcon.colcon_core.package_identification:_identify(log) by extension 'ignore'
[11.961s] Level 1:colcon.colcon_core.package_identification:_identify(log) ignored
[11.961s] Level 1:colcon.colcon_core.package_identification:_identify(src) by extensions ['ignore', 'ignore_ament_install']
[11.962s] Level 1:colcon.colcon_core.package_identification:_identify(src) by extension 'ignore'
[11.962s] Level 1:colcon.colcon_core.package_identification:_identify(src) by extension 'ignore_ament_install'
[11.962s] Level 1:colcon.colcon_core.package_identification:_identify(src) by extensions ['colcon_pkg']
[11.962s] Level 1:colcon.colcon_core.package_identification:_identify(src) by extension 'colcon_pkg'
[11.963s] Level 1:colcon.colcon_core.package_identification:_identify(src) by extensions ['colcon_meta']
[11.963s] Level 1:colcon.colcon_core.package_identification:_identify(src) by extension 'colcon_meta'
[11.963s] Level 1:colcon.colcon_core.package_identification:_identify(src) by extensions ['ros']
[11.963s] Level 1:colcon.colcon_core.package_identification:_identify(src) by extension 'ros'
[11.964s] Level 1:colcon.colcon_core.package_identification:_identify(src) by extensions ['cmake', 'python']
[11.964s] Level 1:colcon.colcon_core.package_identification:_identify(src) by extension 'cmake'
[11.964s] Level 1:colcon.colcon_core.package_identification:_identify(src) by extension 'python'
[11.964s] Level 1:colcon.colcon_core.package_identification:_identify(src) by extensions ['python_setup_py']
[11.965s] Level 1:colcon.colcon_core.package_identification:_identify(src) by extension 'python_setup_py'
[11.965s] Level 1:colcon.colcon_core.package_discovery:discover_packages(recursive) using defaults
[11.965s] Level 1:colcon.colcon_core.package_discovery:discover_packages(ignore) discover
[11.965s] Level 1:colcon.colcon_core.package_discovery:discover_packages(ignore) using defaults
[11.966s] Level 1:colcon.colcon_core.package_discovery:discover_packages(path) discover
[11.966s] Level 1:colcon.colcon_core.package_discovery:discover_packages(path) using defaults
[12.943s] Level 1:colcon.colcon_core.package_discovery:discover_packages(prefix_path) check parameters
[12.943s] Level 1:colcon.colcon_core.package_discovery:discover_packages(prefix_path) discover
[13.315s] DEBUG:colcon.colcon_installed_package_information.package_discovery:Found 2 installed packages in /home/colin/agv_gui/install
[13.505s] DEBUG:colcon.colcon_installed_package_information.package_discovery:Found 268 installed packages in /opt/ros/galactic
[13.515s] Level 1:colcon.colcon_core.package_discovery:discover_packages(prefix_path) using defaults
[14.473s] Level 5:colcon.colcon_core.verb:set package 'amr_v4_msgs_srvs' build argument 'cmake_args' from command line to 'None'
[14.474s] Level 5:colcon.colcon_core.verb:set package 'amr_v4_msgs_srvs' build argument 'cmake_target' from command line to 'None'
[14.474s] Level 5:colcon.colcon_core.verb:set package 'amr_v4_msgs_srvs' build argument 'cmake_target_skip_unavailable' from command line to 'False'
[14.474s] Level 5:colcon.colcon_core.verb:set package 'amr_v4_msgs_srvs' build argument 'cmake_clean_cache' from command line to 'False'
[14.474s] Level 5:colcon.colcon_core.verb:set package 'amr_v4_msgs_srvs' build argument 'cmake_clean_first' from command line to 'False'
[14.474s] Level 5:colcon.colcon_core.verb:set package 'amr_v4_msgs_srvs' build argument 'cmake_force_configure' from command line to 'False'
[14.475s] Level 5:colcon.colcon_core.verb:set package 'amr_v4_msgs_srvs' build argument 'ament_cmake_args' from command line to 'None'
[14.475s] Level 5:colcon.colcon_core.verb:set package 'amr_v4_msgs_srvs' build argument 'catkin_cmake_args' from command line to 'None'
[14.475s] Level 5:colcon.colcon_core.verb:set package 'amr_v4_msgs_srvs' build argument 'catkin_skip_building_tests' from command line to 'False'
[14.476s] DEBUG:colcon.colcon_core.verb:Building package 'amr_v4_msgs_srvs' with the following arguments: {'ament_cmake_args': None, 'build_base': '/home/colin/agv_gui/build/amr_v4_msgs_srvs', 'catkin_cmake_args': None, 'catkin_skip_building_tests': False, 'cmake_args': None, 'cmake_clean_cache': False, 'cmake_clean_first': False, 'cmake_force_configure': False, 'cmake_target': None, 'cmake_target_skip_unavailable': False, 'install_base': '/home/colin/agv_gui/install/amr_v4_msgs_srvs', 'merge_install': False, 'path': '/home/colin/agv_gui/amr_v4_msgs_srvs', 'symlink_install': False, 'test_result_base': None}
[14.659s] Level 5:colcon.colcon_core.verb:set package 'amr_v4_qt' build argument 'cmake_args' from command line to 'None'
[14.660s] Level 5:colcon.colcon_core.verb:set package 'amr_v4_qt' build argument 'cmake_target' from command line to 'None'
[14.660s] Level 5:colcon.colcon_core.verb:set package 'amr_v4_qt' build argument 'cmake_target_skip_unavailable' from command line to 'False'
[14.660s] Level 5:colcon.colcon_core.verb:set package 'amr_v4_qt' build argument 'cmake_clean_cache' from command line to 'False'
[14.660s] Level 5:colcon.colcon_core.verb:set package 'amr_v4_qt' build argument 'cmake_clean_first' from command line to 'False'
[14.660s] Level 5:colcon.colcon_core.verb:set package 'amr_v4_qt' build argument 'cmake_force_configure' from command line to 'False'
[14.661s] Level 5:colcon.colcon_core.verb:set package 'amr_v4_qt' build argument 'ament_cmake_args' from command line to 'None'
[14.661s] Level 5:colcon.colcon_core.verb:set package 'amr_v4_qt' build argument 'catkin_cmake_args' from command line to 'None'
[14.661s] Level 5:colcon.colcon_core.verb:set package 'amr_v4_qt' build argument 'catkin_skip_building_tests' from command line to 'False'
[14.661s] DEBUG:colcon.colcon_core.verb:Building package 'amr_v4_qt' with the following arguments: {'ament_cmake_args': None, 'build_base': '/home/colin/agv_gui/build/amr_v4_qt', 'catkin_cmake_args': None, 'catkin_skip_building_tests': False, 'cmake_args': None, 'cmake_clean_cache': False, 'cmake_clean_first': False, 'cmake_force_configure': False, 'cmake_target': None, 'cmake_target_skip_unavailable': False, 'install_base': '/home/colin/agv_gui/install/amr_v4_qt', 'merge_install': False, 'path': '/home/colin/agv_gui/amr_v4_qt', 'symlink_install': False, 'test_result_base': None}
[14.846s] INFO:colcon.colcon_core.executor:Executing jobs using 'parallel' executor
[15.023s] DEBUG:colcon.colcon_parallel_executor.executor.parallel:run_until_complete
[15.025s] INFO:colcon.colcon_ros.task.ament_cmake.build:Building ROS package in '/home/colin/agv_gui/amr_v4_msgs_srvs' with build type 'ament_cmake'
[15.026s] INFO:colcon.colcon_cmake.task.cmake.build:Building CMake package in '/home/colin/agv_gui/amr_v4_msgs_srvs'
[15.223s] INFO:colcon.colcon_core.plugin_system:Skipping extension 'colcon_core.shell.bat': Not used on non-Windows systems
[15.225s] INFO:colcon.colcon_core.shell:Skip shell extension 'powershell' for command environment: Not usable outside of PowerShell
[15.226s] DEBUG:colcon.colcon_core.shell:Skip shell extension 'dsv' for command environment
[15.928s] DEBUG:colcon.colcon_core.event_handler.log_command:Invoking command in '/home/colin/agv_gui/build/amr_v4_msgs_srvs': CMAKE_PREFIX_PATH=${CMAKE_PREFIX_PATH}:/opt/ros/galactic /usr/bin/cmake --build /home/colin/agv_gui/build/amr_v4_msgs_srvs -- -j6 -l6
[17.302s] DEBUG:colcon.colcon_core.event_handler.log_command:Invoked command in '/home/colin/agv_gui/build/amr_v4_msgs_srvs' returned '0': CMAKE_PREFIX_PATH=${CMAKE_PREFIX_PATH}:/opt/ros/galactic /usr/bin/cmake --build /home/colin/agv_gui/build/amr_v4_msgs_srvs -- -j6 -l6
[18.074s] DEBUG:colcon.colcon_core.event_handler.log_command:Invoking command in '/home/colin/agv_gui/build/amr_v4_msgs_srvs': CMAKE_PREFIX_PATH=${CMAKE_PREFIX_PATH}:/opt/ros/galactic /usr/bin/cmake --install /home/colin/agv_gui/build/amr_v4_msgs_srvs
[18.409s] Level 1:colcon.colcon_core.environment:create_environment_scripts_only(amr_v4_msgs_srvs)
[18.413s] DEBUG:colcon.colcon_core.event_handler.log_command:Invoked command in '/home/colin/agv_gui/build/amr_v4_msgs_srvs' returned '0': CMAKE_PREFIX_PATH=${CMAKE_PREFIX_PATH}:/opt/ros/galactic /usr/bin/cmake --install /home/colin/agv_gui/build/amr_v4_msgs_srvs
[18.633s] Level 1:colcon.colcon_core.environment:checking '/home/colin/agv_gui/install/amr_v4_msgs_srvs' for CMake module files
[18.637s] Level 1:colcon.colcon_core.environment:checking '/home/colin/agv_gui/install/amr_v4_msgs_srvs' for CMake config files
[18.639s] Level 1:colcon.colcon_core.shell:create_environment_hook('amr_v4_msgs_srvs', 'cmake_prefix_path')
[18.829s] INFO:colcon.colcon_core.shell:Creating environment hook '/home/colin/agv_gui/install/amr_v4_msgs_srvs/share/amr_v4_msgs_srvs/hook/cmake_prefix_path.ps1'
[18.833s] INFO:colcon.colcon_core.shell:Creating environment descriptor '/home/colin/agv_gui/install/amr_v4_msgs_srvs/share/amr_v4_msgs_srvs/hook/cmake_prefix_path.dsv'
[18.835s] INFO:colcon.colcon_core.shell:Creating environment hook '/home/colin/agv_gui/install/amr_v4_msgs_srvs/share/amr_v4_msgs_srvs/hook/cmake_prefix_path.sh'
[18.841s] Level 1:colcon.colcon_core.environment:checking '/home/colin/agv_gui/install/amr_v4_msgs_srvs/lib'
[18.842s] Level 1:colcon.colcon_core.shell:create_environment_hook('amr_v4_msgs_srvs', 'ld_library_path_lib')
[19.076s] INFO:colcon.colcon_core.shell:Creating environment hook '/home/colin/agv_gui/install/amr_v4_msgs_srvs/share/amr_v4_msgs_srvs/hook/ld_library_path_lib.ps1'
[19.080s] INFO:colcon.colcon_core.shell:Creating environment descriptor '/home/colin/agv_gui/install/amr_v4_msgs_srvs/share/amr_v4_msgs_srvs/hook/ld_library_path_lib.dsv'
[19.082s] INFO:colcon.colcon_core.shell:Creating environment hook '/home/colin/agv_gui/install/amr_v4_msgs_srvs/share/amr_v4_msgs_srvs/hook/ld_library_path_lib.sh'
[19.084s] Level 1:colcon.colcon_core.environment:checking '/home/colin/agv_gui/install/amr_v4_msgs_srvs/bin'
[19.085s] Level 1:colcon.colcon_core.environment:checking '/home/colin/agv_gui/install/amr_v4_msgs_srvs/lib/pkgconfig/amr_v4_msgs_srvs.pc'
[19.086s] Level 1:colcon.colcon_core.environment:checking '/home/colin/agv_gui/install/amr_v4_msgs_srvs/lib/python3.8/site-packages'
[19.087s] Level 1:colcon.colcon_core.shell:create_environment_hook('amr_v4_msgs_srvs', 'pythonpath')
[19.293s] INFO:colcon.colcon_core.shell:Creating environment hook '/home/colin/agv_gui/install/amr_v4_msgs_srvs/share/amr_v4_msgs_srvs/hook/pythonpath.ps1'
[19.295s] INFO:colcon.colcon_core.shell:Creating environment descriptor '/home/colin/agv_gui/install/amr_v4_msgs_srvs/share/amr_v4_msgs_srvs/hook/pythonpath.dsv'
[19.297s] INFO:colcon.colcon_core.shell:Creating environment hook '/home/colin/agv_gui/install/amr_v4_msgs_srvs/share/amr_v4_msgs_srvs/hook/pythonpath.sh'
[19.300s] Level 1:colcon.colcon_core.environment:checking '/home/colin/agv_gui/install/amr_v4_msgs_srvs/bin'
[19.488s] INFO:colcon.colcon_core.shell:Creating package script '/home/colin/agv_gui/install/amr_v4_msgs_srvs/share/amr_v4_msgs_srvs/package.ps1'
[19.493s] INFO:colcon.colcon_core.shell:Creating package descriptor '/home/colin/agv_gui/install/amr_v4_msgs_srvs/share/amr_v4_msgs_srvs/package.dsv'
[19.498s] INFO:colcon.colcon_core.shell:Creating package script '/home/colin/agv_gui/install/amr_v4_msgs_srvs/share/amr_v4_msgs_srvs/package.sh'
[19.503s] INFO:colcon.colcon_core.shell:Creating package script '/home/colin/agv_gui/install/amr_v4_msgs_srvs/share/amr_v4_msgs_srvs/package.bash'
[19.508s] INFO:colcon.colcon_core.shell:Creating package script '/home/colin/agv_gui/install/amr_v4_msgs_srvs/share/amr_v4_msgs_srvs/package.zsh'
[19.511s] Level 1:colcon.colcon_core.environment:create_file_with_runtime_dependencies(/home/colin/agv_gui/install/amr_v4_msgs_srvs/share/colcon-core/packages/amr_v4_msgs_srvs)
[20.520s] Level 1:colcon.colcon_core.environment:create_environment_scripts_only(amr_v4_msgs_srvs)
[20.726s] Level 1:colcon.colcon_core.environment:checking '/home/colin/agv_gui/install/amr_v4_msgs_srvs' for CMake module files
[20.730s] Level 1:colcon.colcon_core.environment:checking '/home/colin/agv_gui/install/amr_v4_msgs_srvs' for CMake config files
[20.732s] Level 1:colcon.colcon_core.shell:create_environment_hook('amr_v4_msgs_srvs', 'cmake_prefix_path')
[20.934s] INFO:colcon.colcon_core.shell:Creating environment hook '/home/colin/agv_gui/install/amr_v4_msgs_srvs/share/amr_v4_msgs_srvs/hook/cmake_prefix_path.ps1'
[20.938s] INFO:colcon.colcon_core.shell:Creating environment descriptor '/home/colin/agv_gui/install/amr_v4_msgs_srvs/share/amr_v4_msgs_srvs/hook/cmake_prefix_path.dsv'
[20.941s] INFO:colcon.colcon_core.shell:Creating environment hook '/home/colin/agv_gui/install/amr_v4_msgs_srvs/share/amr_v4_msgs_srvs/hook/cmake_prefix_path.sh'
[20.947s] Level 1:colcon.colcon_core.environment:checking '/home/colin/agv_gui/install/amr_v4_msgs_srvs/lib'
[20.947s] Level 1:colcon.colcon_core.shell:create_environment_hook('amr_v4_msgs_srvs', 'ld_library_path_lib')
[21.165s] INFO:colcon.colcon_core.shell:Creating environment hook '/home/colin/agv_gui/install/amr_v4_msgs_srvs/share/amr_v4_msgs_srvs/hook/ld_library_path_lib.ps1'
[21.168s] INFO:colcon.colcon_core.shell:Creating environment descriptor '/home/colin/agv_gui/install/amr_v4_msgs_srvs/share/amr_v4_msgs_srvs/hook/ld_library_path_lib.dsv'
[21.170s] INFO:colcon.colcon_core.shell:Creating environment hook '/home/colin/agv_gui/install/amr_v4_msgs_srvs/share/amr_v4_msgs_srvs/hook/ld_library_path_lib.sh'
[21.172s] Level 1:colcon.colcon_core.environment:checking '/home/colin/agv_gui/install/amr_v4_msgs_srvs/bin'
[21.172s] Level 1:colcon.colcon_core.environment:checking '/home/colin/agv_gui/install/amr_v4_msgs_srvs/lib/pkgconfig/amr_v4_msgs_srvs.pc'
[21.174s] Level 1:colcon.colcon_core.environment:checking '/home/colin/agv_gui/install/amr_v4_msgs_srvs/lib/python3.8/site-packages'
[21.175s] Level 1:colcon.colcon_core.shell:create_environment_hook('amr_v4_msgs_srvs', 'pythonpath')
[21.414s] INFO:colcon.colcon_core.shell:Creating environment hook '/home/colin/agv_gui/install/amr_v4_msgs_srvs/share/amr_v4_msgs_srvs/hook/pythonpath.ps1'
[21.417s] INFO:colcon.colcon_core.shell:Creating environment descriptor '/home/colin/agv_gui/install/amr_v4_msgs_srvs/share/amr_v4_msgs_srvs/hook/pythonpath.dsv'
[21.420s] INFO:colcon.colcon_core.shell:Creating environment hook '/home/colin/agv_gui/install/amr_v4_msgs_srvs/share/amr_v4_msgs_srvs/hook/pythonpath.sh'
[21.424s] Level 1:colcon.colcon_core.environment:checking '/home/colin/agv_gui/install/amr_v4_msgs_srvs/bin'
[21.665s] INFO:colcon.colcon_core.shell:Creating package script '/home/colin/agv_gui/install/amr_v4_msgs_srvs/share/amr_v4_msgs_srvs/package.ps1'
[21.670s] INFO:colcon.colcon_core.shell:Creating package descriptor '/home/colin/agv_gui/install/amr_v4_msgs_srvs/share/amr_v4_msgs_srvs/package.dsv'
[21.674s] INFO:colcon.colcon_core.shell:Creating package script '/home/colin/agv_gui/install/amr_v4_msgs_srvs/share/amr_v4_msgs_srvs/package.sh'
[21.678s] INFO:colcon.colcon_core.shell:Creating package script '/home/colin/agv_gui/install/amr_v4_msgs_srvs/share/amr_v4_msgs_srvs/package.bash'
[21.680s] INFO:colcon.colcon_core.shell:Creating package script '/home/colin/agv_gui/install/amr_v4_msgs_srvs/share/amr_v4_msgs_srvs/package.zsh'
[21.682s] Level 1:colcon.colcon_core.environment:create_file_with_runtime_dependencies(/home/colin/agv_gui/install/amr_v4_msgs_srvs/share/colcon-core/packages/amr_v4_msgs_srvs)
[21.686s] INFO:colcon.colcon_ros.task.ament_cmake.build:Building ROS package in '/home/colin/agv_gui/amr_v4_qt' with build type 'ament_cmake'
[21.688s] INFO:colcon.colcon_cmake.task.cmake.build:Building CMake package in '/home/colin/agv_gui/amr_v4_qt'
[21.901s] INFO:colcon.colcon_core.shell:Skip shell extension 'powershell' for command environment: Not usable outside of PowerShell
[21.903s] DEBUG:colcon.colcon_core.shell:Skip shell extension 'dsv' for command environment
[22.614s] DEBUG:colcon.colcon_core.event_handler.log_command:Invoking command in '/home/colin/agv_gui/build/amr_v4_qt': CMAKE_PREFIX_PATH=/home/colin/agv_gui/install/amr_v4_msgs_srvs:/home/colin/agv_gui/install/amr_v4_qt:/opt/ros/galactic /usr/bin/cmake --build /home/colin/agv_gui/build/amr_v4_qt -- -j6 -l6
[47.035s] DEBUG:colcon.colcon_core.event_handler.log_command:Invoked command in '/home/colin/agv_gui/build/amr_v4_qt' returned '0': CMAKE_PREFIX_PATH=/home/colin/agv_gui/install/amr_v4_msgs_srvs:/home/colin/agv_gui/install/amr_v4_qt:/opt/ros/galactic /usr/bin/cmake --build /home/colin/agv_gui/build/amr_v4_qt -- -j6 -l6
[47.547s] DEBUG:colcon.colcon_core.event_handler.log_command:Invoking command in '/home/colin/agv_gui/build/amr_v4_qt': CMAKE_PREFIX_PATH=/home/colin/agv_gui/install/amr_v4_msgs_srvs:/home/colin/agv_gui/install/amr_v4_qt:/opt/ros/galactic /usr/bin/cmake --install /home/colin/agv_gui/build/amr_v4_qt
[47.678s] Level 1:colcon.colcon_core.environment:create_environment_scripts_only(amr_v4_qt)
[47.681s] DEBUG:colcon.colcon_core.event_handler.log_command:Invoked command in '/home/colin/agv_gui/build/amr_v4_qt' returned '0': CMAKE_PREFIX_PATH=/home/colin/agv_gui/install/amr_v4_msgs_srvs:/home/colin/agv_gui/install/amr_v4_qt:/opt/ros/galactic /usr/bin/cmake --install /home/colin/agv_gui/build/amr_v4_qt
[47.892s] Level 1:colcon.colcon_core.environment:checking '/home/colin/agv_gui/install/amr_v4_qt' for CMake module files
[47.896s] Level 1:colcon.colcon_core.environment:checking '/home/colin/agv_gui/install/amr_v4_qt' for CMake config files
[47.898s] Level 1:colcon.colcon_core.shell:create_environment_hook('amr_v4_qt', 'cmake_prefix_path')
[48.083s] INFO:colcon.colcon_core.shell:Creating environment hook '/home/colin/agv_gui/install/amr_v4_qt/share/amr_v4_qt/hook/cmake_prefix_path.ps1'
[48.087s] INFO:colcon.colcon_core.shell:Creating environment descriptor '/home/colin/agv_gui/install/amr_v4_qt/share/amr_v4_qt/hook/cmake_prefix_path.dsv'
[48.089s] INFO:colcon.colcon_core.shell:Creating environment hook '/home/colin/agv_gui/install/amr_v4_qt/share/amr_v4_qt/hook/cmake_prefix_path.sh'
[48.093s] Level 1:colcon.colcon_core.environment:checking '/home/colin/agv_gui/install/amr_v4_qt/lib'
[48.094s] Level 1:colcon.colcon_core.environment:checking '/home/colin/agv_gui/install/amr_v4_qt/bin'
[48.094s] Level 1:colcon.colcon_core.environment:checking '/home/colin/agv_gui/install/amr_v4_qt/lib/pkgconfig/amr_v4_qt.pc'
[48.096s] Level 1:colcon.colcon_core.environment:checking '/home/colin/agv_gui/install/amr_v4_qt/lib/python3.8/site-packages'
[48.096s] Level 1:colcon.colcon_core.environment:checking '/home/colin/agv_gui/install/amr_v4_qt/bin'
[48.279s] INFO:colcon.colcon_core.shell:Creating package script '/home/colin/agv_gui/install/amr_v4_qt/share/amr_v4_qt/package.ps1'
[48.283s] INFO:colcon.colcon_core.shell:Creating package descriptor '/home/colin/agv_gui/install/amr_v4_qt/share/amr_v4_qt/package.dsv'
[48.286s] INFO:colcon.colcon_core.shell:Creating package script '/home/colin/agv_gui/install/amr_v4_qt/share/amr_v4_qt/package.sh'
[48.289s] INFO:colcon.colcon_core.shell:Creating package script '/home/colin/agv_gui/install/amr_v4_qt/share/amr_v4_qt/package.bash'
[48.291s] INFO:colcon.colcon_core.shell:Creating package script '/home/colin/agv_gui/install/amr_v4_qt/share/amr_v4_qt/package.zsh'
[48.293s] Level 1:colcon.colcon_core.environment:create_file_with_runtime_dependencies(/home/colin/agv_gui/install/amr_v4_qt/share/colcon-core/packages/amr_v4_qt)
[48.995s] Level 1:colcon.colcon_core.environment:create_environment_scripts_only(amr_v4_qt)
[49.197s] Level 1:colcon.colcon_core.environment:checking '/home/colin/agv_gui/install/amr_v4_qt' for CMake module files
[49.200s] Level 1:colcon.colcon_core.environment:checking '/home/colin/agv_gui/install/amr_v4_qt' for CMake config files
[49.202s] Level 1:colcon.colcon_core.shell:create_environment_hook('amr_v4_qt', 'cmake_prefix_path')
[49.404s] INFO:colcon.colcon_core.shell:Creating environment hook '/home/colin/agv_gui/install/amr_v4_qt/share/amr_v4_qt/hook/cmake_prefix_path.ps1'
[49.408s] INFO:colcon.colcon_core.shell:Creating environment descriptor '/home/colin/agv_gui/install/amr_v4_qt/share/amr_v4_qt/hook/cmake_prefix_path.dsv'
[49.410s] INFO:colcon.colcon_core.shell:Creating environment hook '/home/colin/agv_gui/install/amr_v4_qt/share/amr_v4_qt/hook/cmake_prefix_path.sh'
[49.414s] Level 1:colcon.colcon_core.environment:checking '/home/colin/agv_gui/install/amr_v4_qt/lib'
[49.414s] Level 1:colcon.colcon_core.environment:checking '/home/colin/agv_gui/install/amr_v4_qt/bin'
[49.415s] Level 1:colcon.colcon_core.environment:checking '/home/colin/agv_gui/install/amr_v4_qt/lib/pkgconfig/amr_v4_qt.pc'
[49.416s] Level 1:colcon.colcon_core.environment:checking '/home/colin/agv_gui/install/amr_v4_qt/lib/python3.8/site-packages'
[49.417s] Level 1:colcon.colcon_core.environment:checking '/home/colin/agv_gui/install/amr_v4_qt/bin'
[49.605s] INFO:colcon.colcon_core.shell:Creating package script '/home/colin/agv_gui/install/amr_v4_qt/share/amr_v4_qt/package.ps1'
[49.609s] INFO:colcon.colcon_core.shell:Creating package descriptor '/home/colin/agv_gui/install/amr_v4_qt/share/amr_v4_qt/package.dsv'
[49.612s] INFO:colcon.colcon_core.shell:Creating package script '/home/colin/agv_gui/install/amr_v4_qt/share/amr_v4_qt/package.sh'
[49.615s] INFO:colcon.colcon_core.shell:Creating package script '/home/colin/agv_gui/install/amr_v4_qt/share/amr_v4_qt/package.bash'
[49.618s] INFO:colcon.colcon_core.shell:Creating package script '/home/colin/agv_gui/install/amr_v4_qt/share/amr_v4_qt/package.zsh'
[49.620s] Level 1:colcon.colcon_core.environment:create_file_with_runtime_dependencies(/home/colin/agv_gui/install/amr_v4_qt/share/colcon-core/packages/amr_v4_qt)
[49.623s] DEBUG:colcon.colcon_parallel_executor.executor.parallel:closing loop
[49.626s] DEBUG:colcon.colcon_parallel_executor.executor.parallel:loop closed
[49.626s] DEBUG:colcon.colcon_parallel_executor.executor.parallel:run_until_complete finished with '0'
[49.627s] DEBUG:colcon.colcon_core.event_reactor:joining thread
[49.862s] INFO:colcon.colcon_core.plugin_system:Skipping extension 'colcon_notification.desktop_notification.terminal_notifier': Not used on non-Darwin systems
[49.863s] INFO:colcon.colcon_core.plugin_system:Skipping extension 'colcon_notification.desktop_notification.win32': Not used on non-Windows systems
[49.863s] INFO:colcon.colcon_notification.desktop_notification:Sending desktop notification using 'notify2'
[49.959s] DEBUG:colcon.colcon_core.event_reactor:joined thread
[50.175s] INFO:colcon.colcon_core.shell:Creating prefix script '/home/colin/agv_gui/install/local_setup.ps1'
[50.180s] INFO:colcon.colcon_core.shell:Creating prefix util module '/home/colin/agv_gui/install/_local_setup_util_ps1.py'
[50.187s] INFO:colcon.colcon_core.shell:Creating prefix chain script '/home/colin/agv_gui/install/setup.ps1'
[50.450s] INFO:colcon.colcon_core.shell:Creating prefix script '/home/colin/agv_gui/install/local_setup.sh'
[50.453s] INFO:colcon.colcon_core.shell:Creating prefix util module '/home/colin/agv_gui/install/_local_setup_util_sh.py'
[50.456s] INFO:colcon.colcon_core.shell:Creating prefix chain script '/home/colin/agv_gui/install/setup.sh'
[50.655s] INFO:colcon.colcon_core.shell:Creating prefix script '/home/colin/agv_gui/install/local_setup.bash'
[50.657s] INFO:colcon.colcon_core.shell:Creating prefix chain script '/home/colin/agv_gui/install/setup.bash'
[50.850s] INFO:colcon.colcon_core.shell:Creating prefix script '/home/colin/agv_gui/install/local_setup.zsh'
[50.853s] INFO:colcon.colcon_core.shell:Creating prefix chain script '/home/colin/agv_gui/install/setup.zsh'
