[12.240s] DEBUG:colcon:Command line arguments: ['/usr/bin/colcon', 'build']
[12.240s] DEBUG:colcon:Parsed command line arguments: Namespace(allow_overriding=[], ament_cmake_args=None, base_paths=['.'], build_base='build', catkin_cmake_args=None, catkin_skip_building_tests=False, cmake_args=None, cmake_clean_cache=False, cmake_clean_first=False, cmake_force_configure=False, cmake_target=None, cmake_target_skip_unavailable=False, continue_on_error=False, event_handlers=None, executor='parallel', ignore_user_meta=False, install_base='install', log_base=None, log_level=None, main=<bound method BuildVerb.main of <colcon_core.verb.build.BuildVerb object at 0xffffb36a5550>>, merge_install=False, metas=['./colcon.meta'], packages_above=None, packages_above_and_dependencies=None, packages_above_depth=None, packages_end=None, packages_ignore=None, packages_ignore_regex=None, packages_select=None, packages_select_build_failed=False, packages_select_by_dep=None, packages_select_regex=None, packages_select_test_failures=False, packages_skip=None, packages_skip_build_finished=False, packages_skip_by_dep=None, packages_skip_regex=None, packages_skip_test_passed=False, packages_skip_up_to=None, packages_start=None, packages_up_to=None, packages_up_to_regex=None, parallel_workers=6, paths=None, symlink_install=False, test_result_base=None, verb_extension=<colcon_core.verb.build.BuildVerb object at 0xffffb36a5550>, verb_name='build', verb_parser=<colcon_defaults.argument_parser.defaults.DefaultArgumentsDecorator object at 0xffffb3b0ceb0>)
[12.764s] Level 1:colcon.colcon_core.package_discovery:discover_packages(colcon_meta) check parameters
[12.765s] Level 1:colcon.colcon_core.package_discovery:discover_packages(recursive) check parameters
[12.765s] Level 1:colcon.colcon_core.package_discovery:discover_packages(ignore) check parameters
[12.766s] Level 1:colcon.colcon_core.package_discovery:discover_packages(path) check parameters
[12.766s] Level 1:colcon.colcon_core.package_discovery:discover_packages(colcon_meta) discover
[12.766s] Level 1:colcon.colcon_core.package_discovery:discover_packages(recursive) discover
[12.766s] INFO:colcon.colcon_core.package_discovery:Crawling recursively for packages in '/home/colin/agv_gui'
[12.767s] Level 1:colcon.colcon_core.package_identification:_identify(.) by extensions ['ignore', 'ignore_ament_install']
[12.768s] Level 1:colcon.colcon_core.package_identification:_identify(.) by extension 'ignore'
[12.768s] Level 1:colcon.colcon_core.package_identification:_identify(.) by extension 'ignore_ament_install'
[12.768s] Level 1:colcon.colcon_core.package_identification:_identify(.) by extensions ['colcon_pkg']
[12.769s] Level 1:colcon.colcon_core.package_identification:_identify(.) by extension 'colcon_pkg'
[12.769s] Level 1:colcon.colcon_core.package_identification:_identify(.) by extensions ['colcon_meta']
[12.769s] Level 1:colcon.colcon_core.package_identification:_identify(.) by extension 'colcon_meta'
[12.769s] Level 1:colcon.colcon_core.package_identification:_identify(.) by extensions ['ros']
[12.769s] Level 1:colcon.colcon_core.package_identification:_identify(.) by extension 'ros'
[12.832s] Level 1:colcon.colcon_core.package_identification:_identify(.) by extensions ['cmake', 'python']
[12.832s] Level 1:colcon.colcon_core.package_identification:_identify(.) by extension 'cmake'
[12.832s] Level 1:colcon.colcon_core.package_identification:_identify(.) by extension 'python'
[12.833s] Level 1:colcon.colcon_core.package_identification:_identify(.) by extensions ['python_setup_py']
[12.833s] Level 1:colcon.colcon_core.package_identification:_identify(.) by extension 'python_setup_py'
[12.834s] Level 1:colcon.colcon_core.package_identification:_identify(build) by extensions ['ignore', 'ignore_ament_install']
[12.834s] Level 1:colcon.colcon_core.package_identification:_identify(build) by extension 'ignore'
[12.835s] Level 1:colcon.colcon_core.package_identification:_identify(build) ignored
[12.835s] Level 1:colcon.colcon_core.package_identification:_identify(devel) by extensions ['ignore', 'ignore_ament_install']
[12.836s] Level 1:colcon.colcon_core.package_identification:_identify(devel) by extension 'ignore'
[12.836s] Level 1:colcon.colcon_core.package_identification:_identify(devel) by extension 'ignore_ament_install'
[12.837s] Level 1:colcon.colcon_core.package_identification:_identify(devel) by extensions ['colcon_pkg']
[12.837s] Level 1:colcon.colcon_core.package_identification:_identify(devel) by extension 'colcon_pkg'
[12.837s] Level 1:colcon.colcon_core.package_identification:_identify(devel) by extensions ['colcon_meta']
[12.837s] Level 1:colcon.colcon_core.package_identification:_identify(devel) by extension 'colcon_meta'
[12.837s] Level 1:colcon.colcon_core.package_identification:_identify(devel) by extensions ['ros']
[12.838s] Level 1:colcon.colcon_core.package_identification:_identify(devel) by extension 'ros'
[12.838s] Level 1:colcon.colcon_core.package_identification:_identify(devel) by extensions ['cmake', 'python']
[12.838s] Level 1:colcon.colcon_core.package_identification:_identify(devel) by extension 'cmake'
[12.838s] Level 1:colcon.colcon_core.package_identification:_identify(devel) by extension 'python'
[12.839s] Level 1:colcon.colcon_core.package_identification:_identify(devel) by extensions ['python_setup_py']
[12.839s] Level 1:colcon.colcon_core.package_identification:_identify(devel) by extension 'python_setup_py'
[12.839s] Level 1:colcon.colcon_core.package_identification:_identify(install) by extensions ['ignore', 'ignore_ament_install']
[12.840s] Level 1:colcon.colcon_core.package_identification:_identify(install) by extension 'ignore'
[12.840s] Level 1:colcon.colcon_core.package_identification:_identify(install) ignored
[12.841s] Level 1:colcon.colcon_core.package_identification:_identify(log) by extensions ['ignore', 'ignore_ament_install']
[12.842s] Level 1:colcon.colcon_core.package_identification:_identify(log) by extension 'ignore'
[12.842s] Level 1:colcon.colcon_core.package_identification:_identify(log) ignored
[12.842s] Level 1:colcon.colcon_core.package_identification:_identify(logs) by extensions ['ignore', 'ignore_ament_install']
[12.843s] Level 1:colcon.colcon_core.package_identification:_identify(logs) by extension 'ignore'
[12.843s] Level 1:colcon.colcon_core.package_identification:_identify(logs) by extension 'ignore_ament_install'
[12.843s] Level 1:colcon.colcon_core.package_identification:_identify(logs) by extensions ['colcon_pkg']
[12.843s] Level 1:colcon.colcon_core.package_identification:_identify(logs) by extension 'colcon_pkg'
[12.843s] Level 1:colcon.colcon_core.package_identification:_identify(logs) by extensions ['colcon_meta']
[12.844s] Level 1:colcon.colcon_core.package_identification:_identify(logs) by extension 'colcon_meta'
[12.844s] Level 1:colcon.colcon_core.package_identification:_identify(logs) by extensions ['ros']
[12.844s] Level 1:colcon.colcon_core.package_identification:_identify(logs) by extension 'ros'
[12.845s] Level 1:colcon.colcon_core.package_identification:_identify(logs) by extensions ['cmake', 'python']
[12.845s] Level 1:colcon.colcon_core.package_identification:_identify(logs) by extension 'cmake'
[12.845s] Level 1:colcon.colcon_core.package_identification:_identify(logs) by extension 'python'
[12.845s] Level 1:colcon.colcon_core.package_identification:_identify(logs) by extensions ['python_setup_py']
[12.845s] Level 1:colcon.colcon_core.package_identification:_identify(logs) by extension 'python_setup_py'
[12.846s] Level 1:colcon.colcon_core.package_identification:_identify(src) by extensions ['ignore', 'ignore_ament_install']
[12.846s] Level 1:colcon.colcon_core.package_identification:_identify(src) by extension 'ignore'
[12.846s] Level 1:colcon.colcon_core.package_identification:_identify(src) by extension 'ignore_ament_install'
[12.847s] Level 1:colcon.colcon_core.package_identification:_identify(src) by extensions ['colcon_pkg']
[12.847s] Level 1:colcon.colcon_core.package_identification:_identify(src) by extension 'colcon_pkg'
[12.847s] Level 1:colcon.colcon_core.package_identification:_identify(src) by extensions ['colcon_meta']
[12.847s] Level 1:colcon.colcon_core.package_identification:_identify(src) by extension 'colcon_meta'
[12.848s] Level 1:colcon.colcon_core.package_identification:_identify(src) by extensions ['ros']
[12.848s] Level 1:colcon.colcon_core.package_identification:_identify(src) by extension 'ros'
[12.848s] Level 1:colcon.colcon_core.package_identification:_identify(src) by extensions ['cmake', 'python']
[12.848s] Level 1:colcon.colcon_core.package_identification:_identify(src) by extension 'cmake'
[12.849s] Level 1:colcon.colcon_core.package_identification:_identify(src) by extension 'python'
[12.849s] Level 1:colcon.colcon_core.package_identification:_identify(src) by extensions ['python_setup_py']
[12.849s] Level 1:colcon.colcon_core.package_identification:_identify(src) by extension 'python_setup_py'
[12.850s] Level 1:colcon.colcon_core.package_identification:_identify(src/agv_gui) by extensions ['ignore', 'ignore_ament_install']
[12.850s] Level 1:colcon.colcon_core.package_identification:_identify(src/agv_gui) by extension 'ignore'
[12.851s] Level 1:colcon.colcon_core.package_identification:_identify(src/agv_gui) by extension 'ignore_ament_install'
[12.851s] Level 1:colcon.colcon_core.package_identification:_identify(src/agv_gui) by extensions ['colcon_pkg']
[12.851s] Level 1:colcon.colcon_core.package_identification:_identify(src/agv_gui) by extension 'colcon_pkg'
[12.851s] Level 1:colcon.colcon_core.package_identification:_identify(src/agv_gui) by extensions ['colcon_meta']
[12.852s] Level 1:colcon.colcon_core.package_identification:_identify(src/agv_gui) by extension 'colcon_meta'
[12.852s] Level 1:colcon.colcon_core.package_identification:_identify(src/agv_gui) by extensions ['ros']
[12.852s] Level 1:colcon.colcon_core.package_identification:_identify(src/agv_gui) by extension 'ros'
[12.867s] DEBUG:colcon.colcon_core.package_identification:Package 'src/agv_gui' with type 'ros.ament_cmake' and name 'agv_gui'
[12.868s] Level 1:colcon.colcon_core.package_discovery:discover_packages(recursive) using defaults
[12.868s] Level 1:colcon.colcon_core.package_discovery:discover_packages(ignore) discover
[12.868s] Level 1:colcon.colcon_core.package_discovery:discover_packages(ignore) using defaults
[12.868s] Level 1:colcon.colcon_core.package_discovery:discover_packages(path) discover
[12.869s] Level 1:colcon.colcon_core.package_discovery:discover_packages(path) using defaults
[13.904s] Level 1:colcon.colcon_core.package_discovery:discover_packages(prefix_path) check parameters
[13.904s] Level 1:colcon.colcon_core.package_discovery:discover_packages(prefix_path) discover
[14.298s] DEBUG:colcon.colcon_installed_package_information.package_discovery:Found 268 installed packages in /opt/ros/galactic
[14.307s] Level 1:colcon.colcon_core.package_discovery:discover_packages(prefix_path) using defaults
[15.227s] Level 5:colcon.colcon_core.verb:set package 'agv_gui' build argument 'cmake_args' from command line to 'None'
[15.227s] Level 5:colcon.colcon_core.verb:set package 'agv_gui' build argument 'cmake_target' from command line to 'None'
[15.227s] Level 5:colcon.colcon_core.verb:set package 'agv_gui' build argument 'cmake_target_skip_unavailable' from command line to 'False'
[15.227s] Level 5:colcon.colcon_core.verb:set package 'agv_gui' build argument 'cmake_clean_cache' from command line to 'False'
[15.228s] Level 5:colcon.colcon_core.verb:set package 'agv_gui' build argument 'cmake_clean_first' from command line to 'False'
[15.228s] Level 5:colcon.colcon_core.verb:set package 'agv_gui' build argument 'cmake_force_configure' from command line to 'False'
[15.228s] Level 5:colcon.colcon_core.verb:set package 'agv_gui' build argument 'ament_cmake_args' from command line to 'None'
[15.228s] Level 5:colcon.colcon_core.verb:set package 'agv_gui' build argument 'catkin_cmake_args' from command line to 'None'
[15.228s] Level 5:colcon.colcon_core.verb:set package 'agv_gui' build argument 'catkin_skip_building_tests' from command line to 'False'
[15.228s] DEBUG:colcon.colcon_core.verb:Building package 'agv_gui' with the following arguments: {'ament_cmake_args': None, 'build_base': '/home/colin/agv_gui/build/agv_gui', 'catkin_cmake_args': None, 'catkin_skip_building_tests': False, 'cmake_args': None, 'cmake_clean_cache': False, 'cmake_clean_first': False, 'cmake_force_configure': False, 'cmake_target': None, 'cmake_target_skip_unavailable': False, 'install_base': '/home/colin/agv_gui/install/agv_gui', 'merge_install': False, 'path': '/home/colin/agv_gui/src/agv_gui', 'symlink_install': False, 'test_result_base': None}
[15.430s] INFO:colcon.colcon_core.executor:Executing jobs using 'parallel' executor
[15.634s] DEBUG:colcon.colcon_parallel_executor.executor.parallel:run_until_complete
[15.636s] INFO:colcon.colcon_ros.task.ament_cmake.build:Building ROS package in '/home/colin/agv_gui/src/agv_gui' with build type 'ament_cmake'
[15.638s] INFO:colcon.colcon_cmake.task.cmake.build:Building CMake package in '/home/colin/agv_gui/src/agv_gui'
[15.854s] INFO:colcon.colcon_core.plugin_system:Skipping extension 'colcon_core.shell.bat': Not used on non-Windows systems
[15.856s] INFO:colcon.colcon_core.shell:Skip shell extension 'powershell' for command environment: Not usable outside of PowerShell
[15.856s] DEBUG:colcon.colcon_core.shell:Skip shell extension 'dsv' for command environment
[16.348s] DEBUG:colcon.colcon_core.event_handler.log_command:Invoking command in '/home/colin/agv_gui/build/agv_gui': CMAKE_PREFIX_PATH=/opt/ros/galactic /usr/bin/cmake --build /home/colin/agv_gui/build/agv_gui -- -j6 -l6
[18.048s] DEBUG:colcon.colcon_core.event_handler.log_command:Invoked command in '/home/colin/agv_gui/build/agv_gui' returned '2': CMAKE_PREFIX_PATH=/opt/ros/galactic /usr/bin/cmake --build /home/colin/agv_gui/build/agv_gui -- -j6 -l6
[18.458s] Level 1:colcon.colcon_core.environment:create_environment_scripts_only(agv_gui)
[18.659s] Level 1:colcon.colcon_core.environment:checking '/home/colin/agv_gui/install/agv_gui' for CMake module files
[18.662s] Level 1:colcon.colcon_core.environment:checking '/home/colin/agv_gui/install/agv_gui' for CMake config files
[18.663s] Level 1:colcon.colcon_core.shell:create_environment_hook('agv_gui', 'cmake_prefix_path')
[18.849s] INFO:colcon.colcon_core.shell:Creating environment hook '/home/colin/agv_gui/install/agv_gui/share/agv_gui/hook/cmake_prefix_path.ps1'
[18.854s] INFO:colcon.colcon_core.shell:Creating environment descriptor '/home/colin/agv_gui/install/agv_gui/share/agv_gui/hook/cmake_prefix_path.dsv'
[18.856s] INFO:colcon.colcon_core.shell:Creating environment hook '/home/colin/agv_gui/install/agv_gui/share/agv_gui/hook/cmake_prefix_path.sh'
[18.861s] Level 1:colcon.colcon_core.environment:checking '/home/colin/agv_gui/install/agv_gui/lib'
[18.862s] Level 1:colcon.colcon_core.environment:checking '/home/colin/agv_gui/install/agv_gui/bin'
[18.863s] Level 1:colcon.colcon_core.environment:checking '/home/colin/agv_gui/install/agv_gui/lib/pkgconfig/agv_gui.pc'
[18.864s] Level 1:colcon.colcon_core.environment:checking '/home/colin/agv_gui/install/agv_gui/lib/python3.8/site-packages'
[18.865s] Level 1:colcon.colcon_core.environment:checking '/home/colin/agv_gui/install/agv_gui/bin'
[19.058s] INFO:colcon.colcon_core.shell:Creating package script '/home/colin/agv_gui/install/agv_gui/share/agv_gui/package.ps1'
[19.063s] INFO:colcon.colcon_core.shell:Creating package descriptor '/home/colin/agv_gui/install/agv_gui/share/agv_gui/package.dsv'
[19.066s] INFO:colcon.colcon_core.shell:Creating package script '/home/colin/agv_gui/install/agv_gui/share/agv_gui/package.sh'
[19.070s] INFO:colcon.colcon_core.shell:Creating package script '/home/colin/agv_gui/install/agv_gui/share/agv_gui/package.bash'
[19.074s] INFO:colcon.colcon_core.shell:Creating package script '/home/colin/agv_gui/install/agv_gui/share/agv_gui/package.zsh'
[19.077s] Level 1:colcon.colcon_core.environment:create_file_with_runtime_dependencies(/home/colin/agv_gui/install/agv_gui/share/colcon-core/packages/agv_gui)
[19.090s] DEBUG:colcon.colcon_parallel_executor.executor.parallel:closing loop
[19.091s] DEBUG:colcon.colcon_parallel_executor.executor.parallel:loop closed
[19.092s] DEBUG:colcon.colcon_parallel_executor.executor.parallel:run_until_complete finished with '2'
[19.092s] DEBUG:colcon.colcon_core.event_reactor:joining thread
[19.332s] INFO:colcon.colcon_core.plugin_system:Skipping extension 'colcon_notification.desktop_notification.terminal_notifier': Not used on non-Darwin systems
[19.333s] INFO:colcon.colcon_core.plugin_system:Skipping extension 'colcon_notification.desktop_notification.win32': Not used on non-Windows systems
[19.333s] INFO:colcon.colcon_notification.desktop_notification:Sending desktop notification using 'notify2'
[19.427s] DEBUG:colcon.colcon_core.event_reactor:joined thread
[19.617s] INFO:colcon.colcon_core.shell:Creating prefix script '/home/colin/agv_gui/install/local_setup.ps1'
[19.622s] INFO:colcon.colcon_core.shell:Creating prefix util module '/home/colin/agv_gui/install/_local_setup_util_ps1.py'
[19.628s] INFO:colcon.colcon_core.shell:Creating prefix chain script '/home/colin/agv_gui/install/setup.ps1'
[19.812s] INFO:colcon.colcon_core.shell:Creating prefix script '/home/colin/agv_gui/install/local_setup.sh'
[19.815s] INFO:colcon.colcon_core.shell:Creating prefix util module '/home/colin/agv_gui/install/_local_setup_util_sh.py'
[19.818s] INFO:colcon.colcon_core.shell:Creating prefix chain script '/home/colin/agv_gui/install/setup.sh'
[20.002s] INFO:colcon.colcon_core.shell:Creating prefix script '/home/colin/agv_gui/install/local_setup.bash'
[20.005s] INFO:colcon.colcon_core.shell:Creating prefix chain script '/home/colin/agv_gui/install/setup.bash'
[20.184s] INFO:colcon.colcon_core.shell:Creating prefix script '/home/colin/agv_gui/install/local_setup.zsh'
[20.186s] INFO:colcon.colcon_core.shell:Creating prefix chain script '/home/colin/agv_gui/install/setup.zsh'
