[0.025s] Invoking command in '/home/colin/agv_gui/build/amr_v4_qt': CMAKE_PREFIX_PATH=${CMAKE_PREFIX_PATH}:/opt/ros/iron /usr/bin/cmake --build /home/colin/agv_gui/build/amr_v4_qt -- -j4 -l4
[0.135s] [  2%] [34m[1mAutomatic MOC and UIC for target amr_v4_qt[0m
[0.175s] [  2%] Built target amr_v4_qt_autogen
[0.207s] [35m[1mConsolidate compiler generated dependencies of target amr_v4_qt[0m
[0.360s] [  4%] [32mBuilding CXX object CMakeFiles/amr_v4_qt.dir/include/moc_main_gui.cpp.o[0m
[0.361s] [  6%] [32mBuilding CXX object CMakeFiles/amr_v4_qt.dir/src/main.cpp.o[0m
[0.363s] [  8%] [32mBuilding CXX object CMakeFiles/amr_v4_qt.dir/src/main_gui.cpp.o[0m
[8.483s] [01m[K/home/colin/agv_gui/src/amr_v4_qt/src/main_gui.cpp:[m[K In constructor ‘[01m[KMainGui::MainGui(std::shared_ptr<BatterySub>, std::shared_ptr<RobotSub>, std::shared_ptr<MotorSub>, std::shared_ptr<HealthSub>, std::shared_ptr<RunningSub>, std::shared_ptr<EstopPublisher>, QWidget*)[m[K’:
[8.484s] [01m[K/home/colin/agv_gui/src/amr_v4_qt/src/main_gui.cpp:57:88:[m[K [01;31m[Kerror: [m[KISO C++ forbids taking the address of a bound member function to form a pointer to member function.  Say ‘[01m[K&EstopPublisher::topic_callback[m[K’ [[01;31m[K]8;;https://gcc.gnu.org/onlinedocs/gcc/Warning-Options.html#index-fpermissive-fpermissive]8;;[m[K]
[8.484s]    57 |     connect(runningModeScreen->ui.modeButton, &QPushButton::clicked, this, &[01;31m[Kestop_pub->topic_callback[m[K);
[8.485s]       |                                                                             [01;31m[K~~~~~~~~~~~^~~~~~~~~~~~~~[m[K
[8.486s] [01m[K/home/colin/agv_gui/src/amr_v4_qt/src/main_gui.cpp:57:12:[m[K [01;31m[Kerror: [m[Kno matching function for call to ‘[01m[KMainGui::connect(QPushButton*&, void (QAbstractButton::*)(bool), MainGui*, void (EstopPublisher::*)(std_msgs::msg::Bool_<std::allocator<void> >::SharedPtr))[m[K’
[8.487s]    57 |     [01;31m[Kconnect(runningModeScreen->ui.modeButton, &QPushButton::clicked, this, &estop_pub->topic_callback)[m[K;
[8.488s]       |     [01;31m[K~~~~~~~^~~~~~~~~~~~~~~~~~~~~~~~~~~~~~~~~~~~~~~~~~~~~~~~~~~~~~~~~~~~~~~~~~~~~~~~~~~~~~~~~~~~~~~~~~~[m[K
[8.489s] In file included from [01m[K/usr/include/x86_64-linux-gnu/qt5/QtWidgets/qwidget.h:45[m[K,
[8.490s]                  from [01m[K/usr/include/x86_64-linux-gnu/qt5/QtWidgets/qmainwindow.h:44[m[K,
[8.490s]                  from [01m[K/usr/include/x86_64-linux-gnu/qt5/QtWidgets/QMainWindow:1[m[K,
[8.491s]                  from [01m[K/home/colin/agv_gui/src/amr_v4_qt/include/main_gui.h:4[m[K,
[8.492s]                  from [01m[K/home/colin/agv_gui/src/amr_v4_qt/src/main_gui.cpp:1[m[K:
[8.493s] [01m[K/usr/include/x86_64-linux-gnu/qt5/QtCore/qobject.h:242:43:[m[K [01;36m[Knote: [m[Kcandidate: ‘[01m[Kstatic QMetaObject::Connection QObject::connect(const typename QtPrivate::FunctionPointer<Func>::Object*, Func1, const typename QtPrivate::FunctionPointer<Func2>::Object*, Func2, Qt::ConnectionType) [with Func1 = void (QAbstractButton::*)(bool); Func2 = void (EstopPublisher::*)(std::shared_ptr<std_msgs::msg::Bool_<std::allocator<void> > >); typename QtPrivate::FunctionPointer<Func>::Object = QAbstractButton; typename QtPrivate::FunctionPointer<Func2>::Object = EstopPublisher][m[K’
[8.493s]   242 |     static inline QMetaObject::Connection [01;36m[Kconnect[m[K(const typename QtPrivate::FunctionPointer<Func1>::Object *sender, Func1 signal,
[8.493s]       |                                           [01;36m[K^~~~~~~[m[K
[8.493s] [01m[K/usr/include/x86_64-linux-gnu/qt5/QtCore/qobject.h:243:96:[m[K [01;36m[Knote: [m[K  no known conversion for argument 3 from ‘[01m[KMainGui*[m[K’ to ‘[01m[Kconst Object*[m[K’ {aka ‘[01m[Kconst EstopPublisher*[m[K’}
[8.493s]   243 |                                      [01;36m[Kconst typename QtPrivate::FunctionPointer<Func2>::Object *receiver[m[K, Func2 slot,
[8.493s]       |                                      [01;36m[K~~~~~~~~~~~~~~~~~~~~~~~~~~~~~~~~~~~~~~~~~~~~~~~~~~~~~~~~~~^~~~~~~~[m[K
[8.494s] [01m[K/usr/include/x86_64-linux-gnu/qt5/QtCore/qobject.h:274:13:[m[K [01;36m[Knote: [m[Kcandidate: ‘[01m[Ktemplate<class Func1, class Func2> static typename std::enable_if<((int)(QtPrivate::FunctionPointer<Func2>::ArgumentCount) >= 0), QMetaObject::Connection>::type QObject::connect(const typename QtPrivate::FunctionPointer<Func>::Object*, Func1, Func2)[m[K’
[8.494s]   274 |             [01;36m[Kconnect[m[K(const typename QtPrivate::FunctionPointer<Func1>::Object *sender, Func1 signal, Func2 slot)
[8.494s]       |             [01;36m[K^~~~~~~[m[K
[8.494s] [01m[K/usr/include/x86_64-linux-gnu/qt5/QtCore/qobject.h:274:13:[m[K [01;36m[Knote: [m[K  template argument deduction/substitution failed:
[8.494s] [01m[K/home/colin/agv_gui/src/amr_v4_qt/src/main_gui.cpp:57:12:[m[K [01;36m[Knote: [m[K  candidate expects 3 arguments, 4 provided
[8.494s]    57 |     [01;36m[Kconnect(runningModeScreen->ui.modeButton, &QPushButton::clicked, this, &estop_pub->topic_callback)[m[K;
[8.494s]       |     [01;36m[K~~~~~~~^~~~~~~~~~~~~~~~~~~~~~~~~~~~~~~~~~~~~~~~~~~~~~~~~~~~~~~~~~~~~~~~~~~~~~~~~~~~~~~~~~~~~~~~~~~[m[K
[8.495s] In file included from [01m[K/usr/include/x86_64-linux-gnu/qt5/QtWidgets/qwidget.h:45[m[K,
[8.495s]                  from [01m[K/usr/include/x86_64-linux-gnu/qt5/QtWidgets/qmainwindow.h:44[m[K,
[8.495s]                  from [01m[K/usr/include/x86_64-linux-gnu/qt5/QtWidgets/QMainWindow:1[m[K,
[8.495s]                  from [01m[K/home/colin/agv_gui/src/amr_v4_qt/include/main_gui.h:4[m[K,
[8.495s]                  from [01m[K/home/colin/agv_gui/src/amr_v4_qt/src/main_gui.cpp:1[m[K:
[8.495s] [01m[K/usr/include/x86_64-linux-gnu/qt5/QtCore/qobject.h:283:13:[m[K [01;36m[Knote: [m[Kcandidate: ‘[01m[Ktemplate<class Func1, class Func2> static typename std::enable_if<(((int)(QtPrivate::FunctionPointer<Func2>::ArgumentCount) >= 0) && (! QtPrivate::FunctionPointer<Func2>::IsPointerToMemberFunction)), QMetaObject::Connection>::type QObject::connect(const typename QtPrivate::FunctionPointer<Func>::Object*, Func1, const QObject*, Func2, Qt::ConnectionType)[m[K’
[8.496s]   283 |             [01;36m[Kconnect[m[K(const typename QtPrivate::FunctionPointer<Func1>::Object *sender, Func1 signal, const QObject *context, Func2 slot,
[8.496s]       |             [01;36m[K^~~~~~~[m[K
[8.505s] [01m[K/usr/include/x86_64-linux-gnu/qt5/QtCore/qobject.h:283:13:[m[K [01;36m[Knote: [m[K  template argument deduction/substitution failed:
[8.506s] /usr/include/x86_64-linux-gnu/qt5/QtCore/qobject.h: In substitution of ‘[01m[Ktemplate<class Func1, class Func2> static typename std::enable_if<(((int)(QtPrivate::FunctionPointer<Func2>::ArgumentCount) >= 0) && (! QtPrivate::FunctionPointer<Func2>::IsPointerToMemberFunction)), QMetaObject::Connection>::type QObject::connect(const typename QtPrivate::FunctionPointer<Func>::Object*, Func1, const QObject*, Func2, Qt::ConnectionType) [with Func1 = void (QAbstractButton::*)(bool); Func2 = void (EstopPublisher::*)(std::shared_ptr<std_msgs::msg::Bool_<std::allocator<void> > >)][m[K’:
[8.506s] [01m[K/home/colin/agv_gui/src/amr_v4_qt/src/main_gui.cpp:57:12:[m[K   required from here
[8.507s] [01m[K/usr/include/x86_64-linux-gnu/qt5/QtCore/qobject.h:283:13:[m[K [01;31m[Kerror: [m[Kno type named ‘[01m[Ktype[m[K’ in ‘[01m[Kstruct std::enable_if<false, QMetaObject::Connection>[m[K’
[8.507s] [01m[K/usr/include/x86_64-linux-gnu/qt5/QtCore/qobject.h:314:13:[m[K [01;36m[Knote: [m[Kcandidate: ‘[01m[Ktemplate<class Func1, class Func2> static typename std::enable_if<(QtPrivate::FunctionPointer<Func2>::ArgumentCount == -1), QMetaObject::Connection>::type QObject::connect(const typename QtPrivate::FunctionPointer<Func>::Object*, Func1, Func2)[m[K’
[8.508s]   314 |             [01;36m[Kconnect[m[K(const typename QtPrivate::FunctionPointer<Func1>::Object *sender, Func1 signal, Func2 slot)
[8.508s]       |             [01;36m[K^~~~~~~[m[K
[8.509s] [01m[K/usr/include/x86_64-linux-gnu/qt5/QtCore/qobject.h:314:13:[m[K [01;36m[Knote: [m[K  template argument deduction/substitution failed:
[8.510s] [01m[K/home/colin/agv_gui/src/amr_v4_qt/src/main_gui.cpp:57:12:[m[K [01;36m[Knote: [m[K  candidate expects 3 arguments, 4 provided
[8.510s]    57 |     [01;36m[Kconnect(runningModeScreen->ui.modeButton, &QPushButton::clicked, this, &estop_pub->topic_callback)[m[K;
[8.511s]       |     [01;36m[K~~~~~~~^~~~~~~~~~~~~~~~~~~~~~~~~~~~~~~~~~~~~~~~~~~~~~~~~~~~~~~~~~~~~~~~~~~~~~~~~~~~~~~~~~~~~~~~~~~[m[K
[8.511s] In file included from [01m[K/usr/include/x86_64-linux-gnu/qt5/QtWidgets/qwidget.h:45[m[K,
[8.512s]                  from [01m[K/usr/include/x86_64-linux-gnu/qt5/QtWidgets/qmainwindow.h:44[m[K,
[8.512s]                  from [01m[K/usr/include/x86_64-linux-gnu/qt5/QtWidgets/QMainWindow:1[m[K,
[8.513s]                  from [01m[K/home/colin/agv_gui/src/amr_v4_qt/include/main_gui.h:4[m[K,
[8.513s]                  from [01m[K/home/colin/agv_gui/src/amr_v4_qt/src/main_gui.cpp:1[m[K:
[8.514s] [01m[K/usr/include/x86_64-linux-gnu/qt5/QtCore/qobject.h:322:13:[m[K [01;36m[Knote: [m[Kcandidate: ‘[01m[Ktemplate<class Func1, class Func2> static typename std::enable_if<(QtPrivate::FunctionPointer<Func2>::ArgumentCount == -1), QMetaObject::Connection>::type QObject::connect(const typename QtPrivate::FunctionPointer<Func>::Object*, Func1, const QObject*, Func2, Qt::ConnectionType)[m[K’
[8.514s]   322 |             [01;36m[Kconnect[m[K(const typename QtPrivate::FunctionPointer<Func1>::Object *sender, Func1 signal, const QObject *context, Func2 slot,
[8.515s]       |             [01;36m[K^~~~~~~[m[K
[8.515s] [01m[K/usr/include/x86_64-linux-gnu/qt5/QtCore/qobject.h:322:13:[m[K [01;36m[Knote: [m[K  template argument deduction/substitution failed:
[8.516s] /usr/include/x86_64-linux-gnu/qt5/QtCore/qobject.h: In substitution of ‘[01m[Ktemplate<class Func1, class Func2> static typename std::enable_if<(QtPrivate::FunctionPointer<Func2>::ArgumentCount == -1), QMetaObject::Connection>::type QObject::connect(const typename QtPrivate::FunctionPointer<Func>::Object*, Func1, const QObject*, Func2, Qt::ConnectionType) [with Func1 = void (QAbstractButton::*)(bool); Func2 = void (EstopPublisher::*)(std::shared_ptr<std_msgs::msg::Bool_<std::allocator<void> > >)][m[K’:
[8.517s] [01m[K/home/colin/agv_gui/src/amr_v4_qt/src/main_gui.cpp:57:12:[m[K   required from here
[8.517s] [01m[K/usr/include/x86_64-linux-gnu/qt5/QtCore/qobject.h:322:13:[m[K [01;31m[Kerror: [m[Kno type named ‘[01m[Ktype[m[K’ in ‘[01m[Kstruct std::enable_if<false, QMetaObject::Connection>[m[K’
[8.518s] [01m[K/usr/include/x86_64-linux-gnu/qt5/QtCore/qobject.h:222:36:[m[K [01;36m[Knote: [m[Kcandidate: ‘[01m[Kstatic QMetaObject::Connection QObject::connect(const QObject*, const char*, const QObject*, const char*, Qt::ConnectionType)[m[K’
[8.531s]   222 |     static QMetaObject::Connection [01;36m[Kconnect[m[K(const QObject *sender, const char *signal,
[8.531s]       |                                    [01;36m[K^~~~~~~[m[K
[8.532s] [01m[K/usr/include/x86_64-linux-gnu/qt5/QtCore/qobject.h:222:79:[m[K [01;36m[Knote: [m[K  no known conversion for argument 2 from ‘[01m[Kvoid (QAbstractButton::*)(bool)[m[K’ to ‘[01m[Kconst char*[m[K’
[8.533s]   222 |     static QMetaObject::Connection connect(const QObject *sender, [01;36m[Kconst char *signal[m[K,
[8.534s]       |                                                                   [01;36m[K~~~~~~~~~~~~^~~~~~[m[K
[8.534s] [01m[K/usr/include/x86_64-linux-gnu/qt5/QtCore/qobject.h:225:36:[m[K [01;36m[Knote: [m[Kcandidate: ‘[01m[Kstatic QMetaObject::Connection QObject::connect(const QObject*, const QMetaMethod&, const QObject*, const QMetaMethod&, Qt::ConnectionType)[m[K’
[8.535s]   225 |     static QMetaObject::Connection [01;36m[Kconnect[m[K(const QObject *sender, const QMetaMethod &signal,
[8.536s]       |                                    [01;36m[K^~~~~~~[m[K
[8.536s] [01m[K/usr/include/x86_64-linux-gnu/qt5/QtCore/qobject.h:225:86:[m[K [01;36m[Knote: [m[K  no known conversion for argument 2 from ‘[01m[Kvoid (QAbstractButton::*)(bool)[m[K’ to ‘[01m[Kconst QMetaMethod&[m[K’
[8.537s]   225 |     static QMetaObject::Connection connect(const QObject *sender, [01;36m[Kconst QMetaMethod &signal[m[K,
[8.537s]       |                                                                   [01;36m[K~~~~~~~~~~~~~~~~~~~^~~~~~[m[K
[8.538s] [01m[K/usr/include/x86_64-linux-gnu/qt5/QtCore/qobject.h:481:32:[m[K [01;36m[Knote: [m[Kcandidate: ‘[01m[KQMetaObject::Connection QObject::connect(const QObject*, const char*, const char*, Qt::ConnectionType) const[m[K’
[8.539s]   481 | inline QMetaObject::Connection [01;36m[KQObject[m[K::connect(const QObject *asender, const char *asignal,
[8.539s]       |                                [01;36m[K^~~~~~~[m[K
[8.540s] [01m[K/usr/include/x86_64-linux-gnu/qt5/QtCore/qobject.h:481:85:[m[K [01;36m[Knote: [m[K  no known conversion for argument 2 from ‘[01m[Kvoid (QAbstractButton::*)(bool)[m[K’ to ‘[01m[Kconst char*[m[K’
[8.540s]   481 | inline QMetaObject::Connection QObject::connect(const QObject *asender, [01;36m[Kconst char *asignal[m[K,
[8.541s]       |                                                                         [01;36m[K~~~~~~~~~~~~^~~~~~~[m[K
[8.542s] [01m[K/home/colin/agv_gui/src/amr_v4_qt/src/main_gui.cpp:[m[K In member function ‘[01m[Kint MainGui::getWifiSignalStrength()[m[K’:
[8.543s] [01m[K/home/colin/agv_gui/src/amr_v4_qt/src/main_gui.cpp:156:18:[m[K [01;35m[Kwarning: [m[K‘[01m[Kvoid QProcess::start(const QString&, QIODevice::OpenMode)[m[K’ is deprecated: Use QProcess::start(const QString &program, const QStringList &arguments,OpenMode mode = ReadWrite) instead [[01;35m[K]8;;https://gcc.gnu.org/onlinedocs/gcc/Warning-Options.html#index-Wdeprecated-declarations-Wdeprecated-declarations]8;;[m[K]
[8.543s]   156 |     [01;35m[Kprocess.start("iwconfig")[m[K;
[8.544s]       |     [01;35m[K~~~~~~~~~~~~~^~~~~~~~~~~~[m[K
[8.545s] In file included from [01m[K/usr/include/x86_64-linux-gnu/qt5/QtCore/QProcess:1[m[K,
[8.545s]                  from [01m[K/home/colin/agv_gui/src/amr_v4_qt/src/main_gui.cpp:5[m[K:
[8.546s] [01m[K/usr/include/x86_64-linux-gnu/qt5/QtCore/qprocess.h:168:10:[m[K [01;36m[Knote: [m[Kdeclared here
[8.546s]   168 |     void [01;36m[Kstart[m[K(const QString &command, OpenMode mode = ReadWrite);
[8.547s]       |          [01;36m[K^~~~~[m[K
[9.583s] gmake[2]: *** [CMakeFiles/amr_v4_qt.dir/build.make:168: CMakeFiles/amr_v4_qt.dir/src/main_gui.cpp.o] Error 1
[9.584s] gmake[2]: *** Waiting for unfinished jobs....
[10.623s] gmake[1]: *** [CMakeFiles/Makefile2:138: CMakeFiles/amr_v4_qt.dir/all] Error 2
[10.624s] gmake: *** [Makefile:146: all] Error 2
[10.627s] Invoked command in '/home/colin/agv_gui/build/amr_v4_qt' returned '2': CMAKE_PREFIX_PATH=${CMAKE_PREFIX_PATH}:/opt/ros/iron /usr/bin/cmake --build /home/colin/agv_gui/build/amr_v4_qt -- -j4 -l4
