[0.016s] Invoking command in '/home/colin/agv_gui/build/amr_v4_msgs_srvs': CMAKE_PREFIX_PATH=${CMAKE_PREFIX_PATH}:/opt/ros/humble /usr/bin/cmake --build /home/colin/agv_gui/build/amr_v4_msgs_srvs -- -j4 -l4
[0.085s] [  1%] Built target amr_v4_msgs_srvs__cpp
[0.085s] [ 12%] Built target amr_v4_msgs_srvs__rosidl_generator_c
[0.096s] [ 12%] Built target ament_cmake_python_copy_amr_v4_msgs_srvs
[0.131s] [ 23%] Built target amr_v4_msgs_srvs__rosidl_typesupport_fastrtps_cpp
[0.131s] [ 34%] Built target amr_v4_msgs_srvs__rosidl_typesupport_cpp
[0.151s] [ 45%] Built target amr_v4_msgs_srvs__rosidl_typesupport_introspection_cpp
[0.168s] [ 56%] Built target amr_v4_msgs_srvs__rosidl_typesupport_fastrtps_c
[0.178s] [ 67%] Built target amr_v4_msgs_srvs__rosidl_typesupport_c
[0.180s] [ 78%] Built target amr_v4_msgs_srvs__rosidl_typesupport_introspection_c
[0.205s] [ 78%] Built target amr_v4_msgs_srvs
[0.231s] [ 80%] Built target amr_v4_msgs_srvs__py
[0.281s] [ 89%] Built target amr_v4_msgs_srvs__rosidl_generator_py
[0.340s] [ 92%] Built target amr_v4_msgs_srvs__rosidl_typesupport_introspection_c__pyext
[0.347s] [ 96%] Built target amr_v4_msgs_srvs__rosidl_typesupport_fastrtps_c__pyext
[0.363s] [100%] Built target amr_v4_msgs_srvs__rosidl_typesupport_c__pyext
[0.532s] running egg_info
[0.534s] writing amr_v4_msgs_srvs.egg-info/PKG-INFO
[0.534s] writing dependency_links to amr_v4_msgs_srvs.egg-info/dependency_links.txt
[0.534s] writing top-level names to amr_v4_msgs_srvs.egg-info/top_level.txt
[0.542s] reading manifest file 'amr_v4_msgs_srvs.egg-info/SOURCES.txt'
[0.542s] writing manifest file 'amr_v4_msgs_srvs.egg-info/SOURCES.txt'
[0.574s] [100%] Built target ament_cmake_python_build_amr_v4_msgs_srvs_egg
[0.587s] Invoked command in '/home/colin/agv_gui/build/amr_v4_msgs_srvs' returned '0': CMAKE_PREFIX_PATH=${CMAKE_PREFIX_PATH}:/opt/ros/humble /usr/bin/cmake --build /home/colin/agv_gui/build/amr_v4_msgs_srvs -- -j4 -l4
[0.812s] Invoking command in '/home/colin/agv_gui/build/amr_v4_msgs_srvs': CMAKE_PREFIX_PATH=${CMAKE_PREFIX_PATH}:/opt/ros/humble /usr/bin/cmake --install /home/colin/agv_gui/build/amr_v4_msgs_srvs
[0.821s] -- Install configuration: ""
[0.821s] -- Up-to-date: /home/colin/agv_gui/install/amr_v4_msgs_srvs/share/ament_index/resource_index/rosidl_interfaces/amr_v4_msgs_srvs
[0.821s] -- Up-to-date: /home/colin/agv_gui/install/amr_v4_msgs_srvs/include/amr_v4_msgs_srvs/amr_v4_msgs_srvs
[0.821s] -- Up-to-date: /home/colin/agv_gui/install/amr_v4_msgs_srvs/include/amr_v4_msgs_srvs/amr_v4_msgs_srvs/msg
[0.822s] -- Up-to-date: /home/colin/agv_gui/install/amr_v4_msgs_srvs/include/amr_v4_msgs_srvs/amr_v4_msgs_srvs/msg/motor.h
[0.822s] -- Up-to-date: /home/colin/agv_gui/install/amr_v4_msgs_srvs/include/amr_v4_msgs_srvs/amr_v4_msgs_srvs/msg/robot.h
[0.822s] -- Up-to-date: /home/colin/agv_gui/install/amr_v4_msgs_srvs/include/amr_v4_msgs_srvs/amr_v4_msgs_srvs/msg/pin.h
[0.822s] -- Up-to-date: /home/colin/agv_gui/install/amr_v4_msgs_srvs/include/amr_v4_msgs_srvs/amr_v4_msgs_srvs/msg/rosidl_generator_c__visibility_control.h
[0.822s] -- Up-to-date: /home/colin/agv_gui/install/amr_v4_msgs_srvs/include/amr_v4_msgs_srvs/amr_v4_msgs_srvs/msg/detail
[0.822s] -- Up-to-date: /home/colin/agv_gui/install/amr_v4_msgs_srvs/include/amr_v4_msgs_srvs/amr_v4_msgs_srvs/msg/detail/robot__struct.h
[0.823s] -- Up-to-date: /home/colin/agv_gui/install/amr_v4_msgs_srvs/include/amr_v4_msgs_srvs/amr_v4_msgs_srvs/msg/detail/motor__struct.h
[0.823s] -- Up-to-date: /home/colin/agv_gui/install/amr_v4_msgs_srvs/include/amr_v4_msgs_srvs/amr_v4_msgs_srvs/msg/detail/motor__functions.h
[0.823s] -- Up-to-date: /home/colin/agv_gui/install/amr_v4_msgs_srvs/include/amr_v4_msgs_srvs/amr_v4_msgs_srvs/msg/detail/robot__functions.h
[0.823s] -- Up-to-date: /home/colin/agv_gui/install/amr_v4_msgs_srvs/include/amr_v4_msgs_srvs/amr_v4_msgs_srvs/msg/detail/motor__type_support.h
[0.823s] -- Up-to-date: /home/colin/agv_gui/install/amr_v4_msgs_srvs/include/amr_v4_msgs_srvs/amr_v4_msgs_srvs/msg/detail/robot__functions.c
[0.823s] -- Up-to-date: /home/colin/agv_gui/install/amr_v4_msgs_srvs/include/amr_v4_msgs_srvs/amr_v4_msgs_srvs/msg/detail/robot__type_support.h
[0.823s] -- Up-to-date: /home/colin/agv_gui/install/amr_v4_msgs_srvs/include/amr_v4_msgs_srvs/amr_v4_msgs_srvs/msg/detail/pin__functions.c
[0.824s] -- Up-to-date: /home/colin/agv_gui/install/amr_v4_msgs_srvs/include/amr_v4_msgs_srvs/amr_v4_msgs_srvs/msg/detail/pin__functions.h
[0.824s] -- Up-to-date: /home/colin/agv_gui/install/amr_v4_msgs_srvs/include/amr_v4_msgs_srvs/amr_v4_msgs_srvs/msg/detail/motor__functions.c
[0.824s] -- Up-to-date: /home/colin/agv_gui/install/amr_v4_msgs_srvs/include/amr_v4_msgs_srvs/amr_v4_msgs_srvs/msg/detail/pin__struct.h
[0.824s] -- Up-to-date: /home/colin/agv_gui/install/amr_v4_msgs_srvs/include/amr_v4_msgs_srvs/amr_v4_msgs_srvs/msg/detail/pin__type_support.h
[0.824s] -- Up-to-date: /home/colin/agv_gui/install/amr_v4_msgs_srvs/include/amr_v4_msgs_srvs/amr_v4_msgs_srvs/srv
[0.824s] -- Up-to-date: /home/colin/agv_gui/install/amr_v4_msgs_srvs/include/amr_v4_msgs_srvs/amr_v4_msgs_srvs/srv/testserv.h
[0.824s] -- Up-to-date: /home/colin/agv_gui/install/amr_v4_msgs_srvs/include/amr_v4_msgs_srvs/amr_v4_msgs_srvs/srv/detail
[0.825s] -- Up-to-date: /home/colin/agv_gui/install/amr_v4_msgs_srvs/include/amr_v4_msgs_srvs/amr_v4_msgs_srvs/srv/detail/testserv__struct.h
[0.825s] -- Up-to-date: /home/colin/agv_gui/install/amr_v4_msgs_srvs/include/amr_v4_msgs_srvs/amr_v4_msgs_srvs/srv/detail/testserv__type_support.h
[0.826s] -- Up-to-date: /home/colin/agv_gui/install/amr_v4_msgs_srvs/include/amr_v4_msgs_srvs/amr_v4_msgs_srvs/srv/detail/testserv__functions.h
[0.826s] -- Up-to-date: /home/colin/agv_gui/install/amr_v4_msgs_srvs/include/amr_v4_msgs_srvs/amr_v4_msgs_srvs/srv/detail/testserv__functions.c
[0.828s] -- Up-to-date: /home/colin/agv_gui/install/amr_v4_msgs_srvs/share/amr_v4_msgs_srvs/environment/library_path.sh
[0.828s] -- Up-to-date: /home/colin/agv_gui/install/amr_v4_msgs_srvs/share/amr_v4_msgs_srvs/environment/library_path.dsv
[0.828s] -- Up-to-date: /home/colin/agv_gui/install/amr_v4_msgs_srvs/lib/libamr_v4_msgs_srvs__rosidl_generator_c.so
[0.829s] -- Up-to-date: /home/colin/agv_gui/install/amr_v4_msgs_srvs/include/amr_v4_msgs_srvs/amr_v4_msgs_srvs
[0.829s] -- Up-to-date: /home/colin/agv_gui/install/amr_v4_msgs_srvs/include/amr_v4_msgs_srvs/amr_v4_msgs_srvs/msg
[0.829s] -- Up-to-date: /home/colin/agv_gui/install/amr_v4_msgs_srvs/include/amr_v4_msgs_srvs/amr_v4_msgs_srvs/msg/rosidl_typesupport_fastrtps_c__visibility_control.h
[0.830s] -- Up-to-date: /home/colin/agv_gui/install/amr_v4_msgs_srvs/include/amr_v4_msgs_srvs/amr_v4_msgs_srvs/msg/detail
[0.830s] -- Up-to-date: /home/colin/agv_gui/install/amr_v4_msgs_srvs/include/amr_v4_msgs_srvs/amr_v4_msgs_srvs/msg/detail/motor__rosidl_typesupport_fastrtps_c.h
[0.842s] -- Up-to-date: /home/colin/agv_gui/install/amr_v4_msgs_srvs/include/amr_v4_msgs_srvs/amr_v4_msgs_srvs/msg/detail/pin__rosidl_typesupport_fastrtps_c.h
[0.847s] -- Up-to-date: /home/colin/agv_gui/install/amr_v4_msgs_srvs/include/amr_v4_msgs_srvs/amr_v4_msgs_srvs/msg/detail/robot__rosidl_typesupport_fastrtps_c.h
[0.847s] -- Up-to-date: /home/colin/agv_gui/install/amr_v4_msgs_srvs/include/amr_v4_msgs_srvs/amr_v4_msgs_srvs/srv
[0.847s] -- Up-to-date: /home/colin/agv_gui/install/amr_v4_msgs_srvs/include/amr_v4_msgs_srvs/amr_v4_msgs_srvs/srv/detail
[0.847s] -- Up-to-date: /home/colin/agv_gui/install/amr_v4_msgs_srvs/include/amr_v4_msgs_srvs/amr_v4_msgs_srvs/srv/detail/testserv__rosidl_typesupport_fastrtps_c.h
[0.847s] -- Up-to-date: /home/colin/agv_gui/install/amr_v4_msgs_srvs/lib/libamr_v4_msgs_srvs__rosidl_typesupport_fastrtps_c.so
[0.847s] -- Up-to-date: /home/colin/agv_gui/install/amr_v4_msgs_srvs/include/amr_v4_msgs_srvs/amr_v4_msgs_srvs
[0.847s] -- Up-to-date: /home/colin/agv_gui/install/amr_v4_msgs_srvs/include/amr_v4_msgs_srvs/amr_v4_msgs_srvs/msg
[0.847s] -- Up-to-date: /home/colin/agv_gui/install/amr_v4_msgs_srvs/include/amr_v4_msgs_srvs/amr_v4_msgs_srvs/msg/rosidl_typesupport_introspection_c__visibility_control.h
[0.848s] -- Up-to-date: /home/colin/agv_gui/install/amr_v4_msgs_srvs/include/amr_v4_msgs_srvs/amr_v4_msgs_srvs/msg/detail
[0.848s] -- Up-to-date: /home/colin/agv_gui/install/amr_v4_msgs_srvs/include/amr_v4_msgs_srvs/amr_v4_msgs_srvs/msg/detail/pin__type_support.c
[0.848s] -- Up-to-date: /home/colin/agv_gui/install/amr_v4_msgs_srvs/include/amr_v4_msgs_srvs/amr_v4_msgs_srvs/msg/detail/robot__rosidl_typesupport_introspection_c.h
[0.848s] -- Up-to-date: /home/colin/agv_gui/install/amr_v4_msgs_srvs/include/amr_v4_msgs_srvs/amr_v4_msgs_srvs/msg/detail/robot__type_support.c
[0.848s] -- Up-to-date: /home/colin/agv_gui/install/amr_v4_msgs_srvs/include/amr_v4_msgs_srvs/amr_v4_msgs_srvs/msg/detail/pin__rosidl_typesupport_introspection_c.h
[0.848s] -- Up-to-date: /home/colin/agv_gui/install/amr_v4_msgs_srvs/include/amr_v4_msgs_srvs/amr_v4_msgs_srvs/msg/detail/motor__type_support.c
[0.848s] -- Up-to-date: /home/colin/agv_gui/install/amr_v4_msgs_srvs/include/amr_v4_msgs_srvs/amr_v4_msgs_srvs/msg/detail/motor__rosidl_typesupport_introspection_c.h
[0.848s] -- Up-to-date: /home/colin/agv_gui/install/amr_v4_msgs_srvs/include/amr_v4_msgs_srvs/amr_v4_msgs_srvs/srv
[0.848s] -- Up-to-date: /home/colin/agv_gui/install/amr_v4_msgs_srvs/include/amr_v4_msgs_srvs/amr_v4_msgs_srvs/srv/detail
[0.848s] -- Up-to-date: /home/colin/agv_gui/install/amr_v4_msgs_srvs/include/amr_v4_msgs_srvs/amr_v4_msgs_srvs/srv/detail/testserv__rosidl_typesupport_introspection_c.h
[0.848s] -- Up-to-date: /home/colin/agv_gui/install/amr_v4_msgs_srvs/include/amr_v4_msgs_srvs/amr_v4_msgs_srvs/srv/detail/testserv__type_support.c
[0.848s] -- Up-to-date: /home/colin/agv_gui/install/amr_v4_msgs_srvs/lib/libamr_v4_msgs_srvs__rosidl_typesupport_introspection_c.so
[0.849s] -- Up-to-date: /home/colin/agv_gui/install/amr_v4_msgs_srvs/lib/libamr_v4_msgs_srvs__rosidl_typesupport_c.so
[0.849s] -- Up-to-date: /home/colin/agv_gui/install/amr_v4_msgs_srvs/include/amr_v4_msgs_srvs/amr_v4_msgs_srvs
[0.849s] -- Up-to-date: /home/colin/agv_gui/install/amr_v4_msgs_srvs/include/amr_v4_msgs_srvs/amr_v4_msgs_srvs/msg
[0.849s] -- Up-to-date: /home/colin/agv_gui/install/amr_v4_msgs_srvs/include/amr_v4_msgs_srvs/amr_v4_msgs_srvs/msg/robot.hpp
[0.849s] -- Up-to-date: /home/colin/agv_gui/install/amr_v4_msgs_srvs/include/amr_v4_msgs_srvs/amr_v4_msgs_srvs/msg/pin.hpp
[0.849s] -- Up-to-date: /home/colin/agv_gui/install/amr_v4_msgs_srvs/include/amr_v4_msgs_srvs/amr_v4_msgs_srvs/msg/motor.hpp
[0.849s] -- Up-to-date: /home/colin/agv_gui/install/amr_v4_msgs_srvs/include/amr_v4_msgs_srvs/amr_v4_msgs_srvs/msg/detail
[0.849s] -- Up-to-date: /home/colin/agv_gui/install/amr_v4_msgs_srvs/include/amr_v4_msgs_srvs/amr_v4_msgs_srvs/msg/detail/pin__traits.hpp
[0.849s] -- Up-to-date: /home/colin/agv_gui/install/amr_v4_msgs_srvs/include/amr_v4_msgs_srvs/amr_v4_msgs_srvs/msg/detail/robot__builder.hpp
[0.849s] -- Up-to-date: /home/colin/agv_gui/install/amr_v4_msgs_srvs/include/amr_v4_msgs_srvs/amr_v4_msgs_srvs/msg/detail/motor__builder.hpp
[0.849s] -- Up-to-date: /home/colin/agv_gui/install/amr_v4_msgs_srvs/include/amr_v4_msgs_srvs/amr_v4_msgs_srvs/msg/detail/pin__builder.hpp
[0.849s] -- Up-to-date: /home/colin/agv_gui/install/amr_v4_msgs_srvs/include/amr_v4_msgs_srvs/amr_v4_msgs_srvs/msg/detail/robot__traits.hpp
[0.850s] -- Up-to-date: /home/colin/agv_gui/install/amr_v4_msgs_srvs/include/amr_v4_msgs_srvs/amr_v4_msgs_srvs/msg/detail/motor__traits.hpp
[0.850s] -- Up-to-date: /home/colin/agv_gui/install/amr_v4_msgs_srvs/include/amr_v4_msgs_srvs/amr_v4_msgs_srvs/msg/detail/pin__struct.hpp
[0.850s] -- Up-to-date: /home/colin/agv_gui/install/amr_v4_msgs_srvs/include/amr_v4_msgs_srvs/amr_v4_msgs_srvs/msg/detail/motor__struct.hpp
[0.850s] -- Up-to-date: /home/colin/agv_gui/install/amr_v4_msgs_srvs/include/amr_v4_msgs_srvs/amr_v4_msgs_srvs/msg/detail/robot__struct.hpp
[0.850s] -- Up-to-date: /home/colin/agv_gui/install/amr_v4_msgs_srvs/include/amr_v4_msgs_srvs/amr_v4_msgs_srvs/srv
[0.850s] -- Up-to-date: /home/colin/agv_gui/install/amr_v4_msgs_srvs/include/amr_v4_msgs_srvs/amr_v4_msgs_srvs/srv/testserv.hpp
[0.850s] -- Up-to-date: /home/colin/agv_gui/install/amr_v4_msgs_srvs/include/amr_v4_msgs_srvs/amr_v4_msgs_srvs/srv/detail
[0.850s] -- Up-to-date: /home/colin/agv_gui/install/amr_v4_msgs_srvs/include/amr_v4_msgs_srvs/amr_v4_msgs_srvs/srv/detail/testserv__traits.hpp
[0.851s] -- Up-to-date: /home/colin/agv_gui/install/amr_v4_msgs_srvs/include/amr_v4_msgs_srvs/amr_v4_msgs_srvs/srv/detail/testserv__builder.hpp
[0.851s] -- Up-to-date: /home/colin/agv_gui/install/amr_v4_msgs_srvs/include/amr_v4_msgs_srvs/amr_v4_msgs_srvs/srv/detail/testserv__struct.hpp
[0.851s] -- Up-to-date: /home/colin/agv_gui/install/amr_v4_msgs_srvs/include/amr_v4_msgs_srvs/amr_v4_msgs_srvs
[0.851s] -- Up-to-date: /home/colin/agv_gui/install/amr_v4_msgs_srvs/include/amr_v4_msgs_srvs/amr_v4_msgs_srvs/msg
[0.851s] -- Up-to-date: /home/colin/agv_gui/install/amr_v4_msgs_srvs/include/amr_v4_msgs_srvs/amr_v4_msgs_srvs/msg/rosidl_typesupport_fastrtps_cpp__visibility_control.h
[0.851s] -- Up-to-date: /home/colin/agv_gui/install/amr_v4_msgs_srvs/include/amr_v4_msgs_srvs/amr_v4_msgs_srvs/msg/detail
[0.852s] -- Up-to-date: /home/colin/agv_gui/install/amr_v4_msgs_srvs/include/amr_v4_msgs_srvs/amr_v4_msgs_srvs/msg/detail/pin__rosidl_typesupport_fastrtps_cpp.hpp
[0.852s] -- Up-to-date: /home/colin/agv_gui/install/amr_v4_msgs_srvs/include/amr_v4_msgs_srvs/amr_v4_msgs_srvs/msg/detail/dds_fastrtps
[0.852s] -- Up-to-date: /home/colin/agv_gui/install/amr_v4_msgs_srvs/include/amr_v4_msgs_srvs/amr_v4_msgs_srvs/msg/detail/motor__rosidl_typesupport_fastrtps_cpp.hpp
[0.852s] -- Up-to-date: /home/colin/agv_gui/install/amr_v4_msgs_srvs/include/amr_v4_msgs_srvs/amr_v4_msgs_srvs/msg/detail/robot__rosidl_typesupport_fastrtps_cpp.hpp
[0.852s] -- Up-to-date: /home/colin/agv_gui/install/amr_v4_msgs_srvs/include/amr_v4_msgs_srvs/amr_v4_msgs_srvs/srv
[0.852s] -- Up-to-date: /home/colin/agv_gui/install/amr_v4_msgs_srvs/include/amr_v4_msgs_srvs/amr_v4_msgs_srvs/srv/detail
[0.853s] -- Up-to-date: /home/colin/agv_gui/install/amr_v4_msgs_srvs/include/amr_v4_msgs_srvs/amr_v4_msgs_srvs/srv/detail/testserv__rosidl_typesupport_fastrtps_cpp.hpp
[0.853s] -- Up-to-date: /home/colin/agv_gui/install/amr_v4_msgs_srvs/include/amr_v4_msgs_srvs/amr_v4_msgs_srvs/srv/detail/dds_fastrtps
[0.853s] -- Up-to-date: /home/colin/agv_gui/install/amr_v4_msgs_srvs/lib/libamr_v4_msgs_srvs__rosidl_typesupport_fastrtps_cpp.so
[0.853s] -- Up-to-date: /home/colin/agv_gui/install/amr_v4_msgs_srvs/include/amr_v4_msgs_srvs/amr_v4_msgs_srvs
[0.853s] -- Up-to-date: /home/colin/agv_gui/install/amr_v4_msgs_srvs/include/amr_v4_msgs_srvs/amr_v4_msgs_srvs/msg
[0.853s] -- Up-to-date: /home/colin/agv_gui/install/amr_v4_msgs_srvs/include/amr_v4_msgs_srvs/amr_v4_msgs_srvs/msg/detail
[0.853s] -- Up-to-date: /home/colin/agv_gui/install/amr_v4_msgs_srvs/include/amr_v4_msgs_srvs/amr_v4_msgs_srvs/msg/detail/motor__type_support.cpp
[0.854s] -- Up-to-date: /home/colin/agv_gui/install/amr_v4_msgs_srvs/include/amr_v4_msgs_srvs/amr_v4_msgs_srvs/msg/detail/motor__rosidl_typesupport_introspection_cpp.hpp
[0.854s] -- Up-to-date: /home/colin/agv_gui/install/amr_v4_msgs_srvs/include/amr_v4_msgs_srvs/amr_v4_msgs_srvs/msg/detail/robot__type_support.cpp
[0.854s] -- Up-to-date: /home/colin/agv_gui/install/amr_v4_msgs_srvs/include/amr_v4_msgs_srvs/amr_v4_msgs_srvs/msg/detail/pin__rosidl_typesupport_introspection_cpp.hpp
[0.854s] -- Up-to-date: /home/colin/agv_gui/install/amr_v4_msgs_srvs/include/amr_v4_msgs_srvs/amr_v4_msgs_srvs/msg/detail/pin__type_support.cpp
[0.855s] -- Up-to-date: /home/colin/agv_gui/install/amr_v4_msgs_srvs/include/amr_v4_msgs_srvs/amr_v4_msgs_srvs/msg/detail/robot__rosidl_typesupport_introspection_cpp.hpp
[0.855s] -- Up-to-date: /home/colin/agv_gui/install/amr_v4_msgs_srvs/include/amr_v4_msgs_srvs/amr_v4_msgs_srvs/srv
[0.855s] -- Up-to-date: /home/colin/agv_gui/install/amr_v4_msgs_srvs/include/amr_v4_msgs_srvs/amr_v4_msgs_srvs/srv/detail
[0.855s] -- Up-to-date: /home/colin/agv_gui/install/amr_v4_msgs_srvs/include/amr_v4_msgs_srvs/amr_v4_msgs_srvs/srv/detail/testserv__rosidl_typesupport_introspection_cpp.hpp
[0.855s] -- Up-to-date: /home/colin/agv_gui/install/amr_v4_msgs_srvs/include/amr_v4_msgs_srvs/amr_v4_msgs_srvs/srv/detail/testserv__type_support.cpp
[0.855s] -- Up-to-date: /home/colin/agv_gui/install/amr_v4_msgs_srvs/lib/libamr_v4_msgs_srvs__rosidl_typesupport_introspection_cpp.so
[0.855s] -- Up-to-date: /home/colin/agv_gui/install/amr_v4_msgs_srvs/lib/libamr_v4_msgs_srvs__rosidl_typesupport_cpp.so
[0.856s] -- Up-to-date: /home/colin/agv_gui/install/amr_v4_msgs_srvs/share/amr_v4_msgs_srvs/environment/pythonpath.sh
[0.856s] -- Up-to-date: /home/colin/agv_gui/install/amr_v4_msgs_srvs/share/amr_v4_msgs_srvs/environment/pythonpath.dsv
[0.856s] -- Up-to-date: /home/colin/agv_gui/install/amr_v4_msgs_srvs/local/lib/python3.10/dist-packages/amr_v4_msgs_srvs-0.0.0-py3.10.egg-info
[0.856s] -- Installing: /home/colin/agv_gui/install/amr_v4_msgs_srvs/local/lib/python3.10/dist-packages/amr_v4_msgs_srvs-0.0.0-py3.10.egg-info/dependency_links.txt
[0.856s] -- Installing: /home/colin/agv_gui/install/amr_v4_msgs_srvs/local/lib/python3.10/dist-packages/amr_v4_msgs_srvs-0.0.0-py3.10.egg-info/PKG-INFO
[0.857s] -- Installing: /home/colin/agv_gui/install/amr_v4_msgs_srvs/local/lib/python3.10/dist-packages/amr_v4_msgs_srvs-0.0.0-py3.10.egg-info/top_level.txt
[0.857s] -- Installing: /home/colin/agv_gui/install/amr_v4_msgs_srvs/local/lib/python3.10/dist-packages/amr_v4_msgs_srvs-0.0.0-py3.10.egg-info/SOURCES.txt
[0.857s] -- Up-to-date: /home/colin/agv_gui/install/amr_v4_msgs_srvs/local/lib/python3.10/dist-packages/amr_v4_msgs_srvs
[0.857s] -- Up-to-date: /home/colin/agv_gui/install/amr_v4_msgs_srvs/local/lib/python3.10/dist-packages/amr_v4_msgs_srvs/_amr_v4_msgs_srvs_s.ep.rosidl_typesupport_introspection_c.c
[0.857s] -- Up-to-date: /home/colin/agv_gui/install/amr_v4_msgs_srvs/local/lib/python3.10/dist-packages/amr_v4_msgs_srvs/_amr_v4_msgs_srvs_s.ep.rosidl_typesupport_fastrtps_c.c
[0.857s] -- Up-to-date: /home/colin/agv_gui/install/amr_v4_msgs_srvs/local/lib/python3.10/dist-packages/amr_v4_msgs_srvs/msg
[0.858s] -- Up-to-date: /home/colin/agv_gui/install/amr_v4_msgs_srvs/local/lib/python3.10/dist-packages/amr_v4_msgs_srvs/msg/_robot_s.c
[0.858s] -- Up-to-date: /home/colin/agv_gui/install/amr_v4_msgs_srvs/local/lib/python3.10/dist-packages/amr_v4_msgs_srvs/msg/_motor.py
[0.858s] -- Up-to-date: /home/colin/agv_gui/install/amr_v4_msgs_srvs/local/lib/python3.10/dist-packages/amr_v4_msgs_srvs/msg/__init__.py
[0.858s] -- Up-to-date: /home/colin/agv_gui/install/amr_v4_msgs_srvs/local/lib/python3.10/dist-packages/amr_v4_msgs_srvs/msg/_robot.py
[0.858s] -- Up-to-date: /home/colin/agv_gui/install/amr_v4_msgs_srvs/local/lib/python3.10/dist-packages/amr_v4_msgs_srvs/msg/_pin_s.c
[0.858s] -- Up-to-date: /home/colin/agv_gui/install/amr_v4_msgs_srvs/local/lib/python3.10/dist-packages/amr_v4_msgs_srvs/msg/_motor_s.c
[0.859s] -- Up-to-date: /home/colin/agv_gui/install/amr_v4_msgs_srvs/local/lib/python3.10/dist-packages/amr_v4_msgs_srvs/msg/_pin.py
[0.859s] -- Up-to-date: /home/colin/agv_gui/install/amr_v4_msgs_srvs/local/lib/python3.10/dist-packages/amr_v4_msgs_srvs/__init__.py
[0.859s] -- Up-to-date: /home/colin/agv_gui/install/amr_v4_msgs_srvs/local/lib/python3.10/dist-packages/amr_v4_msgs_srvs/_amr_v4_msgs_srvs_s.ep.rosidl_typesupport_c.c
[0.859s] -- Up-to-date: /home/colin/agv_gui/install/amr_v4_msgs_srvs/local/lib/python3.10/dist-packages/amr_v4_msgs_srvs/srv
[0.859s] -- Up-to-date: /home/colin/agv_gui/install/amr_v4_msgs_srvs/local/lib/python3.10/dist-packages/amr_v4_msgs_srvs/srv/_testserv_s.c
[0.859s] -- Up-to-date: /home/colin/agv_gui/install/amr_v4_msgs_srvs/local/lib/python3.10/dist-packages/amr_v4_msgs_srvs/srv/__init__.py
[0.859s] -- Up-to-date: /home/colin/agv_gui/install/amr_v4_msgs_srvs/local/lib/python3.10/dist-packages/amr_v4_msgs_srvs/srv/_testserv.py
[0.860s] -- Up-to-date: /home/colin/agv_gui/install/amr_v4_msgs_srvs/local/lib/python3.10/dist-packages/amr_v4_msgs_srvs/libamr_v4_msgs_srvs__rosidl_generator_py.so
[0.860s] -- Up-to-date: /home/colin/agv_gui/install/amr_v4_msgs_srvs/local/lib/python3.10/dist-packages/amr_v4_msgs_srvs/amr_v4_msgs_srvs_s__rosidl_typesupport_introspection_c.cpython-310-x86_64-linux-gnu.so
[0.860s] -- Up-to-date: /home/colin/agv_gui/install/amr_v4_msgs_srvs/local/lib/python3.10/dist-packages/amr_v4_msgs_srvs/amr_v4_msgs_srvs_s__rosidl_typesupport_c.cpython-310-x86_64-linux-gnu.so
[0.860s] -- Up-to-date: /home/colin/agv_gui/install/amr_v4_msgs_srvs/local/lib/python3.10/dist-packages/amr_v4_msgs_srvs/amr_v4_msgs_srvs_s__rosidl_typesupport_fastrtps_c.cpython-310-x86_64-linux-gnu.so
[0.896s] Listing '/home/colin/agv_gui/install/amr_v4_msgs_srvs/local/lib/python3.10/dist-packages/amr_v4_msgs_srvs'...
[0.896s] Listing '/home/colin/agv_gui/install/amr_v4_msgs_srvs/local/lib/python3.10/dist-packages/amr_v4_msgs_srvs/msg'...
[0.896s] Listing '/home/colin/agv_gui/install/amr_v4_msgs_srvs/local/lib/python3.10/dist-packages/amr_v4_msgs_srvs/srv'...
[0.906s] -- Up-to-date: /home/colin/agv_gui/install/amr_v4_msgs_srvs/local/lib/python3.10/dist-packages/amr_v4_msgs_srvs/amr_v4_msgs_srvs_s__rosidl_typesupport_fastrtps_c.cpython-310-x86_64-linux-gnu.so
[0.906s] -- Up-to-date: /home/colin/agv_gui/install/amr_v4_msgs_srvs/local/lib/python3.10/dist-packages/amr_v4_msgs_srvs/amr_v4_msgs_srvs_s__rosidl_typesupport_introspection_c.cpython-310-x86_64-linux-gnu.so
[0.907s] -- Up-to-date: /home/colin/agv_gui/install/amr_v4_msgs_srvs/local/lib/python3.10/dist-packages/amr_v4_msgs_srvs/amr_v4_msgs_srvs_s__rosidl_typesupport_c.cpython-310-x86_64-linux-gnu.so
[0.907s] -- Up-to-date: /home/colin/agv_gui/install/amr_v4_msgs_srvs/lib/libamr_v4_msgs_srvs__rosidl_generator_py.so
[0.908s] -- Up-to-date: /home/colin/agv_gui/install/amr_v4_msgs_srvs/share/amr_v4_msgs_srvs/msg/Motor.idl
[0.908s] -- Up-to-date: /home/colin/agv_gui/install/amr_v4_msgs_srvs/share/amr_v4_msgs_srvs/msg/Robot.idl
[0.908s] -- Up-to-date: /home/colin/agv_gui/install/amr_v4_msgs_srvs/share/amr_v4_msgs_srvs/msg/Pin.idl
[0.908s] -- Up-to-date: /home/colin/agv_gui/install/amr_v4_msgs_srvs/share/amr_v4_msgs_srvs/srv/Testserv.idl
[0.909s] -- Up-to-date: /home/colin/agv_gui/install/amr_v4_msgs_srvs/share/amr_v4_msgs_srvs/msg/Motor.msg
[0.909s] -- Up-to-date: /home/colin/agv_gui/install/amr_v4_msgs_srvs/share/amr_v4_msgs_srvs/msg/Robot.msg
[0.909s] -- Up-to-date: /home/colin/agv_gui/install/amr_v4_msgs_srvs/share/amr_v4_msgs_srvs/msg/Pin.msg
[0.909s] -- Up-to-date: /home/colin/agv_gui/install/amr_v4_msgs_srvs/share/amr_v4_msgs_srvs/srv/Testserv.srv
[0.909s] -- Up-to-date: /home/colin/agv_gui/install/amr_v4_msgs_srvs/share/amr_v4_msgs_srvs/srv/Testserv_Request.msg
[0.909s] -- Up-to-date: /home/colin/agv_gui/install/amr_v4_msgs_srvs/share/amr_v4_msgs_srvs/srv/Testserv_Response.msg
[0.910s] -- Up-to-date: /home/colin/agv_gui/install/amr_v4_msgs_srvs/share/ament_index/resource_index/package_run_dependencies/amr_v4_msgs_srvs
[0.910s] -- Up-to-date: /home/colin/agv_gui/install/amr_v4_msgs_srvs/share/ament_index/resource_index/parent_prefix_path/amr_v4_msgs_srvs
[0.910s] -- Up-to-date: /home/colin/agv_gui/install/amr_v4_msgs_srvs/share/amr_v4_msgs_srvs/environment/ament_prefix_path.sh
[0.910s] -- Up-to-date: /home/colin/agv_gui/install/amr_v4_msgs_srvs/share/amr_v4_msgs_srvs/environment/ament_prefix_path.dsv
[0.910s] -- Up-to-date: /home/colin/agv_gui/install/amr_v4_msgs_srvs/share/amr_v4_msgs_srvs/environment/path.sh
[0.911s] -- Up-to-date: /home/colin/agv_gui/install/amr_v4_msgs_srvs/share/amr_v4_msgs_srvs/environment/path.dsv
[0.911s] -- Up-to-date: /home/colin/agv_gui/install/amr_v4_msgs_srvs/share/amr_v4_msgs_srvs/local_setup.bash
[0.911s] -- Up-to-date: /home/colin/agv_gui/install/amr_v4_msgs_srvs/share/amr_v4_msgs_srvs/local_setup.sh
[0.911s] -- Up-to-date: /home/colin/agv_gui/install/amr_v4_msgs_srvs/share/amr_v4_msgs_srvs/local_setup.zsh
[0.911s] -- Up-to-date: /home/colin/agv_gui/install/amr_v4_msgs_srvs/share/amr_v4_msgs_srvs/local_setup.dsv
[0.911s] -- Installing: /home/colin/agv_gui/install/amr_v4_msgs_srvs/share/amr_v4_msgs_srvs/package.dsv
[0.911s] -- Up-to-date: /home/colin/agv_gui/install/amr_v4_msgs_srvs/share/ament_index/resource_index/packages/amr_v4_msgs_srvs
[0.912s] -- Up-to-date: /home/colin/agv_gui/install/amr_v4_msgs_srvs/share/amr_v4_msgs_srvs/cmake/export_amr_v4_msgs_srvs__rosidl_generator_cExport.cmake
[0.912s] -- Up-to-date: /home/colin/agv_gui/install/amr_v4_msgs_srvs/share/amr_v4_msgs_srvs/cmake/export_amr_v4_msgs_srvs__rosidl_generator_cExport-noconfig.cmake
[0.912s] -- Up-to-date: /home/colin/agv_gui/install/amr_v4_msgs_srvs/share/amr_v4_msgs_srvs/cmake/export_amr_v4_msgs_srvs__rosidl_typesupport_fastrtps_cExport.cmake
[0.913s] -- Up-to-date: /home/colin/agv_gui/install/amr_v4_msgs_srvs/share/amr_v4_msgs_srvs/cmake/export_amr_v4_msgs_srvs__rosidl_typesupport_fastrtps_cExport-noconfig.cmake
[0.913s] -- Up-to-date: /home/colin/agv_gui/install/amr_v4_msgs_srvs/share/amr_v4_msgs_srvs/cmake/amr_v4_msgs_srvs__rosidl_typesupport_introspection_cExport.cmake
[0.913s] -- Up-to-date: /home/colin/agv_gui/install/amr_v4_msgs_srvs/share/amr_v4_msgs_srvs/cmake/amr_v4_msgs_srvs__rosidl_typesupport_introspection_cExport-noconfig.cmake
[0.913s] -- Up-to-date: /home/colin/agv_gui/install/amr_v4_msgs_srvs/share/amr_v4_msgs_srvs/cmake/amr_v4_msgs_srvs__rosidl_typesupport_cExport.cmake
[0.913s] -- Up-to-date: /home/colin/agv_gui/install/amr_v4_msgs_srvs/share/amr_v4_msgs_srvs/cmake/amr_v4_msgs_srvs__rosidl_typesupport_cExport-noconfig.cmake
[0.913s] -- Up-to-date: /home/colin/agv_gui/install/amr_v4_msgs_srvs/share/amr_v4_msgs_srvs/cmake/export_amr_v4_msgs_srvs__rosidl_generator_cppExport.cmake
[0.913s] -- Up-to-date: /home/colin/agv_gui/install/amr_v4_msgs_srvs/share/amr_v4_msgs_srvs/cmake/export_amr_v4_msgs_srvs__rosidl_typesupport_fastrtps_cppExport.cmake
[0.913s] -- Up-to-date: /home/colin/agv_gui/install/amr_v4_msgs_srvs/share/amr_v4_msgs_srvs/cmake/export_amr_v4_msgs_srvs__rosidl_typesupport_fastrtps_cppExport-noconfig.cmake
[0.913s] -- Up-to-date: /home/colin/agv_gui/install/amr_v4_msgs_srvs/share/amr_v4_msgs_srvs/cmake/amr_v4_msgs_srvs__rosidl_typesupport_introspection_cppExport.cmake
[0.913s] -- Up-to-date: /home/colin/agv_gui/install/amr_v4_msgs_srvs/share/amr_v4_msgs_srvs/cmake/amr_v4_msgs_srvs__rosidl_typesupport_introspection_cppExport-noconfig.cmake
[0.913s] -- Up-to-date: /home/colin/agv_gui/install/amr_v4_msgs_srvs/share/amr_v4_msgs_srvs/cmake/amr_v4_msgs_srvs__rosidl_typesupport_cppExport.cmake
[0.913s] -- Up-to-date: /home/colin/agv_gui/install/amr_v4_msgs_srvs/share/amr_v4_msgs_srvs/cmake/amr_v4_msgs_srvs__rosidl_typesupport_cppExport-noconfig.cmake
[0.914s] -- Up-to-date: /home/colin/agv_gui/install/amr_v4_msgs_srvs/share/amr_v4_msgs_srvs/cmake/export_amr_v4_msgs_srvs__rosidl_generator_pyExport.cmake
[0.914s] -- Up-to-date: /home/colin/agv_gui/install/amr_v4_msgs_srvs/share/amr_v4_msgs_srvs/cmake/export_amr_v4_msgs_srvs__rosidl_generator_pyExport-noconfig.cmake
[0.914s] -- Up-to-date: /home/colin/agv_gui/install/amr_v4_msgs_srvs/share/amr_v4_msgs_srvs/cmake/rosidl_cmake-extras.cmake
[0.914s] -- Up-to-date: /home/colin/agv_gui/install/amr_v4_msgs_srvs/share/amr_v4_msgs_srvs/cmake/ament_cmake_export_include_directories-extras.cmake
[0.914s] -- Up-to-date: /home/colin/agv_gui/install/amr_v4_msgs_srvs/share/amr_v4_msgs_srvs/cmake/ament_cmake_export_libraries-extras.cmake
[0.914s] -- Up-to-date: /home/colin/agv_gui/install/amr_v4_msgs_srvs/share/amr_v4_msgs_srvs/cmake/ament_cmake_export_targets-extras.cmake
[0.915s] -- Up-to-date: /home/colin/agv_gui/install/amr_v4_msgs_srvs/share/amr_v4_msgs_srvs/cmake/rosidl_cmake_export_typesupport_targets-extras.cmake
[0.915s] -- Up-to-date: /home/colin/agv_gui/install/amr_v4_msgs_srvs/share/amr_v4_msgs_srvs/cmake/ament_cmake_export_dependencies-extras.cmake
[0.915s] -- Up-to-date: /home/colin/agv_gui/install/amr_v4_msgs_srvs/share/amr_v4_msgs_srvs/cmake/rosidl_cmake_export_typesupport_libraries-extras.cmake
[0.916s] -- Up-to-date: /home/colin/agv_gui/install/amr_v4_msgs_srvs/share/amr_v4_msgs_srvs/cmake/amr_v4_msgs_srvsConfig.cmake
[0.916s] -- Up-to-date: /home/colin/agv_gui/install/amr_v4_msgs_srvs/share/amr_v4_msgs_srvs/cmake/amr_v4_msgs_srvsConfig-version.cmake
[0.916s] -- Up-to-date: /home/colin/agv_gui/install/amr_v4_msgs_srvs/share/amr_v4_msgs_srvs/package.xml
[0.917s] Invoked command in '/home/colin/agv_gui/build/amr_v4_msgs_srvs' returned '0': CMAKE_PREFIX_PATH=${CMAKE_PREFIX_PATH}:/opt/ros/humble /usr/bin/cmake --install /home/colin/agv_gui/build/amr_v4_msgs_srvs
