[1.563s] DEBUG:colcon:Command line arguments: ['/usr/bin/colcon', 'build', '--event-handlers', 'status+', 'console_start_end+', '--cmake-args', '-G', 'CodeBlocks - Unix Makefiles', '-DCMAKE_BUILD_TYPE=Debug']
[1.564s] DEBUG:colcon:Parsed command line arguments: Namespace(allow_overriding=[], ament_cmake_args=None, base_paths=['.'], build_base='build', catkin_cmake_args=None, catkin_skip_building_tests=False, cmake_args=['-G', 'CodeBlocks - Unix Makefiles', '-DCMAKE_BUILD_TYPE=Debug'], cmake_clean_cache=False, cmake_clean_first=False, cmake_force_configure=False, cmake_target=None, cmake_target_skip_unavailable=False, continue_on_error=False, event_handlers=['status+', 'console_start_end+'], executor='parallel', ignore_user_meta=False, install_base='install', log_base=None, log_level=None, main=<bound method BuildVerb.main of <colcon_core.verb.build.BuildVerb object at 0xffffb8a6a550>>, merge_install=False, metas=['./colcon.meta'], packages_above=None, packages_above_and_dependencies=None, packages_above_depth=None, packages_end=None, packages_ignore=None, packages_ignore_regex=None, packages_select=None, packages_select_build_failed=False, packages_select_by_dep=None, packages_select_regex=None, packages_select_test_failures=False, packages_skip=None, packages_skip_build_finished=False, packages_skip_by_dep=None, packages_skip_regex=None, packages_skip_test_passed=False, packages_skip_up_to=None, packages_start=None, packages_up_to=None, packages_up_to_regex=None, parallel_workers=6, paths=None, symlink_install=False, test_result_base=None, verb_extension=<colcon_core.verb.build.BuildVerb object at 0xffffb8a6a550>, verb_name='build', verb_parser=<colcon_defaults.argument_parser.defaults.DefaultArgumentsDecorator object at 0xffffb8a6aa90>)
[1.694s] Level 1:colcon.colcon_core.package_discovery:discover_packages(colcon_meta) check parameters
[1.695s] Level 1:colcon.colcon_core.package_discovery:discover_packages(recursive) check parameters
[1.695s] Level 1:colcon.colcon_core.package_discovery:discover_packages(ignore) check parameters
[1.695s] Level 1:colcon.colcon_core.package_discovery:discover_packages(path) check parameters
[1.695s] Level 1:colcon.colcon_core.package_discovery:discover_packages(colcon_meta) discover
[1.696s] Level 1:colcon.colcon_core.package_discovery:discover_packages(recursive) discover
[1.696s] INFO:colcon.colcon_core.package_discovery:Crawling recursively for packages in '/home/amr_1/agv_gui'
[1.696s] Level 1:colcon.colcon_core.package_identification:_identify(.) by extensions ['ignore', 'ignore_ament_install']
[1.697s] Level 1:colcon.colcon_core.package_identification:_identify(.) by extension 'ignore'
[1.697s] Level 1:colcon.colcon_core.package_identification:_identify(.) by extension 'ignore_ament_install'
[1.697s] Level 1:colcon.colcon_core.package_identification:_identify(.) by extensions ['colcon_pkg']
[1.698s] Level 1:colcon.colcon_core.package_identification:_identify(.) by extension 'colcon_pkg'
[1.698s] Level 1:colcon.colcon_core.package_identification:_identify(.) by extensions ['colcon_meta']
[1.698s] Level 1:colcon.colcon_core.package_identification:_identify(.) by extension 'colcon_meta'
[1.698s] Level 1:colcon.colcon_core.package_identification:_identify(.) by extensions ['ros']
[1.699s] Level 1:colcon.colcon_core.package_identification:_identify(.) by extension 'ros'
[1.790s] Level 1:colcon.colcon_core.package_identification:_identify(.) by extensions ['cmake', 'python']
[1.791s] Level 1:colcon.colcon_core.package_identification:_identify(.) by extension 'cmake'
[1.791s] Level 1:colcon.colcon_core.package_identification:_identify(.) by extension 'python'
[1.791s] Level 1:colcon.colcon_core.package_identification:_identify(.) by extensions ['python_setup_py']
[1.791s] Level 1:colcon.colcon_core.package_identification:_identify(.) by extension 'python_setup_py'
[1.792s] Level 1:colcon.colcon_core.package_identification:_identify(build) by extensions ['ignore', 'ignore_ament_install']
[1.793s] Level 1:colcon.colcon_core.package_identification:_identify(build) by extension 'ignore'
[1.793s] Level 1:colcon.colcon_core.package_identification:_identify(build) ignored
[1.793s] Level 1:colcon.colcon_core.package_identification:_identify(install) by extensions ['ignore', 'ignore_ament_install']
[1.794s] Level 1:colcon.colcon_core.package_identification:_identify(install) by extension 'ignore'
[1.794s] Level 1:colcon.colcon_core.package_identification:_identify(install) ignored
[1.795s] Level 1:colcon.colcon_core.package_identification:_identify(log) by extensions ['ignore', 'ignore_ament_install']
[1.795s] Level 1:colcon.colcon_core.package_identification:_identify(log) by extension 'ignore'
[1.795s] Level 1:colcon.colcon_core.package_identification:_identify(log) ignored
[1.796s] Level 1:colcon.colcon_core.package_identification:_identify(src) by extensions ['ignore', 'ignore_ament_install']
[1.796s] Level 1:colcon.colcon_core.package_identification:_identify(src) by extension 'ignore'
[1.796s] Level 1:colcon.colcon_core.package_identification:_identify(src) by extension 'ignore_ament_install'
[1.797s] Level 1:colcon.colcon_core.package_identification:_identify(src) by extensions ['colcon_pkg']
[1.797s] Level 1:colcon.colcon_core.package_identification:_identify(src) by extension 'colcon_pkg'
[1.797s] Level 1:colcon.colcon_core.package_identification:_identify(src) by extensions ['colcon_meta']
[1.797s] Level 1:colcon.colcon_core.package_identification:_identify(src) by extension 'colcon_meta'
[1.798s] Level 1:colcon.colcon_core.package_identification:_identify(src) by extensions ['ros']
[1.798s] Level 1:colcon.colcon_core.package_identification:_identify(src) by extension 'ros'
[1.798s] Level 1:colcon.colcon_core.package_identification:_identify(src) by extensions ['cmake', 'python']
[1.798s] Level 1:colcon.colcon_core.package_identification:_identify(src) by extension 'cmake'
[1.799s] Level 1:colcon.colcon_core.package_identification:_identify(src) by extension 'python'
[1.799s] Level 1:colcon.colcon_core.package_identification:_identify(src) by extensions ['python_setup_py']
[1.799s] Level 1:colcon.colcon_core.package_identification:_identify(src) by extension 'python_setup_py'
[1.799s] Level 1:colcon.colcon_core.package_identification:_identify(src/agv_gui) by extensions ['ignore', 'ignore_ament_install']
[1.800s] Level 1:colcon.colcon_core.package_identification:_identify(src/agv_gui) by extension 'ignore'
[1.800s] Level 1:colcon.colcon_core.package_identification:_identify(src/agv_gui) by extension 'ignore_ament_install'
[1.800s] Level 1:colcon.colcon_core.package_identification:_identify(src/agv_gui) by extensions ['colcon_pkg']
[1.800s] Level 1:colcon.colcon_core.package_identification:_identify(src/agv_gui) by extension 'colcon_pkg'
[1.801s] Level 1:colcon.colcon_core.package_identification:_identify(src/agv_gui) by extensions ['colcon_meta']
[1.801s] Level 1:colcon.colcon_core.package_identification:_identify(src/agv_gui) by extension 'colcon_meta'
[1.801s] Level 1:colcon.colcon_core.package_identification:_identify(src/agv_gui) by extensions ['ros']
[1.801s] Level 1:colcon.colcon_core.package_identification:_identify(src/agv_gui) by extension 'ros'
[1.815s] DEBUG:colcon.colcon_core.package_identification:Package 'src/agv_gui' with type 'ros.ament_cmake' and name 'agv_gui'
[1.815s] Level 1:colcon.colcon_core.package_discovery:discover_packages(recursive) using defaults
[1.815s] Level 1:colcon.colcon_core.package_discovery:discover_packages(ignore) discover
[1.816s] Level 1:colcon.colcon_core.package_discovery:discover_packages(ignore) using defaults
[1.816s] Level 1:colcon.colcon_core.package_discovery:discover_packages(path) discover
[1.816s] Level 1:colcon.colcon_core.package_discovery:discover_packages(path) using defaults
[1.909s] Level 1:colcon.colcon_core.package_discovery:discover_packages(prefix_path) check parameters
[1.910s] Level 1:colcon.colcon_core.package_discovery:discover_packages(prefix_path) discover
[1.924s] DEBUG:colcon.colcon_installed_package_information.package_discovery:Found 1 installed packages in /home/amr_1/agv_gui/install
[1.935s] DEBUG:colcon.colcon_installed_package_information.package_discovery:Found 256 installed packages in /opt/ros/foxy
[1.944s] Level 1:colcon.colcon_core.package_discovery:discover_packages(prefix_path) using defaults
[2.280s] Level 5:colcon.colcon_core.verb:set package 'agv_gui' build argument 'cmake_args' from command line to '['-G', 'CodeBlocks - Unix Makefiles', '-DCMAKE_BUILD_TYPE=Debug']'
[2.280s] Level 5:colcon.colcon_core.verb:set package 'agv_gui' build argument 'cmake_target' from command line to 'None'
[2.281s] Level 5:colcon.colcon_core.verb:set package 'agv_gui' build argument 'cmake_target_skip_unavailable' from command line to 'False'
[2.281s] Level 5:colcon.colcon_core.verb:set package 'agv_gui' build argument 'cmake_clean_cache' from command line to 'False'
[2.281s] Level 5:colcon.colcon_core.verb:set package 'agv_gui' build argument 'cmake_clean_first' from command line to 'False'
[2.281s] Level 5:colcon.colcon_core.verb:set package 'agv_gui' build argument 'cmake_force_configure' from command line to 'False'
[2.281s] Level 5:colcon.colcon_core.verb:set package 'agv_gui' build argument 'ament_cmake_args' from command line to 'None'
[2.281s] Level 5:colcon.colcon_core.verb:set package 'agv_gui' build argument 'catkin_cmake_args' from command line to 'None'
[2.282s] Level 5:colcon.colcon_core.verb:set package 'agv_gui' build argument 'catkin_skip_building_tests' from command line to 'False'
[2.282s] DEBUG:colcon.colcon_core.verb:Building package 'agv_gui' with the following arguments: {'ament_cmake_args': None, 'build_base': '/home/amr_1/agv_gui/build/agv_gui', 'catkin_cmake_args': None, 'catkin_skip_building_tests': False, 'cmake_args': ['-G', 'CodeBlocks - Unix Makefiles', '-DCMAKE_BUILD_TYPE=Debug'], 'cmake_clean_cache': False, 'cmake_clean_first': False, 'cmake_force_configure': False, 'cmake_target': None, 'cmake_target_skip_unavailable': False, 'install_base': '/home/amr_1/agv_gui/install/agv_gui', 'merge_install': False, 'path': '/home/amr_1/agv_gui/src/agv_gui', 'symlink_install': False, 'test_result_base': None}
[2.285s] INFO:colcon.colcon_core.executor:Executing jobs using 'parallel' executor
[2.304s] DEBUG:colcon.colcon_parallel_executor.executor.parallel:run_until_complete
[2.305s] INFO:colcon.colcon_ros.task.ament_cmake.build:Building ROS package in '/home/amr_1/agv_gui/src/agv_gui' with build type 'ament_cmake'
[2.306s] INFO:colcon.colcon_cmake.task.cmake.build:Building CMake package in '/home/amr_1/agv_gui/src/agv_gui'
[2.327s] INFO:colcon.colcon_core.plugin_system:Skipping extension 'colcon_core.shell.bat': Not used on non-Windows systems
[2.328s] INFO:colcon.colcon_core.shell:Skip shell extension 'powershell' for command environment: Not usable outside of PowerShell
[2.328s] DEBUG:colcon.colcon_core.shell:Skip shell extension 'dsv' for command environment
[2.405s] DEBUG:colcon.colcon_core.event_handler.log_command:Invoking command in '/home/amr_1/agv_gui/build/agv_gui': CMAKE_PREFIX_PATH=${CMAKE_PREFIX_PATH}:/opt/ros/foxy /usr/bin/cmake --build /home/amr_1/agv_gui/build/agv_gui -- -j6 -l6
[25.817s] DEBUG:colcon.colcon_core.event_handler.log_command:Invoked command in '/home/amr_1/agv_gui/build/agv_gui' returned '0': CMAKE_PREFIX_PATH=${CMAKE_PREFIX_PATH}:/opt/ros/foxy /usr/bin/cmake --build /home/amr_1/agv_gui/build/agv_gui -- -j6 -l6
[26.060s] DEBUG:colcon.colcon_core.event_handler.log_command:Invoking command in '/home/amr_1/agv_gui/build/agv_gui': CMAKE_PREFIX_PATH=${CMAKE_PREFIX_PATH}:/opt/ros/foxy /usr/bin/cmake --install /home/amr_1/agv_gui/build/agv_gui
[26.186s] DEBUG:colcon.colcon_core.event_handler.log_command:Invoked command in '/home/amr_1/agv_gui/build/agv_gui' returned '1': CMAKE_PREFIX_PATH=${CMAKE_PREFIX_PATH}:/opt/ros/foxy /usr/bin/cmake --install /home/amr_1/agv_gui/build/agv_gui
[26.375s] Level 1:colcon.colcon_core.environment:create_environment_scripts_only(agv_gui)
[26.409s] Level 1:colcon.colcon_core.environment:checking '/home/amr_1/agv_gui/install/agv_gui' for CMake module files
[26.412s] Level 1:colcon.colcon_core.environment:checking '/home/amr_1/agv_gui/install/agv_gui' for CMake config files
[26.414s] Level 1:colcon.colcon_core.shell:create_environment_hook('agv_gui', 'cmake_prefix_path')
[26.420s] INFO:colcon.colcon_core.shell:Creating environment hook '/home/amr_1/agv_gui/install/agv_gui/share/agv_gui/hook/cmake_prefix_path.ps1'
[26.424s] INFO:colcon.colcon_core.shell:Creating environment descriptor '/home/amr_1/agv_gui/install/agv_gui/share/agv_gui/hook/cmake_prefix_path.dsv'
[26.426s] INFO:colcon.colcon_core.shell:Creating environment hook '/home/amr_1/agv_gui/install/agv_gui/share/agv_gui/hook/cmake_prefix_path.sh'
[26.431s] Level 1:colcon.colcon_core.environment:checking '/home/amr_1/agv_gui/install/agv_gui/lib'
[26.432s] Level 1:colcon.colcon_core.environment:checking '/home/amr_1/agv_gui/install/agv_gui/bin'
[26.432s] Level 1:colcon.colcon_core.environment:checking '/home/amr_1/agv_gui/install/agv_gui/lib/pkgconfig/agv_gui.pc'
[26.433s] Level 1:colcon.colcon_core.environment:checking '/home/amr_1/agv_gui/install/agv_gui/lib/python3.8/site-packages'
[26.434s] Level 1:colcon.colcon_core.environment:checking '/home/amr_1/agv_gui/install/agv_gui/bin'
[26.441s] INFO:colcon.colcon_core.shell:Creating package script '/home/amr_1/agv_gui/install/agv_gui/share/agv_gui/package.ps1'
[26.444s] INFO:colcon.colcon_core.shell:Creating package descriptor '/home/amr_1/agv_gui/install/agv_gui/share/agv_gui/package.dsv'
[26.447s] INFO:colcon.colcon_core.shell:Creating package script '/home/amr_1/agv_gui/install/agv_gui/share/agv_gui/package.sh'
[26.451s] INFO:colcon.colcon_core.shell:Creating package script '/home/amr_1/agv_gui/install/agv_gui/share/agv_gui/package.bash'
[26.455s] INFO:colcon.colcon_core.shell:Creating package script '/home/amr_1/agv_gui/install/agv_gui/share/agv_gui/package.zsh'
[26.458s] Level 1:colcon.colcon_core.environment:create_file_with_runtime_dependencies(/home/amr_1/agv_gui/install/agv_gui/share/colcon-core/packages/agv_gui)
[26.471s] DEBUG:colcon.colcon_parallel_executor.executor.parallel:closing loop
[26.472s] DEBUG:colcon.colcon_parallel_executor.executor.parallel:loop closed
[26.472s] DEBUG:colcon.colcon_parallel_executor.executor.parallel:run_until_complete finished with '1'
[26.472s] DEBUG:colcon.colcon_core.event_reactor:joining thread
[26.501s] INFO:colcon.colcon_core.plugin_system:Skipping extension 'colcon_notification.desktop_notification.terminal_notifier': Not used on non-Darwin systems
[26.501s] INFO:colcon.colcon_core.plugin_system:Skipping extension 'colcon_notification.desktop_notification.win32': Not used on non-Windows systems
[26.502s] INFO:colcon.colcon_notification.desktop_notification:Sending desktop notification using 'notify2'
[26.592s] DEBUG:colcon.colcon_core.event_reactor:joined thread
[26.600s] INFO:colcon.colcon_core.shell:Creating prefix script '/home/amr_1/agv_gui/install/local_setup.ps1'
[26.604s] INFO:colcon.colcon_core.shell:Creating prefix util module '/home/amr_1/agv_gui/install/_local_setup_util_ps1.py'
[26.610s] INFO:colcon.colcon_core.shell:Creating prefix chain script '/home/amr_1/agv_gui/install/setup.ps1'
[26.618s] INFO:colcon.colcon_core.shell:Creating prefix script '/home/amr_1/agv_gui/install/local_setup.sh'
[26.620s] INFO:colcon.colcon_core.shell:Creating prefix util module '/home/amr_1/agv_gui/install/_local_setup_util_sh.py'
[26.623s] INFO:colcon.colcon_core.shell:Creating prefix chain script '/home/amr_1/agv_gui/install/setup.sh'
[26.630s] INFO:colcon.colcon_core.shell:Creating prefix script '/home/amr_1/agv_gui/install/local_setup.bash'
[26.632s] INFO:colcon.colcon_core.shell:Creating prefix chain script '/home/amr_1/agv_gui/install/setup.bash'
[26.638s] INFO:colcon.colcon_core.shell:Creating prefix script '/home/amr_1/agv_gui/install/local_setup.zsh'
[26.641s] INFO:colcon.colcon_core.shell:Creating prefix chain script '/home/amr_1/agv_gui/install/setup.zsh'
