[9.927s] DEBUG:colcon:Command line arguments: ['/usr/bin/colcon', 'build']
[9.928s] DEBUG:colcon:Parsed command line arguments: Namespace(allow_overriding=[], ament_cmake_args=None, base_paths=['.'], build_base='build', catkin_cmake_args=None, catkin_skip_building_tests=False, cmake_args=None, cmake_clean_cache=False, cmake_clean_first=False, cmake_force_configure=False, cmake_target=None, cmake_target_skip_unavailable=False, continue_on_error=False, event_handlers=None, executor='parallel', ignore_user_meta=False, install_base='install', log_base=None, log_level=None, main=<bound method BuildVerb.main of <colcon_core.verb.build.BuildVerb object at 0xffffba220d30>>, merge_install=False, metas=['./colcon.meta'], packages_above=None, packages_above_and_dependencies=None, packages_above_depth=None, packages_end=None, packages_ignore=None, packages_ignore_regex=None, packages_select=None, packages_select_build_failed=False, packages_select_by_dep=None, packages_select_regex=None, packages_select_test_failures=False, packages_skip=None, packages_skip_build_finished=False, packages_skip_by_dep=None, packages_skip_regex=None, packages_skip_test_passed=False, packages_skip_up_to=None, packages_start=None, packages_up_to=None, packages_up_to_regex=None, parallel_workers=6, paths=None, symlink_install=False, test_result_base=None, verb_extension=<colcon_core.verb.build.BuildVerb object at 0xffffba220d30>, verb_name='build', verb_parser=<colcon_defaults.argument_parser.defaults.DefaultArgumentsDecorator object at 0xffffb9d89400>)
[10.384s] Level 1:colcon.colcon_core.package_discovery:discover_packages(colcon_meta) check parameters
[10.385s] Level 1:colcon.colcon_core.package_discovery:discover_packages(recursive) check parameters
[10.385s] Level 1:colcon.colcon_core.package_discovery:discover_packages(ignore) check parameters
[10.385s] Level 1:colcon.colcon_core.package_discovery:discover_packages(path) check parameters
[10.386s] Level 1:colcon.colcon_core.package_discovery:discover_packages(colcon_meta) discover
[10.386s] Level 1:colcon.colcon_core.package_discovery:discover_packages(recursive) discover
[10.386s] INFO:colcon.colcon_core.package_discovery:Crawling recursively for packages in '/home/colin/agv_gui'
[10.387s] Level 1:colcon.colcon_core.package_identification:_identify(.) by extensions ['ignore', 'ignore_ament_install']
[10.387s] Level 1:colcon.colcon_core.package_identification:_identify(.) by extension 'ignore'
[10.388s] Level 1:colcon.colcon_core.package_identification:_identify(.) by extension 'ignore_ament_install'
[10.388s] Level 1:colcon.colcon_core.package_identification:_identify(.) by extensions ['colcon_pkg']
[10.388s] Level 1:colcon.colcon_core.package_identification:_identify(.) by extension 'colcon_pkg'
[10.388s] Level 1:colcon.colcon_core.package_identification:_identify(.) by extensions ['colcon_meta']
[10.388s] Level 1:colcon.colcon_core.package_identification:_identify(.) by extension 'colcon_meta'
[10.389s] Level 1:colcon.colcon_core.package_identification:_identify(.) by extensions ['ros']
[10.389s] Level 1:colcon.colcon_core.package_identification:_identify(.) by extension 'ros'
[10.444s] Level 1:colcon.colcon_core.package_identification:_identify(.) by extensions ['cmake', 'python']
[10.444s] Level 1:colcon.colcon_core.package_identification:_identify(.) by extension 'cmake'
[10.445s] Level 1:colcon.colcon_core.package_identification:_identify(.) by extension 'python'
[10.445s] Level 1:colcon.colcon_core.package_identification:_identify(.) by extensions ['python_setup_py']
[10.445s] Level 1:colcon.colcon_core.package_identification:_identify(.) by extension 'python_setup_py'
[10.446s] Level 1:colcon.colcon_core.package_identification:_identify(build) by extensions ['ignore', 'ignore_ament_install']
[10.446s] Level 1:colcon.colcon_core.package_identification:_identify(build) by extension 'ignore'
[10.447s] Level 1:colcon.colcon_core.package_identification:_identify(build) ignored
[10.447s] Level 1:colcon.colcon_core.package_identification:_identify(devel) by extensions ['ignore', 'ignore_ament_install']
[10.448s] Level 1:colcon.colcon_core.package_identification:_identify(devel) by extension 'ignore'
[10.448s] Level 1:colcon.colcon_core.package_identification:_identify(devel) by extension 'ignore_ament_install'
[10.448s] Level 1:colcon.colcon_core.package_identification:_identify(devel) by extensions ['colcon_pkg']
[10.448s] Level 1:colcon.colcon_core.package_identification:_identify(devel) by extension 'colcon_pkg'
[10.448s] Level 1:colcon.colcon_core.package_identification:_identify(devel) by extensions ['colcon_meta']
[10.449s] Level 1:colcon.colcon_core.package_identification:_identify(devel) by extension 'colcon_meta'
[10.449s] Level 1:colcon.colcon_core.package_identification:_identify(devel) by extensions ['ros']
[10.449s] Level 1:colcon.colcon_core.package_identification:_identify(devel) by extension 'ros'
[10.449s] Level 1:colcon.colcon_core.package_identification:_identify(devel) by extensions ['cmake', 'python']
[10.450s] Level 1:colcon.colcon_core.package_identification:_identify(devel) by extension 'cmake'
[10.450s] Level 1:colcon.colcon_core.package_identification:_identify(devel) by extension 'python'
[10.450s] Level 1:colcon.colcon_core.package_identification:_identify(devel) by extensions ['python_setup_py']
[10.450s] Level 1:colcon.colcon_core.package_identification:_identify(devel) by extension 'python_setup_py'
[10.451s] Level 1:colcon.colcon_core.package_identification:_identify(install) by extensions ['ignore', 'ignore_ament_install']
[10.451s] Level 1:colcon.colcon_core.package_identification:_identify(install) by extension 'ignore'
[10.451s] Level 1:colcon.colcon_core.package_identification:_identify(install) ignored
[10.452s] Level 1:colcon.colcon_core.package_identification:_identify(log) by extensions ['ignore', 'ignore_ament_install']
[10.453s] Level 1:colcon.colcon_core.package_identification:_identify(log) by extension 'ignore'
[10.453s] Level 1:colcon.colcon_core.package_identification:_identify(log) ignored
[10.453s] Level 1:colcon.colcon_core.package_identification:_identify(logs) by extensions ['ignore', 'ignore_ament_install']
[10.454s] Level 1:colcon.colcon_core.package_identification:_identify(logs) by extension 'ignore'
[10.454s] Level 1:colcon.colcon_core.package_identification:_identify(logs) by extension 'ignore_ament_install'
[10.454s] Level 1:colcon.colcon_core.package_identification:_identify(logs) by extensions ['colcon_pkg']
[10.454s] Level 1:colcon.colcon_core.package_identification:_identify(logs) by extension 'colcon_pkg'
[10.455s] Level 1:colcon.colcon_core.package_identification:_identify(logs) by extensions ['colcon_meta']
[10.455s] Level 1:colcon.colcon_core.package_identification:_identify(logs) by extension 'colcon_meta'
[10.455s] Level 1:colcon.colcon_core.package_identification:_identify(logs) by extensions ['ros']
[10.455s] Level 1:colcon.colcon_core.package_identification:_identify(logs) by extension 'ros'
[10.456s] Level 1:colcon.colcon_core.package_identification:_identify(logs) by extensions ['cmake', 'python']
[10.456s] Level 1:colcon.colcon_core.package_identification:_identify(logs) by extension 'cmake'
[10.456s] Level 1:colcon.colcon_core.package_identification:_identify(logs) by extension 'python'
[10.456s] Level 1:colcon.colcon_core.package_identification:_identify(logs) by extensions ['python_setup_py']
[10.456s] Level 1:colcon.colcon_core.package_identification:_identify(logs) by extension 'python_setup_py'
[10.457s] Level 1:colcon.colcon_core.package_identification:_identify(src) by extensions ['ignore', 'ignore_ament_install']
[10.457s] Level 1:colcon.colcon_core.package_identification:_identify(src) by extension 'ignore'
[10.457s] Level 1:colcon.colcon_core.package_identification:_identify(src) by extension 'ignore_ament_install'
[10.458s] Level 1:colcon.colcon_core.package_identification:_identify(src) by extensions ['colcon_pkg']
[10.458s] Level 1:colcon.colcon_core.package_identification:_identify(src) by extension 'colcon_pkg'
[10.458s] Level 1:colcon.colcon_core.package_identification:_identify(src) by extensions ['colcon_meta']
[10.458s] Level 1:colcon.colcon_core.package_identification:_identify(src) by extension 'colcon_meta'
[10.459s] Level 1:colcon.colcon_core.package_identification:_identify(src) by extensions ['ros']
[10.459s] Level 1:colcon.colcon_core.package_identification:_identify(src) by extension 'ros'
[10.459s] Level 1:colcon.colcon_core.package_identification:_identify(src) by extensions ['cmake', 'python']
[10.459s] Level 1:colcon.colcon_core.package_identification:_identify(src) by extension 'cmake'
[10.459s] Level 1:colcon.colcon_core.package_identification:_identify(src) by extension 'python'
[10.460s] Level 1:colcon.colcon_core.package_identification:_identify(src) by extensions ['python_setup_py']
[10.460s] Level 1:colcon.colcon_core.package_identification:_identify(src) by extension 'python_setup_py'
[10.460s] Level 1:colcon.colcon_core.package_identification:_identify(src/agv_gui) by extensions ['ignore', 'ignore_ament_install']
[10.461s] Level 1:colcon.colcon_core.package_identification:_identify(src/agv_gui) by extension 'ignore'
[10.461s] Level 1:colcon.colcon_core.package_identification:_identify(src/agv_gui) by extension 'ignore_ament_install'
[10.461s] Level 1:colcon.colcon_core.package_identification:_identify(src/agv_gui) by extensions ['colcon_pkg']
[10.461s] Level 1:colcon.colcon_core.package_identification:_identify(src/agv_gui) by extension 'colcon_pkg'
[10.462s] Level 1:colcon.colcon_core.package_identification:_identify(src/agv_gui) by extensions ['colcon_meta']
[10.462s] Level 1:colcon.colcon_core.package_identification:_identify(src/agv_gui) by extension 'colcon_meta'
[10.462s] Level 1:colcon.colcon_core.package_identification:_identify(src/agv_gui) by extensions ['ros']
[10.462s] Level 1:colcon.colcon_core.package_identification:_identify(src/agv_gui) by extension 'ros'
[10.476s] DEBUG:colcon.colcon_core.package_identification:Package 'src/agv_gui' with type 'ros.ament_cmake' and name 'agv_gui'
[10.476s] Level 1:colcon.colcon_core.package_discovery:discover_packages(recursive) using defaults
[10.476s] Level 1:colcon.colcon_core.package_discovery:discover_packages(ignore) discover
[10.476s] Level 1:colcon.colcon_core.package_discovery:discover_packages(ignore) using defaults
[10.476s] Level 1:colcon.colcon_core.package_discovery:discover_packages(path) discover
[10.477s] Level 1:colcon.colcon_core.package_discovery:discover_packages(path) using defaults
[11.360s] Level 1:colcon.colcon_core.package_discovery:discover_packages(prefix_path) check parameters
[11.361s] Level 1:colcon.colcon_core.package_discovery:discover_packages(prefix_path) discover
[11.689s] DEBUG:colcon.colcon_installed_package_information.package_discovery:Found 1 installed packages in /home/colin/agv_gui/install
[11.858s] DEBUG:colcon.colcon_installed_package_information.package_discovery:Found 268 installed packages in /opt/ros/galactic
[11.866s] Level 1:colcon.colcon_core.package_discovery:discover_packages(prefix_path) using defaults
[12.633s] Level 5:colcon.colcon_core.verb:set package 'agv_gui' build argument 'cmake_args' from command line to 'None'
[12.633s] Level 5:colcon.colcon_core.verb:set package 'agv_gui' build argument 'cmake_target' from command line to 'None'
[12.633s] Level 5:colcon.colcon_core.verb:set package 'agv_gui' build argument 'cmake_target_skip_unavailable' from command line to 'False'
[12.633s] Level 5:colcon.colcon_core.verb:set package 'agv_gui' build argument 'cmake_clean_cache' from command line to 'False'
[12.633s] Level 5:colcon.colcon_core.verb:set package 'agv_gui' build argument 'cmake_clean_first' from command line to 'False'
[12.634s] Level 5:colcon.colcon_core.verb:set package 'agv_gui' build argument 'cmake_force_configure' from command line to 'False'
[12.634s] Level 5:colcon.colcon_core.verb:set package 'agv_gui' build argument 'ament_cmake_args' from command line to 'None'
[12.634s] Level 5:colcon.colcon_core.verb:set package 'agv_gui' build argument 'catkin_cmake_args' from command line to 'None'
[12.634s] Level 5:colcon.colcon_core.verb:set package 'agv_gui' build argument 'catkin_skip_building_tests' from command line to 'False'
[12.634s] DEBUG:colcon.colcon_core.verb:Building package 'agv_gui' with the following arguments: {'ament_cmake_args': None, 'build_base': '/home/colin/agv_gui/build/agv_gui', 'catkin_cmake_args': None, 'catkin_skip_building_tests': False, 'cmake_args': None, 'cmake_clean_cache': False, 'cmake_clean_first': False, 'cmake_force_configure': False, 'cmake_target': None, 'cmake_target_skip_unavailable': False, 'install_base': '/home/colin/agv_gui/install/agv_gui', 'merge_install': False, 'path': '/home/colin/agv_gui/src/agv_gui', 'symlink_install': False, 'test_result_base': None}
[12.792s] INFO:colcon.colcon_core.executor:Executing jobs using 'parallel' executor
[12.953s] DEBUG:colcon.colcon_parallel_executor.executor.parallel:run_until_complete
[12.955s] INFO:colcon.colcon_ros.task.ament_cmake.build:Building ROS package in '/home/colin/agv_gui/src/agv_gui' with build type 'ament_cmake'
[12.956s] INFO:colcon.colcon_cmake.task.cmake.build:Building CMake package in '/home/colin/agv_gui/src/agv_gui'
[13.136s] INFO:colcon.colcon_core.plugin_system:Skipping extension 'colcon_core.shell.bat': Not used on non-Windows systems
[13.137s] INFO:colcon.colcon_core.shell:Skip shell extension 'powershell' for command environment: Not usable outside of PowerShell
[13.138s] DEBUG:colcon.colcon_core.shell:Skip shell extension 'dsv' for command environment
[13.720s] DEBUG:colcon.colcon_core.event_handler.log_command:Invoking command in '/home/colin/agv_gui/build/agv_gui': CMAKE_PREFIX_PATH=${CMAKE_PREFIX_PATH}:/opt/ros/galactic /usr/bin/cmake --build /home/colin/agv_gui/build/agv_gui -- -j6 -l6
[28.588s] DEBUG:colcon.colcon_core.event_handler.log_command:Invoked command in '/home/colin/agv_gui/build/agv_gui' returned '2': CMAKE_PREFIX_PATH=${CMAKE_PREFIX_PATH}:/opt/ros/galactic /usr/bin/cmake --build /home/colin/agv_gui/build/agv_gui -- -j6 -l6
[28.973s] Level 1:colcon.colcon_core.environment:create_environment_scripts_only(agv_gui)
[29.157s] Level 1:colcon.colcon_core.environment:checking '/home/colin/agv_gui/install/agv_gui' for CMake module files
[29.160s] Level 1:colcon.colcon_core.environment:checking '/home/colin/agv_gui/install/agv_gui' for CMake config files
[29.162s] Level 1:colcon.colcon_core.shell:create_environment_hook('agv_gui', 'cmake_prefix_path')
[29.332s] INFO:colcon.colcon_core.shell:Creating environment hook '/home/colin/agv_gui/install/agv_gui/share/agv_gui/hook/cmake_prefix_path.ps1'
[29.337s] INFO:colcon.colcon_core.shell:Creating environment descriptor '/home/colin/agv_gui/install/agv_gui/share/agv_gui/hook/cmake_prefix_path.dsv'
[29.339s] INFO:colcon.colcon_core.shell:Creating environment hook '/home/colin/agv_gui/install/agv_gui/share/agv_gui/hook/cmake_prefix_path.sh'
[29.344s] Level 1:colcon.colcon_core.environment:checking '/home/colin/agv_gui/install/agv_gui/lib'
[29.345s] Level 1:colcon.colcon_core.environment:checking '/home/colin/agv_gui/install/agv_gui/bin'
[29.345s] Level 1:colcon.colcon_core.environment:checking '/home/colin/agv_gui/install/agv_gui/lib/pkgconfig/agv_gui.pc'
[29.347s] Level 1:colcon.colcon_core.environment:checking '/home/colin/agv_gui/install/agv_gui/lib/python3.8/site-packages'
[29.347s] Level 1:colcon.colcon_core.environment:checking '/home/colin/agv_gui/install/agv_gui/bin'
[29.515s] INFO:colcon.colcon_core.shell:Creating package script '/home/colin/agv_gui/install/agv_gui/share/agv_gui/package.ps1'
[29.519s] INFO:colcon.colcon_core.shell:Creating package descriptor '/home/colin/agv_gui/install/agv_gui/share/agv_gui/package.dsv'
[29.522s] INFO:colcon.colcon_core.shell:Creating package script '/home/colin/agv_gui/install/agv_gui/share/agv_gui/package.sh'
[29.526s] INFO:colcon.colcon_core.shell:Creating package script '/home/colin/agv_gui/install/agv_gui/share/agv_gui/package.bash'
[29.530s] INFO:colcon.colcon_core.shell:Creating package script '/home/colin/agv_gui/install/agv_gui/share/agv_gui/package.zsh'
[29.534s] Level 1:colcon.colcon_core.environment:create_file_with_runtime_dependencies(/home/colin/agv_gui/install/agv_gui/share/colcon-core/packages/agv_gui)
[29.547s] DEBUG:colcon.colcon_parallel_executor.executor.parallel:closing loop
[29.548s] DEBUG:colcon.colcon_parallel_executor.executor.parallel:loop closed
[29.548s] DEBUG:colcon.colcon_parallel_executor.executor.parallel:run_until_complete finished with '2'
[29.549s] DEBUG:colcon.colcon_core.event_reactor:joining thread
[29.751s] INFO:colcon.colcon_core.plugin_system:Skipping extension 'colcon_notification.desktop_notification.terminal_notifier': Not used on non-Darwin systems
[29.752s] INFO:colcon.colcon_core.plugin_system:Skipping extension 'colcon_notification.desktop_notification.win32': Not used on non-Windows systems
[29.752s] INFO:colcon.colcon_notification.desktop_notification:Sending desktop notification using 'notify2'
[29.846s] DEBUG:colcon.colcon_core.event_reactor:joined thread
[30.024s] INFO:colcon.colcon_core.shell:Creating prefix script '/home/colin/agv_gui/install/local_setup.ps1'
[30.028s] INFO:colcon.colcon_core.shell:Creating prefix util module '/home/colin/agv_gui/install/_local_setup_util_ps1.py'
[30.035s] INFO:colcon.colcon_core.shell:Creating prefix chain script '/home/colin/agv_gui/install/setup.ps1'
[30.210s] INFO:colcon.colcon_core.shell:Creating prefix script '/home/colin/agv_gui/install/local_setup.sh'
[30.213s] INFO:colcon.colcon_core.shell:Creating prefix util module '/home/colin/agv_gui/install/_local_setup_util_sh.py'
[30.215s] INFO:colcon.colcon_core.shell:Creating prefix chain script '/home/colin/agv_gui/install/setup.sh'
[30.382s] INFO:colcon.colcon_core.shell:Creating prefix script '/home/colin/agv_gui/install/local_setup.bash'
[30.385s] INFO:colcon.colcon_core.shell:Creating prefix chain script '/home/colin/agv_gui/install/setup.bash'
[30.551s] INFO:colcon.colcon_core.shell:Creating prefix script '/home/colin/agv_gui/install/local_setup.zsh'
[30.553s] INFO:colcon.colcon_core.shell:Creating prefix chain script '/home/colin/agv_gui/install/setup.zsh'
