-- Found ament_cmake: 1.1.6 (/opt/ros/galactic/share/ament_cmake/cmake)
-- Using PYTHON_EXECUTABLE: /usr/bin/python3
-- Found geometry_msgs: 2.2.4 (/opt/ros/galactic/share/geometry_msgs/cmake)
-- Using all available rosidl_typesupport_c: rosidl_typesupport_fastrtps_c;rosidl_typesupport_introspection_c
-- Found rosidl_adapter: 2.2.3 (/opt/ros/galactic/share/rosidl_adapter/cmake)
-- Using all available rosidl_typesupport_cpp: rosidl_typesupport_fastrtps_cpp;rosidl_typesupport_introspection_cpp
-- Found rclcpp: 9.2.2 (/opt/ros/galactic/share/rclcpp/cmake)
-- Found rmw_implementation_cmake: 3.3.1 (/opt/ros/galactic/share/rmw_implementation_cmake/cmake)
-- Found rmw_cyclonedds_cpp: 0.22.6 (/opt/ros/galactic/share/rmw_cyclonedds_cpp/cmake)
-- Using RMW implementation 'rmw_cyclonedds_cpp' as default
-- Found rclcpp_components: 9.2.2 (/opt/ros/galactic/share/rclcpp_components/cmake)
-- Found rviz_common: 8.5.2 (/opt/ros/galactic/share/rviz_common/cmake)
-- Setting OGRE_DIR to: '/opt/ros/galactic/share/rviz_ogre_vendor/cmake/../../../opt/rviz_ogre_vendor/lib/OGRE/cmake'
-- Found OGRE
--   static     : OFF
--   components : HLMS;MeshLodGenerator;Overlay;Paging;Property;RTShaderSystem;Terrain;Volume
--   plugins    : Plugin_BSPSceneManager;Plugin_OctreeSceneManager;Plugin_PCZSceneManager;Plugin_ParticleFX;RenderSystem_GL;RenderSystem_GL3Plus;Codec_STBI
--   media      : /opt/ros/galactic/opt/rviz_ogre_vendor/share/OGRE/Media
-- OGRE_LIBRARIES: OgreHLMS;OgreMeshLodGenerator;OgreOverlay;OgrePaging;OgreProperty;OgreRTShaderSystem;OgreTerrain;OgreVolume;OgreMain
-- OGRE_LIBRARY_DIRS: /opt/ros/galactic/opt/rviz_ogre_vendor/lib
-- OGRE_PLUGINS: Plugin_BSPSceneManager;Plugin_OctreeSceneManager;Plugin_PCZSceneManager;Plugin_ParticleFX;RenderSystem_GL;RenderSystem_GL3Plus;Codec_STBI
-- OGRE_PLUGIN_DIR: /opt/ros/galactic/opt/rviz_ogre_vendor/lib/OGRE
-- rviz_ogre_vendor::OgreOverlay for IMPORTED_LOCATION_RELEASE: /opt/ros/galactic/opt/rviz_ogre_vendor/lib/libOgreOverlay.so
-- rviz_ogre_vendor::OgreOverlay for IMPORTED_LOCATION_DEBUG: /opt/ros/galactic/opt/rviz_ogre_vendor/lib/libOgreOverlay.so
-- rviz_ogre_vendor::OgreMain for IMPORTED_LOCATION_RELEASE: /opt/ros/galactic/opt/rviz_ogre_vendor/lib/libOgreMain.so
-- rviz_ogre_vendor::OgreMain for IMPORTED_LOCATION_DEBUG: /opt/ros/galactic/opt/rviz_ogre_vendor/lib/libOgreMain.so
-- Could not find freeimage library
-- rviz_ogre_vendor::RenderSystem_GL for IMPORTED_LOCATION_RELEASE: _render_system_gl_static_library_abs-NOTFOUND
-- rviz_ogre_vendor::RenderSystem_GL for IMPORTED_LOCATION_DEBUG: _render_system_gl_static_library_abs-NOTFOUND
-- library: libassimp.so.5
-- library: /usr/lib/aarch64-linux-gnu/libcurl.so
-- Setting yaml-cpp_DIR to: '/opt/ros/galactic/share/yaml_cpp_vendor/cmake/../../../opt/yaml_cpp_vendor/lib/cmake/yaml-cpp'
-- Found rviz_default_plugins: 8.5.2 (/opt/ros/galactic/share/rviz_default_plugins/cmake)
-- Found std_srvs: 2.2.4 (/opt/ros/galactic/share/std_srvs/cmake)
-- Found tf2_eigen: 0.17.5 (/opt/ros/galactic/share/tf2_eigen/cmake)
CUDA is available
-- Configuring done
-- Generating done
-- Build files have been written to: /home/colin/agv_gui/build/agv_gui
[  5%] [34m[1mAutomatic MOC and UIC for target agv_gui[0m
AutoMoc warning
---------------
"SRC:/src/battery_node_1.cpp"
includes the moc file "battery_node_1.moc", but does not contain a Q_OBJECT, Q_GADGET or Q_NAMESPACE macro.

AutoMoc warning
---------------
"SRC:/src/battery_node_2.cpp"
includes the moc file "battery_node_2.moc", but does not contain a Q_OBJECT, Q_GADGET or Q_NAMESPACE macro.

AutoMoc warning
---------------
"SRC:/src/battery_node_3.cpp"
includes the moc file "battery_node_3.moc", but does not contain a Q_OBJECT, Q_GADGET or Q_NAMESPACE macro.

AutoMoc warning
---------------
"SRC:/src/battery_node_4.cpp"
includes the moc file "battery_node_4.moc", but does not contain a Q_OBJECT, Q_GADGET or Q_NAMESPACE macro.

AutoMoc warning
---------------
"SRC:/src/charge_node.cpp"
includes the moc file "charge_node.moc", but does not contain a Q_OBJECT, Q_GADGET or Q_NAMESPACE macro.

AutoMoc: /home/colin/agv_gui/src/agv_gui/src/battery_node_1.cpp:0: Note: No relevant classes found. No output generated.
AutoMoc: /home/colin/agv_gui/src/agv_gui/src/battery_node_2.cpp:0: Note: No relevant classes found. No output generated.
AutoMoc: /home/colin/agv_gui/src/agv_gui/src/battery_node_3.cpp:0: Note: No relevant classes found. No output generated.
AutoMoc: /home/colin/agv_gui/src/agv_gui/src/battery_node_4.cpp:0: Note: No relevant classes found. No output generated.
AutoMoc: /home/colin/agv_gui/src/agv_gui/src/charge_node.cpp:0: Note: No relevant classes found. No output generated.
[  5%] Built target agv_gui_autogen
[35m[1mScanning dependencies of target agv_gui[0m
[ 10%] [32mBuilding CXX object CMakeFiles/agv_gui.dir/agv_gui_autogen/mocs_compilation.cpp.o[0m
[ 15%] [32mBuilding CXX object CMakeFiles/agv_gui.dir/src/battery_node_1.cpp.o[0m
[ 21%] [32mBuilding CXX object CMakeFiles/agv_gui.dir/src/charge_node.cpp.o[0m
[ 26%] [32mBuilding CXX object CMakeFiles/agv_gui.dir/src/battery_node_2.cpp.o[0m
[ 31%] [32mBuilding CXX object CMakeFiles/agv_gui.dir/src/battery_node_3.cpp.o[0m
[ 36%] [32mBuilding CXX object CMakeFiles/agv_gui.dir/src/battery_node_4.cpp.o[0m
[ 42%] [32mBuilding CXX object CMakeFiles/agv_gui.dir/src/main_gui.cpp.o[0m
[ 47%] [32mBuilding CXX object CMakeFiles/agv_gui.dir/include/moc_charge_node.cpp.o[0m
[ 52%] [32mBuilding CXX object CMakeFiles/agv_gui.dir/include/moc_battery_node_1.cpp.o[0m
[ 57%] [32mBuilding CXX object CMakeFiles/agv_gui.dir/include/moc_battery_node_2.cpp.o[0m
[ 63%] [32mBuilding CXX object CMakeFiles/agv_gui.dir/include/moc_battery_node_3.cpp.o[0m
[ 68%] [32mBuilding CXX object CMakeFiles/agv_gui.dir/include/moc_battery_node_4.cpp.o[0m
[ 73%] [32m[1mLinking CXX executable agv_gui[0m
[100%] Built target agv_gui
-- Install configuration: ""
-- Installing: /home/colin/agv_gui/install/agv_gui/lib/agv_gui/agv_gui
-- Set runtime path of "/home/colin/agv_gui/install/agv_gui/lib/agv_gui/agv_gui" to ""
-- Up-to-date: /home/colin/agv_gui/install/agv_gui/share/agv_gui/launch
-- Up-to-date: /home/colin/agv_gui/install/agv_gui/share/agv_gui/launch/gui.launch.py
-- Up-to-date: /home/colin/agv_gui/install/agv_gui/share/ament_index/resource_index/package_run_dependencies/agv_gui
-- Up-to-date: /home/colin/agv_gui/install/agv_gui/share/ament_index/resource_index/parent_prefix_path/agv_gui
-- Up-to-date: /home/colin/agv_gui/install/agv_gui/share/agv_gui/environment/ament_prefix_path.sh
-- Installing: /home/colin/agv_gui/install/agv_gui/share/agv_gui/environment/ament_prefix_path.dsv
-- Up-to-date: /home/colin/agv_gui/install/agv_gui/share/agv_gui/environment/path.sh
-- Installing: /home/colin/agv_gui/install/agv_gui/share/agv_gui/environment/path.dsv
-- Up-to-date: /home/colin/agv_gui/install/agv_gui/share/agv_gui/local_setup.bash
-- Up-to-date: /home/colin/agv_gui/install/agv_gui/share/agv_gui/local_setup.sh
-- Up-to-date: /home/colin/agv_gui/install/agv_gui/share/agv_gui/local_setup.zsh
-- Installing: /home/colin/agv_gui/install/agv_gui/share/agv_gui/local_setup.dsv
-- Installing: /home/colin/agv_gui/install/agv_gui/share/agv_gui/package.dsv
-- Up-to-date: /home/colin/agv_gui/install/agv_gui/share/ament_index/resource_index/packages/agv_gui
-- Up-to-date: /home/colin/agv_gui/install/agv_gui/share/agv_gui/cmake/agv_guiConfig.cmake
-- Up-to-date: /home/colin/agv_gui/install/agv_gui/share/agv_gui/cmake/agv_guiConfig-version.cmake
-- Up-to-date: /home/colin/agv_gui/install/agv_gui/share/agv_gui/package.xml
