[0.578s] Invoking command in '/home/colin/agv_gui/build/agv_gui': CMAKE_PREFIX_PATH=${CMAKE_PREFIX_PATH}:/opt/ros/galactic /usr/bin/cmake --build /home/colin/agv_gui/build/agv_gui -- -j4 -l4
[0.746s] -- Found ament_cmake: 1.1.6 (/opt/ros/galactic/share/ament_cmake/cmake)
[0.846s] -- Using PYTHON_EXECUTABLE: /usr/bin/python3
[1.107s] -- Found geometry_msgs: 2.2.4 (/opt/ros/galactic/share/geometry_msgs/cmake)
[1.193s] -- Using all available rosidl_typesupport_c: rosidl_typesupport_fastrtps_c;rosidl_typesupport_introspection_c
[1.208s] -- Found rosidl_adapter: 2.2.3 (/opt/ros/galactic/share/rosidl_adapter/cmake)
[1.657s] -- Using all available rosidl_typesupport_cpp: rosidl_typesupport_fastrtps_cpp;rosidl_typesupport_introspection_cpp
[1.950s] -- Found rclcpp: 9.2.2 (/opt/ros/galactic/share/rclcpp/cmake)
[2.098s] -- Found rmw_implementation_cmake: 3.3.1 (/opt/ros/galactic/share/rmw_implementation_cmake/cmake)
[2.104s] -- Found rmw_cyclonedds_cpp: 0.22.6 (/opt/ros/galactic/share/rmw_cyclonedds_cpp/cmake)
[2.168s] -- Using RMW implementation 'rmw_cyclonedds_cpp' as default
[2.605s] -- Found rclcpp_components: 9.2.2 (/opt/ros/galactic/share/rclcpp_components/cmake)
[2.775s] -- Found rviz_common: 8.5.2 (/opt/ros/galactic/share/rviz_common/cmake)
[2.815s] -- Setting OGRE_DIR to: '/opt/ros/galactic/share/rviz_ogre_vendor/cmake/../../../opt/rviz_ogre_vendor/lib/OGRE/cmake'
[2.825s] -- Found OGRE
[2.825s] --   static     : OFF
[2.826s] --   components : HLMS;MeshLodGenerator;Overlay;Paging;Property;RTShaderSystem;Terrain;Volume
[2.826s] --   plugins    : Plugin_BSPSceneManager;Plugin_OctreeSceneManager;Plugin_PCZSceneManager;Plugin_ParticleFX;RenderSystem_GL;RenderSystem_GL3Plus;Codec_STBI
[2.826s] --   media      : /opt/ros/galactic/opt/rviz_ogre_vendor/share/OGRE/Media
[2.827s] -- OGRE_LIBRARIES: OgreHLMS;OgreMeshLodGenerator;OgreOverlay;OgrePaging;OgreProperty;OgreRTShaderSystem;OgreTerrain;OgreVolume;OgreMain
[2.827s] -- OGRE_LIBRARY_DIRS: /opt/ros/galactic/opt/rviz_ogre_vendor/lib
[2.828s] -- OGRE_PLUGINS: Plugin_BSPSceneManager;Plugin_OctreeSceneManager;Plugin_PCZSceneManager;Plugin_ParticleFX;RenderSystem_GL;RenderSystem_GL3Plus;Codec_STBI
[2.828s] -- OGRE_PLUGIN_DIR: /opt/ros/galactic/opt/rviz_ogre_vendor/lib/OGRE
[2.828s] -- rviz_ogre_vendor::OgreOverlay for IMPORTED_LOCATION_RELEASE: /opt/ros/galactic/opt/rviz_ogre_vendor/lib/libOgreOverlay.so
[2.829s] -- rviz_ogre_vendor::OgreOverlay for IMPORTED_LOCATION_DEBUG: /opt/ros/galactic/opt/rviz_ogre_vendor/lib/libOgreOverlay.so
[2.829s] -- rviz_ogre_vendor::OgreMain for IMPORTED_LOCATION_RELEASE: /opt/ros/galactic/opt/rviz_ogre_vendor/lib/libOgreMain.so
[2.829s] -- rviz_ogre_vendor::OgreMain for IMPORTED_LOCATION_DEBUG: /opt/ros/galactic/opt/rviz_ogre_vendor/lib/libOgreMain.so
[2.832s] -- Could not find freeimage library
[2.968s] -- rviz_ogre_vendor::RenderSystem_GL for IMPORTED_LOCATION_RELEASE: _render_system_gl_static_library_abs-NOTFOUND
[2.969s] -- rviz_ogre_vendor::RenderSystem_GL for IMPORTED_LOCATION_DEBUG: _render_system_gl_static_library_abs-NOTFOUND
[2.978s] -- library: libassimp.so.5
[3.068s] -- library: /usr/lib/aarch64-linux-gnu/libcurl.so
[4.566s] -- Setting yaml-cpp_DIR to: '/opt/ros/galactic/share/yaml_cpp_vendor/cmake/../../../opt/yaml_cpp_vendor/lib/cmake/yaml-cpp'
[4.577s] -- Found rviz_default_plugins: 8.5.2 (/opt/ros/galactic/share/rviz_default_plugins/cmake)
[5.967s] -- Found std_srvs: 2.2.4 (/opt/ros/galactic/share/std_srvs/cmake)
[6.016s] -- Found tf2_eigen: 0.17.5 (/opt/ros/galactic/share/tf2_eigen/cmake)
[6.064s] CUDA is available
[6.336s] -- Configuring done
[6.546s] -- Generating done
[6.557s] -- Build files have been written to: /home/colin/agv_gui/build/agv_gui
[6.722s] [  5%] [34m[1mAutomatic MOC and UIC for target agv_gui[0m
[6.807s] AutoMoc warning
[6.808s] ---------------
[6.808s] "SRC:/src/battery_node_1.cpp"
[6.809s] includes the moc file "battery_node_1.moc", but does not contain a Q_OBJECT, Q_GADGET or Q_NAMESPACE macro.
[6.809s] 
[6.810s] AutoMoc warning
[6.810s] ---------------
[6.810s] "SRC:/src/battery_node_2.cpp"
[6.811s] includes the moc file "battery_node_2.moc", but does not contain a Q_OBJECT, Q_GADGET or Q_NAMESPACE macro.
[6.811s] 
[6.811s] AutoMoc warning
[6.812s] ---------------
[6.812s] "SRC:/src/battery_node_3.cpp"
[6.812s] includes the moc file "battery_node_3.moc", but does not contain a Q_OBJECT, Q_GADGET or Q_NAMESPACE macro.
[6.813s] 
[6.813s] AutoMoc warning
[6.813s] ---------------
[6.814s] "SRC:/src/battery_node_4.cpp"
[6.814s] includes the moc file "battery_node_4.moc", but does not contain a Q_OBJECT, Q_GADGET or Q_NAMESPACE macro.
[6.814s] 
[6.815s] AutoMoc warning
[6.815s] ---------------
[6.815s] "SRC:/src/charge_node.cpp"
[6.816s] includes the moc file "charge_node.moc", but does not contain a Q_OBJECT, Q_GADGET or Q_NAMESPACE macro.
[6.816s] 
[7.486s] AutoMoc: /home/colin/agv_gui/src/agv_gui/src/battery_node_1.cpp:0: Note: No relevant classes found. No output generated.
[8.035s] AutoMoc: /home/colin/agv_gui/src/agv_gui/src/battery_node_2.cpp:0: Note: No relevant classes found. No output generated.
[8.578s] AutoMoc: /home/colin/agv_gui/src/agv_gui/src/battery_node_3.cpp:0: Note: No relevant classes found. No output generated.
[9.125s] AutoMoc: /home/colin/agv_gui/src/agv_gui/src/battery_node_4.cpp:0: Note: No relevant classes found. No output generated.
[9.674s] AutoMoc: /home/colin/agv_gui/src/agv_gui/src/charge_node.cpp:0: Note: No relevant classes found. No output generated.
[10.267s] [  5%] Built target agv_gui_autogen
[10.344s] [35m[1mScanning dependencies of target agv_gui[0m
[10.891s] [ 10%] [32mBuilding CXX object CMakeFiles/agv_gui.dir/agv_gui_autogen/mocs_compilation.cpp.o[0m
[10.922s] [ 15%] [32mBuilding CXX object CMakeFiles/agv_gui.dir/src/battery_node_1.cpp.o[0m
[10.924s] [ 21%] [32mBuilding CXX object CMakeFiles/agv_gui.dir/src/charge_node.cpp.o[0m
[10.932s] [ 26%] [32mBuilding CXX object CMakeFiles/agv_gui.dir/src/battery_node_2.cpp.o[0m
[11.028s] [ 31%] [32mBuilding CXX object CMakeFiles/agv_gui.dir/src/battery_node_3.cpp.o[0m
[44.290s] [ 36%] [32mBuilding CXX object CMakeFiles/agv_gui.dir/src/battery_node_4.cpp.o[0m
[45.165s] [ 42%] [32mBuilding CXX object CMakeFiles/agv_gui.dir/src/main_gui.cpp.o[0m
[46.700s] [ 47%] [32mBuilding CXX object CMakeFiles/agv_gui.dir/include/moc_charge_node.cpp.o[0m
[47.284s] [ 52%] [32mBuilding CXX object CMakeFiles/agv_gui.dir/include/moc_battery_node_1.cpp.o[0m
[60.260s] [ 57%] [32mBuilding CXX object CMakeFiles/agv_gui.dir/include/moc_battery_node_2.cpp.o[0m
[60.807s] [ 63%] [32mBuilding CXX object CMakeFiles/agv_gui.dir/include/moc_battery_node_3.cpp.o[0m
[60.908s] [ 68%] [32mBuilding CXX object CMakeFiles/agv_gui.dir/include/moc_battery_node_4.cpp.o[0m
[75.965s] [ 73%] [32m[1mLinking CXX executable agv_gui[0m
[82.334s] [100%] Built target agv_gui
[82.387s] Invoked command in '/home/colin/agv_gui/build/agv_gui' returned '0': CMAKE_PREFIX_PATH=${CMAKE_PREFIX_PATH}:/opt/ros/galactic /usr/bin/cmake --build /home/colin/agv_gui/build/agv_gui -- -j4 -l4
[82.666s] Invoking command in '/home/colin/agv_gui/build/agv_gui': CMAKE_PREFIX_PATH=${CMAKE_PREFIX_PATH}:/opt/ros/galactic /usr/bin/cmake --install /home/colin/agv_gui/build/agv_gui
[82.699s] -- Install configuration: ""
[82.703s] -- Installing: /home/colin/agv_gui/install/agv_gui/lib/agv_gui/agv_gui
[82.734s] -- Set runtime path of "/home/colin/agv_gui/install/agv_gui/lib/agv_gui/agv_gui" to ""
[82.735s] -- Up-to-date: /home/colin/agv_gui/install/agv_gui/share/agv_gui/launch
[82.735s] -- Up-to-date: /home/colin/agv_gui/install/agv_gui/share/agv_gui/launch/gui.launch.py
[82.736s] -- Up-to-date: /home/colin/agv_gui/install/agv_gui/share/ament_index/resource_index/package_run_dependencies/agv_gui
[82.737s] -- Up-to-date: /home/colin/agv_gui/install/agv_gui/share/ament_index/resource_index/parent_prefix_path/agv_gui
[82.737s] -- Up-to-date: /home/colin/agv_gui/install/agv_gui/share/agv_gui/environment/ament_prefix_path.sh
[82.737s] -- Installing: /home/colin/agv_gui/install/agv_gui/share/agv_gui/environment/ament_prefix_path.dsv
[82.738s] -- Up-to-date: /home/colin/agv_gui/install/agv_gui/share/agv_gui/environment/path.sh
[82.738s] -- Installing: /home/colin/agv_gui/install/agv_gui/share/agv_gui/environment/path.dsv
[82.739s] -- Up-to-date: /home/colin/agv_gui/install/agv_gui/share/agv_gui/local_setup.bash
[82.740s] -- Up-to-date: /home/colin/agv_gui/install/agv_gui/share/agv_gui/local_setup.sh
[82.740s] -- Up-to-date: /home/colin/agv_gui/install/agv_gui/share/agv_gui/local_setup.zsh
[82.741s] -- Installing: /home/colin/agv_gui/install/agv_gui/share/agv_gui/local_setup.dsv
[82.741s] -- Installing: /home/colin/agv_gui/install/agv_gui/share/agv_gui/package.dsv
[82.742s] -- Up-to-date: /home/colin/agv_gui/install/agv_gui/share/ament_index/resource_index/packages/agv_gui
[82.743s] -- Up-to-date: /home/colin/agv_gui/install/agv_gui/share/agv_gui/cmake/agv_guiConfig.cmake
[82.743s] -- Up-to-date: /home/colin/agv_gui/install/agv_gui/share/agv_gui/cmake/agv_guiConfig-version.cmake
[82.744s] -- Up-to-date: /home/colin/agv_gui/install/agv_gui/share/agv_gui/package.xml
[82.754s] Invoked command in '/home/colin/agv_gui/build/agv_gui' returned '0': CMAKE_PREFIX_PATH=${CMAKE_PREFIX_PATH}:/opt/ros/galactic /usr/bin/cmake --install /home/colin/agv_gui/build/agv_gui
