[11.073s] DEBUG:colcon:Command line arguments: ['/usr/bin/colcon', 'build']
[11.073s] DEBUG:colcon:Parsed command line arguments: Namespace(allow_overriding=[], ament_cmake_args=None, base_paths=['.'], build_base='build', catkin_cmake_args=None, catkin_skip_building_tests=False, cmake_args=None, cmake_clean_cache=False, cmake_clean_first=False, cmake_force_configure=False, cmake_target=None, cmake_target_skip_unavailable=False, continue_on_error=False, event_handlers=None, executor='parallel', ignore_user_meta=False, install_base='install', log_base=None, log_level=None, main=<bound method BuildVerb.main of <colcon_core.verb.build.BuildVerb object at 0xffff8b437910>>, merge_install=False, metas=['./colcon.meta'], packages_above=None, packages_above_and_dependencies=None, packages_above_depth=None, packages_end=None, packages_ignore=None, packages_ignore_regex=None, packages_select=None, packages_select_build_failed=False, packages_select_by_dep=None, packages_select_regex=None, packages_select_test_failures=False, packages_skip=None, packages_skip_build_finished=False, packages_skip_by_dep=None, packages_skip_regex=None, packages_skip_test_passed=False, packages_skip_up_to=None, packages_start=None, packages_up_to=None, packages_up_to_regex=None, parallel_workers=6, paths=None, symlink_install=False, test_result_base=None, verb_extension=<colcon_core.verb.build.BuildVerb object at 0xffff8b437910>, verb_name='build', verb_parser=<colcon_defaults.argument_parser.defaults.DefaultArgumentsDecorator object at 0xffff8b437550>)
[11.570s] Level 1:colcon.colcon_core.package_discovery:discover_packages(colcon_meta) check parameters
[11.570s] Level 1:colcon.colcon_core.package_discovery:discover_packages(recursive) check parameters
[11.571s] Level 1:colcon.colcon_core.package_discovery:discover_packages(ignore) check parameters
[11.571s] Level 1:colcon.colcon_core.package_discovery:discover_packages(path) check parameters
[11.571s] Level 1:colcon.colcon_core.package_discovery:discover_packages(colcon_meta) discover
[11.572s] Level 1:colcon.colcon_core.package_discovery:discover_packages(recursive) discover
[11.572s] INFO:colcon.colcon_core.package_discovery:Crawling recursively for packages in '/home/colin/agv_gui/amr_v4_qt'
[11.573s] Level 1:colcon.colcon_core.package_identification:_identify(.) by extensions ['ignore', 'ignore_ament_install']
[11.573s] Level 1:colcon.colcon_core.package_identification:_identify(.) by extension 'ignore'
[11.573s] Level 1:colcon.colcon_core.package_identification:_identify(.) by extension 'ignore_ament_install'
[11.574s] Level 1:colcon.colcon_core.package_identification:_identify(.) by extensions ['colcon_pkg']
[11.574s] Level 1:colcon.colcon_core.package_identification:_identify(.) by extension 'colcon_pkg'
[11.574s] Level 1:colcon.colcon_core.package_identification:_identify(.) by extensions ['colcon_meta']
[11.574s] Level 1:colcon.colcon_core.package_identification:_identify(.) by extension 'colcon_meta'
[11.575s] Level 1:colcon.colcon_core.package_identification:_identify(.) by extensions ['ros']
[11.575s] Level 1:colcon.colcon_core.package_identification:_identify(.) by extension 'ros'
[11.655s] DEBUG:colcon.colcon_core.package_identification:Package '.' with type 'ros.ament_cmake' and name 'amr_v4_qt'
[11.655s] Level 1:colcon.colcon_core.package_discovery:discover_packages(recursive) using defaults
[11.656s] Level 1:colcon.colcon_core.package_discovery:discover_packages(ignore) discover
[11.656s] Level 1:colcon.colcon_core.package_discovery:discover_packages(ignore) using defaults
[11.656s] Level 1:colcon.colcon_core.package_discovery:discover_packages(path) discover
[11.656s] Level 1:colcon.colcon_core.package_discovery:discover_packages(path) using defaults
[12.711s] Level 1:colcon.colcon_core.package_discovery:discover_packages(prefix_path) check parameters
[12.712s] Level 1:colcon.colcon_core.package_discovery:discover_packages(prefix_path) discover
[13.104s] DEBUG:colcon.colcon_installed_package_information.package_discovery:Found 268 installed packages in /opt/ros/galactic
[13.113s] Level 1:colcon.colcon_core.package_discovery:discover_packages(prefix_path) using defaults
[13.928s] Level 5:colcon.colcon_core.verb:set package 'amr_v4_qt' build argument 'cmake_args' from command line to 'None'
[13.929s] Level 5:colcon.colcon_core.verb:set package 'amr_v4_qt' build argument 'cmake_target' from command line to 'None'
[13.929s] Level 5:colcon.colcon_core.verb:set package 'amr_v4_qt' build argument 'cmake_target_skip_unavailable' from command line to 'False'
[13.929s] Level 5:colcon.colcon_core.verb:set package 'amr_v4_qt' build argument 'cmake_clean_cache' from command line to 'False'
[13.929s] Level 5:colcon.colcon_core.verb:set package 'amr_v4_qt' build argument 'cmake_clean_first' from command line to 'False'
[13.930s] Level 5:colcon.colcon_core.verb:set package 'amr_v4_qt' build argument 'cmake_force_configure' from command line to 'False'
[13.930s] Level 5:colcon.colcon_core.verb:set package 'amr_v4_qt' build argument 'ament_cmake_args' from command line to 'None'
[13.930s] Level 5:colcon.colcon_core.verb:set package 'amr_v4_qt' build argument 'catkin_cmake_args' from command line to 'None'
[13.930s] Level 5:colcon.colcon_core.verb:set package 'amr_v4_qt' build argument 'catkin_skip_building_tests' from command line to 'False'
[13.931s] DEBUG:colcon.colcon_core.verb:Building package 'amr_v4_qt' with the following arguments: {'ament_cmake_args': None, 'build_base': '/home/colin/agv_gui/amr_v4_qt/build/amr_v4_qt', 'catkin_cmake_args': None, 'catkin_skip_building_tests': False, 'cmake_args': None, 'cmake_clean_cache': False, 'cmake_clean_first': False, 'cmake_force_configure': False, 'cmake_target': None, 'cmake_target_skip_unavailable': False, 'install_base': '/home/colin/agv_gui/amr_v4_qt/install/amr_v4_qt', 'merge_install': False, 'path': '/home/colin/agv_gui/amr_v4_qt', 'symlink_install': False, 'test_result_base': None}
[14.144s] INFO:colcon.colcon_core.executor:Executing jobs using 'parallel' executor
[14.321s] DEBUG:colcon.colcon_parallel_executor.executor.parallel:run_until_complete
[14.322s] INFO:colcon.colcon_ros.task.ament_cmake.build:Building ROS package in '/home/colin/agv_gui/amr_v4_qt' with build type 'ament_cmake'
[14.323s] INFO:colcon.colcon_cmake.task.cmake.build:Building CMake package in '/home/colin/agv_gui/amr_v4_qt'
[14.529s] INFO:colcon.colcon_core.plugin_system:Skipping extension 'colcon_core.shell.bat': Not used on non-Windows systems
[14.530s] INFO:colcon.colcon_core.shell:Skip shell extension 'powershell' for command environment: Not usable outside of PowerShell
[14.530s] DEBUG:colcon.colcon_core.shell:Skip shell extension 'dsv' for command environment
[14.968s] DEBUG:colcon.colcon_core.event_handler.log_command:Invoking command in '/home/colin/agv_gui/amr_v4_qt/build/amr_v4_qt': CMAKE_PREFIX_PATH=/opt/ros/galactic /usr/bin/cmake /home/colin/agv_gui/amr_v4_qt -DCMAKE_INSTALL_PREFIX=/home/colin/agv_gui/amr_v4_qt/install/amr_v4_qt
[32.281s] DEBUG:colcon.colcon_core.event_handler.log_command:Invoked command in '/home/colin/agv_gui/amr_v4_qt/build/amr_v4_qt' returned '1': CMAKE_PREFIX_PATH=/opt/ros/galactic /usr/bin/cmake /home/colin/agv_gui/amr_v4_qt -DCMAKE_INSTALL_PREFIX=/home/colin/agv_gui/amr_v4_qt/install/amr_v4_qt
[32.366s] Level 1:colcon.colcon_core.environment:create_environment_scripts_only(amr_v4_qt)
[32.582s] Level 1:colcon.colcon_core.environment:checking '/home/colin/agv_gui/amr_v4_qt/install/amr_v4_qt' for CMake module files
[32.585s] Level 1:colcon.colcon_core.environment:checking '/home/colin/agv_gui/amr_v4_qt/install/amr_v4_qt' for CMake config files
[32.587s] Level 1:colcon.colcon_core.environment:checking '/home/colin/agv_gui/amr_v4_qt/install/amr_v4_qt/bin'
[32.588s] Level 1:colcon.colcon_core.environment:checking '/home/colin/agv_gui/amr_v4_qt/install/amr_v4_qt/lib/pkgconfig/amr_v4_qt.pc'
[32.589s] Level 1:colcon.colcon_core.environment:checking '/home/colin/agv_gui/amr_v4_qt/install/amr_v4_qt/lib/python3.8/site-packages'
[32.590s] Level 1:colcon.colcon_core.environment:checking '/home/colin/agv_gui/amr_v4_qt/install/amr_v4_qt/bin'
[32.771s] INFO:colcon.colcon_core.shell:Creating package script '/home/colin/agv_gui/amr_v4_qt/install/amr_v4_qt/share/amr_v4_qt/package.ps1'
[32.779s] INFO:colcon.colcon_core.shell:Creating package descriptor '/home/colin/agv_gui/amr_v4_qt/install/amr_v4_qt/share/amr_v4_qt/package.dsv'
[32.781s] INFO:colcon.colcon_core.shell:Creating package script '/home/colin/agv_gui/amr_v4_qt/install/amr_v4_qt/share/amr_v4_qt/package.sh'
[32.785s] INFO:colcon.colcon_core.shell:Creating package script '/home/colin/agv_gui/amr_v4_qt/install/amr_v4_qt/share/amr_v4_qt/package.bash'
[32.789s] INFO:colcon.colcon_core.shell:Creating package script '/home/colin/agv_gui/amr_v4_qt/install/amr_v4_qt/share/amr_v4_qt/package.zsh'
[32.793s] Level 1:colcon.colcon_core.environment:create_file_with_runtime_dependencies(/home/colin/agv_gui/amr_v4_qt/install/amr_v4_qt/share/colcon-core/packages/amr_v4_qt)
[32.806s] DEBUG:colcon.colcon_parallel_executor.executor.parallel:closing loop
[32.807s] DEBUG:colcon.colcon_parallel_executor.executor.parallel:loop closed
[32.807s] DEBUG:colcon.colcon_parallel_executor.executor.parallel:run_until_complete finished with '1'
[32.808s] DEBUG:colcon.colcon_core.event_reactor:joining thread
[33.022s] INFO:colcon.colcon_core.plugin_system:Skipping extension 'colcon_notification.desktop_notification.terminal_notifier': Not used on non-Darwin systems
[33.023s] INFO:colcon.colcon_core.plugin_system:Skipping extension 'colcon_notification.desktop_notification.win32': Not used on non-Windows systems
[33.023s] INFO:colcon.colcon_notification.desktop_notification:Sending desktop notification using 'notify2'
[33.138s] DEBUG:colcon.colcon_core.event_reactor:joined thread
[33.345s] INFO:colcon.colcon_core.shell:Creating prefix script '/home/colin/agv_gui/amr_v4_qt/install/local_setup.ps1'
[33.352s] INFO:colcon.colcon_core.shell:Creating prefix util module '/home/colin/agv_gui/amr_v4_qt/install/_local_setup_util_ps1.py'
[33.360s] INFO:colcon.colcon_core.shell:Creating prefix chain script '/home/colin/agv_gui/amr_v4_qt/install/setup.ps1'
[33.547s] INFO:colcon.colcon_core.shell:Creating prefix script '/home/colin/agv_gui/amr_v4_qt/install/local_setup.sh'
[33.550s] INFO:colcon.colcon_core.shell:Creating prefix util module '/home/colin/agv_gui/amr_v4_qt/install/_local_setup_util_sh.py'
[33.552s] INFO:colcon.colcon_core.shell:Creating prefix chain script '/home/colin/agv_gui/amr_v4_qt/install/setup.sh'
[33.744s] INFO:colcon.colcon_core.shell:Creating prefix script '/home/colin/agv_gui/amr_v4_qt/install/local_setup.bash'
[33.747s] INFO:colcon.colcon_core.shell:Creating prefix chain script '/home/colin/agv_gui/amr_v4_qt/install/setup.bash'
[33.947s] INFO:colcon.colcon_core.shell:Creating prefix script '/home/colin/agv_gui/amr_v4_qt/install/local_setup.zsh'
[33.950s] INFO:colcon.colcon_core.shell:Creating prefix chain script '/home/colin/agv_gui/amr_v4_qt/install/setup.zsh'
