[0.954s] Invoking command in '/home/colin/agv_gui/build/agv_gui': CMAKE_PREFIX_PATH=${CMAKE_PREFIX_PATH}:/opt/ros/galactic /usr/bin/cmake --build /home/colin/agv_gui/build/agv_gui -- -j6 -l6
[1.251s] [ 10%] [34m[1mAutomatic MOC and UIC for target agv_gui[0m
[1.303s] AutoMoc warning
[1.304s] ---------------
[1.304s] "SRC:/src/battery_node.cpp"
[1.304s] includes the moc file "battery_node.moc", but does not contain a Q_OBJECT, Q_GADGET or Q_NAMESPACE macro.
[1.305s] 
[1.305s] AutoMoc warning
[1.306s] ---------------
[1.306s] "SRC:/src/charge_node.cpp"
[1.306s] includes the moc file "charge_node.moc", but does not contain a Q_OBJECT, Q_GADGET or Q_NAMESPACE macro.
[1.307s] 
[1.350s] [ 10%] Built target agv_gui_autogen
[1.546s] [ 20%] [32mBuilding CXX object CMakeFiles/agv_gui.dir/src/main_gui.cpp.o[0m
[2.254s] [01m[K/home/colin/agv_gui/src/agv_gui/src/main_gui.cpp:11:10:[m[K [01;31m[Kfatal error: [m[KQNetworkSettingsWireless: No such file or directory
[2.254s]    11 | #include [01;31m[K<QNetworkSettingsWireless>[m[K
[2.255s]       |          [01;31m[K^~~~~~~~~~~~~~~~~~~~~~~~~~[m[K
[2.255s] compilation terminated.
[2.271s] make[2]: *** [CMakeFiles/agv_gui.dir/build.make:110: CMakeFiles/agv_gui.dir/src/main_gui.cpp.o] Error 1
[2.273s] make[1]: *** [CMakeFiles/Makefile2:79: CMakeFiles/agv_gui.dir/all] Error 2
[2.274s] make: *** [Makefile:141: all] Error 2
[2.287s] Invoked command in '/home/colin/agv_gui/build/agv_gui' returned '2': CMAKE_PREFIX_PATH=${CMAKE_PREFIX_PATH}:/opt/ros/galactic /usr/bin/cmake --build /home/colin/agv_gui/build/agv_gui -- -j6 -l6
