[0.599s] Invoking command in '/home/colin/agv_gui/build/agv_gui': CMAKE_PREFIX_PATH=${CMAKE_PREFIX_PATH}:/opt/ros/galactic /usr/bin/cmake --build /home/colin/agv_gui/build/agv_gui -- -j4 -l4
[0.757s] -- Found ament_cmake: 1.1.6 (/opt/ros/galactic/share/ament_cmake/cmake)
[0.852s] -- Using PYTHON_EXECUTABLE: /usr/bin/python3
[1.112s] -- Found geometry_msgs: 2.2.4 (/opt/ros/galactic/share/geometry_msgs/cmake)
[1.216s] -- Using all available rosidl_typesupport_c: rosidl_typesupport_fastrtps_c;rosidl_typesupport_introspection_c
[1.234s] -- Found rosidl_adapter: 2.2.3 (/opt/ros/galactic/share/rosidl_adapter/cmake)
[1.727s] -- Using all available rosidl_typesupport_cpp: rosidl_typesupport_fastrtps_cpp;rosidl_typesupport_introspection_cpp
[2.047s] -- Found rclcpp: 9.2.2 (/opt/ros/galactic/share/rclcpp/cmake)
[2.200s] -- Found rmw_implementation_cmake: 3.3.1 (/opt/ros/galactic/share/rmw_implementation_cmake/cmake)
[2.206s] -- Found rmw_cyclonedds_cpp: 0.22.6 (/opt/ros/galactic/share/rmw_cyclonedds_cpp/cmake)
[2.274s] -- Using RMW implementation 'rmw_cyclonedds_cpp' as default
[2.727s] -- Found rclcpp_components: 9.2.2 (/opt/ros/galactic/share/rclcpp_components/cmake)
[2.893s] -- Found rviz_common: 8.5.2 (/opt/ros/galactic/share/rviz_common/cmake)
[2.931s] -- Setting OGRE_DIR to: '/opt/ros/galactic/share/rviz_ogre_vendor/cmake/../../../opt/rviz_ogre_vendor/lib/OGRE/cmake'
[2.941s] -- Found OGRE
[2.942s] --   static     : OFF
[2.942s] --   components : HLMS;MeshLodGenerator;Overlay;Paging;Property;RTShaderSystem;Terrain;Volume
[2.943s] --   plugins    : Plugin_BSPSceneManager;Plugin_OctreeSceneManager;Plugin_PCZSceneManager;Plugin_ParticleFX;RenderSystem_GL;RenderSystem_GL3Plus;Codec_STBI
[2.943s] --   media      : /opt/ros/galactic/opt/rviz_ogre_vendor/share/OGRE/Media
[2.944s] -- OGRE_LIBRARIES: OgreHLMS;OgreMeshLodGenerator;OgreOverlay;OgrePaging;OgreProperty;OgreRTShaderSystem;OgreTerrain;OgreVolume;OgreMain
[2.944s] -- OGRE_LIBRARY_DIRS: /opt/ros/galactic/opt/rviz_ogre_vendor/lib
[2.945s] -- OGRE_PLUGINS: Plugin_BSPSceneManager;Plugin_OctreeSceneManager;Plugin_PCZSceneManager;Plugin_ParticleFX;RenderSystem_GL;RenderSystem_GL3Plus;Codec_STBI
[2.945s] -- OGRE_PLUGIN_DIR: /opt/ros/galactic/opt/rviz_ogre_vendor/lib/OGRE
[2.945s] -- rviz_ogre_vendor::OgreOverlay for IMPORTED_LOCATION_RELEASE: /opt/ros/galactic/opt/rviz_ogre_vendor/lib/libOgreOverlay.so
[2.945s] -- rviz_ogre_vendor::OgreOverlay for IMPORTED_LOCATION_DEBUG: /opt/ros/galactic/opt/rviz_ogre_vendor/lib/libOgreOverlay.so
[2.946s] -- rviz_ogre_vendor::OgreMain for IMPORTED_LOCATION_RELEASE: /opt/ros/galactic/opt/rviz_ogre_vendor/lib/libOgreMain.so
[2.946s] -- rviz_ogre_vendor::OgreMain for IMPORTED_LOCATION_DEBUG: /opt/ros/galactic/opt/rviz_ogre_vendor/lib/libOgreMain.so
[2.949s] -- Could not find freeimage library
[3.080s] -- rviz_ogre_vendor::RenderSystem_GL for IMPORTED_LOCATION_RELEASE: _render_system_gl_static_library_abs-NOTFOUND
[3.081s] -- rviz_ogre_vendor::RenderSystem_GL for IMPORTED_LOCATION_DEBUG: _render_system_gl_static_library_abs-NOTFOUND
[3.087s] -- library: libassimp.so.5
[3.176s] -- library: /usr/lib/aarch64-linux-gnu/libcurl.so
[4.733s] -- Setting yaml-cpp_DIR to: '/opt/ros/galactic/share/yaml_cpp_vendor/cmake/../../../opt/yaml_cpp_vendor/lib/cmake/yaml-cpp'
[4.744s] -- Found rviz_default_plugins: 8.5.2 (/opt/ros/galactic/share/rviz_default_plugins/cmake)
[6.179s] -- Found std_srvs: 2.2.4 (/opt/ros/galactic/share/std_srvs/cmake)
[6.231s] -- Found tf2_eigen: 0.17.5 (/opt/ros/galactic/share/tf2_eigen/cmake)
[6.281s] CUDA is available
[6.545s] -- Configuring done
[6.617s] -- Generating done
[6.629s] -- Build files have been written to: /home/colin/agv_gui/build/agv_gui
[6.796s] [  5%] [34m[1mAutomatic MOC for target agv_gui[0m
[6.929s] AutoMoc warning
[6.930s] ---------------
[6.930s] "SRC:/src/battery_node_1.cpp"
[6.931s] includes the moc file "battery_node_1.moc", but does not contain a Q_OBJECT, Q_GADGET or Q_NAMESPACE macro.
[6.931s] 
[6.932s] AutoMoc warning
[6.932s] ---------------
[6.933s] "SRC:/src/battery_node_2.cpp"
[6.933s] includes the moc file "battery_node_2.moc", but does not contain a Q_OBJECT, Q_GADGET or Q_NAMESPACE macro.
[6.933s] 
[6.934s] AutoMoc warning
[6.934s] ---------------
[6.934s] "SRC:/src/battery_node_3.cpp"
[6.935s] includes the moc file "battery_node_3.moc", but does not contain a Q_OBJECT, Q_GADGET or Q_NAMESPACE macro.
[6.935s] 
[6.935s] AutoMoc warning
[6.935s] ---------------
[6.936s] "SRC:/src/battery_node_4.cpp"
[6.936s] includes the moc file "battery_node_4.moc", but does not contain a Q_OBJECT, Q_GADGET or Q_NAMESPACE macro.
[6.936s] 
[6.937s] AutoMoc warning
[6.937s] ---------------
[6.937s] "SRC:/src/charge_node.cpp"
[6.938s] includes the moc file "charge_node.moc", but does not contain a Q_OBJECT, Q_GADGET or Q_NAMESPACE macro.
[6.938s] 
[6.944s] AutoMoc: /home/colin/agv_gui/src/agv_gui/src/battery_node_1.cpp:0: Note: No relevant classes found. No output generated.
[6.957s] AutoMoc: /home/colin/agv_gui/src/agv_gui/src/battery_node_2.cpp:0: Note: No relevant classes found. No output generated.
[6.972s] AutoMoc: /home/colin/agv_gui/src/agv_gui/src/battery_node_3.cpp:0: Note: No relevant classes found. No output generated.
[6.986s] AutoMoc: /home/colin/agv_gui/src/agv_gui/src/battery_node_4.cpp:0: Note: No relevant classes found. No output generated.
[7.000s] AutoMoc: /home/colin/agv_gui/src/agv_gui/src/charge_node.cpp:0: Note: No relevant classes found. No output generated.
[7.580s] [  5%] Built target agv_gui_autogen
[7.695s] [35m[1mScanning dependencies of target agv_gui[0m
[7.882s] [ 21%] [32mBuilding CXX object CMakeFiles/agv_gui.dir/src/charge_node.cpp.o[0m
[7.883s] [ 21%] [32mBuilding CXX object CMakeFiles/agv_gui.dir/agv_gui_autogen/mocs_compilation.cpp.o[0m
[7.883s] [ 21%] [32mBuilding CXX object CMakeFiles/agv_gui.dir/src/battery_node_2.cpp.o[0m
[7.886s] [ 26%] [32mBuilding CXX object CMakeFiles/agv_gui.dir/src/battery_node_1.cpp.o[0m
[7.939s] [01m[K/home/colin/agv_gui/src/agv_gui/src/charge_node.cpp:1:10:[m[K [01;31m[Kfatal error: [m[Kinclude/charge_node.hpp: No such file or directory
[7.940s]     1 | #include [01;31m[K"include/charge_node.hpp"[m[K
[7.940s]       |          [01;31m[K^~~~~~~~~~~~~~~~~~~~~~~~~[m[K
[7.941s] [01m[K/home/colin/agv_gui/src/agv_gui/src/battery_node_2.cpp:1:10:[m[K [01;31m[Kfatal error: [m[Kinclude/battery_node_2.hpp: No such file or directory
[7.941s]     1 | #include [01;31m[K"include/battery_node_2.hpp"[m[K
[7.941s]       |          [01;31m[K^~~~~~~~~~~~~~~~~~~~~~~~~~~~[m[K
[7.942s] compilation terminated.
[7.942s] [01m[K/home/colin/agv_gui/src/agv_gui/src/battery_node_1.cpp:1:10:[m[K [01;31m[Kfatal error: [m[Kinclude/battery_node_1.hpp: No such file or directory
[7.942s]     1 | #include [01;31m[K"include/battery_node_1.hpp"[m[K
[7.942s]       |          [01;31m[K^~~~~~~~~~~~~~~~~~~~~~~~~~~~[m[K
[7.943s] compilation terminated.
[7.943s] compilation terminated.
[7.948s] make[2]: *** [CMakeFiles/agv_gui.dir/build.make:96: CMakeFiles/agv_gui.dir/src/charge_node.cpp.o] Error 1
[7.948s] make[2]: *** Waiting for unfinished jobs....
[7.949s] make[2]: *** [CMakeFiles/agv_gui.dir/build.make:109: CMakeFiles/agv_gui.dir/src/battery_node_1.cpp.o] Error 1
[7.949s] make[2]: *** [CMakeFiles/agv_gui.dir/build.make:122: CMakeFiles/agv_gui.dir/src/battery_node_2.cpp.o] Error 1
[8.002s] make[1]: *** [CMakeFiles/Makefile2:79: CMakeFiles/agv_gui.dir/all] Error 2
[8.004s] make: *** [Makefile:141: all] Error 2
[8.013s] Invoked command in '/home/colin/agv_gui/build/agv_gui' returned '2': CMAKE_PREFIX_PATH=${CMAKE_PREFIX_PATH}:/opt/ros/galactic /usr/bin/cmake --build /home/colin/agv_gui/build/agv_gui -- -j4 -l4
