[0.024s] Invoking command in '/home/kidd/projects/agv_gui/build/amr_v4_msgs_srvs': CMAKE_PREFIX_PATH=${CMAKE_PREFIX_PATH}:/opt/ros/galactic /usr/bin/cmake --build /home/kidd/projects/agv_gui/build/amr_v4_msgs_srvs -- -j2 -l2
[0.144s] [  1%] Built target amr_v4_msgs_srvs__cpp
[0.172s] [ 12%] Built target amr_v4_msgs_srvs__rosidl_generator_c
[0.195s] [ 23%] Built target amr_v4_msgs_srvs__rosidl_typesupport_introspection_cpp
[0.241s] [ 34%] Built target amr_v4_msgs_srvs__rosidl_typesupport_cpp
[0.291s] [ 45%] Built target amr_v4_msgs_srvs__rosidl_typesupport_fastrtps_cpp
[0.329s] [ 56%] Built target amr_v4_msgs_srvs__rosidl_typesupport_c
[0.341s] [ 67%] Built target amr_v4_msgs_srvs__rosidl_typesupport_introspection_c
[0.390s] [ 78%] Built target amr_v4_msgs_srvs__rosidl_typesupport_fastrtps_c
[0.424s] [ 78%] Built target amr_v4_msgs_srvs
[0.464s] [ 80%] Built target amr_v4_msgs_srvs__py
[0.503s] [ 89%] Built target amr_v4_msgs_srvs__python
[0.540s] [ 96%] Built target amr_v4_msgs_srvs__rosidl_typesupport_introspection_c__pyext
[0.541s] [ 96%] Built target amr_v4_msgs_srvs__rosidl_typesupport_fastrtps_c__pyext
[0.570s] [100%] Built target amr_v4_msgs_srvs__rosidl_typesupport_c__pyext
[0.586s] Invoked command in '/home/kidd/projects/agv_gui/build/amr_v4_msgs_srvs' returned '0': CMAKE_PREFIX_PATH=${CMAKE_PREFIX_PATH}:/opt/ros/galactic /usr/bin/cmake --build /home/kidd/projects/agv_gui/build/amr_v4_msgs_srvs -- -j2 -l2
[0.698s] Invoking command in '/home/kidd/projects/agv_gui/build/amr_v4_msgs_srvs': CMAKE_PREFIX_PATH=${CMAKE_PREFIX_PATH}:/opt/ros/galactic /usr/bin/cmake --install /home/kidd/projects/agv_gui/build/amr_v4_msgs_srvs
[0.713s] -- Install configuration: ""
[0.713s] -- Up-to-date: /home/kidd/projects/agv_gui/install/amr_v4_msgs_srvs/share/ament_index/resource_index/rosidl_interfaces/amr_v4_msgs_srvs
[0.713s] -- Up-to-date: /home/kidd/projects/agv_gui/install/amr_v4_msgs_srvs/include/amr_v4_msgs_srvs
[0.713s] -- Up-to-date: /home/kidd/projects/agv_gui/install/amr_v4_msgs_srvs/include/amr_v4_msgs_srvs/msg
[0.713s] -- Up-to-date: /home/kidd/projects/agv_gui/install/amr_v4_msgs_srvs/include/amr_v4_msgs_srvs/msg/rosidl_generator_c__visibility_control.h
[0.713s] -- Up-to-date: /home/kidd/projects/agv_gui/install/amr_v4_msgs_srvs/include/amr_v4_msgs_srvs/msg/pin.h
[0.714s] -- Up-to-date: /home/kidd/projects/agv_gui/install/amr_v4_msgs_srvs/include/amr_v4_msgs_srvs/msg/motor.h
[0.714s] -- Up-to-date: /home/kidd/projects/agv_gui/install/amr_v4_msgs_srvs/include/amr_v4_msgs_srvs/msg/detail
[0.714s] -- Up-to-date: /home/kidd/projects/agv_gui/install/amr_v4_msgs_srvs/include/amr_v4_msgs_srvs/msg/detail/motor__struct.h
[0.714s] -- Up-to-date: /home/kidd/projects/agv_gui/install/amr_v4_msgs_srvs/include/amr_v4_msgs_srvs/msg/detail/robot__functions.c
[0.714s] -- Up-to-date: /home/kidd/projects/agv_gui/install/amr_v4_msgs_srvs/include/amr_v4_msgs_srvs/msg/detail/robot__type_support.h
[0.714s] -- Up-to-date: /home/kidd/projects/agv_gui/install/amr_v4_msgs_srvs/include/amr_v4_msgs_srvs/msg/detail/motor__functions.c
[0.714s] -- Up-to-date: /home/kidd/projects/agv_gui/install/amr_v4_msgs_srvs/include/amr_v4_msgs_srvs/msg/detail/pin__functions.c
[0.714s] -- Up-to-date: /home/kidd/projects/agv_gui/install/amr_v4_msgs_srvs/include/amr_v4_msgs_srvs/msg/detail/robot__struct.h
[0.714s] -- Up-to-date: /home/kidd/projects/agv_gui/install/amr_v4_msgs_srvs/include/amr_v4_msgs_srvs/msg/detail/motor__type_support.h
[0.714s] -- Up-to-date: /home/kidd/projects/agv_gui/install/amr_v4_msgs_srvs/include/amr_v4_msgs_srvs/msg/detail/motor__functions.h
[0.714s] -- Up-to-date: /home/kidd/projects/agv_gui/install/amr_v4_msgs_srvs/include/amr_v4_msgs_srvs/msg/detail/pin__struct.h
[0.715s] -- Up-to-date: /home/kidd/projects/agv_gui/install/amr_v4_msgs_srvs/include/amr_v4_msgs_srvs/msg/detail/pin__type_support.h
[0.715s] -- Up-to-date: /home/kidd/projects/agv_gui/install/amr_v4_msgs_srvs/include/amr_v4_msgs_srvs/msg/detail/pin__functions.h
[0.715s] -- Up-to-date: /home/kidd/projects/agv_gui/install/amr_v4_msgs_srvs/include/amr_v4_msgs_srvs/msg/detail/robot__functions.h
[0.715s] -- Up-to-date: /home/kidd/projects/agv_gui/install/amr_v4_msgs_srvs/include/amr_v4_msgs_srvs/msg/robot.h
[0.715s] -- Up-to-date: /home/kidd/projects/agv_gui/install/amr_v4_msgs_srvs/include/amr_v4_msgs_srvs/srv
[0.715s] -- Up-to-date: /home/kidd/projects/agv_gui/install/amr_v4_msgs_srvs/include/amr_v4_msgs_srvs/srv/testserv.h
[0.715s] -- Up-to-date: /home/kidd/projects/agv_gui/install/amr_v4_msgs_srvs/include/amr_v4_msgs_srvs/srv/detail
[0.715s] -- Up-to-date: /home/kidd/projects/agv_gui/install/amr_v4_msgs_srvs/include/amr_v4_msgs_srvs/srv/detail/testserv__struct.h
[0.715s] -- Up-to-date: /home/kidd/projects/agv_gui/install/amr_v4_msgs_srvs/include/amr_v4_msgs_srvs/srv/detail/testserv__functions.h
[0.715s] -- Up-to-date: /home/kidd/projects/agv_gui/install/amr_v4_msgs_srvs/include/amr_v4_msgs_srvs/srv/detail/testserv__functions.c
[0.716s] -- Up-to-date: /home/kidd/projects/agv_gui/install/amr_v4_msgs_srvs/include/amr_v4_msgs_srvs/srv/detail/testserv__type_support.h
[0.716s] -- Up-to-date: /home/kidd/projects/agv_gui/install/amr_v4_msgs_srvs/share/amr_v4_msgs_srvs/environment/library_path.sh
[0.716s] -- Up-to-date: /home/kidd/projects/agv_gui/install/amr_v4_msgs_srvs/share/amr_v4_msgs_srvs/environment/library_path.dsv
[0.717s] -- Up-to-date: /home/kidd/projects/agv_gui/install/amr_v4_msgs_srvs/lib/libamr_v4_msgs_srvs__rosidl_generator_c.so
[0.718s] -- Up-to-date: /home/kidd/projects/agv_gui/install/amr_v4_msgs_srvs/include/amr_v4_msgs_srvs
[0.718s] -- Up-to-date: /home/kidd/projects/agv_gui/install/amr_v4_msgs_srvs/include/amr_v4_msgs_srvs/msg
[0.718s] -- Up-to-date: /home/kidd/projects/agv_gui/install/amr_v4_msgs_srvs/include/amr_v4_msgs_srvs/msg/detail
[0.718s] -- Up-to-date: /home/kidd/projects/agv_gui/install/amr_v4_msgs_srvs/include/amr_v4_msgs_srvs/msg/detail/robot__rosidl_typesupport_fastrtps_c.h
[0.719s] -- Up-to-date: /home/kidd/projects/agv_gui/install/amr_v4_msgs_srvs/include/amr_v4_msgs_srvs/msg/detail/motor__rosidl_typesupport_fastrtps_c.h
[0.719s] -- Up-to-date: /home/kidd/projects/agv_gui/install/amr_v4_msgs_srvs/include/amr_v4_msgs_srvs/msg/detail/pin__rosidl_typesupport_fastrtps_c.h
[0.719s] -- Up-to-date: /home/kidd/projects/agv_gui/install/amr_v4_msgs_srvs/include/amr_v4_msgs_srvs/msg/rosidl_typesupport_fastrtps_c__visibility_control.h
[0.719s] -- Up-to-date: /home/kidd/projects/agv_gui/install/amr_v4_msgs_srvs/include/amr_v4_msgs_srvs/srv
[0.719s] -- Up-to-date: /home/kidd/projects/agv_gui/install/amr_v4_msgs_srvs/include/amr_v4_msgs_srvs/srv/detail
[0.720s] -- Up-to-date: /home/kidd/projects/agv_gui/install/amr_v4_msgs_srvs/include/amr_v4_msgs_srvs/srv/detail/testserv__rosidl_typesupport_fastrtps_c.h
[0.721s] -- Up-to-date: /home/kidd/projects/agv_gui/install/amr_v4_msgs_srvs/lib/libamr_v4_msgs_srvs__rosidl_typesupport_fastrtps_c.so
[0.722s] -- Up-to-date: /home/kidd/projects/agv_gui/install/amr_v4_msgs_srvs/include/amr_v4_msgs_srvs
[0.722s] -- Up-to-date: /home/kidd/projects/agv_gui/install/amr_v4_msgs_srvs/include/amr_v4_msgs_srvs/msg
[0.722s] -- Up-to-date: /home/kidd/projects/agv_gui/install/amr_v4_msgs_srvs/include/amr_v4_msgs_srvs/msg/rosidl_typesupport_fastrtps_cpp__visibility_control.h
[0.722s] -- Up-to-date: /home/kidd/projects/agv_gui/install/amr_v4_msgs_srvs/include/amr_v4_msgs_srvs/msg/detail
[0.723s] -- Up-to-date: /home/kidd/projects/agv_gui/install/amr_v4_msgs_srvs/include/amr_v4_msgs_srvs/msg/detail/motor__rosidl_typesupport_fastrtps_cpp.hpp
[0.723s] -- Up-to-date: /home/kidd/projects/agv_gui/install/amr_v4_msgs_srvs/include/amr_v4_msgs_srvs/msg/detail/dds_fastrtps
[0.723s] -- Up-to-date: /home/kidd/projects/agv_gui/install/amr_v4_msgs_srvs/include/amr_v4_msgs_srvs/msg/detail/pin__rosidl_typesupport_fastrtps_cpp.hpp
[0.724s] -- Up-to-date: /home/kidd/projects/agv_gui/install/amr_v4_msgs_srvs/include/amr_v4_msgs_srvs/msg/detail/robot__rosidl_typesupport_fastrtps_cpp.hpp
[0.724s] -- Up-to-date: /home/kidd/projects/agv_gui/install/amr_v4_msgs_srvs/include/amr_v4_msgs_srvs/srv
[0.724s] -- Up-to-date: /home/kidd/projects/agv_gui/install/amr_v4_msgs_srvs/include/amr_v4_msgs_srvs/srv/detail
[0.724s] -- Up-to-date: /home/kidd/projects/agv_gui/install/amr_v4_msgs_srvs/include/amr_v4_msgs_srvs/srv/detail/dds_fastrtps
[0.724s] -- Up-to-date: /home/kidd/projects/agv_gui/install/amr_v4_msgs_srvs/include/amr_v4_msgs_srvs/srv/detail/testserv__rosidl_typesupport_fastrtps_cpp.hpp
[0.725s] -- Up-to-date: /home/kidd/projects/agv_gui/install/amr_v4_msgs_srvs/lib/libamr_v4_msgs_srvs__rosidl_typesupport_fastrtps_cpp.so
[0.726s] -- Up-to-date: /home/kidd/projects/agv_gui/install/amr_v4_msgs_srvs/include/amr_v4_msgs_srvs
[0.726s] -- Up-to-date: /home/kidd/projects/agv_gui/install/amr_v4_msgs_srvs/include/amr_v4_msgs_srvs/msg
[0.726s] -- Up-to-date: /home/kidd/projects/agv_gui/install/amr_v4_msgs_srvs/include/amr_v4_msgs_srvs/msg/rosidl_typesupport_introspection_c__visibility_control.h
[0.727s] -- Up-to-date: /home/kidd/projects/agv_gui/install/amr_v4_msgs_srvs/include/amr_v4_msgs_srvs/msg/detail
[0.727s] -- Up-to-date: /home/kidd/projects/agv_gui/install/amr_v4_msgs_srvs/include/amr_v4_msgs_srvs/msg/detail/robot__rosidl_typesupport_introspection_c.h
[0.727s] -- Up-to-date: /home/kidd/projects/agv_gui/install/amr_v4_msgs_srvs/include/amr_v4_msgs_srvs/msg/detail/robot__type_support.c
[0.727s] -- Up-to-date: /home/kidd/projects/agv_gui/install/amr_v4_msgs_srvs/include/amr_v4_msgs_srvs/msg/detail/motor__rosidl_typesupport_introspection_c.h
[0.728s] -- Up-to-date: /home/kidd/projects/agv_gui/install/amr_v4_msgs_srvs/include/amr_v4_msgs_srvs/msg/detail/pin__rosidl_typesupport_introspection_c.h
[0.728s] -- Up-to-date: /home/kidd/projects/agv_gui/install/amr_v4_msgs_srvs/include/amr_v4_msgs_srvs/msg/detail/pin__type_support.c
[0.728s] -- Up-to-date: /home/kidd/projects/agv_gui/install/amr_v4_msgs_srvs/include/amr_v4_msgs_srvs/msg/detail/motor__type_support.c
[0.728s] -- Up-to-date: /home/kidd/projects/agv_gui/install/amr_v4_msgs_srvs/include/amr_v4_msgs_srvs/srv
[0.729s] -- Up-to-date: /home/kidd/projects/agv_gui/install/amr_v4_msgs_srvs/include/amr_v4_msgs_srvs/srv/detail
[0.729s] -- Up-to-date: /home/kidd/projects/agv_gui/install/amr_v4_msgs_srvs/include/amr_v4_msgs_srvs/srv/detail/testserv__rosidl_typesupport_introspection_c.h
[0.729s] -- Up-to-date: /home/kidd/projects/agv_gui/install/amr_v4_msgs_srvs/include/amr_v4_msgs_srvs/srv/detail/testserv__type_support.c
[0.730s] -- Up-to-date: /home/kidd/projects/agv_gui/install/amr_v4_msgs_srvs/lib/libamr_v4_msgs_srvs__rosidl_typesupport_introspection_c.so
[0.731s] -- Up-to-date: /home/kidd/projects/agv_gui/install/amr_v4_msgs_srvs/lib/libamr_v4_msgs_srvs__rosidl_typesupport_c.so
[0.732s] -- Up-to-date: /home/kidd/projects/agv_gui/install/amr_v4_msgs_srvs/include/amr_v4_msgs_srvs
[0.732s] -- Up-to-date: /home/kidd/projects/agv_gui/install/amr_v4_msgs_srvs/include/amr_v4_msgs_srvs/msg
[0.732s] -- Up-to-date: /home/kidd/projects/agv_gui/install/amr_v4_msgs_srvs/include/amr_v4_msgs_srvs/msg/motor.hpp
[0.732s] -- Up-to-date: /home/kidd/projects/agv_gui/install/amr_v4_msgs_srvs/include/amr_v4_msgs_srvs/msg/detail
[0.733s] -- Up-to-date: /home/kidd/projects/agv_gui/install/amr_v4_msgs_srvs/include/amr_v4_msgs_srvs/msg/detail/motor__struct.hpp
[0.733s] -- Up-to-date: /home/kidd/projects/agv_gui/install/amr_v4_msgs_srvs/include/amr_v4_msgs_srvs/msg/detail/motor__builder.hpp
[0.733s] -- Up-to-date: /home/kidd/projects/agv_gui/install/amr_v4_msgs_srvs/include/amr_v4_msgs_srvs/msg/detail/robot__builder.hpp
[0.733s] -- Up-to-date: /home/kidd/projects/agv_gui/install/amr_v4_msgs_srvs/include/amr_v4_msgs_srvs/msg/detail/pin__struct.hpp
[0.733s] -- Up-to-date: /home/kidd/projects/agv_gui/install/amr_v4_msgs_srvs/include/amr_v4_msgs_srvs/msg/detail/motor__traits.hpp
[0.733s] -- Up-to-date: /home/kidd/projects/agv_gui/install/amr_v4_msgs_srvs/include/amr_v4_msgs_srvs/msg/detail/robot__struct.hpp
[0.734s] -- Up-to-date: /home/kidd/projects/agv_gui/install/amr_v4_msgs_srvs/include/amr_v4_msgs_srvs/msg/detail/pin__traits.hpp
[0.734s] -- Up-to-date: /home/kidd/projects/agv_gui/install/amr_v4_msgs_srvs/include/amr_v4_msgs_srvs/msg/detail/robot__traits.hpp
[0.734s] -- Up-to-date: /home/kidd/projects/agv_gui/install/amr_v4_msgs_srvs/include/amr_v4_msgs_srvs/msg/detail/pin__builder.hpp
[0.734s] -- Up-to-date: /home/kidd/projects/agv_gui/install/amr_v4_msgs_srvs/include/amr_v4_msgs_srvs/msg/robot.hpp
[0.734s] -- Up-to-date: /home/kidd/projects/agv_gui/install/amr_v4_msgs_srvs/include/amr_v4_msgs_srvs/msg/pin.hpp
[0.735s] -- Up-to-date: /home/kidd/projects/agv_gui/install/amr_v4_msgs_srvs/include/amr_v4_msgs_srvs/srv
[0.736s] -- Up-to-date: /home/kidd/projects/agv_gui/install/amr_v4_msgs_srvs/include/amr_v4_msgs_srvs/srv/detail
[0.737s] -- Up-to-date: /home/kidd/projects/agv_gui/install/amr_v4_msgs_srvs/include/amr_v4_msgs_srvs/srv/detail/testserv__traits.hpp
[0.738s] -- Up-to-date: /home/kidd/projects/agv_gui/install/amr_v4_msgs_srvs/include/amr_v4_msgs_srvs/srv/detail/testserv__builder.hpp
[0.738s] -- Up-to-date: /home/kidd/projects/agv_gui/install/amr_v4_msgs_srvs/include/amr_v4_msgs_srvs/srv/detail/testserv__struct.hpp
[0.738s] -- Up-to-date: /home/kidd/projects/agv_gui/install/amr_v4_msgs_srvs/include/amr_v4_msgs_srvs/srv/testserv.hpp
[0.738s] -- Up-to-date: /home/kidd/projects/agv_gui/install/amr_v4_msgs_srvs/include/amr_v4_msgs_srvs
[0.739s] -- Up-to-date: /home/kidd/projects/agv_gui/install/amr_v4_msgs_srvs/include/amr_v4_msgs_srvs/msg
[0.739s] -- Up-to-date: /home/kidd/projects/agv_gui/install/amr_v4_msgs_srvs/include/amr_v4_msgs_srvs/msg/detail
[0.739s] -- Up-to-date: /home/kidd/projects/agv_gui/install/amr_v4_msgs_srvs/include/amr_v4_msgs_srvs/msg/detail/robot__type_support.cpp
[0.746s] -- Up-to-date: /home/kidd/projects/agv_gui/install/amr_v4_msgs_srvs/include/amr_v4_msgs_srvs/msg/detail/motor__rosidl_typesupport_introspection_cpp.hpp
[0.747s] -- Up-to-date: /home/kidd/projects/agv_gui/install/amr_v4_msgs_srvs/include/amr_v4_msgs_srvs/msg/detail/motor__type_support.cpp
[0.747s] -- Up-to-date: /home/kidd/projects/agv_gui/install/amr_v4_msgs_srvs/include/amr_v4_msgs_srvs/msg/detail/pin__rosidl_typesupport_introspection_cpp.hpp
[0.747s] -- Up-to-date: /home/kidd/projects/agv_gui/install/amr_v4_msgs_srvs/include/amr_v4_msgs_srvs/msg/detail/robot__rosidl_typesupport_introspection_cpp.hpp
[0.748s] -- Up-to-date: /home/kidd/projects/agv_gui/install/amr_v4_msgs_srvs/include/amr_v4_msgs_srvs/msg/detail/pin__type_support.cpp
[0.748s] -- Up-to-date: /home/kidd/projects/agv_gui/install/amr_v4_msgs_srvs/include/amr_v4_msgs_srvs/srv
[0.748s] -- Up-to-date: /home/kidd/projects/agv_gui/install/amr_v4_msgs_srvs/include/amr_v4_msgs_srvs/srv/detail
[0.748s] -- Up-to-date: /home/kidd/projects/agv_gui/install/amr_v4_msgs_srvs/include/amr_v4_msgs_srvs/srv/detail/testserv__type_support.cpp
[0.748s] -- Up-to-date: /home/kidd/projects/agv_gui/install/amr_v4_msgs_srvs/include/amr_v4_msgs_srvs/srv/detail/testserv__rosidl_typesupport_introspection_cpp.hpp
[0.748s] -- Up-to-date: /home/kidd/projects/agv_gui/install/amr_v4_msgs_srvs/lib/libamr_v4_msgs_srvs__rosidl_typesupport_introspection_cpp.so
[0.748s] -- Up-to-date: /home/kidd/projects/agv_gui/install/amr_v4_msgs_srvs/lib/libamr_v4_msgs_srvs__rosidl_typesupport_cpp.so
[0.748s] -- Up-to-date: /home/kidd/projects/agv_gui/install/amr_v4_msgs_srvs/share/amr_v4_msgs_srvs/environment/pythonpath.sh
[0.748s] -- Up-to-date: /home/kidd/projects/agv_gui/install/amr_v4_msgs_srvs/share/amr_v4_msgs_srvs/environment/pythonpath.dsv
[0.749s] -- Up-to-date: /home/kidd/projects/agv_gui/install/amr_v4_msgs_srvs/lib/python3.8/site-packages/amr_v4_msgs_srvs/__init__.py
[0.787s] -- Up-to-date: /home/kidd/projects/agv_gui/install/amr_v4_msgs_srvs/lib/python3.8/site-packages/amr_v4_msgs_srvs/msg
[0.787s] -- Up-to-date: /home/kidd/projects/agv_gui/install/amr_v4_msgs_srvs/lib/python3.8/site-packages/amr_v4_msgs_srvs/msg/_motor.py
[0.787s] -- Up-to-date: /home/kidd/projects/agv_gui/install/amr_v4_msgs_srvs/lib/python3.8/site-packages/amr_v4_msgs_srvs/msg/_robot_s.c
[0.787s] -- Up-to-date: /home/kidd/projects/agv_gui/install/amr_v4_msgs_srvs/lib/python3.8/site-packages/amr_v4_msgs_srvs/msg/__init__.py
[0.787s] -- Up-to-date: /home/kidd/projects/agv_gui/install/amr_v4_msgs_srvs/lib/python3.8/site-packages/amr_v4_msgs_srvs/msg/_motor_s.c
[0.787s] -- Up-to-date: /home/kidd/projects/agv_gui/install/amr_v4_msgs_srvs/lib/python3.8/site-packages/amr_v4_msgs_srvs/msg/_robot.py
[0.787s] -- Up-to-date: /home/kidd/projects/agv_gui/install/amr_v4_msgs_srvs/lib/python3.8/site-packages/amr_v4_msgs_srvs/msg/_pin.py
[0.788s] -- Up-to-date: /home/kidd/projects/agv_gui/install/amr_v4_msgs_srvs/lib/python3.8/site-packages/amr_v4_msgs_srvs/msg/_pin_s.c
[0.788s] -- Up-to-date: /home/kidd/projects/agv_gui/install/amr_v4_msgs_srvs/lib/python3.8/site-packages/amr_v4_msgs_srvs/srv
[0.788s] -- Up-to-date: /home/kidd/projects/agv_gui/install/amr_v4_msgs_srvs/lib/python3.8/site-packages/amr_v4_msgs_srvs/srv/_testserv.py
[0.788s] -- Up-to-date: /home/kidd/projects/agv_gui/install/amr_v4_msgs_srvs/lib/python3.8/site-packages/amr_v4_msgs_srvs/srv/__init__.py
[0.789s] -- Up-to-date: /home/kidd/projects/agv_gui/install/amr_v4_msgs_srvs/lib/python3.8/site-packages/amr_v4_msgs_srvs/srv/_testserv_s.c
[0.789s] -- Up-to-date: /home/kidd/projects/agv_gui/install/amr_v4_msgs_srvs/lib/python3.8/site-packages/amr_v4_msgs_srvs/amr_v4_msgs_srvs_s__rosidl_typesupport_fastrtps_c.cpython-38-x86_64-linux-gnu.so
[0.790s] -- Up-to-date: /home/kidd/projects/agv_gui/install/amr_v4_msgs_srvs/lib/python3.8/site-packages/amr_v4_msgs_srvs/amr_v4_msgs_srvs_s__rosidl_typesupport_introspection_c.cpython-38-x86_64-linux-gnu.so
[0.791s] -- Up-to-date: /home/kidd/projects/agv_gui/install/amr_v4_msgs_srvs/lib/python3.8/site-packages/amr_v4_msgs_srvs/amr_v4_msgs_srvs_s__rosidl_typesupport_c.cpython-38-x86_64-linux-gnu.so
[0.793s] -- Up-to-date: /home/kidd/projects/agv_gui/install/amr_v4_msgs_srvs/lib/libamr_v4_msgs_srvs__python.so
[0.793s] -- Up-to-date: /home/kidd/projects/agv_gui/install/amr_v4_msgs_srvs/share/amr_v4_msgs_srvs/msg/Motor.idl
[0.793s] -- Up-to-date: /home/kidd/projects/agv_gui/install/amr_v4_msgs_srvs/share/amr_v4_msgs_srvs/msg/Robot.idl
[0.794s] -- Up-to-date: /home/kidd/projects/agv_gui/install/amr_v4_msgs_srvs/share/amr_v4_msgs_srvs/msg/Pin.idl
[0.794s] -- Up-to-date: /home/kidd/projects/agv_gui/install/amr_v4_msgs_srvs/share/amr_v4_msgs_srvs/srv/Testserv.idl
[0.794s] -- Up-to-date: /home/kidd/projects/agv_gui/install/amr_v4_msgs_srvs/share/amr_v4_msgs_srvs/msg/Motor.msg
[0.794s] -- Up-to-date: /home/kidd/projects/agv_gui/install/amr_v4_msgs_srvs/share/amr_v4_msgs_srvs/msg/Robot.msg
[0.795s] -- Up-to-date: /home/kidd/projects/agv_gui/install/amr_v4_msgs_srvs/share/amr_v4_msgs_srvs/msg/Pin.msg
[0.795s] -- Up-to-date: /home/kidd/projects/agv_gui/install/amr_v4_msgs_srvs/share/amr_v4_msgs_srvs/srv/Testserv.srv
[0.795s] -- Up-to-date: /home/kidd/projects/agv_gui/install/amr_v4_msgs_srvs/share/amr_v4_msgs_srvs/srv/Testserv_Request.msg
[0.795s] -- Up-to-date: /home/kidd/projects/agv_gui/install/amr_v4_msgs_srvs/share/amr_v4_msgs_srvs/srv/Testserv_Response.msg
[0.796s] -- Up-to-date: /home/kidd/projects/agv_gui/install/amr_v4_msgs_srvs/share/ament_index/resource_index/package_run_dependencies/amr_v4_msgs_srvs
[0.800s] -- Up-to-date: /home/kidd/projects/agv_gui/install/amr_v4_msgs_srvs/share/ament_index/resource_index/parent_prefix_path/amr_v4_msgs_srvs
[0.800s] -- Up-to-date: /home/kidd/projects/agv_gui/install/amr_v4_msgs_srvs/share/amr_v4_msgs_srvs/environment/ament_prefix_path.sh
[0.800s] -- Up-to-date: /home/kidd/projects/agv_gui/install/amr_v4_msgs_srvs/share/amr_v4_msgs_srvs/environment/ament_prefix_path.dsv
[0.800s] -- Up-to-date: /home/kidd/projects/agv_gui/install/amr_v4_msgs_srvs/share/amr_v4_msgs_srvs/environment/path.sh
[0.800s] -- Up-to-date: /home/kidd/projects/agv_gui/install/amr_v4_msgs_srvs/share/amr_v4_msgs_srvs/environment/path.dsv
[0.800s] -- Up-to-date: /home/kidd/projects/agv_gui/install/amr_v4_msgs_srvs/share/amr_v4_msgs_srvs/local_setup.bash
[0.800s] -- Up-to-date: /home/kidd/projects/agv_gui/install/amr_v4_msgs_srvs/share/amr_v4_msgs_srvs/local_setup.sh
[0.800s] -- Up-to-date: /home/kidd/projects/agv_gui/install/amr_v4_msgs_srvs/share/amr_v4_msgs_srvs/local_setup.zsh
[0.800s] -- Up-to-date: /home/kidd/projects/agv_gui/install/amr_v4_msgs_srvs/share/amr_v4_msgs_srvs/local_setup.dsv
[0.801s] -- Installing: /home/kidd/projects/agv_gui/install/amr_v4_msgs_srvs/share/amr_v4_msgs_srvs/package.dsv
[0.801s] -- Up-to-date: /home/kidd/projects/agv_gui/install/amr_v4_msgs_srvs/share/ament_index/resource_index/packages/amr_v4_msgs_srvs
[0.801s] -- Up-to-date: /home/kidd/projects/agv_gui/install/amr_v4_msgs_srvs/share/amr_v4_msgs_srvs/cmake/amr_v4_msgs_srvs__rosidl_generator_cExport.cmake
[0.801s] -- Up-to-date: /home/kidd/projects/agv_gui/install/amr_v4_msgs_srvs/share/amr_v4_msgs_srvs/cmake/amr_v4_msgs_srvs__rosidl_generator_cExport-noconfig.cmake
[0.801s] -- Up-to-date: /home/kidd/projects/agv_gui/install/amr_v4_msgs_srvs/share/amr_v4_msgs_srvs/cmake/amr_v4_msgs_srvs__rosidl_typesupport_introspection_cExport.cmake
[0.801s] -- Up-to-date: /home/kidd/projects/agv_gui/install/amr_v4_msgs_srvs/share/amr_v4_msgs_srvs/cmake/amr_v4_msgs_srvs__rosidl_typesupport_introspection_cExport-noconfig.cmake
[0.801s] -- Up-to-date: /home/kidd/projects/agv_gui/install/amr_v4_msgs_srvs/share/amr_v4_msgs_srvs/cmake/amr_v4_msgs_srvs__rosidl_typesupport_cExport.cmake
[0.801s] -- Up-to-date: /home/kidd/projects/agv_gui/install/amr_v4_msgs_srvs/share/amr_v4_msgs_srvs/cmake/amr_v4_msgs_srvs__rosidl_typesupport_cExport-noconfig.cmake
[0.802s] -- Up-to-date: /home/kidd/projects/agv_gui/install/amr_v4_msgs_srvs/share/amr_v4_msgs_srvs/cmake/amr_v4_msgs_srvs__rosidl_generator_cppExport.cmake
[0.803s] -- Up-to-date: /home/kidd/projects/agv_gui/install/amr_v4_msgs_srvs/share/amr_v4_msgs_srvs/cmake/amr_v4_msgs_srvs__rosidl_typesupport_introspection_cppExport.cmake
[0.803s] -- Up-to-date: /home/kidd/projects/agv_gui/install/amr_v4_msgs_srvs/share/amr_v4_msgs_srvs/cmake/amr_v4_msgs_srvs__rosidl_typesupport_introspection_cppExport-noconfig.cmake
[0.805s] -- Up-to-date: /home/kidd/projects/agv_gui/install/amr_v4_msgs_srvs/share/amr_v4_msgs_srvs/cmake/amr_v4_msgs_srvs__rosidl_typesupport_cppExport.cmake
[0.805s] -- Up-to-date: /home/kidd/projects/agv_gui/install/amr_v4_msgs_srvs/share/amr_v4_msgs_srvs/cmake/amr_v4_msgs_srvs__rosidl_typesupport_cppExport-noconfig.cmake
[0.805s] -- Up-to-date: /home/kidd/projects/agv_gui/install/amr_v4_msgs_srvs/share/amr_v4_msgs_srvs/cmake/rosidl_cmake-extras.cmake
[0.805s] -- Up-to-date: /home/kidd/projects/agv_gui/install/amr_v4_msgs_srvs/share/amr_v4_msgs_srvs/cmake/ament_cmake_export_dependencies-extras.cmake
[0.805s] -- Up-to-date: /home/kidd/projects/agv_gui/install/amr_v4_msgs_srvs/share/amr_v4_msgs_srvs/cmake/ament_cmake_export_libraries-extras.cmake
[0.805s] -- Up-to-date: /home/kidd/projects/agv_gui/install/amr_v4_msgs_srvs/share/amr_v4_msgs_srvs/cmake/ament_cmake_export_targets-extras.cmake
[0.805s] -- Up-to-date: /home/kidd/projects/agv_gui/install/amr_v4_msgs_srvs/share/amr_v4_msgs_srvs/cmake/ament_cmake_export_include_directories-extras.cmake
[0.805s] -- Up-to-date: /home/kidd/projects/agv_gui/install/amr_v4_msgs_srvs/share/amr_v4_msgs_srvs/cmake/rosidl_cmake_export_typesupport_libraries-extras.cmake
[0.805s] -- Up-to-date: /home/kidd/projects/agv_gui/install/amr_v4_msgs_srvs/share/amr_v4_msgs_srvs/cmake/rosidl_cmake_export_typesupport_targets-extras.cmake
[0.806s] -- Up-to-date: /home/kidd/projects/agv_gui/install/amr_v4_msgs_srvs/share/amr_v4_msgs_srvs/cmake/amr_v4_msgs_srvsConfig.cmake
[0.806s] -- Up-to-date: /home/kidd/projects/agv_gui/install/amr_v4_msgs_srvs/share/amr_v4_msgs_srvs/cmake/amr_v4_msgs_srvsConfig-version.cmake
[0.806s] -- Up-to-date: /home/kidd/projects/agv_gui/install/amr_v4_msgs_srvs/share/amr_v4_msgs_srvs/package.xml
[0.810s] Invoked command in '/home/kidd/projects/agv_gui/build/amr_v4_msgs_srvs' returned '0': CMAKE_PREFIX_PATH=${CMAKE_PREFIX_PATH}:/opt/ros/galactic /usr/bin/cmake --install /home/kidd/projects/agv_gui/build/amr_v4_msgs_srvs
