[0.026s] Invoking command in '/home/colin/agv_gui/build/amr_v4_qt': AMENT_PREFIX_PATH=/home/colin/agv_gui/install/amr_v4_msgs_srvs:${AMENT_PREFIX_PATH} CMAKE_PREFIX_PATH=/home/colin/agv_gui/install/amr_v4_msgs_srvs:/opt/ros/iron LD_LIBRARY_PATH=/home/colin/agv_gui/install/amr_v4_msgs_srvs/lib:${LD_LIBRARY_PATH} PYTHONPATH=/home/colin/agv_gui/install/amr_v4_msgs_srvs/lib/python3.10/site-packages:${PYTHONPATH} /usr/bin/cmake /home/colin/agv_gui/src/amr_v4_qt -DCMAKE_INSTALL_PREFIX=/home/colin/agv_gui/install/amr_v4_qt
[0.039s] -- Found ament_cmake: 2.0.5 (/opt/ros/iron/share/ament_cmake/cmake)
[0.241s] -- Found geometry_msgs: 5.0.1 (/opt/ros/iron/share/geometry_msgs/cmake)
[0.276s] -- Found rosidl_generator_c: 4.0.1 (/opt/ros/iron/share/rosidl_generator_c/cmake)
[0.292s] -- Found rosidl_generator_cpp: 4.0.1 (/opt/ros/iron/share/rosidl_generator_cpp/cmake)
[0.309s] -- Using all available rosidl_typesupport_c: rosidl_typesupport_fastrtps_c;rosidl_typesupport_introspection_c
[0.333s] -- Using all available rosidl_typesupport_cpp: rosidl_typesupport_fastrtps_cpp;rosidl_typesupport_introspection_cpp
[0.493s] -- Found rclcpp: 21.0.6 (/opt/ros/iron/share/rclcpp/cmake)
[0.692s] -- Found rmw_implementation_cmake: 7.1.0 (/opt/ros/iron/share/rmw_implementation_cmake/cmake)
[0.693s] -- Found rmw_fastrtps_cpp: 7.1.3 (/opt/ros/iron/share/rmw_fastrtps_cpp/cmake)
[0.828s] -- Using RMW implementation 'rmw_fastrtps_cpp' as default
[1.031s] -- Found rclcpp_components: 21.0.6 (/opt/ros/iron/share/rclcpp_components/cmake)
[1.141s] -- Found rviz_common: 12.4.7 (/opt/ros/iron/share/rviz_common/cmake)
[1.167s] -- Setting assimp_DIR to: '/opt/ros/iron/share/rviz_assimp_vendor/cmake/../../../opt/rviz_assimp_vendor/lib/cmake/assimp-4.1'
[1.175s] -- Setting OGRE_DIR to: '/opt/ros/iron/share/rviz_ogre_vendor/cmake/../../../opt/rviz_ogre_vendor/lib/OGRE/cmake'
[1.177s] -- Found OGRE
[1.178s] --   static     : OFF
[1.178s] --   components : MeshLodGenerator;Overlay;Paging;Property;RTShaderSystem;Terrain;Volume
[1.178s] --   plugins    : Plugin_BSPSceneManager;Plugin_OctreeSceneManager;Plugin_PCZSceneManager;Plugin_ParticleFX;RenderSystem_GL;RenderSystem_GL3Plus;Codec_STBI
[1.178s] --   media      : /opt/ros/iron/opt/rviz_ogre_vendor/share/OGRE/Media
[1.178s] -- OGRE_LIBRARIES: OgreMeshLodGenerator;OgreOverlay;OgrePaging;OgreProperty;OgreRTShaderSystem;OgreTerrain;OgreVolume;OgreMain
[1.178s] -- OGRE_LIBRARY_DIRS: /opt/ros/iron/opt/rviz_ogre_vendor/lib
[1.178s] -- OGRE_PLUGINS: Plugin_BSPSceneManager;Plugin_OctreeSceneManager;Plugin_PCZSceneManager;Plugin_ParticleFX;RenderSystem_GL;RenderSystem_GL3Plus;Codec_STBI
[1.178s] -- OGRE_PLUGIN_DIR: /opt/ros/iron/opt/rviz_ogre_vendor/lib/OGRE
[1.178s] -- rviz_ogre_vendor::OgreOverlay for IMPORTED_LOCATION_RELEASE: /opt/ros/iron/opt/rviz_ogre_vendor/lib/libOgreOverlay.so
[1.178s] -- rviz_ogre_vendor::OgreOverlay for IMPORTED_LOCATION_DEBUG: /opt/ros/iron/opt/rviz_ogre_vendor/lib/libOgreOverlay.so
[1.178s] -- rviz_ogre_vendor::OgreMain for IMPORTED_LOCATION_RELEASE: /opt/ros/iron/opt/rviz_ogre_vendor/lib/libOgreMain.so
[1.178s] -- rviz_ogre_vendor::OgreMain for IMPORTED_LOCATION_DEBUG: /opt/ros/iron/opt/rviz_ogre_vendor/lib/libOgreMain.so
[1.179s] -- Could not find freeimage library
[1.200s] -- Found ZLIB: /usr/lib/x86_64-linux-gnu/libz.so (found version "1.2.11") 
[1.206s] -- Found OpenGL: /usr/lib/x86_64-linux-gnu/libOpenGL.so   
[1.314s] -- Found X11: /usr/include   
[1.315s] -- Looking for XOpenDisplay in /usr/lib/x86_64-linux-gnu/libX11.so;/usr/lib/x86_64-linux-gnu/libXext.so
[1.404s] -- Looking for XOpenDisplay in /usr/lib/x86_64-linux-gnu/libX11.so;/usr/lib/x86_64-linux-gnu/libXext.so - found
[1.405s] -- Looking for gethostbyname
[1.496s] -- Looking for gethostbyname - found
[1.496s] -- Looking for connect
[1.584s] -- Looking for connect - found
[1.584s] -- Looking for remove
[1.660s] -- Looking for remove - found
[1.661s] -- Looking for shmat
[1.753s] -- Looking for shmat - found
[1.753s] -- Looking for IceConnectionNumber in ICE
[1.833s] -- Looking for IceConnectionNumber in ICE - found
[1.958s] -- library: /usr/lib/x86_64-linux-gnu/libcurl.so
[2.195s] -- Found Eigen3: TRUE (found version "3.4.0") 
[2.195s] -- Ensuring Eigen3 include directory is part of orocos-kdl CMake target
[2.747s] -- Found rviz_default_plugins: 12.4.7 (/opt/ros/iron/share/rviz_default_plugins/cmake)
[3.805s] -- Found std_srvs: 5.0.1 (/opt/ros/iron/share/std_srvs/cmake)
[3.875s] -- Found amr_v4_msgs_srvs: 0.0.0 (/home/colin/agv_gui/install/amr_v4_msgs_srvs/share/amr_v4_msgs_srvs/cmake)
[3.933s] -- Looking for pthread.h
[4.027s] -- Looking for pthread.h - found
[4.027s] -- Performing Test CMAKE_HAVE_LIBC_PTHREAD
[4.112s] -- Performing Test CMAKE_HAVE_LIBC_PTHREAD - Success
[4.114s] -- Found Threads: TRUE  
[4.124s] -- Found tf2_eigen: 0.31.7 (/opt/ros/iron/share/tf2_eigen/cmake)
[4.218s] -- Configuring done
[4.283s] -- Generating done
[4.285s] -- Build files have been written to: /home/colin/agv_gui/build/amr_v4_qt
[4.302s] Invoked command in '/home/colin/agv_gui/build/amr_v4_qt' returned '0': AMENT_PREFIX_PATH=/home/colin/agv_gui/install/amr_v4_msgs_srvs:${AMENT_PREFIX_PATH} CMAKE_PREFIX_PATH=/home/colin/agv_gui/install/amr_v4_msgs_srvs:/opt/ros/iron LD_LIBRARY_PATH=/home/colin/agv_gui/install/amr_v4_msgs_srvs/lib:${LD_LIBRARY_PATH} PYTHONPATH=/home/colin/agv_gui/install/amr_v4_msgs_srvs/lib/python3.10/site-packages:${PYTHONPATH} /usr/bin/cmake /home/colin/agv_gui/src/amr_v4_qt -DCMAKE_INSTALL_PREFIX=/home/colin/agv_gui/install/amr_v4_qt
[4.307s] Invoking command in '/home/colin/agv_gui/build/amr_v4_qt': AMENT_PREFIX_PATH=/home/colin/agv_gui/install/amr_v4_msgs_srvs:${AMENT_PREFIX_PATH} CMAKE_PREFIX_PATH=/home/colin/agv_gui/install/amr_v4_msgs_srvs:/opt/ros/iron LD_LIBRARY_PATH=/home/colin/agv_gui/install/amr_v4_msgs_srvs/lib:${LD_LIBRARY_PATH} PYTHONPATH=/home/colin/agv_gui/install/amr_v4_msgs_srvs/lib/python3.10/site-packages:${PYTHONPATH} /usr/bin/cmake --build /home/colin/agv_gui/build/amr_v4_qt -- -j4 -l4
[4.367s] [  2%] [34m[1mAutomatic MOC and UIC for target amr_v4_qt[0m
[4.414s] [  2%] Built target amr_v4_qt_autogen
[4.432s] [  6%] [34m[1mGenerating include/moc_battery_node.cpp[0m
[4.433s] [  6%] [34m[1mGenerating include/moc_fisher_screen.cpp[0m
[4.433s] [  8%] [34m[1mGenerating include/moc_ui_running_mode_screen.cpp[0m
[4.433s] [ 10%] [34m[1mGenerating include/moc_health.cpp[0m
[4.443s] /home/colin/agv_gui/src/amr_v4_qt/include/ui_running_mode_screen.h:0: Note: No relevant classes found. No output generated.
[4.455s] [ 12%] [34m[1mGenerating include/moc_health_node.cpp[0m
[4.456s] [ 14%] [34m[1mGenerating include/moc_main_gui.cpp[0m
[4.458s] [ 16%] [34m[1mGenerating include/moc_main_screen.cpp[0m
[4.460s] [ 18%] [34m[1mGenerating include/moc_motor_node.cpp[0m
[4.473s] [ 20%] [34m[1mGenerating include/moc_robot_node.cpp[0m
[4.473s] [ 22%] [34m[1mGenerating include/moc_motors.cpp[0m
[4.479s] [ 25%] [34m[1mGenerating include/moc_running_mode.cpp[0m
[4.481s] [ 27%] [34m[1mGenerating include/moc_running_node.cpp[0m
[4.491s] [ 29%] [34m[1mGenerating include/moc_scrolling_label.cpp[0m
[4.495s] [ 31%] [34m[1mGenerating include/moc_ui_health_screen.cpp[0m
[4.500s] [ 33%] [34m[1mGenerating include/moc_ui_motor_screen.cpp[0m
[4.501s] [ 35%] [34m[1mGenerating include/moc_ui_main_screen.cpp[0m
[4.502s] /home/colin/agv_gui/src/amr_v4_qt/include/ui_health_screen.h:0: Note: No relevant classes found. No output generated.
[4.506s] /home/colin/agv_gui/src/amr_v4_qt/include/ui_main_screen.h:0: Note: No relevant classes found. No output generated.
[4.507s] /home/colin/agv_gui/src/amr_v4_qt/include/ui_motor_screen.h:0: Note: No relevant classes found. No output generated.
[4.531s] [ 39%] [32mBuilding CXX object CMakeFiles/amr_v4_qt.dir/src/main_screen.cpp.o[0m
[4.531s] [ 39%] [32mBuilding CXX object CMakeFiles/amr_v4_qt.dir/src/main.cpp.o[0m
[4.533s] [ 41%] [32mBuilding CXX object CMakeFiles/amr_v4_qt.dir/amr_v4_qt_autogen/mocs_compilation.cpp.o[0m
[4.534s] [ 43%] [32mBuilding CXX object CMakeFiles/amr_v4_qt.dir/src/main_gui.cpp.o[0m
[4.569s] [ 45%] [32mBuilding CXX object CMakeFiles/amr_v4_qt.dir/src/motors.cpp.o[0m
[7.470s] [ 47%] [32mBuilding CXX object CMakeFiles/amr_v4_qt.dir/src/health.cpp.o[0m
[7.699s] [ 50%] [32mBuilding CXX object CMakeFiles/amr_v4_qt.dir/src/running_mode.cpp.o[0m
[10.591s] [ 52%] [32mBuilding CXX object CMakeFiles/amr_v4_qt.dir/src/fisher_screen.cpp.o[0m
[11.069s] [ 54%] [32mBuilding CXX object CMakeFiles/amr_v4_qt.dir/src/battery_node.cpp.o[0m
[13.430s] [ 56%] [32mBuilding CXX object CMakeFiles/amr_v4_qt.dir/src/motor_node.cpp.o[0m
[15.032s] [01m[K/home/colin/agv_gui/src/amr_v4_qt/src/main_gui.cpp:[m[K In member function ‘[01m[Kint MainGui::getWifiSignalStrength()[m[K’:
[15.033s] [01m[K/home/colin/agv_gui/src/amr_v4_qt/src/main_gui.cpp:153:18:[m[K [01;35m[Kwarning: [m[K‘[01m[Kvoid QProcess::start(const QString&, QIODevice::OpenMode)[m[K’ is deprecated: Use QProcess::start(const QString &program, const QStringList &arguments,OpenMode mode = ReadWrite) instead [[01;35m[K]8;;https://gcc.gnu.org/onlinedocs/gcc/Warning-Options.html#index-Wdeprecated-declarations-Wdeprecated-declarations]8;;[m[K]
[15.033s]   153 |     [01;35m[Kprocess.start("iwconfig")[m[K;
[15.033s]       |     [01;35m[K~~~~~~~~~~~~~^~~~~~~~~~~~[m[K
[15.033s] In file included from [01m[K/usr/include/x86_64-linux-gnu/qt5/QtCore/QProcess:1[m[K,
[15.034s]                  from [01m[K/home/colin/agv_gui/src/amr_v4_qt/src/main_gui.cpp:5[m[K:
[15.034s] [01m[K/usr/include/x86_64-linux-gnu/qt5/QtCore/qprocess.h:168:10:[m[K [01;36m[Knote: [m[Kdeclared here
[15.034s]   168 |     void [01;36m[Kstart[m[K(const QString &command, OpenMode mode = ReadWrite);
[15.034s]       |          [01;36m[K^~~~~[m[K
[16.999s] [ 58%] [32mBuilding CXX object CMakeFiles/amr_v4_qt.dir/src/health_node.cpp.o[0m
[17.351s] [ 60%] [32mBuilding CXX object CMakeFiles/amr_v4_qt.dir/src/running_node.cpp.o[0m
[32.473s] [ 62%] [32mBuilding CXX object CMakeFiles/amr_v4_qt.dir/src/robot_node.cpp.o[0m
[35.722s] [ 64%] [32mBuilding CXX object CMakeFiles/amr_v4_qt.dir/src/scrolling_label.cpp.o[0m
[39.690s] [01m[K/home/colin/agv_gui/src/amr_v4_qt/src/scrolling_label.cpp:[m[K In member function ‘[01m[Kvirtual void ScrollingLabel::paintEvent(QPaintEvent*)[m[K’:
[39.690s] [01m[K/home/colin/agv_gui/src/amr_v4_qt/src/scrolling_label.cpp:18:46:[m[K [01;35m[Kwarning: [m[Kunused parameter ‘[01m[Kevent[m[K’ [[01;35m[K]8;;https://gcc.gnu.org/onlinedocs/gcc/Warning-Options.html#index-Wunused-parameter-Wunused-parameter]8;;[m[K]
[39.691s]    18 | void ScrollingLabel::paintEvent([01;35m[KQPaintEvent *event[m[K) {
[39.691s]       |                                 [01;35m[K~~~~~~~~~~~~~^~~~~[m[K
[40.256s] [ 66%] [32mBuilding CXX object CMakeFiles/amr_v4_qt.dir/include/moc_main_gui.cpp.o[0m
[40.707s] [ 68%] [32mBuilding CXX object CMakeFiles/amr_v4_qt.dir/include/moc_motors.cpp.o[0m
[42.924s] [ 70%] [32mBuilding CXX object CMakeFiles/amr_v4_qt.dir/include/moc_ui_motor_screen.cpp.o[0m
[43.000s] [ 72%] [32mBuilding CXX object CMakeFiles/amr_v4_qt.dir/include/moc_ui_health_screen.cpp.o[0m
[43.060s] [ 75%] [32mBuilding CXX object CMakeFiles/amr_v4_qt.dir/include/moc_ui_running_mode_screen.cpp.o[0m
[43.129s] [ 77%] [32mBuilding CXX object CMakeFiles/amr_v4_qt.dir/include/moc_ui_main_screen.cpp.o[0m
[43.202s] [ 79%] [32mBuilding CXX object CMakeFiles/amr_v4_qt.dir/include/moc_main_screen.cpp.o[0m
[45.017s] [ 81%] [32mBuilding CXX object CMakeFiles/amr_v4_qt.dir/include/moc_fisher_screen.cpp.o[0m
[48.198s] [ 83%] [32mBuilding CXX object CMakeFiles/amr_v4_qt.dir/include/moc_battery_node.cpp.o[0m
[48.666s] [ 85%] [32mBuilding CXX object CMakeFiles/amr_v4_qt.dir/include/moc_motor_node.cpp.o[0m
[55.974s] [ 87%] [32mBuilding CXX object CMakeFiles/amr_v4_qt.dir/include/moc_health.cpp.o[0m
[58.855s] [ 89%] [32mBuilding CXX object CMakeFiles/amr_v4_qt.dir/include/moc_health_node.cpp.o[0m
[59.019s] [ 91%] [32mBuilding CXX object CMakeFiles/amr_v4_qt.dir/include/moc_running_mode.cpp.o[0m
[60.340s] [ 93%] [32mBuilding CXX object CMakeFiles/amr_v4_qt.dir/include/moc_running_node.cpp.o[0m
[60.437s] [ 95%] [32mBuilding CXX object CMakeFiles/amr_v4_qt.dir/include/moc_robot_node.cpp.o[0m
[61.957s] [ 97%] [32mBuilding CXX object CMakeFiles/amr_v4_qt.dir/include/moc_scrolling_label.cpp.o[0m
[69.070s] [100%] [32m[1mLinking CXX executable amr_v4_qt[0m
[74.659s] [100%] Built target amr_v4_qt
[74.674s] Invoked command in '/home/colin/agv_gui/build/amr_v4_qt' returned '0': AMENT_PREFIX_PATH=/home/colin/agv_gui/install/amr_v4_msgs_srvs:${AMENT_PREFIX_PATH} CMAKE_PREFIX_PATH=/home/colin/agv_gui/install/amr_v4_msgs_srvs:/opt/ros/iron LD_LIBRARY_PATH=/home/colin/agv_gui/install/amr_v4_msgs_srvs/lib:${LD_LIBRARY_PATH} PYTHONPATH=/home/colin/agv_gui/install/amr_v4_msgs_srvs/lib/python3.10/site-packages:${PYTHONPATH} /usr/bin/cmake --build /home/colin/agv_gui/build/amr_v4_qt -- -j4 -l4
[74.798s] Invoking command in '/home/colin/agv_gui/build/amr_v4_qt': AMENT_PREFIX_PATH=/home/colin/agv_gui/install/amr_v4_msgs_srvs:${AMENT_PREFIX_PATH} CMAKE_PREFIX_PATH=/home/colin/agv_gui/install/amr_v4_msgs_srvs:/opt/ros/iron LD_LIBRARY_PATH=/home/colin/agv_gui/install/amr_v4_msgs_srvs/lib:${LD_LIBRARY_PATH} PYTHONPATH=/home/colin/agv_gui/install/amr_v4_msgs_srvs/lib/python3.10/site-packages:${PYTHONPATH} /usr/bin/cmake --install /home/colin/agv_gui/build/amr_v4_qt
[74.808s] -- Install configuration: ""
[74.809s] -- Installing: /home/colin/agv_gui/install/amr_v4_qt/lib/amr_v4_qt/amr_v4_qt
[74.822s] -- Set runtime path of "/home/colin/agv_gui/install/amr_v4_qt/lib/amr_v4_qt/amr_v4_qt" to ""
[74.822s] -- Installing: /home/colin/agv_gui/install/amr_v4_qt/share/amr_v4_qt/launch
[74.822s] -- Installing: /home/colin/agv_gui/install/amr_v4_qt/share/amr_v4_qt/launch/gui.launch.py
[74.822s] -- Installing: /home/colin/agv_gui/install/amr_v4_qt/share/ament_index/resource_index/package_run_dependencies/amr_v4_qt
[74.823s] -- Installing: /home/colin/agv_gui/install/amr_v4_qt/share/ament_index/resource_index/parent_prefix_path/amr_v4_qt
[74.823s] -- Installing: /home/colin/agv_gui/install/amr_v4_qt/share/amr_v4_qt/environment/ament_prefix_path.sh
[74.823s] -- Installing: /home/colin/agv_gui/install/amr_v4_qt/share/amr_v4_qt/environment/ament_prefix_path.dsv
[74.823s] -- Installing: /home/colin/agv_gui/install/amr_v4_qt/share/amr_v4_qt/environment/path.sh
[74.823s] -- Installing: /home/colin/agv_gui/install/amr_v4_qt/share/amr_v4_qt/environment/path.dsv
[74.823s] -- Installing: /home/colin/agv_gui/install/amr_v4_qt/share/amr_v4_qt/local_setup.bash
[74.823s] -- Installing: /home/colin/agv_gui/install/amr_v4_qt/share/amr_v4_qt/local_setup.sh
[74.824s] -- Installing: /home/colin/agv_gui/install/amr_v4_qt/share/amr_v4_qt/local_setup.zsh
[74.824s] -- Installing: /home/colin/agv_gui/install/amr_v4_qt/share/amr_v4_qt/local_setup.dsv
[74.824s] -- Installing: /home/colin/agv_gui/install/amr_v4_qt/share/amr_v4_qt/package.dsv
[74.824s] -- Installing: /home/colin/agv_gui/install/amr_v4_qt/share/ament_index/resource_index/packages/amr_v4_qt
[74.824s] -- Installing: /home/colin/agv_gui/install/amr_v4_qt/share/amr_v4_qt/cmake/amr_v4_qtConfig.cmake
[74.824s] -- Installing: /home/colin/agv_gui/install/amr_v4_qt/share/amr_v4_qt/cmake/amr_v4_qtConfig-version.cmake
[74.824s] -- Installing: /home/colin/agv_gui/install/amr_v4_qt/share/amr_v4_qt/package.xml
[74.828s] Invoked command in '/home/colin/agv_gui/build/amr_v4_qt' returned '0': AMENT_PREFIX_PATH=/home/colin/agv_gui/install/amr_v4_msgs_srvs:${AMENT_PREFIX_PATH} CMAKE_PREFIX_PATH=/home/colin/agv_gui/install/amr_v4_msgs_srvs:/opt/ros/iron LD_LIBRARY_PATH=/home/colin/agv_gui/install/amr_v4_msgs_srvs/lib:${LD_LIBRARY_PATH} PYTHONPATH=/home/colin/agv_gui/install/amr_v4_msgs_srvs/lib/python3.10/site-packages:${PYTHONPATH} /usr/bin/cmake --install /home/colin/agv_gui/build/amr_v4_qt
