[0.045s] Invoking command in '/home/colin/agv_gui/build/amr_v4_qt': CMAKE_PREFIX_PATH=${CMAKE_PREFIX_PATH}:/opt/ros/iron /usr/bin/cmake --build /home/colin/agv_gui/build/amr_v4_qt -- -j4 -l4
[0.186s] [  2%] [34m[1mAutomatic MOC and UIC for target amr_v4_qt[0m
[0.251s] [  2%] Built target amr_v4_qt_autogen
[0.323s] [35m[1mConsolidate compiler generated dependencies of target amr_v4_qt[0m
[0.518s] [  5%] [32mBuilding CXX object CMakeFiles/amr_v4_qt.dir/src/main_gui.cpp.o[0m
[0.539s] [  8%] [32mBuilding CXX object CMakeFiles/amr_v4_qt.dir/src/main.cpp.o[0m
[0.548s] [ 11%] [32mBuilding CXX object CMakeFiles/amr_v4_qt.dir/src/amr_node.cpp.o[0m
[17.711s] [01m[K/home/colin/agv_gui/src/amr_v4_qt/src/main.cpp:[m[K In function ‘[01m[Kint main(int, char**)[m[K’:
[17.712s] [01m[K/home/colin/agv_gui/src/amr_v4_qt/src/main.cpp:29:26:[m[K [01;31m[Kerror: [m[K‘[01m[KMakeShared[m[K’ is not a member of ‘[01m[Kstd[m[K’; did you mean ‘[01m[Kmake_shared[m[K’?
[17.714s]    29 |     auto amrNode_ = std::[01;31m[KMakeShared[m[K<AmrNode>("amr_node");
[17.715s]       |                          [01;31m[K^~~~~~~~~~[m[K
[17.717s]       |                          [32m[Kmake_shared[m[K
[17.718s] [01m[K/home/colin/agv_gui/src/amr_v4_qt/src/main.cpp:29:44:[m[K [01;31m[Kerror: [m[Kexpected primary-expression before ‘[01m[K>[m[K’ token
[17.720s]    29 |     auto amrNode_ = std::MakeShared<AmrNode[01;31m[K>[m[K("amr_node");
[17.721s]       |                                            [01;31m[K^[m[K
[17.836s] [01m[K/home/colin/agv_gui/src/amr_v4_qt/src/main_gui.cpp:[m[K In constructor ‘[01m[KMainGui::MainGui(std::shared_ptr<AmrNode>, QWidget*)[m[K’:
[17.838s] [01m[K/home/colin/agv_gui/src/amr_v4_qt/src/main_gui.cpp:66:39:[m[K [01;31m[Kerror: [m[K‘[01m[KchangedMode[m[K’ is not a member of ‘[01m[KAmrNode[m[K’
[17.841s]    66 |     connect(amr_node.get(), &AmrNode::[01;31m[KchangedMode[m[K, this, &MainGui::updateMode);
[17.841s]       |                                       [01;31m[K^~~~~~~~~~~[m[K
[17.842s] [01m[K/home/colin/agv_gui/src/amr_v4_qt/src/main_gui.cpp:67:39:[m[K [01;31m[Kerror: [m[K‘[01m[KchangedStatus[m[K’ is not a member of ‘[01m[KAmrNode[m[K’
[17.842s]    67 |     connect(amr_node.get(), &AmrNode::[01;31m[KchangedStatus[m[K, this, &MainGui::updateRobot);
[17.842s]       |                                       [01;31m[K^~~~~~~~~~~~~[m[K
[17.857s] [01m[K/home/colin/agv_gui/src/amr_v4_qt/src/main_gui.cpp:[m[K In member function ‘[01m[Kvoid MainGui::onModeSwitched()[m[K’:
[17.857s] [01m[K/home/colin/agv_gui/src/amr_v4_qt/src/main_gui.cpp:103:5:[m[K [01;31m[Kerror: [m[K‘[01m[KmodeNode[m[K’ was not declared in this scope
[17.858s]   103 |     [01;31m[KmodeNode[m[K->mode_callback(driveMode);
[17.858s]       |     [01;31m[K^~~~~~~~[m[K
[17.862s] [01m[K/home/colin/agv_gui/src/amr_v4_qt/src/main_gui.cpp:[m[K In member function ‘[01m[Kint MainGui::getWifiSignalStrength()[m[K’:
[17.865s] [01m[K/home/colin/agv_gui/src/amr_v4_qt/src/main_gui.cpp:159:18:[m[K [01;35m[Kwarning: [m[K‘[01m[Kvoid QProcess::start(const QString&, QIODevice::OpenMode)[m[K’ is deprecated: Use QProcess::start(const QString &program, const QStringList &arguments,OpenMode mode = ReadWrite) instead [[01;35m[K]8;;https://gcc.gnu.org/onlinedocs/gcc/Warning-Options.html#index-Wdeprecated-declarations-Wdeprecated-declarations]8;;[m[K]
[17.866s]   159 |     [01;35m[Kprocess.start("iwconfig")[m[K;
[17.868s]       |     [01;35m[K~~~~~~~~~~~~~^~~~~~~~~~~~[m[K
[17.869s] In file included from [01m[K/usr/include/x86_64-linux-gnu/qt5/QtCore/QProcess:1[m[K,
[17.871s]                  from [01m[K/home/colin/agv_gui/src/amr_v4_qt/src/main_gui.cpp:5[m[K:
[17.872s] [01m[K/usr/include/x86_64-linux-gnu/qt5/QtCore/qprocess.h:168:10:[m[K [01;36m[Knote: [m[Kdeclared here
[17.874s]   168 |     void [01;36m[Kstart[m[K(const QString &command, OpenMode mode = ReadWrite);
[17.876s]       |          [01;36m[K^~~~~[m[K
[19.432s] gmake[2]: *** [CMakeFiles/amr_v4_qt.dir/build.make:138: CMakeFiles/amr_v4_qt.dir/src/main.cpp.o] Error 1
[19.432s] gmake[2]: *** Waiting for unfinished jobs....
[19.526s] gmake[2]: *** [CMakeFiles/amr_v4_qt.dir/build.make:152: CMakeFiles/amr_v4_qt.dir/src/main_gui.cpp.o] Error 1
[29.925s] gmake[1]: *** [CMakeFiles/Makefile2:138: CMakeFiles/amr_v4_qt.dir/all] Error 2
[29.926s] gmake: *** [Makefile:146: all] Error 2
[29.929s] Invoked command in '/home/colin/agv_gui/build/amr_v4_qt' returned '2': CMAKE_PREFIX_PATH=${CMAKE_PREFIX_PATH}:/opt/ros/iron /usr/bin/cmake --build /home/colin/agv_gui/build/amr_v4_qt -- -j4 -l4
