[0.010s] Invoking command in '/home/colin/agv_gui/build/amr_v4_qt': CMAKE_PREFIX_PATH=/home/colin/agv_gui/install/amr_v4_msgs_srvs:/home/colin/agv_gui/install/amr_v4_qt:/opt/ros/humble LD_LIBRARY_PATH=/home/colin/agv_gui/install/amr_v4_msgs_srvs/lib:/opt/ros/humble/opt/rviz_ogre_vendor/lib:/opt/ros/humble/lib/x86_64-linux-gnu:/opt/ros/humble/lib:/usr/lib:/usr/lib /usr/bin/cmake --build /home/colin/agv_gui/build/amr_v4_qt -- -j4 -l4
[0.075s] [  2%] [34m[1mAutomatic MOC and UIC for target amr_v4_qt[0m
[0.115s] [  2%] Built target amr_v4_qt_autogen
[0.139s] [  4%] [34m[1mGenerating include/moc_ui_health_screen.cpp[0m
[0.140s] [  6%] [34m[1mGenerating include/moc_ui_running_mode_screen.cpp[0m
[0.141s] [  8%] [34m[1mGenerating include/moc_ui_main_screen.cpp[0m
[0.143s] /home/colin/agv_gui/amr_v4_qt/include/ui_health_screen.h:0: Note: No relevant classes found. No output generated.
[0.146s] /home/colin/agv_gui/amr_v4_qt/include/ui_running_mode_screen.h:0: Note: No relevant classes found. No output generated.
[0.148s] /home/colin/agv_gui/amr_v4_qt/include/ui_main_screen.h:0: Note: No relevant classes found. No output generated.
[0.151s] [ 10%] [34m[1mGenerating include/moc_ui_motor_screen.cpp[0m
[0.155s] /home/colin/agv_gui/amr_v4_qt/include/ui_motor_screen.h:0: Note: No relevant classes found. No output generated.
[0.168s] [35m[1mConsolidate compiler generated dependencies of target amr_v4_qt[0m
[0.250s] [ 12%] [32mBuilding CXX object CMakeFiles/amr_v4_qt.dir/src/main_gui.cpp.o[0m
[0.250s] [ 14%] [32mBuilding CXX object CMakeFiles/amr_v4_qt.dir/src/main_screen.cpp.o[0m
[0.252s] [ 16%] [32mBuilding CXX object CMakeFiles/amr_v4_qt.dir/src/main.cpp.o[0m
[0.253s] [ 18%] [32mBuilding CXX object CMakeFiles/amr_v4_qt.dir/src/motors.cpp.o[0m
[3.037s] [ 20%] [32mBuilding CXX object CMakeFiles/amr_v4_qt.dir/src/health.cpp.o[0m
[3.124s] [ 22%] [32mBuilding CXX object CMakeFiles/amr_v4_qt.dir/src/running_mode.cpp.o[0m
[5.709s] [ 25%] [32mBuilding CXX object CMakeFiles/amr_v4_qt.dir/include/moc_main_gui.cpp.o[0m
[5.905s] [ 27%] [32mBuilding CXX object CMakeFiles/amr_v4_qt.dir/include/moc_motors.cpp.o[0m
[7.976s] [01m[K/home/colin/agv_gui/amr_v4_qt/src/main_gui.cpp:[m[K In member function ‘[01m[Kint MainGui::getWifiSignalStrength()[m[K’:
[7.977s] [01m[K/home/colin/agv_gui/amr_v4_qt/src/main_gui.cpp:153:18:[m[K [01;35m[Kwarning: [m[K‘[01m[Kvoid QProcess::start(const QString&, QIODevice::OpenMode)[m[K’ is deprecated: Use QProcess::start(const QString &program, const QStringList &arguments,OpenMode mode = ReadWrite) instead [[01;35m[K]8;;https://gcc.gnu.org/onlinedocs/gcc/Warning-Options.html#index-Wdeprecated-declarations-Wdeprecated-declarations]8;;[m[K]
[7.977s]   153 |     [01;35m[Kprocess.start("iwconfig")[m[K;
[7.977s]       |     [01;35m[K~~~~~~~~~~~~~^~~~~~~~~~~~[m[K
[7.977s] In file included from [01m[K/usr/include/x86_64-linux-gnu/qt5/QtCore/QProcess:1[m[K,
[7.977s]                  from [01m[K/home/colin/agv_gui/amr_v4_qt/src/main_gui.cpp:5[m[K:
[7.977s] [01m[K/usr/include/x86_64-linux-gnu/qt5/QtCore/qprocess.h:168:10:[m[K [01;36m[Knote: [m[Kdeclared here
[7.977s]   168 |     void [01;36m[Kstart[m[K(const QString &command, OpenMode mode = ReadWrite);
[7.977s]       |          [01;36m[K^~~~~[m[K
[8.874s] [ 29%] [32mBuilding CXX object CMakeFiles/amr_v4_qt.dir/include/moc_ui_motor_screen.cpp.o[0m
[8.929s] [ 31%] [32mBuilding CXX object CMakeFiles/amr_v4_qt.dir/include/moc_ui_health_screen.cpp.o[0m
[8.975s] [ 33%] [32mBuilding CXX object CMakeFiles/amr_v4_qt.dir/include/moc_ui_running_mode_screen.cpp.o[0m
[9.007s] [ 35%] [32mBuilding CXX object CMakeFiles/amr_v4_qt.dir/include/moc_ui_main_screen.cpp.o[0m
[9.047s] [ 37%] [32mBuilding CXX object CMakeFiles/amr_v4_qt.dir/include/moc_main_screen.cpp.o[0m
[9.409s] [ 39%] [32mBuilding CXX object CMakeFiles/amr_v4_qt.dir/include/moc_health.cpp.o[0m
[9.743s] [ 41%] [32mBuilding CXX object CMakeFiles/amr_v4_qt.dir/include/moc_running_mode.cpp.o[0m
[13.985s] [ 43%] [32m[1mLinking CXX executable amr_v4_qt[0m
[19.400s] [100%] Built target amr_v4_qt
[19.415s] Invoked command in '/home/colin/agv_gui/build/amr_v4_qt' returned '0': CMAKE_PREFIX_PATH=/home/colin/agv_gui/install/amr_v4_msgs_srvs:/home/colin/agv_gui/install/amr_v4_qt:/opt/ros/humble LD_LIBRARY_PATH=/home/colin/agv_gui/install/amr_v4_msgs_srvs/lib:/opt/ros/humble/opt/rviz_ogre_vendor/lib:/opt/ros/humble/lib/x86_64-linux-gnu:/opt/ros/humble/lib:/usr/lib:/usr/lib /usr/bin/cmake --build /home/colin/agv_gui/build/amr_v4_qt -- -j4 -l4
[19.553s] Invoking command in '/home/colin/agv_gui/build/amr_v4_qt': CMAKE_PREFIX_PATH=/home/colin/agv_gui/install/amr_v4_msgs_srvs:/home/colin/agv_gui/install/amr_v4_qt:/opt/ros/humble LD_LIBRARY_PATH=/home/colin/agv_gui/install/amr_v4_msgs_srvs/lib:/opt/ros/humble/opt/rviz_ogre_vendor/lib:/opt/ros/humble/lib/x86_64-linux-gnu:/opt/ros/humble/lib:/usr/lib:/usr/lib /usr/bin/cmake --install /home/colin/agv_gui/build/amr_v4_qt
[19.564s] -- Install configuration: ""
[19.564s] -- Installing: /home/colin/agv_gui/install/amr_v4_qt/lib/amr_v4_qt/amr_v4_qt
[19.573s] -- Set runtime path of "/home/colin/agv_gui/install/amr_v4_qt/lib/amr_v4_qt/amr_v4_qt" to ""
[19.573s] -- Up-to-date: /home/colin/agv_gui/install/amr_v4_qt/share/amr_v4_qt/launch
[19.573s] -- Up-to-date: /home/colin/agv_gui/install/amr_v4_qt/share/amr_v4_qt/launch/gui.launch.py
[19.573s] -- Up-to-date: /home/colin/agv_gui/install/amr_v4_qt/share/ament_index/resource_index/package_run_dependencies/amr_v4_qt
[19.573s] -- Up-to-date: /home/colin/agv_gui/install/amr_v4_qt/share/ament_index/resource_index/parent_prefix_path/amr_v4_qt
[19.574s] -- Up-to-date: /home/colin/agv_gui/install/amr_v4_qt/share/amr_v4_qt/environment/ament_prefix_path.sh
[19.574s] -- Up-to-date: /home/colin/agv_gui/install/amr_v4_qt/share/amr_v4_qt/environment/ament_prefix_path.dsv
[19.574s] -- Up-to-date: /home/colin/agv_gui/install/amr_v4_qt/share/amr_v4_qt/environment/path.sh
[19.574s] -- Up-to-date: /home/colin/agv_gui/install/amr_v4_qt/share/amr_v4_qt/environment/path.dsv
[19.574s] -- Up-to-date: /home/colin/agv_gui/install/amr_v4_qt/share/amr_v4_qt/local_setup.bash
[19.574s] -- Up-to-date: /home/colin/agv_gui/install/amr_v4_qt/share/amr_v4_qt/local_setup.sh
[19.574s] -- Up-to-date: /home/colin/agv_gui/install/amr_v4_qt/share/amr_v4_qt/local_setup.zsh
[19.574s] -- Up-to-date: /home/colin/agv_gui/install/amr_v4_qt/share/amr_v4_qt/local_setup.dsv
[19.574s] -- Installing: /home/colin/agv_gui/install/amr_v4_qt/share/amr_v4_qt/package.dsv
[19.574s] -- Up-to-date: /home/colin/agv_gui/install/amr_v4_qt/share/ament_index/resource_index/packages/amr_v4_qt
[19.574s] -- Up-to-date: /home/colin/agv_gui/install/amr_v4_qt/share/amr_v4_qt/cmake/amr_v4_qtConfig.cmake
[19.575s] -- Up-to-date: /home/colin/agv_gui/install/amr_v4_qt/share/amr_v4_qt/cmake/amr_v4_qtConfig-version.cmake
[19.575s] -- Up-to-date: /home/colin/agv_gui/install/amr_v4_qt/share/amr_v4_qt/package.xml
[19.576s] Invoked command in '/home/colin/agv_gui/build/amr_v4_qt' returned '0': CMAKE_PREFIX_PATH=/home/colin/agv_gui/install/amr_v4_msgs_srvs:/home/colin/agv_gui/install/amr_v4_qt:/opt/ros/humble LD_LIBRARY_PATH=/home/colin/agv_gui/install/amr_v4_msgs_srvs/lib:/opt/ros/humble/opt/rviz_ogre_vendor/lib:/opt/ros/humble/lib/x86_64-linux-gnu:/opt/ros/humble/lib:/usr/lib:/usr/lib /usr/bin/cmake --install /home/colin/agv_gui/build/amr_v4_qt
