[0.035s] Invoking command in '/home/kidd/projects/agv_gui/build/amr_v4_qt': CMAKE_PREFIX_PATH=/home/kidd/projects/agv_gui/install/amr_v4_msgs_srvs:/home/kidd/projects/agv_gui/install/amr_v4_qt:/opt/ros/galactic /usr/bin/cmake --build /home/kidd/projects/agv_gui/build/amr_v4_qt -- -j2 -l2
[0.123s] [  2%] [34m[1mAutomatic MOC and UIC for target amr_v4_qt[0m
[0.156s] [  2%] Built target amr_v4_qt_autogen
[0.202s] [  4%] [34m[1mGenerating include/moc_main_gui.cpp[0m
[0.230s] [35m[1mScanning dependencies of target amr_v4_qt[0m
[0.361s] [  6%] [32mBuilding CXX object CMakeFiles/amr_v4_qt.dir/src/main_gui.cpp.o[0m
[0.363s] [  8%] [32mBuilding CXX object CMakeFiles/amr_v4_qt.dir/src/main.cpp.o[0m
[6.552s] [01m[K/home/kidd/projects/agv_gui/amr_v4_qt/src/main_gui.cpp:[m[K In constructor ‘[01m[KMainGui::MainGui(std::shared_ptr<BatterySub>, std::shared_ptr<RobotSub>, std::shared_ptr<MotorSub>, std::shared_ptr<HealthSub>, std::shared_ptr<RunningSub>, QWidget*)[m[K’:
[6.552s] [01m[K/home/kidd/projects/agv_gui/amr_v4_qt/src/main_gui.cpp:57:28:[m[K [01;31m[Kerror: [m[K‘[01m[Kclass Ui::MainScreen[m[K’ has no member named ‘[01m[KhelloScreenButton[m[K’; did you mean ‘[01m[KhealthScreenButton[m[K’?
[6.553s]    57 |     connect(mainScreen->ui.[01;31m[KhelloScreenButton[m[K, &QPushButton::clicked, this, &MainGui::onTabClicked);
[6.554s]       |                            [01;31m[K^~~~~~~~~~~~~~~~~[m[K
[6.555s]       |                            [32m[KhealthScreenButton[m[K
[6.567s] [01m[K/home/kidd/projects/agv_gui/amr_v4_qt/src/main_gui.cpp:[m[K In member function ‘[01m[Kvoid MainGui::switchToTabScreen(QObject*)[m[K’:
[6.568s] [01m[K/home/kidd/projects/agv_gui/amr_v4_qt/src/main_gui.cpp:98:41:[m[K [01;31m[Kerror: [m[K‘[01m[Kclass Ui::MainScreen[m[K’ has no member named ‘[01m[KhelloscreenButton[m[K’; did you mean ‘[01m[KhealthScreenButton[m[K’?
[6.568s]    98 |     else if(senderObj == mainScreen->ui.[01;31m[KhelloscreenButton[m[K) {
[6.569s]       |                                         [01;31m[K^~~~~~~~~~~~~~~~~[m[K
[6.569s]       |                                         [32m[KhealthScreenButton[m[K
[7.586s] make[2]: *** [CMakeFiles/amr_v4_qt.dir/build.make:153: CMakeFiles/amr_v4_qt.dir/src/main_gui.cpp.o] Error 1
[7.587s] make[2]: *** Waiting for unfinished jobs....
[7.621s] make[1]: *** [CMakeFiles/Makefile2:79: CMakeFiles/amr_v4_qt.dir/all] Error 2
[7.622s] make: *** [Makefile:141: all] Error 2
[7.626s] Invoked command in '/home/kidd/projects/agv_gui/build/amr_v4_qt' returned '2': CMAKE_PREFIX_PATH=/home/kidd/projects/agv_gui/install/amr_v4_msgs_srvs:/home/kidd/projects/agv_gui/install/amr_v4_qt:/opt/ros/galactic /usr/bin/cmake --build /home/kidd/projects/agv_gui/build/amr_v4_qt -- -j2 -l2
