[0.000000] (-) TimerEvent: {}
[0.000668] (agv_gui) JobQueued: {'identifier': 'agv_gui', 'dependencies': OrderedDict()}
[0.002481] (agv_gui) JobStarted: {'identifier': 'agv_gui'}
[0.072051] (agv_gui) JobProgress: {'identifier': 'agv_gui', 'progress': 'cmake'}
[0.081137] (agv_gui) JobProgress: {'identifier': 'agv_gui', 'progress': 'build'}
[0.081409] (agv_gui) Command: {'cmd': ['/usr/bin/cmake', '--build', '/home/amr_1/agv_gui/build/agv_gui', '--', '-j6', '-l6'], 'cwd': '/home/amr_1/agv_gui/build/agv_gui', 'env': OrderedDict([('GJS_DEBUG_TOPICS', 'JS ERROR;JS LOG'), ('SNAP_COMMON', '/var/snap/qtcreator-ros/common'), ('SNAP_INSTANCE_KEY', ''), ('USER', 'amr_1'), ('SSH_AGENT_PID', '1902'), ('XDG_SESSION_TYPE', 'x11'), ('LD_LIBRARY_PATH', '/opt/ros/foxy/opt/yaml_cpp_vendor/lib:/opt/ros/foxy/opt/rviz_ogre_vendor/lib:/opt/ros/foxy/lib/aarch64-linux-gnu:/opt/ros/foxy/lib:/snap/qtcreator-ros/85/lib:/snap/qtcreator-ros/85/usr/lib/aarch64-linux-gnu'), ('SHLVL', '46'), ('HOME', '/home/amr_1'), ('SNAP_LIBRARY_PATH', '/var/lib/snapd/lib/gl:/var/lib/snapd/lib/gl32:/var/lib/snapd/void'), ('DESKTOP_SESSION', 'ubuntu'), ('QTDIR', '/usr/lib/aarch64-linux-gnu/qt5'), ('SNAP_USER_DATA', '/home/amr_1/snap/qtcreator-ros/85'), ('GIO_LAUNCHED_DESKTOP_FILE', '/var/lib/snapd/desktop/applications/qtcreator-ros_qtcreator-ros.desktop'), ('GNOME_SHELL_SESSION_MODE', 'ubuntu'), ('GTK_MODULES', 'gail:atk-bridge'), ('ROS_PYTHON_VERSION', '3'), ('MANAGERPID', '1197'), ('DBUS_SESSION_BUS_ADDRESS', 'unix:path=/run/user/1000/bus'), ('GIO_LAUNCHED_DESKTOP_FILE_PID', '2960'), ('SNAP_REVISION', '85'), ('COLCON_PREFIX_PATH', '/home/amr_1/agv_gui/install'), ('IM_CONFIG_PHASE', '1'), ('ROS_DISTRO', 'foxy'), ('LOGNAME', 'amr_1'), ('JOURNAL_STREAM', '7:47868'), ('SNAP_CONTEXT', 'JMUNmlkXuymAoFLhect4Slt1Dx_kDivwLxrFtPEjqXLKM0mxrcr1'), ('_', '/usr/bin/env'), ('ROS_VERSION', '2'), ('SNAP_VERSION', '11.0.2'), ('XDG_SESSION_CLASS', 'user'), ('TERM', 'xterm'), ('USERNAME', 'amr_1'), ('GNOME_DESKTOP_SESSION_ID', 'this-is-deprecated'), ('ROS_LOCALHOST_ONLY', '0'), ('SNAP_INSTANCE_NAME', 'qtcreator-ros'), ('WINDOWPATH', '2'), ('PATH', '/opt/ros/foxy/bin:/home/amr_1/.local/bin:/usr/local/sbin:/usr/local/bin:/usr/sbin:/usr/bin:/sbin:/bin:/usr/games:/usr/local/games:/snap/bin'), ('INVOCATION_ID', 'ac71398117de44a2a8fa7b8aa4eb72f5'), ('SESSION_MANAGER', 'local/colins-jetson:@/tmp/.ICE-unix/1938,unix/colins-jetson:/tmp/.ICE-unix/1938'), ('BAMF_DESKTOP_FILE_HINT', '/var/lib/snapd/desktop/applications/qtcreator-ros_qtcreator-ros.desktop'), ('SNAP_DATA', '/var/snap/qtcreator-ros/85'), ('XDG_MENU_PREFIX', 'gnome-'), ('XDG_RUNTIME_DIR', '/run/user/1000'), ('DISPLAY', ':0'), ('LANG', 'en_US.UTF-8'), ('XDG_CURRENT_DESKTOP', 'ubuntu:GNOME'), ('XAUTHORITY', '/run/user/1000/gdm/Xauthority'), ('XDG_SESSION_DESKTOP', 'ubuntu'), ('XMODIFIERS', '@im=ibus'), ('AMENT_PREFIX_PATH', '/home/amr_1/agv_gui/install/agv_gui:/opt/ros/foxy'), ('SNAP_ARCH', 'arm64'), ('SNAP_COOKIE', 'JMUNmlkXuymAoFLhect4Slt1Dx_kDivwLxrFtPEjqXLKM0mxrcr1'), ('SNAP_USER_COMMON', '/home/amr_1/snap/qtcreator-ros/common'), ('SSH_AUTH_SOCK', '/run/user/1000/keyring/ssh'), ('SHELL', '/bin/bash'), ('GDMSESSION', 'ubuntu'), ('QT_ACCESSIBILITY', '1'), ('SNAP_REEXEC', ''), ('SNAP_NAME', 'qtcreator-ros'), ('GJS_DEBUG_OUTPUT', 'stderr'), ('GPG_AGENT_INFO', '/run/user/1000/gnupg/S.gpg-agent:0:1'), ('QT_IM_MODULE', 'ibus'), ('LC_ALL', 'en_US.UTF-8'), ('PWD', '/home/amr_1/agv_gui/build/agv_gui'), ('QT_QPA_PLATFORM', 'wayland;xcb'), ('SNAP_REAL_HOME', '/home/amr_1'), ('XDG_CONFIG_DIRS', '/etc/xdg/xdg-ubuntu:/etc/xdg'), ('XDG_DATA_DIRS', '/usr/share/ubuntu:/usr/local/share/:/usr/share/:/var/lib/snapd/desktop'), ('PYTHONPATH', '/opt/ros/foxy/lib/python3.8/site-packages'), ('SNAP', '/snap/qtcreator-ros/85'), ('COLCON', '1'), ('CMAKE_PREFIX_PATH', '/home/amr_1/agv_gui/install/agv_gui:/opt/ros/foxy'), ('LIBGL_DRIVERS_PATH', '/snap/qtcreator-ros/85/usr/lib/aarch64-linux-gnu/dri')]), 'shell': False}
[0.101883] (-) TimerEvent: {}
[0.203167] (-) TimerEvent: {}
[0.267358] (agv_gui) StdoutLine: {'line': b'-- Found ament_cmake: 0.9.12 (/opt/ros/foxy/share/ament_cmake/cmake)\n'}
[0.303353] (-) TimerEvent: {}
[0.377930] (agv_gui) StdoutLine: {'line': b'-- Using PYTHON_EXECUTABLE: /usr/bin/python3\n'}
[0.403657] (-) TimerEvent: {}
[0.504416] (-) TimerEvent: {}
[0.605240] (-) TimerEvent: {}
[0.706073] (-) TimerEvent: {}
[0.806948] (-) TimerEvent: {}
[0.907863] (-) TimerEvent: {}
[1.008796] (-) TimerEvent: {}
[1.109547] (-) TimerEvent: {}
[1.210323] (-) TimerEvent: {}
[1.294323] (agv_gui) StdoutLine: {'line': b'-- Found geometry_msgs: 2.0.5 (/opt/ros/foxy/share/geometry_msgs/cmake)\n'}
[1.310447] (-) TimerEvent: {}
[1.393139] (agv_gui) StdoutLine: {'line': b'-- Using all available rosidl_typesupport_c: rosidl_typesupport_fastrtps_c;rosidl_typesupport_introspection_c\n'}
[1.408736] (agv_gui) StdoutLine: {'line': b'-- Found rosidl_adapter: 1.3.1 (/opt/ros/foxy/share/rosidl_adapter/cmake)\n'}
[1.410572] (-) TimerEvent: {}
[1.511291] (-) TimerEvent: {}
[1.612187] (-) TimerEvent: {}
[1.712983] (-) TimerEvent: {}
[1.813695] (-) TimerEvent: {}
[1.914533] (-) TimerEvent: {}
[1.947372] (agv_gui) StdoutLine: {'line': b'-- Using all available rosidl_typesupport_cpp: rosidl_typesupport_fastrtps_cpp;rosidl_typesupport_introspection_cpp\n'}
[2.014683] (-) TimerEvent: {}
[2.115292] (-) TimerEvent: {}
[2.215923] (-) TimerEvent: {}
[2.287973] (agv_gui) StdoutLine: {'line': b'-- Found rclcpp: 2.4.3 (/opt/ros/foxy/share/rclcpp/cmake)\n'}
[2.316085] (-) TimerEvent: {}
[2.416723] (-) TimerEvent: {}
[2.443525] (agv_gui) StdoutLine: {'line': b'-- Found rmw_implementation_cmake: 1.0.4 (/opt/ros/foxy/share/rmw_implementation_cmake/cmake)\n'}
[2.449198] (agv_gui) StdoutLine: {'line': b"-- Using RMW implementation 'rmw_fastrtps_cpp' as default\n"}
[2.516862] (-) TimerEvent: {}
[2.617477] (-) TimerEvent: {}
[2.718071] (-) TimerEvent: {}
[2.818587] (-) TimerEvent: {}
[2.919192] (-) TimerEvent: {}
[2.975909] (agv_gui) StdoutLine: {'line': b'-- Found rclcpp_components: 2.4.3 (/opt/ros/foxy/share/rclcpp_components/cmake)\n'}
[3.019296] (-) TimerEvent: {}
[3.119912] (-) TimerEvent: {}
[3.196118] (agv_gui) StdoutLine: {'line': b'-- Found rviz_common: 8.2.8 (/opt/ros/foxy/share/rviz_common/cmake)\n'}
[3.220045] (-) TimerEvent: {}
[3.244482] (agv_gui) StdoutLine: {'line': b"-- Setting OGRE_DIR to: '/opt/ros/foxy/share/rviz_ogre_vendor/cmake/../../../opt/rviz_ogre_vendor/lib/OGRE/cmake'\n"}
[3.256419] (agv_gui) StdoutLine: {'line': b'-- Found OGRE\n'}
[3.256896] (agv_gui) StdoutLine: {'line': b'--   static     : OFF\n'}
[3.257606] (agv_gui) StdoutLine: {'line': b'--   components : HLMS;MeshLodGenerator;Overlay;Paging;Property;RTShaderSystem;Terrain;Volume\n'}
[3.258032] (agv_gui) StdoutLine: {'line': b'--   plugins    : Plugin_BSPSceneManager;Plugin_OctreeSceneManager;Plugin_PCZSceneManager;Plugin_ParticleFX;RenderSystem_GL;RenderSystem_GL3Plus;Codec_STBI\n'}
[3.258426] (agv_gui) StdoutLine: {'line': b'--   media      : /opt/ros/foxy/opt/rviz_ogre_vendor/share/OGRE/Media\n'}
[3.258786] (agv_gui) StdoutLine: {'line': b'-- OGRE_LIBRARIES: OgreHLMS;OgreMeshLodGenerator;OgreOverlay;OgrePaging;OgreProperty;OgreRTShaderSystem;OgreTerrain;OgreVolume;OgreMain\n'}
[3.259570] (agv_gui) StdoutLine: {'line': b'-- OGRE_LIBRARY_DIRS: /opt/ros/foxy/opt/rviz_ogre_vendor/lib\n'}
[3.259929] (agv_gui) StdoutLine: {'line': b'-- OGRE_PLUGINS: Plugin_BSPSceneManager;Plugin_OctreeSceneManager;Plugin_PCZSceneManager;Plugin_ParticleFX;RenderSystem_GL;RenderSystem_GL3Plus;Codec_STBI\n'}
[3.260285] (agv_gui) StdoutLine: {'line': b'-- OGRE_PLUGIN_DIR: /opt/ros/foxy/opt/rviz_ogre_vendor/lib/OGRE\n'}
[3.260649] (agv_gui) StdoutLine: {'line': b'-- rviz_ogre_vendor::OgreOverlay for IMPORTED_LOCATION_RELEASE: /opt/ros/foxy/opt/rviz_ogre_vendor/lib/libOgreOverlay.so\n'}
[3.261033] (agv_gui) StdoutLine: {'line': b'-- rviz_ogre_vendor::OgreOverlay for IMPORTED_LOCATION_DEBUG: /opt/ros/foxy/opt/rviz_ogre_vendor/lib/libOgreOverlay.so\n'}
[3.261389] (agv_gui) StdoutLine: {'line': b'-- rviz_ogre_vendor::OgreMain for IMPORTED_LOCATION_RELEASE: /opt/ros/foxy/opt/rviz_ogre_vendor/lib/libOgreMain.so\n'}
[3.261725] (agv_gui) StdoutLine: {'line': b'-- rviz_ogre_vendor::OgreMain for IMPORTED_LOCATION_DEBUG: /opt/ros/foxy/opt/rviz_ogre_vendor/lib/libOgreMain.so\n'}
[3.265137] (agv_gui) StdoutLine: {'line': b'-- Could not find freeimage library\n'}
[3.320321] (-) TimerEvent: {}
[3.421314] (-) TimerEvent: {}
[3.442547] (agv_gui) StdoutLine: {'line': b'-- rviz_ogre_vendor::RenderSystem_GL for IMPORTED_LOCATION_RELEASE: _render_system_gl_static_library_abs-NOTFOUND\n'}
[3.443329] (agv_gui) StdoutLine: {'line': b'-- rviz_ogre_vendor::RenderSystem_GL for IMPORTED_LOCATION_DEBUG: _render_system_gl_static_library_abs-NOTFOUND\n'}
[3.452132] (agv_gui) StdoutLine: {'line': b'-- library: libassimp.so.5\n'}
[3.521610] (-) TimerEvent: {}
[3.560936] (agv_gui) StdoutLine: {'line': b'-- library: /usr/lib/aarch64-linux-gnu/libcurl.so\n'}
[3.621746] (-) TimerEvent: {}
[3.722443] (-) TimerEvent: {}
[3.823105] (-) TimerEvent: {}
[3.923935] (-) TimerEvent: {}
[4.024686] (-) TimerEvent: {}
[4.125443] (-) TimerEvent: {}
[4.226234] (-) TimerEvent: {}
[4.327100] (-) TimerEvent: {}
[4.428035] (-) TimerEvent: {}
[4.528889] (-) TimerEvent: {}
[4.629635] (-) TimerEvent: {}
[4.730275] (-) TimerEvent: {}
[4.830885] (-) TimerEvent: {}
[4.931676] (-) TimerEvent: {}
[5.032452] (-) TimerEvent: {}
[5.133358] (-) TimerEvent: {}
[5.234190] (-) TimerEvent: {}
[5.335029] (-) TimerEvent: {}
[5.426283] (agv_gui) StdoutLine: {'line': b"-- Setting yaml-cpp_DIR to: '/opt/ros/foxy/share/yaml_cpp_vendor/cmake/../../../opt/yaml_cpp_vendor/lib/cmake/yaml-cpp'\n"}
[5.435185] (-) TimerEvent: {}
[5.439111] (agv_gui) StdoutLine: {'line': b'-- Found rviz_default_plugins: 8.2.8 (/opt/ros/foxy/share/rviz_default_plugins/cmake)\n'}
[5.535563] (-) TimerEvent: {}
[5.636427] (-) TimerEvent: {}
[5.737277] (-) TimerEvent: {}
[5.838208] (-) TimerEvent: {}
[5.939062] (-) TimerEvent: {}
[6.040009] (-) TimerEvent: {}
[6.148031] (-) TimerEvent: {}
[6.248860] (-) TimerEvent: {}
[6.349729] (-) TimerEvent: {}
[6.450622] (-) TimerEvent: {}
[6.551577] (-) TimerEvent: {}
[6.652445] (-) TimerEvent: {}
[6.753203] (-) TimerEvent: {}
[6.853935] (-) TimerEvent: {}
[6.954774] (-) TimerEvent: {}
[7.055595] (-) TimerEvent: {}
[7.156338] (-) TimerEvent: {}
[7.205722] (agv_gui) StdoutLine: {'line': b'-- Found std_srvs: 2.0.5 (/opt/ros/foxy/share/std_srvs/cmake)\n'}
[7.256546] (-) TimerEvent: {}
[7.268332] (agv_gui) StdoutLine: {'line': b'-- Found tf2_eigen: 0.13.14 (/opt/ros/foxy/share/tf2_eigen/cmake)\n'}
[7.356771] (-) TimerEvent: {}
[7.457533] (-) TimerEvent: {}
[7.558318] (-) TimerEvent: {}
[7.603912] (agv_gui) StdoutLine: {'line': b'-- Configuring done\n'}
[7.658550] (-) TimerEvent: {}
[7.759501] (-) TimerEvent: {}
[7.860286] (-) TimerEvent: {}
[7.918494] (agv_gui) StdoutLine: {'line': b'-- Generating done\n'}
[7.932297] (agv_gui) StdoutLine: {'line': b'-- Build files have been written to: /home/amr_1/agv_gui/build/agv_gui\n'}
[7.960417] (-) TimerEvent: {}
[8.061168] (-) TimerEvent: {}
[8.133837] (agv_gui) StdoutLine: {'line': b'[ 14%] Automatic MOC and UIC for target agv_gui\n'}
[8.161389] (-) TimerEvent: {}
[8.179759] (agv_gui) StdoutLine: {'line': b'AutoMoc warning\n'}
[8.180438] (agv_gui) StdoutLine: {'line': b'---------------\n'}
[8.180806] (agv_gui) StdoutLine: {'line': b'"SRC:/src/mtr_node.cpp"\n'}
[8.181169] (agv_gui) StdoutLine: {'line': b'includes the moc file "mtr_node.moc", but does not contain a Q_OBJECT, Q_GADGET or Q_NAMESPACE macro.\n'}
[8.181510] (agv_gui) StdoutLine: {'line': b'\n'}
[8.228664] (agv_gui) StdoutLine: {'line': b'[ 14%] Built target agv_gui_autogen\n'}
[8.252079] (agv_gui) StderrLine: {'line': b"make[2]: *** No rule to make target '/home/amr_1/agv_gui/src/agv_gui/mtr_node.hpp', needed by 'moc_mtr_node.cpp'.  Stop.\n"}
[8.253369] (agv_gui) StderrLine: {'line': b'make[1]: *** [CMakeFiles/Makefile2:78: CMakeFiles/agv_gui.dir/all] Error 2\n'}
[8.254191] (agv_gui) StderrLine: {'line': b'make: *** [Makefile:141: all] Error 2\n'}
[8.261702] (-) TimerEvent: {}
[8.265065] (agv_gui) CommandEnded: {'returncode': 2}
[8.362516] (-) TimerEvent: {}
[8.466159] (-) TimerEvent: {}
[8.544091] (agv_gui) JobEnded: {'identifier': 'agv_gui', 'rc': 2}
[8.555814] (-) EventReactorShutdown: {}
