[1.521s] DEBUG:colcon:Command line arguments: ['/usr/bin/colcon', 'build', '--event-handlers', 'status+', 'console_start_end+', '--cmake-args', '-G', 'CodeBlocks - Unix Makefiles', '-DCMAKE_BUILD_TYPE=Debug']
[1.522s] DEBUG:colcon:Parsed command line arguments: Namespace(allow_overriding=[], ament_cmake_args=None, base_paths=['.'], build_base='build', catkin_cmake_args=None, catkin_skip_building_tests=False, cmake_args=['-G', 'CodeBlocks - Unix Makefiles', '-DCMAKE_BUILD_TYPE=Debug'], cmake_clean_cache=False, cmake_clean_first=False, cmake_force_configure=False, cmake_target=None, cmake_target_skip_unavailable=False, continue_on_error=False, event_handlers=['status+', 'console_start_end+'], executor='parallel', ignore_user_meta=False, install_base='install', log_base=None, log_level=None, main=<bound method BuildVerb.main of <colcon_core.verb.build.BuildVerb object at 0xffff810f6580>>, merge_install=False, metas=['./colcon.meta'], packages_above=None, packages_above_and_dependencies=None, packages_above_depth=None, packages_end=None, packages_ignore=None, packages_ignore_regex=None, packages_select=None, packages_select_build_failed=False, packages_select_by_dep=None, packages_select_regex=None, packages_select_test_failures=False, packages_skip=None, packages_skip_build_finished=False, packages_skip_by_dep=None, packages_skip_regex=None, packages_skip_test_passed=False, packages_skip_up_to=None, packages_start=None, packages_up_to=None, packages_up_to_regex=None, parallel_workers=6, paths=None, symlink_install=False, test_result_base=None, verb_extension=<colcon_core.verb.build.BuildVerb object at 0xffff810f6580>, verb_name='build', verb_parser=<colcon_defaults.argument_parser.defaults.DefaultArgumentsDecorator object at 0xffff810f6ac0>)
[1.647s] Level 1:colcon.colcon_core.package_discovery:discover_packages(colcon_meta) check parameters
[1.648s] Level 1:colcon.colcon_core.package_discovery:discover_packages(recursive) check parameters
[1.648s] Level 1:colcon.colcon_core.package_discovery:discover_packages(ignore) check parameters
[1.648s] Level 1:colcon.colcon_core.package_discovery:discover_packages(path) check parameters
[1.648s] Level 1:colcon.colcon_core.package_discovery:discover_packages(colcon_meta) discover
[1.649s] Level 1:colcon.colcon_core.package_discovery:discover_packages(recursive) discover
[1.649s] INFO:colcon.colcon_core.package_discovery:Crawling recursively for packages in '/home/amr_1/agv_gui'
[1.650s] Level 1:colcon.colcon_core.package_identification:_identify(.) by extensions ['ignore', 'ignore_ament_install']
[1.650s] Level 1:colcon.colcon_core.package_identification:_identify(.) by extension 'ignore'
[1.650s] Level 1:colcon.colcon_core.package_identification:_identify(.) by extension 'ignore_ament_install'
[1.651s] Level 1:colcon.colcon_core.package_identification:_identify(.) by extensions ['colcon_pkg']
[1.651s] Level 1:colcon.colcon_core.package_identification:_identify(.) by extension 'colcon_pkg'
[1.651s] Level 1:colcon.colcon_core.package_identification:_identify(.) by extensions ['colcon_meta']
[1.651s] Level 1:colcon.colcon_core.package_identification:_identify(.) by extension 'colcon_meta'
[1.652s] Level 1:colcon.colcon_core.package_identification:_identify(.) by extensions ['ros']
[1.652s] Level 1:colcon.colcon_core.package_identification:_identify(.) by extension 'ros'
[1.741s] Level 1:colcon.colcon_core.package_identification:_identify(.) by extensions ['cmake', 'python']
[1.742s] Level 1:colcon.colcon_core.package_identification:_identify(.) by extension 'cmake'
[1.742s] Level 1:colcon.colcon_core.package_identification:_identify(.) by extension 'python'
[1.742s] Level 1:colcon.colcon_core.package_identification:_identify(.) by extensions ['python_setup_py']
[1.742s] Level 1:colcon.colcon_core.package_identification:_identify(.) by extension 'python_setup_py'
[1.743s] Level 1:colcon.colcon_core.package_identification:_identify(build) by extensions ['ignore', 'ignore_ament_install']
[1.744s] Level 1:colcon.colcon_core.package_identification:_identify(build) by extension 'ignore'
[1.744s] Level 1:colcon.colcon_core.package_identification:_identify(build) ignored
[1.744s] Level 1:colcon.colcon_core.package_identification:_identify(install) by extensions ['ignore', 'ignore_ament_install']
[1.745s] Level 1:colcon.colcon_core.package_identification:_identify(install) by extension 'ignore'
[1.745s] Level 1:colcon.colcon_core.package_identification:_identify(install) ignored
[1.746s] Level 1:colcon.colcon_core.package_identification:_identify(log) by extensions ['ignore', 'ignore_ament_install']
[1.746s] Level 1:colcon.colcon_core.package_identification:_identify(log) by extension 'ignore'
[1.746s] Level 1:colcon.colcon_core.package_identification:_identify(log) ignored
[1.747s] Level 1:colcon.colcon_core.package_identification:_identify(src) by extensions ['ignore', 'ignore_ament_install']
[1.747s] Level 1:colcon.colcon_core.package_identification:_identify(src) by extension 'ignore'
[1.747s] Level 1:colcon.colcon_core.package_identification:_identify(src) by extension 'ignore_ament_install'
[1.748s] Level 1:colcon.colcon_core.package_identification:_identify(src) by extensions ['colcon_pkg']
[1.748s] Level 1:colcon.colcon_core.package_identification:_identify(src) by extension 'colcon_pkg'
[1.748s] Level 1:colcon.colcon_core.package_identification:_identify(src) by extensions ['colcon_meta']
[1.748s] Level 1:colcon.colcon_core.package_identification:_identify(src) by extension 'colcon_meta'
[1.748s] Level 1:colcon.colcon_core.package_identification:_identify(src) by extensions ['ros']
[1.748s] Level 1:colcon.colcon_core.package_identification:_identify(src) by extension 'ros'
[1.749s] Level 1:colcon.colcon_core.package_identification:_identify(src) by extensions ['cmake', 'python']
[1.749s] Level 1:colcon.colcon_core.package_identification:_identify(src) by extension 'cmake'
[1.749s] Level 1:colcon.colcon_core.package_identification:_identify(src) by extension 'python'
[1.750s] Level 1:colcon.colcon_core.package_identification:_identify(src) by extensions ['python_setup_py']
[1.750s] Level 1:colcon.colcon_core.package_identification:_identify(src) by extension 'python_setup_py'
[1.750s] Level 1:colcon.colcon_core.package_identification:_identify(src/agv_gui) by extensions ['ignore', 'ignore_ament_install']
[1.751s] Level 1:colcon.colcon_core.package_identification:_identify(src/agv_gui) by extension 'ignore'
[1.751s] Level 1:colcon.colcon_core.package_identification:_identify(src/agv_gui) by extension 'ignore_ament_install'
[1.751s] Level 1:colcon.colcon_core.package_identification:_identify(src/agv_gui) by extensions ['colcon_pkg']
[1.751s] Level 1:colcon.colcon_core.package_identification:_identify(src/agv_gui) by extension 'colcon_pkg'
[1.751s] Level 1:colcon.colcon_core.package_identification:_identify(src/agv_gui) by extensions ['colcon_meta']
[1.752s] Level 1:colcon.colcon_core.package_identification:_identify(src/agv_gui) by extension 'colcon_meta'
[1.752s] Level 1:colcon.colcon_core.package_identification:_identify(src/agv_gui) by extensions ['ros']
[1.752s] Level 1:colcon.colcon_core.package_identification:_identify(src/agv_gui) by extension 'ros'
[1.765s] DEBUG:colcon.colcon_core.package_identification:Package 'src/agv_gui' with type 'ros.ament_cmake' and name 'agv_gui'
[1.766s] Level 1:colcon.colcon_core.package_discovery:discover_packages(recursive) using defaults
[1.766s] Level 1:colcon.colcon_core.package_discovery:discover_packages(ignore) discover
[1.766s] Level 1:colcon.colcon_core.package_discovery:discover_packages(ignore) using defaults
[1.766s] Level 1:colcon.colcon_core.package_discovery:discover_packages(path) discover
[1.766s] Level 1:colcon.colcon_core.package_discovery:discover_packages(path) using defaults
[1.855s] Level 1:colcon.colcon_core.package_discovery:discover_packages(prefix_path) check parameters
[1.856s] Level 1:colcon.colcon_core.package_discovery:discover_packages(prefix_path) discover
[1.868s] DEBUG:colcon.colcon_installed_package_information.package_discovery:Found 1 installed packages in /home/amr_1/agv_gui/install
[1.878s] DEBUG:colcon.colcon_installed_package_information.package_discovery:Found 256 installed packages in /opt/ros/foxy
[1.887s] Level 1:colcon.colcon_core.package_discovery:discover_packages(prefix_path) using defaults
[2.213s] Level 5:colcon.colcon_core.verb:set package 'agv_gui' build argument 'cmake_args' from command line to '['-G', 'CodeBlocks - Unix Makefiles', '-DCMAKE_BUILD_TYPE=Debug']'
[2.213s] Level 5:colcon.colcon_core.verb:set package 'agv_gui' build argument 'cmake_target' from command line to 'None'
[2.213s] Level 5:colcon.colcon_core.verb:set package 'agv_gui' build argument 'cmake_target_skip_unavailable' from command line to 'False'
[2.213s] Level 5:colcon.colcon_core.verb:set package 'agv_gui' build argument 'cmake_clean_cache' from command line to 'False'
[2.214s] Level 5:colcon.colcon_core.verb:set package 'agv_gui' build argument 'cmake_clean_first' from command line to 'False'
[2.214s] Level 5:colcon.colcon_core.verb:set package 'agv_gui' build argument 'cmake_force_configure' from command line to 'False'
[2.214s] Level 5:colcon.colcon_core.verb:set package 'agv_gui' build argument 'ament_cmake_args' from command line to 'None'
[2.214s] Level 5:colcon.colcon_core.verb:set package 'agv_gui' build argument 'catkin_cmake_args' from command line to 'None'
[2.214s] Level 5:colcon.colcon_core.verb:set package 'agv_gui' build argument 'catkin_skip_building_tests' from command line to 'False'
[2.215s] DEBUG:colcon.colcon_core.verb:Building package 'agv_gui' with the following arguments: {'ament_cmake_args': None, 'build_base': '/home/amr_1/agv_gui/build/agv_gui', 'catkin_cmake_args': None, 'catkin_skip_building_tests': False, 'cmake_args': ['-G', 'CodeBlocks - Unix Makefiles', '-DCMAKE_BUILD_TYPE=Debug'], 'cmake_clean_cache': False, 'cmake_clean_first': False, 'cmake_force_configure': False, 'cmake_target': None, 'cmake_target_skip_unavailable': False, 'install_base': '/home/amr_1/agv_gui/install/agv_gui', 'merge_install': False, 'path': '/home/amr_1/agv_gui/src/agv_gui', 'symlink_install': False, 'test_result_base': None}
[2.218s] INFO:colcon.colcon_core.executor:Executing jobs using 'parallel' executor
[2.235s] DEBUG:colcon.colcon_parallel_executor.executor.parallel:run_until_complete
[2.236s] INFO:colcon.colcon_ros.task.ament_cmake.build:Building ROS package in '/home/amr_1/agv_gui/src/agv_gui' with build type 'ament_cmake'
[2.237s] INFO:colcon.colcon_cmake.task.cmake.build:Building CMake package in '/home/amr_1/agv_gui/src/agv_gui'
[2.258s] INFO:colcon.colcon_core.plugin_system:Skipping extension 'colcon_core.shell.bat': Not used on non-Windows systems
[2.259s] INFO:colcon.colcon_core.shell:Skip shell extension 'powershell' for command environment: Not usable outside of PowerShell
[2.259s] DEBUG:colcon.colcon_core.shell:Skip shell extension 'dsv' for command environment
[2.331s] DEBUG:colcon.colcon_core.event_handler.log_command:Invoking command in '/home/amr_1/agv_gui/build/agv_gui': CMAKE_PREFIX_PATH=${CMAKE_PREFIX_PATH}:/opt/ros/foxy /usr/bin/cmake --build /home/amr_1/agv_gui/build/agv_gui -- -j6 -l6
[10.501s] DEBUG:colcon.colcon_core.event_handler.log_command:Invoked command in '/home/amr_1/agv_gui/build/agv_gui' returned '2': CMAKE_PREFIX_PATH=${CMAKE_PREFIX_PATH}:/opt/ros/foxy /usr/bin/cmake --build /home/amr_1/agv_gui/build/agv_gui -- -j6 -l6
[10.697s] Level 1:colcon.colcon_core.environment:create_environment_scripts_only(agv_gui)
[10.728s] Level 1:colcon.colcon_core.environment:checking '/home/amr_1/agv_gui/install/agv_gui' for CMake module files
[10.731s] Level 1:colcon.colcon_core.environment:checking '/home/amr_1/agv_gui/install/agv_gui' for CMake config files
[10.732s] Level 1:colcon.colcon_core.shell:create_environment_hook('agv_gui', 'cmake_prefix_path')
[10.738s] INFO:colcon.colcon_core.shell:Creating environment hook '/home/amr_1/agv_gui/install/agv_gui/share/agv_gui/hook/cmake_prefix_path.ps1'
[10.742s] INFO:colcon.colcon_core.shell:Creating environment descriptor '/home/amr_1/agv_gui/install/agv_gui/share/agv_gui/hook/cmake_prefix_path.dsv'
[10.744s] INFO:colcon.colcon_core.shell:Creating environment hook '/home/amr_1/agv_gui/install/agv_gui/share/agv_gui/hook/cmake_prefix_path.sh'
[10.749s] Level 1:colcon.colcon_core.environment:checking '/home/amr_1/agv_gui/install/agv_gui/lib'
[10.750s] Level 1:colcon.colcon_core.environment:checking '/home/amr_1/agv_gui/install/agv_gui/bin'
[10.750s] Level 1:colcon.colcon_core.environment:checking '/home/amr_1/agv_gui/install/agv_gui/lib/pkgconfig/agv_gui.pc'
[10.751s] Level 1:colcon.colcon_core.environment:checking '/home/amr_1/agv_gui/install/agv_gui/lib/python3.8/site-packages'
[10.752s] Level 1:colcon.colcon_core.environment:checking '/home/amr_1/agv_gui/install/agv_gui/bin'
[10.759s] INFO:colcon.colcon_core.shell:Creating package script '/home/amr_1/agv_gui/install/agv_gui/share/agv_gui/package.ps1'
[10.762s] INFO:colcon.colcon_core.shell:Creating package descriptor '/home/amr_1/agv_gui/install/agv_gui/share/agv_gui/package.dsv'
[10.765s] INFO:colcon.colcon_core.shell:Creating package script '/home/amr_1/agv_gui/install/agv_gui/share/agv_gui/package.sh'
[10.769s] INFO:colcon.colcon_core.shell:Creating package script '/home/amr_1/agv_gui/install/agv_gui/share/agv_gui/package.bash'
[10.772s] INFO:colcon.colcon_core.shell:Creating package script '/home/amr_1/agv_gui/install/agv_gui/share/agv_gui/package.zsh'
[10.775s] Level 1:colcon.colcon_core.environment:create_file_with_runtime_dependencies(/home/amr_1/agv_gui/install/agv_gui/share/colcon-core/packages/agv_gui)
[10.788s] DEBUG:colcon.colcon_parallel_executor.executor.parallel:closing loop
[10.789s] DEBUG:colcon.colcon_parallel_executor.executor.parallel:loop closed
[10.789s] DEBUG:colcon.colcon_parallel_executor.executor.parallel:run_until_complete finished with '2'
[10.789s] DEBUG:colcon.colcon_core.event_reactor:joining thread
[10.817s] INFO:colcon.colcon_core.plugin_system:Skipping extension 'colcon_notification.desktop_notification.terminal_notifier': Not used on non-Darwin systems
[10.818s] INFO:colcon.colcon_core.plugin_system:Skipping extension 'colcon_notification.desktop_notification.win32': Not used on non-Windows systems
[10.818s] INFO:colcon.colcon_notification.desktop_notification:Sending desktop notification using 'notify2'
[10.911s] DEBUG:colcon.colcon_core.event_reactor:joined thread
[10.918s] INFO:colcon.colcon_core.shell:Creating prefix script '/home/amr_1/agv_gui/install/local_setup.ps1'
[10.923s] INFO:colcon.colcon_core.shell:Creating prefix util module '/home/amr_1/agv_gui/install/_local_setup_util_ps1.py'
[10.929s] INFO:colcon.colcon_core.shell:Creating prefix chain script '/home/amr_1/agv_gui/install/setup.ps1'
[10.936s] INFO:colcon.colcon_core.shell:Creating prefix script '/home/amr_1/agv_gui/install/local_setup.sh'
[10.939s] INFO:colcon.colcon_core.shell:Creating prefix util module '/home/amr_1/agv_gui/install/_local_setup_util_sh.py'
[10.942s] INFO:colcon.colcon_core.shell:Creating prefix chain script '/home/amr_1/agv_gui/install/setup.sh'
[10.948s] INFO:colcon.colcon_core.shell:Creating prefix script '/home/amr_1/agv_gui/install/local_setup.bash'
[10.951s] INFO:colcon.colcon_core.shell:Creating prefix chain script '/home/amr_1/agv_gui/install/setup.bash'
[10.957s] INFO:colcon.colcon_core.shell:Creating prefix script '/home/amr_1/agv_gui/install/local_setup.zsh'
[10.960s] INFO:colcon.colcon_core.shell:Creating prefix chain script '/home/amr_1/agv_gui/install/setup.zsh'
