[0.025s] Invoking command in '/home/colin/agv_gui/build/amr_v4_qt': CMAKE_PREFIX_PATH=${CMAKE_PREFIX_PATH}:/opt/ros/iron /usr/bin/cmake --build /home/colin/agv_gui/build/amr_v4_qt -- -j4 -l4
[0.152s] [  2%] [34m[1mAutomatic MOC and UIC for target amr_v4_qt[0m
[0.202s] [  2%] Built target amr_v4_qt_autogen
[0.285s] [35m[1mConsolidate compiler generated dependencies of target amr_v4_qt[0m
[0.445s] [  4%] [32mBuilding CXX object CMakeFiles/amr_v4_qt.dir/include/moc_main_gui.cpp.o[0m
[0.451s] [  8%] [32mBuilding CXX object CMakeFiles/amr_v4_qt.dir/src/main_gui.cpp.o[0m
[0.451s] [  8%] [32mBuilding CXX object CMakeFiles/amr_v4_qt.dir/src/main.cpp.o[0m
[10.024s] [01m[K/home/colin/agv_gui/src/amr_v4_qt/src/main_gui.cpp:[m[K In member function ‘[01m[Kint MainGui::getWifiSignalStrength()[m[K’:
[10.024s] [01m[K/home/colin/agv_gui/src/amr_v4_qt/src/main_gui.cpp:155:18:[m[K [01;35m[Kwarning: [m[K‘[01m[Kvoid QProcess::start(const QString&, QIODevice::OpenMode)[m[K’ is deprecated: Use QProcess::start(const QString &program, const QStringList &arguments,OpenMode mode = ReadWrite) instead [[01;35m[K]8;;https://gcc.gnu.org/onlinedocs/gcc/Warning-Options.html#index-Wdeprecated-declarations-Wdeprecated-declarations]8;;[m[K]
[10.025s]   155 |     [01;35m[Kprocess.start("iwconfig")[m[K;
[10.025s]       |     [01;35m[K~~~~~~~~~~~~~^~~~~~~~~~~~[m[K
[10.026s] In file included from [01m[K/usr/include/x86_64-linux-gnu/qt5/QtCore/QProcess:1[m[K,
[10.027s]                  from [01m[K/home/colin/agv_gui/src/amr_v4_qt/src/main_gui.cpp:5[m[K:
[10.027s] [01m[K/usr/include/x86_64-linux-gnu/qt5/QtCore/qprocess.h:168:10:[m[K [01;36m[Knote: [m[Kdeclared here
[10.028s]   168 |     void [01;36m[Kstart[m[K(const QString &command, OpenMode mode = ReadWrite);
[10.029s]       |          [01;36m[K^~~~~[m[K
[11.829s] [ 10%] [32m[1mLinking CXX executable amr_v4_qt[0m
[18.200s] /usr/bin/ld: CMakeFiles/amr_v4_qt.dir/src/main.cpp.o: in function `void __gnu_cxx::new_allocator<EstopPublisher>::construct<EstopPublisher, char const (&) [16]>(EstopPublisher*, char const (&) [16])':
[18.200s] main.cpp:(.text._ZN9__gnu_cxx13new_allocatorI14EstopPublisherE9constructIS1_JRA16_KcEEEvPT_DpOT0_[_ZN9__gnu_cxx13new_allocatorI14EstopPublisherE9constructIS1_JRA16_KcEEEvPT_DpOT0_]+0x79): undefined reference to `EstopPublisher::EstopPublisher(std::__cxx11::basic_string<char, std::char_traits<char>, std::allocator<char> > const&)'
[18.201s] /usr/bin/ld: CMakeFiles/amr_v4_qt.dir/src/main_gui.cpp.o: in function `MainGui::MainGui(std::shared_ptr<BatterySub>, std::shared_ptr<RobotSub>, std::shared_ptr<MotorSub>, std::shared_ptr<HealthSub>, std::shared_ptr<RunningSub>, std::shared_ptr<EstopPublisher>, QWidget*)':
[18.201s] main_gui.cpp:(.text+0x6e1): undefined reference to `EstopPublisher::topic_callback()'
[18.336s] collect2: error: ld returned 1 exit status
[18.337s] gmake[2]: *** [CMakeFiles/amr_v4_qt.dir/build.make:839: amr_v4_qt] Error 1
[18.339s] gmake[1]: *** [CMakeFiles/Makefile2:138: CMakeFiles/amr_v4_qt.dir/all] Error 2
[18.339s] gmake: *** [Makefile:146: all] Error 2
[18.340s] Invoked command in '/home/colin/agv_gui/build/amr_v4_qt' returned '2': CMAKE_PREFIX_PATH=${CMAKE_PREFIX_PATH}:/opt/ros/iron /usr/bin/cmake --build /home/colin/agv_gui/build/amr_v4_qt -- -j4 -l4
