[11.303s] DEBUG:colcon:Command line arguments: ['/usr/bin/colcon', 'build']
[11.304s] DEBUG:colcon:Parsed command line arguments: Namespace(allow_overriding=[], ament_cmake_args=None, base_paths=['.'], build_base='build', catkin_cmake_args=None, catkin_skip_building_tests=False, cmake_args=None, cmake_clean_cache=False, cmake_clean_first=False, cmake_force_configure=False, cmake_target=None, cmake_target_skip_unavailable=False, continue_on_error=False, event_handlers=None, executor='parallel', ignore_user_meta=False, install_base='install', log_base=None, log_level=None, main=<bound method BuildVerb.main of <colcon_core.verb.build.BuildVerb object at 0xffffb7735fa0>>, merge_install=False, metas=['./colcon.meta'], packages_above=None, packages_above_and_dependencies=None, packages_above_depth=None, packages_end=None, packages_ignore=None, packages_ignore_regex=None, packages_select=None, packages_select_build_failed=False, packages_select_by_dep=None, packages_select_regex=None, packages_select_test_failures=False, packages_skip=None, packages_skip_build_finished=False, packages_skip_by_dep=None, packages_skip_regex=None, packages_skip_test_passed=False, packages_skip_up_to=None, packages_start=None, packages_up_to=None, packages_up_to_regex=None, parallel_workers=6, paths=None, symlink_install=False, test_result_base=None, verb_extension=<colcon_core.verb.build.BuildVerb object at 0xffffb7735fa0>, verb_name='build', verb_parser=<colcon_defaults.argument_parser.defaults.DefaultArgumentsDecorator object at 0xffffb7735100>)
[11.817s] Level 1:colcon.colcon_core.package_discovery:discover_packages(colcon_meta) check parameters
[11.818s] Level 1:colcon.colcon_core.package_discovery:discover_packages(recursive) check parameters
[11.818s] Level 1:colcon.colcon_core.package_discovery:discover_packages(ignore) check parameters
[11.818s] Level 1:colcon.colcon_core.package_discovery:discover_packages(path) check parameters
[11.818s] Level 1:colcon.colcon_core.package_discovery:discover_packages(colcon_meta) discover
[11.819s] Level 1:colcon.colcon_core.package_discovery:discover_packages(recursive) discover
[11.819s] INFO:colcon.colcon_core.package_discovery:Crawling recursively for packages in '/home/colin/agv_gui'
[11.820s] Level 1:colcon.colcon_core.package_identification:_identify(.) by extensions ['ignore', 'ignore_ament_install']
[11.820s] Level 1:colcon.colcon_core.package_identification:_identify(.) by extension 'ignore'
[11.821s] Level 1:colcon.colcon_core.package_identification:_identify(.) by extension 'ignore_ament_install'
[11.821s] Level 1:colcon.colcon_core.package_identification:_identify(.) by extensions ['colcon_pkg']
[11.821s] Level 1:colcon.colcon_core.package_identification:_identify(.) by extension 'colcon_pkg'
[11.822s] Level 1:colcon.colcon_core.package_identification:_identify(.) by extensions ['colcon_meta']
[11.822s] Level 1:colcon.colcon_core.package_identification:_identify(.) by extension 'colcon_meta'
[11.822s] Level 1:colcon.colcon_core.package_identification:_identify(.) by extensions ['ros']
[11.822s] Level 1:colcon.colcon_core.package_identification:_identify(.) by extension 'ros'
[11.890s] Level 1:colcon.colcon_core.package_identification:_identify(.) by extensions ['cmake', 'python']
[11.891s] Level 1:colcon.colcon_core.package_identification:_identify(.) by extension 'cmake'
[11.891s] Level 1:colcon.colcon_core.package_identification:_identify(.) by extension 'python'
[11.892s] Level 1:colcon.colcon_core.package_identification:_identify(.) by extensions ['python_setup_py']
[11.892s] Level 1:colcon.colcon_core.package_identification:_identify(.) by extension 'python_setup_py'
[11.893s] Level 1:colcon.colcon_core.package_identification:_identify(amr_v4_msgs_srvs) by extensions ['ignore', 'ignore_ament_install']
[11.894s] Level 1:colcon.colcon_core.package_identification:_identify(amr_v4_msgs_srvs) by extension 'ignore'
[11.894s] Level 1:colcon.colcon_core.package_identification:_identify(amr_v4_msgs_srvs) by extension 'ignore_ament_install'
[11.895s] Level 1:colcon.colcon_core.package_identification:_identify(amr_v4_msgs_srvs) by extensions ['colcon_pkg']
[11.895s] Level 1:colcon.colcon_core.package_identification:_identify(amr_v4_msgs_srvs) by extension 'colcon_pkg'
[11.895s] Level 1:colcon.colcon_core.package_identification:_identify(amr_v4_msgs_srvs) by extensions ['colcon_meta']
[11.895s] Level 1:colcon.colcon_core.package_identification:_identify(amr_v4_msgs_srvs) by extension 'colcon_meta'
[11.896s] Level 1:colcon.colcon_core.package_identification:_identify(amr_v4_msgs_srvs) by extensions ['ros']
[11.896s] Level 1:colcon.colcon_core.package_identification:_identify(amr_v4_msgs_srvs) by extension 'ros'
[11.909s] DEBUG:colcon.colcon_core.package_identification:Package 'amr_v4_msgs_srvs' with type 'ros.ament_cmake' and name 'amr_v4_msgs_srvs'
[11.911s] Level 1:colcon.colcon_core.package_identification:_identify(amr_v4_qt) by extensions ['ignore', 'ignore_ament_install']
[11.911s] Level 1:colcon.colcon_core.package_identification:_identify(amr_v4_qt) by extension 'ignore'
[11.912s] Level 1:colcon.colcon_core.package_identification:_identify(amr_v4_qt) by extension 'ignore_ament_install'
[11.912s] Level 1:colcon.colcon_core.package_identification:_identify(amr_v4_qt) by extensions ['colcon_pkg']
[11.913s] Level 1:colcon.colcon_core.package_identification:_identify(amr_v4_qt) by extension 'colcon_pkg'
[11.913s] Level 1:colcon.colcon_core.package_identification:_identify(amr_v4_qt) by extensions ['colcon_meta']
[11.913s] Level 1:colcon.colcon_core.package_identification:_identify(amr_v4_qt) by extension 'colcon_meta'
[11.914s] Level 1:colcon.colcon_core.package_identification:_identify(amr_v4_qt) by extensions ['ros']
[11.914s] Level 1:colcon.colcon_core.package_identification:_identify(amr_v4_qt) by extension 'ros'
[11.921s] DEBUG:colcon.colcon_core.package_identification:Package 'amr_v4_qt' with type 'ros.ament_cmake' and name 'amr_v4_qt'
[11.922s] Level 1:colcon.colcon_core.package_identification:_identify(build) by extensions ['ignore', 'ignore_ament_install']
[11.922s] Level 1:colcon.colcon_core.package_identification:_identify(build) by extension 'ignore'
[11.923s] Level 1:colcon.colcon_core.package_identification:_identify(build) ignored
[11.924s] Level 1:colcon.colcon_core.package_identification:_identify(install) by extensions ['ignore', 'ignore_ament_install']
[11.925s] Level 1:colcon.colcon_core.package_identification:_identify(install) by extension 'ignore'
[11.925s] Level 1:colcon.colcon_core.package_identification:_identify(install) ignored
[11.926s] Level 1:colcon.colcon_core.package_identification:_identify(log) by extensions ['ignore', 'ignore_ament_install']
[11.926s] Level 1:colcon.colcon_core.package_identification:_identify(log) by extension 'ignore'
[11.926s] Level 1:colcon.colcon_core.package_identification:_identify(log) ignored
[11.927s] Level 1:colcon.colcon_core.package_identification:_identify(src) by extensions ['ignore', 'ignore_ament_install']
[11.928s] Level 1:colcon.colcon_core.package_identification:_identify(src) by extension 'ignore'
[11.928s] Level 1:colcon.colcon_core.package_identification:_identify(src) by extension 'ignore_ament_install'
[11.928s] Level 1:colcon.colcon_core.package_identification:_identify(src) by extensions ['colcon_pkg']
[11.929s] Level 1:colcon.colcon_core.package_identification:_identify(src) by extension 'colcon_pkg'
[11.929s] Level 1:colcon.colcon_core.package_identification:_identify(src) by extensions ['colcon_meta']
[11.929s] Level 1:colcon.colcon_core.package_identification:_identify(src) by extension 'colcon_meta'
[11.930s] Level 1:colcon.colcon_core.package_identification:_identify(src) by extensions ['ros']
[11.930s] Level 1:colcon.colcon_core.package_identification:_identify(src) by extension 'ros'
[11.930s] Level 1:colcon.colcon_core.package_identification:_identify(src) by extensions ['cmake', 'python']
[11.931s] Level 1:colcon.colcon_core.package_identification:_identify(src) by extension 'cmake'
[11.931s] Level 1:colcon.colcon_core.package_identification:_identify(src) by extension 'python'
[11.931s] Level 1:colcon.colcon_core.package_identification:_identify(src) by extensions ['python_setup_py']
[11.932s] Level 1:colcon.colcon_core.package_identification:_identify(src) by extension 'python_setup_py'
[11.932s] Level 1:colcon.colcon_core.package_discovery:discover_packages(recursive) using defaults
[11.932s] Level 1:colcon.colcon_core.package_discovery:discover_packages(ignore) discover
[11.932s] Level 1:colcon.colcon_core.package_discovery:discover_packages(ignore) using defaults
[11.933s] Level 1:colcon.colcon_core.package_discovery:discover_packages(path) discover
[11.933s] Level 1:colcon.colcon_core.package_discovery:discover_packages(path) using defaults
[12.890s] Level 1:colcon.colcon_core.package_discovery:discover_packages(prefix_path) check parameters
[12.890s] Level 1:colcon.colcon_core.package_discovery:discover_packages(prefix_path) discover
[13.254s] DEBUG:colcon.colcon_installed_package_information.package_discovery:Found 2 installed packages in /home/colin/agv_gui/install
[13.442s] DEBUG:colcon.colcon_installed_package_information.package_discovery:Found 268 installed packages in /opt/ros/galactic
[13.451s] Level 1:colcon.colcon_core.package_discovery:discover_packages(prefix_path) using defaults
[14.281s] Level 5:colcon.colcon_core.verb:set package 'amr_v4_msgs_srvs' build argument 'cmake_args' from command line to 'None'
[14.282s] Level 5:colcon.colcon_core.verb:set package 'amr_v4_msgs_srvs' build argument 'cmake_target' from command line to 'None'
[14.282s] Level 5:colcon.colcon_core.verb:set package 'amr_v4_msgs_srvs' build argument 'cmake_target_skip_unavailable' from command line to 'False'
[14.282s] Level 5:colcon.colcon_core.verb:set package 'amr_v4_msgs_srvs' build argument 'cmake_clean_cache' from command line to 'False'
[14.282s] Level 5:colcon.colcon_core.verb:set package 'amr_v4_msgs_srvs' build argument 'cmake_clean_first' from command line to 'False'
[14.283s] Level 5:colcon.colcon_core.verb:set package 'amr_v4_msgs_srvs' build argument 'cmake_force_configure' from command line to 'False'
[14.283s] Level 5:colcon.colcon_core.verb:set package 'amr_v4_msgs_srvs' build argument 'ament_cmake_args' from command line to 'None'
[14.283s] Level 5:colcon.colcon_core.verb:set package 'amr_v4_msgs_srvs' build argument 'catkin_cmake_args' from command line to 'None'
[14.283s] Level 5:colcon.colcon_core.verb:set package 'amr_v4_msgs_srvs' build argument 'catkin_skip_building_tests' from command line to 'False'
[14.284s] DEBUG:colcon.colcon_core.verb:Building package 'amr_v4_msgs_srvs' with the following arguments: {'ament_cmake_args': None, 'build_base': '/home/colin/agv_gui/build/amr_v4_msgs_srvs', 'catkin_cmake_args': None, 'catkin_skip_building_tests': False, 'cmake_args': None, 'cmake_clean_cache': False, 'cmake_clean_first': False, 'cmake_force_configure': False, 'cmake_target': None, 'cmake_target_skip_unavailable': False, 'install_base': '/home/colin/agv_gui/install/amr_v4_msgs_srvs', 'merge_install': False, 'path': '/home/colin/agv_gui/amr_v4_msgs_srvs', 'symlink_install': False, 'test_result_base': None}
[14.468s] Level 5:colcon.colcon_core.verb:set package 'amr_v4_qt' build argument 'cmake_args' from command line to 'None'
[14.468s] Level 5:colcon.colcon_core.verb:set package 'amr_v4_qt' build argument 'cmake_target' from command line to 'None'
[14.468s] Level 5:colcon.colcon_core.verb:set package 'amr_v4_qt' build argument 'cmake_target_skip_unavailable' from command line to 'False'
[14.468s] Level 5:colcon.colcon_core.verb:set package 'amr_v4_qt' build argument 'cmake_clean_cache' from command line to 'False'
[14.469s] Level 5:colcon.colcon_core.verb:set package 'amr_v4_qt' build argument 'cmake_clean_first' from command line to 'False'
[14.469s] Level 5:colcon.colcon_core.verb:set package 'amr_v4_qt' build argument 'cmake_force_configure' from command line to 'False'
[14.469s] Level 5:colcon.colcon_core.verb:set package 'amr_v4_qt' build argument 'ament_cmake_args' from command line to 'None'
[14.469s] Level 5:colcon.colcon_core.verb:set package 'amr_v4_qt' build argument 'catkin_cmake_args' from command line to 'None'
[14.469s] Level 5:colcon.colcon_core.verb:set package 'amr_v4_qt' build argument 'catkin_skip_building_tests' from command line to 'False'
[14.470s] DEBUG:colcon.colcon_core.verb:Building package 'amr_v4_qt' with the following arguments: {'ament_cmake_args': None, 'build_base': '/home/colin/agv_gui/build/amr_v4_qt', 'catkin_cmake_args': None, 'catkin_skip_building_tests': False, 'cmake_args': None, 'cmake_clean_cache': False, 'cmake_clean_first': False, 'cmake_force_configure': False, 'cmake_target': None, 'cmake_target_skip_unavailable': False, 'install_base': '/home/colin/agv_gui/install/amr_v4_qt', 'merge_install': False, 'path': '/home/colin/agv_gui/amr_v4_qt', 'symlink_install': False, 'test_result_base': None}
[14.650s] INFO:colcon.colcon_core.executor:Executing jobs using 'parallel' executor
[14.841s] DEBUG:colcon.colcon_parallel_executor.executor.parallel:run_until_complete
[14.848s] INFO:colcon.colcon_ros.task.ament_cmake.build:Building ROS package in '/home/colin/agv_gui/amr_v4_msgs_srvs' with build type 'ament_cmake'
[14.849s] INFO:colcon.colcon_cmake.task.cmake.build:Building CMake package in '/home/colin/agv_gui/amr_v4_msgs_srvs'
[15.069s] INFO:colcon.colcon_core.plugin_system:Skipping extension 'colcon_core.shell.bat': Not used on non-Windows systems
[15.069s] INFO:colcon.colcon_core.shell:Skip shell extension 'powershell' for command environment: Not usable outside of PowerShell
[15.070s] DEBUG:colcon.colcon_core.shell:Skip shell extension 'dsv' for command environment
[15.741s] DEBUG:colcon.colcon_core.event_handler.log_command:Invoking command in '/home/colin/agv_gui/build/amr_v4_msgs_srvs': CMAKE_PREFIX_PATH=${CMAKE_PREFIX_PATH}:/opt/ros/galactic /usr/bin/cmake --build /home/colin/agv_gui/build/amr_v4_msgs_srvs -- -j6 -l6
[16.990s] DEBUG:colcon.colcon_core.event_handler.log_command:Invoked command in '/home/colin/agv_gui/build/amr_v4_msgs_srvs' returned '0': CMAKE_PREFIX_PATH=${CMAKE_PREFIX_PATH}:/opt/ros/galactic /usr/bin/cmake --build /home/colin/agv_gui/build/amr_v4_msgs_srvs -- -j6 -l6
[17.680s] DEBUG:colcon.colcon_core.event_handler.log_command:Invoking command in '/home/colin/agv_gui/build/amr_v4_msgs_srvs': CMAKE_PREFIX_PATH=${CMAKE_PREFIX_PATH}:/opt/ros/galactic /usr/bin/cmake --install /home/colin/agv_gui/build/amr_v4_msgs_srvs
[18.041s] Level 1:colcon.colcon_core.environment:create_environment_scripts_only(amr_v4_msgs_srvs)
[18.047s] DEBUG:colcon.colcon_core.event_handler.log_command:Invoked command in '/home/colin/agv_gui/build/amr_v4_msgs_srvs' returned '0': CMAKE_PREFIX_PATH=${CMAKE_PREFIX_PATH}:/opt/ros/galactic /usr/bin/cmake --install /home/colin/agv_gui/build/amr_v4_msgs_srvs
[18.312s] Level 1:colcon.colcon_core.environment:checking '/home/colin/agv_gui/install/amr_v4_msgs_srvs' for CMake module files
[18.317s] Level 1:colcon.colcon_core.environment:checking '/home/colin/agv_gui/install/amr_v4_msgs_srvs' for CMake config files
[18.319s] Level 1:colcon.colcon_core.shell:create_environment_hook('amr_v4_msgs_srvs', 'cmake_prefix_path')
[18.529s] INFO:colcon.colcon_core.shell:Creating environment hook '/home/colin/agv_gui/install/amr_v4_msgs_srvs/share/amr_v4_msgs_srvs/hook/cmake_prefix_path.ps1'
[18.534s] INFO:colcon.colcon_core.shell:Creating environment descriptor '/home/colin/agv_gui/install/amr_v4_msgs_srvs/share/amr_v4_msgs_srvs/hook/cmake_prefix_path.dsv'
[18.537s] INFO:colcon.colcon_core.shell:Creating environment hook '/home/colin/agv_gui/install/amr_v4_msgs_srvs/share/amr_v4_msgs_srvs/hook/cmake_prefix_path.sh'
[18.543s] Level 1:colcon.colcon_core.environment:checking '/home/colin/agv_gui/install/amr_v4_msgs_srvs/lib'
[18.544s] Level 1:colcon.colcon_core.shell:create_environment_hook('amr_v4_msgs_srvs', 'ld_library_path_lib')
[18.746s] INFO:colcon.colcon_core.shell:Creating environment hook '/home/colin/agv_gui/install/amr_v4_msgs_srvs/share/amr_v4_msgs_srvs/hook/ld_library_path_lib.ps1'
[18.748s] INFO:colcon.colcon_core.shell:Creating environment descriptor '/home/colin/agv_gui/install/amr_v4_msgs_srvs/share/amr_v4_msgs_srvs/hook/ld_library_path_lib.dsv'
[18.750s] INFO:colcon.colcon_core.shell:Creating environment hook '/home/colin/agv_gui/install/amr_v4_msgs_srvs/share/amr_v4_msgs_srvs/hook/ld_library_path_lib.sh'
[18.753s] Level 1:colcon.colcon_core.environment:checking '/home/colin/agv_gui/install/amr_v4_msgs_srvs/bin'
[18.753s] Level 1:colcon.colcon_core.environment:checking '/home/colin/agv_gui/install/amr_v4_msgs_srvs/lib/pkgconfig/amr_v4_msgs_srvs.pc'
[18.755s] Level 1:colcon.colcon_core.environment:checking '/home/colin/agv_gui/install/amr_v4_msgs_srvs/lib/python3.8/site-packages'
[18.755s] Level 1:colcon.colcon_core.shell:create_environment_hook('amr_v4_msgs_srvs', 'pythonpath')
[18.960s] INFO:colcon.colcon_core.shell:Creating environment hook '/home/colin/agv_gui/install/amr_v4_msgs_srvs/share/amr_v4_msgs_srvs/hook/pythonpath.ps1'
[18.963s] INFO:colcon.colcon_core.shell:Creating environment descriptor '/home/colin/agv_gui/install/amr_v4_msgs_srvs/share/amr_v4_msgs_srvs/hook/pythonpath.dsv'
[18.965s] INFO:colcon.colcon_core.shell:Creating environment hook '/home/colin/agv_gui/install/amr_v4_msgs_srvs/share/amr_v4_msgs_srvs/hook/pythonpath.sh'
[18.968s] Level 1:colcon.colcon_core.environment:checking '/home/colin/agv_gui/install/amr_v4_msgs_srvs/bin'
[19.166s] INFO:colcon.colcon_core.shell:Creating package script '/home/colin/agv_gui/install/amr_v4_msgs_srvs/share/amr_v4_msgs_srvs/package.ps1'
[19.173s] INFO:colcon.colcon_core.shell:Creating package descriptor '/home/colin/agv_gui/install/amr_v4_msgs_srvs/share/amr_v4_msgs_srvs/package.dsv'
[19.177s] INFO:colcon.colcon_core.shell:Creating package script '/home/colin/agv_gui/install/amr_v4_msgs_srvs/share/amr_v4_msgs_srvs/package.sh'
[19.181s] INFO:colcon.colcon_core.shell:Creating package script '/home/colin/agv_gui/install/amr_v4_msgs_srvs/share/amr_v4_msgs_srvs/package.bash'
[19.185s] INFO:colcon.colcon_core.shell:Creating package script '/home/colin/agv_gui/install/amr_v4_msgs_srvs/share/amr_v4_msgs_srvs/package.zsh'
[19.189s] Level 1:colcon.colcon_core.environment:create_file_with_runtime_dependencies(/home/colin/agv_gui/install/amr_v4_msgs_srvs/share/colcon-core/packages/amr_v4_msgs_srvs)
[20.006s] Level 1:colcon.colcon_core.environment:create_environment_scripts_only(amr_v4_msgs_srvs)
[20.208s] Level 1:colcon.colcon_core.environment:checking '/home/colin/agv_gui/install/amr_v4_msgs_srvs' for CMake module files
[20.212s] Level 1:colcon.colcon_core.environment:checking '/home/colin/agv_gui/install/amr_v4_msgs_srvs' for CMake config files
[20.214s] Level 1:colcon.colcon_core.shell:create_environment_hook('amr_v4_msgs_srvs', 'cmake_prefix_path')
[20.416s] INFO:colcon.colcon_core.shell:Creating environment hook '/home/colin/agv_gui/install/amr_v4_msgs_srvs/share/amr_v4_msgs_srvs/hook/cmake_prefix_path.ps1'
[20.420s] INFO:colcon.colcon_core.shell:Creating environment descriptor '/home/colin/agv_gui/install/amr_v4_msgs_srvs/share/amr_v4_msgs_srvs/hook/cmake_prefix_path.dsv'
[20.422s] INFO:colcon.colcon_core.shell:Creating environment hook '/home/colin/agv_gui/install/amr_v4_msgs_srvs/share/amr_v4_msgs_srvs/hook/cmake_prefix_path.sh'
[20.426s] Level 1:colcon.colcon_core.environment:checking '/home/colin/agv_gui/install/amr_v4_msgs_srvs/lib'
[20.426s] Level 1:colcon.colcon_core.shell:create_environment_hook('amr_v4_msgs_srvs', 'ld_library_path_lib')
[20.627s] INFO:colcon.colcon_core.shell:Creating environment hook '/home/colin/agv_gui/install/amr_v4_msgs_srvs/share/amr_v4_msgs_srvs/hook/ld_library_path_lib.ps1'
[20.630s] INFO:colcon.colcon_core.shell:Creating environment descriptor '/home/colin/agv_gui/install/amr_v4_msgs_srvs/share/amr_v4_msgs_srvs/hook/ld_library_path_lib.dsv'
[20.632s] INFO:colcon.colcon_core.shell:Creating environment hook '/home/colin/agv_gui/install/amr_v4_msgs_srvs/share/amr_v4_msgs_srvs/hook/ld_library_path_lib.sh'
[20.634s] Level 1:colcon.colcon_core.environment:checking '/home/colin/agv_gui/install/amr_v4_msgs_srvs/bin'
[20.634s] Level 1:colcon.colcon_core.environment:checking '/home/colin/agv_gui/install/amr_v4_msgs_srvs/lib/pkgconfig/amr_v4_msgs_srvs.pc'
[20.636s] Level 1:colcon.colcon_core.environment:checking '/home/colin/agv_gui/install/amr_v4_msgs_srvs/lib/python3.8/site-packages'
[20.636s] Level 1:colcon.colcon_core.shell:create_environment_hook('amr_v4_msgs_srvs', 'pythonpath')
[20.839s] INFO:colcon.colcon_core.shell:Creating environment hook '/home/colin/agv_gui/install/amr_v4_msgs_srvs/share/amr_v4_msgs_srvs/hook/pythonpath.ps1'
[20.842s] INFO:colcon.colcon_core.shell:Creating environment descriptor '/home/colin/agv_gui/install/amr_v4_msgs_srvs/share/amr_v4_msgs_srvs/hook/pythonpath.dsv'
[20.843s] INFO:colcon.colcon_core.shell:Creating environment hook '/home/colin/agv_gui/install/amr_v4_msgs_srvs/share/amr_v4_msgs_srvs/hook/pythonpath.sh'
[20.846s] Level 1:colcon.colcon_core.environment:checking '/home/colin/agv_gui/install/amr_v4_msgs_srvs/bin'
[21.051s] INFO:colcon.colcon_core.shell:Creating package script '/home/colin/agv_gui/install/amr_v4_msgs_srvs/share/amr_v4_msgs_srvs/package.ps1'
[21.055s] INFO:colcon.colcon_core.shell:Creating package descriptor '/home/colin/agv_gui/install/amr_v4_msgs_srvs/share/amr_v4_msgs_srvs/package.dsv'
[21.059s] INFO:colcon.colcon_core.shell:Creating package script '/home/colin/agv_gui/install/amr_v4_msgs_srvs/share/amr_v4_msgs_srvs/package.sh'
[21.062s] INFO:colcon.colcon_core.shell:Creating package script '/home/colin/agv_gui/install/amr_v4_msgs_srvs/share/amr_v4_msgs_srvs/package.bash'
[21.064s] INFO:colcon.colcon_core.shell:Creating package script '/home/colin/agv_gui/install/amr_v4_msgs_srvs/share/amr_v4_msgs_srvs/package.zsh'
[21.067s] Level 1:colcon.colcon_core.environment:create_file_with_runtime_dependencies(/home/colin/agv_gui/install/amr_v4_msgs_srvs/share/colcon-core/packages/amr_v4_msgs_srvs)
[21.071s] INFO:colcon.colcon_ros.task.ament_cmake.build:Building ROS package in '/home/colin/agv_gui/amr_v4_qt' with build type 'ament_cmake'
[21.074s] INFO:colcon.colcon_cmake.task.cmake.build:Building CMake package in '/home/colin/agv_gui/amr_v4_qt'
[21.295s] INFO:colcon.colcon_core.shell:Skip shell extension 'powershell' for command environment: Not usable outside of PowerShell
[21.295s] DEBUG:colcon.colcon_core.shell:Skip shell extension 'dsv' for command environment
[22.014s] DEBUG:colcon.colcon_core.event_handler.log_command:Invoking command in '/home/colin/agv_gui/build/amr_v4_qt': CMAKE_PREFIX_PATH=/home/colin/agv_gui/install/amr_v4_msgs_srvs:/home/colin/agv_gui/install/amr_v4_qt:/opt/ros/galactic /usr/bin/cmake --build /home/colin/agv_gui/build/amr_v4_qt -- -j6 -l6
[22.371s] DEBUG:colcon.colcon_core.event_handler.log_command:Invoked command in '/home/colin/agv_gui/build/amr_v4_qt' returned '2': CMAKE_PREFIX_PATH=/home/colin/agv_gui/install/amr_v4_msgs_srvs:/home/colin/agv_gui/install/amr_v4_qt:/opt/ros/galactic /usr/bin/cmake --build /home/colin/agv_gui/build/amr_v4_qt -- -j6 -l6
[23.116s] Level 1:colcon.colcon_core.environment:create_environment_scripts_only(amr_v4_qt)
[23.349s] Level 1:colcon.colcon_core.environment:checking '/home/colin/agv_gui/install/amr_v4_qt' for CMake module files
[23.352s] Level 1:colcon.colcon_core.environment:checking '/home/colin/agv_gui/install/amr_v4_qt' for CMake config files
[23.353s] Level 1:colcon.colcon_core.shell:create_environment_hook('amr_v4_qt', 'cmake_prefix_path')
[23.578s] INFO:colcon.colcon_core.shell:Creating environment hook '/home/colin/agv_gui/install/amr_v4_qt/share/amr_v4_qt/hook/cmake_prefix_path.ps1'
[23.581s] INFO:colcon.colcon_core.shell:Creating environment descriptor '/home/colin/agv_gui/install/amr_v4_qt/share/amr_v4_qt/hook/cmake_prefix_path.dsv'
[23.584s] INFO:colcon.colcon_core.shell:Creating environment hook '/home/colin/agv_gui/install/amr_v4_qt/share/amr_v4_qt/hook/cmake_prefix_path.sh'
[23.588s] Level 1:colcon.colcon_core.environment:checking '/home/colin/agv_gui/install/amr_v4_qt/lib'
[23.589s] Level 1:colcon.colcon_core.environment:checking '/home/colin/agv_gui/install/amr_v4_qt/bin'
[23.589s] Level 1:colcon.colcon_core.environment:checking '/home/colin/agv_gui/install/amr_v4_qt/lib/pkgconfig/amr_v4_qt.pc'
[23.591s] Level 1:colcon.colcon_core.environment:checking '/home/colin/agv_gui/install/amr_v4_qt/lib/python3.8/site-packages'
[23.591s] Level 1:colcon.colcon_core.environment:checking '/home/colin/agv_gui/install/amr_v4_qt/bin'
[23.815s] INFO:colcon.colcon_core.shell:Creating package script '/home/colin/agv_gui/install/amr_v4_qt/share/amr_v4_qt/package.ps1'
[23.818s] INFO:colcon.colcon_core.shell:Creating package descriptor '/home/colin/agv_gui/install/amr_v4_qt/share/amr_v4_qt/package.dsv'
[23.821s] INFO:colcon.colcon_core.shell:Creating package script '/home/colin/agv_gui/install/amr_v4_qt/share/amr_v4_qt/package.sh'
[23.824s] INFO:colcon.colcon_core.shell:Creating package script '/home/colin/agv_gui/install/amr_v4_qt/share/amr_v4_qt/package.bash'
[23.826s] INFO:colcon.colcon_core.shell:Creating package script '/home/colin/agv_gui/install/amr_v4_qt/share/amr_v4_qt/package.zsh'
[23.829s] Level 1:colcon.colcon_core.environment:create_file_with_runtime_dependencies(/home/colin/agv_gui/install/amr_v4_qt/share/colcon-core/packages/amr_v4_qt)
[23.843s] DEBUG:colcon.colcon_parallel_executor.executor.parallel:closing loop
[23.845s] DEBUG:colcon.colcon_parallel_executor.executor.parallel:loop closed
[23.846s] DEBUG:colcon.colcon_parallel_executor.executor.parallel:run_until_complete finished with '2'
[23.846s] DEBUG:colcon.colcon_core.event_reactor:joining thread
[24.094s] INFO:colcon.colcon_core.plugin_system:Skipping extension 'colcon_notification.desktop_notification.terminal_notifier': Not used on non-Darwin systems
[24.094s] INFO:colcon.colcon_core.plugin_system:Skipping extension 'colcon_notification.desktop_notification.win32': Not used on non-Windows systems
[24.094s] INFO:colcon.colcon_notification.desktop_notification:Sending desktop notification using 'notify2'
[24.189s] DEBUG:colcon.colcon_core.event_reactor:joined thread
[24.413s] INFO:colcon.colcon_core.shell:Creating prefix script '/home/colin/agv_gui/install/local_setup.ps1'
[24.419s] INFO:colcon.colcon_core.shell:Creating prefix util module '/home/colin/agv_gui/install/_local_setup_util_ps1.py'
[24.426s] INFO:colcon.colcon_core.shell:Creating prefix chain script '/home/colin/agv_gui/install/setup.ps1'
[24.699s] INFO:colcon.colcon_core.shell:Creating prefix script '/home/colin/agv_gui/install/local_setup.sh'
[24.703s] INFO:colcon.colcon_core.shell:Creating prefix util module '/home/colin/agv_gui/install/_local_setup_util_sh.py'
[24.705s] INFO:colcon.colcon_core.shell:Creating prefix chain script '/home/colin/agv_gui/install/setup.sh'
[24.924s] INFO:colcon.colcon_core.shell:Creating prefix script '/home/colin/agv_gui/install/local_setup.bash'
[24.927s] INFO:colcon.colcon_core.shell:Creating prefix chain script '/home/colin/agv_gui/install/setup.bash'
[25.137s] INFO:colcon.colcon_core.shell:Creating prefix script '/home/colin/agv_gui/install/local_setup.zsh'
[25.140s] INFO:colcon.colcon_core.shell:Creating prefix chain script '/home/colin/agv_gui/install/setup.zsh'
