[0.603s] Invoking command in '/home/colin/agv_gui/build/agv_gui': CMAKE_PREFIX_PATH=${CMAKE_PREFIX_PATH}:/opt/ros/galactic /usr/bin/cmake --build /home/colin/agv_gui/build/agv_gui -- -j4 -l4
[0.854s] [  5%] [34m[1mAutomatic MOC and UIC for target agv_gui[0m
[0.892s] AutoMoc warning
[0.892s] ---------------
[0.893s] "SRC:/src/battery_node_1.cpp"
[0.893s] includes the moc file "battery_node_1.moc", but does not contain a Q_OBJECT, Q_GADGET or Q_NAMESPACE macro.
[0.893s] 
[0.893s] AutoMoc warning
[0.894s] ---------------
[0.894s] "SRC:/src/battery_node_2.cpp"
[0.894s] includes the moc file "battery_node_2.moc", but does not contain a Q_OBJECT, Q_GADGET or Q_NAMESPACE macro.
[0.895s] 
[0.895s] AutoMoc warning
[0.895s] ---------------
[0.896s] "SRC:/src/battery_node_3.cpp"
[0.896s] includes the moc file "battery_node_3.moc", but does not contain a Q_OBJECT, Q_GADGET or Q_NAMESPACE macro.
[0.896s] 
[0.896s] AutoMoc warning
[0.897s] ---------------
[0.897s] "SRC:/src/battery_node_4.cpp"
[0.897s] includes the moc file "battery_node_4.moc", but does not contain a Q_OBJECT, Q_GADGET or Q_NAMESPACE macro.
[0.898s] 
[0.898s] AutoMoc warning
[0.898s] ---------------
[0.898s] "SRC:/src/charge_node.cpp"
[0.899s] includes the moc file "charge_node.moc", but does not contain a Q_OBJECT, Q_GADGET or Q_NAMESPACE macro.
[0.899s] 
[0.933s] [  5%] Built target agv_gui_autogen
[1.156s] [100%] Built target agv_gui
[1.204s] Invoked command in '/home/colin/agv_gui/build/agv_gui' returned '0': CMAKE_PREFIX_PATH=${CMAKE_PREFIX_PATH}:/opt/ros/galactic /usr/bin/cmake --build /home/colin/agv_gui/build/agv_gui -- -j4 -l4
[1.478s] Invoking command in '/home/colin/agv_gui/build/agv_gui': CMAKE_PREFIX_PATH=${CMAKE_PREFIX_PATH}:/opt/ros/galactic /usr/bin/cmake --install /home/colin/agv_gui/build/agv_gui
[1.511s] -- Install configuration: ""
[1.513s] -- Up-to-date: /home/colin/agv_gui/install/agv_gui/lib/agv_gui/agv_gui
[1.515s] -- Up-to-date: /home/colin/agv_gui/install/agv_gui/share/agv_gui/launch
[1.515s] -- Up-to-date: /home/colin/agv_gui/install/agv_gui/share/agv_gui/launch/gui.launch.py
[1.516s] -- Up-to-date: /home/colin/agv_gui/install/agv_gui/share/ament_index/resource_index/package_run_dependencies/agv_gui
[1.516s] -- Up-to-date: /home/colin/agv_gui/install/agv_gui/share/ament_index/resource_index/parent_prefix_path/agv_gui
[1.516s] -- Up-to-date: /home/colin/agv_gui/install/agv_gui/share/agv_gui/environment/ament_prefix_path.sh
[1.517s] -- Up-to-date: /home/colin/agv_gui/install/agv_gui/share/agv_gui/environment/ament_prefix_path.dsv
[1.517s] -- Up-to-date: /home/colin/agv_gui/install/agv_gui/share/agv_gui/environment/path.sh
[1.518s] -- Up-to-date: /home/colin/agv_gui/install/agv_gui/share/agv_gui/environment/path.dsv
[1.518s] -- Up-to-date: /home/colin/agv_gui/install/agv_gui/share/agv_gui/local_setup.bash
[1.519s] -- Up-to-date: /home/colin/agv_gui/install/agv_gui/share/agv_gui/local_setup.sh
[1.519s] -- Up-to-date: /home/colin/agv_gui/install/agv_gui/share/agv_gui/local_setup.zsh
[1.519s] -- Up-to-date: /home/colin/agv_gui/install/agv_gui/share/agv_gui/local_setup.dsv
[1.520s] -- Installing: /home/colin/agv_gui/install/agv_gui/share/agv_gui/package.dsv
[1.520s] -- Up-to-date: /home/colin/agv_gui/install/agv_gui/share/ament_index/resource_index/packages/agv_gui
[1.520s] -- Up-to-date: /home/colin/agv_gui/install/agv_gui/share/agv_gui/cmake/agv_guiConfig.cmake
[1.521s] -- Up-to-date: /home/colin/agv_gui/install/agv_gui/share/agv_gui/cmake/agv_guiConfig-version.cmake
[1.521s] -- Up-to-date: /home/colin/agv_gui/install/agv_gui/share/agv_gui/package.xml
[1.531s] Invoked command in '/home/colin/agv_gui/build/agv_gui' returned '0': CMAKE_PREFIX_PATH=${CMAKE_PREFIX_PATH}:/opt/ros/galactic /usr/bin/cmake --install /home/colin/agv_gui/build/agv_gui
