[7.629s] DEBUG:colcon:Command line arguments: ['/usr/bin/colcon', 'build']
[7.630s] DEBUG:colcon:Parsed command line arguments: Namespace(allow_overriding=[], ament_cmake_args=None, base_paths=['.'], build_base='build', catkin_cmake_args=None, catkin_skip_building_tests=False, cmake_args=None, cmake_clean_cache=False, cmake_clean_first=False, cmake_force_configure=False, cmake_target=None, cmake_target_skip_unavailable=False, continue_on_error=False, event_handlers=None, executor='parallel', ignore_user_meta=False, install_base='install', log_base=None, log_level=None, main=<bound method BuildVerb.main of <colcon_core.verb.build.BuildVerb object at 0xffff932a26a0>>, merge_install=False, metas=['./colcon.meta'], packages_above=None, packages_above_and_dependencies=None, packages_above_depth=None, packages_end=None, packages_ignore=None, packages_ignore_regex=None, packages_select=None, packages_select_build_failed=False, packages_select_by_dep=None, packages_select_regex=None, packages_select_test_failures=False, packages_skip=None, packages_skip_build_finished=False, packages_skip_by_dep=None, packages_skip_regex=None, packages_skip_test_passed=False, packages_skip_up_to=None, packages_start=None, packages_up_to=None, packages_up_to_regex=None, parallel_workers=4, paths=None, symlink_install=False, test_result_base=None, verb_extension=<colcon_core.verb.build.BuildVerb object at 0xffff932a26a0>, verb_name='build', verb_parser=<colcon_defaults.argument_parser.defaults.DefaultArgumentsDecorator object at 0xffff930f4fd0>)
[7.953s] Level 1:colcon.colcon_core.package_discovery:discover_packages(colcon_meta) check parameters
[7.953s] Level 1:colcon.colcon_core.package_discovery:discover_packages(recursive) check parameters
[7.953s] Level 1:colcon.colcon_core.package_discovery:discover_packages(ignore) check parameters
[7.953s] Level 1:colcon.colcon_core.package_discovery:discover_packages(path) check parameters
[7.953s] Level 1:colcon.colcon_core.package_discovery:discover_packages(colcon_meta) discover
[7.954s] Level 1:colcon.colcon_core.package_discovery:discover_packages(recursive) discover
[7.954s] INFO:colcon.colcon_core.package_discovery:Crawling recursively for packages in '/home/colin/agv_gui'
[7.954s] Level 1:colcon.colcon_core.package_identification:_identify(.) by extensions ['ignore', 'ignore_ament_install']
[7.955s] Level 1:colcon.colcon_core.package_identification:_identify(.) by extension 'ignore'
[7.955s] Level 1:colcon.colcon_core.package_identification:_identify(.) by extension 'ignore_ament_install'
[7.955s] Level 1:colcon.colcon_core.package_identification:_identify(.) by extensions ['colcon_pkg']
[7.955s] Level 1:colcon.colcon_core.package_identification:_identify(.) by extension 'colcon_pkg'
[7.956s] Level 1:colcon.colcon_core.package_identification:_identify(.) by extensions ['colcon_meta']
[7.956s] Level 1:colcon.colcon_core.package_identification:_identify(.) by extension 'colcon_meta'
[7.956s] Level 1:colcon.colcon_core.package_identification:_identify(.) by extensions ['ros']
[7.956s] Level 1:colcon.colcon_core.package_identification:_identify(.) by extension 'ros'
[8.027s] Level 1:colcon.colcon_core.package_identification:_identify(.) by extensions ['cmake', 'python']
[8.027s] Level 1:colcon.colcon_core.package_identification:_identify(.) by extension 'cmake'
[8.027s] Level 1:colcon.colcon_core.package_identification:_identify(.) by extension 'python'
[8.027s] Level 1:colcon.colcon_core.package_identification:_identify(.) by extensions ['python_setup_py']
[8.028s] Level 1:colcon.colcon_core.package_identification:_identify(.) by extension 'python_setup_py'
[8.028s] Level 1:colcon.colcon_core.package_identification:_identify(build) by extensions ['ignore', 'ignore_ament_install']
[8.028s] Level 1:colcon.colcon_core.package_identification:_identify(build) by extension 'ignore'
[8.029s] Level 1:colcon.colcon_core.package_identification:_identify(build) ignored
[8.029s] Level 1:colcon.colcon_core.package_identification:_identify(devel) by extensions ['ignore', 'ignore_ament_install']
[8.029s] Level 1:colcon.colcon_core.package_identification:_identify(devel) by extension 'ignore'
[8.030s] Level 1:colcon.colcon_core.package_identification:_identify(devel) by extension 'ignore_ament_install'
[8.030s] Level 1:colcon.colcon_core.package_identification:_identify(devel) by extensions ['colcon_pkg']
[8.030s] Level 1:colcon.colcon_core.package_identification:_identify(devel) by extension 'colcon_pkg'
[8.030s] Level 1:colcon.colcon_core.package_identification:_identify(devel) by extensions ['colcon_meta']
[8.030s] Level 1:colcon.colcon_core.package_identification:_identify(devel) by extension 'colcon_meta'
[8.031s] Level 1:colcon.colcon_core.package_identification:_identify(devel) by extensions ['ros']
[8.031s] Level 1:colcon.colcon_core.package_identification:_identify(devel) by extension 'ros'
[8.031s] Level 1:colcon.colcon_core.package_identification:_identify(devel) by extensions ['cmake', 'python']
[8.031s] Level 1:colcon.colcon_core.package_identification:_identify(devel) by extension 'cmake'
[8.031s] Level 1:colcon.colcon_core.package_identification:_identify(devel) by extension 'python'
[8.031s] Level 1:colcon.colcon_core.package_identification:_identify(devel) by extensions ['python_setup_py']
[8.032s] Level 1:colcon.colcon_core.package_identification:_identify(devel) by extension 'python_setup_py'
[8.032s] Level 1:colcon.colcon_core.package_identification:_identify(install) by extensions ['ignore', 'ignore_ament_install']
[8.032s] Level 1:colcon.colcon_core.package_identification:_identify(install) by extension 'ignore'
[8.032s] Level 1:colcon.colcon_core.package_identification:_identify(install) ignored
[8.033s] Level 1:colcon.colcon_core.package_identification:_identify(log) by extensions ['ignore', 'ignore_ament_install']
[8.033s] Level 1:colcon.colcon_core.package_identification:_identify(log) by extension 'ignore'
[8.033s] Level 1:colcon.colcon_core.package_identification:_identify(log) ignored
[8.034s] Level 1:colcon.colcon_core.package_identification:_identify(logs) by extensions ['ignore', 'ignore_ament_install']
[8.034s] Level 1:colcon.colcon_core.package_identification:_identify(logs) by extension 'ignore'
[8.034s] Level 1:colcon.colcon_core.package_identification:_identify(logs) by extension 'ignore_ament_install'
[8.034s] Level 1:colcon.colcon_core.package_identification:_identify(logs) by extensions ['colcon_pkg']
[8.035s] Level 1:colcon.colcon_core.package_identification:_identify(logs) by extension 'colcon_pkg'
[8.035s] Level 1:colcon.colcon_core.package_identification:_identify(logs) by extensions ['colcon_meta']
[8.035s] Level 1:colcon.colcon_core.package_identification:_identify(logs) by extension 'colcon_meta'
[8.035s] Level 1:colcon.colcon_core.package_identification:_identify(logs) by extensions ['ros']
[8.035s] Level 1:colcon.colcon_core.package_identification:_identify(logs) by extension 'ros'
[8.036s] Level 1:colcon.colcon_core.package_identification:_identify(logs) by extensions ['cmake', 'python']
[8.036s] Level 1:colcon.colcon_core.package_identification:_identify(logs) by extension 'cmake'
[8.036s] Level 1:colcon.colcon_core.package_identification:_identify(logs) by extension 'python'
[8.036s] Level 1:colcon.colcon_core.package_identification:_identify(logs) by extensions ['python_setup_py']
[8.036s] Level 1:colcon.colcon_core.package_identification:_identify(logs) by extension 'python_setup_py'
[8.037s] Level 1:colcon.colcon_core.package_identification:_identify(src) by extensions ['ignore', 'ignore_ament_install']
[8.037s] Level 1:colcon.colcon_core.package_identification:_identify(src) by extension 'ignore'
[8.037s] Level 1:colcon.colcon_core.package_identification:_identify(src) by extension 'ignore_ament_install'
[8.040s] Level 1:colcon.colcon_core.package_identification:_identify(src) by extensions ['colcon_pkg']
[8.040s] Level 1:colcon.colcon_core.package_identification:_identify(src) by extension 'colcon_pkg'
[8.040s] Level 1:colcon.colcon_core.package_identification:_identify(src) by extensions ['colcon_meta']
[8.040s] Level 1:colcon.colcon_core.package_identification:_identify(src) by extension 'colcon_meta'
[8.041s] Level 1:colcon.colcon_core.package_identification:_identify(src) by extensions ['ros']
[8.041s] Level 1:colcon.colcon_core.package_identification:_identify(src) by extension 'ros'
[8.041s] Level 1:colcon.colcon_core.package_identification:_identify(src) by extensions ['cmake', 'python']
[8.041s] Level 1:colcon.colcon_core.package_identification:_identify(src) by extension 'cmake'
[8.042s] Level 1:colcon.colcon_core.package_identification:_identify(src) by extension 'python'
[8.042s] Level 1:colcon.colcon_core.package_identification:_identify(src) by extensions ['python_setup_py']
[8.042s] Level 1:colcon.colcon_core.package_identification:_identify(src) by extension 'python_setup_py'
[8.043s] Level 1:colcon.colcon_core.package_identification:_identify(src/agv_gui) by extensions ['ignore', 'ignore_ament_install']
[8.043s] Level 1:colcon.colcon_core.package_identification:_identify(src/agv_gui) by extension 'ignore'
[8.043s] Level 1:colcon.colcon_core.package_identification:_identify(src/agv_gui) by extension 'ignore_ament_install'
[8.043s] Level 1:colcon.colcon_core.package_identification:_identify(src/agv_gui) by extensions ['colcon_pkg']
[8.044s] Level 1:colcon.colcon_core.package_identification:_identify(src/agv_gui) by extension 'colcon_pkg'
[8.044s] Level 1:colcon.colcon_core.package_identification:_identify(src/agv_gui) by extensions ['colcon_meta']
[8.044s] Level 1:colcon.colcon_core.package_identification:_identify(src/agv_gui) by extension 'colcon_meta'
[8.044s] Level 1:colcon.colcon_core.package_identification:_identify(src/agv_gui) by extensions ['ros']
[8.044s] Level 1:colcon.colcon_core.package_identification:_identify(src/agv_gui) by extension 'ros'
[8.057s] DEBUG:colcon.colcon_core.package_identification:Package 'src/agv_gui' with type 'ros.ament_cmake' and name 'agv_gui'
[8.057s] Level 1:colcon.colcon_core.package_discovery:discover_packages(recursive) using defaults
[8.057s] Level 1:colcon.colcon_core.package_discovery:discover_packages(ignore) discover
[8.057s] Level 1:colcon.colcon_core.package_discovery:discover_packages(ignore) using defaults
[8.057s] Level 1:colcon.colcon_core.package_discovery:discover_packages(path) discover
[8.057s] Level 1:colcon.colcon_core.package_discovery:discover_packages(path) using defaults
[8.727s] Level 1:colcon.colcon_core.package_discovery:discover_packages(prefix_path) check parameters
[8.728s] Level 1:colcon.colcon_core.package_discovery:discover_packages(prefix_path) discover
[8.976s] DEBUG:colcon.colcon_installed_package_information.package_discovery:Found 1 installed packages in /home/colin/agv_gui/install
[9.101s] DEBUG:colcon.colcon_installed_package_information.package_discovery:Found 268 installed packages in /opt/ros/galactic
[9.107s] Level 1:colcon.colcon_core.package_discovery:discover_packages(prefix_path) using defaults
[9.691s] Level 5:colcon.colcon_core.verb:set package 'agv_gui' build argument 'cmake_args' from command line to 'None'
[9.692s] Level 5:colcon.colcon_core.verb:set package 'agv_gui' build argument 'cmake_target' from command line to 'None'
[9.692s] Level 5:colcon.colcon_core.verb:set package 'agv_gui' build argument 'cmake_target_skip_unavailable' from command line to 'False'
[9.692s] Level 5:colcon.colcon_core.verb:set package 'agv_gui' build argument 'cmake_clean_cache' from command line to 'False'
[9.692s] Level 5:colcon.colcon_core.verb:set package 'agv_gui' build argument 'cmake_clean_first' from command line to 'False'
[9.692s] Level 5:colcon.colcon_core.verb:set package 'agv_gui' build argument 'cmake_force_configure' from command line to 'False'
[9.692s] Level 5:colcon.colcon_core.verb:set package 'agv_gui' build argument 'ament_cmake_args' from command line to 'None'
[9.692s] Level 5:colcon.colcon_core.verb:set package 'agv_gui' build argument 'catkin_cmake_args' from command line to 'None'
[9.692s] Level 5:colcon.colcon_core.verb:set package 'agv_gui' build argument 'catkin_skip_building_tests' from command line to 'False'
[9.693s] DEBUG:colcon.colcon_core.verb:Building package 'agv_gui' with the following arguments: {'ament_cmake_args': None, 'build_base': '/home/colin/agv_gui/build/agv_gui', 'catkin_cmake_args': None, 'catkin_skip_building_tests': False, 'cmake_args': None, 'cmake_clean_cache': False, 'cmake_clean_first': False, 'cmake_force_configure': False, 'cmake_target': None, 'cmake_target_skip_unavailable': False, 'install_base': '/home/colin/agv_gui/install/agv_gui', 'merge_install': False, 'path': '/home/colin/agv_gui/src/agv_gui', 'symlink_install': False, 'test_result_base': None}
[9.813s] INFO:colcon.colcon_core.executor:Executing jobs using 'parallel' executor
[9.935s] DEBUG:colcon.colcon_parallel_executor.executor.parallel:run_until_complete
[9.936s] INFO:colcon.colcon_ros.task.ament_cmake.build:Building ROS package in '/home/colin/agv_gui/src/agv_gui' with build type 'ament_cmake'
[9.937s] INFO:colcon.colcon_cmake.task.cmake.build:Building CMake package in '/home/colin/agv_gui/src/agv_gui'
[10.074s] INFO:colcon.colcon_core.plugin_system:Skipping extension 'colcon_core.shell.bat': Not used on non-Windows systems
[10.075s] INFO:colcon.colcon_core.shell:Skip shell extension 'powershell' for command environment: Not usable outside of PowerShell
[10.075s] DEBUG:colcon.colcon_core.shell:Skip shell extension 'dsv' for command environment
[10.509s] DEBUG:colcon.colcon_core.event_handler.log_command:Invoking command in '/home/colin/agv_gui/build/agv_gui': CMAKE_PREFIX_PATH=${CMAKE_PREFIX_PATH}:/opt/ros/galactic /usr/bin/cmake /home/colin/agv_gui/src/agv_gui -DCMAKE_INSTALL_PREFIX=/home/colin/agv_gui/install/agv_gui
[23.575s] DEBUG:colcon.colcon_core.event_handler.log_command:Invoked command in '/home/colin/agv_gui/build/agv_gui' returned '0': CMAKE_PREFIX_PATH=${CMAKE_PREFIX_PATH}:/opt/ros/galactic /usr/bin/cmake /home/colin/agv_gui/src/agv_gui -DCMAKE_INSTALL_PREFIX=/home/colin/agv_gui/install/agv_gui
[23.597s] DEBUG:colcon.colcon_core.event_handler.log_command:Invoking command in '/home/colin/agv_gui/build/agv_gui': CMAKE_PREFIX_PATH=${CMAKE_PREFIX_PATH}:/opt/ros/galactic /usr/bin/cmake --build /home/colin/agv_gui/build/agv_gui -- -j4 -l4
[92.344s] DEBUG:colcon.colcon_core.event_handler.log_command:Invoked command in '/home/colin/agv_gui/build/agv_gui' returned '0': CMAKE_PREFIX_PATH=${CMAKE_PREFIX_PATH}:/opt/ros/galactic /usr/bin/cmake --build /home/colin/agv_gui/build/agv_gui -- -j4 -l4
[92.630s] DEBUG:colcon.colcon_core.event_handler.log_command:Invoking command in '/home/colin/agv_gui/build/agv_gui': CMAKE_PREFIX_PATH=${CMAKE_PREFIX_PATH}:/opt/ros/galactic /usr/bin/cmake --install /home/colin/agv_gui/build/agv_gui
[92.710s] Level 1:colcon.colcon_core.environment:create_environment_scripts_only(agv_gui)
[92.713s] DEBUG:colcon.colcon_core.event_handler.log_command:Invoked command in '/home/colin/agv_gui/build/agv_gui' returned '0': CMAKE_PREFIX_PATH=${CMAKE_PREFIX_PATH}:/opt/ros/galactic /usr/bin/cmake --install /home/colin/agv_gui/build/agv_gui
[92.870s] Level 1:colcon.colcon_core.environment:checking '/home/colin/agv_gui/install/agv_gui' for CMake module files
[92.872s] Level 1:colcon.colcon_core.environment:checking '/home/colin/agv_gui/install/agv_gui' for CMake config files
[92.873s] Level 1:colcon.colcon_core.shell:create_environment_hook('agv_gui', 'cmake_prefix_path')
[93.010s] INFO:colcon.colcon_core.shell:Creating environment hook '/home/colin/agv_gui/install/agv_gui/share/agv_gui/hook/cmake_prefix_path.ps1'
[93.013s] INFO:colcon.colcon_core.shell:Creating environment descriptor '/home/colin/agv_gui/install/agv_gui/share/agv_gui/hook/cmake_prefix_path.dsv'
[93.015s] INFO:colcon.colcon_core.shell:Creating environment hook '/home/colin/agv_gui/install/agv_gui/share/agv_gui/hook/cmake_prefix_path.sh'
[93.020s] Level 1:colcon.colcon_core.environment:checking '/home/colin/agv_gui/install/agv_gui/lib'
[93.020s] Level 1:colcon.colcon_core.environment:checking '/home/colin/agv_gui/install/agv_gui/bin'
[93.020s] Level 1:colcon.colcon_core.environment:checking '/home/colin/agv_gui/install/agv_gui/lib/pkgconfig/agv_gui.pc'
[93.021s] Level 1:colcon.colcon_core.environment:checking '/home/colin/agv_gui/install/agv_gui/lib/python3.8/site-packages'
[93.022s] Level 1:colcon.colcon_core.environment:checking '/home/colin/agv_gui/install/agv_gui/bin'
[93.152s] INFO:colcon.colcon_core.shell:Creating package script '/home/colin/agv_gui/install/agv_gui/share/agv_gui/package.ps1'
[93.156s] INFO:colcon.colcon_core.shell:Creating package descriptor '/home/colin/agv_gui/install/agv_gui/share/agv_gui/package.dsv'
[93.158s] INFO:colcon.colcon_core.shell:Creating package script '/home/colin/agv_gui/install/agv_gui/share/agv_gui/package.sh'
[93.160s] INFO:colcon.colcon_core.shell:Creating package script '/home/colin/agv_gui/install/agv_gui/share/agv_gui/package.bash'
[93.163s] INFO:colcon.colcon_core.shell:Creating package script '/home/colin/agv_gui/install/agv_gui/share/agv_gui/package.zsh'
[93.166s] Level 1:colcon.colcon_core.environment:create_file_with_runtime_dependencies(/home/colin/agv_gui/install/agv_gui/share/colcon-core/packages/agv_gui)
[93.520s] Level 1:colcon.colcon_core.environment:create_environment_scripts_only(agv_gui)
[93.657s] Level 1:colcon.colcon_core.environment:checking '/home/colin/agv_gui/install/agv_gui' for CMake module files
[93.659s] Level 1:colcon.colcon_core.environment:checking '/home/colin/agv_gui/install/agv_gui' for CMake config files
[93.660s] Level 1:colcon.colcon_core.shell:create_environment_hook('agv_gui', 'cmake_prefix_path')
[93.792s] INFO:colcon.colcon_core.shell:Creating environment hook '/home/colin/agv_gui/install/agv_gui/share/agv_gui/hook/cmake_prefix_path.ps1'
[93.795s] INFO:colcon.colcon_core.shell:Creating environment descriptor '/home/colin/agv_gui/install/agv_gui/share/agv_gui/hook/cmake_prefix_path.dsv'
[93.796s] INFO:colcon.colcon_core.shell:Creating environment hook '/home/colin/agv_gui/install/agv_gui/share/agv_gui/hook/cmake_prefix_path.sh'
[93.799s] Level 1:colcon.colcon_core.environment:checking '/home/colin/agv_gui/install/agv_gui/lib'
[93.799s] Level 1:colcon.colcon_core.environment:checking '/home/colin/agv_gui/install/agv_gui/bin'
[93.800s] Level 1:colcon.colcon_core.environment:checking '/home/colin/agv_gui/install/agv_gui/lib/pkgconfig/agv_gui.pc'
[93.801s] Level 1:colcon.colcon_core.environment:checking '/home/colin/agv_gui/install/agv_gui/lib/python3.8/site-packages'
[93.801s] Level 1:colcon.colcon_core.environment:checking '/home/colin/agv_gui/install/agv_gui/bin'
[93.935s] INFO:colcon.colcon_core.shell:Creating package script '/home/colin/agv_gui/install/agv_gui/share/agv_gui/package.ps1'
[93.938s] INFO:colcon.colcon_core.shell:Creating package descriptor '/home/colin/agv_gui/install/agv_gui/share/agv_gui/package.dsv'
[93.940s] INFO:colcon.colcon_core.shell:Creating package script '/home/colin/agv_gui/install/agv_gui/share/agv_gui/package.sh'
[93.942s] INFO:colcon.colcon_core.shell:Creating package script '/home/colin/agv_gui/install/agv_gui/share/agv_gui/package.bash'
[93.944s] INFO:colcon.colcon_core.shell:Creating package script '/home/colin/agv_gui/install/agv_gui/share/agv_gui/package.zsh'
[93.945s] Level 1:colcon.colcon_core.environment:create_file_with_runtime_dependencies(/home/colin/agv_gui/install/agv_gui/share/colcon-core/packages/agv_gui)
[93.947s] DEBUG:colcon.colcon_parallel_executor.executor.parallel:closing loop
[93.949s] DEBUG:colcon.colcon_parallel_executor.executor.parallel:loop closed
[93.949s] DEBUG:colcon.colcon_parallel_executor.executor.parallel:run_until_complete finished with '0'
[93.950s] DEBUG:colcon.colcon_core.event_reactor:joining thread
[94.107s] INFO:colcon.colcon_core.plugin_system:Skipping extension 'colcon_notification.desktop_notification.terminal_notifier': Not used on non-Darwin systems
[94.107s] INFO:colcon.colcon_core.plugin_system:Skipping extension 'colcon_notification.desktop_notification.win32': Not used on non-Windows systems
[94.107s] INFO:colcon.colcon_notification.desktop_notification:Sending desktop notification using 'notify2'
[94.185s] DEBUG:colcon.colcon_core.event_reactor:joined thread
[94.328s] INFO:colcon.colcon_core.shell:Creating prefix script '/home/colin/agv_gui/install/local_setup.ps1'
[94.333s] INFO:colcon.colcon_core.shell:Creating prefix util module '/home/colin/agv_gui/install/_local_setup_util_ps1.py'
[94.338s] INFO:colcon.colcon_core.shell:Creating prefix chain script '/home/colin/agv_gui/install/setup.ps1'
[94.470s] INFO:colcon.colcon_core.shell:Creating prefix script '/home/colin/agv_gui/install/local_setup.sh'
[94.473s] INFO:colcon.colcon_core.shell:Creating prefix util module '/home/colin/agv_gui/install/_local_setup_util_sh.py'
[94.474s] INFO:colcon.colcon_core.shell:Creating prefix chain script '/home/colin/agv_gui/install/setup.sh'
[94.603s] INFO:colcon.colcon_core.shell:Creating prefix script '/home/colin/agv_gui/install/local_setup.bash'
[94.605s] INFO:colcon.colcon_core.shell:Creating prefix chain script '/home/colin/agv_gui/install/setup.bash'
[94.732s] INFO:colcon.colcon_core.shell:Creating prefix script '/home/colin/agv_gui/install/local_setup.zsh'
[94.734s] INFO:colcon.colcon_core.shell:Creating prefix chain script '/home/colin/agv_gui/install/setup.zsh'
