[0.000000] (-) TimerEvent: {}
[0.001433] (agv_gui) JobQueued: {'identifier': 'agv_gui', 'dependencies': OrderedDict()}
[0.002084] (agv_gui) JobStarted: {'identifier': 'agv_gui'}
[0.071171] (agv_gui) JobProgress: {'identifier': 'agv_gui', 'progress': 'cmake'}
[0.079967] (agv_gui) JobProgress: {'identifier': 'agv_gui', 'progress': 'build'}
[0.080566] (agv_gui) Command: {'cmd': ['/usr/bin/cmake', '--build', '/home/amr_1/agv_gui/build/agv_gui', '--', '-j6', '-l6'], 'cwd': '/home/amr_1/agv_gui/build/agv_gui', 'env': OrderedDict([('GJS_DEBUG_TOPICS', 'JS ERROR;JS LOG'), ('SNAP_COMMON', '/var/snap/qtcreator-ros/common'), ('SNAP_INSTANCE_KEY', ''), ('USER', 'amr_1'), ('SSH_AGENT_PID', '1902'), ('XDG_SESSION_TYPE', 'x11'), ('LD_LIBRARY_PATH', '/opt/ros/foxy/opt/yaml_cpp_vendor/lib:/opt/ros/foxy/opt/rviz_ogre_vendor/lib:/opt/ros/foxy/lib/aarch64-linux-gnu:/opt/ros/foxy/lib:/snap/qtcreator-ros/85/lib:/snap/qtcreator-ros/85/usr/lib/aarch64-linux-gnu'), ('SHLVL', '10'), ('HOME', '/home/amr_1'), ('SNAP_LIBRARY_PATH', '/var/lib/snapd/lib/gl:/var/lib/snapd/lib/gl32:/var/lib/snapd/void'), ('DESKTOP_SESSION', 'ubuntu'), ('QTDIR', '/usr/lib/aarch64-linux-gnu/qt5'), ('SNAP_USER_DATA', '/home/amr_1/snap/qtcreator-ros/85'), ('GIO_LAUNCHED_DESKTOP_FILE', '/var/lib/snapd/desktop/applications/qtcreator-ros_qtcreator-ros.desktop'), ('GNOME_SHELL_SESSION_MODE', 'ubuntu'), ('GTK_MODULES', 'gail:atk-bridge'), ('ROS_PYTHON_VERSION', '3'), ('MANAGERPID', '1197'), ('DBUS_SESSION_BUS_ADDRESS', 'unix:path=/run/user/1000/bus'), ('GIO_LAUNCHED_DESKTOP_FILE_PID', '2960'), ('SNAP_REVISION', '85'), ('COLCON_PREFIX_PATH', '/home/amr_1/agv_gui/install'), ('IM_CONFIG_PHASE', '1'), ('ROS_DISTRO', 'foxy'), ('LOGNAME', 'amr_1'), ('JOURNAL_STREAM', '7:47868'), ('SNAP_CONTEXT', 'JMUNmlkXuymAoFLhect4Slt1Dx_kDivwLxrFtPEjqXLKM0mxrcr1'), ('_', '/usr/bin/env'), ('ROS_VERSION', '2'), ('SNAP_VERSION', '11.0.2'), ('XDG_SESSION_CLASS', 'user'), ('TERM', 'xterm'), ('USERNAME', 'amr_1'), ('GNOME_DESKTOP_SESSION_ID', 'this-is-deprecated'), ('ROS_LOCALHOST_ONLY', '0'), ('SNAP_INSTANCE_NAME', 'qtcreator-ros'), ('WINDOWPATH', '2'), ('PATH', '/opt/ros/foxy/bin:/home/amr_1/.local/bin:/usr/local/sbin:/usr/local/bin:/usr/sbin:/usr/bin:/sbin:/bin:/usr/games:/usr/local/games:/snap/bin'), ('INVOCATION_ID', 'ac71398117de44a2a8fa7b8aa4eb72f5'), ('SESSION_MANAGER', 'local/colins-jetson:@/tmp/.ICE-unix/1938,unix/colins-jetson:/tmp/.ICE-unix/1938'), ('BAMF_DESKTOP_FILE_HINT', '/var/lib/snapd/desktop/applications/qtcreator-ros_qtcreator-ros.desktop'), ('SNAP_DATA', '/var/snap/qtcreator-ros/85'), ('XDG_MENU_PREFIX', 'gnome-'), ('XDG_RUNTIME_DIR', '/run/user/1000'), ('DISPLAY', ':0'), ('LANG', 'en_US.UTF-8'), ('XDG_CURRENT_DESKTOP', 'ubuntu:GNOME'), ('XAUTHORITY', '/run/user/1000/gdm/Xauthority'), ('XDG_SESSION_DESKTOP', 'ubuntu'), ('XMODIFIERS', '@im=ibus'), ('AMENT_PREFIX_PATH', '/home/amr_1/agv_gui/install/agv_gui:/opt/ros/foxy'), ('SNAP_ARCH', 'arm64'), ('SNAP_COOKIE', 'JMUNmlkXuymAoFLhect4Slt1Dx_kDivwLxrFtPEjqXLKM0mxrcr1'), ('SNAP_USER_COMMON', '/home/amr_1/snap/qtcreator-ros/common'), ('SSH_AUTH_SOCK', '/run/user/1000/keyring/ssh'), ('SHELL', '/bin/bash'), ('GDMSESSION', 'ubuntu'), ('QT_ACCESSIBILITY', '1'), ('SNAP_REEXEC', ''), ('SNAP_NAME', 'qtcreator-ros'), ('GJS_DEBUG_OUTPUT', 'stderr'), ('GPG_AGENT_INFO', '/run/user/1000/gnupg/S.gpg-agent:0:1'), ('QT_IM_MODULE', 'ibus'), ('LC_ALL', 'en_US.UTF-8'), ('PWD', '/home/amr_1/agv_gui/build/agv_gui'), ('QT_QPA_PLATFORM', 'wayland;xcb'), ('SNAP_REAL_HOME', '/home/amr_1'), ('XDG_CONFIG_DIRS', '/etc/xdg/xdg-ubuntu:/etc/xdg'), ('XDG_DATA_DIRS', '/usr/share/ubuntu:/usr/local/share/:/usr/share/:/var/lib/snapd/desktop'), ('PYTHONPATH', '/opt/ros/foxy/lib/python3.8/site-packages'), ('SNAP', '/snap/qtcreator-ros/85'), ('COLCON', '1'), ('CMAKE_PREFIX_PATH', '/home/amr_1/agv_gui/install/agv_gui:/opt/ros/foxy'), ('LIBGL_DRIVERS_PATH', '/snap/qtcreator-ros/85/usr/lib/aarch64-linux-gnu/dri')]), 'shell': False}
[0.101598] (-) TimerEvent: {}
[0.202815] (-) TimerEvent: {}
[0.303786] (-) TimerEvent: {}
[0.381518] (agv_gui) StdoutLine: {'line': b'[ 20%] Automatic MOC and UIC for target agv_gui\n'}
[0.404008] (-) TimerEvent: {}
[0.504991] (-) TimerEvent: {}
[0.606031] (-) TimerEvent: {}
[0.707050] (-) TimerEvent: {}
[0.808141] (-) TimerEvent: {}
[0.909137] (-) TimerEvent: {}
[1.010159] (-) TimerEvent: {}
[1.111216] (-) TimerEvent: {}
[1.212358] (-) TimerEvent: {}
[1.313408] (-) TimerEvent: {}
[1.377860] (agv_gui) StdoutLine: {'line': b'[ 20%] Built target agv_gui_autogen\n'}
[1.413646] (-) TimerEvent: {}
[1.514561] (-) TimerEvent: {}
[1.615502] (-) TimerEvent: {}
[1.667427] (agv_gui) StdoutLine: {'line': b'Scanning dependencies of target agv_gui\n'}
[1.715727] (-) TimerEvent: {}
[1.764145] (agv_gui) StdoutLine: {'line': b'[ 40%] Building CXX object CMakeFiles/agv_gui.dir/src/mtr_node.cpp.o\n'}
[1.768682] (agv_gui) StdoutLine: {'line': b'[ 60%] Building CXX object CMakeFiles/agv_gui.dir/src/main_gui.cpp.o\n'}
[1.816063] (-) TimerEvent: {}
[1.917006] (-) TimerEvent: {}
[2.018015] (-) TimerEvent: {}
[2.118970] (-) TimerEvent: {}
[2.219956] (-) TimerEvent: {}
[2.320793] (-) TimerEvent: {}
[2.421622] (-) TimerEvent: {}
[2.522504] (-) TimerEvent: {}
[2.623445] (-) TimerEvent: {}
[2.724430] (-) TimerEvent: {}
[2.825314] (-) TimerEvent: {}
[2.926204] (-) TimerEvent: {}
[3.027072] (-) TimerEvent: {}
[3.127986] (-) TimerEvent: {}
[3.228843] (-) TimerEvent: {}
[3.329741] (-) TimerEvent: {}
[3.430640] (-) TimerEvent: {}
[3.531519] (-) TimerEvent: {}
[3.632432] (-) TimerEvent: {}
[3.733276] (-) TimerEvent: {}
[3.834146] (-) TimerEvent: {}
[3.935016] (-) TimerEvent: {}
[4.036115] (-) TimerEvent: {}
[4.137130] (-) TimerEvent: {}
[4.238117] (-) TimerEvent: {}
[4.339196] (-) TimerEvent: {}
[4.440184] (-) TimerEvent: {}
[4.541228] (-) TimerEvent: {}
[4.642308] (-) TimerEvent: {}
[4.743373] (-) TimerEvent: {}
[4.844566] (-) TimerEvent: {}
[4.945572] (-) TimerEvent: {}
[5.046621] (-) TimerEvent: {}
[5.147670] (-) TimerEvent: {}
[5.248812] (-) TimerEvent: {}
[5.349879] (-) TimerEvent: {}
[5.450881] (-) TimerEvent: {}
[5.552021] (-) TimerEvent: {}
[5.653040] (-) TimerEvent: {}
[5.753994] (-) TimerEvent: {}
[5.855012] (-) TimerEvent: {}
[5.956097] (-) TimerEvent: {}
[6.057119] (-) TimerEvent: {}
[6.158333] (-) TimerEvent: {}
[6.259405] (-) TimerEvent: {}
[6.360459] (-) TimerEvent: {}
[6.461437] (-) TimerEvent: {}
[6.562436] (-) TimerEvent: {}
[6.663453] (-) TimerEvent: {}
[6.764607] (-) TimerEvent: {}
[6.865661] (-) TimerEvent: {}
[6.966693] (-) TimerEvent: {}
[7.067763] (-) TimerEvent: {}
[7.168854] (-) TimerEvent: {}
[7.269966] (-) TimerEvent: {}
[7.371046] (-) TimerEvent: {}
[7.472142] (-) TimerEvent: {}
[7.573214] (-) TimerEvent: {}
[7.674192] (-) TimerEvent: {}
[7.775277] (-) TimerEvent: {}
[7.876500] (-) TimerEvent: {}
[7.977562] (-) TimerEvent: {}
[8.078592] (-) TimerEvent: {}
[8.179646] (-) TimerEvent: {}
[8.280720] (-) TimerEvent: {}
[8.381717] (-) TimerEvent: {}
[8.482740] (-) TimerEvent: {}
[8.583794] (-) TimerEvent: {}
[8.684875] (-) TimerEvent: {}
[8.786026] (-) TimerEvent: {}
[8.887132] (-) TimerEvent: {}
[8.988276] (-) TimerEvent: {}
[9.089304] (-) TimerEvent: {}
[9.190419] (-) TimerEvent: {}
[9.291460] (-) TimerEvent: {}
[9.392594] (-) TimerEvent: {}
[9.493577] (-) TimerEvent: {}
[9.594539] (-) TimerEvent: {}
[9.695635] (-) TimerEvent: {}
[9.796780] (-) TimerEvent: {}
[9.897812] (-) TimerEvent: {}
[9.998864] (-) TimerEvent: {}
[10.099992] (-) TimerEvent: {}
[10.201012] (-) TimerEvent: {}
[10.302067] (-) TimerEvent: {}
[10.403129] (-) TimerEvent: {}
[10.504274] (-) TimerEvent: {}
[10.605228] (-) TimerEvent: {}
[10.706274] (-) TimerEvent: {}
[10.807379] (-) TimerEvent: {}
[10.908492] (-) TimerEvent: {}
[11.009513] (-) TimerEvent: {}
[11.110564] (-) TimerEvent: {}
[11.211659] (-) TimerEvent: {}
[11.312780] (-) TimerEvent: {}
[11.413831] (-) TimerEvent: {}
[11.514882] (-) TimerEvent: {}
[11.616045] (-) TimerEvent: {}
[11.717067] (-) TimerEvent: {}
[11.818158] (-) TimerEvent: {}
[11.919482] (-) TimerEvent: {}
[12.020696] (-) TimerEvent: {}
[12.121810] (-) TimerEvent: {}
[12.222926] (-) TimerEvent: {}
[12.324140] (-) TimerEvent: {}
[12.425241] (-) TimerEvent: {}
[12.526336] (-) TimerEvent: {}
[12.627421] (-) TimerEvent: {}
[12.728588] (-) TimerEvent: {}
[12.829642] (-) TimerEvent: {}
[12.930682] (-) TimerEvent: {}
[13.031754] (-) TimerEvent: {}
[13.132980] (-) TimerEvent: {}
[13.234033] (-) TimerEvent: {}
[13.335033] (-) TimerEvent: {}
[13.436100] (-) TimerEvent: {}
[13.537134] (-) TimerEvent: {}
[13.638142] (-) TimerEvent: {}
[13.739097] (-) TimerEvent: {}
[13.840117] (-) TimerEvent: {}
[13.941139] (-) TimerEvent: {}
[14.042109] (-) TimerEvent: {}
[14.143121] (-) TimerEvent: {}
[14.244185] (-) TimerEvent: {}
[14.345331] (-) TimerEvent: {}
[14.446369] (-) TimerEvent: {}
[14.548448] (-) TimerEvent: {}
[14.650060] (-) TimerEvent: {}
[14.758113] (-) TimerEvent: {}
[14.859061] (-) TimerEvent: {}
[14.960079] (-) TimerEvent: {}
[15.061687] (-) TimerEvent: {}
[15.162643] (-) TimerEvent: {}
[15.263693] (-) TimerEvent: {}
[15.364732] (-) TimerEvent: {}
[15.465713] (-) TimerEvent: {}
[15.566549] (-) TimerEvent: {}
[15.667535] (-) TimerEvent: {}
[15.768571] (-) TimerEvent: {}
[15.869586] (-) TimerEvent: {}
[15.970614] (-) TimerEvent: {}
[16.071615] (-) TimerEvent: {}
[16.172719] (-) TimerEvent: {}
[16.273820] (-) TimerEvent: {}
[16.374920] (-) TimerEvent: {}
[16.476119] (-) TimerEvent: {}
[16.577134] (-) TimerEvent: {}
[16.678232] (-) TimerEvent: {}
[16.779446] (-) TimerEvent: {}
[16.880596] (-) TimerEvent: {}
[16.981512] (-) TimerEvent: {}
[17.082461] (-) TimerEvent: {}
[17.183434] (-) TimerEvent: {}
[17.284521] (-) TimerEvent: {}
[17.385507] (-) TimerEvent: {}
[17.486555] (-) TimerEvent: {}
[17.587511] (-) TimerEvent: {}
[17.688705] (-) TimerEvent: {}
[17.789713] (-) TimerEvent: {}
[17.891384] (-) TimerEvent: {}
[17.992866] (-) TimerEvent: {}
[18.093875] (-) TimerEvent: {}
[18.194907] (-) TimerEvent: {}
[18.296111] (-) TimerEvent: {}
[18.397122] (-) TimerEvent: {}
[18.498155] (-) TimerEvent: {}
[18.599182] (-) TimerEvent: {}
[18.700227] (-) TimerEvent: {}
[18.801194] (-) TimerEvent: {}
[18.902217] (-) TimerEvent: {}
[19.003218] (-) TimerEvent: {}
[19.104262] (-) TimerEvent: {}
[19.205286] (-) TimerEvent: {}
[19.306252] (-) TimerEvent: {}
[19.407340] (-) TimerEvent: {}
[19.508425] (-) TimerEvent: {}
[19.609391] (-) TimerEvent: {}
[19.710390] (-) TimerEvent: {}
[19.811360] (-) TimerEvent: {}
[19.912421] (-) TimerEvent: {}
[20.013490] (-) TimerEvent: {}
[20.114487] (-) TimerEvent: {}
[20.215440] (-) TimerEvent: {}
[20.316468] (-) TimerEvent: {}
[20.417438] (-) TimerEvent: {}
[20.518456] (-) TimerEvent: {}
[20.619483] (-) TimerEvent: {}
[20.720554] (-) TimerEvent: {}
[20.821573] (-) TimerEvent: {}
[20.922577] (-) TimerEvent: {}
[21.023613] (-) TimerEvent: {}
[21.124852] (-) TimerEvent: {}
[21.225767] (-) TimerEvent: {}
[21.326693] (-) TimerEvent: {}
[21.427698] (-) TimerEvent: {}
[21.528844] (-) TimerEvent: {}
[21.629925] (-) TimerEvent: {}
[21.730939] (-) TimerEvent: {}
[21.832105] (-) TimerEvent: {}
[21.933083] (-) TimerEvent: {}
[22.034137] (-) TimerEvent: {}
[22.135185] (-) TimerEvent: {}
[22.236313] (-) TimerEvent: {}
[22.337454] (-) TimerEvent: {}
[22.438489] (-) TimerEvent: {}
[22.539505] (-) TimerEvent: {}
[22.640674] (-) TimerEvent: {}
[22.741706] (-) TimerEvent: {}
[22.842674] (-) TimerEvent: {}
[22.943652] (-) TimerEvent: {}
[23.044705] (-) TimerEvent: {}
[23.145683] (-) TimerEvent: {}
[23.246663] (-) TimerEvent: {}
[23.347667] (-) TimerEvent: {}
[23.448663] (-) TimerEvent: {}
[23.549585] (-) TimerEvent: {}
[23.650507] (-) TimerEvent: {}
[23.751439] (-) TimerEvent: {}
[23.852456] (-) TimerEvent: {}
[23.953470] (-) TimerEvent: {}
[24.054572] (-) TimerEvent: {}
[24.155604] (-) TimerEvent: {}
[24.256808] (-) TimerEvent: {}
[24.357872] (-) TimerEvent: {}
[24.458889] (-) TimerEvent: {}
[24.559968] (-) TimerEvent: {}
[24.661039] (-) TimerEvent: {}
[24.762035] (-) TimerEvent: {}
[24.863079] (-) TimerEvent: {}
[24.964142] (-) TimerEvent: {}
[25.065164] (-) TimerEvent: {}
[25.166237] (-) TimerEvent: {}
[25.267269] (-) TimerEvent: {}
[25.368332] (-) TimerEvent: {}
[25.469372] (-) TimerEvent: {}
[25.570382] (-) TimerEvent: {}
[25.671401] (-) TimerEvent: {}
[25.772591] (-) TimerEvent: {}
[25.873639] (-) TimerEvent: {}
[25.974621] (-) TimerEvent: {}
[26.075705] (-) TimerEvent: {}
[26.176806] (-) TimerEvent: {}
[26.277764] (-) TimerEvent: {}
[26.378750] (-) TimerEvent: {}
[26.479735] (-) TimerEvent: {}
[26.580723] (-) TimerEvent: {}
[26.681639] (-) TimerEvent: {}
[26.782729] (-) TimerEvent: {}
[26.883750] (-) TimerEvent: {}
[26.984854] (-) TimerEvent: {}
[27.085793] (-) TimerEvent: {}
[27.186822] (-) TimerEvent: {}
[27.287844] (-) TimerEvent: {}
[27.388907] (-) TimerEvent: {}
[27.489921] (-) TimerEvent: {}
[27.590878] (-) TimerEvent: {}
[27.691876] (-) TimerEvent: {}
[27.792923] (-) TimerEvent: {}
[27.893983] (-) TimerEvent: {}
[27.994985] (-) TimerEvent: {}
[28.096291] (-) TimerEvent: {}
[28.197282] (-) TimerEvent: {}
[28.298201] (-) TimerEvent: {}
[28.399165] (-) TimerEvent: {}
[28.500156] (-) TimerEvent: {}
[28.601048] (-) TimerEvent: {}
[28.701960] (-) TimerEvent: {}
[28.802852] (-) TimerEvent: {}
[28.903776] (-) TimerEvent: {}
[29.004866] (-) TimerEvent: {}
[29.105853] (-) TimerEvent: {}
[29.206780] (-) TimerEvent: {}
[29.307741] (-) TimerEvent: {}
[29.408783] (-) TimerEvent: {}
[29.509768] (-) TimerEvent: {}
[29.610693] (-) TimerEvent: {}
[29.711642] (-) TimerEvent: {}
[29.812683] (-) TimerEvent: {}
[29.913619] (-) TimerEvent: {}
[30.014649] (-) TimerEvent: {}
[30.115619] (-) TimerEvent: {}
[30.216630] (-) TimerEvent: {}
[30.317565] (-) TimerEvent: {}
[30.418513] (-) TimerEvent: {}
[30.519471] (-) TimerEvent: {}
[30.620525] (-) TimerEvent: {}
[30.721450] (-) TimerEvent: {}
[30.822433] (-) TimerEvent: {}
[30.923391] (-) TimerEvent: {}
[31.024586] (-) TimerEvent: {}
[31.125523] (-) TimerEvent: {}
[31.226502] (-) TimerEvent: {}
[31.327439] (-) TimerEvent: {}
[31.428549] (-) TimerEvent: {}
[31.529539] (-) TimerEvent: {}
[31.544696] (agv_gui) StdoutLine: {'line': b'[ 80%] Linking CXX executable agv_gui\n'}
[31.629725] (-) TimerEvent: {}
[31.730687] (-) TimerEvent: {}
[31.831611] (-) TimerEvent: {}
[31.932683] (-) TimerEvent: {}
[32.033710] (-) TimerEvent: {}
[32.134696] (-) TimerEvent: {}
[32.235653] (-) TimerEvent: {}
[32.336758] (-) TimerEvent: {}
[32.437768] (-) TimerEvent: {}
[32.538741] (-) TimerEvent: {}
[32.639737] (-) TimerEvent: {}
[32.740924] (-) TimerEvent: {}
[32.841986] (-) TimerEvent: {}
[32.943869] (-) TimerEvent: {}
[33.045242] (-) TimerEvent: {}
[33.146265] (-) TimerEvent: {}
[33.247361] (-) TimerEvent: {}
[33.348637] (-) TimerEvent: {}
[33.449767] (-) TimerEvent: {}
[33.550854] (-) TimerEvent: {}
[33.652045] (-) TimerEvent: {}
[33.753215] (-) TimerEvent: {}
[33.854389] (-) TimerEvent: {}
[33.955541] (-) TimerEvent: {}
[34.057121] (-) TimerEvent: {}
[34.158307] (-) TimerEvent: {}
[34.259517] (-) TimerEvent: {}
[34.360924] (-) TimerEvent: {}
[34.462150] (-) TimerEvent: {}
[34.563605] (-) TimerEvent: {}
[34.664929] (-) TimerEvent: {}
[34.766010] (-) TimerEvent: {}
[34.867179] (-) TimerEvent: {}
[34.968514] (-) TimerEvent: {}
[35.069790] (-) TimerEvent: {}
[35.170872] (-) TimerEvent: {}
[35.272111] (-) TimerEvent: {}
[35.373057] (-) TimerEvent: {}
[35.474056] (-) TimerEvent: {}
[35.575063] (-) TimerEvent: {}
[35.676137] (-) TimerEvent: {}
[35.777217] (-) TimerEvent: {}
[35.878277] (-) TimerEvent: {}
[35.979466] (-) TimerEvent: {}
[36.080759] (-) TimerEvent: {}
[36.181692] (-) TimerEvent: {}
[36.282658] (-) TimerEvent: {}
[36.320952] (agv_gui) StderrLine: {'line': b"/usr/bin/ld: CMakeFiles/agv_gui.dir/src/main_gui.cpp.o: in function `MotorSub::changedTemp(QString const&)':\n"}
[36.325110] (agv_gui) StderrLine: {'line': b"/home/amr_1/agv_gui/build/agv_gui/agv_gui_autogen/include/mtr_node.moc:130: multiple definition of `MotorSub::changedTemp(QString const&)'; CMakeFiles/agv_gui.dir/src/mtr_node.cpp.o:/home/amr_1/agv_gui/build/agv_gui/agv_gui_autogen/include/mtr_node.moc:130: first defined here\n"}
[36.326020] (agv_gui) StderrLine: {'line': b"/usr/bin/ld: CMakeFiles/agv_gui.dir/src/main_gui.cpp.o: in function `MotorSub::qt_static_metacall(QObject*, QMetaObject::Call, int, void**)':\n"}
[36.326511] (agv_gui) StderrLine: {'line': b"/home/amr_1/agv_gui/build/agv_gui/agv_gui_autogen/include/mtr_node.moc:66: multiple definition of `MotorSub::qt_static_metacall(QObject*, QMetaObject::Call, int, void**)'; CMakeFiles/agv_gui.dir/src/mtr_node.cpp.o:/home/amr_1/agv_gui/build/agv_gui/agv_gui_autogen/include/mtr_node.moc:66: first defined here\n"}
[36.327048] (agv_gui) StderrLine: {'line': b"/usr/bin/ld: CMakeFiles/agv_gui.dir/src/main_gui.cpp.o:(.data.rel.ro+0x8): multiple definition of `MotorSub::staticMetaObject'; CMakeFiles/agv_gui.dir/src/mtr_node.cpp.o:(.data.rel.ro+0x8): first defined here\n"}
[36.327669] (agv_gui) StderrLine: {'line': b"/usr/bin/ld: CMakeFiles/agv_gui.dir/src/main_gui.cpp.o: in function `MotorSub::metaObject() const':\n"}
[36.328308] (agv_gui) StderrLine: {'line': b"/home/amr_1/agv_gui/build/agv_gui/agv_gui_autogen/include/mtr_node.moc:97: multiple definition of `MotorSub::metaObject() const'; CMakeFiles/agv_gui.dir/src/mtr_node.cpp.o:/home/amr_1/agv_gui/build/agv_gui/agv_gui_autogen/include/mtr_node.moc:97: first defined here\n"}
[36.328871] (agv_gui) StderrLine: {'line': b"/usr/bin/ld: CMakeFiles/agv_gui.dir/src/main_gui.cpp.o: in function `MotorSub::qt_metacast(char const*)':\n"}
[36.329461] (agv_gui) StderrLine: {'line': b"/home/amr_1/agv_gui/build/agv_gui/agv_gui_autogen/include/mtr_node.moc:102: multiple definition of `MotorSub::qt_metacast(char const*)'; CMakeFiles/agv_gui.dir/src/mtr_node.cpp.o:/home/amr_1/agv_gui/build/agv_gui/agv_gui_autogen/include/mtr_node.moc:102: first defined here\n"}
[36.329961] (agv_gui) StderrLine: {'line': b"/usr/bin/ld: CMakeFiles/agv_gui.dir/src/main_gui.cpp.o: in function `MotorSub::qt_metacall(QMetaObject::Call, int, void**)':\n"}
[36.330446] (agv_gui) StderrLine: {'line': b"/home/amr_1/agv_gui/build/agv_gui/agv_gui_autogen/include/mtr_node.moc:112: multiple definition of `MotorSub::qt_metacall(QMetaObject::Call, int, void**)'; CMakeFiles/agv_gui.dir/src/mtr_node.cpp.o:/home/amr_1/agv_gui/build/agv_gui/agv_gui_autogen/include/mtr_node.moc:112: first defined here\n"}
[36.330897] (agv_gui) StderrLine: {'line': b'collect2: error: ld returned 1 exit status\n'}
[36.334689] (agv_gui) StderrLine: {'line': b'make[2]: *** [CMakeFiles/agv_gui.dir/build.make:258: agv_gui] Error 1\n'}
[36.336831] (agv_gui) StderrLine: {'line': b'make[1]: *** [CMakeFiles/Makefile2:79: CMakeFiles/agv_gui.dir/all] Error 2\n'}
[36.337930] (agv_gui) StderrLine: {'line': b'make: *** [Makefile:141: all] Error 2\n'}
[36.348442] (agv_gui) CommandEnded: {'returncode': 2}
[36.383316] (-) TimerEvent: {}
[36.485080] (-) TimerEvent: {}
[36.586087] (-) TimerEvent: {}
[36.622607] (agv_gui) JobEnded: {'identifier': 'agv_gui', 'rc': 2}
[36.634158] (-) EventReactorShutdown: {}
