[0.018s] Invoking command in '/home/colin/agv_gui/build/amr_v4_qt': CMAKE_PREFIX_PATH=${CMAKE_PREFIX_PATH}:/opt/ros/iron /usr/bin/cmake --build /home/colin/agv_gui/build/amr_v4_qt -- -j4 -l4
[0.138s] [  1%] [34m[1mAutomatic MOC and UIC for target amr_v4_qt[0m
[0.191s] [  1%] Built target amr_v4_qt_autogen
[0.238s] [35m[1mConsolidate compiler generated dependencies of target amr_v4_qt[0m
[0.385s] [  3%] [32mBuilding CXX object CMakeFiles/amr_v4_qt.dir/src/main.cpp.o[0m
[6.033s] [01m[K/home/colin/agv_gui/src/amr_v4_qt/src/main.cpp:[m[K In function ‘[01m[Kint main(int, char**)[m[K’:
[6.033s] [01m[K/home/colin/agv_gui/src/amr_v4_qt/src/main.cpp:22:11:[m[K [01;31m[Kerror: [m[Kinvalid use of incomplete type ‘[01m[Kclass QDebug[m[K’
[6.033s]    22 |     qDebug[01;31m[K([m[K) << robot_name;
[6.033s]       |           [01;31m[K^[m[K
[6.033s] In file included from [01m[K/usr/include/x86_64-linux-gnu/qt5/QtCore/qglobal.h:1297[m[K,
[6.034s]                  from [01m[K/usr/include/x86_64-linux-gnu/qt5/QtGui/qtguiglobal.h:43[m[K,
[6.034s]                  from [01m[K/usr/include/x86_64-linux-gnu/qt5/QtWidgets/qtwidgetsglobal.h:43[m[K,
[6.034s]                  from [01m[K/usr/include/x86_64-linux-gnu/qt5/QtWidgets/qapplication.h:43[m[K,
[6.034s]                  from [01m[K/usr/include/x86_64-linux-gnu/qt5/QtWidgets/QApplication:1[m[K,
[6.034s]                  from [01m[K/home/colin/agv_gui/src/amr_v4_qt/src/main.cpp:1[m[K:
[6.034s] [01m[K/usr/include/x86_64-linux-gnu/qt5/QtCore/qlogging.h:57:7:[m[K [01;36m[Knote: [m[Kforward declaration of ‘[01m[Kclass QDebug[m[K’
[6.034s]    57 | class [01;36m[KQDebug[m[K;
[6.034s]       |       [01;36m[K^~~~~~[m[K
[6.034s] [01m[K/home/colin/agv_gui/src/amr_v4_qt/src/main.cpp:24:54:[m[K [01;31m[Kerror: [m[Kinvalid operands of types ‘[01m[Kconst char [8][m[K’ and ‘[01m[Kconst char*[m[K’ to binary ‘[01m[Koperator+[m[K’
[6.034s]    24 |     options.arguments({"--ros-args", "-r", [32m[K"__ns:=/"[m[K [01;31m[K+[m[K [34m[Krobot_name[m[K, "-r", "__node:=Motor_Status"});
[6.034s]       |                                            [32m[K~~~~~~~~~[m[K [01;31m[K^[m[K [34m[K~~~~~~~~~~[m[K
[6.034s]       |                                            [32m[K|[m[K           [34m[K|[m[K
[6.034s]       |                                            [32m[K|[m[K           [34m[Kconst char*[m[K
[6.034s]       |                                            [32m[Kconst char [8][m[K
[6.034s] [01m[K/home/colin/agv_gui/src/amr_v4_qt/src/main.cpp:24:22:[m[K [01;31m[Kerror: [m[Kno matching function for call to ‘[01m[Krclcpp::NodeOptions::arguments(<brace-enclosed initializer list>)[m[K’
[6.035s]    24 |     [01;31m[Koptions.arguments({"--ros-args", "-r", "__ns:=/" + robot_name, "-r", "__node:=Motor_Status"})[m[K;
[6.035s]       |     [01;31m[K~~~~~~~~~~~~~~~~~^~~~~~~~~~~~~~~~~~~~~~~~~~~~~~~~~~~~~~~~~~~~~~~~~~~~~~~~~~~~~~~~~~~~~~~~~~~~[m[K
[6.035s] In file included from [01m[K/opt/ros/iron/include/rclcpp/rclcpp/node.hpp:61[m[K,
[6.035s]                  from [01m[K/opt/ros/iron/include/rclcpp/rclcpp/executors/single_threaded_executor.hpp:28[m[K,
[6.035s]                  from [01m[K/opt/ros/iron/include/rclcpp/rclcpp/executors.hpp:22[m[K,
[6.035s]                  from [01m[K/opt/ros/iron/include/rclcpp/rclcpp/rclcpp.hpp:167[m[K,
[6.035s]                  from [01m[K/home/colin/agv_gui/src/amr_v4_qt/src/main.cpp:3[m[K:
[6.035s] [01m[K/opt/ros/iron/include/rclcpp/rclcpp/node_options.hpp:108:3:[m[K [01;36m[Knote: [m[Kcandidate: ‘[01m[Kconst std::vector<std::__cxx11::basic_string<char> >& rclcpp::NodeOptions::arguments() const[m[K’
[6.035s]   108 |   [01;36m[Karguments[m[K() const;
[6.035s]       |   [01;36m[K^~~~~~~~~[m[K
[6.035s] [01m[K/opt/ros/iron/include/rclcpp/rclcpp/node_options.hpp:108:3:[m[K [01;36m[Knote: [m[K  candidate expects 0 arguments, 1 provided
[6.035s] [01m[K/opt/ros/iron/include/rclcpp/rclcpp/node_options.hpp:119:3:[m[K [01;36m[Knote: [m[Kcandidate: ‘[01m[Krclcpp::NodeOptions& rclcpp::NodeOptions::arguments(const std::vector<std::__cxx11::basic_string<char> >&)[m[K’
[6.035s]   119 |   [01;36m[Karguments[m[K(const std::vector<std::string> & arguments);
[6.035s]       |   [01;36m[K^~~~~~~~~[m[K
[6.036s] [01m[K/opt/ros/iron/include/rclcpp/rclcpp/node_options.hpp:119:46:[m[K [01;36m[Knote: [m[K  no known conversion for argument 1 from ‘[01m[K<brace-enclosed initializer list>[m[K’ to ‘[01m[Kconst std::vector<std::__cxx11::basic_string<char> >&[m[K’
[6.036s]   119 |   arguments([01;36m[Kconst std::vector<std::string> & arguments[m[K);
[6.036s]       |             [01;36m[K~~~~~~~~~~~~~~~~~~~~~~~~~~~~~~~~~^~~~~~~~~[m[K
[6.039s] [01m[K/home/colin/agv_gui/src/amr_v4_qt/src/main.cpp:25:5:[m[K [01;31m[Kerror: [m[K‘[01m[Knode_[m[K’ was not declared in this scope; did you mean ‘[01m[Kmode_t[m[K’?
[6.039s]    25 |     [01;31m[Knode_[m[K = std::Node::make_shared("_", options);
[6.039s]       |     [01;31m[K^~~~~[m[K
[6.039s]       |     [32m[Kmode_t[m[K
[6.039s] [01m[K/home/colin/agv_gui/src/amr_v4_qt/src/main.cpp:25:18:[m[K [01;31m[Kerror: [m[K‘[01m[Kstd::Node[m[K’ has not been declared
[6.039s]    25 |     node_ = std::[01;31m[KNode[m[K::make_shared("_", options);
[6.039s]       |                  [01;31m[K^~~~[m[K
[6.982s] gmake[2]: *** [CMakeFiles/amr_v4_qt.dir/build.make:158: CMakeFiles/amr_v4_qt.dir/src/main.cpp.o] Error 1
[6.983s] gmake[1]: *** [CMakeFiles/Makefile2:138: CMakeFiles/amr_v4_qt.dir/all] Error 2
[6.983s] gmake: *** [Makefile:146: all] Error 2
[6.985s] Invoked command in '/home/colin/agv_gui/build/amr_v4_qt' returned '2': CMAKE_PREFIX_PATH=${CMAKE_PREFIX_PATH}:/opt/ros/iron /usr/bin/cmake --build /home/colin/agv_gui/build/amr_v4_qt -- -j4 -l4
