[0.000000] (-) TimerEvent: {}
[0.001039] (agv_gui) JobQueued: {'identifier': 'agv_gui', 'dependencies': OrderedDict()}
[0.002309] (agv_gui) JobStarted: {'identifier': 'agv_gui'}
[0.069526] (agv_gui) JobProgress: {'identifier': 'agv_gui', 'progress': 'cmake'}
[0.072036] (agv_gui) Command: {'cmd': ['/usr/bin/cmake', '/home/amr_1/agv_gui/src/agv_gui', '-G', 'CodeBlocks - Unix Makefiles', '-DCMAKE_BUILD_TYPE=Debug', '-DCMAKE_INSTALL_PREFIX=/home/amr_1/agv_gui/install/agv_gui'], 'cwd': '/home/amr_1/agv_gui/build/agv_gui', 'env': OrderedDict([('GJS_DEBUG_TOPICS', 'JS ERROR;JS LOG'), ('SNAP_COMMON', '/var/snap/qtcreator-ros/common'), ('SNAP_INSTANCE_KEY', ''), ('USER', 'amr_1'), ('SSH_AGENT_PID', '1902'), ('XDG_SESSION_TYPE', 'x11'), ('LD_LIBRARY_PATH', '/opt/ros/foxy/opt/yaml_cpp_vendor/lib:/opt/ros/foxy/opt/rviz_ogre_vendor/lib:/opt/ros/foxy/lib/aarch64-linux-gnu:/opt/ros/foxy/lib:/snap/qtcreator-ros/85/lib:/snap/qtcreator-ros/85/usr/lib/aarch64-linux-gnu'), ('SHLVL', '20'), ('HOME', '/home/amr_1'), ('SNAP_LIBRARY_PATH', '/var/lib/snapd/lib/gl:/var/lib/snapd/lib/gl32:/var/lib/snapd/void'), ('DESKTOP_SESSION', 'ubuntu'), ('QTDIR', '/usr/lib/aarch64-linux-gnu/qt5'), ('SNAP_USER_DATA', '/home/amr_1/snap/qtcreator-ros/85'), ('GIO_LAUNCHED_DESKTOP_FILE', '/var/lib/snapd/desktop/applications/qtcreator-ros_qtcreator-ros.desktop'), ('GNOME_SHELL_SESSION_MODE', 'ubuntu'), ('GTK_MODULES', 'gail:atk-bridge'), ('ROS_PYTHON_VERSION', '3'), ('MANAGERPID', '1197'), ('DBUS_SESSION_BUS_ADDRESS', 'unix:path=/run/user/1000/bus'), ('GIO_LAUNCHED_DESKTOP_FILE_PID', '2960'), ('SNAP_REVISION', '85'), ('COLCON_PREFIX_PATH', '/home/amr_1/agv_gui/install'), ('IM_CONFIG_PHASE', '1'), ('ROS_DISTRO', 'foxy'), ('LOGNAME', 'amr_1'), ('JOURNAL_STREAM', '7:47868'), ('SNAP_CONTEXT', 'JMUNmlkXuymAoFLhect4Slt1Dx_kDivwLxrFtPEjqXLKM0mxrcr1'), ('_', '/usr/bin/env'), ('ROS_VERSION', '2'), ('SNAP_VERSION', '11.0.2'), ('XDG_SESSION_CLASS', 'user'), ('TERM', 'xterm'), ('USERNAME', 'amr_1'), ('GNOME_DESKTOP_SESSION_ID', 'this-is-deprecated'), ('ROS_LOCALHOST_ONLY', '0'), ('SNAP_INSTANCE_NAME', 'qtcreator-ros'), ('WINDOWPATH', '2'), ('PATH', '/opt/ros/foxy/bin:/home/amr_1/.local/bin:/usr/local/sbin:/usr/local/bin:/usr/sbin:/usr/bin:/sbin:/bin:/usr/games:/usr/local/games:/snap/bin'), ('INVOCATION_ID', 'ac71398117de44a2a8fa7b8aa4eb72f5'), ('SESSION_MANAGER', 'local/colins-jetson:@/tmp/.ICE-unix/1938,unix/colins-jetson:/tmp/.ICE-unix/1938'), ('BAMF_DESKTOP_FILE_HINT', '/var/lib/snapd/desktop/applications/qtcreator-ros_qtcreator-ros.desktop'), ('SNAP_DATA', '/var/snap/qtcreator-ros/85'), ('XDG_MENU_PREFIX', 'gnome-'), ('XDG_RUNTIME_DIR', '/run/user/1000'), ('DISPLAY', ':0'), ('LANG', 'en_US.UTF-8'), ('XDG_CURRENT_DESKTOP', 'ubuntu:GNOME'), ('XAUTHORITY', '/run/user/1000/gdm/Xauthority'), ('XDG_SESSION_DESKTOP', 'ubuntu'), ('XMODIFIERS', '@im=ibus'), ('AMENT_PREFIX_PATH', '/home/amr_1/agv_gui/install/agv_gui:/opt/ros/foxy'), ('SNAP_ARCH', 'arm64'), ('SNAP_COOKIE', 'JMUNmlkXuymAoFLhect4Slt1Dx_kDivwLxrFtPEjqXLKM0mxrcr1'), ('SNAP_USER_COMMON', '/home/amr_1/snap/qtcreator-ros/common'), ('SSH_AUTH_SOCK', '/run/user/1000/keyring/ssh'), ('SHELL', '/bin/bash'), ('GDMSESSION', 'ubuntu'), ('QT_ACCESSIBILITY', '1'), ('SNAP_REEXEC', ''), ('SNAP_NAME', 'qtcreator-ros'), ('GJS_DEBUG_OUTPUT', 'stderr'), ('GPG_AGENT_INFO', '/run/user/1000/gnupg/S.gpg-agent:0:1'), ('QT_IM_MODULE', 'ibus'), ('LC_ALL', 'en_US.UTF-8'), ('PWD', '/home/amr_1/agv_gui/build/agv_gui'), ('QT_QPA_PLATFORM', 'wayland;xcb'), ('SNAP_REAL_HOME', '/home/amr_1'), ('XDG_CONFIG_DIRS', '/etc/xdg/xdg-ubuntu:/etc/xdg'), ('XDG_DATA_DIRS', '/usr/share/ubuntu:/usr/local/share/:/usr/share/:/var/lib/snapd/desktop'), ('PYTHONPATH', '/opt/ros/foxy/lib/python3.8/site-packages'), ('SNAP', '/snap/qtcreator-ros/85'), ('COLCON', '1'), ('CMAKE_PREFIX_PATH', '/home/amr_1/agv_gui/install/agv_gui:/opt/ros/foxy'), ('LIBGL_DRIVERS_PATH', '/snap/qtcreator-ros/85/usr/lib/aarch64-linux-gnu/dri')]), 'shell': False}
[0.098550] (-) TimerEvent: {}
[0.199809] (-) TimerEvent: {}
[0.300745] (-) TimerEvent: {}
[0.401688] (-) TimerEvent: {}
[0.424923] (agv_gui) StdoutLine: {'line': b'-- The C compiler identification is GNU 9.4.0\n'}
[0.501982] (-) TimerEvent: {}
[0.602954] (-) TimerEvent: {}
[0.704027] (-) TimerEvent: {}
[0.746218] (agv_gui) StdoutLine: {'line': b'-- The CXX compiler identification is GNU 9.4.0\n'}
[0.804280] (-) TimerEvent: {}
[0.905320] (-) TimerEvent: {}
[0.961417] (agv_gui) StdoutLine: {'line': b'-- Check for working C compiler: /usr/bin/cc\n'}
[1.005522] (-) TimerEvent: {}
[1.106404] (-) TimerEvent: {}
[1.207444] (-) TimerEvent: {}
[1.308434] (-) TimerEvent: {}
[1.363044] (agv_gui) StdoutLine: {'line': b'-- Check for working C compiler: /usr/bin/cc -- works\n'}
[1.368509] (agv_gui) StdoutLine: {'line': b'-- Detecting C compiler ABI info\n'}
[1.408611] (-) TimerEvent: {}
[1.509438] (-) TimerEvent: {}
[1.610448] (-) TimerEvent: {}
[1.711420] (-) TimerEvent: {}
[1.778865] (agv_gui) StdoutLine: {'line': b'-- Detecting C compiler ABI info - done\n'}
[1.811573] (-) TimerEvent: {}
[1.841886] (agv_gui) StdoutLine: {'line': b'-- Detecting C compile features\n'}
[1.843629] (agv_gui) StdoutLine: {'line': b'-- Detecting C compile features - done\n'}
[1.857674] (agv_gui) StdoutLine: {'line': b'-- Check for working CXX compiler: /usr/bin/c++\n'}
[1.911802] (-) TimerEvent: {}
[2.012615] (-) TimerEvent: {}
[2.113423] (-) TimerEvent: {}
[2.214268] (-) TimerEvent: {}
[2.315140] (-) TimerEvent: {}
[2.326379] (agv_gui) StdoutLine: {'line': b'-- Check for working CXX compiler: /usr/bin/c++ -- works\n'}
[2.331236] (agv_gui) StdoutLine: {'line': b'-- Detecting CXX compiler ABI info\n'}
[2.415378] (-) TimerEvent: {}
[2.516344] (-) TimerEvent: {}
[2.617247] (-) TimerEvent: {}
[2.718194] (-) TimerEvent: {}
[2.807654] (agv_gui) StdoutLine: {'line': b'-- Detecting CXX compiler ABI info - done\n'}
[2.818352] (-) TimerEvent: {}
[2.866631] (agv_gui) StdoutLine: {'line': b'-- Detecting CXX compile features\n'}
[2.868867] (agv_gui) StdoutLine: {'line': b'-- Detecting CXX compile features - done\n'}
[2.879482] (agv_gui) StdoutLine: {'line': b'-- Found ament_cmake: 0.9.12 (/opt/ros/foxy/share/ament_cmake/cmake)\n'}
[2.918484] (-) TimerEvent: {}
[3.015105] (agv_gui) StdoutLine: {'line': b'-- Found PythonInterp: /usr/bin/python3 (found suitable version "3.8.10", minimum required is "3") \n'}
[3.016264] (agv_gui) StdoutLine: {'line': b'-- Using PYTHON_EXECUTABLE: /usr/bin/python3\n'}
[3.018610] (-) TimerEvent: {}
[3.119077] (-) TimerEvent: {}
[3.219648] (-) TimerEvent: {}
[3.320152] (-) TimerEvent: {}
[3.420670] (-) TimerEvent: {}
[3.521459] (-) TimerEvent: {}
[3.622221] (-) TimerEvent: {}
[3.722844] (-) TimerEvent: {}
[3.823496] (-) TimerEvent: {}
[3.924212] (-) TimerEvent: {}
[4.012486] (agv_gui) StdoutLine: {'line': b'-- Found geometry_msgs: 2.0.5 (/opt/ros/foxy/share/geometry_msgs/cmake)\n'}
[4.024310] (-) TimerEvent: {}
[4.124891] (-) TimerEvent: {}
[4.149727] (agv_gui) StdoutLine: {'line': b'-- Using all available rosidl_typesupport_c: rosidl_typesupport_fastrtps_c;rosidl_typesupport_introspection_c\n'}
[4.181076] (agv_gui) StdoutLine: {'line': b'-- Found rosidl_adapter: 1.3.1 (/opt/ros/foxy/share/rosidl_adapter/cmake)\n'}
[4.225027] (-) TimerEvent: {}
[4.325708] (-) TimerEvent: {}
[4.426526] (-) TimerEvent: {}
[4.527415] (-) TimerEvent: {}
[4.628288] (-) TimerEvent: {}
[4.652713] (agv_gui) StdoutLine: {'line': b'-- Found OpenSSL: /usr/lib/aarch64-linux-gnu/libcrypto.so (found version "1.1.1f")  \n'}
[4.728406] (-) TimerEvent: {}
[4.788400] (agv_gui) StdoutLine: {'line': b'-- Found FastRTPS: /opt/ros/foxy/include  \n'}
[4.828641] (-) TimerEvent: {}
[4.929566] (-) TimerEvent: {}
[5.030423] (-) TimerEvent: {}
[5.131289] (-) TimerEvent: {}
[5.157942] (agv_gui) StdoutLine: {'line': b'-- Using all available rosidl_typesupport_cpp: rosidl_typesupport_fastrtps_cpp;rosidl_typesupport_introspection_cpp\n'}
[5.231445] (-) TimerEvent: {}
[5.332110] (-) TimerEvent: {}
[5.432736] (-) TimerEvent: {}
[5.533296] (-) TimerEvent: {}
[5.553939] (agv_gui) StdoutLine: {'line': b'-- Found rclcpp: 2.4.3 (/opt/ros/foxy/share/rclcpp/cmake)\n'}
[5.633446] (-) TimerEvent: {}
[5.734113] (-) TimerEvent: {}
[5.754758] (agv_gui) StdoutLine: {'line': b'-- Found rmw_implementation_cmake: 1.0.4 (/opt/ros/foxy/share/rmw_implementation_cmake/cmake)\n'}
[5.761054] (agv_gui) StdoutLine: {'line': b"-- Using RMW implementation 'rmw_fastrtps_cpp' as default\n"}
[5.765111] (agv_gui) StdoutLine: {'line': b'-- Looking for pthread.h\n'}
[5.834400] (-) TimerEvent: {}
[5.935397] (-) TimerEvent: {}
[6.036314] (-) TimerEvent: {}
[6.137190] (-) TimerEvent: {}
[6.201246] (agv_gui) StdoutLine: {'line': b'-- Looking for pthread.h - found\n'}
[6.202655] (agv_gui) StdoutLine: {'line': b'-- Performing Test CMAKE_HAVE_LIBC_PTHREAD\n'}
[6.237304] (-) TimerEvent: {}
[6.338113] (-) TimerEvent: {}
[6.438916] (-) TimerEvent: {}
[6.539636] (-) TimerEvent: {}
[6.640447] (-) TimerEvent: {}
[6.668856] (agv_gui) StdoutLine: {'line': b'-- Performing Test CMAKE_HAVE_LIBC_PTHREAD - Failed\n'}
[6.670279] (agv_gui) StdoutLine: {'line': b'-- Looking for pthread_create in pthreads\n'}
[6.740659] (-) TimerEvent: {}
[6.841521] (-) TimerEvent: {}
[6.942492] (-) TimerEvent: {}
[7.043427] (-) TimerEvent: {}
[7.050167] (agv_gui) StdoutLine: {'line': b'-- Looking for pthread_create in pthreads - not found\n'}
[7.051446] (agv_gui) StdoutLine: {'line': b'-- Looking for pthread_create in pthread\n'}
[7.143683] (-) TimerEvent: {}
[7.244545] (-) TimerEvent: {}
[7.345385] (-) TimerEvent: {}
[7.446233] (-) TimerEvent: {}
[7.474794] (agv_gui) StdoutLine: {'line': b'-- Looking for pthread_create in pthread - found\n'}
[7.481754] (agv_gui) StdoutLine: {'line': b'-- Found Threads: TRUE  \n'}
[7.546389] (-) TimerEvent: {}
[7.647284] (-) TimerEvent: {}
[7.747971] (-) TimerEvent: {}
[7.848638] (-) TimerEvent: {}
[7.949371] (-) TimerEvent: {}
[8.050227] (-) TimerEvent: {}
[8.102144] (agv_gui) StdoutLine: {'line': b'-- Found rclcpp_components: 2.4.3 (/opt/ros/foxy/share/rclcpp_components/cmake)\n'}
[8.150468] (-) TimerEvent: {}
[8.251366] (-) TimerEvent: {}
[8.352278] (-) TimerEvent: {}
[8.364234] (agv_gui) StdoutLine: {'line': b'-- Found rviz_common: 8.2.8 (/opt/ros/foxy/share/rviz_common/cmake)\n'}
[8.433818] (agv_gui) StdoutLine: {'line': b"-- Setting OGRE_DIR to: '/opt/ros/foxy/share/rviz_ogre_vendor/cmake/../../../opt/rviz_ogre_vendor/lib/OGRE/cmake'\n"}
[8.447307] (agv_gui) StdoutLine: {'line': b'-- Found OGRE\n'}
[8.448163] (agv_gui) StdoutLine: {'line': b'--   static     : OFF\n'}
[8.449346] (agv_gui) StdoutLine: {'line': b'--   components : HLMS;MeshLodGenerator;Overlay;Paging;Property;RTShaderSystem;Terrain;Volume\n'}
[8.449786] (agv_gui) StdoutLine: {'line': b'--   plugins    : Plugin_BSPSceneManager;Plugin_OctreeSceneManager;Plugin_PCZSceneManager;Plugin_ParticleFX;RenderSystem_GL;RenderSystem_GL3Plus;Codec_STBI\n'}
[8.450195] (agv_gui) StdoutLine: {'line': b'--   media      : /opt/ros/foxy/opt/rviz_ogre_vendor/share/OGRE/Media\n'}
[8.451234] (agv_gui) StdoutLine: {'line': b'-- OGRE_LIBRARIES: OgreHLMS;OgreMeshLodGenerator;OgreOverlay;OgrePaging;OgreProperty;OgreRTShaderSystem;OgreTerrain;OgreVolume;OgreMain\n'}
[8.451737] (agv_gui) StdoutLine: {'line': b'-- OGRE_LIBRARY_DIRS: /opt/ros/foxy/opt/rviz_ogre_vendor/lib\n'}
[8.452106] (agv_gui) StdoutLine: {'line': b'-- OGRE_PLUGINS: Plugin_BSPSceneManager;Plugin_OctreeSceneManager;Plugin_PCZSceneManager;Plugin_ParticleFX;RenderSystem_GL;RenderSystem_GL3Plus;Codec_STBI\n'}
[8.452460] (-) TimerEvent: {}
[8.452891] (agv_gui) StdoutLine: {'line': b'-- OGRE_PLUGIN_DIR: /opt/ros/foxy/opt/rviz_ogre_vendor/lib/OGRE\n'}
[8.453308] (agv_gui) StdoutLine: {'line': b'-- rviz_ogre_vendor::OgreOverlay for IMPORTED_LOCATION_RELEASE: /opt/ros/foxy/opt/rviz_ogre_vendor/lib/libOgreOverlay.so\n'}
[8.453671] (agv_gui) StdoutLine: {'line': b'-- rviz_ogre_vendor::OgreOverlay for IMPORTED_LOCATION_DEBUG: /opt/ros/foxy/opt/rviz_ogre_vendor/lib/libOgreOverlay.so\n'}
[8.454046] (agv_gui) StdoutLine: {'line': b'-- rviz_ogre_vendor::OgreMain for IMPORTED_LOCATION_RELEASE: /opt/ros/foxy/opt/rviz_ogre_vendor/lib/libOgreMain.so\n'}
[8.454527] (agv_gui) StdoutLine: {'line': b'-- rviz_ogre_vendor::OgreMain for IMPORTED_LOCATION_DEBUG: /opt/ros/foxy/opt/rviz_ogre_vendor/lib/libOgreMain.so\n'}
[8.456736] (agv_gui) StdoutLine: {'line': b'-- Could not find freeimage library\n'}
[8.547310] (agv_gui) StdoutLine: {'line': b'-- Found ZLIB: /usr/lib/aarch64-linux-gnu/libz.so (found version "1.2.11") \n'}
[8.552660] (-) TimerEvent: {}
[8.569809] (agv_gui) StdoutLine: {'line': b'-- Found OpenGL: /usr/lib/aarch64-linux-gnu/libOpenGL.so   \n'}
[8.652913] (-) TimerEvent: {}
[8.753980] (-) TimerEvent: {}
[8.854864] (-) TimerEvent: {}
[8.955858] (-) TimerEvent: {}
[9.056752] (-) TimerEvent: {}
[9.105827] (agv_gui) StdoutLine: {'line': b'-- Found X11: /usr/include   \n'}
[9.107316] (agv_gui) StdoutLine: {'line': b'-- Looking for XOpenDisplay in /usr/lib/aarch64-linux-gnu/libX11.so;/usr/lib/aarch64-linux-gnu/libXext.so\n'}
[9.156938] (-) TimerEvent: {}
[9.257768] (-) TimerEvent: {}
[9.358665] (-) TimerEvent: {}
[9.459611] (-) TimerEvent: {}
[9.560415] (-) TimerEvent: {}
[9.569817] (agv_gui) StdoutLine: {'line': b'-- Looking for XOpenDisplay in /usr/lib/aarch64-linux-gnu/libX11.so;/usr/lib/aarch64-linux-gnu/libXext.so - found\n'}
[9.570972] (agv_gui) StdoutLine: {'line': b'-- Looking for gethostbyname\n'}
[9.660736] (-) TimerEvent: {}
[9.761697] (-) TimerEvent: {}
[9.862609] (-) TimerEvent: {}
[9.963658] (-) TimerEvent: {}
[9.976459] (agv_gui) StdoutLine: {'line': b'-- Looking for gethostbyname - found\n'}
[9.977536] (agv_gui) StdoutLine: {'line': b'-- Looking for connect\n'}
[10.063895] (-) TimerEvent: {}
[10.164797] (-) TimerEvent: {}
[10.265630] (-) TimerEvent: {}
[10.366551] (-) TimerEvent: {}
[10.396572] (agv_gui) StdoutLine: {'line': b'-- Looking for connect - found\n'}
[10.397771] (agv_gui) StdoutLine: {'line': b'-- Looking for remove\n'}
[10.466766] (-) TimerEvent: {}
[10.567727] (-) TimerEvent: {}
[10.668585] (-) TimerEvent: {}
[10.769438] (-) TimerEvent: {}
[10.807997] (agv_gui) StdoutLine: {'line': b'-- Looking for remove - found\n'}
[10.809282] (agv_gui) StdoutLine: {'line': b'-- Looking for shmat\n'}
[10.869685] (-) TimerEvent: {}
[10.970516] (-) TimerEvent: {}
[11.071385] (-) TimerEvent: {}
[11.172293] (-) TimerEvent: {}
[11.226298] (agv_gui) StdoutLine: {'line': b'-- Looking for shmat - found\n'}
[11.228001] (agv_gui) StdoutLine: {'line': b'-- Looking for IceConnectionNumber in ICE\n'}
[11.272507] (-) TimerEvent: {}
[11.373344] (-) TimerEvent: {}
[11.474116] (-) TimerEvent: {}
[11.574925] (-) TimerEvent: {}
[11.656877] (agv_gui) StdoutLine: {'line': b'-- Looking for IceConnectionNumber in ICE - found\n'}
[11.671015] (agv_gui) StdoutLine: {'line': b'-- rviz_ogre_vendor::RenderSystem_GL for IMPORTED_LOCATION_RELEASE: _render_system_gl_static_library_abs-NOTFOUND\n'}
[11.671916] (agv_gui) StdoutLine: {'line': b'-- rviz_ogre_vendor::RenderSystem_GL for IMPORTED_LOCATION_DEBUG: _render_system_gl_static_library_abs-NOTFOUND\n'}
[11.675079] (-) TimerEvent: {}
[11.692873] (agv_gui) StdoutLine: {'line': b'-- library: libassimp.so.5\n'}
[11.775358] (-) TimerEvent: {}
[11.876190] (-) TimerEvent: {}
[11.977142] (-) TimerEvent: {}
[12.078089] (-) TimerEvent: {}
[12.179133] (-) TimerEvent: {}
[12.180595] (agv_gui) StdoutLine: {'line': b'-- library: /usr/lib/aarch64-linux-gnu/libcurl.so\n'}
[12.279314] (-) TimerEvent: {}
[12.379935] (-) TimerEvent: {}
[12.480580] (-) TimerEvent: {}
[12.581154] (-) TimerEvent: {}
[12.681672] (-) TimerEvent: {}
[12.782198] (-) TimerEvent: {}
[12.798651] (agv_gui) StdoutLine: {'line': b'-- Found Eigen3: TRUE (found version "3.3.7") \n'}
[12.882414] (-) TimerEvent: {}
[12.983149] (-) TimerEvent: {}
[13.083845] (-) TimerEvent: {}
[13.184583] (-) TimerEvent: {}
[13.285131] (-) TimerEvent: {}
[13.385659] (-) TimerEvent: {}
[13.486238] (-) TimerEvent: {}
[13.586799] (-) TimerEvent: {}
[13.687398] (-) TimerEvent: {}
[13.787905] (-) TimerEvent: {}
[13.888427] (-) TimerEvent: {}
[13.988977] (-) TimerEvent: {}
[14.089598] (-) TimerEvent: {}
[14.190134] (-) TimerEvent: {}
[14.290640] (-) TimerEvent: {}
[14.310170] (agv_gui) StdoutLine: {'line': b"-- Setting yaml-cpp_DIR to: '/opt/ros/foxy/share/yaml_cpp_vendor/cmake/../../../opt/yaml_cpp_vendor/lib/cmake/yaml-cpp'\n"}
[14.329287] (agv_gui) StdoutLine: {'line': b'-- Found rviz_default_plugins: 8.2.8 (/opt/ros/foxy/share/rviz_default_plugins/cmake)\n'}
[14.390777] (-) TimerEvent: {}
[14.491403] (-) TimerEvent: {}
[14.591936] (-) TimerEvent: {}
[14.692474] (-) TimerEvent: {}
[14.793043] (-) TimerEvent: {}
[14.893849] (-) TimerEvent: {}
[14.994673] (-) TimerEvent: {}
[15.095280] (-) TimerEvent: {}
[15.195847] (-) TimerEvent: {}
[15.296442] (-) TimerEvent: {}
[15.397097] (-) TimerEvent: {}
[15.497891] (-) TimerEvent: {}
[15.598451] (-) TimerEvent: {}
[15.698979] (-) TimerEvent: {}
[15.799452] (-) TimerEvent: {}
[15.900011] (-) TimerEvent: {}
[16.000794] (-) TimerEvent: {}
[16.101400] (-) TimerEvent: {}
[16.202129] (-) TimerEvent: {}
[16.302662] (-) TimerEvent: {}
[16.316800] (agv_gui) StdoutLine: {'line': b'-- Found std_srvs: 2.0.5 (/opt/ros/foxy/share/std_srvs/cmake)\n'}
[16.389341] (agv_gui) StdoutLine: {'line': b'-- Found tf2_eigen: 0.13.14 (/opt/ros/foxy/share/tf2_eigen/cmake)\n'}
[16.402795] (-) TimerEvent: {}
[16.503526] (-) TimerEvent: {}
[16.604283] (-) TimerEvent: {}
[16.705051] (-) TimerEvent: {}
[16.736688] (agv_gui) StdoutLine: {'line': b'-- Configuring done\n'}
[16.805305] (-) TimerEvent: {}
[16.906175] (-) TimerEvent: {}
[17.007109] (-) TimerEvent: {}
[17.057341] (agv_gui) StdoutLine: {'line': b'-- Generating done\n'}
[17.071649] (agv_gui) StdoutLine: {'line': b'-- Build files have been written to: /home/amr_1/agv_gui/build/agv_gui\n'}
[17.107388] (-) TimerEvent: {}
[17.129083] (agv_gui) CommandEnded: {'returncode': 0}
[17.137547] (agv_gui) JobProgress: {'identifier': 'agv_gui', 'progress': 'build'}
[17.137782] (agv_gui) Command: {'cmd': ['/usr/bin/cmake', '--build', '/home/amr_1/agv_gui/build/agv_gui', '--', '-j6', '-l6'], 'cwd': '/home/amr_1/agv_gui/build/agv_gui', 'env': OrderedDict([('GJS_DEBUG_TOPICS', 'JS ERROR;JS LOG'), ('SNAP_COMMON', '/var/snap/qtcreator-ros/common'), ('SNAP_INSTANCE_KEY', ''), ('USER', 'amr_1'), ('SSH_AGENT_PID', '1902'), ('XDG_SESSION_TYPE', 'x11'), ('LD_LIBRARY_PATH', '/opt/ros/foxy/opt/yaml_cpp_vendor/lib:/opt/ros/foxy/opt/rviz_ogre_vendor/lib:/opt/ros/foxy/lib/aarch64-linux-gnu:/opt/ros/foxy/lib:/snap/qtcreator-ros/85/lib:/snap/qtcreator-ros/85/usr/lib/aarch64-linux-gnu'), ('SHLVL', '20'), ('HOME', '/home/amr_1'), ('SNAP_LIBRARY_PATH', '/var/lib/snapd/lib/gl:/var/lib/snapd/lib/gl32:/var/lib/snapd/void'), ('DESKTOP_SESSION', 'ubuntu'), ('QTDIR', '/usr/lib/aarch64-linux-gnu/qt5'), ('SNAP_USER_DATA', '/home/amr_1/snap/qtcreator-ros/85'), ('GIO_LAUNCHED_DESKTOP_FILE', '/var/lib/snapd/desktop/applications/qtcreator-ros_qtcreator-ros.desktop'), ('GNOME_SHELL_SESSION_MODE', 'ubuntu'), ('GTK_MODULES', 'gail:atk-bridge'), ('ROS_PYTHON_VERSION', '3'), ('MANAGERPID', '1197'), ('DBUS_SESSION_BUS_ADDRESS', 'unix:path=/run/user/1000/bus'), ('GIO_LAUNCHED_DESKTOP_FILE_PID', '2960'), ('SNAP_REVISION', '85'), ('COLCON_PREFIX_PATH', '/home/amr_1/agv_gui/install'), ('IM_CONFIG_PHASE', '1'), ('ROS_DISTRO', 'foxy'), ('LOGNAME', 'amr_1'), ('JOURNAL_STREAM', '7:47868'), ('SNAP_CONTEXT', 'JMUNmlkXuymAoFLhect4Slt1Dx_kDivwLxrFtPEjqXLKM0mxrcr1'), ('_', '/usr/bin/env'), ('ROS_VERSION', '2'), ('SNAP_VERSION', '11.0.2'), ('XDG_SESSION_CLASS', 'user'), ('TERM', 'xterm'), ('USERNAME', 'amr_1'), ('GNOME_DESKTOP_SESSION_ID', 'this-is-deprecated'), ('ROS_LOCALHOST_ONLY', '0'), ('SNAP_INSTANCE_NAME', 'qtcreator-ros'), ('WINDOWPATH', '2'), ('PATH', '/opt/ros/foxy/bin:/home/amr_1/.local/bin:/usr/local/sbin:/usr/local/bin:/usr/sbin:/usr/bin:/sbin:/bin:/usr/games:/usr/local/games:/snap/bin'), ('INVOCATION_ID', 'ac71398117de44a2a8fa7b8aa4eb72f5'), ('SESSION_MANAGER', 'local/colins-jetson:@/tmp/.ICE-unix/1938,unix/colins-jetson:/tmp/.ICE-unix/1938'), ('BAMF_DESKTOP_FILE_HINT', '/var/lib/snapd/desktop/applications/qtcreator-ros_qtcreator-ros.desktop'), ('SNAP_DATA', '/var/snap/qtcreator-ros/85'), ('XDG_MENU_PREFIX', 'gnome-'), ('XDG_RUNTIME_DIR', '/run/user/1000'), ('DISPLAY', ':0'), ('LANG', 'en_US.UTF-8'), ('XDG_CURRENT_DESKTOP', 'ubuntu:GNOME'), ('XAUTHORITY', '/run/user/1000/gdm/Xauthority'), ('XDG_SESSION_DESKTOP', 'ubuntu'), ('XMODIFIERS', '@im=ibus'), ('AMENT_PREFIX_PATH', '/home/amr_1/agv_gui/install/agv_gui:/opt/ros/foxy'), ('SNAP_ARCH', 'arm64'), ('SNAP_COOKIE', 'JMUNmlkXuymAoFLhect4Slt1Dx_kDivwLxrFtPEjqXLKM0mxrcr1'), ('SNAP_USER_COMMON', '/home/amr_1/snap/qtcreator-ros/common'), ('SSH_AUTH_SOCK', '/run/user/1000/keyring/ssh'), ('SHELL', '/bin/bash'), ('GDMSESSION', 'ubuntu'), ('QT_ACCESSIBILITY', '1'), ('SNAP_REEXEC', ''), ('SNAP_NAME', 'qtcreator-ros'), ('GJS_DEBUG_OUTPUT', 'stderr'), ('GPG_AGENT_INFO', '/run/user/1000/gnupg/S.gpg-agent:0:1'), ('QT_IM_MODULE', 'ibus'), ('LC_ALL', 'en_US.UTF-8'), ('PWD', '/home/amr_1/agv_gui/build/agv_gui'), ('QT_QPA_PLATFORM', 'wayland;xcb'), ('SNAP_REAL_HOME', '/home/amr_1'), ('XDG_CONFIG_DIRS', '/etc/xdg/xdg-ubuntu:/etc/xdg'), ('XDG_DATA_DIRS', '/usr/share/ubuntu:/usr/local/share/:/usr/share/:/var/lib/snapd/desktop'), ('PYTHONPATH', '/opt/ros/foxy/lib/python3.8/site-packages'), ('SNAP', '/snap/qtcreator-ros/85'), ('COLCON', '1'), ('CMAKE_PREFIX_PATH', '/home/amr_1/agv_gui/install/agv_gui:/opt/ros/foxy'), ('LIBGL_DRIVERS_PATH', '/snap/qtcreator-ros/85/usr/lib/aarch64-linux-gnu/dri')]), 'shell': False}
[17.207803] (-) TimerEvent: {}
[17.309102] (-) TimerEvent: {}
[17.388220] (agv_gui) StdoutLine: {'line': b'Scanning dependencies of target agv_gui_autogen\n'}
[17.409307] (-) TimerEvent: {}
[17.441522] (agv_gui) StdoutLine: {'line': b'[ 20%] Automatic MOC and UIC for target agv_gui\n'}
[17.509522] (-) TimerEvent: {}
[17.535123] (agv_gui) StderrLine: {'line': b'\n'}
[17.536126] (agv_gui) StderrLine: {'line': b'AutoMoc error\n'}
[17.536586] (agv_gui) StderrLine: {'line': b'-------------\n'}
[17.536975] (agv_gui) StderrLine: {'line': b'"SRC:/src/main_gui.cpp"\n'}
[17.537312] (agv_gui) StderrLine: {'line': b'contains a "Q_OBJECT" macro, but does not include "main_gui.moc"!\n'}
[17.537645] (agv_gui) StderrLine: {'line': b'Consider to\n'}
[17.538025] (agv_gui) StderrLine: {'line': b'  - add #include "main_gui.moc"\n'}
[17.538380] (agv_gui) StderrLine: {'line': b'  - enable SKIP_AUTOMOC for this file\n'}
[17.538739] (agv_gui) StderrLine: {'line': b'\n'}
[17.541836] (agv_gui) StderrLine: {'line': b'make[2]: *** [CMakeFiles/agv_gui_autogen.dir/build.make:58: CMakeFiles/agv_gui_autogen] Error 1\n'}
[17.542411] (agv_gui) StderrLine: {'line': b'make[1]: *** [CMakeFiles/Makefile2:160: CMakeFiles/agv_gui_autogen.dir/all] Error 2\n'}
[17.543493] (agv_gui) StderrLine: {'line': b'make: *** [Makefile:141: all] Error 2\n'}
[17.554123] (agv_gui) CommandEnded: {'returncode': 2}
[17.610141] (-) TimerEvent: {}
[17.712113] (-) TimerEvent: {}
[17.813109] (-) TimerEvent: {}
[17.826779] (agv_gui) JobEnded: {'identifier': 'agv_gui', 'rc': 2}
[17.838296] (-) EventReactorShutdown: {}
