[01m[K/home/colin/agv_gui/src/agv_gui/src/main_gui.cpp:[m[K In function ‘[01m[Kint main(int, char**)[m[K’:
[01m[K/home/colin/agv_gui/src/agv_gui/src/main_gui.cpp:272:31:[m[K [01;31m[Kerror: [m[Kexpression list treated as compound expression in initializer [[01;31m[K-fpermissive[m[K]
  272 |   QApplication* app(argc, argv[01;31m[K)[m[K;
      |                               [01;31m[K^[m[K
[01m[K/home/colin/agv_gui/src/agv_gui/src/main_gui.cpp:272:21:[m[K [01;35m[Kwarning: [m[Kleft operand of comma operator has no effect [[01;35m[K-Wunused-value[m[K]
  272 |   QApplication* app([01;35m[Kargc[m[K, argv);
      |                     [01;35m[K^~~~[m[K
[01m[K/home/colin/agv_gui/src/agv_gui/src/main_gui.cpp:272:31:[m[K [01;31m[Kerror: [m[Kcannot convert ‘[01m[Kchar**[m[K’ to ‘[01m[KQApplication*[m[K’ in initialization
  272 |   QApplication* app(argc, argv[01;31m[K)[m[K;
      |                               [01;31m[K^[m[K
[01m[K/home/colin/agv_gui/src/agv_gui/src/main_gui.cpp:283:26:[m[K [01;31m[Kerror: [m[K‘[01m[Kclass QApplication[m[K’ has no member named ‘[01m[KscreenCount[m[K’; did you mean ‘[01m[KscreenAt[m[K’?
  283 |   int screenCount = app->[01;31m[KscreenCount[m[K();
      |                          [01;31m[K^~~~~~~~~~~[m[K
      |                          [32m[KscreenAt[m[K
[01m[K/home/colin/agv_gui/src/agv_gui/src/main_gui.cpp:284:27:[m[K [01;31m[Kerror: [m[K‘[01m[Kclass QApplication[m[K’ has no member named ‘[01m[KscreenGeometry[m[K’
  284 |   QRect screenRect = app->[01;31m[KscreenGeometry[m[K(1); // 0-indexed, so this would get the second screen
      |                           [01;31m[K^~~~~~~~~~~~~~[m[K
[01m[K/home/colin/agv_gui/src/agv_gui/src/main_gui.cpp:287:7:[m[K [01;31m[Kerror: [m[Krequest for member ‘[01m[KprocessEvents[m[K’ in ‘[01m[Kapp[m[K’, which is of pointer type ‘[01m[KQApplication*[m[K’ (maybe you meant to use ‘[01m[K->[m[K’ ?)
  287 |   app.[01;31m[KprocessEvents[m[K();
      |       [01;31m[K^~~~~~~~~~~~~[m[K
[01m[K/home/colin/agv_gui/src/agv_gui/src/main_gui.cpp:304:11:[m[K [01;31m[Kerror: [m[Krequest for member ‘[01m[KprocessEvents[m[K’ in ‘[01m[Kapp[m[K’, which is of pointer type ‘[01m[KQApplication*[m[K’ (maybe you meant to use ‘[01m[K->[m[K’ ?)
  304 |       app.[01;31m[KprocessEvents[m[K();
      |           [01;31m[K^~~~~~~~~~~~~[m[K
[01m[K/home/colin/agv_gui/src/agv_gui/src/main_gui.cpp:283:7:[m[K [01;35m[Kwarning: [m[Kunused variable ‘[01m[KscreenCount[m[K’ [[01;35m[K-Wunused-variable[m[K]
  283 |   int [01;35m[KscreenCount[m[K = app->screenCount();
      |       [01;35m[K^~~~~~~~~~~[m[K
make[2]: *** [CMakeFiles/agv_gui.dir/build.make:161: CMakeFiles/agv_gui.dir/src/main_gui.cpp.o] Error 1
make[1]: *** [CMakeFiles/Makefile2:79: CMakeFiles/agv_gui.dir/all] Error 2
make: *** [Makefile:141: all] Error 2
