[7.776s] DEBUG:colcon:Command line arguments: ['/usr/bin/colcon', 'build']
[7.777s] DEBUG:colcon:Parsed command line arguments: Namespace(allow_overriding=[], ament_cmake_args=None, base_paths=['.'], build_base='build', catkin_cmake_args=None, catkin_skip_building_tests=False, cmake_args=None, cmake_clean_cache=False, cmake_clean_first=False, cmake_force_configure=False, cmake_target=None, cmake_target_skip_unavailable=False, continue_on_error=False, event_handlers=None, executor='parallel', ignore_user_meta=False, install_base='install', log_base=None, log_level=None, main=<bound method BuildVerb.main of <colcon_core.verb.build.BuildVerb object at 0xffff808f0a00>>, merge_install=False, metas=['./colcon.meta'], packages_above=None, packages_above_and_dependencies=None, packages_above_depth=None, packages_end=None, packages_ignore=None, packages_ignore_regex=None, packages_select=None, packages_select_build_failed=False, packages_select_by_dep=None, packages_select_regex=None, packages_select_test_failures=False, packages_skip=None, packages_skip_build_finished=False, packages_skip_by_dep=None, packages_skip_regex=None, packages_skip_test_passed=False, packages_skip_up_to=None, packages_start=None, packages_up_to=None, packages_up_to_regex=None, parallel_workers=4, paths=None, symlink_install=False, test_result_base=None, verb_extension=<colcon_core.verb.build.BuildVerb object at 0xffff808f0a00>, verb_name='build', verb_parser=<colcon_defaults.argument_parser.defaults.DefaultArgumentsDecorator object at 0xffff808826d0>)
[8.159s] Level 1:colcon.colcon_core.package_discovery:discover_packages(colcon_meta) check parameters
[8.160s] Level 1:colcon.colcon_core.package_discovery:discover_packages(recursive) check parameters
[8.160s] Level 1:colcon.colcon_core.package_discovery:discover_packages(ignore) check parameters
[8.160s] Level 1:colcon.colcon_core.package_discovery:discover_packages(path) check parameters
[8.161s] Level 1:colcon.colcon_core.package_discovery:discover_packages(colcon_meta) discover
[8.161s] Level 1:colcon.colcon_core.package_discovery:discover_packages(recursive) discover
[8.161s] INFO:colcon.colcon_core.package_discovery:Crawling recursively for packages in '/home/colin/agv_gui'
[8.161s] Level 1:colcon.colcon_core.package_identification:_identify(.) by extensions ['ignore', 'ignore_ament_install']
[8.162s] Level 1:colcon.colcon_core.package_identification:_identify(.) by extension 'ignore'
[8.162s] Level 1:colcon.colcon_core.package_identification:_identify(.) by extension 'ignore_ament_install'
[8.162s] Level 1:colcon.colcon_core.package_identification:_identify(.) by extensions ['colcon_pkg']
[8.163s] Level 1:colcon.colcon_core.package_identification:_identify(.) by extension 'colcon_pkg'
[8.163s] Level 1:colcon.colcon_core.package_identification:_identify(.) by extensions ['colcon_meta']
[8.163s] Level 1:colcon.colcon_core.package_identification:_identify(.) by extension 'colcon_meta'
[8.163s] Level 1:colcon.colcon_core.package_identification:_identify(.) by extensions ['ros']
[8.163s] Level 1:colcon.colcon_core.package_identification:_identify(.) by extension 'ros'
[8.208s] Level 1:colcon.colcon_core.package_identification:_identify(.) by extensions ['cmake', 'python']
[8.208s] Level 1:colcon.colcon_core.package_identification:_identify(.) by extension 'cmake'
[8.216s] Level 1:colcon.colcon_core.package_identification:_identify(.) by extension 'python'
[8.216s] Level 1:colcon.colcon_core.package_identification:_identify(.) by extensions ['python_setup_py']
[8.216s] Level 1:colcon.colcon_core.package_identification:_identify(.) by extension 'python_setup_py'
[8.217s] Level 1:colcon.colcon_core.package_identification:_identify(build) by extensions ['ignore', 'ignore_ament_install']
[8.217s] Level 1:colcon.colcon_core.package_identification:_identify(build) by extension 'ignore'
[8.217s] Level 1:colcon.colcon_core.package_identification:_identify(build) ignored
[8.218s] Level 1:colcon.colcon_core.package_identification:_identify(devel) by extensions ['ignore', 'ignore_ament_install']
[8.218s] Level 1:colcon.colcon_core.package_identification:_identify(devel) by extension 'ignore'
[8.219s] Level 1:colcon.colcon_core.package_identification:_identify(devel) by extension 'ignore_ament_install'
[8.219s] Level 1:colcon.colcon_core.package_identification:_identify(devel) by extensions ['colcon_pkg']
[8.219s] Level 1:colcon.colcon_core.package_identification:_identify(devel) by extension 'colcon_pkg'
[8.219s] Level 1:colcon.colcon_core.package_identification:_identify(devel) by extensions ['colcon_meta']
[8.219s] Level 1:colcon.colcon_core.package_identification:_identify(devel) by extension 'colcon_meta'
[8.220s] Level 1:colcon.colcon_core.package_identification:_identify(devel) by extensions ['ros']
[8.220s] Level 1:colcon.colcon_core.package_identification:_identify(devel) by extension 'ros'
[8.220s] Level 1:colcon.colcon_core.package_identification:_identify(devel) by extensions ['cmake', 'python']
[8.220s] Level 1:colcon.colcon_core.package_identification:_identify(devel) by extension 'cmake'
[8.220s] Level 1:colcon.colcon_core.package_identification:_identify(devel) by extension 'python'
[8.221s] Level 1:colcon.colcon_core.package_identification:_identify(devel) by extensions ['python_setup_py']
[8.221s] Level 1:colcon.colcon_core.package_identification:_identify(devel) by extension 'python_setup_py'
[8.221s] Level 1:colcon.colcon_core.package_identification:_identify(install) by extensions ['ignore', 'ignore_ament_install']
[8.221s] Level 1:colcon.colcon_core.package_identification:_identify(install) by extension 'ignore'
[8.222s] Level 1:colcon.colcon_core.package_identification:_identify(install) ignored
[8.222s] Level 1:colcon.colcon_core.package_identification:_identify(log) by extensions ['ignore', 'ignore_ament_install']
[8.223s] Level 1:colcon.colcon_core.package_identification:_identify(log) by extension 'ignore'
[8.223s] Level 1:colcon.colcon_core.package_identification:_identify(log) ignored
[8.223s] Level 1:colcon.colcon_core.package_identification:_identify(logs) by extensions ['ignore', 'ignore_ament_install']
[8.223s] Level 1:colcon.colcon_core.package_identification:_identify(logs) by extension 'ignore'
[8.224s] Level 1:colcon.colcon_core.package_identification:_identify(logs) by extension 'ignore_ament_install'
[8.224s] Level 1:colcon.colcon_core.package_identification:_identify(logs) by extensions ['colcon_pkg']
[8.224s] Level 1:colcon.colcon_core.package_identification:_identify(logs) by extension 'colcon_pkg'
[8.224s] Level 1:colcon.colcon_core.package_identification:_identify(logs) by extensions ['colcon_meta']
[8.224s] Level 1:colcon.colcon_core.package_identification:_identify(logs) by extension 'colcon_meta'
[8.224s] Level 1:colcon.colcon_core.package_identification:_identify(logs) by extensions ['ros']
[8.225s] Level 1:colcon.colcon_core.package_identification:_identify(logs) by extension 'ros'
[8.225s] Level 1:colcon.colcon_core.package_identification:_identify(logs) by extensions ['cmake', 'python']
[8.225s] Level 1:colcon.colcon_core.package_identification:_identify(logs) by extension 'cmake'
[8.225s] Level 1:colcon.colcon_core.package_identification:_identify(logs) by extension 'python'
[8.226s] Level 1:colcon.colcon_core.package_identification:_identify(logs) by extensions ['python_setup_py']
[8.226s] Level 1:colcon.colcon_core.package_identification:_identify(logs) by extension 'python_setup_py'
[8.226s] Level 1:colcon.colcon_core.package_identification:_identify(src) by extensions ['ignore', 'ignore_ament_install']
[8.226s] Level 1:colcon.colcon_core.package_identification:_identify(src) by extension 'ignore'
[8.226s] Level 1:colcon.colcon_core.package_identification:_identify(src) by extension 'ignore_ament_install'
[8.227s] Level 1:colcon.colcon_core.package_identification:_identify(src) by extensions ['colcon_pkg']
[8.227s] Level 1:colcon.colcon_core.package_identification:_identify(src) by extension 'colcon_pkg'
[8.227s] Level 1:colcon.colcon_core.package_identification:_identify(src) by extensions ['colcon_meta']
[8.227s] Level 1:colcon.colcon_core.package_identification:_identify(src) by extension 'colcon_meta'
[8.227s] Level 1:colcon.colcon_core.package_identification:_identify(src) by extensions ['ros']
[8.228s] Level 1:colcon.colcon_core.package_identification:_identify(src) by extension 'ros'
[8.228s] Level 1:colcon.colcon_core.package_identification:_identify(src) by extensions ['cmake', 'python']
[8.228s] Level 1:colcon.colcon_core.package_identification:_identify(src) by extension 'cmake'
[8.228s] Level 1:colcon.colcon_core.package_identification:_identify(src) by extension 'python'
[8.228s] Level 1:colcon.colcon_core.package_identification:_identify(src) by extensions ['python_setup_py']
[8.229s] Level 1:colcon.colcon_core.package_identification:_identify(src) by extension 'python_setup_py'
[8.229s] Level 1:colcon.colcon_core.package_identification:_identify(src/agv_gui) by extensions ['ignore', 'ignore_ament_install']
[8.229s] Level 1:colcon.colcon_core.package_identification:_identify(src/agv_gui) by extension 'ignore'
[8.229s] Level 1:colcon.colcon_core.package_identification:_identify(src/agv_gui) by extension 'ignore_ament_install'
[8.230s] Level 1:colcon.colcon_core.package_identification:_identify(src/agv_gui) by extensions ['colcon_pkg']
[8.230s] Level 1:colcon.colcon_core.package_identification:_identify(src/agv_gui) by extension 'colcon_pkg'
[8.230s] Level 1:colcon.colcon_core.package_identification:_identify(src/agv_gui) by extensions ['colcon_meta']
[8.230s] Level 1:colcon.colcon_core.package_identification:_identify(src/agv_gui) by extension 'colcon_meta'
[8.230s] Level 1:colcon.colcon_core.package_identification:_identify(src/agv_gui) by extensions ['ros']
[8.230s] Level 1:colcon.colcon_core.package_identification:_identify(src/agv_gui) by extension 'ros'
[8.243s] DEBUG:colcon.colcon_core.package_identification:Package 'src/agv_gui' with type 'ros.ament_cmake' and name 'agv_gui'
[8.243s] Level 1:colcon.colcon_core.package_discovery:discover_packages(recursive) using defaults
[8.244s] Level 1:colcon.colcon_core.package_discovery:discover_packages(ignore) discover
[8.244s] Level 1:colcon.colcon_core.package_discovery:discover_packages(ignore) using defaults
[8.244s] Level 1:colcon.colcon_core.package_discovery:discover_packages(path) discover
[8.244s] Level 1:colcon.colcon_core.package_discovery:discover_packages(path) using defaults
[8.939s] Level 1:colcon.colcon_core.package_discovery:discover_packages(prefix_path) check parameters
[8.939s] Level 1:colcon.colcon_core.package_discovery:discover_packages(prefix_path) discover
[9.197s] DEBUG:colcon.colcon_installed_package_information.package_discovery:Found 1 installed packages in /home/colin/agv_gui/install
[9.332s] DEBUG:colcon.colcon_installed_package_information.package_discovery:Found 268 installed packages in /opt/ros/galactic
[9.338s] Level 1:colcon.colcon_core.package_discovery:discover_packages(prefix_path) using defaults
[9.945s] Level 5:colcon.colcon_core.verb:set package 'agv_gui' build argument 'cmake_args' from command line to 'None'
[9.945s] Level 5:colcon.colcon_core.verb:set package 'agv_gui' build argument 'cmake_target' from command line to 'None'
[9.945s] Level 5:colcon.colcon_core.verb:set package 'agv_gui' build argument 'cmake_target_skip_unavailable' from command line to 'False'
[9.945s] Level 5:colcon.colcon_core.verb:set package 'agv_gui' build argument 'cmake_clean_cache' from command line to 'False'
[9.945s] Level 5:colcon.colcon_core.verb:set package 'agv_gui' build argument 'cmake_clean_first' from command line to 'False'
[9.945s] Level 5:colcon.colcon_core.verb:set package 'agv_gui' build argument 'cmake_force_configure' from command line to 'False'
[9.946s] Level 5:colcon.colcon_core.verb:set package 'agv_gui' build argument 'ament_cmake_args' from command line to 'None'
[9.946s] Level 5:colcon.colcon_core.verb:set package 'agv_gui' build argument 'catkin_cmake_args' from command line to 'None'
[9.946s] Level 5:colcon.colcon_core.verb:set package 'agv_gui' build argument 'catkin_skip_building_tests' from command line to 'False'
[9.946s] DEBUG:colcon.colcon_core.verb:Building package 'agv_gui' with the following arguments: {'ament_cmake_args': None, 'build_base': '/home/colin/agv_gui/build/agv_gui', 'catkin_cmake_args': None, 'catkin_skip_building_tests': False, 'cmake_args': None, 'cmake_clean_cache': False, 'cmake_clean_first': False, 'cmake_force_configure': False, 'cmake_target': None, 'cmake_target_skip_unavailable': False, 'install_base': '/home/colin/agv_gui/install/agv_gui', 'merge_install': False, 'path': '/home/colin/agv_gui/src/agv_gui', 'symlink_install': False, 'test_result_base': None}
[10.070s] INFO:colcon.colcon_core.executor:Executing jobs using 'parallel' executor
[10.194s] DEBUG:colcon.colcon_parallel_executor.executor.parallel:run_until_complete
[10.195s] INFO:colcon.colcon_ros.task.ament_cmake.build:Building ROS package in '/home/colin/agv_gui/src/agv_gui' with build type 'ament_cmake'
[10.195s] INFO:colcon.colcon_cmake.task.cmake.build:Building CMake package in '/home/colin/agv_gui/src/agv_gui'
[10.337s] INFO:colcon.colcon_core.plugin_system:Skipping extension 'colcon_core.shell.bat': Not used on non-Windows systems
[10.338s] INFO:colcon.colcon_core.shell:Skip shell extension 'powershell' for command environment: Not usable outside of PowerShell
[10.338s] DEBUG:colcon.colcon_core.shell:Skip shell extension 'dsv' for command environment
[10.775s] DEBUG:colcon.colcon_core.event_handler.log_command:Invoking command in '/home/colin/agv_gui/build/agv_gui': CMAKE_PREFIX_PATH=${CMAKE_PREFIX_PATH}:/opt/ros/galactic /usr/bin/cmake --build /home/colin/agv_gui/build/agv_gui -- -j4 -l4
[92.584s] DEBUG:colcon.colcon_core.event_handler.log_command:Invoked command in '/home/colin/agv_gui/build/agv_gui' returned '0': CMAKE_PREFIX_PATH=${CMAKE_PREFIX_PATH}:/opt/ros/galactic /usr/bin/cmake --build /home/colin/agv_gui/build/agv_gui -- -j4 -l4
[92.865s] DEBUG:colcon.colcon_core.event_handler.log_command:Invoking command in '/home/colin/agv_gui/build/agv_gui': CMAKE_PREFIX_PATH=${CMAKE_PREFIX_PATH}:/opt/ros/galactic /usr/bin/cmake --install /home/colin/agv_gui/build/agv_gui
[92.947s] Level 1:colcon.colcon_core.environment:create_environment_scripts_only(agv_gui)
[92.950s] DEBUG:colcon.colcon_core.event_handler.log_command:Invoked command in '/home/colin/agv_gui/build/agv_gui' returned '0': CMAKE_PREFIX_PATH=${CMAKE_PREFIX_PATH}:/opt/ros/galactic /usr/bin/cmake --install /home/colin/agv_gui/build/agv_gui
[93.107s] Level 1:colcon.colcon_core.environment:checking '/home/colin/agv_gui/install/agv_gui' for CMake module files
[93.109s] Level 1:colcon.colcon_core.environment:checking '/home/colin/agv_gui/install/agv_gui' for CMake config files
[93.110s] Level 1:colcon.colcon_core.shell:create_environment_hook('agv_gui', 'cmake_prefix_path')
[93.241s] INFO:colcon.colcon_core.shell:Creating environment hook '/home/colin/agv_gui/install/agv_gui/share/agv_gui/hook/cmake_prefix_path.ps1'
[93.244s] INFO:colcon.colcon_core.shell:Creating environment descriptor '/home/colin/agv_gui/install/agv_gui/share/agv_gui/hook/cmake_prefix_path.dsv'
[93.246s] INFO:colcon.colcon_core.shell:Creating environment hook '/home/colin/agv_gui/install/agv_gui/share/agv_gui/hook/cmake_prefix_path.sh'
[93.250s] Level 1:colcon.colcon_core.environment:checking '/home/colin/agv_gui/install/agv_gui/lib'
[93.250s] Level 1:colcon.colcon_core.environment:checking '/home/colin/agv_gui/install/agv_gui/bin'
[93.251s] Level 1:colcon.colcon_core.environment:checking '/home/colin/agv_gui/install/agv_gui/lib/pkgconfig/agv_gui.pc'
[93.252s] Level 1:colcon.colcon_core.environment:checking '/home/colin/agv_gui/install/agv_gui/lib/python3.8/site-packages'
[93.252s] Level 1:colcon.colcon_core.environment:checking '/home/colin/agv_gui/install/agv_gui/bin'
[93.386s] INFO:colcon.colcon_core.shell:Creating package script '/home/colin/agv_gui/install/agv_gui/share/agv_gui/package.ps1'
[93.389s] INFO:colcon.colcon_core.shell:Creating package descriptor '/home/colin/agv_gui/install/agv_gui/share/agv_gui/package.dsv'
[93.391s] INFO:colcon.colcon_core.shell:Creating package script '/home/colin/agv_gui/install/agv_gui/share/agv_gui/package.sh'
[93.394s] INFO:colcon.colcon_core.shell:Creating package script '/home/colin/agv_gui/install/agv_gui/share/agv_gui/package.bash'
[93.397s] INFO:colcon.colcon_core.shell:Creating package script '/home/colin/agv_gui/install/agv_gui/share/agv_gui/package.zsh'
[93.399s] Level 1:colcon.colcon_core.environment:create_file_with_runtime_dependencies(/home/colin/agv_gui/install/agv_gui/share/colcon-core/packages/agv_gui)
[93.766s] Level 1:colcon.colcon_core.environment:create_environment_scripts_only(agv_gui)
[93.897s] Level 1:colcon.colcon_core.environment:checking '/home/colin/agv_gui/install/agv_gui' for CMake module files
[93.899s] Level 1:colcon.colcon_core.environment:checking '/home/colin/agv_gui/install/agv_gui' for CMake config files
[93.900s] Level 1:colcon.colcon_core.shell:create_environment_hook('agv_gui', 'cmake_prefix_path')
[94.028s] INFO:colcon.colcon_core.shell:Creating environment hook '/home/colin/agv_gui/install/agv_gui/share/agv_gui/hook/cmake_prefix_path.ps1'
[94.031s] INFO:colcon.colcon_core.shell:Creating environment descriptor '/home/colin/agv_gui/install/agv_gui/share/agv_gui/hook/cmake_prefix_path.dsv'
[94.032s] INFO:colcon.colcon_core.shell:Creating environment hook '/home/colin/agv_gui/install/agv_gui/share/agv_gui/hook/cmake_prefix_path.sh'
[94.035s] Level 1:colcon.colcon_core.environment:checking '/home/colin/agv_gui/install/agv_gui/lib'
[94.035s] Level 1:colcon.colcon_core.environment:checking '/home/colin/agv_gui/install/agv_gui/bin'
[94.036s] Level 1:colcon.colcon_core.environment:checking '/home/colin/agv_gui/install/agv_gui/lib/pkgconfig/agv_gui.pc'
[94.037s] Level 1:colcon.colcon_core.environment:checking '/home/colin/agv_gui/install/agv_gui/lib/python3.8/site-packages'
[94.037s] Level 1:colcon.colcon_core.environment:checking '/home/colin/agv_gui/install/agv_gui/bin'
[94.167s] INFO:colcon.colcon_core.shell:Creating package script '/home/colin/agv_gui/install/agv_gui/share/agv_gui/package.ps1'
[94.169s] INFO:colcon.colcon_core.shell:Creating package descriptor '/home/colin/agv_gui/install/agv_gui/share/agv_gui/package.dsv'
[94.171s] INFO:colcon.colcon_core.shell:Creating package script '/home/colin/agv_gui/install/agv_gui/share/agv_gui/package.sh'
[94.173s] INFO:colcon.colcon_core.shell:Creating package script '/home/colin/agv_gui/install/agv_gui/share/agv_gui/package.bash'
[94.174s] INFO:colcon.colcon_core.shell:Creating package script '/home/colin/agv_gui/install/agv_gui/share/agv_gui/package.zsh'
[94.176s] Level 1:colcon.colcon_core.environment:create_file_with_runtime_dependencies(/home/colin/agv_gui/install/agv_gui/share/colcon-core/packages/agv_gui)
[94.178s] DEBUG:colcon.colcon_parallel_executor.executor.parallel:closing loop
[94.180s] DEBUG:colcon.colcon_parallel_executor.executor.parallel:loop closed
[94.180s] DEBUG:colcon.colcon_parallel_executor.executor.parallel:run_until_complete finished with '0'
[94.181s] DEBUG:colcon.colcon_core.event_reactor:joining thread
[94.334s] INFO:colcon.colcon_core.plugin_system:Skipping extension 'colcon_notification.desktop_notification.terminal_notifier': Not used on non-Darwin systems
[94.335s] INFO:colcon.colcon_core.plugin_system:Skipping extension 'colcon_notification.desktop_notification.win32': Not used on non-Windows systems
[94.335s] INFO:colcon.colcon_notification.desktop_notification:Sending desktop notification using 'notify2'
[94.413s] DEBUG:colcon.colcon_core.event_reactor:joined thread
[94.552s] INFO:colcon.colcon_core.shell:Creating prefix script '/home/colin/agv_gui/install/local_setup.ps1'
[94.556s] INFO:colcon.colcon_core.shell:Creating prefix util module '/home/colin/agv_gui/install/_local_setup_util_ps1.py'
[94.561s] INFO:colcon.colcon_core.shell:Creating prefix chain script '/home/colin/agv_gui/install/setup.ps1'
[94.693s] INFO:colcon.colcon_core.shell:Creating prefix script '/home/colin/agv_gui/install/local_setup.sh'
[94.695s] INFO:colcon.colcon_core.shell:Creating prefix util module '/home/colin/agv_gui/install/_local_setup_util_sh.py'
[94.697s] INFO:colcon.colcon_core.shell:Creating prefix chain script '/home/colin/agv_gui/install/setup.sh'
[94.825s] INFO:colcon.colcon_core.shell:Creating prefix script '/home/colin/agv_gui/install/local_setup.bash'
[94.827s] INFO:colcon.colcon_core.shell:Creating prefix chain script '/home/colin/agv_gui/install/setup.bash'
[94.955s] INFO:colcon.colcon_core.shell:Creating prefix script '/home/colin/agv_gui/install/local_setup.zsh'
[94.957s] INFO:colcon.colcon_core.shell:Creating prefix chain script '/home/colin/agv_gui/install/setup.zsh'
