[0.042s] Invoking command in '/home/colin/agv_gui/build/amr_v4_qt': CMAKE_PREFIX_PATH=${CMAKE_PREFIX_PATH}:/opt/ros/iron /usr/bin/cmake --build /home/colin/agv_gui/build/amr_v4_qt -- -j4 -l4
[0.165s] [  2%] [34m[1mAutomatic MOC and UIC for target amr_v4_qt[0m
[0.204s] [  2%] Built target amr_v4_qt_autogen
[0.243s] [35m[1mConsolidate compiler generated dependencies of target amr_v4_qt[0m
[0.370s] [  4%] [32mBuilding CXX object CMakeFiles/amr_v4_qt.dir/src/main_gui.cpp.o[0m
[0.370s] [  6%] [32mBuilding CXX object CMakeFiles/amr_v4_qt.dir/src/main.cpp.o[0m
[12.271s] [01m[K/home/colin/agv_gui/src/amr_v4_qt/src/main_gui.cpp:[m[K In member function ‘[01m[Kvoid MainGui::updateEstop()[m[K’:
[12.272s] [01m[K/home/colin/agv_gui/src/amr_v4_qt/src/main_gui.cpp:104:28:[m[K [01;31m[Kerror: [m[Kcannot call member function ‘[01m[Kvoid ModeNode::mode_callback(bool)[m[K’ without object
[12.272s]   104 |     [01;31m[KModeNode::mode_callback(estopActive)[m[K;
[12.272s]       |     [01;31m[K~~~~~~~~~~~~~~~~~~~~~~~^~~~~~~~~~~~~[m[K
[12.275s] [01m[K/home/colin/agv_gui/src/amr_v4_qt/src/main_gui.cpp:[m[K In member function ‘[01m[Kint MainGui::getWifiSignalStrength()[m[K’:
[12.275s] [01m[K/home/colin/agv_gui/src/amr_v4_qt/src/main_gui.cpp:156:18:[m[K [01;35m[Kwarning: [m[K‘[01m[Kvoid QProcess::start(const QString&, QIODevice::OpenMode)[m[K’ is deprecated: Use QProcess::start(const QString &program, const QStringList &arguments,OpenMode mode = ReadWrite) instead [[01;35m[K]8;;https://gcc.gnu.org/onlinedocs/gcc/Warning-Options.html#index-Wdeprecated-declarations-Wdeprecated-declarations]8;;[m[K]
[12.276s]   156 |     [01;35m[Kprocess.start("iwconfig")[m[K;
[12.276s]       |     [01;35m[K~~~~~~~~~~~~~^~~~~~~~~~~~[m[K
[12.276s] In file included from [01m[K/usr/include/x86_64-linux-gnu/qt5/QtCore/QProcess:1[m[K,
[12.276s]                  from [01m[K/home/colin/agv_gui/src/amr_v4_qt/src/main_gui.cpp:5[m[K:
[12.276s] [01m[K/usr/include/x86_64-linux-gnu/qt5/QtCore/qprocess.h:168:10:[m[K [01;36m[Knote: [m[Kdeclared here
[12.277s]   168 |     void [01;36m[Kstart[m[K(const QString &command, OpenMode mode = ReadWrite);
[12.277s]       |          [01;36m[K^~~~~[m[K
[13.661s] gmake[2]: *** [CMakeFiles/amr_v4_qt.dir/build.make:168: CMakeFiles/amr_v4_qt.dir/src/main_gui.cpp.o] Error 1
[13.661s] gmake[2]: *** Waiting for unfinished jobs....
[14.287s] gmake[1]: *** [CMakeFiles/Makefile2:138: CMakeFiles/amr_v4_qt.dir/all] Error 2
[14.288s] gmake: *** [Makefile:146: all] Error 2
[14.290s] Invoked command in '/home/colin/agv_gui/build/amr_v4_qt' returned '2': CMAKE_PREFIX_PATH=${CMAKE_PREFIX_PATH}:/opt/ros/iron /usr/bin/cmake --build /home/colin/agv_gui/build/amr_v4_qt -- -j4 -l4
