[0.083s] Invoking command in '/home/amr_1/agv_gui/build/agv_gui': CMAKE_PREFIX_PATH=${CMAKE_PREFIX_PATH}:/opt/ros/foxy /usr/bin/cmake /home/amr_1/agv_gui/src/agv_gui -G CodeBlocks - Unix Makefiles -DCMAKE_BUILD_TYPE=Debug -DCMAKE_INSTALL_PREFIX=/home/amr_1/agv_gui/install/agv_gui
[0.465s] -- The C compiler identification is GNU 9.4.0
[0.836s] -- The CXX compiler identification is GNU 9.4.0
[1.065s] -- Check for working C compiler: /usr/bin/cc
[1.466s] -- Check for working C compiler: /usr/bin/cc -- works
[1.470s] -- Detecting C compiler ABI info
[1.872s] -- Detecting C compiler ABI info - done
[1.931s] -- Detecting C compile features
[1.932s] -- Detecting C compile features - done
[1.944s] -- Check for working CXX compiler: /usr/bin/c++
[2.385s] -- Check for working CXX compiler: /usr/bin/c++ -- works
[2.391s] -- Detecting CXX compiler ABI info
[2.837s] -- Detecting CXX compiler ABI info - done
[2.893s] -- Detecting CXX compile features
[2.895s] -- Detecting CXX compile features - done
[2.907s] -- Found ament_cmake: 0.9.12 (/opt/ros/foxy/share/ament_cmake/cmake)
[3.025s] -- Found PythonInterp: /usr/bin/python3 (found suitable version "3.8.10", minimum required is "3") 
[3.025s] -- Using PYTHON_EXECUTABLE: /usr/bin/python3
[4.040s] -- Found geometry_msgs: 2.0.5 (/opt/ros/foxy/share/geometry_msgs/cmake)
[4.181s] -- Using all available rosidl_typesupport_c: rosidl_typesupport_fastrtps_c;rosidl_typesupport_introspection_c
[4.213s] -- Found rosidl_adapter: 1.3.1 (/opt/ros/foxy/share/rosidl_adapter/cmake)
[4.670s] -- Found OpenSSL: /usr/lib/aarch64-linux-gnu/libcrypto.so (found version "1.1.1f")  
[4.804s] -- Found FastRTPS: /opt/ros/foxy/include  
[5.173s] -- Using all available rosidl_typesupport_cpp: rosidl_typesupport_fastrtps_cpp;rosidl_typesupport_introspection_cpp
[5.581s] -- Found rclcpp: 2.4.3 (/opt/ros/foxy/share/rclcpp/cmake)
[5.786s] -- Found rmw_implementation_cmake: 1.0.4 (/opt/ros/foxy/share/rmw_implementation_cmake/cmake)
[5.792s] -- Using RMW implementation 'rmw_fastrtps_cpp' as default
[5.796s] -- Looking for pthread.h
[6.219s] -- Looking for pthread.h - found
[6.221s] -- Performing Test CMAKE_HAVE_LIBC_PTHREAD
[6.653s] -- Performing Test CMAKE_HAVE_LIBC_PTHREAD - Failed
[6.654s] -- Looking for pthread_create in pthreads
[7.008s] -- Looking for pthread_create in pthreads - not found
[7.009s] -- Looking for pthread_create in pthread
[7.419s] -- Looking for pthread_create in pthread - found
[7.426s] -- Found Threads: TRUE  
[8.036s] -- Found rclcpp_components: 2.4.3 (/opt/ros/foxy/share/rclcpp_components/cmake)
[8.291s] -- Found rviz_common: 8.2.8 (/opt/ros/foxy/share/rviz_common/cmake)
[8.361s] -- Setting OGRE_DIR to: '/opt/ros/foxy/share/rviz_ogre_vendor/cmake/../../../opt/rviz_ogre_vendor/lib/OGRE/cmake'
[8.374s] -- Found OGRE
[8.375s] --   static     : OFF
[8.376s] --   components : HLMS;MeshLodGenerator;Overlay;Paging;Property;RTShaderSystem;Terrain;Volume
[8.376s] --   plugins    : Plugin_BSPSceneManager;Plugin_OctreeSceneManager;Plugin_PCZSceneManager;Plugin_ParticleFX;RenderSystem_GL;RenderSystem_GL3Plus;Codec_STBI
[8.376s] --   media      : /opt/ros/foxy/opt/rviz_ogre_vendor/share/OGRE/Media
[8.377s] -- OGRE_LIBRARIES: OgreHLMS;OgreMeshLodGenerator;OgreOverlay;OgrePaging;OgreProperty;OgreRTShaderSystem;OgreTerrain;OgreVolume;OgreMain
[8.378s] -- OGRE_LIBRARY_DIRS: /opt/ros/foxy/opt/rviz_ogre_vendor/lib
[8.378s] -- OGRE_PLUGINS: Plugin_BSPSceneManager;Plugin_OctreeSceneManager;Plugin_PCZSceneManager;Plugin_ParticleFX;RenderSystem_GL;RenderSystem_GL3Plus;Codec_STBI
[8.378s] -- OGRE_PLUGIN_DIR: /opt/ros/foxy/opt/rviz_ogre_vendor/lib/OGRE
[8.379s] -- rviz_ogre_vendor::OgreOverlay for IMPORTED_LOCATION_RELEASE: /opt/ros/foxy/opt/rviz_ogre_vendor/lib/libOgreOverlay.so
[8.379s] -- rviz_ogre_vendor::OgreOverlay for IMPORTED_LOCATION_DEBUG: /opt/ros/foxy/opt/rviz_ogre_vendor/lib/libOgreOverlay.so
[8.380s] -- rviz_ogre_vendor::OgreMain for IMPORTED_LOCATION_RELEASE: /opt/ros/foxy/opt/rviz_ogre_vendor/lib/libOgreMain.so
[8.380s] -- rviz_ogre_vendor::OgreMain for IMPORTED_LOCATION_DEBUG: /opt/ros/foxy/opt/rviz_ogre_vendor/lib/libOgreMain.so
[8.383s] -- Could not find freeimage library
[8.471s] -- Found ZLIB: /usr/lib/aarch64-linux-gnu/libz.so (found version "1.2.11") 
[8.492s] -- Found OpenGL: /usr/lib/aarch64-linux-gnu/libOpenGL.so   
[9.022s] -- Found X11: /usr/include   
[9.023s] -- Looking for XOpenDisplay in /usr/lib/aarch64-linux-gnu/libX11.so;/usr/lib/aarch64-linux-gnu/libXext.so
[9.457s] -- Looking for XOpenDisplay in /usr/lib/aarch64-linux-gnu/libX11.so;/usr/lib/aarch64-linux-gnu/libXext.so - found
[9.458s] -- Looking for gethostbyname
[9.861s] -- Looking for gethostbyname - found
[9.862s] -- Looking for connect
[10.267s] -- Looking for connect - found
[10.269s] -- Looking for remove
[10.672s] -- Looking for remove - found
[10.673s] -- Looking for shmat
[11.079s] -- Looking for shmat - found
[11.080s] -- Looking for IceConnectionNumber in ICE
[11.486s] -- Looking for IceConnectionNumber in ICE - found
[11.500s] -- rviz_ogre_vendor::RenderSystem_GL for IMPORTED_LOCATION_RELEASE: _render_system_gl_static_library_abs-NOTFOUND
[11.500s] -- rviz_ogre_vendor::RenderSystem_GL for IMPORTED_LOCATION_DEBUG: _render_system_gl_static_library_abs-NOTFOUND
[11.521s] -- library: libassimp.so.5
[12.006s] -- library: /usr/lib/aarch64-linux-gnu/libcurl.so
[12.617s] -- Found Eigen3: TRUE (found version "3.3.7") 
[14.100s] -- Setting yaml-cpp_DIR to: '/opt/ros/foxy/share/yaml_cpp_vendor/cmake/../../../opt/yaml_cpp_vendor/lib/cmake/yaml-cpp'
[14.118s] -- Found rviz_default_plugins: 8.2.8 (/opt/ros/foxy/share/rviz_default_plugins/cmake)
[16.044s] -- Found std_srvs: 2.0.5 (/opt/ros/foxy/share/std_srvs/cmake)
[16.116s] -- Found tf2_eigen: 0.13.14 (/opt/ros/foxy/share/tf2_eigen/cmake)
[16.464s] -- Configuring done
[16.792s] -- Generating done
[16.805s] -- Build files have been written to: /home/amr_1/agv_gui/build/agv_gui
[16.863s] Invoked command in '/home/amr_1/agv_gui/build/agv_gui' returned '0': CMAKE_PREFIX_PATH=${CMAKE_PREFIX_PATH}:/opt/ros/foxy /usr/bin/cmake /home/amr_1/agv_gui/src/agv_gui -G CodeBlocks - Unix Makefiles -DCMAKE_BUILD_TYPE=Debug -DCMAKE_INSTALL_PREFIX=/home/amr_1/agv_gui/install/agv_gui
[16.872s] Invoking command in '/home/amr_1/agv_gui/build/agv_gui': CMAKE_PREFIX_PATH=${CMAKE_PREFIX_PATH}:/opt/ros/foxy /usr/bin/cmake --build /home/amr_1/agv_gui/build/agv_gui -- -j6 -l6
[17.119s] Scanning dependencies of target agv_gui_autogen
[17.173s] [ 20%] Automatic MOC and UIC for target agv_gui
[17.261s] 
[17.262s] AutoMoc error
[17.262s] -------------
[17.263s] "SRC:/src/main_gui.cpp"
[17.263s] contains a "Q_OBJECT" macro, but does not include "main_gui.moc"!
[17.263s] Consider to
[17.264s]   - add #include "main_gui.moc"
[17.264s]   - enable SKIP_AUTOMOC for this file
[17.264s] 
[17.266s] make[2]: *** [CMakeFiles/agv_gui_autogen.dir/build.make:58: CMakeFiles/agv_gui_autogen] Error 1
[17.267s] make[1]: *** [CMakeFiles/Makefile2:160: CMakeFiles/agv_gui_autogen.dir/all] Error 2
[17.268s] make: *** [Makefile:141: all] Error 2
[17.280s] Invoked command in '/home/amr_1/agv_gui/build/agv_gui' returned '2': CMAKE_PREFIX_PATH=${CMAKE_PREFIX_PATH}:/opt/ros/foxy /usr/bin/cmake --build /home/amr_1/agv_gui/build/agv_gui -- -j6 -l6
