[0.782s] Invoking command in '/home/colin/agv_gui/build/amr_v4_msgs_srvs': CMAKE_PREFIX_PATH=${CMAKE_PREFIX_PATH}:/opt/ros/galactic /usr/bin/cmake --build /home/colin/agv_gui/build/amr_v4_msgs_srvs -- -j6 -l6
[1.099s] [  1%] Built target amr_v4_msgs_srvs__cpp
[1.101s] [ 12%] Built target amr_v4_msgs_srvs__rosidl_generator_c
[1.240s] [ 32%] Built target amr_v4_msgs_srvs__rosidl_typesupport_cpp
[1.241s] [ 34%] Built target amr_v4_msgs_srvs__rosidl_typesupport_introspection_cpp
[1.244s] [ 45%] Built target amr_v4_msgs_srvs__rosidl_typesupport_introspection_c
[1.267s] [ 56%] Built target amr_v4_msgs_srvs__rosidl_typesupport_c
[1.272s] [ 67%] Built target amr_v4_msgs_srvs__rosidl_typesupport_fastrtps_cpp
[1.418s] [ 78%] Built target amr_v4_msgs_srvs__rosidl_typesupport_fastrtps_c
[1.532s] [ 78%] Built target amr_v4_msgs_srvs
[1.647s] [ 80%] Built target amr_v4_msgs_srvs__py
[1.798s] [ 89%] Built target amr_v4_msgs_srvs__python
[1.948s] [ 96%] Built target amr_v4_msgs_srvs__rosidl_typesupport_fastrtps_c__pyext
[1.949s] [ 96%] Built target amr_v4_msgs_srvs__rosidl_typesupport_introspection_c__pyext
[1.957s] [100%] Built target amr_v4_msgs_srvs__rosidl_typesupport_c__pyext
[2.025s] Invoked command in '/home/colin/agv_gui/build/amr_v4_msgs_srvs' returned '0': CMAKE_PREFIX_PATH=${CMAKE_PREFIX_PATH}:/opt/ros/galactic /usr/bin/cmake --build /home/colin/agv_gui/build/amr_v4_msgs_srvs -- -j6 -l6
[2.701s] Invoking command in '/home/colin/agv_gui/build/amr_v4_msgs_srvs': CMAKE_PREFIX_PATH=${CMAKE_PREFIX_PATH}:/opt/ros/galactic /usr/bin/cmake --install /home/colin/agv_gui/build/amr_v4_msgs_srvs
[2.750s] -- Install configuration: ""
[2.752s] -- Up-to-date: /home/colin/agv_gui/install/amr_v4_msgs_srvs/share/ament_index/resource_index/rosidl_interfaces/amr_v4_msgs_srvs
[2.753s] -- Up-to-date: /home/colin/agv_gui/install/amr_v4_msgs_srvs/include/amr_v4_msgs_srvs
[2.754s] -- Up-to-date: /home/colin/agv_gui/install/amr_v4_msgs_srvs/include/amr_v4_msgs_srvs/msg
[2.755s] -- Up-to-date: /home/colin/agv_gui/install/amr_v4_msgs_srvs/include/amr_v4_msgs_srvs/msg/detail
[2.756s] -- Up-to-date: /home/colin/agv_gui/install/amr_v4_msgs_srvs/include/amr_v4_msgs_srvs/msg/detail/robot__functions.h
[2.757s] -- Up-to-date: /home/colin/agv_gui/install/amr_v4_msgs_srvs/include/amr_v4_msgs_srvs/msg/detail/pin__struct.h
[2.758s] -- Up-to-date: /home/colin/agv_gui/install/amr_v4_msgs_srvs/include/amr_v4_msgs_srvs/msg/detail/motor__struct.h
[2.759s] -- Up-to-date: /home/colin/agv_gui/install/amr_v4_msgs_srvs/include/amr_v4_msgs_srvs/msg/detail/motor__functions.h
[2.759s] -- Up-to-date: /home/colin/agv_gui/install/amr_v4_msgs_srvs/include/amr_v4_msgs_srvs/msg/detail/pin__functions.c
[2.760s] -- Up-to-date: /home/colin/agv_gui/install/amr_v4_msgs_srvs/include/amr_v4_msgs_srvs/msg/detail/motor__functions.c
[2.761s] -- Up-to-date: /home/colin/agv_gui/install/amr_v4_msgs_srvs/include/amr_v4_msgs_srvs/msg/detail/robot__struct.h
[2.761s] -- Up-to-date: /home/colin/agv_gui/install/amr_v4_msgs_srvs/include/amr_v4_msgs_srvs/msg/detail/motor__type_support.h
[2.762s] -- Up-to-date: /home/colin/agv_gui/install/amr_v4_msgs_srvs/include/amr_v4_msgs_srvs/msg/detail/robot__functions.c
[2.762s] -- Up-to-date: /home/colin/agv_gui/install/amr_v4_msgs_srvs/include/amr_v4_msgs_srvs/msg/detail/pin__functions.h
[2.763s] -- Up-to-date: /home/colin/agv_gui/install/amr_v4_msgs_srvs/include/amr_v4_msgs_srvs/msg/detail/robot__type_support.h
[2.764s] -- Up-to-date: /home/colin/agv_gui/install/amr_v4_msgs_srvs/include/amr_v4_msgs_srvs/msg/detail/pin__type_support.h
[2.764s] -- Up-to-date: /home/colin/agv_gui/install/amr_v4_msgs_srvs/include/amr_v4_msgs_srvs/msg/motor.h
[2.766s] -- Up-to-date: /home/colin/agv_gui/install/amr_v4_msgs_srvs/include/amr_v4_msgs_srvs/msg/robot.h
[2.767s] -- Up-to-date: /home/colin/agv_gui/install/amr_v4_msgs_srvs/include/amr_v4_msgs_srvs/msg/rosidl_generator_c__visibility_control.h
[2.768s] -- Up-to-date: /home/colin/agv_gui/install/amr_v4_msgs_srvs/include/amr_v4_msgs_srvs/msg/pin.h
[2.768s] -- Up-to-date: /home/colin/agv_gui/install/amr_v4_msgs_srvs/include/amr_v4_msgs_srvs/srv
[2.772s] -- Up-to-date: /home/colin/agv_gui/install/amr_v4_msgs_srvs/include/amr_v4_msgs_srvs/srv/detail
[2.772s] -- Up-to-date: /home/colin/agv_gui/install/amr_v4_msgs_srvs/include/amr_v4_msgs_srvs/srv/detail/testserv__struct.h
[2.773s] -- Up-to-date: /home/colin/agv_gui/install/amr_v4_msgs_srvs/include/amr_v4_msgs_srvs/srv/detail/testserv__type_support.h
[2.774s] -- Up-to-date: /home/colin/agv_gui/install/amr_v4_msgs_srvs/include/amr_v4_msgs_srvs/srv/detail/testserv__functions.c
[2.774s] -- Up-to-date: /home/colin/agv_gui/install/amr_v4_msgs_srvs/include/amr_v4_msgs_srvs/srv/detail/testserv__functions.h
[2.775s] -- Up-to-date: /home/colin/agv_gui/install/amr_v4_msgs_srvs/include/amr_v4_msgs_srvs/srv/testserv.h
[2.775s] -- Up-to-date: /home/colin/agv_gui/install/amr_v4_msgs_srvs/share/amr_v4_msgs_srvs/environment/library_path.sh
[2.776s] -- Up-to-date: /home/colin/agv_gui/install/amr_v4_msgs_srvs/share/amr_v4_msgs_srvs/environment/library_path.dsv
[2.776s] -- Up-to-date: /home/colin/agv_gui/install/amr_v4_msgs_srvs/lib/libamr_v4_msgs_srvs__rosidl_generator_c.so
[2.777s] -- Up-to-date: /home/colin/agv_gui/install/amr_v4_msgs_srvs/include/amr_v4_msgs_srvs
[2.777s] -- Up-to-date: /home/colin/agv_gui/install/amr_v4_msgs_srvs/include/amr_v4_msgs_srvs/msg
[2.778s] -- Up-to-date: /home/colin/agv_gui/install/amr_v4_msgs_srvs/include/amr_v4_msgs_srvs/msg/detail
[2.779s] -- Up-to-date: /home/colin/agv_gui/install/amr_v4_msgs_srvs/include/amr_v4_msgs_srvs/msg/detail/motor__rosidl_typesupport_fastrtps_c.h
[2.780s] -- Up-to-date: /home/colin/agv_gui/install/amr_v4_msgs_srvs/include/amr_v4_msgs_srvs/msg/detail/robot__rosidl_typesupport_fastrtps_c.h
[2.781s] -- Up-to-date: /home/colin/agv_gui/install/amr_v4_msgs_srvs/include/amr_v4_msgs_srvs/msg/detail/pin__rosidl_typesupport_fastrtps_c.h
[2.782s] -- Up-to-date: /home/colin/agv_gui/install/amr_v4_msgs_srvs/include/amr_v4_msgs_srvs/msg/rosidl_typesupport_fastrtps_c__visibility_control.h
[2.783s] -- Up-to-date: /home/colin/agv_gui/install/amr_v4_msgs_srvs/include/amr_v4_msgs_srvs/srv
[2.783s] -- Up-to-date: /home/colin/agv_gui/install/amr_v4_msgs_srvs/include/amr_v4_msgs_srvs/srv/detail
[2.784s] -- Up-to-date: /home/colin/agv_gui/install/amr_v4_msgs_srvs/include/amr_v4_msgs_srvs/srv/detail/testserv__rosidl_typesupport_fastrtps_c.h
[2.784s] -- Up-to-date: /home/colin/agv_gui/install/amr_v4_msgs_srvs/lib/libamr_v4_msgs_srvs__rosidl_typesupport_fastrtps_c.so
[2.785s] -- Up-to-date: /home/colin/agv_gui/install/amr_v4_msgs_srvs/include/amr_v4_msgs_srvs
[2.785s] -- Up-to-date: /home/colin/agv_gui/install/amr_v4_msgs_srvs/include/amr_v4_msgs_srvs/msg
[2.786s] -- Up-to-date: /home/colin/agv_gui/install/amr_v4_msgs_srvs/include/amr_v4_msgs_srvs/msg/detail
[2.786s] -- Up-to-date: /home/colin/agv_gui/install/amr_v4_msgs_srvs/include/amr_v4_msgs_srvs/msg/detail/robot__rosidl_typesupport_fastrtps_cpp.hpp
[2.787s] -- Up-to-date: /home/colin/agv_gui/install/amr_v4_msgs_srvs/include/amr_v4_msgs_srvs/msg/detail/pin__rosidl_typesupport_fastrtps_cpp.hpp
[2.788s] -- Up-to-date: /home/colin/agv_gui/install/amr_v4_msgs_srvs/include/amr_v4_msgs_srvs/msg/detail/dds_fastrtps
[2.788s] -- Up-to-date: /home/colin/agv_gui/install/amr_v4_msgs_srvs/include/amr_v4_msgs_srvs/msg/detail/motor__rosidl_typesupport_fastrtps_cpp.hpp
[2.789s] -- Up-to-date: /home/colin/agv_gui/install/amr_v4_msgs_srvs/include/amr_v4_msgs_srvs/msg/rosidl_typesupport_fastrtps_cpp__visibility_control.h
[2.789s] -- Up-to-date: /home/colin/agv_gui/install/amr_v4_msgs_srvs/include/amr_v4_msgs_srvs/srv
[2.791s] -- Up-to-date: /home/colin/agv_gui/install/amr_v4_msgs_srvs/include/amr_v4_msgs_srvs/srv/detail
[2.791s] -- Up-to-date: /home/colin/agv_gui/install/amr_v4_msgs_srvs/include/amr_v4_msgs_srvs/srv/detail/dds_fastrtps
[2.792s] -- Up-to-date: /home/colin/agv_gui/install/amr_v4_msgs_srvs/include/amr_v4_msgs_srvs/srv/detail/testserv__rosidl_typesupport_fastrtps_cpp.hpp
[2.793s] -- Up-to-date: /home/colin/agv_gui/install/amr_v4_msgs_srvs/lib/libamr_v4_msgs_srvs__rosidl_typesupport_fastrtps_cpp.so
[2.794s] -- Up-to-date: /home/colin/agv_gui/install/amr_v4_msgs_srvs/include/amr_v4_msgs_srvs
[2.795s] -- Up-to-date: /home/colin/agv_gui/install/amr_v4_msgs_srvs/include/amr_v4_msgs_srvs/msg
[2.796s] -- Up-to-date: /home/colin/agv_gui/install/amr_v4_msgs_srvs/include/amr_v4_msgs_srvs/msg/detail
[2.796s] -- Up-to-date: /home/colin/agv_gui/install/amr_v4_msgs_srvs/include/amr_v4_msgs_srvs/msg/detail/robot__type_support.c
[2.797s] -- Up-to-date: /home/colin/agv_gui/install/amr_v4_msgs_srvs/include/amr_v4_msgs_srvs/msg/detail/pin__rosidl_typesupport_introspection_c.h
[2.798s] -- Up-to-date: /home/colin/agv_gui/install/amr_v4_msgs_srvs/include/amr_v4_msgs_srvs/msg/detail/pin__type_support.c
[2.798s] -- Up-to-date: /home/colin/agv_gui/install/amr_v4_msgs_srvs/include/amr_v4_msgs_srvs/msg/detail/motor__rosidl_typesupport_introspection_c.h
[2.799s] -- Up-to-date: /home/colin/agv_gui/install/amr_v4_msgs_srvs/include/amr_v4_msgs_srvs/msg/detail/robot__rosidl_typesupport_introspection_c.h
[2.799s] -- Up-to-date: /home/colin/agv_gui/install/amr_v4_msgs_srvs/include/amr_v4_msgs_srvs/msg/detail/motor__type_support.c
[2.800s] -- Up-to-date: /home/colin/agv_gui/install/amr_v4_msgs_srvs/include/amr_v4_msgs_srvs/msg/rosidl_typesupport_introspection_c__visibility_control.h
[2.800s] -- Up-to-date: /home/colin/agv_gui/install/amr_v4_msgs_srvs/include/amr_v4_msgs_srvs/srv
[2.801s] -- Up-to-date: /home/colin/agv_gui/install/amr_v4_msgs_srvs/include/amr_v4_msgs_srvs/srv/detail
[2.801s] -- Up-to-date: /home/colin/agv_gui/install/amr_v4_msgs_srvs/include/amr_v4_msgs_srvs/srv/detail/testserv__rosidl_typesupport_introspection_c.h
[2.801s] -- Up-to-date: /home/colin/agv_gui/install/amr_v4_msgs_srvs/include/amr_v4_msgs_srvs/srv/detail/testserv__type_support.c
[2.802s] -- Up-to-date: /home/colin/agv_gui/install/amr_v4_msgs_srvs/lib/libamr_v4_msgs_srvs__rosidl_typesupport_introspection_c.so
[2.803s] -- Up-to-date: /home/colin/agv_gui/install/amr_v4_msgs_srvs/lib/libamr_v4_msgs_srvs__rosidl_typesupport_c.so
[2.803s] -- Up-to-date: /home/colin/agv_gui/install/amr_v4_msgs_srvs/include/amr_v4_msgs_srvs
[2.804s] -- Up-to-date: /home/colin/agv_gui/install/amr_v4_msgs_srvs/include/amr_v4_msgs_srvs/msg
[2.805s] -- Up-to-date: /home/colin/agv_gui/install/amr_v4_msgs_srvs/include/amr_v4_msgs_srvs/msg/detail
[2.805s] -- Up-to-date: /home/colin/agv_gui/install/amr_v4_msgs_srvs/include/amr_v4_msgs_srvs/msg/detail/motor__struct.hpp
[2.805s] -- Up-to-date: /home/colin/agv_gui/install/amr_v4_msgs_srvs/include/amr_v4_msgs_srvs/msg/detail/robot__struct.hpp
[2.806s] -- Up-to-date: /home/colin/agv_gui/install/amr_v4_msgs_srvs/include/amr_v4_msgs_srvs/msg/detail/pin__builder.hpp
[2.806s] -- Up-to-date: /home/colin/agv_gui/install/amr_v4_msgs_srvs/include/amr_v4_msgs_srvs/msg/detail/motor__builder.hpp
[2.807s] -- Up-to-date: /home/colin/agv_gui/install/amr_v4_msgs_srvs/include/amr_v4_msgs_srvs/msg/detail/pin__struct.hpp
[2.807s] -- Up-to-date: /home/colin/agv_gui/install/amr_v4_msgs_srvs/include/amr_v4_msgs_srvs/msg/detail/robot__builder.hpp
[2.808s] -- Up-to-date: /home/colin/agv_gui/install/amr_v4_msgs_srvs/include/amr_v4_msgs_srvs/msg/detail/pin__traits.hpp
[2.808s] -- Up-to-date: /home/colin/agv_gui/install/amr_v4_msgs_srvs/include/amr_v4_msgs_srvs/msg/detail/motor__traits.hpp
[2.809s] -- Up-to-date: /home/colin/agv_gui/install/amr_v4_msgs_srvs/include/amr_v4_msgs_srvs/msg/detail/robot__traits.hpp
[2.809s] -- Up-to-date: /home/colin/agv_gui/install/amr_v4_msgs_srvs/include/amr_v4_msgs_srvs/msg/pin.hpp
[2.810s] -- Up-to-date: /home/colin/agv_gui/install/amr_v4_msgs_srvs/include/amr_v4_msgs_srvs/msg/robot.hpp
[2.810s] -- Up-to-date: /home/colin/agv_gui/install/amr_v4_msgs_srvs/include/amr_v4_msgs_srvs/msg/motor.hpp
[2.810s] -- Up-to-date: /home/colin/agv_gui/install/amr_v4_msgs_srvs/include/amr_v4_msgs_srvs/srv
[2.811s] -- Up-to-date: /home/colin/agv_gui/install/amr_v4_msgs_srvs/include/amr_v4_msgs_srvs/srv/detail
[2.811s] -- Up-to-date: /home/colin/agv_gui/install/amr_v4_msgs_srvs/include/amr_v4_msgs_srvs/srv/detail/testserv__builder.hpp
[2.812s] -- Up-to-date: /home/colin/agv_gui/install/amr_v4_msgs_srvs/include/amr_v4_msgs_srvs/srv/detail/testserv__struct.hpp
[2.812s] -- Up-to-date: /home/colin/agv_gui/install/amr_v4_msgs_srvs/include/amr_v4_msgs_srvs/srv/detail/testserv__traits.hpp
[2.812s] -- Up-to-date: /home/colin/agv_gui/install/amr_v4_msgs_srvs/include/amr_v4_msgs_srvs/srv/testserv.hpp
[2.813s] -- Up-to-date: /home/colin/agv_gui/install/amr_v4_msgs_srvs/include/amr_v4_msgs_srvs
[2.813s] -- Up-to-date: /home/colin/agv_gui/install/amr_v4_msgs_srvs/include/amr_v4_msgs_srvs/msg
[2.814s] -- Up-to-date: /home/colin/agv_gui/install/amr_v4_msgs_srvs/include/amr_v4_msgs_srvs/msg/detail
[2.814s] -- Up-to-date: /home/colin/agv_gui/install/amr_v4_msgs_srvs/include/amr_v4_msgs_srvs/msg/detail/robot__rosidl_typesupport_introspection_cpp.hpp
[2.815s] -- Up-to-date: /home/colin/agv_gui/install/amr_v4_msgs_srvs/include/amr_v4_msgs_srvs/msg/detail/motor__rosidl_typesupport_introspection_cpp.hpp
[2.815s] -- Up-to-date: /home/colin/agv_gui/install/amr_v4_msgs_srvs/include/amr_v4_msgs_srvs/msg/detail/motor__type_support.cpp
[2.815s] -- Up-to-date: /home/colin/agv_gui/install/amr_v4_msgs_srvs/include/amr_v4_msgs_srvs/msg/detail/robot__type_support.cpp
[2.816s] -- Up-to-date: /home/colin/agv_gui/install/amr_v4_msgs_srvs/include/amr_v4_msgs_srvs/msg/detail/pin__rosidl_typesupport_introspection_cpp.hpp
[2.816s] -- Up-to-date: /home/colin/agv_gui/install/amr_v4_msgs_srvs/include/amr_v4_msgs_srvs/msg/detail/pin__type_support.cpp
[2.817s] -- Up-to-date: /home/colin/agv_gui/install/amr_v4_msgs_srvs/include/amr_v4_msgs_srvs/srv
[2.817s] -- Up-to-date: /home/colin/agv_gui/install/amr_v4_msgs_srvs/include/amr_v4_msgs_srvs/srv/detail
[2.818s] -- Up-to-date: /home/colin/agv_gui/install/amr_v4_msgs_srvs/include/amr_v4_msgs_srvs/srv/detail/testserv__type_support.cpp
[2.818s] -- Up-to-date: /home/colin/agv_gui/install/amr_v4_msgs_srvs/include/amr_v4_msgs_srvs/srv/detail/testserv__rosidl_typesupport_introspection_cpp.hpp
[2.819s] -- Up-to-date: /home/colin/agv_gui/install/amr_v4_msgs_srvs/lib/libamr_v4_msgs_srvs__rosidl_typesupport_introspection_cpp.so
[2.819s] -- Up-to-date: /home/colin/agv_gui/install/amr_v4_msgs_srvs/lib/libamr_v4_msgs_srvs__rosidl_typesupport_cpp.so
[2.819s] -- Up-to-date: /home/colin/agv_gui/install/amr_v4_msgs_srvs/share/amr_v4_msgs_srvs/environment/pythonpath.sh
[2.820s] -- Up-to-date: /home/colin/agv_gui/install/amr_v4_msgs_srvs/share/amr_v4_msgs_srvs/environment/pythonpath.dsv
[2.820s] -- Up-to-date: /home/colin/agv_gui/install/amr_v4_msgs_srvs/lib/python3.8/site-packages/amr_v4_msgs_srvs/__init__.py
[2.985s] -- Up-to-date: /home/colin/agv_gui/install/amr_v4_msgs_srvs/lib/python3.8/site-packages/amr_v4_msgs_srvs/msg
[2.986s] -- Up-to-date: /home/colin/agv_gui/install/amr_v4_msgs_srvs/lib/python3.8/site-packages/amr_v4_msgs_srvs/msg/_motor_s.c
[2.987s] -- Up-to-date: /home/colin/agv_gui/install/amr_v4_msgs_srvs/lib/python3.8/site-packages/amr_v4_msgs_srvs/msg/_robot_s.c
[2.987s] -- Up-to-date: /home/colin/agv_gui/install/amr_v4_msgs_srvs/lib/python3.8/site-packages/amr_v4_msgs_srvs/msg/_pin_s.c
[2.987s] -- Up-to-date: /home/colin/agv_gui/install/amr_v4_msgs_srvs/lib/python3.8/site-packages/amr_v4_msgs_srvs/msg/_robot.py
[2.988s] -- Up-to-date: /home/colin/agv_gui/install/amr_v4_msgs_srvs/lib/python3.8/site-packages/amr_v4_msgs_srvs/msg/_motor.py
[2.989s] -- Up-to-date: /home/colin/agv_gui/install/amr_v4_msgs_srvs/lib/python3.8/site-packages/amr_v4_msgs_srvs/msg/_pin.py
[2.990s] -- Up-to-date: /home/colin/agv_gui/install/amr_v4_msgs_srvs/lib/python3.8/site-packages/amr_v4_msgs_srvs/msg/__init__.py
[2.990s] -- Up-to-date: /home/colin/agv_gui/install/amr_v4_msgs_srvs/lib/python3.8/site-packages/amr_v4_msgs_srvs/srv
[2.991s] -- Up-to-date: /home/colin/agv_gui/install/amr_v4_msgs_srvs/lib/python3.8/site-packages/amr_v4_msgs_srvs/srv/_testserv_s.c
[2.991s] -- Up-to-date: /home/colin/agv_gui/install/amr_v4_msgs_srvs/lib/python3.8/site-packages/amr_v4_msgs_srvs/srv/_testserv.py
[2.992s] -- Up-to-date: /home/colin/agv_gui/install/amr_v4_msgs_srvs/lib/python3.8/site-packages/amr_v4_msgs_srvs/srv/__init__.py
[2.992s] -- Up-to-date: /home/colin/agv_gui/install/amr_v4_msgs_srvs/lib/python3.8/site-packages/amr_v4_msgs_srvs/amr_v4_msgs_srvs_s__rosidl_typesupport_fastrtps_c.cpython-38-aarch64-linux-gnu.so
[2.993s] -- Up-to-date: /home/colin/agv_gui/install/amr_v4_msgs_srvs/lib/python3.8/site-packages/amr_v4_msgs_srvs/amr_v4_msgs_srvs_s__rosidl_typesupport_introspection_c.cpython-38-aarch64-linux-gnu.so
[2.996s] -- Up-to-date: /home/colin/agv_gui/install/amr_v4_msgs_srvs/lib/python3.8/site-packages/amr_v4_msgs_srvs/amr_v4_msgs_srvs_s__rosidl_typesupport_c.cpython-38-aarch64-linux-gnu.so
[3.000s] -- Up-to-date: /home/colin/agv_gui/install/amr_v4_msgs_srvs/lib/libamr_v4_msgs_srvs__python.so
[3.002s] -- Up-to-date: /home/colin/agv_gui/install/amr_v4_msgs_srvs/share/amr_v4_msgs_srvs/msg/Motor.idl
[3.003s] -- Up-to-date: /home/colin/agv_gui/install/amr_v4_msgs_srvs/share/amr_v4_msgs_srvs/msg/Robot.idl
[3.004s] -- Up-to-date: /home/colin/agv_gui/install/amr_v4_msgs_srvs/share/amr_v4_msgs_srvs/msg/Pin.idl
[3.005s] -- Up-to-date: /home/colin/agv_gui/install/amr_v4_msgs_srvs/share/amr_v4_msgs_srvs/srv/Testserv.idl
[3.005s] -- Up-to-date: /home/colin/agv_gui/install/amr_v4_msgs_srvs/share/amr_v4_msgs_srvs/msg/Motor.msg
[3.006s] -- Up-to-date: /home/colin/agv_gui/install/amr_v4_msgs_srvs/share/amr_v4_msgs_srvs/msg/Robot.msg
[3.007s] -- Up-to-date: /home/colin/agv_gui/install/amr_v4_msgs_srvs/share/amr_v4_msgs_srvs/msg/Pin.msg
[3.007s] -- Up-to-date: /home/colin/agv_gui/install/amr_v4_msgs_srvs/share/amr_v4_msgs_srvs/srv/Testserv.srv
[3.008s] -- Up-to-date: /home/colin/agv_gui/install/amr_v4_msgs_srvs/share/amr_v4_msgs_srvs/srv/Testserv_Request.msg
[3.009s] -- Up-to-date: /home/colin/agv_gui/install/amr_v4_msgs_srvs/share/amr_v4_msgs_srvs/srv/Testserv_Response.msg
[3.010s] -- Up-to-date: /home/colin/agv_gui/install/amr_v4_msgs_srvs/share/ament_index/resource_index/package_run_dependencies/amr_v4_msgs_srvs
[3.010s] -- Up-to-date: /home/colin/agv_gui/install/amr_v4_msgs_srvs/share/ament_index/resource_index/parent_prefix_path/amr_v4_msgs_srvs
[3.011s] -- Up-to-date: /home/colin/agv_gui/install/amr_v4_msgs_srvs/share/amr_v4_msgs_srvs/environment/ament_prefix_path.sh
[3.011s] -- Up-to-date: /home/colin/agv_gui/install/amr_v4_msgs_srvs/share/amr_v4_msgs_srvs/environment/ament_prefix_path.dsv
[3.012s] -- Up-to-date: /home/colin/agv_gui/install/amr_v4_msgs_srvs/share/amr_v4_msgs_srvs/environment/path.sh
[3.013s] -- Up-to-date: /home/colin/agv_gui/install/amr_v4_msgs_srvs/share/amr_v4_msgs_srvs/environment/path.dsv
[3.014s] -- Up-to-date: /home/colin/agv_gui/install/amr_v4_msgs_srvs/share/amr_v4_msgs_srvs/local_setup.bash
[3.014s] -- Up-to-date: /home/colin/agv_gui/install/amr_v4_msgs_srvs/share/amr_v4_msgs_srvs/local_setup.sh
[3.015s] -- Up-to-date: /home/colin/agv_gui/install/amr_v4_msgs_srvs/share/amr_v4_msgs_srvs/local_setup.zsh
[3.015s] -- Up-to-date: /home/colin/agv_gui/install/amr_v4_msgs_srvs/share/amr_v4_msgs_srvs/local_setup.dsv
[3.016s] -- Installing: /home/colin/agv_gui/install/amr_v4_msgs_srvs/share/amr_v4_msgs_srvs/package.dsv
[3.016s] -- Up-to-date: /home/colin/agv_gui/install/amr_v4_msgs_srvs/share/ament_index/resource_index/packages/amr_v4_msgs_srvs
[3.017s] -- Up-to-date: /home/colin/agv_gui/install/amr_v4_msgs_srvs/share/amr_v4_msgs_srvs/cmake/amr_v4_msgs_srvs__rosidl_generator_cExport.cmake
[3.018s] -- Up-to-date: /home/colin/agv_gui/install/amr_v4_msgs_srvs/share/amr_v4_msgs_srvs/cmake/amr_v4_msgs_srvs__rosidl_generator_cExport-noconfig.cmake
[3.018s] -- Up-to-date: /home/colin/agv_gui/install/amr_v4_msgs_srvs/share/amr_v4_msgs_srvs/cmake/amr_v4_msgs_srvs__rosidl_typesupport_introspection_cExport.cmake
[3.020s] -- Up-to-date: /home/colin/agv_gui/install/amr_v4_msgs_srvs/share/amr_v4_msgs_srvs/cmake/amr_v4_msgs_srvs__rosidl_typesupport_introspection_cExport-noconfig.cmake
[3.021s] -- Up-to-date: /home/colin/agv_gui/install/amr_v4_msgs_srvs/share/amr_v4_msgs_srvs/cmake/amr_v4_msgs_srvs__rosidl_typesupport_cExport.cmake
[3.022s] -- Up-to-date: /home/colin/agv_gui/install/amr_v4_msgs_srvs/share/amr_v4_msgs_srvs/cmake/amr_v4_msgs_srvs__rosidl_typesupport_cExport-noconfig.cmake
[3.022s] -- Up-to-date: /home/colin/agv_gui/install/amr_v4_msgs_srvs/share/amr_v4_msgs_srvs/cmake/amr_v4_msgs_srvs__rosidl_generator_cppExport.cmake
[3.023s] -- Up-to-date: /home/colin/agv_gui/install/amr_v4_msgs_srvs/share/amr_v4_msgs_srvs/cmake/amr_v4_msgs_srvs__rosidl_typesupport_introspection_cppExport.cmake
[3.023s] -- Up-to-date: /home/colin/agv_gui/install/amr_v4_msgs_srvs/share/amr_v4_msgs_srvs/cmake/amr_v4_msgs_srvs__rosidl_typesupport_introspection_cppExport-noconfig.cmake
[3.024s] -- Up-to-date: /home/colin/agv_gui/install/amr_v4_msgs_srvs/share/amr_v4_msgs_srvs/cmake/amr_v4_msgs_srvs__rosidl_typesupport_cppExport.cmake
[3.025s] -- Up-to-date: /home/colin/agv_gui/install/amr_v4_msgs_srvs/share/amr_v4_msgs_srvs/cmake/amr_v4_msgs_srvs__rosidl_typesupport_cppExport-noconfig.cmake
[3.025s] -- Up-to-date: /home/colin/agv_gui/install/amr_v4_msgs_srvs/share/amr_v4_msgs_srvs/cmake/rosidl_cmake-extras.cmake
[3.026s] -- Up-to-date: /home/colin/agv_gui/install/amr_v4_msgs_srvs/share/amr_v4_msgs_srvs/cmake/ament_cmake_export_dependencies-extras.cmake
[3.027s] -- Up-to-date: /home/colin/agv_gui/install/amr_v4_msgs_srvs/share/amr_v4_msgs_srvs/cmake/ament_cmake_export_libraries-extras.cmake
[3.027s] -- Up-to-date: /home/colin/agv_gui/install/amr_v4_msgs_srvs/share/amr_v4_msgs_srvs/cmake/ament_cmake_export_targets-extras.cmake
[3.028s] -- Up-to-date: /home/colin/agv_gui/install/amr_v4_msgs_srvs/share/amr_v4_msgs_srvs/cmake/ament_cmake_export_include_directories-extras.cmake
[3.028s] -- Up-to-date: /home/colin/agv_gui/install/amr_v4_msgs_srvs/share/amr_v4_msgs_srvs/cmake/rosidl_cmake_export_typesupport_libraries-extras.cmake
[3.029s] -- Up-to-date: /home/colin/agv_gui/install/amr_v4_msgs_srvs/share/amr_v4_msgs_srvs/cmake/rosidl_cmake_export_typesupport_targets-extras.cmake
[3.029s] -- Up-to-date: /home/colin/agv_gui/install/amr_v4_msgs_srvs/share/amr_v4_msgs_srvs/cmake/amr_v4_msgs_srvsConfig.cmake
[3.030s] -- Up-to-date: /home/colin/agv_gui/install/amr_v4_msgs_srvs/share/amr_v4_msgs_srvs/cmake/amr_v4_msgs_srvsConfig-version.cmake
[3.030s] -- Up-to-date: /home/colin/agv_gui/install/amr_v4_msgs_srvs/share/amr_v4_msgs_srvs/package.xml
[3.041s] Invoked command in '/home/colin/agv_gui/build/amr_v4_msgs_srvs' returned '0': CMAKE_PREFIX_PATH=${CMAKE_PREFIX_PATH}:/opt/ros/galactic /usr/bin/cmake --install /home/colin/agv_gui/build/amr_v4_msgs_srvs
