[0.090s] Invoking command in '/home/amr_1/agv_gui/build/agv_gui': CMAKE_PREFIX_PATH=${CMAKE_PREFIX_PATH}:/opt/ros/foxy /usr/bin/cmake /home/amr_1/agv_gui/src/agv_gui -G CodeBlocks - Unix Makefiles -DCMAKE_BUILD_TYPE=Debug -DCMAKE_INSTALL_PREFIX=/home/amr_1/agv_gui/install/agv_gui
[0.448s] -- The C compiler identification is GNU 9.4.0
[0.774s] -- The CXX compiler identification is GNU 9.4.0
[1.005s] -- Check for working C compiler: /usr/bin/cc
[1.414s] -- Check for working C compiler: /usr/bin/cc -- works
[1.418s] -- Detecting C compiler ABI info
[1.826s] -- Detecting C compiler ABI info - done
[1.886s] -- Detecting C compile features
[1.887s] -- Detecting C compile features - done
[1.899s] -- Check for working CXX compiler: /usr/bin/c++
[2.346s] -- Check for working CXX compiler: /usr/bin/c++ -- works
[2.351s] -- Detecting CXX compiler ABI info
[2.800s] -- Detecting CXX compiler ABI info - done
[2.857s] -- Detecting CXX compile features
[2.859s] -- Detecting CXX compile features - done
[2.871s] -- Found ament_cmake: 0.9.12 (/opt/ros/foxy/share/ament_cmake/cmake)
[2.993s] -- Found PythonInterp: /usr/bin/python3 (found suitable version "3.8.10", minimum required is "3") 
[2.994s] -- Using PYTHON_EXECUTABLE: /usr/bin/python3
[4.023s] -- Found geometry_msgs: 2.0.5 (/opt/ros/foxy/share/geometry_msgs/cmake)
[4.164s] -- Using all available rosidl_typesupport_c: rosidl_typesupport_fastrtps_c;rosidl_typesupport_introspection_c
[4.196s] -- Found rosidl_adapter: 1.3.1 (/opt/ros/foxy/share/rosidl_adapter/cmake)
[4.676s] -- Found OpenSSL: /usr/lib/aarch64-linux-gnu/libcrypto.so (found version "1.1.1f")  
[4.812s] -- Found FastRTPS: /opt/ros/foxy/include  
[5.187s] -- Using all available rosidl_typesupport_cpp: rosidl_typesupport_fastrtps_cpp;rosidl_typesupport_introspection_cpp
[5.601s] -- Found rclcpp: 2.4.3 (/opt/ros/foxy/share/rclcpp/cmake)
[5.804s] -- Found rmw_implementation_cmake: 1.0.4 (/opt/ros/foxy/share/rmw_implementation_cmake/cmake)
[5.810s] -- Using RMW implementation 'rmw_fastrtps_cpp' as default
[5.814s] -- Looking for pthread.h
[6.248s] -- Looking for pthread.h - found
[6.250s] -- Performing Test CMAKE_HAVE_LIBC_PTHREAD
[6.685s] -- Performing Test CMAKE_HAVE_LIBC_PTHREAD - Failed
[6.686s] -- Looking for pthread_create in pthreads
[7.046s] -- Looking for pthread_create in pthreads - not found
[7.047s] -- Looking for pthread_create in pthread
[7.459s] -- Looking for pthread_create in pthread - found
[7.466s] -- Found Threads: TRUE  
[8.087s] -- Found rclcpp_components: 2.4.3 (/opt/ros/foxy/share/rclcpp_components/cmake)
[8.348s] -- Found rviz_common: 8.2.8 (/opt/ros/foxy/share/rviz_common/cmake)
[8.417s] -- Setting OGRE_DIR to: '/opt/ros/foxy/share/rviz_ogre_vendor/cmake/../../../opt/rviz_ogre_vendor/lib/OGRE/cmake'
[8.430s] -- Found OGRE
[8.431s] --   static     : OFF
[8.431s] --   components : HLMS;MeshLodGenerator;Overlay;Paging;Property;RTShaderSystem;Terrain;Volume
[8.432s] --   plugins    : Plugin_BSPSceneManager;Plugin_OctreeSceneManager;Plugin_PCZSceneManager;Plugin_ParticleFX;RenderSystem_GL;RenderSystem_GL3Plus;Codec_STBI
[8.433s] --   media      : /opt/ros/foxy/opt/rviz_ogre_vendor/share/OGRE/Media
[8.433s] -- OGRE_LIBRARIES: OgreHLMS;OgreMeshLodGenerator;OgreOverlay;OgrePaging;OgreProperty;OgreRTShaderSystem;OgreTerrain;OgreVolume;OgreMain
[8.434s] -- OGRE_LIBRARY_DIRS: /opt/ros/foxy/opt/rviz_ogre_vendor/lib
[8.434s] -- OGRE_PLUGINS: Plugin_BSPSceneManager;Plugin_OctreeSceneManager;Plugin_PCZSceneManager;Plugin_ParticleFX;RenderSystem_GL;RenderSystem_GL3Plus;Codec_STBI
[8.435s] -- OGRE_PLUGIN_DIR: /opt/ros/foxy/opt/rviz_ogre_vendor/lib/OGRE
[8.435s] -- rviz_ogre_vendor::OgreOverlay for IMPORTED_LOCATION_RELEASE: /opt/ros/foxy/opt/rviz_ogre_vendor/lib/libOgreOverlay.so
[8.435s] -- rviz_ogre_vendor::OgreOverlay for IMPORTED_LOCATION_DEBUG: /opt/ros/foxy/opt/rviz_ogre_vendor/lib/libOgreOverlay.so
[8.436s] -- rviz_ogre_vendor::OgreMain for IMPORTED_LOCATION_RELEASE: /opt/ros/foxy/opt/rviz_ogre_vendor/lib/libOgreMain.so
[8.436s] -- rviz_ogre_vendor::OgreMain for IMPORTED_LOCATION_DEBUG: /opt/ros/foxy/opt/rviz_ogre_vendor/lib/libOgreMain.so
[8.439s] -- Could not find freeimage library
[8.529s] -- Found ZLIB: /usr/lib/aarch64-linux-gnu/libz.so (found version "1.2.11") 
[8.551s] -- Found OpenGL: /usr/lib/aarch64-linux-gnu/libOpenGL.so   
[9.088s] -- Found X11: /usr/include   
[9.090s] -- Looking for XOpenDisplay in /usr/lib/aarch64-linux-gnu/libX11.so;/usr/lib/aarch64-linux-gnu/libXext.so
[9.534s] -- Looking for XOpenDisplay in /usr/lib/aarch64-linux-gnu/libX11.so;/usr/lib/aarch64-linux-gnu/libXext.so - found
[9.535s] -- Looking for gethostbyname
[9.936s] -- Looking for gethostbyname - found
[9.937s] -- Looking for connect
[10.338s] -- Looking for connect - found
[10.339s] -- Looking for remove
[10.744s] -- Looking for remove - found
[10.744s] -- Looking for shmat
[11.153s] -- Looking for shmat - found
[11.154s] -- Looking for IceConnectionNumber in ICE
[11.565s] -- Looking for IceConnectionNumber in ICE - found
[11.578s] -- rviz_ogre_vendor::RenderSystem_GL for IMPORTED_LOCATION_RELEASE: _render_system_gl_static_library_abs-NOTFOUND
[11.579s] -- rviz_ogre_vendor::RenderSystem_GL for IMPORTED_LOCATION_DEBUG: _render_system_gl_static_library_abs-NOTFOUND
[11.601s] -- library: libassimp.so.5
[12.092s] -- library: /usr/lib/aarch64-linux-gnu/libcurl.so
[12.709s] -- Found Eigen3: TRUE (found version "3.3.7") 
[14.192s] -- Setting yaml-cpp_DIR to: '/opt/ros/foxy/share/yaml_cpp_vendor/cmake/../../../opt/yaml_cpp_vendor/lib/cmake/yaml-cpp'
[14.211s] -- Found rviz_default_plugins: 8.2.8 (/opt/ros/foxy/share/rviz_default_plugins/cmake)
[16.104s] -- Found std_srvs: 2.0.5 (/opt/ros/foxy/share/std_srvs/cmake)
[16.175s] -- Found tf2_eigen: 0.13.14 (/opt/ros/foxy/share/tf2_eigen/cmake)
[16.526s] -- Configuring done
[16.859s] -- Generating done
[16.872s] -- Build files have been written to: /home/amr_1/agv_gui/build/agv_gui
[16.930s] Invoked command in '/home/amr_1/agv_gui/build/agv_gui' returned '0': CMAKE_PREFIX_PATH=${CMAKE_PREFIX_PATH}:/opt/ros/foxy /usr/bin/cmake /home/amr_1/agv_gui/src/agv_gui -G CodeBlocks - Unix Makefiles -DCMAKE_BUILD_TYPE=Debug -DCMAKE_INSTALL_PREFIX=/home/amr_1/agv_gui/install/agv_gui
[16.939s] Invoking command in '/home/amr_1/agv_gui/build/agv_gui': CMAKE_PREFIX_PATH=${CMAKE_PREFIX_PATH}:/opt/ros/foxy /usr/bin/cmake --build /home/amr_1/agv_gui/build/agv_gui -- -j6 -l6
[17.188s] Scanning dependencies of target agv_gui_autogen
[17.243s] [ 20%] Automatic MOC and UIC for target agv_gui
[17.329s] 
[17.330s] AutoMoc error
[17.331s] -------------
[17.331s] "SRC:/src/mtr_node.cpp"
[17.331s] contains a "Q_OBJECT" macro, but does not include "mtr_node.moc"!
[17.332s] Consider to
[17.332s]   - add #include "mtr_node.moc"
[17.333s]   - enable SKIP_AUTOMOC for this file
[17.333s] 
[17.335s] make[2]: *** [CMakeFiles/agv_gui_autogen.dir/build.make:58: CMakeFiles/agv_gui_autogen] Error 1
[17.336s] make[1]: *** [CMakeFiles/Makefile2:160: CMakeFiles/agv_gui_autogen.dir/all] Error 2
[17.337s] make: *** [Makefile:141: all] Error 2
[17.348s] Invoked command in '/home/amr_1/agv_gui/build/agv_gui' returned '2': CMAKE_PREFIX_PATH=${CMAKE_PREFIX_PATH}:/opt/ros/foxy /usr/bin/cmake --build /home/amr_1/agv_gui/build/agv_gui -- -j6 -l6
